[3.149s] Invoking command in '/workspace/towen/src/motionpackage': BYOBU_DATE=%Y-%m-%d PYTHONPATH=/workspace/towen/build/motionpackage/prefix_override:/usr/lib/python3/dist-packages/colcon_core/task/python/colcon_distutils_commands:/workspace/towen/install/motionpackage/lib/python3.10/site-packages:${PYTHONPATH} /usr/bin/python3 -W ignore:setup.py install is deprecated setup.py egg_info --egg-base ../../build/motionpackage build --build-base /workspace/towen/build/motionpackage/build install --record /workspace/towen/build/motionpackage/install.log --single-version-externally-managed install_data
[3.848s] running egg_info
[3.899s] writing ../../build/motionpackage/motionpackage.egg-info/PKG-INFO
[3.902s] writing dependency_links to ../../build/motionpackage/motionpackage.egg-info/dependency_links.txt
[3.902s] writing entry points to ../../build/motionpackage/motionpackage.egg-info/entry_points.txt
[3.903s] writing requirements to ../../build/motionpackage/motionpackage.egg-info/requires.txt
[3.903s] writing top-level names to ../../build/motionpackage/motionpackage.egg-info/top_level.txt
[3.991s] reading manifest file '../../build/motionpackage/motionpackage.egg-info/SOURCES.txt'
[3.992s] adding license file 'LICENSE'
[3.995s] writing manifest file '../../build/motionpackage/motionpackage.egg-info/SOURCES.txt'
[3.995s] running build
[3.996s] running build_py
[3.996s] copying motionpackage/opencr_imu.py -> /workspace/towen/build/motionpackage/build/lib/motionpackage
[3.997s] copying motionpackage/test.py -> /workspace/towen/build/motionpackage/build/lib/motionpackage
[3.997s] copying motionpackage/__init__.py -> /workspace/towen/build/motionpackage/build/lib/motionpackage
[3.998s] copying motionpackage/import struct.py -> /workspace/towen/build/motionpackage/build/lib/motionpackage
[3.998s] copying motionpackage/walking.py -> /workspace/towen/build/motionpackage/build/lib/motionpackage
[3.999s] copying motionpackage/motionpackage.py -> /workspace/towen/build/motionpackage/build/lib/motionpackage
[4.001s] running install
[4.015s] running install_lib
[4.060s] running install_data
[4.064s] copying resource/motionpackage -> /workspace/towen/install/motionpackage/share/ament_index/resource_index/packages
[4.065s] copying package.xml -> /workspace/towen/install/motionpackage/share/motionpackage
[4.065s] running install_egg_info
[4.109s] removing '/workspace/towen/install/motionpackage/lib/python3.10/site-packages/motionpackage-0.0.0-py3.10.egg-info' (and everything under it)
[4.116s] Copying ../../build/motionpackage/motionpackage.egg-info to /workspace/towen/install/motionpackage/lib/python3.10/site-packages/motionpackage-0.0.0-py3.10.egg-info
[4.130s] running install_scripts
[4.499s] Installing motionpackage script to /workspace/towen/install/motionpackage/lib/motionpackage
[4.500s] writing list of installed files to '/workspace/towen/build/motionpackage/install.log'
