[3.032s] Invoking command in '/workspace/towen/src/imageprocess': BYOBU_DATE=%Y-%m-%d PYTHONPATH=/workspace/towen/build/imageprocess/prefix_override:/usr/lib/python3/dist-packages/colcon_core/task/python/colcon_distutils_commands:/workspace/towen/install/imageprocess/lib/python3.10/site-packages:${PYTHONPATH} /usr/bin/python3 -W ignore:setup.py install is deprecated setup.py egg_info --egg-base ../../build/imageprocess build --build-base /workspace/towen/build/imageprocess/build install --record /workspace/towen/build/imageprocess/install.log --single-version-externally-managed install_data
[3.893s] /home/work/.local/lib/python3.10/site-packages/setuptools/_distutils/dist.py:289: UserWarning: Unknown distribution option: 'tests_require'
[3.893s]   warnings.warn(msg)
[4.111s] /home/work/.local/lib/python3.10/site-packages/setuptools/dist.py:759: SetuptoolsDeprecationWarning: License classifiers are deprecated.
[4.111s] !!
[4.112s] 
[4.112s]         ********************************************************************************
[4.112s]         Please consider removing the following classifiers in favor of a SPDX license expression:
[4.112s] 
[4.112s]         License :: OSI Approved :: Apache Software License
[4.112s] 
[4.112s]         See https://packaging.python.org/en/latest/guides/writing-pyproject-toml/#license for details.
[4.113s]         ********************************************************************************
[4.113s] 
[4.113s] !!
[4.113s]   self._finalize_license_expression()
[4.441s] running egg_info
[4.508s] writing ../../build/imageprocess/imageprocess.egg-info/PKG-INFO
[4.509s] writing dependency_links to ../../build/imageprocess/imageprocess.egg-info/dependency_links.txt
[4.509s] writing entry points to ../../build/imageprocess/imageprocess.egg-info/entry_points.txt
[4.509s] writing requirements to ../../build/imageprocess/imageprocess.egg-info/requires.txt
[4.509s] writing top-level names to ../../build/imageprocess/imageprocess.egg-info/top_level.txt
[4.705s] reading manifest file '../../build/imageprocess/imageprocess.egg-info/SOURCES.txt'
[4.708s] adding license file 'LICENSE'
[4.717s] writing manifest file '../../build/imageprocess/imageprocess.egg-info/SOURCES.txt'
[4.718s] running build
[4.718s] running build_py
[4.721s] copying imageprocess/modelparameter.py -> /workspace/towen/build/imageprocess/build/lib/imageprocess
[4.721s] copying imageprocess/image_0417.py -> /workspace/towen/build/imageprocess/build/lib/imageprocess
[4.721s] copying imageprocess/dataunit.py -> /workspace/towen/build/imageprocess/build/lib/imageprocess
[4.722s] copying imageprocess/123123.py -> /workspace/towen/build/imageprocess/build/lib/imageprocess
[4.725s] copying imageprocess/image_test.py -> /workspace/towen/build/imageprocess/build/lib/imageprocess
[4.726s] copying imageprocess/image.py -> /workspace/towen/build/imageprocess/build/lib/imageprocess
[4.729s] copying imageprocess/__init__.py -> /workspace/towen/build/imageprocess/build/lib/imageprocess
[4.730s] copying imageprocess/imageprocess.py -> /workspace/towen/build/imageprocess/build/lib/imageprocess
[4.731s] copying imageprocess/camera_segment_headless.py -> /workspace/towen/build/imageprocess/build/lib/imageprocess
[4.734s] running install
[4.745s] running install_lib
[4.812s] running install_data
[4.816s] copying resource/imageprocess -> /workspace/towen/install/imageprocess/share/ament_index/resource_index/packages
[4.816s] copying package.xml -> /workspace/towen/install/imageprocess/share/imageprocess
[4.816s] running install_egg_info
[4.889s] removing '/workspace/towen/install/imageprocess/lib/python3.10/site-packages/imageprocess-0.0.0-py3.10.egg-info' (and everything under it)
[4.893s] Copying ../../build/imageprocess/imageprocess.egg-info to /workspace/towen/install/imageprocess/lib/python3.10/site-packages/imageprocess-0.0.0-py3.10.egg-info
[4.894s] running install_scripts
[5.038s] Installing image script to /workspace/towen/install/imageprocess/lib/imageprocess
[5.038s] Installing image_test script to /workspace/towen/install/imageprocess/lib/imageprocess
[5.039s] Installing imageprocess script to /workspace/towen/install/imageprocess/lib/imageprocess
[5.040s] writing list of installed files to '/workspace/towen/build/imageprocess/install.log'
[5.209s] Invoked command in '/workspace/towen/src/imageprocess' returned '0': BYOBU_DATE=%Y-%m-%d PYTHONPATH=/workspace/towen/build/imageprocess/prefix_override:/usr/lib/python3/dist-packages/colcon_core/task/python/colcon_distutils_commands:/workspace/towen/install/imageprocess/lib/python3.10/site-packages:${PYTHONPATH} /usr/bin/python3 -W ignore:setup.py install is deprecated setup.py egg_info --egg-base ../../build/imageprocess build --build-base /workspace/towen/build/imageprocess/build install --record /workspace/towen/build/imageprocess/install.log --single-version-externally-managed install_data
