[5.120s] Invoking command in '/workspace/towen/src/motionpackage': PYTHONPATH=/workspace/towen/build/motionpackage/prefix_override:/usr/lib/python3/dist-packages/colcon_core/task/python/colcon_distutils_commands:/workspace/towen/install/motionpackage/lib/python3.10/site-packages:${PYTHONPATH} /usr/bin/python3 -W ignore:setup.py install is deprecated setup.py egg_info --egg-base ../../build/motionpackage build --build-base /workspace/towen/build/motionpackage/build install --record /workspace/towen/build/motionpackage/install.log --single-version-externally-managed install_data
[6.343s] running egg_info
[6.456s] writing ../../build/motionpackage/motionpackage.egg-info/PKG-INFO
[6.464s] writing dependency_links to ../../build/motionpackage/motionpackage.egg-info/dependency_links.txt
[6.464s] writing entry points to ../../build/motionpackage/motionpackage.egg-info/entry_points.txt
[6.465s] writing requirements to ../../build/motionpackage/motionpackage.egg-info/requires.txt
[6.466s] writing top-level names to ../../build/motionpackage/motionpackage.egg-info/top_level.txt
[6.683s] reading manifest file '../../build/motionpackage/motionpackage.egg-info/SOURCES.txt'
[6.684s] adding license file 'LICENSE'
[6.687s] writing manifest file '../../build/motionpackage/motionpackage.egg-info/SOURCES.txt'
[6.688s] running build
[6.688s] running build_py
[6.695s] copying motionpackage/opencr_imu.py -> /workspace/towen/build/motionpackage/build/lib/motionpackage
[6.696s] copying motionpackage/test.py -> /workspace/towen/build/motionpackage/build/lib/motionpackage
[6.697s] copying motionpackage/__init__.py -> /workspace/towen/build/motionpackage/build/lib/motionpackage
[6.697s] copying motionpackage/import struct.py -> /workspace/towen/build/motionpackage/build/lib/motionpackage
[6.703s] copying motionpackage/walking.py -> /workspace/towen/build/motionpackage/build/lib/motionpackage
[6.703s] copying motionpackage/motionpackage.py -> /workspace/towen/build/motionpackage/build/lib/motionpackage
[6.706s] running install
[6.728s] running install_lib
[6.839s] running install_data
[6.840s] copying resource/motionpackage -> /workspace/towen/install/motionpackage/share/ament_index/resource_index/packages
[6.841s] copying package.xml -> /workspace/towen/install/motionpackage/share/motionpackage
[6.841s] running install_egg_info
[6.931s] removing '/workspace/towen/install/motionpackage/lib/python3.10/site-packages/motionpackage-0.0.0-py3.10.egg-info' (and everything under it)
[6.947s] Copying ../../build/motionpackage/motionpackage.egg-info to /workspace/towen/install/motionpackage/lib/python3.10/site-packages/motionpackage-0.0.0-py3.10.egg-info
[6.950s] running install_scripts
[7.470s] Installing motionpackage script to /workspace/towen/install/motionpackage/lib/motionpackage
[7.472s] writing list of installed files to '/workspace/towen/build/motionpackage/install.log'
[7.714s] Invoked command in '/workspace/towen/src/motionpackage' returned '0': PYTHONPATH=/workspace/towen/build/motionpackage/prefix_override:/usr/lib/python3/dist-packages/colcon_core/task/python/colcon_distutils_commands:/workspace/towen/install/motionpackage/lib/python3.10/site-packages:${PYTHONPATH} /usr/bin/python3 -W ignore:setup.py install is deprecated setup.py egg_info --egg-base ../../build/motionpackage build --build-base /workspace/towen/build/motionpackage/build install --record /workspace/towen/build/motionpackage/install.log --single-version-externally-managed install_data
