[3.318s] Invoking command in '/workspace/towen/src/imageprocess': BYOBU_DATE=%Y-%m-%d PYTHONPATH=/workspace/towen/build/imageprocess/prefix_override:/usr/lib/python3/dist-packages/colcon_core/task/python/colcon_distutils_commands:/workspace/towen/install/imageprocess/lib/python3.10/site-packages:${PYTHONPATH} /usr/bin/python3 -W ignore:setup.py install is deprecated setup.py egg_info --egg-base ../../build/imageprocess build --build-base /workspace/towen/build/imageprocess/build install --record /workspace/towen/build/imageprocess/install.log --single-version-externally-managed install_data
[3.763s] /home/work/.local/lib/python3.10/site-packages/setuptools/_distutils/dist.py:289: UserWarning: Unknown distribution option: 'tests_require'
[3.764s]   warnings.warn(msg)
[4.067s] running egg_info
[4.120s] writing ../../build/imageprocess/imageprocess.egg-info/PKG-INFO
[4.123s] writing dependency_links to ../../build/imageprocess/imageprocess.egg-info/dependency_links.txt
[4.126s] writing entry points to ../../build/imageprocess/imageprocess.egg-info/entry_points.txt
[4.127s] writing requirements to ../../build/imageprocess/imageprocess.egg-info/requires.txt
[4.128s] writing top-level names to ../../build/imageprocess/imageprocess.egg-info/top_level.txt
[4.238s] reading manifest file '../../build/imageprocess/imageprocess.egg-info/SOURCES.txt'
[4.239s] adding license file 'LICENSE'
[4.241s] writing manifest file '../../build/imageprocess/imageprocess.egg-info/SOURCES.txt'
[4.244s] running build
[4.245s] running build_py
[4.246s] copying imageprocess/modelparameter.py -> /workspace/towen/build/imageprocess/build/lib/imageprocess
[4.247s] copying imageprocess/image_0417.py -> /workspace/towen/build/imageprocess/build/lib/imageprocess
[4.248s] copying imageprocess/dataunit.py -> /workspace/towen/build/imageprocess/build/lib/imageprocess
[4.249s] copying imageprocess/123123.py -> /workspace/towen/build/imageprocess/build/lib/imageprocess
[4.250s] copying imageprocess/image_test.py -> /workspace/towen/build/imageprocess/build/lib/imageprocess
[4.251s] copying imageprocess/image.py -> /workspace/towen/build/imageprocess/build/lib/imageprocess
[4.252s] copying imageprocess/__init__.py -> /workspace/towen/build/imageprocess/build/lib/imageprocess
[4.253s] copying imageprocess/imageprocess.py -> /workspace/towen/build/imageprocess/build/lib/imageprocess
[4.254s] copying imageprocess/camera_segment_headless.py -> /workspace/towen/build/imageprocess/build/lib/imageprocess
[4.256s] running install
[4.260s] running install_lib
[4.310s] running install_data
[4.311s] copying resource/imageprocess -> /workspace/towen/install/imageprocess/share/ament_index/resource_index/packages
[4.313s] copying package.xml -> /workspace/towen/install/imageprocess/share/imageprocess
[4.314s] running install_egg_info
[4.374s] removing '/workspace/towen/install/imageprocess/lib/python3.10/site-packages/imageprocess-0.0.0-py3.10.egg-info' (and everything under it)
[4.374s] Copying ../../build/imageprocess/imageprocess.egg-info to /workspace/towen/install/imageprocess/lib/python3.10/site-packages/imageprocess-0.0.0-py3.10.egg-info
[4.374s] running install_scripts
[4.519s] Installing image script to /workspace/towen/install/imageprocess/lib/imageprocess
[4.521s] Installing image_test script to /workspace/towen/install/imageprocess/lib/imageprocess
[4.522s] Installing imageprocess script to /workspace/towen/install/imageprocess/lib/imageprocess
[4.524s] writing list of installed files to '/workspace/towen/build/imageprocess/install.log'
[5.180s] Invoked command in '/workspace/towen/src/imageprocess' returned '0': BYOBU_DATE=%Y-%m-%d PYTHONPATH=/workspace/towen/build/imageprocess/prefix_override:/usr/lib/python3/dist-packages/colcon_core/task/python/colcon_distutils_commands:/workspace/towen/install/imageprocess/lib/python3.10/site-packages:${PYTHONPATH} /usr/bin/python3 -W ignore:setup.py install is deprecated setup.py egg_info --egg-base ../../build/imageprocess build --build-base /workspace/towen/build/imageprocess/build install --record /workspace/towen/build/imageprocess/install.log --single-version-externally-managed install_data
