running egg_info
creating ../../build/wula/wula.egg-info
writing ../../build/wula/wula.egg-info/PKG-INFO
writing dependency_links to ../../build/wula/wula.egg-info/dependency_links.txt
writing entry points to ../../build/wula/wula.egg-info/entry_points.txt
writing requirements to ../../build/wula/wula.egg-info/requires.txt
writing top-level names to ../../build/wula/wula.egg-info/top_level.txt
writing manifest file '../../build/wula/wula.egg-info/SOURCES.txt'
reading manifest file '../../build/wula/wula.egg-info/SOURCES.txt'
writing manifest file '../../build/wula/wula.egg-info/SOURCES.txt'
running build
running build_py
creating /home/iclab/Desktop/humanoid/build/wula/build
creating /home/iclab/Desktop/humanoid/build/wula/build/lib
creating /home/iclab/Desktop/humanoid/build/wula/build/lib/wula
copying wula/__init__.py -> /home/iclab/Desktop/humanoid/build/wula/build/lib/wula
creating /home/iclab/Desktop/humanoid/build/wula/build/lib/wula/wl
copying wula/wl/__init__.py -> /home/iclab/Desktop/humanoid/build/wula/build/lib/wula/wl
creating /home/iclab/Desktop/humanoid/build/wula/build/lib/wula/mar
copying wula/mar/__init__.py -> /home/iclab/Desktop/humanoid/build/wula/build/lib/wula/mar
creating /home/iclab/Desktop/humanoid/build/wula/build/lib/wula/sp
copying wula/sp/__init__.py -> /home/iclab/Desktop/humanoid/build/wula/build/lib/wula/sp
copying wula/sp/SP_boson.py -> /home/iclab/Desktop/humanoid/build/wula/build/lib/wula/sp
copying wula/sp/API.py -> /home/iclab/Desktop/humanoid/build/wula/build/lib/wula/sp
creating /home/iclab/Desktop/humanoid/build/wula/build/lib/wula/bb
copying wula/bb/__init__.py -> /home/iclab/Desktop/humanoid/build/wula/build/lib/wula/bb
creating /home/iclab/Desktop/humanoid/build/wula/build/lib/wula/us
copying wula/us/__init__.py -> /home/iclab/Desktop/humanoid/build/wula/build/lib/wula/us
creating /home/iclab/Desktop/humanoid/build/wula/build/lib/wula/obs
copying wula/obs/__init__.py -> /home/iclab/Desktop/humanoid/build/wula/build/lib/wula/obs
creating /home/iclab/Desktop/humanoid/build/wula/build/lib/wula/sr
copying wula/sr/__init__.py -> /home/iclab/Desktop/humanoid/build/wula/build/lib/wula/sr
creating /home/iclab/Desktop/humanoid/build/wula/build/lib/wula/ar
copying wula/ar/__init__.py -> /home/iclab/Desktop/humanoid/build/wula/build/lib/wula/ar
running install
running install_lib
running install_data
running install_egg_info
removing '/home/iclab/Desktop/humanoid/install/wula/lib/python3.10/site-packages/wula-0.1.0-py3.10.egg-info' (and everything under it)
Copying ../../build/wula/wula.egg-info to /home/iclab/Desktop/humanoid/install/wula/lib/python3.10/site-packages/wula-0.1.0-py3.10.egg-info
running install_scripts
Installing sp_boson script to /home/iclab/Desktop/humanoid/install/wula/lib/wula
writing list of installed files to '/home/iclab/Desktop/humanoid/build/wula/install.log'
