[2.917s] Invoking command in '/home/iclab/Desktop/humanoid/src/wula': BYOBU_DATE=%Y-%m-%d PYTHONPATH=/home/iclab/Desktop/humanoid/build/wula/prefix_override:/usr/lib/python3/dist-packages/colcon_core/task/python/colcon_distutils_commands:/home/iclab/Desktop/humanoid/install/wula/lib/python3.10/site-packages:${PYTHONPATH} /usr/bin/python3 -W ignore:setup.py install is deprecated -W ignore:easy_install command is deprecated setup.py egg_info --egg-base ../../build/wula build --build-base /home/iclab/Desktop/humanoid/build/wula/build install --record /home/iclab/Desktop/humanoid/build/wula/install.log --single-version-externally-managed install_data
[3.514s] running egg_info
[3.515s] creating ../../build/wula/wula.egg-info
[3.515s] writing ../../build/wula/wula.egg-info/PKG-INFO
[3.516s] writing dependency_links to ../../build/wula/wula.egg-info/dependency_links.txt
[3.516s] writing entry points to ../../build/wula/wula.egg-info/entry_points.txt
[3.517s] writing requirements to ../../build/wula/wula.egg-info/requires.txt
[3.517s] writing top-level names to ../../build/wula/wula.egg-info/top_level.txt
[3.517s] writing manifest file '../../build/wula/wula.egg-info/SOURCES.txt'
[3.523s] reading manifest file '../../build/wula/wula.egg-info/SOURCES.txt'
[3.524s] writing manifest file '../../build/wula/wula.egg-info/SOURCES.txt'
[3.524s] running build
[3.525s] running build_py
[3.525s] creating /home/iclab/Desktop/humanoid/build/wula/build
[3.525s] creating /home/iclab/Desktop/humanoid/build/wula/build/lib
[3.525s] creating /home/iclab/Desktop/humanoid/build/wula/build/lib/wula
[3.525s] copying wula/__init__.py -> /home/iclab/Desktop/humanoid/build/wula/build/lib/wula
[3.526s] creating /home/iclab/Desktop/humanoid/build/wula/build/lib/wula/wl
[3.526s] copying wula/wl/__init__.py -> /home/iclab/Desktop/humanoid/build/wula/build/lib/wula/wl
[3.526s] creating /home/iclab/Desktop/humanoid/build/wula/build/lib/wula/mar
[3.526s] copying wula/mar/__init__.py -> /home/iclab/Desktop/humanoid/build/wula/build/lib/wula/mar
[3.526s] creating /home/iclab/Desktop/humanoid/build/wula/build/lib/wula/sp
[3.527s] copying wula/sp/__init__.py -> /home/iclab/Desktop/humanoid/build/wula/build/lib/wula/sp
[3.527s] copying wula/sp/SP_boson.py -> /home/iclab/Desktop/humanoid/build/wula/build/lib/wula/sp
[3.527s] copying wula/sp/API.py -> /home/iclab/Desktop/humanoid/build/wula/build/lib/wula/sp
[3.527s] creating /home/iclab/Desktop/humanoid/build/wula/build/lib/wula/bb
[3.527s] copying wula/bb/__init__.py -> /home/iclab/Desktop/humanoid/build/wula/build/lib/wula/bb
[3.528s] creating /home/iclab/Desktop/humanoid/build/wula/build/lib/wula/us
[3.528s] copying wula/us/__init__.py -> /home/iclab/Desktop/humanoid/build/wula/build/lib/wula/us
[3.528s] creating /home/iclab/Desktop/humanoid/build/wula/build/lib/wula/obs
[3.528s] copying wula/obs/__init__.py -> /home/iclab/Desktop/humanoid/build/wula/build/lib/wula/obs
[3.529s] creating /home/iclab/Desktop/humanoid/build/wula/build/lib/wula/sr
[3.529s] copying wula/sr/__init__.py -> /home/iclab/Desktop/humanoid/build/wula/build/lib/wula/sr
[3.531s] creating /home/iclab/Desktop/humanoid/build/wula/build/lib/wula/ar
[3.531s] copying wula/ar/__init__.py -> /home/iclab/Desktop/humanoid/build/wula/build/lib/wula/ar
[3.531s] running install
[3.532s] running install_lib
[3.536s] running install_data
[3.536s] running install_egg_info
[3.540s] removing '/home/iclab/Desktop/humanoid/install/wula/lib/python3.10/site-packages/wula-0.1.0-py3.10.egg-info' (and everything under it)
[3.541s] Copying ../../build/wula/wula.egg-info to /home/iclab/Desktop/humanoid/install/wula/lib/python3.10/site-packages/wula-0.1.0-py3.10.egg-info
[3.544s] running install_scripts
[3.589s] Installing sp_boson script to /home/iclab/Desktop/humanoid/install/wula/lib/wula
[3.591s] writing list of installed files to '/home/iclab/Desktop/humanoid/build/wula/install.log'
[3.738s] Invoked command in '/home/iclab/Desktop/humanoid/src/wula' returned '0': BYOBU_DATE=%Y-%m-%d PYTHONPATH=/home/iclab/Desktop/humanoid/build/wula/prefix_override:/usr/lib/python3/dist-packages/colcon_core/task/python/colcon_distutils_commands:/home/iclab/Desktop/humanoid/install/wula/lib/python3.10/site-packages:${PYTHONPATH} /usr/bin/python3 -W ignore:setup.py install is deprecated -W ignore:easy_install command is deprecated setup.py egg_info --egg-base ../../build/wula build --build-base /home/iclab/Desktop/humanoid/build/wula/build install --record /home/iclab/Desktop/humanoid/build/wula/install.log --single-version-externally-managed install_data
