[3.359s] Invoking command in '/workspace/towen/src/motionpackage': BYOBU_DATE=%Y-%m-%d PYTHONPATH=/workspace/towen/build/motionpackage/prefix_override:/usr/lib/python3/dist-packages/colcon_core/task/python/colcon_distutils_commands:/workspace/towen/install/motionpackage/lib/python3.10/site-packages:${PYTHONPATH} /usr/bin/python3 -W ignore:setup.py install is deprecated setup.py egg_info --egg-base ../../build/motionpackage build --build-base /workspace/towen/build/motionpackage/build install --record /workspace/towen/build/motionpackage/install.log --single-version-externally-managed install_data
[4.239s] running egg_info
[4.293s] writing ../../build/motionpackage/motionpackage.egg-info/PKG-INFO
[4.294s] writing dependency_links to ../../build/motionpackage/motionpackage.egg-info/dependency_links.txt
[4.295s] writing entry points to ../../build/motionpackage/motionpackage.egg-info/entry_points.txt
[4.296s] writing requirements to ../../build/motionpackage/motionpackage.egg-info/requires.txt
[4.297s] writing top-level names to ../../build/motionpackage/motionpackage.egg-info/top_level.txt
[4.393s] reading manifest file '../../build/motionpackage/motionpackage.egg-info/SOURCES.txt'
[4.393s] adding license file 'LICENSE'
[4.396s] writing manifest file '../../build/motionpackage/motionpackage.egg-info/SOURCES.txt'
[4.396s] running build
[4.397s] running build_py
[4.398s] copying motionpackage/opencr_imu.py -> /workspace/towen/build/motionpackage/build/lib/motionpackage
[4.399s] copying motionpackage/test.py -> /workspace/towen/build/motionpackage/build/lib/motionpackage
[4.402s] copying motionpackage/__init__.py -> /workspace/towen/build/motionpackage/build/lib/motionpackage
[4.402s] copying motionpackage/motion_0725.py -> /workspace/towen/build/motionpackage/build/lib/motionpackage
[4.402s] copying motionpackage/import struct.py -> /workspace/towen/build/motionpackage/build/lib/motionpackage
[4.402s] copying motionpackage/walking.py -> /workspace/towen/build/motionpackage/build/lib/motionpackage
[4.403s] copying motionpackage/motionpackage.py -> /workspace/towen/build/motionpackage/build/lib/motionpackage
[4.404s] running install
[4.413s] running install_lib
[4.465s] copying /workspace/towen/build/motionpackage/build/lib/motionpackage/motion_0725.py -> /workspace/towen/install/motionpackage/lib/python3.10/site-packages/motionpackage
[4.466s] byte-compiling /workspace/towen/install/motionpackage/lib/python3.10/site-packages/motionpackage/motion_0725.py to motion_0725.cpython-310.pyc
[4.485s] running install_data
[4.487s] copying resource/motionpackage -> /workspace/towen/install/motionpackage/share/ament_index/resource_index/packages
[4.488s] copying package.xml -> /workspace/towen/install/motionpackage/share/motionpackage
[4.490s] running install_egg_info
[4.550s] removing '/workspace/towen/install/motionpackage/lib/python3.10/site-packages/motionpackage-0.0.0-py3.10.egg-info' (and everything under it)
[4.550s] Copying ../../build/motionpackage/motionpackage.egg-info to /workspace/towen/install/motionpackage/lib/python3.10/site-packages/motionpackage-0.0.0-py3.10.egg-info
[4.550s] running install_scripts
[4.983s] Installing motionpackage script to /workspace/towen/install/motionpackage/lib/motionpackage
[4.985s] writing list of installed files to '/workspace/towen/build/motionpackage/install.log'
[5.119s] Invoked command in '/workspace/towen/src/motionpackage' returned '0': BYOBU_DATE=%Y-%m-%d PYTHONPATH=/workspace/towen/build/motionpackage/prefix_override:/usr/lib/python3/dist-packages/colcon_core/task/python/colcon_distutils_commands:/workspace/towen/install/motionpackage/lib/python3.10/site-packages:${PYTHONPATH} /usr/bin/python3 -W ignore:setup.py install is deprecated setup.py egg_info --egg-base ../../build/motionpackage build --build-base /workspace/towen/build/motionpackage/build install --record /workspace/towen/build/motionpackage/install.log --single-version-externally-managed install_data
