[3.556s] Invoking command in '/home/iclab/Desktop/humanoid/src/wula': BYOBU_DATE=%Y-%m-%d PYTHONPATH=/home/iclab/Desktop/humanoid/build/wula/prefix_override:/usr/lib/python3/dist-packages/colcon_core/task/python/colcon_distutils_commands:/home/iclab/Desktop/humanoid/install/wula/lib/python3.10/site-packages:${PYTHONPATH} /usr/bin/python3 -W ignore:setup.py install is deprecated -W ignore:easy_install command is deprecated setup.py egg_info --egg-base ../../build/wula build --build-base /home/iclab/Desktop/humanoid/build/wula/build install --record /home/iclab/Desktop/humanoid/build/wula/install.log --single-version-externally-managed install_data
[4.344s] running egg_info
[4.345s] writing ../../build/wula/wula.egg-info/PKG-INFO
[4.346s] writing dependency_links to ../../build/wula/wula.egg-info/dependency_links.txt
[4.346s] writing entry points to ../../build/wula/wula.egg-info/entry_points.txt
[4.347s] writing requirements to ../../build/wula/wula.egg-info/requires.txt
[4.347s] writing top-level names to ../../build/wula/wula.egg-info/top_level.txt
[4.352s] reading manifest file '../../build/wula/wula.egg-info/SOURCES.txt'
[4.355s] writing manifest file '../../build/wula/wula.egg-info/SOURCES.txt'
[4.355s] running build
[4.355s] running build_py
[4.361s] copying wula/sp/SP_boson.py -> /home/iclab/Desktop/humanoid/build/wula/build/lib/wula/sp
[4.366s] running install
[4.367s] running install_lib
[4.369s] copying /home/iclab/Desktop/humanoid/build/wula/build/lib/wula/sp/SP_boson.py -> /home/iclab/Desktop/humanoid/install/wula/lib/python3.10/site-packages/wula/sp
[4.372s] byte-compiling /home/iclab/Desktop/humanoid/install/wula/lib/python3.10/site-packages/wula/sp/SP_boson.py to SP_boson.cpython-310.pyc
[4.375s] running install_data
[4.375s] running install_egg_info
[4.380s] removing '/home/iclab/Desktop/humanoid/install/wula/lib/python3.10/site-packages/wula-0.1.0-py3.10.egg-info' (and everything under it)
[4.381s] Copying ../../build/wula/wula.egg-info to /home/iclab/Desktop/humanoid/install/wula/lib/python3.10/site-packages/wula-0.1.0-py3.10.egg-info
[4.384s] running install_scripts
[4.449s] Installing sp_boson script to /home/iclab/Desktop/humanoid/install/wula/lib/wula
[4.451s] writing list of installed files to '/home/iclab/Desktop/humanoid/build/wula/install.log'
[4.572s] Invoked command in '/home/iclab/Desktop/humanoid/src/wula' returned '0': BYOBU_DATE=%Y-%m-%d PYTHONPATH=/home/iclab/Desktop/humanoid/build/wula/prefix_override:/usr/lib/python3/dist-packages/colcon_core/task/python/colcon_distutils_commands:/home/iclab/Desktop/humanoid/install/wula/lib/python3.10/site-packages:${PYTHONPATH} /usr/bin/python3 -W ignore:setup.py install is deprecated -W ignore:easy_install command is deprecated setup.py egg_info --egg-base ../../build/wula build --build-base /home/iclab/Desktop/humanoid/build/wula/build install --record /home/iclab/Desktop/humanoid/build/wula/install.log --single-version-externally-managed install_data
