Built target ament_cmake_python_copy_rosidl_cmake
running egg_info
writing rosidl_cmake.egg-info/PKG-INFO
writing dependency_links to rosidl_cmake.egg-info/dependency_links.txt
writing top-level names to rosidl_cmake.egg-info/top_level.txt
reading manifest file 'rosidl_cmake.egg-info/SOURCES.txt'
writing manifest file 'rosidl_cmake.egg-info/SOURCES.txt'
Built target ament_cmake_python_build_rosidl_cmake_egg
-- Install configuration: ""
-- Installing: /workspace/towen/install/rosidl_cmake/share/rosidl_cmake/environment/pythonpath.sh
-- Installing: /workspace/towen/install/rosidl_cmake/share/rosidl_cmake/environment/pythonpath.dsv
-- Installing: /workspace/towen/install/rosidl_cmake/local/lib/python3.10/dist-packages/rosidl_cmake-3.1.7-py3.10.egg-info
-- Installing: /workspace/towen/install/rosidl_cmake/local/lib/python3.10/dist-packages/rosidl_cmake-3.1.7-py3.10.egg-info/PKG-INFO
-- Installing: /workspace/towen/install/rosidl_cmake/local/lib/python3.10/dist-packages/rosidl_cmake-3.1.7-py3.10.egg-info/top_level.txt
-- Installing: /workspace/towen/install/rosidl_cmake/local/lib/python3.10/dist-packages/rosidl_cmake-3.1.7-py3.10.egg-info/SOURCES.txt
-- Installing: /workspace/towen/install/rosidl_cmake/local/lib/python3.10/dist-packages/rosidl_cmake-3.1.7-py3.10.egg-info/dependency_links.txt
-- Installing: /workspace/towen/install/rosidl_cmake/local/lib/python3.10/dist-packages/rosidl_cmake
-- Installing: /workspace/towen/install/rosidl_cmake/local/lib/python3.10/dist-packages/rosidl_cmake/__init__.py
Listing '/workspace/towen/install/rosidl_cmake/local/lib/python3.10/dist-packages/rosidl_cmake'...
Compiling '/workspace/towen/install/rosidl_cmake/local/lib/python3.10/dist-packages/rosidl_cmake/__init__.py'...
-- Installing: /workspace/towen/install/rosidl_cmake/share/ament_index/resource_index/package_run_dependencies/rosidl_cmake
-- Installing: /workspace/towen/install/rosidl_cmake/share/ament_index/resource_index/parent_prefix_path/rosidl_cmake
-- Installing: /workspace/towen/install/rosidl_cmake/share/rosidl_cmake/environment/ament_prefix_path.sh
-- Installing: /workspace/towen/install/rosidl_cmake/share/rosidl_cmake/environment/ament_prefix_path.dsv
-- Installing: /workspace/towen/install/rosidl_cmake/share/rosidl_cmake/environment/path.sh
-- Installing: /workspace/towen/install/rosidl_cmake/share/rosidl_cmake/environment/path.dsv
-- Installing: /workspace/towen/install/rosidl_cmake/share/rosidl_cmake/local_setup.bash
-- Installing: /workspace/towen/install/rosidl_cmake/share/rosidl_cmake/local_setup.sh
-- Installing: /workspace/towen/install/rosidl_cmake/share/rosidl_cmake/local_setup.zsh
-- Installing: /workspace/towen/install/rosidl_cmake/share/rosidl_cmake/local_setup.dsv
-- Installing: /workspace/towen/install/rosidl_cmake/share/rosidl_cmake/package.dsv
-- Installing: /workspace/towen/install/rosidl_cmake/share/ament_index/resource_index/packages/rosidl_cmake
-- Installing: /workspace/towen/install/rosidl_cmake/share/rosidl_cmake/cmake/rosidl_cmake-extras.cmake
-- Installing: /workspace/towen/install/rosidl_cmake/share/rosidl_cmake/cmake/rosidl_cmakeConfig.cmake
-- Installing: /workspace/towen/install/rosidl_cmake/share/rosidl_cmake/cmake/rosidl_cmakeConfig-version.cmake
-- Installing: /workspace/towen/install/rosidl_cmake/share/rosidl_cmake/package.xml
-- Up-to-date: /workspace/towen/install/rosidl_cmake/share/rosidl_cmake/cmake
-- Installing: /workspace/towen/install/rosidl_cmake/share/rosidl_cmake/cmake/rosidl_get_typesupport_target.cmake
-- Installing: /workspace/towen/install/rosidl_cmake/share/rosidl_cmake/cmake/rosidl_export_typesupport_targets.cmake
-- Installing: /workspace/towen/install/rosidl_cmake/share/rosidl_cmake/cmake/rosidl_cmake_export_typesupport_libraries-extras.cmake.in
-- Installing: /workspace/towen/install/rosidl_cmake/share/rosidl_cmake/cmake/rosidl_cmake_export_typesupport_libraries_package_hook.cmake
-- Installing: /workspace/towen/install/rosidl_cmake/share/rosidl_cmake/cmake/rosidl_cmake_export_typesupport_targets-extras.cmake.in
-- Installing: /workspace/towen/install/rosidl_cmake/share/rosidl_cmake/cmake/rosidl_target_interfaces.cmake
-- Installing: /workspace/towen/install/rosidl_cmake/share/rosidl_cmake/cmake/rosidl_cmake_package_hook.cmake
-- Installing: /workspace/towen/install/rosidl_cmake/share/rosidl_cmake/cmake/string_camel_case_to_lower_case_underscore.cmake
-- Installing: /workspace/towen/install/rosidl_cmake/share/rosidl_cmake/cmake/rosidl_export_typesupport_libraries.cmake
-- Installing: /workspace/towen/install/rosidl_cmake/share/rosidl_cmake/cmake/rosidl_cmake-extras.cmake.in
-- Installing: /workspace/towen/install/rosidl_cmake/share/rosidl_cmake/cmake/rosidl_cmake_export_typesupport_targets_package_hook.cmake
-- Installing: /workspace/towen/install/rosidl_cmake/share/rosidl_cmake/cmake/rosidl_generate_interfaces.cmake
-- Installing: /workspace/towen/install/rosidl_cmake/share/rosidl_cmake/cmake/rosidl_write_generator_arguments.cmake
