[0.210s] Invoking command in '/workspace/towen/build/rosidl_cmake': AMENT_PREFIX_PATH=/workspace/towen/install/rosidl_parser:/workspace/towen/install/rosidl_adapter:/workspace/towen/install/rosidl_cli:${AMENT_PREFIX_PATH} BYOBU_DATE=%Y-%m-%d CMAKE_PREFIX_PATH=/workspace/towen/install/rosidl_parser:/workspace/towen/install/rosidl_adapter:/workspace/towen/install/image_geometry:/workspace/towen/install/web_video_server:/workspace/towen/install/cv_bridge:/opt/ros/humble/install:/workspace/towen/install/strategy:/workspace/towen/install/motionpackage:/workspace/towen/install/imageprocess:/opt/ros/humble PATH=/workspace/towen/install/rosidl_cli/bin:${PATH} PYTHONPATH=/workspace/towen/install/rosidl_parser/local/lib/python3.10/dist-packages:/workspace/towen/install/rosidl_adapter/local/lib/python3.10/dist-packages:/workspace/towen/install/rosidl_cli/lib/python3.10/site-packages:${PYTHONPATH} /usr/local/bin/cmake --build /workspace/towen/build/rosidl_cmake -- -j6 -l6
[0.909s] Built target ament_cmake_python_copy_rosidl_cmake
[2.080s] running egg_info
[2.179s] writing rosidl_cmake.egg-info/PKG-INFO
[2.185s] writing dependency_links to rosidl_cmake.egg-info/dependency_links.txt
[2.186s] writing top-level names to rosidl_cmake.egg-info/top_level.txt
[2.363s] reading manifest file 'rosidl_cmake.egg-info/SOURCES.txt'
[2.365s] writing manifest file 'rosidl_cmake.egg-info/SOURCES.txt'
[2.452s] Built target ament_cmake_python_build_rosidl_cmake_egg
[2.539s] Invoked command in '/workspace/towen/build/rosidl_cmake' returned '0': AMENT_PREFIX_PATH=/workspace/towen/install/rosidl_parser:/workspace/towen/install/rosidl_adapter:/workspace/towen/install/rosidl_cli:${AMENT_PREFIX_PATH} BYOBU_DATE=%Y-%m-%d CMAKE_PREFIX_PATH=/workspace/towen/install/rosidl_parser:/workspace/towen/install/rosidl_adapter:/workspace/towen/install/image_geometry:/workspace/towen/install/web_video_server:/workspace/towen/install/cv_bridge:/opt/ros/humble/install:/workspace/towen/install/strategy:/workspace/towen/install/motionpackage:/workspace/towen/install/imageprocess:/opt/ros/humble PATH=/workspace/towen/install/rosidl_cli/bin:${PATH} PYTHONPATH=/workspace/towen/install/rosidl_parser/local/lib/python3.10/dist-packages:/workspace/towen/install/rosidl_adapter/local/lib/python3.10/dist-packages:/workspace/towen/install/rosidl_cli/lib/python3.10/site-packages:${PYTHONPATH} /usr/local/bin/cmake --build /workspace/towen/build/rosidl_cmake -- -j6 -l6
[3.087s] Invoking command in '/workspace/towen/build/rosidl_cmake': AMENT_PREFIX_PATH=/workspace/towen/install/rosidl_parser:/workspace/towen/install/rosidl_adapter:/workspace/towen/install/rosidl_cli:${AMENT_PREFIX_PATH} BYOBU_DATE=%Y-%m-%d CMAKE_PREFIX_PATH=/workspace/towen/install/rosidl_parser:/workspace/towen/install/rosidl_adapter:/workspace/towen/install/image_geometry:/workspace/towen/install/web_video_server:/workspace/towen/install/cv_bridge:/opt/ros/humble/install:/workspace/towen/install/strategy:/workspace/towen/install/motionpackage:/workspace/towen/install/imageprocess:/opt/ros/humble PATH=/workspace/towen/install/rosidl_cli/bin:${PATH} PYTHONPATH=/workspace/towen/install/rosidl_parser/local/lib/python3.10/dist-packages:/workspace/towen/install/rosidl_adapter/local/lib/python3.10/dist-packages:/workspace/towen/install/rosidl_cli/lib/python3.10/site-packages:${PYTHONPATH} /usr/local/bin/cmake --install /workspace/towen/build/rosidl_cmake
[3.458s] -- Install configuration: ""
[3.459s] -- Installing: /workspace/towen/install/rosidl_cmake/share/rosidl_cmake/environment/pythonpath.sh
[3.460s] -- Installing: /workspace/towen/install/rosidl_cmake/share/rosidl_cmake/environment/pythonpath.dsv
[3.462s] -- Installing: /workspace/towen/install/rosidl_cmake/local/lib/python3.10/dist-packages/rosidl_cmake-3.1.7-py3.10.egg-info
[3.462s] -- Installing: /workspace/towen/install/rosidl_cmake/local/lib/python3.10/dist-packages/rosidl_cmake-3.1.7-py3.10.egg-info/PKG-INFO
[3.463s] -- Installing: /workspace/towen/install/rosidl_cmake/local/lib/python3.10/dist-packages/rosidl_cmake-3.1.7-py3.10.egg-info/top_level.txt
[3.463s] -- Installing: /workspace/towen/install/rosidl_cmake/local/lib/python3.10/dist-packages/rosidl_cmake-3.1.7-py3.10.egg-info/SOURCES.txt
[3.463s] -- Installing: /workspace/towen/install/rosidl_cmake/local/lib/python3.10/dist-packages/rosidl_cmake-3.1.7-py3.10.egg-info/dependency_links.txt
[3.463s] -- Installing: /workspace/towen/install/rosidl_cmake/local/lib/python3.10/dist-packages/rosidl_cmake
[3.463s] -- Installing: /workspace/towen/install/rosidl_cmake/local/lib/python3.10/dist-packages/rosidl_cmake/__init__.py
[3.552s] Listing '/workspace/towen/install/rosidl_cmake/local/lib/python3.10/dist-packages/rosidl_cmake'...
[3.552s] Compiling '/workspace/towen/install/rosidl_cmake/local/lib/python3.10/dist-packages/rosidl_cmake/__init__.py'...
[3.572s] -- Installing: /workspace/towen/install/rosidl_cmake/share/ament_index/resource_index/package_run_dependencies/rosidl_cmake
[3.573s] -- Installing: /workspace/towen/install/rosidl_cmake/share/ament_index/resource_index/parent_prefix_path/rosidl_cmake
[3.573s] -- Installing: /workspace/towen/install/rosidl_cmake/share/rosidl_cmake/environment/ament_prefix_path.sh
[3.573s] -- Installing: /workspace/towen/install/rosidl_cmake/share/rosidl_cmake/environment/ament_prefix_path.dsv
[3.574s] -- Installing: /workspace/towen/install/rosidl_cmake/share/rosidl_cmake/environment/path.sh
[3.575s] -- Installing: /workspace/towen/install/rosidl_cmake/share/rosidl_cmake/environment/path.dsv
[3.575s] -- Installing: /workspace/towen/install/rosidl_cmake/share/rosidl_cmake/local_setup.bash
[3.575s] -- Installing: /workspace/towen/install/rosidl_cmake/share/rosidl_cmake/local_setup.sh
[3.576s] -- Installing: /workspace/towen/install/rosidl_cmake/share/rosidl_cmake/local_setup.zsh
[3.576s] -- Installing: /workspace/towen/install/rosidl_cmake/share/rosidl_cmake/local_setup.dsv
[3.576s] -- Installing: /workspace/towen/install/rosidl_cmake/share/rosidl_cmake/package.dsv
[3.577s] -- Installing: /workspace/towen/install/rosidl_cmake/share/ament_index/resource_index/packages/rosidl_cmake
[3.577s] -- Installing: /workspace/towen/install/rosidl_cmake/share/rosidl_cmake/cmake/rosidl_cmake-extras.cmake
[3.577s] -- Installing: /workspace/towen/install/rosidl_cmake/share/rosidl_cmake/cmake/rosidl_cmakeConfig.cmake
[3.577s] -- Installing: /workspace/towen/install/rosidl_cmake/share/rosidl_cmake/cmake/rosidl_cmakeConfig-version.cmake
[3.578s] -- Installing: /workspace/towen/install/rosidl_cmake/share/rosidl_cmake/package.xml
[3.578s] -- Up-to-date: /workspace/towen/install/rosidl_cmake/share/rosidl_cmake/cmake
[3.578s] -- Installing: /workspace/towen/install/rosidl_cmake/share/rosidl_cmake/cmake/rosidl_get_typesupport_target.cmake
[3.578s] -- Installing: /workspace/towen/install/rosidl_cmake/share/rosidl_cmake/cmake/rosidl_export_typesupport_targets.cmake
[3.579s] -- Installing: /workspace/towen/install/rosidl_cmake/share/rosidl_cmake/cmake/rosidl_cmake_export_typesupport_libraries-extras.cmake.in
[3.579s] -- Installing: /workspace/towen/install/rosidl_cmake/share/rosidl_cmake/cmake/rosidl_cmake_export_typesupport_libraries_package_hook.cmake
[3.579s] -- Installing: /workspace/towen/install/rosidl_cmake/share/rosidl_cmake/cmake/rosidl_cmake_export_typesupport_targets-extras.cmake.in
[3.579s] -- Installing: /workspace/towen/install/rosidl_cmake/share/rosidl_cmake/cmake/rosidl_target_interfaces.cmake
[3.580s] -- Installing: /workspace/towen/install/rosidl_cmake/share/rosidl_cmake/cmake/rosidl_cmake_package_hook.cmake
[3.580s] -- Installing: /workspace/towen/install/rosidl_cmake/share/rosidl_cmake/cmake/string_camel_case_to_lower_case_underscore.cmake
[3.584s] -- Installing: /workspace/towen/install/rosidl_cmake/share/rosidl_cmake/cmake/rosidl_export_typesupport_libraries.cmake
[3.584s] -- Installing: /workspace/towen/install/rosidl_cmake/share/rosidl_cmake/cmake/rosidl_cmake-extras.cmake.in
[3.584s] -- Installing: /workspace/towen/install/rosidl_cmake/share/rosidl_cmake/cmake/rosidl_cmake_export_typesupport_targets_package_hook.cmake
[3.584s] -- Installing: /workspace/towen/install/rosidl_cmake/share/rosidl_cmake/cmake/rosidl_generate_interfaces.cmake
[3.584s] -- Installing: /workspace/towen/install/rosidl_cmake/share/rosidl_cmake/cmake/rosidl_write_generator_arguments.cmake
[3.626s] Invoked command in '/workspace/towen/build/rosidl_cmake' returned '0': AMENT_PREFIX_PATH=/workspace/towen/install/rosidl_parser:/workspace/towen/install/rosidl_adapter:/workspace/towen/install/rosidl_cli:${AMENT_PREFIX_PATH} BYOBU_DATE=%Y-%m-%d CMAKE_PREFIX_PATH=/workspace/towen/install/rosidl_parser:/workspace/towen/install/rosidl_adapter:/workspace/towen/install/image_geometry:/workspace/towen/install/web_video_server:/workspace/towen/install/cv_bridge:/opt/ros/humble/install:/workspace/towen/install/strategy:/workspace/towen/install/motionpackage:/workspace/towen/install/imageprocess:/opt/ros/humble PATH=/workspace/towen/install/rosidl_cli/bin:${PATH} PYTHONPATH=/workspace/towen/install/rosidl_parser/local/lib/python3.10/dist-packages:/workspace/towen/install/rosidl_adapter/local/lib/python3.10/dist-packages:/workspace/towen/install/rosidl_cli/lib/python3.10/site-packages:${PYTHONPATH} /usr/local/bin/cmake --install /workspace/towen/build/rosidl_cmake
