[5.540s] Invoking command in '/workspace/towen/src/imageprocess': BYOBU_DATE=%Y-%m-%d PYTHONPATH=/workspace/towen/build/imageprocess/prefix_override:/usr/lib/python3/dist-packages/colcon_core/task/python/colcon_distutils_commands:/workspace/towen/install/imageprocess/lib/python3.10/site-packages:${PYTHONPATH} /usr/bin/python3 -W ignore:setup.py install is deprecated setup.py egg_info --egg-base ../../build/imageprocess build --build-base /workspace/towen/build/imageprocess/build install --record /workspace/towen/build/imageprocess/install.log --single-version-externally-managed install_data
[6.418s] /home/work/.local/lib/python3.10/site-packages/setuptools/_distutils/dist.py:289: UserWarning: Unknown distribution option: 'tests_require'
[6.418s]   warnings.warn(msg)
[7.195s] running egg_info
[7.402s] writing ../../build/imageprocess/imageprocess.egg-info/PKG-INFO
[7.407s] writing dependency_links to ../../build/imageprocess/imageprocess.egg-info/dependency_links.txt
[7.409s] writing entry points to ../../build/imageprocess/imageprocess.egg-info/entry_points.txt
[7.411s] writing requirements to ../../build/imageprocess/imageprocess.egg-info/requires.txt
[7.412s] writing top-level names to ../../build/imageprocess/imageprocess.egg-info/top_level.txt
[7.826s] reading manifest file '../../build/imageprocess/imageprocess.egg-info/SOURCES.txt'
[7.827s] adding license file 'LICENSE'
[7.832s] writing manifest file '../../build/imageprocess/imageprocess.egg-info/SOURCES.txt'
[7.833s] running build
[7.834s] running build_py
[7.837s] copying imageprocess/modelparameter.py -> /workspace/towen/build/imageprocess/build/lib/imageprocess
[7.839s] copying imageprocess/image_0417.py -> /workspace/towen/build/imageprocess/build/lib/imageprocess
[7.840s] copying imageprocess/dataunit.py -> /workspace/towen/build/imageprocess/build/lib/imageprocess
[7.841s] copying imageprocess/123123.py -> /workspace/towen/build/imageprocess/build/lib/imageprocess
[7.847s] copying imageprocess/image_test.py -> /workspace/towen/build/imageprocess/build/lib/imageprocess
[7.848s] copying imageprocess/image.py -> /workspace/towen/build/imageprocess/build/lib/imageprocess
[7.850s] copying imageprocess/__init__.py -> /workspace/towen/build/imageprocess/build/lib/imageprocess
[7.851s] copying imageprocess/imageprocess.py -> /workspace/towen/build/imageprocess/build/lib/imageprocess
[7.851s] copying imageprocess/camera_segment_headless.py -> /workspace/towen/build/imageprocess/build/lib/imageprocess
[7.852s] running install
[7.860s] running install_lib
[7.940s] copying /workspace/towen/build/imageprocess/build/lib/imageprocess/image.py -> /workspace/towen/install/imageprocess/lib/python3.10/site-packages/imageprocess
[7.942s] byte-compiling /workspace/towen/install/imageprocess/lib/python3.10/site-packages/imageprocess/image.py to image.cpython-310.pyc
[7.949s] running install_data
[7.950s] copying resource/imageprocess -> /workspace/towen/install/imageprocess/share/ament_index/resource_index/packages
[7.952s] copying package.xml -> /workspace/towen/install/imageprocess/share/imageprocess
[7.953s] running install_egg_info
[8.038s] removing '/workspace/towen/install/imageprocess/lib/python3.10/site-packages/imageprocess-0.0.0-py3.10.egg-info' (and everything under it)
[8.038s] Copying ../../build/imageprocess/imageprocess.egg-info to /workspace/towen/install/imageprocess/lib/python3.10/site-packages/imageprocess-0.0.0-py3.10.egg-info
[8.038s] running install_scripts
[8.212s] Installing image script to /workspace/towen/install/imageprocess/lib/imageprocess
[8.216s] Installing image_test script to /workspace/towen/install/imageprocess/lib/imageprocess
[8.216s] Installing imageprocess script to /workspace/towen/install/imageprocess/lib/imageprocess
[8.217s] writing list of installed files to '/workspace/towen/build/imageprocess/install.log'
[8.387s] Invoked command in '/workspace/towen/src/imageprocess' returned '0': BYOBU_DATE=%Y-%m-%d PYTHONPATH=/workspace/towen/build/imageprocess/prefix_override:/usr/lib/python3/dist-packages/colcon_core/task/python/colcon_distutils_commands:/workspace/towen/install/imageprocess/lib/python3.10/site-packages:${PYTHONPATH} /usr/bin/python3 -W ignore:setup.py install is deprecated setup.py egg_info --egg-base ../../build/imageprocess build --build-base /workspace/towen/build/imageprocess/build install --record /workspace/towen/build/imageprocess/install.log --single-version-externally-managed install_data
