[0.063s] Invoking command in '/workspace/towen/build/rosidl_parser': AMENT_PREFIX_PATH=/workspace/towen/install/rosidl_adapter:/workspace/towen/install/rosidl_cli:${AMENT_PREFIX_PATH} BYOBU_DATE=%Y-%m-%d CMAKE_PREFIX_PATH=/workspace/towen/install/rosidl_adapter:/opt/ros/humble PATH=/workspace/towen/install/rosidl_cli/bin:${PATH} PYTHONPATH=/workspace/towen/install/rosidl_adapter/local/lib/python3.10/dist-packages:/workspace/towen/install/rosidl_cli/lib/python3.10/site-packages:${PYTHONPATH} /usr/local/bin/cmake --build /workspace/towen/build/rosidl_parser -- -j6 -l6
[0.304s] Built target ament_cmake_python_copy_rosidl_parser
[0.880s] running egg_info
[0.917s] writing rosidl_parser.egg-info/PKG-INFO
[0.919s] writing dependency_links to rosidl_parser.egg-info/dependency_links.txt
[0.920s] writing top-level names to rosidl_parser.egg-info/top_level.txt
[1.057s] reading manifest file 'rosidl_parser.egg-info/SOURCES.txt'
[1.058s] writing manifest file 'rosidl_parser.egg-info/SOURCES.txt'
[1.155s] Built target ament_cmake_python_build_rosidl_parser_egg
[1.208s] Invoked command in '/workspace/towen/build/rosidl_parser' returned '0': AMENT_PREFIX_PATH=/workspace/towen/install/rosidl_adapter:/workspace/towen/install/rosidl_cli:${AMENT_PREFIX_PATH} BYOBU_DATE=%Y-%m-%d CMAKE_PREFIX_PATH=/workspace/towen/install/rosidl_adapter:/opt/ros/humble PATH=/workspace/towen/install/rosidl_cli/bin:${PATH} PYTHONPATH=/workspace/towen/install/rosidl_adapter/local/lib/python3.10/dist-packages:/workspace/towen/install/rosidl_cli/lib/python3.10/site-packages:${PYTHONPATH} /usr/local/bin/cmake --build /workspace/towen/build/rosidl_parser -- -j6 -l6
[1.443s] Invoking command in '/workspace/towen/build/rosidl_parser': AMENT_PREFIX_PATH=/workspace/towen/install/rosidl_adapter:/workspace/towen/install/rosidl_cli:${AMENT_PREFIX_PATH} BYOBU_DATE=%Y-%m-%d CMAKE_PREFIX_PATH=/workspace/towen/install/rosidl_adapter:/opt/ros/humble PATH=/workspace/towen/install/rosidl_cli/bin:${PATH} PYTHONPATH=/workspace/towen/install/rosidl_adapter/local/lib/python3.10/dist-packages:/workspace/towen/install/rosidl_cli/lib/python3.10/site-packages:${PYTHONPATH} /usr/local/bin/cmake --install /workspace/towen/build/rosidl_parser
[1.610s] -- Install configuration: ""
[1.611s] -- Up-to-date: /workspace/towen/install/rosidl_parser/share/rosidl_parser/environment/pythonpath.sh
[1.611s] -- Up-to-date: /workspace/towen/install/rosidl_parser/share/rosidl_parser/environment/pythonpath.dsv
[1.611s] -- Up-to-date: /workspace/towen/install/rosidl_parser/local/lib/python3.10/dist-packages/rosidl_parser-3.1.7-py3.10.egg-info
[1.611s] -- Installing: /workspace/towen/install/rosidl_parser/local/lib/python3.10/dist-packages/rosidl_parser-3.1.7-py3.10.egg-info/PKG-INFO
[1.611s] -- Installing: /workspace/towen/install/rosidl_parser/local/lib/python3.10/dist-packages/rosidl_parser-3.1.7-py3.10.egg-info/top_level.txt
[1.611s] -- Installing: /workspace/towen/install/rosidl_parser/local/lib/python3.10/dist-packages/rosidl_parser-3.1.7-py3.10.egg-info/SOURCES.txt
[1.612s] -- Installing: /workspace/towen/install/rosidl_parser/local/lib/python3.10/dist-packages/rosidl_parser-3.1.7-py3.10.egg-info/dependency_links.txt
[1.612s] -- Up-to-date: /workspace/towen/install/rosidl_parser/local/lib/python3.10/dist-packages/rosidl_parser
[1.612s] -- Up-to-date: /workspace/towen/install/rosidl_parser/local/lib/python3.10/dist-packages/rosidl_parser/parser.py
[1.612s] -- Up-to-date: /workspace/towen/install/rosidl_parser/local/lib/python3.10/dist-packages/rosidl_parser/__init__.py
[1.612s] -- Up-to-date: /workspace/towen/install/rosidl_parser/local/lib/python3.10/dist-packages/rosidl_parser/definition.py
[1.612s] -- Up-to-date: /workspace/towen/install/rosidl_parser/local/lib/python3.10/dist-packages/rosidl_parser/grammar.lark
[1.682s] Listing '/workspace/towen/install/rosidl_parser/local/lib/python3.10/dist-packages/rosidl_parser'...
[1.697s] -- Up-to-date: /workspace/towen/install/rosidl_parser/share/ament_index/resource_index/package_run_dependencies/rosidl_parser
[1.697s] -- Up-to-date: /workspace/towen/install/rosidl_parser/share/ament_index/resource_index/parent_prefix_path/rosidl_parser
[1.698s] -- Up-to-date: /workspace/towen/install/rosidl_parser/share/rosidl_parser/environment/ament_prefix_path.sh
[1.698s] -- Up-to-date: /workspace/towen/install/rosidl_parser/share/rosidl_parser/environment/ament_prefix_path.dsv
[1.698s] -- Up-to-date: /workspace/towen/install/rosidl_parser/share/rosidl_parser/environment/path.sh
[1.698s] -- Up-to-date: /workspace/towen/install/rosidl_parser/share/rosidl_parser/environment/path.dsv
[1.698s] -- Up-to-date: /workspace/towen/install/rosidl_parser/share/rosidl_parser/local_setup.bash
[1.699s] -- Up-to-date: /workspace/towen/install/rosidl_parser/share/rosidl_parser/local_setup.sh
[1.699s] -- Up-to-date: /workspace/towen/install/rosidl_parser/share/rosidl_parser/local_setup.zsh
[1.699s] -- Up-to-date: /workspace/towen/install/rosidl_parser/share/rosidl_parser/local_setup.dsv
[1.699s] -- Installing: /workspace/towen/install/rosidl_parser/share/rosidl_parser/package.dsv
[1.699s] -- Up-to-date: /workspace/towen/install/rosidl_parser/share/ament_index/resource_index/packages/rosidl_parser
[1.700s] -- Up-to-date: /workspace/towen/install/rosidl_parser/share/rosidl_parser/cmake/rosidl_parserConfig.cmake
[1.700s] -- Up-to-date: /workspace/towen/install/rosidl_parser/share/rosidl_parser/cmake/rosidl_parserConfig-version.cmake
[1.700s] -- Up-to-date: /workspace/towen/install/rosidl_parser/share/rosidl_parser/package.xml
[1.700s] -- Up-to-date: /workspace/towen/install/rosidl_parser/lib/rosidl_parser/idl2png
[1.734s] Invoked command in '/workspace/towen/build/rosidl_parser' returned '0': AMENT_PREFIX_PATH=/workspace/towen/install/rosidl_adapter:/workspace/towen/install/rosidl_cli:${AMENT_PREFIX_PATH} BYOBU_DATE=%Y-%m-%d CMAKE_PREFIX_PATH=/workspace/towen/install/rosidl_adapter:/opt/ros/humble PATH=/workspace/towen/install/rosidl_cli/bin:${PATH} PYTHONPATH=/workspace/towen/install/rosidl_adapter/local/lib/python3.10/dist-packages:/workspace/towen/install/rosidl_cli/lib/python3.10/site-packages:${PYTHONPATH} /usr/local/bin/cmake --install /workspace/towen/build/rosidl_parser
