[0.685s] Invoking command in '/workspace/towen/build/zed_components': CMAKE_PREFIX_PATH=${CMAKE_PREFIX_PATH}:/workspace/towen/install/tku_msgs:/workspace/towen/install/strategy:/workspace/towen/install/rosidl_cli:/workspace/towen/install/opencv_tests:/workspace/towen/install/motionpackage:/workspace/towen/install/imageprocess:/opt/ros/humble /usr/local/bin/cmake --build /workspace/towen/build/zed_components -- -j6 -l6
[1.141s] [33mCMake Warning (dev) at /usr/local/zed/zed-config.cmake:73 (find_package):
[1.141s]   Policy CMP0146 is not set: The FindCUDA module is removed.  Run "cmake
[1.141s]   --help-policy CMP0146" for policy details.  Use the cmake_policy command to
[1.142s]   set the policy and suppress this warning.
[1.142s] 
[1.142s] Call Stack (most recent call first):
[1.142s]   CMakeLists.txt:84 (find_package)
[1.142s] This warning is for project developers.  Use -Wno-dev to suppress it.
[1.142s] [0m
[1.184s] -- Found CUDA: /usr/local/cuda (found suitable version "12.6", minimum required is "12.6")
[1.187s] [33mCMake Warning (dev) at /usr/local/zed/zed-config.cmake:78 (exec_program):
[1.188s]   Policy CMP0153 is not set: The exec_program command should not be called.
[1.188s]   Run "cmake --help-policy CMP0153" for policy details.  Use the cmake_policy
[1.188s]   command to set the policy and suppress this warning.
[1.188s] 
[1.188s]   Use execute_process() instead.
[1.188s] Call Stack (most recent call first):
[1.188s]   CMakeLists.txt:84 (find_package)
[1.189s] This warning is for project developers.  Use -Wno-dev to suppress it.
[1.189s] [0m
[1.220s] [33mCMake Warning (dev) at /usr/local/zed/zed-config.cmake:79 (exec_program):
[1.220s]   Policy CMP0153 is not set: The exec_program command should not be called.
[1.221s]   Run "cmake --help-policy CMP0153" for policy details.  Use the cmake_policy
[1.221s]   command to set the policy and suppress this warning.
[1.221s] 
[1.221s]   Use execute_process() instead.
[1.221s] Call Stack (most recent call first):
[1.221s]   CMakeLists.txt:84 (find_package)
[1.222s] This warning is for project developers.  Use -Wno-dev to suppress it.
[1.222s] [0m
[1.261s] [33mCMake Warning (dev) at /usr/local/zed/zed-config.cmake:95 (exec_program):
[1.261s]   Policy CMP0153 is not set: The exec_program command should not be called.
[1.261s]   Run "cmake --help-policy CMP0153" for policy details.  Use the cmake_policy
[1.262s]   command to set the policy and suppress this warning.
[1.262s] 
[1.262s]   Use execute_process() instead.
[1.262s] Call Stack (most recent call first):
[1.262s]   CMakeLists.txt:84 (find_package)
[1.262s] This warning is for project developers.  Use -Wno-dev to suppress it.
[1.262s] [0m
[1.280s] [33mCMake Warning (dev) at /usr/local/zed/zed-config.cmake:123 (exec_program):
[1.281s]   Policy CMP0153 is not set: The exec_program command should not be called.
[1.281s]   Run "cmake --help-policy CMP0153" for policy details.  Use the cmake_policy
[1.281s]   command to set the policy and suppress this warning.
[1.281s] 
[1.281s]   Use execute_process() instead.
[1.282s] Call Stack (most recent call first):
[1.282s]   CMakeLists.txt:84 (find_package)
[1.282s] This warning is for project developers.  Use -Wno-dev to suppress it.
[1.282s] [0m
[1.295s] [33mCMake Warning (dev) at CMakeLists.txt:86 (exec_program):
[1.295s]   Policy CMP0153 is not set: The exec_program command should not be called.
[1.295s]   Run "cmake --help-policy CMP0153" for policy details.  Use the cmake_policy
[1.295s]   command to set the policy and suppress this warning.
[1.296s] 
[1.296s]   Use execute_process() instead.
[1.296s] This warning is for project developers.  Use -Wno-dev to suppress it.
[1.296s] [0m
[1.309s] [33mCMake Warning (dev) at CMakeLists.txt:91 (find_package):
[1.309s]   Policy CMP0146 is not set: The FindCUDA module is removed.  Run "cmake
[1.310s]   --help-policy CMP0146" for policy details.  Use the cmake_policy command to
[1.310s]   set the policy and suppress this warning.
[1.310s] 
[1.310s] This warning is for project developers.  Use -Wno-dev to suppress it.
[1.310s] [0m
[1.342s] -- Found CUDA: /usr/local/cuda (found version "12.6")
[1.348s] -- Found ament_cmake_auto: 1.3.10 (/opt/ros/humble/install/share/ament_cmake_auto/cmake)
[2.092s] -- Override CMake install command with custom implementation using symlinks instead of copying resources
[2.382s] -- Found rosidl_generator_c: 3.1.5 (/opt/ros/humble/install/share/rosidl_generator_c/cmake)
[2.392s] -- Found rosidl_adapter: 3.1.5 (/opt/ros/humble/install/share/rosidl_adapter/cmake)
[2.418s] -- Found rosidl_generator_cpp: 3.1.5 (/opt/ros/humble/install/share/rosidl_generator_cpp/cmake)
[2.456s] -- Using all available rosidl_typesupport_c: rosidl_typesupport_introspection_c;rosidl_typesupport_fastrtps_c
[2.507s] -- Using all available rosidl_typesupport_cpp: rosidl_typesupport_introspection_cpp;rosidl_typesupport_fastrtps_cpp
[2.826s] -- Found rmw_implementation_cmake: 6.1.2 (/opt/ros/humble/install/share/rmw_implementation_cmake/cmake)
[2.832s] -- Found rmw_fastrtps_cpp: 6.2.7 (/opt/ros/humble/install/share/rmw_fastrtps_cpp/cmake)
[3.204s] -- Using RMW implementation 'rmw_fastrtps_cpp' as default
[3.817s] -- Found eigen3_cmake_module: 0.1.1 (/opt/ros/humble/install/share/eigen3_cmake_module/cmake)
[3.820s] -- Ensuring Eigen3 include directory is part of orocos-kdl CMake target
[4.179s] -- Found ament_lint_auto: 0.12.11 (/opt/ros/humble/install/share/ament_lint_auto/cmake)
[4.315s] -- Added test 'copyright' to check source files copyright and LICENSE
[4.319s] -- Added test 'cppcheck' to perform static code analysis on C / C++ code
[4.320s] -- Configured cppcheck include dirs: /workspace/towen/src/zed-ros2-wrapper/zed_components/src/include;/workspace/towen/src/zed-ros2-wrapper/zed_components/src/zed_camera/include;/workspace/towen/src/zed-ros2-wrapper/zed_components/src/tools/include
[4.320s] -- Configured cppcheck exclude dirs and/or files: 
[4.321s] -- Added test 'lint_cmake' to check CMake code style
[4.325s] -- Added test 'uncrustify' to check C / C++ code style
[4.325s] -- Configured uncrustify additional arguments: 
[4.326s] -- Added test 'xmllint' to check XML markup files
[4.335s] -- Configuring done (3.4s)
[4.468s] -- Generating done (0.1s)
[4.469s] -- Build files have been written to: /workspace/towen/build/zed_components
[4.576s] [ 10%] [32mBuilding CXX object CMakeFiles/zed_camera_one_component.dir/src/tools/src/sl_tools.cpp.o[0m
[4.578s] [ 20%] [32mBuilding CXX object CMakeFiles/zed_camera_one_component.dir/src/tools/src/sl_win_avg.cpp.o[0m
[4.589s] [ 40%] [32mBuilding CXX object CMakeFiles/zed_camera_component.dir/src/tools/src/sl_tools.cpp.o[0m
[4.590s] [ 40%] [32mBuilding CXX object CMakeFiles/zed_camera_one_component.dir/src/tools/src/gnss_replay.cpp.o[0m
[4.590s] [ 50%] [32mBuilding CXX object CMakeFiles/zed_camera_component.dir/src/tools/src/sl_win_avg.cpp.o[0m
[4.595s] [ 60%] [32mBuilding CXX object CMakeFiles/zed_camera_component.dir/src/tools/src/gnss_replay.cpp.o[0m
[7.234s] [ 70%] [32mBuilding CXX object CMakeFiles/zed_camera_one_component.dir/src/zed_camera/src/zed_camera_one_component.cpp.o[0m
[7.256s] [ 80%] [32mBuilding CXX object CMakeFiles/zed_camera_component.dir/src/zed_camera/src/zed_camera_component.cpp.o[0m
[61.245s] [ 90%] [32m[1mLinking CXX shared library libzed_camera_one_component.so[0m
[62.425s] [ 90%] Built target zed_camera_one_component
[184.207s] [100%] [32m[1mLinking CXX shared library libzed_camera_component.so[0m
[185.792s] [100%] Built target zed_camera_component
[185.838s] Invoked command in '/workspace/towen/build/zed_components' returned '0': CMAKE_PREFIX_PATH=${CMAKE_PREFIX_PATH}:/workspace/towen/install/tku_msgs:/workspace/towen/install/strategy:/workspace/towen/install/rosidl_cli:/workspace/towen/install/opencv_tests:/workspace/towen/install/motionpackage:/workspace/towen/install/imageprocess:/opt/ros/humble /usr/local/bin/cmake --build /workspace/towen/build/zed_components -- -j6 -l6
[186.134s] Invoking command in '/workspace/towen/build/zed_components': CMAKE_PREFIX_PATH=${CMAKE_PREFIX_PATH}:/workspace/towen/install/tku_msgs:/workspace/towen/install/strategy:/workspace/towen/install/rosidl_cli:/workspace/towen/install/opencv_tests:/workspace/towen/install/motionpackage:/workspace/towen/install/imageprocess:/opt/ros/humble /usr/local/bin/cmake --install /workspace/towen/build/zed_components
[186.317s] -- Install configuration: "Release"
[186.318s] -- Execute custom install script
[186.319s] -- Up-to-date symlink: /workspace/towen/install/zed_components/lib/libzed_camera_component.so
[186.319s] -- Up-to-date symlink: /workspace/towen/install/zed_components/lib/libzed_camera_one_component.so
[186.320s] -- Up-to-date symlink: /workspace/towen/install/zed_components/include/zed_components//cost_traversability.hpp
[186.320s] -- Up-to-date symlink: /workspace/towen/install/zed_components/include/zed_components//sl_types.hpp
[186.321s] -- Up-to-date symlink: /workspace/towen/install/zed_components/include/zed_components//zed_camera_component.hpp
[186.321s] -- Up-to-date symlink: /workspace/towen/install/zed_components/include/zed_components//zed_camera_one_component.hpp
[186.322s] -- Up-to-date symlink: /workspace/towen/install/zed_components/include/zed_components//gnss_replay.hpp
[186.322s] -- Up-to-date symlink: /workspace/towen/install/zed_components/include/zed_components//json.hpp
[186.322s] -- Up-to-date symlink: /workspace/towen/install/zed_components/include/zed_components//sl_logging.hpp
[186.322s] -- Up-to-date symlink: /workspace/towen/install/zed_components/include/zed_components//sl_tools.hpp
[186.323s] -- Up-to-date symlink: /workspace/towen/install/zed_components/include/zed_components//sl_win_avg.hpp
[186.323s] -- Up-to-date symlink: /workspace/towen/install/zed_components/include/zed_components//visibility_control.hpp
[186.324s] -- Symlinking: /workspace/towen/install/zed_components/share/zed_components/environment/library_path.sh
[186.332s] -- Up-to-date symlink: /workspace/towen/install/zed_components/share/zed_components/environment/library_path.dsv
[186.333s] -- Up-to-date symlink: /workspace/towen/install/zed_components/share/ament_index/resource_index/package_run_dependencies/zed_components
[186.333s] -- Up-to-date symlink: /workspace/towen/install/zed_components/share/ament_index/resource_index/parent_prefix_path/zed_components
[186.334s] -- Up-to-date symlink: /workspace/towen/install/zed_components/share/zed_components/environment/ament_prefix_path.sh
[186.334s] -- Up-to-date symlink: /workspace/towen/install/zed_components/share/zed_components/environment/ament_prefix_path.dsv
[186.335s] -- Up-to-date symlink: /workspace/towen/install/zed_components/share/zed_components/environment/path.sh
[186.335s] -- Up-to-date symlink: /workspace/towen/install/zed_components/share/zed_components/environment/path.dsv
[186.336s] -- Up-to-date symlink: /workspace/towen/install/zed_components/share/zed_components/local_setup.bash
[186.336s] -- Up-to-date symlink: /workspace/towen/install/zed_components/share/zed_components/local_setup.sh
[186.336s] -- Up-to-date symlink: /workspace/towen/install/zed_components/share/zed_components/local_setup.zsh
[186.337s] -- Up-to-date symlink: /workspace/towen/install/zed_components/share/zed_components/local_setup.dsv
[186.337s] -- Symlinking: /workspace/towen/install/zed_components/share/zed_components/package.dsv
[186.344s] -- Up-to-date symlink: /workspace/towen/install/zed_components/share/ament_index/resource_index/packages/zed_components
[186.344s] -- Up-to-date symlink: /workspace/towen/install/zed_components/share/ament_index/resource_index/rclcpp_components/zed_components
[186.345s] -- Up-to-date symlink: /workspace/towen/install/zed_components/share/zed_components/cmake/ament_cmake_export_include_directories-extras.cmake
[186.345s] -- Up-to-date symlink: /workspace/towen/install/zed_components/share/zed_components/cmake/ament_cmake_export_libraries-extras.cmake
[186.345s] -- Up-to-date symlink: /workspace/towen/install/zed_components/share/zed_components/cmake/ament_cmake_export_dependencies-extras.cmake
[186.346s] -- Up-to-date symlink: /workspace/towen/install/zed_components/share/zed_components/cmake/zed_componentsConfig.cmake
[186.346s] -- Up-to-date symlink: /workspace/towen/install/zed_components/share/zed_components/cmake/zed_componentsConfig-version.cmake
[186.346s] -- Up-to-date symlink: /workspace/towen/install/zed_components/share/zed_components/package.xml
[186.380s] Invoked command in '/workspace/towen/build/zed_components' returned '0': CMAKE_PREFIX_PATH=${CMAKE_PREFIX_PATH}:/workspace/towen/install/tku_msgs:/workspace/towen/install/strategy:/workspace/towen/install/rosidl_cli:/workspace/towen/install/opencv_tests:/workspace/towen/install/motionpackage:/workspace/towen/install/imageprocess:/opt/ros/humble /usr/local/bin/cmake --install /workspace/towen/build/zed_components
