[0.586s] Invoking command in '/workspace/towen/build/rosidl_typesupport_interface': BYOBU_DATE=%Y-%m-%d CMAKE_PREFIX_PATH=${CMAKE_PREFIX_PATH}:/workspace/towen/install/strategy:/workspace/towen/install/rosidl_cli:/workspace/towen/install/opencv_tests:/workspace/towen/install/motionpackage:/workspace/towen/install/imageprocess:/opt/ros/humble /usr/local/bin/cmake --build /workspace/towen/build/rosidl_typesupport_interface -- -j6 -l6
[0.928s] [ 33%] Built target gtest
[0.937s] [ 66%] Built target gtest_main
[1.005s] [100%] Built target test_macros
[1.112s] Invoked command in '/workspace/towen/build/rosidl_typesupport_interface' returned '0': BYOBU_DATE=%Y-%m-%d CMAKE_PREFIX_PATH=${CMAKE_PREFIX_PATH}:/workspace/towen/install/strategy:/workspace/towen/install/rosidl_cli:/workspace/towen/install/opencv_tests:/workspace/towen/install/motionpackage:/workspace/towen/install/imageprocess:/opt/ros/humble /usr/local/bin/cmake --build /workspace/towen/build/rosidl_typesupport_interface -- -j6 -l6
[1.864s] Invoking command in '/workspace/towen/build/rosidl_typesupport_interface': BYOBU_DATE=%Y-%m-%d CMAKE_PREFIX_PATH=${CMAKE_PREFIX_PATH}:/workspace/towen/install/strategy:/workspace/towen/install/rosidl_cli:/workspace/towen/install/opencv_tests:/workspace/towen/install/motionpackage:/workspace/towen/install/imageprocess:/opt/ros/humble /usr/local/bin/cmake --install /workspace/towen/build/rosidl_typesupport_interface
[2.186s] -- Install configuration: "Release"
[2.186s] -- Execute custom install script
[2.186s] -- Up-to-date symlink: /workspace/towen/install/rosidl_typesupport_interface/share/ament_index/resource_index/package_run_dependencies/rosidl_typesupport_interface
[2.187s] -- Up-to-date symlink: /workspace/towen/install/rosidl_typesupport_interface/share/ament_index/resource_index/parent_prefix_path/rosidl_typesupport_interface
[2.187s] -- Up-to-date symlink: /workspace/towen/install/rosidl_typesupport_interface/share/rosidl_typesupport_interface/environment/ament_prefix_path.sh
[2.187s] -- Up-to-date symlink: /workspace/towen/install/rosidl_typesupport_interface/share/rosidl_typesupport_interface/environment/ament_prefix_path.dsv
[2.187s] -- Up-to-date symlink: /workspace/towen/install/rosidl_typesupport_interface/share/rosidl_typesupport_interface/environment/path.sh
[2.187s] -- Up-to-date symlink: /workspace/towen/install/rosidl_typesupport_interface/share/rosidl_typesupport_interface/environment/path.dsv
[2.188s] -- Up-to-date symlink: /workspace/towen/install/rosidl_typesupport_interface/share/rosidl_typesupport_interface/local_setup.bash
[2.189s] -- Up-to-date symlink: /workspace/towen/install/rosidl_typesupport_interface/share/rosidl_typesupport_interface/local_setup.sh
[2.189s] -- Up-to-date symlink: /workspace/towen/install/rosidl_typesupport_interface/share/rosidl_typesupport_interface/local_setup.zsh
[2.189s] -- Up-to-date symlink: /workspace/towen/install/rosidl_typesupport_interface/share/rosidl_typesupport_interface/local_setup.dsv
[2.189s] -- Symlinking: /workspace/towen/install/rosidl_typesupport_interface/share/rosidl_typesupport_interface/package.dsv
[2.190s] -- Up-to-date symlink: /workspace/towen/install/rosidl_typesupport_interface/share/ament_index/resource_index/packages/rosidl_typesupport_interface
[2.190s] -- Up-to-date symlink: /workspace/towen/install/rosidl_typesupport_interface/share/rosidl_typesupport_interface/cmake/ament_cmake_export_include_directories-extras.cmake
[2.190s] -- Up-to-date symlink: /workspace/towen/install/rosidl_typesupport_interface/share/rosidl_typesupport_interface/cmake/ament_cmake_export_targets-extras.cmake
[2.190s] -- Up-to-date symlink: /workspace/towen/install/rosidl_typesupport_interface/share/rosidl_typesupport_interface/cmake/rosidl_typesupport_interfaceConfig.cmake
[2.190s] -- Up-to-date symlink: /workspace/towen/install/rosidl_typesupport_interface/share/rosidl_typesupport_interface/cmake/rosidl_typesupport_interfaceConfig-version.cmake
[2.190s] -- Up-to-date symlink: /workspace/towen/install/rosidl_typesupport_interface/share/rosidl_typesupport_interface/package.xml
[2.191s] -- Up-to-date symlink: /workspace/towen/install/rosidl_typesupport_interface/include/rosidl_typesupport_interface/rosidl_typesupport_interface/macros.h
[2.191s] -- Up-to-date: /workspace/towen/install/rosidl_typesupport_interface/share/rosidl_typesupport_interface/cmake/rosidl_typesupport_interfaceExport.cmake
[2.266s] Invoked command in '/workspace/towen/build/rosidl_typesupport_interface' returned '0': BYOBU_DATE=%Y-%m-%d CMAKE_PREFIX_PATH=${CMAKE_PREFIX_PATH}:/workspace/towen/install/strategy:/workspace/towen/install/rosidl_cli:/workspace/towen/install/opencv_tests:/workspace/towen/install/motionpackage:/workspace/towen/install/imageprocess:/opt/ros/humble /usr/local/bin/cmake --install /workspace/towen/build/rosidl_typesupport_interface
