[4.087s] Invoking command in '/workspace/towen/src/motionpackage': BYOBU_DATE=%Y-%m-%d PYTHONPATH=/workspace/towen/build/motionpackage/prefix_override:/usr/lib/python3/dist-packages/colcon_core/task/python/colcon_distutils_commands:/workspace/towen/install/motionpackage/lib/python3.10/site-packages:${PYTHONPATH} /usr/bin/python3 -W ignore:setup.py install is deprecated setup.py egg_info --egg-base ../../build/motionpackage build --build-base /workspace/towen/build/motionpackage/build install --record /workspace/towen/build/motionpackage/install.log --single-version-externally-managed install_data
[5.026s] running egg_info
[5.078s] writing ../../build/motionpackage/motionpackage.egg-info/PKG-INFO
[5.082s] writing dependency_links to ../../build/motionpackage/motionpackage.egg-info/dependency_links.txt
[5.083s] writing entry points to ../../build/motionpackage/motionpackage.egg-info/entry_points.txt
[5.084s] writing requirements to ../../build/motionpackage/motionpackage.egg-info/requires.txt
[5.085s] writing top-level names to ../../build/motionpackage/motionpackage.egg-info/top_level.txt
[5.204s] reading manifest file '../../build/motionpackage/motionpackage.egg-info/SOURCES.txt'
[5.205s] adding license file 'LICENSE'
[5.205s] writing manifest file '../../build/motionpackage/motionpackage.egg-info/SOURCES.txt'
[5.206s] running build
[5.206s] running build_py
[5.206s] copying motionpackage/opencr_imu.py -> /workspace/towen/build/motionpackage/build/lib/motionpackage
[5.206s] copying motionpackage/test.py -> /workspace/towen/build/motionpackage/build/lib/motionpackage
[5.206s] copying motionpackage/__init__.py -> /workspace/towen/build/motionpackage/build/lib/motionpackage
[5.206s] copying motionpackage/motion_0725.py -> /workspace/towen/build/motionpackage/build/lib/motionpackage
[5.207s] copying motionpackage/import struct.py -> /workspace/towen/build/motionpackage/build/lib/motionpackage
[5.208s] copying motionpackage/walking.py -> /workspace/towen/build/motionpackage/build/lib/motionpackage
[5.209s] copying motionpackage/motionpackage.py -> /workspace/towen/build/motionpackage/build/lib/motionpackage
[5.210s] running install
[5.229s] running install_lib
[5.300s] copying /workspace/towen/build/motionpackage/build/lib/motionpackage/motion_0725.py -> /workspace/towen/install/motionpackage/lib/python3.10/site-packages/motionpackage
[5.302s] byte-compiling /workspace/towen/install/motionpackage/lib/python3.10/site-packages/motionpackage/motion_0725.py to motion_0725.cpython-310.pyc
[5.307s]   File "/workspace/towen/install/motionpackage/lib/python3.10/site-packages/motionpackage/motion_0725.py", line 427
[5.308s]     self.get_logger().debug(f"{"\033[93m"}Begin serial ini")
[5.308s]                                  ^
[5.308s] SyntaxError: unexpected character after line continuation character
[5.308s] 
[5.308s] running install_data
[5.308s] copying resource/motionpackage -> /workspace/towen/install/motionpackage/share/ament_index/resource_index/packages
[5.309s] copying package.xml -> /workspace/towen/install/motionpackage/share/motionpackage
[5.309s] running install_egg_info
[5.364s] removing '/workspace/towen/install/motionpackage/lib/python3.10/site-packages/motionpackage-0.0.0-py3.10.egg-info' (and everything under it)
[5.366s] Copying ../../build/motionpackage/motionpackage.egg-info to /workspace/towen/install/motionpackage/lib/python3.10/site-packages/motionpackage-0.0.0-py3.10.egg-info
[5.369s] running install_scripts
[5.824s] Installing motionpackage script to /workspace/towen/install/motionpackage/lib/motionpackage
[5.824s] writing list of installed files to '/workspace/towen/build/motionpackage/install.log'
[5.927s] Invoked command in '/workspace/towen/src/motionpackage' returned '0': BYOBU_DATE=%Y-%m-%d PYTHONPATH=/workspace/towen/build/motionpackage/prefix_override:/usr/lib/python3/dist-packages/colcon_core/task/python/colcon_distutils_commands:/workspace/towen/install/motionpackage/lib/python3.10/site-packages:${PYTHONPATH} /usr/bin/python3 -W ignore:setup.py install is deprecated setup.py egg_info --egg-base ../../build/motionpackage build --build-base /workspace/towen/build/motionpackage/build install --record /workspace/towen/build/motionpackage/install.log --single-version-externally-managed install_data
