[4.565s] Invoking command in '/workspace/towen/src/motionpackage': BYOBU_DATE=%Y-%m-%d PYTHONPATH=/workspace/towen/build/motionpackage/prefix_override:/usr/lib/python3/dist-packages/colcon_core/task/python/colcon_distutils_commands:/workspace/towen/install/motionpackage/lib/python3.10/site-packages:${PYTHONPATH} /usr/bin/python3 -W ignore:setup.py install is deprecated setup.py egg_info --egg-base ../../build/motionpackage build --build-base /workspace/towen/build/motionpackage/build install --record /workspace/towen/build/motionpackage/install.log --single-version-externally-managed install_data
[5.392s] /home/work/.local/lib/python3.10/site-packages/setuptools/_distutils/dist.py:289: UserWarning: Unknown distribution option: 'tests_require'
[5.392s]   warnings.warn(msg)
[5.769s] running egg_info
[5.835s] writing ../../build/motionpackage/motionpackage.egg-info/PKG-INFO
[5.837s] writing dependency_links to ../../build/motionpackage/motionpackage.egg-info/dependency_links.txt
[5.838s] writing entry points to ../../build/motionpackage/motionpackage.egg-info/entry_points.txt
[5.839s] writing requirements to ../../build/motionpackage/motionpackage.egg-info/requires.txt
[5.840s] writing top-level names to ../../build/motionpackage/motionpackage.egg-info/top_level.txt
[5.961s] reading manifest file '../../build/motionpackage/motionpackage.egg-info/SOURCES.txt'
[5.964s] adding license file 'LICENSE'
[5.966s] writing manifest file '../../build/motionpackage/motionpackage.egg-info/SOURCES.txt'
[5.966s] running build
[5.968s] running build_py
[5.972s] copying motionpackage/opencr_imu.py -> /workspace/towen/build/motionpackage/build/lib/motionpackage
[5.973s] copying motionpackage/test.py -> /workspace/towen/build/motionpackage/build/lib/motionpackage
[5.974s] copying motionpackage/__init__.py -> /workspace/towen/build/motionpackage/build/lib/motionpackage
[5.977s] copying motionpackage/import struct.py -> /workspace/towen/build/motionpackage/build/lib/motionpackage
[5.979s] copying motionpackage/walking.py -> /workspace/towen/build/motionpackage/build/lib/motionpackage
[5.982s] copying motionpackage/motionpackage.py -> /workspace/towen/build/motionpackage/build/lib/motionpackage
[5.985s] running install
[5.987s] running install_lib
[6.037s] running install_data
[6.038s] copying resource/motionpackage -> /workspace/towen/install/motionpackage/share/ament_index/resource_index/packages
[6.039s] copying package.xml -> /workspace/towen/install/motionpackage/share/motionpackage
[6.039s] running install_egg_info
[6.098s] removing '/workspace/towen/install/motionpackage/lib/python3.10/site-packages/motionpackage-0.0.0-py3.10.egg-info' (and everything under it)
[6.098s] Copying ../../build/motionpackage/motionpackage.egg-info to /workspace/towen/install/motionpackage/lib/python3.10/site-packages/motionpackage-0.0.0-py3.10.egg-info
[6.101s] running install_scripts
[6.218s] Installing motionpackage script to /workspace/towen/install/motionpackage/lib/motionpackage
[6.219s] writing list of installed files to '/workspace/towen/build/motionpackage/install.log'
[6.517s] Invoked command in '/workspace/towen/src/motionpackage' returned '0': BYOBU_DATE=%Y-%m-%d PYTHONPATH=/workspace/towen/build/motionpackage/prefix_override:/usr/lib/python3/dist-packages/colcon_core/task/python/colcon_distutils_commands:/workspace/towen/install/motionpackage/lib/python3.10/site-packages:${PYTHONPATH} /usr/bin/python3 -W ignore:setup.py install is deprecated setup.py egg_info --egg-base ../../build/motionpackage build --build-base /workspace/towen/build/motionpackage/build install --record /workspace/towen/build/motionpackage/install.log --single-version-externally-managed install_data
