[5.330s] Invoking command in '/workspace/towen/src/strategy': BYOBU_DATE=%Y-%m-%d PYTHONPATH=/workspace/towen/build/strategy/prefix_override:/usr/lib/python3/dist-packages/colcon_core/task/python/colcon_distutils_commands:/workspace/towen/install/strategy/lib/python3.10/site-packages:${PYTHONPATH} /usr/bin/python3 -W ignore:setup.py install is deprecated setup.py egg_info --egg-base ../../build/strategy build --build-base /workspace/towen/build/strategy/build install --record /workspace/towen/build/strategy/install.log --single-version-externally-managed install_data
[6.350s] running egg_info
[6.409s] writing ../../build/strategy/strategy.egg-info/PKG-INFO
[6.409s] writing dependency_links to ../../build/strategy/strategy.egg-info/dependency_links.txt
[6.410s] writing entry points to ../../build/strategy/strategy.egg-info/entry_points.txt
[6.421s] writing requirements to ../../build/strategy/strategy.egg-info/requires.txt
[6.421s] writing top-level names to ../../build/strategy/strategy.egg-info/top_level.txt
[6.538s] reading manifest file '../../build/strategy/strategy.egg-info/SOURCES.txt'
[6.540s] adding license file 'LICENSE'
[6.542s] writing manifest file '../../build/strategy/strategy.egg-info/SOURCES.txt'
[6.545s] running build
[6.546s] running build_py
[6.548s] copying strategy/__init__.py -> /workspace/towen/build/strategy/build/lib/strategy
[6.549s] copying strategy/API.py -> /workspace/towen/build/strategy/build/lib/strategy
[6.552s] copying strategy/mar/__init__.py -> /workspace/towen/build/strategy/build/lib/strategy/mar
[6.553s] copying strategy/mar/mar.py -> /workspace/towen/build/strategy/build/lib/strategy/mar
[6.554s] copying strategy/wl/wl.py -> /workspace/towen/build/strategy/build/lib/strategy/wl
[6.555s] copying strategy/wl/__init__.py -> /workspace/towen/build/strategy/build/lib/strategy/wl
[6.556s] copying strategy/sp/sp.py -> /workspace/towen/build/strategy/build/lib/strategy/sp
[6.559s] copying strategy/sp/__init__.py -> /workspace/towen/build/strategy/build/lib/strategy/sp
[6.560s] copying strategy/obs/__init__.py -> /workspace/towen/build/strategy/build/lib/strategy/obs
[6.561s] copying strategy/obs/obs.py -> /workspace/towen/build/strategy/build/lib/strategy/obs
[6.564s] copying strategy/sr/__init__.py -> /workspace/towen/build/strategy/build/lib/strategy/sr
[6.566s] copying strategy/sr/sr.py -> /workspace/towen/build/strategy/build/lib/strategy/sr
[6.567s] copying strategy/bb/__init__.py -> /workspace/towen/build/strategy/build/lib/strategy/bb
[6.569s] copying strategy/bb/bb.py -> /workspace/towen/build/strategy/build/lib/strategy/bb
[6.571s] copying strategy/ar/__init__.py -> /workspace/towen/build/strategy/build/lib/strategy/ar
[6.574s] copying strategy/ar/ar.py -> /workspace/towen/build/strategy/build/lib/strategy/ar
[6.575s] running install
[6.577s] running install_lib
[6.621s] running install_data
[6.623s] copying resource/strategy -> /workspace/towen/install/strategy/share/ament_index/resource_index/packages
[6.624s] copying package.xml -> /workspace/towen/install/strategy/share/strategy
[6.625s] running install_egg_info
[6.694s] removing '/workspace/towen/install/strategy/lib/python3.10/site-packages/strategy-0.0.0-py3.10.egg-info' (and everything under it)
[6.705s] Copying ../../build/strategy/strategy.egg-info to /workspace/towen/install/strategy/lib/python3.10/site-packages/strategy-0.0.0-py3.10.egg-info
[6.712s] running install_scripts
[6.829s] Installing ar script to /workspace/towen/install/strategy/lib/strategy
[6.831s] Installing bb script to /workspace/towen/install/strategy/lib/strategy
[6.831s] Installing mar script to /workspace/towen/install/strategy/lib/strategy
[6.831s] Installing obs script to /workspace/towen/install/strategy/lib/strategy
[6.833s] Installing sp script to /workspace/towen/install/strategy/lib/strategy
[6.833s] Installing sr script to /workspace/towen/install/strategy/lib/strategy
[6.834s] Installing wl script to /workspace/towen/install/strategy/lib/strategy
[6.835s] writing list of installed files to '/workspace/towen/build/strategy/install.log'
[6.935s] Invoked command in '/workspace/towen/src/strategy' returned '0': BYOBU_DATE=%Y-%m-%d PYTHONPATH=/workspace/towen/build/strategy/prefix_override:/usr/lib/python3/dist-packages/colcon_core/task/python/colcon_distutils_commands:/workspace/towen/install/strategy/lib/python3.10/site-packages:${PYTHONPATH} /usr/bin/python3 -W ignore:setup.py install is deprecated setup.py egg_info --egg-base ../../build/strategy build --build-base /workspace/towen/build/strategy/build install --record /workspace/towen/build/strategy/install.log --single-version-externally-managed install_data
