running egg_info
creating ../../build/motionpackage/motionpackage.egg-info
writing ../../build/motionpackage/motionpackage.egg-info/PKG-INFO
writing dependency_links to ../../build/motionpackage/motionpackage.egg-info/dependency_links.txt
writing entry points to ../../build/motionpackage/motionpackage.egg-info/entry_points.txt
writing requirements to ../../build/motionpackage/motionpackage.egg-info/requires.txt
writing top-level names to ../../build/motionpackage/motionpackage.egg-info/top_level.txt
writing manifest file '../../build/motionpackage/motionpackage.egg-info/SOURCES.txt'
reading manifest file '../../build/motionpackage/motionpackage.egg-info/SOURCES.txt'
writing manifest file '../../build/motionpackage/motionpackage.egg-info/SOURCES.txt'
running build
running build_py
creating /home/iclab/Desktop/humanoid/build/motionpackage/build
creating /home/iclab/Desktop/humanoid/build/motionpackage/build/lib
creating /home/iclab/Desktop/humanoid/build/motionpackage/build/lib/motionpackage
copying motionpackage/opencr_imu.py -> /home/iclab/Desktop/humanoid/build/motionpackage/build/lib/motionpackage
copying motionpackage/__init__.py -> /home/iclab/Desktop/humanoid/build/motionpackage/build/lib/motionpackage
copying motionpackage/test.py -> /home/iclab/Desktop/humanoid/build/motionpackage/build/lib/motionpackage
copying motionpackage/walking.py -> /home/iclab/Desktop/humanoid/build/motionpackage/build/lib/motionpackage
copying motionpackage/motionpackage.py -> /home/iclab/Desktop/humanoid/build/motionpackage/build/lib/motionpackage
copying motionpackage/import struct.py -> /home/iclab/Desktop/humanoid/build/motionpackage/build/lib/motionpackage
running install
running install_lib
running install_data
running install_egg_info
removing '/home/iclab/Desktop/humanoid/install/motionpackage/lib/python3.10/site-packages/motionpackage-0.0.0-py3.10.egg-info' (and everything under it)
Copying ../../build/motionpackage/motionpackage.egg-info to /home/iclab/Desktop/humanoid/install/motionpackage/lib/python3.10/site-packages/motionpackage-0.0.0-py3.10.egg-info
running install_scripts
Installing motionpackage script to /home/iclab/Desktop/humanoid/install/motionpackage/lib/motionpackage
writing list of installed files to '/home/iclab/Desktop/humanoid/build/motionpackage/install.log'
