[0.264s] DEBUG:colcon:Command line arguments: ['/usr/bin/colcon', 'build', '--packages-select', 'rosidl_generator_cpp']
[0.264s] DEBUG:colcon:Parsed command line arguments: Namespace(log_base=None, log_level=None, verb_name='build', build_base='build', install_base='install', merge_install=False, symlink_install=False, test_result_base=None, continue_on_error=False, executor='parallel', parallel_workers=6, event_handlers=None, ignore_user_meta=False, metas=['./colcon.meta'], base_paths=['.'], packages_ignore=None, packages_ignore_regex=None, paths=None, packages_up_to=None, packages_up_to_regex=None, packages_above=None, packages_above_and_dependencies=None, packages_above_depth=None, packages_select_by_dep=None, packages_skip_by_dep=None, packages_skip_up_to=None, packages_select_build_failed=False, packages_skip_build_finished=False, packages_select_test_failures=False, packages_skip_test_passed=False, packages_select=['rosidl_generator_cpp'], packages_skip=None, packages_select_regex=None, packages_skip_regex=None, packages_start=None, packages_end=None, cmake_args=None, cmake_target=None, cmake_target_skip_unavailable=False, cmake_clean_cache=False, cmake_clean_first=False, cmake_force_configure=False, ament_cmake_args=None, catkin_cmake_args=None, catkin_skip_building_tests=False, verb_parser=<colcon_defaults.argument_parser.defaults.DefaultArgumentsDecorator object at 0xffffa3afb520>, verb_extension=<colcon_core.verb.build.BuildVerb object at 0xffffa3c58370>, main=<bound method BuildVerb.main of <colcon_core.verb.build.BuildVerb object at 0xffffa3c58370>>)
[0.361s] Level 1:colcon.colcon_core.package_discovery:discover_packages(colcon_meta) check parameters
[0.362s] Level 1:colcon.colcon_core.package_discovery:discover_packages(recursive) check parameters
[0.362s] Level 1:colcon.colcon_core.package_discovery:discover_packages(ignore) check parameters
[0.362s] Level 1:colcon.colcon_core.package_discovery:discover_packages(path) check parameters
[0.362s] Level 1:colcon.colcon_core.package_discovery:discover_packages(colcon_meta) discover
[0.362s] Level 1:colcon.colcon_core.package_discovery:discover_packages(recursive) discover
[0.362s] INFO:colcon.colcon_core.package_discovery:Crawling recursively for packages in '/workspace/towen'
[0.363s] Level 1:colcon.colcon_core.package_identification:_identify(.) by extensions ['ignore', 'ignore_ament_install']
[0.363s] Level 1:colcon.colcon_core.package_identification:_identify(.) by extension 'ignore'
[0.363s] Level 1:colcon.colcon_core.package_identification:_identify(.) by extension 'ignore_ament_install'
[0.363s] Level 1:colcon.colcon_core.package_identification:_identify(.) by extensions ['colcon_pkg']
[0.363s] Level 1:colcon.colcon_core.package_identification:_identify(.) by extension 'colcon_pkg'
[0.363s] Level 1:colcon.colcon_core.package_identification:_identify(.) by extensions ['colcon_meta']
[0.363s] Level 1:colcon.colcon_core.package_identification:_identify(.) by extension 'colcon_meta'
[0.364s] Level 1:colcon.colcon_core.package_identification:_identify(.) by extensions ['ros']
[0.364s] Level 1:colcon.colcon_core.package_identification:_identify(.) by extension 'ros'
[0.399s] Level 1:colcon.colcon_core.package_identification:_identify(.) by extensions ['cmake', 'python']
[0.399s] Level 1:colcon.colcon_core.package_identification:_identify(.) by extension 'cmake'
[0.399s] Level 1:colcon.colcon_core.package_identification:_identify(.) by extension 'python'
[0.399s] Level 1:colcon.colcon_core.package_identification:_identify(.) by extensions ['python_setup_py']
[0.399s] Level 1:colcon.colcon_core.package_identification:_identify(.) by extension 'python_setup_py'
[0.400s] Level 1:colcon.colcon_core.package_identification:_identify(build) by extensions ['ignore', 'ignore_ament_install']
[0.400s] Level 1:colcon.colcon_core.package_identification:_identify(build) by extension 'ignore'
[0.400s] Level 1:colcon.colcon_core.package_identification:_identify(build) ignored
[0.400s] Level 1:colcon.colcon_core.package_identification:_identify(hurocup_interface) by extensions ['ignore', 'ignore_ament_install']
[0.401s] Level 1:colcon.colcon_core.package_identification:_identify(hurocup_interface) by extension 'ignore'
[0.401s] Level 1:colcon.colcon_core.package_identification:_identify(hurocup_interface) by extension 'ignore_ament_install'
[0.401s] Level 1:colcon.colcon_core.package_identification:_identify(hurocup_interface) by extensions ['colcon_pkg']
[0.401s] Level 1:colcon.colcon_core.package_identification:_identify(hurocup_interface) by extension 'colcon_pkg'
[0.401s] Level 1:colcon.colcon_core.package_identification:_identify(hurocup_interface) by extensions ['colcon_meta']
[0.401s] Level 1:colcon.colcon_core.package_identification:_identify(hurocup_interface) by extension 'colcon_meta'
[0.401s] Level 1:colcon.colcon_core.package_identification:_identify(hurocup_interface) by extensions ['ros']
[0.401s] Level 1:colcon.colcon_core.package_identification:_identify(hurocup_interface) by extension 'ros'
[0.402s] Level 1:colcon.colcon_core.package_identification:_identify(hurocup_interface) by extensions ['cmake', 'python']
[0.402s] Level 1:colcon.colcon_core.package_identification:_identify(hurocup_interface) by extension 'cmake'
[0.402s] Level 1:colcon.colcon_core.package_identification:_identify(hurocup_interface) by extension 'python'
[0.402s] Level 1:colcon.colcon_core.package_identification:_identify(hurocup_interface) by extensions ['python_setup_py']
[0.402s] Level 1:colcon.colcon_core.package_identification:_identify(hurocup_interface) by extension 'python_setup_py'
[0.402s] Level 1:colcon.colcon_core.package_identification:_identify(hurocup_interface/css) by extensions ['ignore', 'ignore_ament_install']
[0.402s] Level 1:colcon.colcon_core.package_identification:_identify(hurocup_interface/css) by extension 'ignore'
[0.403s] Level 1:colcon.colcon_core.package_identification:_identify(hurocup_interface/css) by extension 'ignore_ament_install'
[0.403s] Level 1:colcon.colcon_core.package_identification:_identify(hurocup_interface/css) by extensions ['colcon_pkg']
[0.403s] Level 1:colcon.colcon_core.package_identification:_identify(hurocup_interface/css) by extension 'colcon_pkg'
[0.403s] Level 1:colcon.colcon_core.package_identification:_identify(hurocup_interface/css) by extensions ['colcon_meta']
[0.403s] Level 1:colcon.colcon_core.package_identification:_identify(hurocup_interface/css) by extension 'colcon_meta'
[0.403s] Level 1:colcon.colcon_core.package_identification:_identify(hurocup_interface/css) by extensions ['ros']
[0.403s] Level 1:colcon.colcon_core.package_identification:_identify(hurocup_interface/css) by extension 'ros'
[0.403s] Level 1:colcon.colcon_core.package_identification:_identify(hurocup_interface/css) by extensions ['cmake', 'python']
[0.403s] Level 1:colcon.colcon_core.package_identification:_identify(hurocup_interface/css) by extension 'cmake'
[0.404s] Level 1:colcon.colcon_core.package_identification:_identify(hurocup_interface/css) by extension 'python'
[0.404s] Level 1:colcon.colcon_core.package_identification:_identify(hurocup_interface/css) by extensions ['python_setup_py']
[0.404s] Level 1:colcon.colcon_core.package_identification:_identify(hurocup_interface/css) by extension 'python_setup_py'
[0.404s] Level 1:colcon.colcon_core.package_identification:_identify(hurocup_interface/jquery-ui-1.11.4) by extensions ['ignore', 'ignore_ament_install']
[0.404s] Level 1:colcon.colcon_core.package_identification:_identify(hurocup_interface/jquery-ui-1.11.4) by extension 'ignore'
[0.404s] Level 1:colcon.colcon_core.package_identification:_identify(hurocup_interface/jquery-ui-1.11.4) by extension 'ignore_ament_install'
[0.405s] Level 1:colcon.colcon_core.package_identification:_identify(hurocup_interface/jquery-ui-1.11.4) by extensions ['colcon_pkg']
[0.405s] Level 1:colcon.colcon_core.package_identification:_identify(hurocup_interface/jquery-ui-1.11.4) by extension 'colcon_pkg'
[0.405s] Level 1:colcon.colcon_core.package_identification:_identify(hurocup_interface/jquery-ui-1.11.4) by extensions ['colcon_meta']
[0.405s] Level 1:colcon.colcon_core.package_identification:_identify(hurocup_interface/jquery-ui-1.11.4) by extension 'colcon_meta'
[0.405s] Level 1:colcon.colcon_core.package_identification:_identify(hurocup_interface/jquery-ui-1.11.4) by extensions ['ros']
[0.405s] Level 1:colcon.colcon_core.package_identification:_identify(hurocup_interface/jquery-ui-1.11.4) by extension 'ros'
[0.405s] Level 1:colcon.colcon_core.package_identification:_identify(hurocup_interface/jquery-ui-1.11.4) by extensions ['cmake', 'python']
[0.405s] Level 1:colcon.colcon_core.package_identification:_identify(hurocup_interface/jquery-ui-1.11.4) by extension 'cmake'
[0.405s] Level 1:colcon.colcon_core.package_identification:_identify(hurocup_interface/jquery-ui-1.11.4) by extension 'python'
[0.405s] Level 1:colcon.colcon_core.package_identification:_identify(hurocup_interface/jquery-ui-1.11.4) by extensions ['python_setup_py']
[0.406s] Level 1:colcon.colcon_core.package_identification:_identify(hurocup_interface/jquery-ui-1.11.4) by extension 'python_setup_py'
[0.406s] Level 1:colcon.colcon_core.package_identification:_identify(hurocup_interface/jquery-ui-1.11.4/external) by extensions ['ignore', 'ignore_ament_install']
[0.406s] Level 1:colcon.colcon_core.package_identification:_identify(hurocup_interface/jquery-ui-1.11.4/external) by extension 'ignore'
[0.406s] Level 1:colcon.colcon_core.package_identification:_identify(hurocup_interface/jquery-ui-1.11.4/external) by extension 'ignore_ament_install'
[0.406s] Level 1:colcon.colcon_core.package_identification:_identify(hurocup_interface/jquery-ui-1.11.4/external) by extensions ['colcon_pkg']
[0.406s] Level 1:colcon.colcon_core.package_identification:_identify(hurocup_interface/jquery-ui-1.11.4/external) by extension 'colcon_pkg'
[0.406s] Level 1:colcon.colcon_core.package_identification:_identify(hurocup_interface/jquery-ui-1.11.4/external) by extensions ['colcon_meta']
[0.407s] Level 1:colcon.colcon_core.package_identification:_identify(hurocup_interface/jquery-ui-1.11.4/external) by extension 'colcon_meta'
[0.407s] Level 1:colcon.colcon_core.package_identification:_identify(hurocup_interface/jquery-ui-1.11.4/external) by extensions ['ros']
[0.407s] Level 1:colcon.colcon_core.package_identification:_identify(hurocup_interface/jquery-ui-1.11.4/external) by extension 'ros'
[0.407s] Level 1:colcon.colcon_core.package_identification:_identify(hurocup_interface/jquery-ui-1.11.4/external) by extensions ['cmake', 'python']
[0.407s] Level 1:colcon.colcon_core.package_identification:_identify(hurocup_interface/jquery-ui-1.11.4/external) by extension 'cmake'
[0.407s] Level 1:colcon.colcon_core.package_identification:_identify(hurocup_interface/jquery-ui-1.11.4/external) by extension 'python'
[0.407s] Level 1:colcon.colcon_core.package_identification:_identify(hurocup_interface/jquery-ui-1.11.4/external) by extensions ['python_setup_py']
[0.407s] Level 1:colcon.colcon_core.package_identification:_identify(hurocup_interface/jquery-ui-1.11.4/external) by extension 'python_setup_py'
[0.408s] Level 1:colcon.colcon_core.package_identification:_identify(hurocup_interface/jquery-ui-1.11.4/external/jquery) by extensions ['ignore', 'ignore_ament_install']
[0.408s] Level 1:colcon.colcon_core.package_identification:_identify(hurocup_interface/jquery-ui-1.11.4/external/jquery) by extension 'ignore'
[0.408s] Level 1:colcon.colcon_core.package_identification:_identify(hurocup_interface/jquery-ui-1.11.4/external/jquery) by extension 'ignore_ament_install'
[0.408s] Level 1:colcon.colcon_core.package_identification:_identify(hurocup_interface/jquery-ui-1.11.4/external/jquery) by extensions ['colcon_pkg']
[0.408s] Level 1:colcon.colcon_core.package_identification:_identify(hurocup_interface/jquery-ui-1.11.4/external/jquery) by extension 'colcon_pkg'
[0.408s] Level 1:colcon.colcon_core.package_identification:_identify(hurocup_interface/jquery-ui-1.11.4/external/jquery) by extensions ['colcon_meta']
[0.408s] Level 1:colcon.colcon_core.package_identification:_identify(hurocup_interface/jquery-ui-1.11.4/external/jquery) by extension 'colcon_meta'
[0.408s] Level 1:colcon.colcon_core.package_identification:_identify(hurocup_interface/jquery-ui-1.11.4/external/jquery) by extensions ['ros']
[0.409s] Level 1:colcon.colcon_core.package_identification:_identify(hurocup_interface/jquery-ui-1.11.4/external/jquery) by extension 'ros'
[0.409s] Level 1:colcon.colcon_core.package_identification:_identify(hurocup_interface/jquery-ui-1.11.4/external/jquery) by extensions ['cmake', 'python']
[0.409s] Level 1:colcon.colcon_core.package_identification:_identify(hurocup_interface/jquery-ui-1.11.4/external/jquery) by extension 'cmake'
[0.409s] Level 1:colcon.colcon_core.package_identification:_identify(hurocup_interface/jquery-ui-1.11.4/external/jquery) by extension 'python'
[0.409s] Level 1:colcon.colcon_core.package_identification:_identify(hurocup_interface/jquery-ui-1.11.4/external/jquery) by extensions ['python_setup_py']
[0.409s] Level 1:colcon.colcon_core.package_identification:_identify(hurocup_interface/jquery-ui-1.11.4/external/jquery) by extension 'python_setup_py'
[0.409s] Level 1:colcon.colcon_core.package_identification:_identify(hurocup_interface/jquery-ui-1.11.4/images) by extensions ['ignore', 'ignore_ament_install']
[0.410s] Level 1:colcon.colcon_core.package_identification:_identify(hurocup_interface/jquery-ui-1.11.4/images) by extension 'ignore'
[0.410s] Level 1:colcon.colcon_core.package_identification:_identify(hurocup_interface/jquery-ui-1.11.4/images) by extension 'ignore_ament_install'
[0.410s] Level 1:colcon.colcon_core.package_identification:_identify(hurocup_interface/jquery-ui-1.11.4/images) by extensions ['colcon_pkg']
[0.410s] Level 1:colcon.colcon_core.package_identification:_identify(hurocup_interface/jquery-ui-1.11.4/images) by extension 'colcon_pkg'
[0.410s] Level 1:colcon.colcon_core.package_identification:_identify(hurocup_interface/jquery-ui-1.11.4/images) by extensions ['colcon_meta']
[0.410s] Level 1:colcon.colcon_core.package_identification:_identify(hurocup_interface/jquery-ui-1.11.4/images) by extension 'colcon_meta'
[0.410s] Level 1:colcon.colcon_core.package_identification:_identify(hurocup_interface/jquery-ui-1.11.4/images) by extensions ['ros']
[0.410s] Level 1:colcon.colcon_core.package_identification:_identify(hurocup_interface/jquery-ui-1.11.4/images) by extension 'ros'
[0.411s] Level 1:colcon.colcon_core.package_identification:_identify(hurocup_interface/jquery-ui-1.11.4/images) by extensions ['cmake', 'python']
[0.411s] Level 1:colcon.colcon_core.package_identification:_identify(hurocup_interface/jquery-ui-1.11.4/images) by extension 'cmake'
[0.411s] Level 1:colcon.colcon_core.package_identification:_identify(hurocup_interface/jquery-ui-1.11.4/images) by extension 'python'
[0.411s] Level 1:colcon.colcon_core.package_identification:_identify(hurocup_interface/jquery-ui-1.11.4/images) by extensions ['python_setup_py']
[0.411s] Level 1:colcon.colcon_core.package_identification:_identify(hurocup_interface/jquery-ui-1.11.4/images) by extension 'python_setup_py'
[0.411s] Level 1:colcon.colcon_core.package_identification:_identify(hurocup_interface/js) by extensions ['ignore', 'ignore_ament_install']
[0.411s] Level 1:colcon.colcon_core.package_identification:_identify(hurocup_interface/js) by extension 'ignore'
[0.411s] Level 1:colcon.colcon_core.package_identification:_identify(hurocup_interface/js) by extension 'ignore_ament_install'
[0.412s] Level 1:colcon.colcon_core.package_identification:_identify(hurocup_interface/js) by extensions ['colcon_pkg']
[0.412s] Level 1:colcon.colcon_core.package_identification:_identify(hurocup_interface/js) by extension 'colcon_pkg'
[0.412s] Level 1:colcon.colcon_core.package_identification:_identify(hurocup_interface/js) by extensions ['colcon_meta']
[0.412s] Level 1:colcon.colcon_core.package_identification:_identify(hurocup_interface/js) by extension 'colcon_meta'
[0.412s] Level 1:colcon.colcon_core.package_identification:_identify(hurocup_interface/js) by extensions ['ros']
[0.412s] Level 1:colcon.colcon_core.package_identification:_identify(hurocup_interface/js) by extension 'ros'
[0.412s] Level 1:colcon.colcon_core.package_identification:_identify(hurocup_interface/js) by extensions ['cmake', 'python']
[0.412s] Level 1:colcon.colcon_core.package_identification:_identify(hurocup_interface/js) by extension 'cmake'
[0.412s] Level 1:colcon.colcon_core.package_identification:_identify(hurocup_interface/js) by extension 'python'
[0.413s] Level 1:colcon.colcon_core.package_identification:_identify(hurocup_interface/js) by extensions ['python_setup_py']
[0.413s] Level 1:colcon.colcon_core.package_identification:_identify(hurocup_interface/js) by extension 'python_setup_py'
[0.413s] Level 1:colcon.colcon_core.package_identification:_identify(hurocup_interface/js/roslib) by extensions ['ignore', 'ignore_ament_install']
[0.413s] Level 1:colcon.colcon_core.package_identification:_identify(hurocup_interface/js/roslib) by extension 'ignore'
[0.413s] Level 1:colcon.colcon_core.package_identification:_identify(hurocup_interface/js/roslib) by extension 'ignore_ament_install'
[0.413s] Level 1:colcon.colcon_core.package_identification:_identify(hurocup_interface/js/roslib) by extensions ['colcon_pkg']
[0.413s] Level 1:colcon.colcon_core.package_identification:_identify(hurocup_interface/js/roslib) by extension 'colcon_pkg'
[0.413s] Level 1:colcon.colcon_core.package_identification:_identify(hurocup_interface/js/roslib) by extensions ['colcon_meta']
[0.414s] Level 1:colcon.colcon_core.package_identification:_identify(hurocup_interface/js/roslib) by extension 'colcon_meta'
[0.414s] Level 1:colcon.colcon_core.package_identification:_identify(hurocup_interface/js/roslib) by extensions ['ros']
[0.414s] Level 1:colcon.colcon_core.package_identification:_identify(hurocup_interface/js/roslib) by extension 'ros'
[0.414s] Level 1:colcon.colcon_core.package_identification:_identify(hurocup_interface/js/roslib) by extensions ['cmake', 'python']
[0.414s] Level 1:colcon.colcon_core.package_identification:_identify(hurocup_interface/js/roslib) by extension 'cmake'
[0.414s] Level 1:colcon.colcon_core.package_identification:_identify(hurocup_interface/js/roslib) by extension 'python'
[0.414s] Level 1:colcon.colcon_core.package_identification:_identify(hurocup_interface/js/roslib) by extensions ['python_setup_py']
[0.414s] Level 1:colcon.colcon_core.package_identification:_identify(hurocup_interface/js/roslib) by extension 'python_setup_py'
[0.415s] Level 1:colcon.colcon_core.package_identification:_identify(hurocup_interface/picture) by extensions ['ignore', 'ignore_ament_install']
[0.415s] Level 1:colcon.colcon_core.package_identification:_identify(hurocup_interface/picture) by extension 'ignore'
[0.415s] Level 1:colcon.colcon_core.package_identification:_identify(hurocup_interface/picture) by extension 'ignore_ament_install'
[0.415s] Level 1:colcon.colcon_core.package_identification:_identify(hurocup_interface/picture) by extensions ['colcon_pkg']
[0.415s] Level 1:colcon.colcon_core.package_identification:_identify(hurocup_interface/picture) by extension 'colcon_pkg'
[0.415s] Level 1:colcon.colcon_core.package_identification:_identify(hurocup_interface/picture) by extensions ['colcon_meta']
[0.415s] Level 1:colcon.colcon_core.package_identification:_identify(hurocup_interface/picture) by extension 'colcon_meta'
[0.415s] Level 1:colcon.colcon_core.package_identification:_identify(hurocup_interface/picture) by extensions ['ros']
[0.415s] Level 1:colcon.colcon_core.package_identification:_identify(hurocup_interface/picture) by extension 'ros'
[0.416s] Level 1:colcon.colcon_core.package_identification:_identify(hurocup_interface/picture) by extensions ['cmake', 'python']
[0.416s] Level 1:colcon.colcon_core.package_identification:_identify(hurocup_interface/picture) by extension 'cmake'
[0.416s] Level 1:colcon.colcon_core.package_identification:_identify(hurocup_interface/picture) by extension 'python'
[0.416s] Level 1:colcon.colcon_core.package_identification:_identify(hurocup_interface/picture) by extensions ['python_setup_py']
[0.416s] Level 1:colcon.colcon_core.package_identification:_identify(hurocup_interface/picture) by extension 'python_setup_py'
[0.416s] Level 1:colcon.colcon_core.package_identification:_identify(hurocup_interface/resources) by extensions ['ignore', 'ignore_ament_install']
[0.416s] Level 1:colcon.colcon_core.package_identification:_identify(hurocup_interface/resources) by extension 'ignore'
[0.417s] Level 1:colcon.colcon_core.package_identification:_identify(hurocup_interface/resources) by extension 'ignore_ament_install'
[0.417s] Level 1:colcon.colcon_core.package_identification:_identify(hurocup_interface/resources) by extensions ['colcon_pkg']
[0.417s] Level 1:colcon.colcon_core.package_identification:_identify(hurocup_interface/resources) by extension 'colcon_pkg'
[0.417s] Level 1:colcon.colcon_core.package_identification:_identify(hurocup_interface/resources) by extensions ['colcon_meta']
[0.417s] Level 1:colcon.colcon_core.package_identification:_identify(hurocup_interface/resources) by extension 'colcon_meta'
[0.417s] Level 1:colcon.colcon_core.package_identification:_identify(hurocup_interface/resources) by extensions ['ros']
[0.417s] Level 1:colcon.colcon_core.package_identification:_identify(hurocup_interface/resources) by extension 'ros'
[0.417s] Level 1:colcon.colcon_core.package_identification:_identify(hurocup_interface/resources) by extensions ['cmake', 'python']
[0.417s] Level 1:colcon.colcon_core.package_identification:_identify(hurocup_interface/resources) by extension 'cmake'
[0.418s] Level 1:colcon.colcon_core.package_identification:_identify(hurocup_interface/resources) by extension 'python'
[0.418s] Level 1:colcon.colcon_core.package_identification:_identify(hurocup_interface/resources) by extensions ['python_setup_py']
[0.418s] Level 1:colcon.colcon_core.package_identification:_identify(hurocup_interface/resources) by extension 'python_setup_py'
[0.418s] Level 1:colcon.colcon_core.package_identification:_identify(hurocup_interface/resources/TKU_ICLab) by extensions ['ignore', 'ignore_ament_install']
[0.418s] Level 1:colcon.colcon_core.package_identification:_identify(hurocup_interface/resources/TKU_ICLab) by extension 'ignore'
[0.418s] Level 1:colcon.colcon_core.package_identification:_identify(hurocup_interface/resources/TKU_ICLab) by extension 'ignore_ament_install'
[0.418s] Level 1:colcon.colcon_core.package_identification:_identify(hurocup_interface/resources/TKU_ICLab) by extensions ['colcon_pkg']
[0.418s] Level 1:colcon.colcon_core.package_identification:_identify(hurocup_interface/resources/TKU_ICLab) by extension 'colcon_pkg'
[0.419s] Level 1:colcon.colcon_core.package_identification:_identify(hurocup_interface/resources/TKU_ICLab) by extensions ['colcon_meta']
[0.419s] Level 1:colcon.colcon_core.package_identification:_identify(hurocup_interface/resources/TKU_ICLab) by extension 'colcon_meta'
[0.419s] Level 1:colcon.colcon_core.package_identification:_identify(hurocup_interface/resources/TKU_ICLab) by extensions ['ros']
[0.419s] Level 1:colcon.colcon_core.package_identification:_identify(hurocup_interface/resources/TKU_ICLab) by extension 'ros'
[0.419s] Level 1:colcon.colcon_core.package_identification:_identify(hurocup_interface/resources/TKU_ICLab) by extensions ['cmake', 'python']
[0.419s] Level 1:colcon.colcon_core.package_identification:_identify(hurocup_interface/resources/TKU_ICLab) by extension 'cmake'
[0.419s] Level 1:colcon.colcon_core.package_identification:_identify(hurocup_interface/resources/TKU_ICLab) by extension 'python'
[0.419s] Level 1:colcon.colcon_core.package_identification:_identify(hurocup_interface/resources/TKU_ICLab) by extensions ['python_setup_py']
[0.419s] Level 1:colcon.colcon_core.package_identification:_identify(hurocup_interface/resources/TKU_ICLab) by extension 'python_setup_py'
[0.420s] Level 1:colcon.colcon_core.package_identification:_identify(hurocup_interface/roslibjs) by extensions ['ignore', 'ignore_ament_install']
[0.420s] Level 1:colcon.colcon_core.package_identification:_identify(hurocup_interface/roslibjs) by extension 'ignore'
[0.420s] Level 1:colcon.colcon_core.package_identification:_identify(hurocup_interface/roslibjs) by extension 'ignore_ament_install'
[0.420s] Level 1:colcon.colcon_core.package_identification:_identify(hurocup_interface/roslibjs) by extensions ['colcon_pkg']
[0.420s] Level 1:colcon.colcon_core.package_identification:_identify(hurocup_interface/roslibjs) by extension 'colcon_pkg'
[0.420s] Level 1:colcon.colcon_core.package_identification:_identify(hurocup_interface/roslibjs) by extensions ['colcon_meta']
[0.420s] Level 1:colcon.colcon_core.package_identification:_identify(hurocup_interface/roslibjs) by extension 'colcon_meta'
[0.420s] Level 1:colcon.colcon_core.package_identification:_identify(hurocup_interface/roslibjs) by extensions ['ros']
[0.421s] Level 1:colcon.colcon_core.package_identification:_identify(hurocup_interface/roslibjs) by extension 'ros'
[0.421s] Level 1:colcon.colcon_core.package_identification:_identify(hurocup_interface/roslibjs) by extensions ['cmake', 'python']
[0.421s] Level 1:colcon.colcon_core.package_identification:_identify(hurocup_interface/roslibjs) by extension 'cmake'
[0.421s] Level 1:colcon.colcon_core.package_identification:_identify(hurocup_interface/roslibjs) by extension 'python'
[0.421s] Level 1:colcon.colcon_core.package_identification:_identify(hurocup_interface/roslibjs) by extensions ['python_setup_py']
[0.421s] Level 1:colcon.colcon_core.package_identification:_identify(hurocup_interface/roslibjs) by extension 'python_setup_py'
[0.421s] Level 1:colcon.colcon_core.package_identification:_identify(install) by extensions ['ignore', 'ignore_ament_install']
[0.422s] Level 1:colcon.colcon_core.package_identification:_identify(install) by extension 'ignore'
[0.422s] Level 1:colcon.colcon_core.package_identification:_identify(install) ignored
[0.422s] Level 1:colcon.colcon_core.package_identification:_identify(log) by extensions ['ignore', 'ignore_ament_install']
[0.422s] Level 1:colcon.colcon_core.package_identification:_identify(log) by extension 'ignore'
[0.422s] Level 1:colcon.colcon_core.package_identification:_identify(log) ignored
[0.422s] Level 1:colcon.colcon_core.package_identification:_identify(src) by extensions ['ignore', 'ignore_ament_install']
[0.423s] Level 1:colcon.colcon_core.package_identification:_identify(src) by extension 'ignore'
[0.423s] Level 1:colcon.colcon_core.package_identification:_identify(src) by extension 'ignore_ament_install'
[0.423s] Level 1:colcon.colcon_core.package_identification:_identify(src) by extensions ['colcon_pkg']
[0.423s] Level 1:colcon.colcon_core.package_identification:_identify(src) by extension 'colcon_pkg'
[0.423s] Level 1:colcon.colcon_core.package_identification:_identify(src) by extensions ['colcon_meta']
[0.423s] Level 1:colcon.colcon_core.package_identification:_identify(src) by extension 'colcon_meta'
[0.423s] Level 1:colcon.colcon_core.package_identification:_identify(src) by extensions ['ros']
[0.423s] Level 1:colcon.colcon_core.package_identification:_identify(src) by extension 'ros'
[0.423s] Level 1:colcon.colcon_core.package_identification:_identify(src) by extensions ['cmake', 'python']
[0.424s] Level 1:colcon.colcon_core.package_identification:_identify(src) by extension 'cmake'
[0.424s] Level 1:colcon.colcon_core.package_identification:_identify(src) by extension 'python'
[0.424s] Level 1:colcon.colcon_core.package_identification:_identify(src) by extensions ['python_setup_py']
[0.424s] Level 1:colcon.colcon_core.package_identification:_identify(src) by extension 'python_setup_py'
[0.424s] Level 1:colcon.colcon_core.package_identification:_identify(src/imageprocess) by extensions ['ignore', 'ignore_ament_install']
[0.424s] Level 1:colcon.colcon_core.package_identification:_identify(src/imageprocess) by extension 'ignore'
[0.424s] Level 1:colcon.colcon_core.package_identification:_identify(src/imageprocess) by extension 'ignore_ament_install'
[0.425s] Level 1:colcon.colcon_core.package_identification:_identify(src/imageprocess) by extensions ['colcon_pkg']
[0.425s] Level 1:colcon.colcon_core.package_identification:_identify(src/imageprocess) by extension 'colcon_pkg'
[0.425s] Level 1:colcon.colcon_core.package_identification:_identify(src/imageprocess) by extensions ['colcon_meta']
[0.425s] Level 1:colcon.colcon_core.package_identification:_identify(src/imageprocess) by extension 'colcon_meta'
[0.425s] Level 1:colcon.colcon_core.package_identification:_identify(src/imageprocess) by extensions ['ros']
[0.425s] Level 1:colcon.colcon_core.package_identification:_identify(src/imageprocess) by extension 'ros'
[0.430s] DEBUG:colcon.colcon_core.package_identification:Package 'src/imageprocess' with type 'ros.ament_python' and name 'imageprocess'
[0.431s] Level 1:colcon.colcon_core.package_identification:_identify(src/motionpackage) by extensions ['ignore', 'ignore_ament_install']
[0.431s] Level 1:colcon.colcon_core.package_identification:_identify(src/motionpackage) by extension 'ignore'
[0.431s] Level 1:colcon.colcon_core.package_identification:_identify(src/motionpackage) by extension 'ignore_ament_install'
[0.431s] Level 1:colcon.colcon_core.package_identification:_identify(src/motionpackage) by extensions ['colcon_pkg']
[0.432s] Level 1:colcon.colcon_core.package_identification:_identify(src/motionpackage) by extension 'colcon_pkg'
[0.432s] Level 1:colcon.colcon_core.package_identification:_identify(src/motionpackage) by extensions ['colcon_meta']
[0.432s] Level 1:colcon.colcon_core.package_identification:_identify(src/motionpackage) by extension 'colcon_meta'
[0.432s] Level 1:colcon.colcon_core.package_identification:_identify(src/motionpackage) by extensions ['ros']
[0.432s] Level 1:colcon.colcon_core.package_identification:_identify(src/motionpackage) by extension 'ros'
[0.433s] DEBUG:colcon.colcon_core.package_identification:Package 'src/motionpackage' with type 'ros.ament_python' and name 'motionpackage'
[0.434s] Level 1:colcon.colcon_core.package_identification:_identify(src/rosidl) by extensions ['ignore', 'ignore_ament_install']
[0.434s] Level 1:colcon.colcon_core.package_identification:_identify(src/rosidl) by extension 'ignore'
[0.434s] Level 1:colcon.colcon_core.package_identification:_identify(src/rosidl) by extension 'ignore_ament_install'
[0.434s] Level 1:colcon.colcon_core.package_identification:_identify(src/rosidl) by extensions ['colcon_pkg']
[0.434s] Level 1:colcon.colcon_core.package_identification:_identify(src/rosidl) by extension 'colcon_pkg'
[0.434s] Level 1:colcon.colcon_core.package_identification:_identify(src/rosidl) by extensions ['colcon_meta']
[0.434s] Level 1:colcon.colcon_core.package_identification:_identify(src/rosidl) by extension 'colcon_meta'
[0.435s] Level 1:colcon.colcon_core.package_identification:_identify(src/rosidl) by extensions ['ros']
[0.435s] Level 1:colcon.colcon_core.package_identification:_identify(src/rosidl) by extension 'ros'
[0.435s] Level 1:colcon.colcon_core.package_identification:_identify(src/rosidl) by extensions ['cmake', 'python']
[0.435s] Level 1:colcon.colcon_core.package_identification:_identify(src/rosidl) by extension 'cmake'
[0.435s] Level 1:colcon.colcon_core.package_identification:_identify(src/rosidl) by extension 'python'
[0.435s] Level 1:colcon.colcon_core.package_identification:_identify(src/rosidl) by extensions ['python_setup_py']
[0.435s] Level 1:colcon.colcon_core.package_identification:_identify(src/rosidl) by extension 'python_setup_py'
[0.436s] Level 1:colcon.colcon_core.package_identification:_identify(src/rosidl/rosidl_adapter) by extensions ['ignore', 'ignore_ament_install']
[0.436s] Level 1:colcon.colcon_core.package_identification:_identify(src/rosidl/rosidl_adapter) by extension 'ignore'
[0.436s] Level 1:colcon.colcon_core.package_identification:_identify(src/rosidl/rosidl_adapter) by extension 'ignore_ament_install'
[0.436s] Level 1:colcon.colcon_core.package_identification:_identify(src/rosidl/rosidl_adapter) by extensions ['colcon_pkg']
[0.436s] Level 1:colcon.colcon_core.package_identification:_identify(src/rosidl/rosidl_adapter) by extension 'colcon_pkg'
[0.436s] Level 1:colcon.colcon_core.package_identification:_identify(src/rosidl/rosidl_adapter) by extensions ['colcon_meta']
[0.436s] Level 1:colcon.colcon_core.package_identification:_identify(src/rosidl/rosidl_adapter) by extension 'colcon_meta'
[0.436s] Level 1:colcon.colcon_core.package_identification:_identify(src/rosidl/rosidl_adapter) by extensions ['ros']
[0.437s] Level 1:colcon.colcon_core.package_identification:_identify(src/rosidl/rosidl_adapter) by extension 'ros'
[0.438s] DEBUG:colcon.colcon_core.package_identification:Package 'src/rosidl/rosidl_adapter' with type 'ros.ament_cmake' and name 'rosidl_adapter'
[0.438s] Level 1:colcon.colcon_core.package_identification:_identify(src/rosidl/rosidl_cli) by extensions ['ignore', 'ignore_ament_install']
[0.438s] Level 1:colcon.colcon_core.package_identification:_identify(src/rosidl/rosidl_cli) by extension 'ignore'
[0.439s] Level 1:colcon.colcon_core.package_identification:_identify(src/rosidl/rosidl_cli) by extension 'ignore_ament_install'
[0.439s] Level 1:colcon.colcon_core.package_identification:_identify(src/rosidl/rosidl_cli) by extensions ['colcon_pkg']
[0.439s] Level 1:colcon.colcon_core.package_identification:_identify(src/rosidl/rosidl_cli) by extension 'colcon_pkg'
[0.439s] Level 1:colcon.colcon_core.package_identification:_identify(src/rosidl/rosidl_cli) by extensions ['colcon_meta']
[0.439s] Level 1:colcon.colcon_core.package_identification:_identify(src/rosidl/rosidl_cli) by extension 'colcon_meta'
[0.439s] Level 1:colcon.colcon_core.package_identification:_identify(src/rosidl/rosidl_cli) by extensions ['ros']
[0.439s] Level 1:colcon.colcon_core.package_identification:_identify(src/rosidl/rosidl_cli) by extension 'ros'
[0.441s] DEBUG:colcon.colcon_core.package_identification:Package 'src/rosidl/rosidl_cli' with type 'ros.ament_python' and name 'rosidl_cli'
[0.441s] Level 1:colcon.colcon_core.package_identification:_identify(src/rosidl/rosidl_cmake) by extensions ['ignore', 'ignore_ament_install']
[0.441s] Level 1:colcon.colcon_core.package_identification:_identify(src/rosidl/rosidl_cmake) by extension 'ignore'
[0.441s] Level 1:colcon.colcon_core.package_identification:_identify(src/rosidl/rosidl_cmake) by extension 'ignore_ament_install'
[0.441s] Level 1:colcon.colcon_core.package_identification:_identify(src/rosidl/rosidl_cmake) by extensions ['colcon_pkg']
[0.441s] Level 1:colcon.colcon_core.package_identification:_identify(src/rosidl/rosidl_cmake) by extension 'colcon_pkg'
[0.442s] Level 1:colcon.colcon_core.package_identification:_identify(src/rosidl/rosidl_cmake) by extensions ['colcon_meta']
[0.442s] Level 1:colcon.colcon_core.package_identification:_identify(src/rosidl/rosidl_cmake) by extension 'colcon_meta'
[0.442s] Level 1:colcon.colcon_core.package_identification:_identify(src/rosidl/rosidl_cmake) by extensions ['ros']
[0.442s] Level 1:colcon.colcon_core.package_identification:_identify(src/rosidl/rosidl_cmake) by extension 'ros'
[0.443s] DEBUG:colcon.colcon_core.package_identification:Package 'src/rosidl/rosidl_cmake' with type 'ros.ament_cmake' and name 'rosidl_cmake'
[0.443s] Level 1:colcon.colcon_core.package_identification:_identify(src/rosidl/rosidl_generator_c) by extensions ['ignore', 'ignore_ament_install']
[0.444s] Level 1:colcon.colcon_core.package_identification:_identify(src/rosidl/rosidl_generator_c) by extension 'ignore'
[0.444s] Level 1:colcon.colcon_core.package_identification:_identify(src/rosidl/rosidl_generator_c) by extension 'ignore_ament_install'
[0.444s] Level 1:colcon.colcon_core.package_identification:_identify(src/rosidl/rosidl_generator_c) by extensions ['colcon_pkg']
[0.444s] Level 1:colcon.colcon_core.package_identification:_identify(src/rosidl/rosidl_generator_c) by extension 'colcon_pkg'
[0.444s] Level 1:colcon.colcon_core.package_identification:_identify(src/rosidl/rosidl_generator_c) by extensions ['colcon_meta']
[0.444s] Level 1:colcon.colcon_core.package_identification:_identify(src/rosidl/rosidl_generator_c) by extension 'colcon_meta'
[0.444s] Level 1:colcon.colcon_core.package_identification:_identify(src/rosidl/rosidl_generator_c) by extensions ['ros']
[0.445s] Level 1:colcon.colcon_core.package_identification:_identify(src/rosidl/rosidl_generator_c) by extension 'ros'
[0.446s] DEBUG:colcon.colcon_core.package_identification:Package 'src/rosidl/rosidl_generator_c' with type 'ros.ament_cmake' and name 'rosidl_generator_c'
[0.447s] Level 1:colcon.colcon_core.package_identification:_identify(src/rosidl/rosidl_generator_cpp) by extensions ['ignore', 'ignore_ament_install']
[0.447s] Level 1:colcon.colcon_core.package_identification:_identify(src/rosidl/rosidl_generator_cpp) by extension 'ignore'
[0.447s] Level 1:colcon.colcon_core.package_identification:_identify(src/rosidl/rosidl_generator_cpp) by extension 'ignore_ament_install'
[0.447s] Level 1:colcon.colcon_core.package_identification:_identify(src/rosidl/rosidl_generator_cpp) by extensions ['colcon_pkg']
[0.447s] Level 1:colcon.colcon_core.package_identification:_identify(src/rosidl/rosidl_generator_cpp) by extension 'colcon_pkg'
[0.447s] Level 1:colcon.colcon_core.package_identification:_identify(src/rosidl/rosidl_generator_cpp) by extensions ['colcon_meta']
[0.447s] Level 1:colcon.colcon_core.package_identification:_identify(src/rosidl/rosidl_generator_cpp) by extension 'colcon_meta'
[0.448s] Level 1:colcon.colcon_core.package_identification:_identify(src/rosidl/rosidl_generator_cpp) by extensions ['ros']
[0.448s] Level 1:colcon.colcon_core.package_identification:_identify(src/rosidl/rosidl_generator_cpp) by extension 'ros'
[0.449s] DEBUG:colcon.colcon_core.package_identification:Package 'src/rosidl/rosidl_generator_cpp' with type 'ros.ament_cmake' and name 'rosidl_generator_cpp'
[0.450s] Level 1:colcon.colcon_core.package_identification:_identify(src/rosidl/rosidl_parser) by extensions ['ignore', 'ignore_ament_install']
[0.450s] Level 1:colcon.colcon_core.package_identification:_identify(src/rosidl/rosidl_parser) by extension 'ignore'
[0.450s] Level 1:colcon.colcon_core.package_identification:_identify(src/rosidl/rosidl_parser) by extension 'ignore_ament_install'
[0.450s] Level 1:colcon.colcon_core.package_identification:_identify(src/rosidl/rosidl_parser) by extensions ['colcon_pkg']
[0.450s] Level 1:colcon.colcon_core.package_identification:_identify(src/rosidl/rosidl_parser) by extension 'colcon_pkg'
[0.450s] Level 1:colcon.colcon_core.package_identification:_identify(src/rosidl/rosidl_parser) by extensions ['colcon_meta']
[0.450s] Level 1:colcon.colcon_core.package_identification:_identify(src/rosidl/rosidl_parser) by extension 'colcon_meta'
[0.450s] Level 1:colcon.colcon_core.package_identification:_identify(src/rosidl/rosidl_parser) by extensions ['ros']
[0.451s] Level 1:colcon.colcon_core.package_identification:_identify(src/rosidl/rosidl_parser) by extension 'ros'
[0.452s] DEBUG:colcon.colcon_core.package_identification:Package 'src/rosidl/rosidl_parser' with type 'ros.ament_cmake' and name 'rosidl_parser'
[0.452s] Level 1:colcon.colcon_core.package_identification:_identify(src/rosidl/rosidl_runtime_c) by extensions ['ignore', 'ignore_ament_install']
[0.452s] Level 1:colcon.colcon_core.package_identification:_identify(src/rosidl/rosidl_runtime_c) by extension 'ignore'
[0.453s] Level 1:colcon.colcon_core.package_identification:_identify(src/rosidl/rosidl_runtime_c) by extension 'ignore_ament_install'
[0.453s] Level 1:colcon.colcon_core.package_identification:_identify(src/rosidl/rosidl_runtime_c) by extensions ['colcon_pkg']
[0.453s] Level 1:colcon.colcon_core.package_identification:_identify(src/rosidl/rosidl_runtime_c) by extension 'colcon_pkg'
[0.453s] Level 1:colcon.colcon_core.package_identification:_identify(src/rosidl/rosidl_runtime_c) by extensions ['colcon_meta']
[0.453s] Level 1:colcon.colcon_core.package_identification:_identify(src/rosidl/rosidl_runtime_c) by extension 'colcon_meta'
[0.453s] Level 1:colcon.colcon_core.package_identification:_identify(src/rosidl/rosidl_runtime_c) by extensions ['ros']
[0.453s] Level 1:colcon.colcon_core.package_identification:_identify(src/rosidl/rosidl_runtime_c) by extension 'ros'
[0.455s] DEBUG:colcon.colcon_core.package_identification:Package 'src/rosidl/rosidl_runtime_c' with type 'ros.ament_cmake' and name 'rosidl_runtime_c'
[0.455s] Level 1:colcon.colcon_core.package_identification:_identify(src/rosidl/rosidl_runtime_cpp) by extensions ['ignore', 'ignore_ament_install']
[0.455s] Level 1:colcon.colcon_core.package_identification:_identify(src/rosidl/rosidl_runtime_cpp) by extension 'ignore'
[0.456s] Level 1:colcon.colcon_core.package_identification:_identify(src/rosidl/rosidl_runtime_cpp) by extension 'ignore_ament_install'
[0.456s] Level 1:colcon.colcon_core.package_identification:_identify(src/rosidl/rosidl_runtime_cpp) by extensions ['colcon_pkg']
[0.456s] Level 1:colcon.colcon_core.package_identification:_identify(src/rosidl/rosidl_runtime_cpp) by extension 'colcon_pkg'
[0.456s] Level 1:colcon.colcon_core.package_identification:_identify(src/rosidl/rosidl_runtime_cpp) by extensions ['colcon_meta']
[0.456s] Level 1:colcon.colcon_core.package_identification:_identify(src/rosidl/rosidl_runtime_cpp) by extension 'colcon_meta'
[0.456s] Level 1:colcon.colcon_core.package_identification:_identify(src/rosidl/rosidl_runtime_cpp) by extensions ['ros']
[0.456s] Level 1:colcon.colcon_core.package_identification:_identify(src/rosidl/rosidl_runtime_cpp) by extension 'ros'
[0.458s] DEBUG:colcon.colcon_core.package_identification:Package 'src/rosidl/rosidl_runtime_cpp' with type 'ros.ament_cmake' and name 'rosidl_runtime_cpp'
[0.458s] Level 1:colcon.colcon_core.package_identification:_identify(src/rosidl/rosidl_typesupport_interface) by extensions ['ignore', 'ignore_ament_install']
[0.459s] Level 1:colcon.colcon_core.package_identification:_identify(src/rosidl/rosidl_typesupport_interface) by extension 'ignore'
[0.459s] Level 1:colcon.colcon_core.package_identification:_identify(src/rosidl/rosidl_typesupport_interface) by extension 'ignore_ament_install'
[0.459s] Level 1:colcon.colcon_core.package_identification:_identify(src/rosidl/rosidl_typesupport_interface) by extensions ['colcon_pkg']
[0.459s] Level 1:colcon.colcon_core.package_identification:_identify(src/rosidl/rosidl_typesupport_interface) by extension 'colcon_pkg'
[0.459s] Level 1:colcon.colcon_core.package_identification:_identify(src/rosidl/rosidl_typesupport_interface) by extensions ['colcon_meta']
[0.459s] Level 1:colcon.colcon_core.package_identification:_identify(src/rosidl/rosidl_typesupport_interface) by extension 'colcon_meta'
[0.459s] Level 1:colcon.colcon_core.package_identification:_identify(src/rosidl/rosidl_typesupport_interface) by extensions ['ros']
[0.460s] Level 1:colcon.colcon_core.package_identification:_identify(src/rosidl/rosidl_typesupport_interface) by extension 'ros'
[0.461s] DEBUG:colcon.colcon_core.package_identification:Package 'src/rosidl/rosidl_typesupport_interface' with type 'ros.ament_cmake' and name 'rosidl_typesupport_interface'
[0.461s] Level 1:colcon.colcon_core.package_identification:_identify(src/rosidl/rosidl_typesupport_introspection_c) by extensions ['ignore', 'ignore_ament_install']
[0.461s] Level 1:colcon.colcon_core.package_identification:_identify(src/rosidl/rosidl_typesupport_introspection_c) by extension 'ignore'
[0.461s] Level 1:colcon.colcon_core.package_identification:_identify(src/rosidl/rosidl_typesupport_introspection_c) by extension 'ignore_ament_install'
[0.462s] Level 1:colcon.colcon_core.package_identification:_identify(src/rosidl/rosidl_typesupport_introspection_c) by extensions ['colcon_pkg']
[0.462s] Level 1:colcon.colcon_core.package_identification:_identify(src/rosidl/rosidl_typesupport_introspection_c) by extension 'colcon_pkg'
[0.462s] Level 1:colcon.colcon_core.package_identification:_identify(src/rosidl/rosidl_typesupport_introspection_c) by extensions ['colcon_meta']
[0.462s] Level 1:colcon.colcon_core.package_identification:_identify(src/rosidl/rosidl_typesupport_introspection_c) by extension 'colcon_meta'
[0.462s] Level 1:colcon.colcon_core.package_identification:_identify(src/rosidl/rosidl_typesupport_introspection_c) by extensions ['ros']
[0.462s] Level 1:colcon.colcon_core.package_identification:_identify(src/rosidl/rosidl_typesupport_introspection_c) by extension 'ros'
[0.464s] DEBUG:colcon.colcon_core.package_identification:Package 'src/rosidl/rosidl_typesupport_introspection_c' with type 'ros.ament_cmake' and name 'rosidl_typesupport_introspection_c'
[0.464s] Level 1:colcon.colcon_core.package_identification:_identify(src/rosidl/rosidl_typesupport_introspection_cpp) by extensions ['ignore', 'ignore_ament_install']
[0.464s] Level 1:colcon.colcon_core.package_identification:_identify(src/rosidl/rosidl_typesupport_introspection_cpp) by extension 'ignore'
[0.464s] Level 1:colcon.colcon_core.package_identification:_identify(src/rosidl/rosidl_typesupport_introspection_cpp) by extension 'ignore_ament_install'
[0.464s] Level 1:colcon.colcon_core.package_identification:_identify(src/rosidl/rosidl_typesupport_introspection_cpp) by extensions ['colcon_pkg']
[0.465s] Level 1:colcon.colcon_core.package_identification:_identify(src/rosidl/rosidl_typesupport_introspection_cpp) by extension 'colcon_pkg'
[0.465s] Level 1:colcon.colcon_core.package_identification:_identify(src/rosidl/rosidl_typesupport_introspection_cpp) by extensions ['colcon_meta']
[0.465s] Level 1:colcon.colcon_core.package_identification:_identify(src/rosidl/rosidl_typesupport_introspection_cpp) by extension 'colcon_meta'
[0.465s] Level 1:colcon.colcon_core.package_identification:_identify(src/rosidl/rosidl_typesupport_introspection_cpp) by extensions ['ros']
[0.465s] Level 1:colcon.colcon_core.package_identification:_identify(src/rosidl/rosidl_typesupport_introspection_cpp) by extension 'ros'
[0.466s] DEBUG:colcon.colcon_core.package_identification:Package 'src/rosidl/rosidl_typesupport_introspection_cpp' with type 'ros.ament_cmake' and name 'rosidl_typesupport_introspection_cpp'
[0.467s] Level 1:colcon.colcon_core.package_identification:_identify(src/rosidl/rosidl_typesupport_introspection_tests) by extensions ['ignore', 'ignore_ament_install']
[0.467s] Level 1:colcon.colcon_core.package_identification:_identify(src/rosidl/rosidl_typesupport_introspection_tests) by extension 'ignore'
[0.467s] Level 1:colcon.colcon_core.package_identification:_identify(src/rosidl/rosidl_typesupport_introspection_tests) by extension 'ignore_ament_install'
[0.467s] Level 1:colcon.colcon_core.package_identification:_identify(src/rosidl/rosidl_typesupport_introspection_tests) by extensions ['colcon_pkg']
[0.467s] Level 1:colcon.colcon_core.package_identification:_identify(src/rosidl/rosidl_typesupport_introspection_tests) by extension 'colcon_pkg'
[0.467s] Level 1:colcon.colcon_core.package_identification:_identify(src/rosidl/rosidl_typesupport_introspection_tests) by extensions ['colcon_meta']
[0.468s] Level 1:colcon.colcon_core.package_identification:_identify(src/rosidl/rosidl_typesupport_introspection_tests) by extension 'colcon_meta'
[0.468s] Level 1:colcon.colcon_core.package_identification:_identify(src/rosidl/rosidl_typesupport_introspection_tests) by extensions ['ros']
[0.468s] Level 1:colcon.colcon_core.package_identification:_identify(src/rosidl/rosidl_typesupport_introspection_tests) by extension 'ros'
[0.469s] DEBUG:colcon.colcon_core.package_identification:Package 'src/rosidl/rosidl_typesupport_introspection_tests' with type 'ros.ament_cmake' and name 'rosidl_typesupport_introspection_tests'
[0.469s] Level 1:colcon.colcon_core.package_identification:_identify(src/strategy) by extensions ['ignore', 'ignore_ament_install']
[0.470s] Level 1:colcon.colcon_core.package_identification:_identify(src/strategy) by extension 'ignore'
[0.470s] Level 1:colcon.colcon_core.package_identification:_identify(src/strategy) by extension 'ignore_ament_install'
[0.470s] Level 1:colcon.colcon_core.package_identification:_identify(src/strategy) by extensions ['colcon_pkg']
[0.470s] Level 1:colcon.colcon_core.package_identification:_identify(src/strategy) by extension 'colcon_pkg'
[0.470s] Level 1:colcon.colcon_core.package_identification:_identify(src/strategy) by extensions ['colcon_meta']
[0.470s] Level 1:colcon.colcon_core.package_identification:_identify(src/strategy) by extension 'colcon_meta'
[0.470s] Level 1:colcon.colcon_core.package_identification:_identify(src/strategy) by extensions ['ros']
[0.470s] Level 1:colcon.colcon_core.package_identification:_identify(src/strategy) by extension 'ros'
[0.472s] DEBUG:colcon.colcon_core.package_identification:Package 'src/strategy' with type 'ros.ament_python' and name 'strategy'
[0.472s] Level 1:colcon.colcon_core.package_identification:_identify(src/tku_msgs) by extensions ['ignore', 'ignore_ament_install']
[0.472s] Level 1:colcon.colcon_core.package_identification:_identify(src/tku_msgs) by extension 'ignore'
[0.472s] Level 1:colcon.colcon_core.package_identification:_identify(src/tku_msgs) by extension 'ignore_ament_install'
[0.473s] Level 1:colcon.colcon_core.package_identification:_identify(src/tku_msgs) by extensions ['colcon_pkg']
[0.473s] Level 1:colcon.colcon_core.package_identification:_identify(src/tku_msgs) by extension 'colcon_pkg'
[0.473s] Level 1:colcon.colcon_core.package_identification:_identify(src/tku_msgs) by extensions ['colcon_meta']
[0.473s] Level 1:colcon.colcon_core.package_identification:_identify(src/tku_msgs) by extension 'colcon_meta'
[0.473s] Level 1:colcon.colcon_core.package_identification:_identify(src/tku_msgs) by extensions ['ros']
[0.473s] Level 1:colcon.colcon_core.package_identification:_identify(src/tku_msgs) by extension 'ros'
[0.474s] DEBUG:colcon.colcon_core.package_identification:Package 'src/tku_msgs' with type 'ros.ament_cmake' and name 'tku_msgs'
[0.475s] Level 1:colcon.colcon_core.package_identification:_identify(src/usb_cam) by extensions ['ignore', 'ignore_ament_install']
[0.475s] Level 1:colcon.colcon_core.package_identification:_identify(src/usb_cam) by extension 'ignore'
[0.475s] Level 1:colcon.colcon_core.package_identification:_identify(src/usb_cam) by extension 'ignore_ament_install'
[0.475s] Level 1:colcon.colcon_core.package_identification:_identify(src/usb_cam) by extensions ['colcon_pkg']
[0.475s] Level 1:colcon.colcon_core.package_identification:_identify(src/usb_cam) by extension 'colcon_pkg'
[0.475s] Level 1:colcon.colcon_core.package_identification:_identify(src/usb_cam) by extensions ['colcon_meta']
[0.475s] Level 1:colcon.colcon_core.package_identification:_identify(src/usb_cam) by extension 'colcon_meta'
[0.476s] Level 1:colcon.colcon_core.package_identification:_identify(src/usb_cam) by extensions ['ros']
[0.476s] Level 1:colcon.colcon_core.package_identification:_identify(src/usb_cam) by extension 'ros'
[0.479s] DEBUG:colcon.colcon_core.package_identification:Package 'src/usb_cam' with type 'ros.ament_cmake' and name 'usb_cam'
[0.479s] Level 1:colcon.colcon_core.package_identification:_identify(src/vision_opencv) by extensions ['ignore', 'ignore_ament_install']
[0.479s] Level 1:colcon.colcon_core.package_identification:_identify(src/vision_opencv) by extension 'ignore'
[0.480s] Level 1:colcon.colcon_core.package_identification:_identify(src/vision_opencv) by extension 'ignore_ament_install'
[0.480s] Level 1:colcon.colcon_core.package_identification:_identify(src/vision_opencv) by extensions ['colcon_pkg']
[0.480s] Level 1:colcon.colcon_core.package_identification:_identify(src/vision_opencv) by extension 'colcon_pkg'
[0.480s] Level 1:colcon.colcon_core.package_identification:_identify(src/vision_opencv) by extensions ['colcon_meta']
[0.480s] Level 1:colcon.colcon_core.package_identification:_identify(src/vision_opencv) by extension 'colcon_meta'
[0.480s] Level 1:colcon.colcon_core.package_identification:_identify(src/vision_opencv) by extensions ['ros']
[0.480s] Level 1:colcon.colcon_core.package_identification:_identify(src/vision_opencv) by extension 'ros'
[0.480s] Level 1:colcon.colcon_core.package_identification:_identify(src/vision_opencv) by extensions ['cmake', 'python']
[0.481s] Level 1:colcon.colcon_core.package_identification:_identify(src/vision_opencv) by extension 'cmake'
[0.481s] Level 1:colcon.colcon_core.package_identification:_identify(src/vision_opencv) by extension 'python'
[0.481s] Level 1:colcon.colcon_core.package_identification:_identify(src/vision_opencv) by extensions ['python_setup_py']
[0.481s] Level 1:colcon.colcon_core.package_identification:_identify(src/vision_opencv) by extension 'python_setup_py'
[0.481s] Level 1:colcon.colcon_core.package_identification:_identify(src/vision_opencv/cv_bridge) by extensions ['ignore', 'ignore_ament_install']
[0.481s] Level 1:colcon.colcon_core.package_identification:_identify(src/vision_opencv/cv_bridge) by extension 'ignore'
[0.481s] Level 1:colcon.colcon_core.package_identification:_identify(src/vision_opencv/cv_bridge) by extension 'ignore_ament_install'
[0.482s] Level 1:colcon.colcon_core.package_identification:_identify(src/vision_opencv/cv_bridge) by extensions ['colcon_pkg']
[0.482s] Level 1:colcon.colcon_core.package_identification:_identify(src/vision_opencv/cv_bridge) by extension 'colcon_pkg'
[0.482s] Level 1:colcon.colcon_core.package_identification:_identify(src/vision_opencv/cv_bridge) by extensions ['colcon_meta']
[0.482s] Level 1:colcon.colcon_core.package_identification:_identify(src/vision_opencv/cv_bridge) by extension 'colcon_meta'
[0.482s] Level 1:colcon.colcon_core.package_identification:_identify(src/vision_opencv/cv_bridge) by extensions ['ros']
[0.482s] Level 1:colcon.colcon_core.package_identification:_identify(src/vision_opencv/cv_bridge) by extension 'ros'
[0.484s] DEBUG:colcon.colcon_core.package_identification:Package 'src/vision_opencv/cv_bridge' with type 'ros.ament_cmake' and name 'cv_bridge'
[0.485s] Level 1:colcon.colcon_core.package_identification:_identify(src/vision_opencv/image_geometry) by extensions ['ignore', 'ignore_ament_install']
[0.485s] Level 1:colcon.colcon_core.package_identification:_identify(src/vision_opencv/image_geometry) by extension 'ignore'
[0.485s] Level 1:colcon.colcon_core.package_identification:_identify(src/vision_opencv/image_geometry) by extension 'ignore_ament_install'
[0.485s] Level 1:colcon.colcon_core.package_identification:_identify(src/vision_opencv/image_geometry) by extensions ['colcon_pkg']
[0.485s] Level 1:colcon.colcon_core.package_identification:_identify(src/vision_opencv/image_geometry) by extension 'colcon_pkg'
[0.485s] Level 1:colcon.colcon_core.package_identification:_identify(src/vision_opencv/image_geometry) by extensions ['colcon_meta']
[0.485s] Level 1:colcon.colcon_core.package_identification:_identify(src/vision_opencv/image_geometry) by extension 'colcon_meta'
[0.486s] Level 1:colcon.colcon_core.package_identification:_identify(src/vision_opencv/image_geometry) by extensions ['ros']
[0.486s] Level 1:colcon.colcon_core.package_identification:_identify(src/vision_opencv/image_geometry) by extension 'ros'
[0.487s] DEBUG:colcon.colcon_core.package_identification:Package 'src/vision_opencv/image_geometry' with type 'ros.ament_cmake' and name 'image_geometry'
[0.488s] Level 1:colcon.colcon_core.package_identification:_identify(src/vision_opencv/opencv_tests) by extensions ['ignore', 'ignore_ament_install']
[0.488s] Level 1:colcon.colcon_core.package_identification:_identify(src/vision_opencv/opencv_tests) by extension 'ignore'
[0.488s] Level 1:colcon.colcon_core.package_identification:_identify(src/vision_opencv/opencv_tests) by extension 'ignore_ament_install'
[0.488s] Level 1:colcon.colcon_core.package_identification:_identify(src/vision_opencv/opencv_tests) by extensions ['colcon_pkg']
[0.488s] Level 1:colcon.colcon_core.package_identification:_identify(src/vision_opencv/opencv_tests) by extension 'colcon_pkg'
[0.488s] Level 1:colcon.colcon_core.package_identification:_identify(src/vision_opencv/opencv_tests) by extensions ['colcon_meta']
[0.489s] Level 1:colcon.colcon_core.package_identification:_identify(src/vision_opencv/opencv_tests) by extension 'colcon_meta'
[0.489s] Level 1:colcon.colcon_core.package_identification:_identify(src/vision_opencv/opencv_tests) by extensions ['ros']
[0.489s] Level 1:colcon.colcon_core.package_identification:_identify(src/vision_opencv/opencv_tests) by extension 'ros'
[0.490s] DEBUG:colcon.colcon_core.package_identification:Package 'src/vision_opencv/opencv_tests' with type 'ros.ament_python' and name 'opencv_tests'
[0.490s] Level 1:colcon.colcon_core.package_identification:_identify(src/vision_opencv/vision_opencv) by extensions ['ignore', 'ignore_ament_install']
[0.491s] Level 1:colcon.colcon_core.package_identification:_identify(src/vision_opencv/vision_opencv) by extension 'ignore'
[0.491s] Level 1:colcon.colcon_core.package_identification:_identify(src/vision_opencv/vision_opencv) by extension 'ignore_ament_install'
[0.491s] Level 1:colcon.colcon_core.package_identification:_identify(src/vision_opencv/vision_opencv) by extensions ['colcon_pkg']
[0.491s] Level 1:colcon.colcon_core.package_identification:_identify(src/vision_opencv/vision_opencv) by extension 'colcon_pkg'
[0.491s] Level 1:colcon.colcon_core.package_identification:_identify(src/vision_opencv/vision_opencv) by extensions ['colcon_meta']
[0.491s] Level 1:colcon.colcon_core.package_identification:_identify(src/vision_opencv/vision_opencv) by extension 'colcon_meta'
[0.491s] Level 1:colcon.colcon_core.package_identification:_identify(src/vision_opencv/vision_opencv) by extensions ['ros']
[0.491s] Level 1:colcon.colcon_core.package_identification:_identify(src/vision_opencv/vision_opencv) by extension 'ros'
[0.493s] DEBUG:colcon.colcon_core.package_identification:Package 'src/vision_opencv/vision_opencv' with type 'ros.ament_cmake' and name 'vision_opencv'
[0.493s] Level 1:colcon.colcon_core.package_identification:_identify(src/web_video_sever) by extensions ['ignore', 'ignore_ament_install']
[0.493s] Level 1:colcon.colcon_core.package_identification:_identify(src/web_video_sever) by extension 'ignore'
[0.493s] Level 1:colcon.colcon_core.package_identification:_identify(src/web_video_sever) by extension 'ignore_ament_install'
[0.494s] Level 1:colcon.colcon_core.package_identification:_identify(src/web_video_sever) by extensions ['colcon_pkg']
[0.494s] Level 1:colcon.colcon_core.package_identification:_identify(src/web_video_sever) by extension 'colcon_pkg'
[0.494s] Level 1:colcon.colcon_core.package_identification:_identify(src/web_video_sever) by extensions ['colcon_meta']
[0.494s] Level 1:colcon.colcon_core.package_identification:_identify(src/web_video_sever) by extension 'colcon_meta'
[0.494s] Level 1:colcon.colcon_core.package_identification:_identify(src/web_video_sever) by extensions ['ros']
[0.494s] Level 1:colcon.colcon_core.package_identification:_identify(src/web_video_sever) by extension 'ros'
[0.496s] DEBUG:colcon.colcon_core.package_identification:Package 'src/web_video_sever' with type 'ros.ament_cmake' and name 'web_video_server'
[0.496s] Level 1:colcon.colcon_core.package_identification:_identify(src/zed-ros2-wrapper) by extensions ['ignore', 'ignore_ament_install']
[0.496s] Level 1:colcon.colcon_core.package_identification:_identify(src/zed-ros2-wrapper) by extension 'ignore'
[0.496s] Level 1:colcon.colcon_core.package_identification:_identify(src/zed-ros2-wrapper) by extension 'ignore_ament_install'
[0.496s] Level 1:colcon.colcon_core.package_identification:_identify(src/zed-ros2-wrapper) by extensions ['colcon_pkg']
[0.497s] Level 1:colcon.colcon_core.package_identification:_identify(src/zed-ros2-wrapper) by extension 'colcon_pkg'
[0.497s] Level 1:colcon.colcon_core.package_identification:_identify(src/zed-ros2-wrapper) by extensions ['colcon_meta']
[0.497s] Level 1:colcon.colcon_core.package_identification:_identify(src/zed-ros2-wrapper) by extension 'colcon_meta'
[0.497s] Level 1:colcon.colcon_core.package_identification:_identify(src/zed-ros2-wrapper) by extensions ['ros']
[0.497s] Level 1:colcon.colcon_core.package_identification:_identify(src/zed-ros2-wrapper) by extension 'ros'
[0.497s] Level 1:colcon.colcon_core.package_identification:_identify(src/zed-ros2-wrapper) by extensions ['cmake', 'python']
[0.497s] Level 1:colcon.colcon_core.package_identification:_identify(src/zed-ros2-wrapper) by extension 'cmake'
[0.497s] Level 1:colcon.colcon_core.package_identification:_identify(src/zed-ros2-wrapper) by extension 'python'
[0.497s] Level 1:colcon.colcon_core.package_identification:_identify(src/zed-ros2-wrapper) by extensions ['python_setup_py']
[0.497s] Level 1:colcon.colcon_core.package_identification:_identify(src/zed-ros2-wrapper) by extension 'python_setup_py'
[0.498s] Level 1:colcon.colcon_core.package_identification:_identify(src/zed-ros2-wrapper/docker) by extensions ['ignore', 'ignore_ament_install']
[0.498s] Level 1:colcon.colcon_core.package_identification:_identify(src/zed-ros2-wrapper/docker) by extension 'ignore'
[0.498s] Level 1:colcon.colcon_core.package_identification:_identify(src/zed-ros2-wrapper/docker) by extension 'ignore_ament_install'
[0.498s] Level 1:colcon.colcon_core.package_identification:_identify(src/zed-ros2-wrapper/docker) by extensions ['colcon_pkg']
[0.498s] Level 1:colcon.colcon_core.package_identification:_identify(src/zed-ros2-wrapper/docker) by extension 'colcon_pkg'
[0.498s] Level 1:colcon.colcon_core.package_identification:_identify(src/zed-ros2-wrapper/docker) by extensions ['colcon_meta']
[0.499s] Level 1:colcon.colcon_core.package_identification:_identify(src/zed-ros2-wrapper/docker) by extension 'colcon_meta'
[0.499s] Level 1:colcon.colcon_core.package_identification:_identify(src/zed-ros2-wrapper/docker) by extensions ['ros']
[0.499s] Level 1:colcon.colcon_core.package_identification:_identify(src/zed-ros2-wrapper/docker) by extension 'ros'
[0.499s] Level 1:colcon.colcon_core.package_identification:_identify(src/zed-ros2-wrapper/docker) by extensions ['cmake', 'python']
[0.499s] Level 1:colcon.colcon_core.package_identification:_identify(src/zed-ros2-wrapper/docker) by extension 'cmake'
[0.499s] Level 1:colcon.colcon_core.package_identification:_identify(src/zed-ros2-wrapper/docker) by extension 'python'
[0.499s] Level 1:colcon.colcon_core.package_identification:_identify(src/zed-ros2-wrapper/docker) by extensions ['python_setup_py']
[0.499s] Level 1:colcon.colcon_core.package_identification:_identify(src/zed-ros2-wrapper/docker) by extension 'python_setup_py'
[0.500s] Level 1:colcon.colcon_core.package_identification:_identify(src/zed-ros2-wrapper/images) by extensions ['ignore', 'ignore_ament_install']
[0.500s] Level 1:colcon.colcon_core.package_identification:_identify(src/zed-ros2-wrapper/images) by extension 'ignore'
[0.500s] Level 1:colcon.colcon_core.package_identification:_identify(src/zed-ros2-wrapper/images) by extension 'ignore_ament_install'
[0.500s] Level 1:colcon.colcon_core.package_identification:_identify(src/zed-ros2-wrapper/images) by extensions ['colcon_pkg']
[0.500s] Level 1:colcon.colcon_core.package_identification:_identify(src/zed-ros2-wrapper/images) by extension 'colcon_pkg'
[0.500s] Level 1:colcon.colcon_core.package_identification:_identify(src/zed-ros2-wrapper/images) by extensions ['colcon_meta']
[0.500s] Level 1:colcon.colcon_core.package_identification:_identify(src/zed-ros2-wrapper/images) by extension 'colcon_meta'
[0.500s] Level 1:colcon.colcon_core.package_identification:_identify(src/zed-ros2-wrapper/images) by extensions ['ros']
[0.500s] Level 1:colcon.colcon_core.package_identification:_identify(src/zed-ros2-wrapper/images) by extension 'ros'
[0.501s] Level 1:colcon.colcon_core.package_identification:_identify(src/zed-ros2-wrapper/images) by extensions ['cmake', 'python']
[0.501s] Level 1:colcon.colcon_core.package_identification:_identify(src/zed-ros2-wrapper/images) by extension 'cmake'
[0.501s] Level 1:colcon.colcon_core.package_identification:_identify(src/zed-ros2-wrapper/images) by extension 'python'
[0.501s] Level 1:colcon.colcon_core.package_identification:_identify(src/zed-ros2-wrapper/images) by extensions ['python_setup_py']
[0.501s] Level 1:colcon.colcon_core.package_identification:_identify(src/zed-ros2-wrapper/images) by extension 'python_setup_py'
[0.501s] Level 1:colcon.colcon_core.package_identification:_identify(src/zed-ros2-wrapper/zed_components) by extensions ['ignore', 'ignore_ament_install']
[0.501s] Level 1:colcon.colcon_core.package_identification:_identify(src/zed-ros2-wrapper/zed_components) by extension 'ignore'
[0.502s] Level 1:colcon.colcon_core.package_identification:_identify(src/zed-ros2-wrapper/zed_components) by extension 'ignore_ament_install'
[0.502s] Level 1:colcon.colcon_core.package_identification:_identify(src/zed-ros2-wrapper/zed_components) by extensions ['colcon_pkg']
[0.502s] Level 1:colcon.colcon_core.package_identification:_identify(src/zed-ros2-wrapper/zed_components) by extension 'colcon_pkg'
[0.502s] Level 1:colcon.colcon_core.package_identification:_identify(src/zed-ros2-wrapper/zed_components) by extensions ['colcon_meta']
[0.502s] Level 1:colcon.colcon_core.package_identification:_identify(src/zed-ros2-wrapper/zed_components) by extension 'colcon_meta'
[0.502s] Level 1:colcon.colcon_core.package_identification:_identify(src/zed-ros2-wrapper/zed_components) by extensions ['ros']
[0.502s] Level 1:colcon.colcon_core.package_identification:_identify(src/zed-ros2-wrapper/zed_components) by extension 'ros'
[0.505s] DEBUG:colcon.colcon_core.package_identification:Package 'src/zed-ros2-wrapper/zed_components' with type 'ros.ament_cmake' and name 'zed_components'
[0.505s] Level 1:colcon.colcon_core.package_identification:_identify(src/zed-ros2-wrapper/zed_ros2) by extensions ['ignore', 'ignore_ament_install']
[0.506s] Level 1:colcon.colcon_core.package_identification:_identify(src/zed-ros2-wrapper/zed_ros2) by extension 'ignore'
[0.506s] Level 1:colcon.colcon_core.package_identification:_identify(src/zed-ros2-wrapper/zed_ros2) by extension 'ignore_ament_install'
[0.506s] Level 1:colcon.colcon_core.package_identification:_identify(src/zed-ros2-wrapper/zed_ros2) by extensions ['colcon_pkg']
[0.506s] Level 1:colcon.colcon_core.package_identification:_identify(src/zed-ros2-wrapper/zed_ros2) by extension 'colcon_pkg'
[0.506s] Level 1:colcon.colcon_core.package_identification:_identify(src/zed-ros2-wrapper/zed_ros2) by extensions ['colcon_meta']
[0.506s] Level 1:colcon.colcon_core.package_identification:_identify(src/zed-ros2-wrapper/zed_ros2) by extension 'colcon_meta'
[0.506s] Level 1:colcon.colcon_core.package_identification:_identify(src/zed-ros2-wrapper/zed_ros2) by extensions ['ros']
[0.507s] Level 1:colcon.colcon_core.package_identification:_identify(src/zed-ros2-wrapper/zed_ros2) by extension 'ros'
[0.508s] DEBUG:colcon.colcon_core.package_identification:Package 'src/zed-ros2-wrapper/zed_ros2' with type 'ros.ament_cmake' and name 'zed_ros2'
[0.508s] Level 1:colcon.colcon_core.package_identification:_identify(src/zed-ros2-wrapper/zed_wrapper) by extensions ['ignore', 'ignore_ament_install']
[0.508s] Level 1:colcon.colcon_core.package_identification:_identify(src/zed-ros2-wrapper/zed_wrapper) by extension 'ignore'
[0.509s] Level 1:colcon.colcon_core.package_identification:_identify(src/zed-ros2-wrapper/zed_wrapper) by extension 'ignore_ament_install'
[0.509s] Level 1:colcon.colcon_core.package_identification:_identify(src/zed-ros2-wrapper/zed_wrapper) by extensions ['colcon_pkg']
[0.509s] Level 1:colcon.colcon_core.package_identification:_identify(src/zed-ros2-wrapper/zed_wrapper) by extension 'colcon_pkg'
[0.509s] Level 1:colcon.colcon_core.package_identification:_identify(src/zed-ros2-wrapper/zed_wrapper) by extensions ['colcon_meta']
[0.509s] Level 1:colcon.colcon_core.package_identification:_identify(src/zed-ros2-wrapper/zed_wrapper) by extension 'colcon_meta'
[0.509s] Level 1:colcon.colcon_core.package_identification:_identify(src/zed-ros2-wrapper/zed_wrapper) by extensions ['ros']
[0.509s] Level 1:colcon.colcon_core.package_identification:_identify(src/zed-ros2-wrapper/zed_wrapper) by extension 'ros'
[0.511s] DEBUG:colcon.colcon_core.package_identification:Package 'src/zed-ros2-wrapper/zed_wrapper' with type 'ros.ament_cmake' and name 'zed_wrapper'
[0.511s] Level 1:colcon.colcon_core.package_discovery:discover_packages(recursive) using defaults
[0.511s] Level 1:colcon.colcon_core.package_discovery:discover_packages(ignore) discover
[0.511s] Level 1:colcon.colcon_core.package_discovery:discover_packages(ignore) using defaults
[0.512s] Level 1:colcon.colcon_core.package_discovery:discover_packages(path) discover
[0.512s] Level 1:colcon.colcon_core.package_discovery:discover_packages(path) using defaults
[0.576s] INFO:colcon.colcon_core.package_selection:Skipping not selected package 'cv_bridge' in 'src/vision_opencv/cv_bridge'
[0.576s] INFO:colcon.colcon_core.package_selection:Skipping not selected package 'image_geometry' in 'src/vision_opencv/image_geometry'
[0.577s] INFO:colcon.colcon_core.package_selection:Skipping not selected package 'imageprocess' in 'src/imageprocess'
[0.577s] INFO:colcon.colcon_core.package_selection:Skipping not selected package 'motionpackage' in 'src/motionpackage'
[0.577s] INFO:colcon.colcon_core.package_selection:Skipping not selected package 'rosidl_cli' in 'src/rosidl/rosidl_cli'
[0.577s] INFO:colcon.colcon_core.package_selection:Skipping not selected package 'rosidl_typesupport_interface' in 'src/rosidl/rosidl_typesupport_interface'
[0.577s] INFO:colcon.colcon_core.package_selection:Skipping not selected package 'strategy' in 'src/strategy'
[0.577s] INFO:colcon.colcon_core.package_selection:Skipping not selected package 'tku_msgs' in 'src/tku_msgs'
[0.577s] INFO:colcon.colcon_core.package_selection:Skipping not selected package 'zed_components' in 'src/zed-ros2-wrapper/zed_components'
[0.577s] INFO:colcon.colcon_core.package_selection:Skipping not selected package 'opencv_tests' in 'src/vision_opencv/opencv_tests'
[0.577s] INFO:colcon.colcon_core.package_selection:Skipping not selected package 'rosidl_adapter' in 'src/rosidl/rosidl_adapter'
[0.577s] INFO:colcon.colcon_core.package_selection:Skipping not selected package 'rosidl_runtime_c' in 'src/rosidl/rosidl_runtime_c'
[0.577s] INFO:colcon.colcon_core.package_selection:Skipping not selected package 'usb_cam' in 'src/usb_cam'
[0.577s] INFO:colcon.colcon_core.package_selection:Skipping not selected package 'vision_opencv' in 'src/vision_opencv/vision_opencv'
[0.577s] INFO:colcon.colcon_core.package_selection:Skipping not selected package 'web_video_server' in 'src/web_video_sever'
[0.577s] INFO:colcon.colcon_core.package_selection:Skipping not selected package 'zed_wrapper' in 'src/zed-ros2-wrapper/zed_wrapper'
[0.578s] INFO:colcon.colcon_core.package_selection:Skipping not selected package 'rosidl_parser' in 'src/rosidl/rosidl_parser'
[0.578s] INFO:colcon.colcon_core.package_selection:Skipping not selected package 'rosidl_runtime_cpp' in 'src/rosidl/rosidl_runtime_cpp'
[0.578s] INFO:colcon.colcon_core.package_selection:Skipping not selected package 'zed_ros2' in 'src/zed-ros2-wrapper/zed_ros2'
[0.578s] INFO:colcon.colcon_core.package_selection:Skipping not selected package 'rosidl_cmake' in 'src/rosidl/rosidl_cmake'
[0.578s] INFO:colcon.colcon_core.package_selection:Skipping not selected package 'rosidl_generator_c' in 'src/rosidl/rosidl_generator_c'
[0.578s] INFO:colcon.colcon_core.package_selection:Skipping not selected package 'rosidl_typesupport_introspection_c' in 'src/rosidl/rosidl_typesupport_introspection_c'
[0.578s] INFO:colcon.colcon_core.package_selection:Skipping not selected package 'rosidl_typesupport_introspection_cpp' in 'src/rosidl/rosidl_typesupport_introspection_cpp'
[0.578s] INFO:colcon.colcon_core.package_selection:Skipping not selected package 'rosidl_typesupport_introspection_tests' in 'src/rosidl/rosidl_typesupport_introspection_tests'
[0.579s] Level 5:colcon.colcon_core.verb:set package 'rosidl_generator_cpp' build argument 'cmake_args' from command line to 'None'
[0.579s] Level 5:colcon.colcon_core.verb:set package 'rosidl_generator_cpp' build argument 'cmake_target' from command line to 'None'
[0.579s] Level 5:colcon.colcon_core.verb:set package 'rosidl_generator_cpp' build argument 'cmake_target_skip_unavailable' from command line to 'False'
[0.579s] Level 5:colcon.colcon_core.verb:set package 'rosidl_generator_cpp' build argument 'cmake_clean_cache' from command line to 'False'
[0.579s] Level 5:colcon.colcon_core.verb:set package 'rosidl_generator_cpp' build argument 'cmake_clean_first' from command line to 'False'
[0.579s] Level 5:colcon.colcon_core.verb:set package 'rosidl_generator_cpp' build argument 'cmake_force_configure' from command line to 'False'
[0.579s] Level 5:colcon.colcon_core.verb:set package 'rosidl_generator_cpp' build argument 'ament_cmake_args' from command line to 'None'
[0.579s] Level 5:colcon.colcon_core.verb:set package 'rosidl_generator_cpp' build argument 'catkin_cmake_args' from command line to 'None'
[0.580s] Level 5:colcon.colcon_core.verb:set package 'rosidl_generator_cpp' build argument 'catkin_skip_building_tests' from command line to 'False'
[0.580s] DEBUG:colcon.colcon_core.verb:Building package 'rosidl_generator_cpp' with the following arguments: {'ament_cmake_args': None, 'build_base': '/workspace/towen/build/rosidl_generator_cpp', 'catkin_cmake_args': None, 'catkin_skip_building_tests': False, 'cmake_args': None, 'cmake_clean_cache': False, 'cmake_clean_first': False, 'cmake_force_configure': False, 'cmake_target': None, 'cmake_target_skip_unavailable': False, 'install_base': '/workspace/towen/install/rosidl_generator_cpp', 'merge_install': False, 'path': '/workspace/towen/src/rosidl/rosidl_generator_cpp', 'symlink_install': False, 'test_result_base': None}
[0.580s] INFO:colcon.colcon_core.executor:Executing jobs using 'parallel' executor
[0.582s] DEBUG:colcon.colcon_parallel_executor.executor.parallel:run_until_complete
[0.583s] INFO:colcon.colcon_ros.task.ament_cmake.build:Building ROS package in '/workspace/towen/src/rosidl/rosidl_generator_cpp' with build type 'ament_cmake'
[0.584s] INFO:colcon.colcon_cmake.task.cmake.build:Building CMake package in '/workspace/towen/src/rosidl/rosidl_generator_cpp'
[0.590s] INFO:colcon.colcon_core.plugin_system:Skipping extension 'colcon_core.shell.bat': Not used on non-Windows systems
[0.591s] INFO:colcon.colcon_core.shell:Skip shell extension 'powershell' for command environment: Not usable outside of PowerShell
[0.591s] DEBUG:colcon.colcon_core.shell:Skip shell extension 'dsv' for command environment
[0.615s] WARNING:colcon.colcon_core.shell:The following packages are in the workspace but haven't been built:
- rosidl_runtime_cpp
- rosidl_generator_c
They are being used from the following locations instead:
- /opt/ros/humble/install
- /opt/ros/humble/install
To suppress this warning ignore these packages in the workspace:
--packages-ignore rosidl_runtime_cpp rosidl_generator_c
[0.642s] DEBUG:colcon.colcon_core.event_handler.log_command:Invoking command in '/workspace/towen/build/rosidl_generator_cpp': AMENT_PREFIX_PATH=/workspace/towen/install/rosidl_cmake:/workspace/towen/install/rosidl_parser:/workspace/towen/install/rosidl_runtime_c:/workspace/towen/install/rosidl_adapter:/workspace/towen/install/rosidl_typesupport_interface:/workspace/towen/install/rosidl_cli:${AMENT_PREFIX_PATH} BYOBU_DATE=%Y-%m-%d CMAKE_PREFIX_PATH=/workspace/towen/install/rosidl_cmake:/workspace/towen/install/rosidl_parser:/workspace/towen/install/rosidl_runtime_c:/workspace/towen/install/rosidl_adapter:/workspace/towen/install/rosidl_typesupport_interface:/workspace/towen/install/image_geometry:/workspace/towen/install/web_video_server:/workspace/towen/install/cv_bridge:/opt/ros/humble/install:/workspace/towen/install/strategy:/workspace/towen/install/motionpackage:/workspace/towen/install/imageprocess:/opt/ros/humble LD_LIBRARY_PATH=/workspace/towen/install/rosidl_runtime_c/lib:/workspace/towen/install/image_geometry/lib:/workspace/towen/install/cv_bridge/lib:/opt/ros/humble/opt/rviz_ogre_vendor/lib:/opt/ros/humble/lib/aarch64-linux-gnu:/opt/ros/humble/lib:/opt/ros/humble/install/opt/rviz_ogre_vendor/lib:/opt/ros/humble/install/lib:/usr/local/cuda/compat:/usr/local/cuda/lib64 PATH=/workspace/towen/install/rosidl_cli/bin:${PATH} PYTHONPATH=/workspace/towen/install/rosidl_cmake/local/lib/python3.10/dist-packages:/workspace/towen/install/rosidl_parser/local/lib/python3.10/dist-packages:/workspace/towen/install/rosidl_adapter/local/lib/python3.10/dist-packages:/workspace/towen/install/rosidl_cli/lib/python3.10/site-packages:${PYTHONPATH} /usr/local/bin/cmake /workspace/towen/src/rosidl/rosidl_generator_cpp -DCMAKE_INSTALL_PREFIX=/workspace/towen/install/rosidl_generator_cpp
[4.268s] DEBUG:colcon.colcon_core.event_handler.log_command:Invoked command in '/workspace/towen/build/rosidl_generator_cpp' returned '0': AMENT_PREFIX_PATH=/workspace/towen/install/rosidl_cmake:/workspace/towen/install/rosidl_parser:/workspace/towen/install/rosidl_runtime_c:/workspace/towen/install/rosidl_adapter:/workspace/towen/install/rosidl_typesupport_interface:/workspace/towen/install/rosidl_cli:${AMENT_PREFIX_PATH} BYOBU_DATE=%Y-%m-%d CMAKE_PREFIX_PATH=/workspace/towen/install/rosidl_cmake:/workspace/towen/install/rosidl_parser:/workspace/towen/install/rosidl_runtime_c:/workspace/towen/install/rosidl_adapter:/workspace/towen/install/rosidl_typesupport_interface:/workspace/towen/install/image_geometry:/workspace/towen/install/web_video_server:/workspace/towen/install/cv_bridge:/opt/ros/humble/install:/workspace/towen/install/strategy:/workspace/towen/install/motionpackage:/workspace/towen/install/imageprocess:/opt/ros/humble LD_LIBRARY_PATH=/workspace/towen/install/rosidl_runtime_c/lib:/workspace/towen/install/image_geometry/lib:/workspace/towen/install/cv_bridge/lib:/opt/ros/humble/opt/rviz_ogre_vendor/lib:/opt/ros/humble/lib/aarch64-linux-gnu:/opt/ros/humble/lib:/opt/ros/humble/install/opt/rviz_ogre_vendor/lib:/opt/ros/humble/install/lib:/usr/local/cuda/compat:/usr/local/cuda/lib64 PATH=/workspace/towen/install/rosidl_cli/bin:${PATH} PYTHONPATH=/workspace/towen/install/rosidl_cmake/local/lib/python3.10/dist-packages:/workspace/towen/install/rosidl_parser/local/lib/python3.10/dist-packages:/workspace/towen/install/rosidl_adapter/local/lib/python3.10/dist-packages:/workspace/towen/install/rosidl_cli/lib/python3.10/site-packages:${PYTHONPATH} /usr/local/bin/cmake /workspace/towen/src/rosidl/rosidl_generator_cpp -DCMAKE_INSTALL_PREFIX=/workspace/towen/install/rosidl_generator_cpp
[4.274s] DEBUG:colcon.colcon_core.event_handler.log_command:Invoking command in '/workspace/towen/build/rosidl_generator_cpp': AMENT_PREFIX_PATH=/workspace/towen/install/rosidl_cmake:/workspace/towen/install/rosidl_parser:/workspace/towen/install/rosidl_runtime_c:/workspace/towen/install/rosidl_adapter:/workspace/towen/install/rosidl_typesupport_interface:/workspace/towen/install/rosidl_cli:${AMENT_PREFIX_PATH} BYOBU_DATE=%Y-%m-%d CMAKE_PREFIX_PATH=/workspace/towen/install/rosidl_cmake:/workspace/towen/install/rosidl_parser:/workspace/towen/install/rosidl_runtime_c:/workspace/towen/install/rosidl_adapter:/workspace/towen/install/rosidl_typesupport_interface:/workspace/towen/install/image_geometry:/workspace/towen/install/web_video_server:/workspace/towen/install/cv_bridge:/opt/ros/humble/install:/workspace/towen/install/strategy:/workspace/towen/install/motionpackage:/workspace/towen/install/imageprocess:/opt/ros/humble LD_LIBRARY_PATH=/workspace/towen/install/rosidl_runtime_c/lib:/workspace/towen/install/image_geometry/lib:/workspace/towen/install/cv_bridge/lib:/opt/ros/humble/opt/rviz_ogre_vendor/lib:/opt/ros/humble/lib/aarch64-linux-gnu:/opt/ros/humble/lib:/opt/ros/humble/install/opt/rviz_ogre_vendor/lib:/opt/ros/humble/install/lib:/usr/local/cuda/compat:/usr/local/cuda/lib64 PATH=/workspace/towen/install/rosidl_cli/bin:${PATH} PYTHONPATH=/workspace/towen/install/rosidl_cmake/local/lib/python3.10/dist-packages:/workspace/towen/install/rosidl_parser/local/lib/python3.10/dist-packages:/workspace/towen/install/rosidl_adapter/local/lib/python3.10/dist-packages:/workspace/towen/install/rosidl_cli/lib/python3.10/site-packages:${PYTHONPATH} /usr/local/bin/cmake --build /workspace/towen/build/rosidl_generator_cpp -- -j6 -l6
[24.055s] DEBUG:colcon.colcon_core.event_handler.log_command:Invoked command in '/workspace/towen/build/rosidl_generator_cpp' returned '0': AMENT_PREFIX_PATH=/workspace/towen/install/rosidl_cmake:/workspace/towen/install/rosidl_parser:/workspace/towen/install/rosidl_runtime_c:/workspace/towen/install/rosidl_adapter:/workspace/towen/install/rosidl_typesupport_interface:/workspace/towen/install/rosidl_cli:${AMENT_PREFIX_PATH} BYOBU_DATE=%Y-%m-%d CMAKE_PREFIX_PATH=/workspace/towen/install/rosidl_cmake:/workspace/towen/install/rosidl_parser:/workspace/towen/install/rosidl_runtime_c:/workspace/towen/install/rosidl_adapter:/workspace/towen/install/rosidl_typesupport_interface:/workspace/towen/install/image_geometry:/workspace/towen/install/web_video_server:/workspace/towen/install/cv_bridge:/opt/ros/humble/install:/workspace/towen/install/strategy:/workspace/towen/install/motionpackage:/workspace/towen/install/imageprocess:/opt/ros/humble LD_LIBRARY_PATH=/workspace/towen/install/rosidl_runtime_c/lib:/workspace/towen/install/image_geometry/lib:/workspace/towen/install/cv_bridge/lib:/opt/ros/humble/opt/rviz_ogre_vendor/lib:/opt/ros/humble/lib/aarch64-linux-gnu:/opt/ros/humble/lib:/opt/ros/humble/install/opt/rviz_ogre_vendor/lib:/opt/ros/humble/install/lib:/usr/local/cuda/compat:/usr/local/cuda/lib64 PATH=/workspace/towen/install/rosidl_cli/bin:${PATH} PYTHONPATH=/workspace/towen/install/rosidl_cmake/local/lib/python3.10/dist-packages:/workspace/towen/install/rosidl_parser/local/lib/python3.10/dist-packages:/workspace/towen/install/rosidl_adapter/local/lib/python3.10/dist-packages:/workspace/towen/install/rosidl_cli/lib/python3.10/site-packages:${PYTHONPATH} /usr/local/bin/cmake --build /workspace/towen/build/rosidl_generator_cpp -- -j6 -l6
[24.598s] DEBUG:colcon.colcon_core.event_handler.log_command:Invoking command in '/workspace/towen/build/rosidl_generator_cpp': AMENT_PREFIX_PATH=/workspace/towen/install/rosidl_cmake:/workspace/towen/install/rosidl_parser:/workspace/towen/install/rosidl_runtime_c:/workspace/towen/install/rosidl_adapter:/workspace/towen/install/rosidl_typesupport_interface:/workspace/towen/install/rosidl_cli:${AMENT_PREFIX_PATH} BYOBU_DATE=%Y-%m-%d CMAKE_PREFIX_PATH=/workspace/towen/install/rosidl_cmake:/workspace/towen/install/rosidl_parser:/workspace/towen/install/rosidl_runtime_c:/workspace/towen/install/rosidl_adapter:/workspace/towen/install/rosidl_typesupport_interface:/workspace/towen/install/image_geometry:/workspace/towen/install/web_video_server:/workspace/towen/install/cv_bridge:/opt/ros/humble/install:/workspace/towen/install/strategy:/workspace/towen/install/motionpackage:/workspace/towen/install/imageprocess:/opt/ros/humble LD_LIBRARY_PATH=/workspace/towen/install/rosidl_runtime_c/lib:/workspace/towen/install/image_geometry/lib:/workspace/towen/install/cv_bridge/lib:/opt/ros/humble/opt/rviz_ogre_vendor/lib:/opt/ros/humble/lib/aarch64-linux-gnu:/opt/ros/humble/lib:/opt/ros/humble/install/opt/rviz_ogre_vendor/lib:/opt/ros/humble/install/lib:/usr/local/cuda/compat:/usr/local/cuda/lib64 PATH=/workspace/towen/install/rosidl_cli/bin:${PATH} PYTHONPATH=/workspace/towen/install/rosidl_cmake/local/lib/python3.10/dist-packages:/workspace/towen/install/rosidl_parser/local/lib/python3.10/dist-packages:/workspace/towen/install/rosidl_adapter/local/lib/python3.10/dist-packages:/workspace/towen/install/rosidl_cli/lib/python3.10/site-packages:${PYTHONPATH} /usr/local/bin/cmake --install /workspace/towen/build/rosidl_generator_cpp
[24.962s] Level 1:colcon.colcon_core.environment:create_environment_scripts_only(rosidl_generator_cpp)
[24.964s] DEBUG:colcon.colcon_core.event_handler.log_command:Invoked command in '/workspace/towen/build/rosidl_generator_cpp' returned '0': AMENT_PREFIX_PATH=/workspace/towen/install/rosidl_cmake:/workspace/towen/install/rosidl_parser:/workspace/towen/install/rosidl_runtime_c:/workspace/towen/install/rosidl_adapter:/workspace/towen/install/rosidl_typesupport_interface:/workspace/towen/install/rosidl_cli:${AMENT_PREFIX_PATH} BYOBU_DATE=%Y-%m-%d CMAKE_PREFIX_PATH=/workspace/towen/install/rosidl_cmake:/workspace/towen/install/rosidl_parser:/workspace/towen/install/rosidl_runtime_c:/workspace/towen/install/rosidl_adapter:/workspace/towen/install/rosidl_typesupport_interface:/workspace/towen/install/image_geometry:/workspace/towen/install/web_video_server:/workspace/towen/install/cv_bridge:/opt/ros/humble/install:/workspace/towen/install/strategy:/workspace/towen/install/motionpackage:/workspace/towen/install/imageprocess:/opt/ros/humble LD_LIBRARY_PATH=/workspace/towen/install/rosidl_runtime_c/lib:/workspace/towen/install/image_geometry/lib:/workspace/towen/install/cv_bridge/lib:/opt/ros/humble/opt/rviz_ogre_vendor/lib:/opt/ros/humble/lib/aarch64-linux-gnu:/opt/ros/humble/lib:/opt/ros/humble/install/opt/rviz_ogre_vendor/lib:/opt/ros/humble/install/lib:/usr/local/cuda/compat:/usr/local/cuda/lib64 PATH=/workspace/towen/install/rosidl_cli/bin:${PATH} PYTHONPATH=/workspace/towen/install/rosidl_cmake/local/lib/python3.10/dist-packages:/workspace/towen/install/rosidl_parser/local/lib/python3.10/dist-packages:/workspace/towen/install/rosidl_adapter/local/lib/python3.10/dist-packages:/workspace/towen/install/rosidl_cli/lib/python3.10/site-packages:${PYTHONPATH} /usr/local/bin/cmake --install /workspace/towen/build/rosidl_generator_cpp
[24.973s] Level 1:colcon.colcon_core.environment:checking '/workspace/towen/install/rosidl_generator_cpp' for CMake module files
[24.975s] Level 1:colcon.colcon_core.environment:checking '/workspace/towen/install/rosidl_generator_cpp' for CMake config files
[24.977s] Level 1:colcon.colcon_core.shell:create_environment_hook('rosidl_generator_cpp', 'cmake_prefix_path')
[24.978s] INFO:colcon.colcon_core.shell:Creating environment hook '/workspace/towen/install/rosidl_generator_cpp/share/rosidl_generator_cpp/hook/cmake_prefix_path.ps1'
[24.980s] INFO:colcon.colcon_core.shell:Creating environment descriptor '/workspace/towen/install/rosidl_generator_cpp/share/rosidl_generator_cpp/hook/cmake_prefix_path.dsv'
[24.982s] INFO:colcon.colcon_core.shell:Creating environment hook '/workspace/towen/install/rosidl_generator_cpp/share/rosidl_generator_cpp/hook/cmake_prefix_path.sh'
[24.985s] Level 1:colcon.colcon_core.environment:checking '/workspace/towen/install/rosidl_generator_cpp/lib'
[24.986s] Level 1:colcon.colcon_core.environment:checking '/workspace/towen/install/rosidl_generator_cpp/bin'
[24.986s] Level 1:colcon.colcon_core.environment:checking '/workspace/towen/install/rosidl_generator_cpp/lib/pkgconfig/rosidl_generator_cpp.pc'
[24.992s] Level 1:colcon.colcon_core.environment:checking '/workspace/towen/install/rosidl_generator_cpp/lib/python3.10/site-packages'
[24.993s] Level 1:colcon.colcon_core.environment:checking '/workspace/towen/install/rosidl_generator_cpp/bin'
[24.994s] INFO:colcon.colcon_core.shell:Creating package script '/workspace/towen/install/rosidl_generator_cpp/share/rosidl_generator_cpp/package.ps1'
[24.997s] INFO:colcon.colcon_core.shell:Creating package descriptor '/workspace/towen/install/rosidl_generator_cpp/share/rosidl_generator_cpp/package.dsv'
[24.999s] INFO:colcon.colcon_core.shell:Creating package script '/workspace/towen/install/rosidl_generator_cpp/share/rosidl_generator_cpp/package.sh'
[25.002s] INFO:colcon.colcon_core.shell:Creating package script '/workspace/towen/install/rosidl_generator_cpp/share/rosidl_generator_cpp/package.bash'
[25.005s] INFO:colcon.colcon_core.shell:Creating package script '/workspace/towen/install/rosidl_generator_cpp/share/rosidl_generator_cpp/package.zsh'
[25.007s] Level 1:colcon.colcon_core.environment:create_file_with_runtime_dependencies(/workspace/towen/install/rosidl_generator_cpp/share/colcon-core/packages/rosidl_generator_cpp)
[25.336s] Level 1:colcon.colcon_core.environment:create_environment_scripts_only(rosidl_generator_cpp)
[25.337s] Level 1:colcon.colcon_core.environment:checking '/workspace/towen/install/rosidl_generator_cpp' for CMake module files
[25.338s] Level 1:colcon.colcon_core.environment:checking '/workspace/towen/install/rosidl_generator_cpp' for CMake config files
[25.338s] Level 1:colcon.colcon_core.shell:create_environment_hook('rosidl_generator_cpp', 'cmake_prefix_path')
[25.339s] INFO:colcon.colcon_core.shell:Creating environment hook '/workspace/towen/install/rosidl_generator_cpp/share/rosidl_generator_cpp/hook/cmake_prefix_path.ps1'
[25.340s] INFO:colcon.colcon_core.shell:Creating environment descriptor '/workspace/towen/install/rosidl_generator_cpp/share/rosidl_generator_cpp/hook/cmake_prefix_path.dsv'
[25.341s] INFO:colcon.colcon_core.shell:Creating environment hook '/workspace/towen/install/rosidl_generator_cpp/share/rosidl_generator_cpp/hook/cmake_prefix_path.sh'
[25.342s] Level 1:colcon.colcon_core.environment:checking '/workspace/towen/install/rosidl_generator_cpp/lib'
[25.343s] Level 1:colcon.colcon_core.environment:checking '/workspace/towen/install/rosidl_generator_cpp/bin'
[25.343s] Level 1:colcon.colcon_core.environment:checking '/workspace/towen/install/rosidl_generator_cpp/lib/pkgconfig/rosidl_generator_cpp.pc'
[25.343s] Level 1:colcon.colcon_core.environment:checking '/workspace/towen/install/rosidl_generator_cpp/lib/python3.10/site-packages'
[25.344s] Level 1:colcon.colcon_core.environment:checking '/workspace/towen/install/rosidl_generator_cpp/bin'
[25.345s] INFO:colcon.colcon_core.shell:Creating package script '/workspace/towen/install/rosidl_generator_cpp/share/rosidl_generator_cpp/package.ps1'
[25.346s] INFO:colcon.colcon_core.shell:Creating package descriptor '/workspace/towen/install/rosidl_generator_cpp/share/rosidl_generator_cpp/package.dsv'
[25.347s] INFO:colcon.colcon_core.shell:Creating package script '/workspace/towen/install/rosidl_generator_cpp/share/rosidl_generator_cpp/package.sh'
[25.348s] INFO:colcon.colcon_core.shell:Creating package script '/workspace/towen/install/rosidl_generator_cpp/share/rosidl_generator_cpp/package.bash'
[25.349s] INFO:colcon.colcon_core.shell:Creating package script '/workspace/towen/install/rosidl_generator_cpp/share/rosidl_generator_cpp/package.zsh'
[25.350s] Level 1:colcon.colcon_core.environment:create_file_with_runtime_dependencies(/workspace/towen/install/rosidl_generator_cpp/share/colcon-core/packages/rosidl_generator_cpp)
[25.350s] DEBUG:colcon.colcon_parallel_executor.executor.parallel:closing loop
[25.351s] DEBUG:colcon.colcon_parallel_executor.executor.parallel:loop closed
[25.352s] DEBUG:colcon.colcon_parallel_executor.executor.parallel:run_until_complete finished with '0'
[25.352s] DEBUG:colcon.colcon_core.event_reactor:joining thread
[25.370s] INFO:colcon.colcon_core.plugin_system:Skipping extension 'colcon_notification.desktop_notification.notify_send': Could not find 'notify-send'
[25.371s] INFO:colcon.colcon_core.plugin_system:Skipping extension 'colcon_notification.desktop_notification.terminal_notifier': Not used on non-Darwin systems
[25.371s] INFO:colcon.colcon_core.plugin_system:Skipping extension 'colcon_notification.desktop_notification.win32': Not used on non-Windows systems
[25.371s] INFO:colcon.colcon_notification.desktop_notification:Sending desktop notification using 'notify2'
[25.375s] DEBUG:colcon.colcon_notification.desktop_notification.notify2:Failed to initialize notify2: org.freedesktop.DBus.Error.Spawn.ExecFailed: /usr/bin/dbus-launch terminated abnormally without any error message
[25.376s] DEBUG:colcon.colcon_core.event_reactor:joined thread
[25.378s] INFO:colcon.colcon_core.shell:Creating prefix script '/workspace/towen/install/local_setup.ps1'
[25.383s] INFO:colcon.colcon_core.shell:Creating prefix util module '/workspace/towen/install/_local_setup_util_ps1.py'
[25.387s] INFO:colcon.colcon_core.shell:Creating prefix chain script '/workspace/towen/install/setup.ps1'
[25.391s] INFO:colcon.colcon_core.shell:Creating prefix script '/workspace/towen/install/local_setup.sh'
[25.393s] INFO:colcon.colcon_core.shell:Creating prefix util module '/workspace/towen/install/_local_setup_util_sh.py'
[25.394s] INFO:colcon.colcon_core.shell:Creating prefix chain script '/workspace/towen/install/setup.sh'
[25.398s] INFO:colcon.colcon_core.shell:Creating prefix script '/workspace/towen/install/local_setup.bash'
[25.399s] INFO:colcon.colcon_core.shell:Creating prefix chain script '/workspace/towen/install/setup.bash'
[25.402s] INFO:colcon.colcon_core.shell:Creating prefix script '/workspace/towen/install/local_setup.zsh'
[25.403s] INFO:colcon.colcon_core.shell:Creating prefix chain script '/workspace/towen/install/setup.zsh'
