[1.265s] Invoking command in '/home/iclab/Desktop/humanoid/build/web_video_server': BYOBU_DATE=%Y-%m-%d CMAKE_PREFIX_PATH=${CMAKE_PREFIX_PATH}:/home/iclab/Desktop/humanoid/install/wula:/home/iclab/Desktop/humanoid/install/motionpackage:/home/iclab/Desktop/humanoid/install/imageprocess:/opt/ros/humble /usr/bin/cmake /home/iclab/Desktop/humanoid/src/web_video_server -DCMAKE_INSTALL_PREFIX=/home/iclab/Desktop/humanoid/install/web_video_server
[1.372s] -- The C compiler identification is GNU 11.4.0
[1.470s] -- The CXX compiler identification is GNU 11.4.0
[1.483s] -- Detecting C compiler ABI info
[1.610s] -- Detecting C compiler ABI info - done
[1.622s] -- Check for working C compiler: /usr/bin/cc - skipped
[1.622s] -- Detecting C compile features
[1.623s] -- Detecting C compile features - done
[1.629s] -- Detecting CXX compiler ABI info
[1.781s] -- Detecting CXX compiler ABI info - done
[1.794s] -- Check for working CXX compiler: /usr/bin/c++ - skipped
[1.794s] -- Detecting CXX compile features
[1.795s] -- Detecting CXX compile features - done
[1.801s] -- Found ament_cmake_ros: 0.10.0 (/opt/ros/humble/share/ament_cmake_ros/cmake)
[2.157s] -- Found Python3: /usr/bin/python3 (found version "3.10.12") found components: Interpreter 
[2.375s] -- Found async_web_server_cpp: 2.0.0 (/opt/ros/humble/share/async_web_server_cpp/cmake)
[2.745s] -- Found Boost: /usr/lib/aarch64-linux-gnu/cmake/Boost-1.74.0/BoostConfig.cmake (found suitable version "1.74.0", minimum required is "1.74.0") found components: filesystem regex thread 
[2.755s] -- Found cv_bridge: 3.2.1 (/opt/ros/humble/share/cv_bridge/cmake)
[2.851s] -- Found rosidl_generator_c: 3.1.6 (/opt/ros/humble/share/rosidl_generator_c/cmake)
[2.862s] -- Found rosidl_adapter: 3.1.6 (/opt/ros/humble/share/rosidl_adapter/cmake)
[2.883s] -- Found rosidl_generator_cpp: 3.1.6 (/opt/ros/humble/share/rosidl_generator_cpp/cmake)
[2.920s] -- Using all available rosidl_typesupport_c: rosidl_typesupport_fastrtps_c;rosidl_typesupport_introspection_c
[2.956s] -- Using all available rosidl_typesupport_cpp: rosidl_typesupport_fastrtps_cpp;rosidl_typesupport_introspection_cpp
[3.098s] -- Found image_transport: 3.1.10 (/opt/ros/humble/share/image_transport/cmake)
[3.214s] -- Found rmw_implementation_cmake: 6.1.2 (/opt/ros/humble/share/rmw_implementation_cmake/cmake)
[3.222s] -- Found rmw_fastrtps_cpp: 6.2.7 (/opt/ros/humble/share/rmw_fastrtps_cpp/cmake)
[3.429s] -- Found OpenSSL: /usr/lib/aarch64-linux-gnu/libcrypto.so (found version "3.0.2")  
[3.509s] -- Found FastRTPS: /opt/ros/humble/include  
[3.588s] -- Using RMW implementation 'rmw_fastrtps_cpp' as default
[3.608s] -- Found Threads: TRUE  
[3.776s] -- Found OpenCV: /usr/local (found version "4.8.0") 
[3.783s] -- Found Boost: /usr/lib/aarch64-linux-gnu/cmake/Boost-1.74.0/BoostConfig.cmake (found version "1.74.0") found components: thread 
[3.793s] -- Found PkgConfig: /usr/bin/pkg-config (found version "0.29.2") 
[3.794s] -- Checking for module 'libavcodec'
[3.816s] --   Found libavcodec, version 58.134.100
[3.875s] -- Checking for module 'libavformat'
[3.899s] --   Found libavformat, version 58.76.100
[3.965s] -- Checking for module 'libavutil'
[3.995s] --   Found libavutil, version 56.70.100
[4.056s] -- Checking for module 'libswscale'
[4.081s] --   Found libswscale, version 5.9.100
[4.287s] -- Configuring done
[4.315s] -- Generating done
[4.323s] -- Build files have been written to: /home/iclab/Desktop/humanoid/build/web_video_server
[4.354s] Invoked command in '/home/iclab/Desktop/humanoid/build/web_video_server' returned '0': BYOBU_DATE=%Y-%m-%d CMAKE_PREFIX_PATH=${CMAKE_PREFIX_PATH}:/home/iclab/Desktop/humanoid/install/wula:/home/iclab/Desktop/humanoid/install/motionpackage:/home/iclab/Desktop/humanoid/install/imageprocess:/opt/ros/humble /usr/bin/cmake /home/iclab/Desktop/humanoid/src/web_video_server -DCMAKE_INSTALL_PREFIX=/home/iclab/Desktop/humanoid/install/web_video_server
[4.360s] Invoking command in '/home/iclab/Desktop/humanoid/build/web_video_server': BYOBU_DATE=%Y-%m-%d CMAKE_PREFIX_PATH=${CMAKE_PREFIX_PATH}:/home/iclab/Desktop/humanoid/install/wula:/home/iclab/Desktop/humanoid/install/motionpackage:/home/iclab/Desktop/humanoid/install/imageprocess:/opt/ros/humble /usr/bin/cmake --build /home/iclab/Desktop/humanoid/build/web_video_server -- -j6 -l6
[4.458s] [ 27%] [32mBuilding CXX object CMakeFiles/web_video_server.dir/src/image_streamer.cpp.o[0m
[4.458s] [ 27%] [32mBuilding CXX object CMakeFiles/web_video_server.dir/src/vp8_streamer.cpp.o[0m
[4.460s] [ 27%] [32mBuilding CXX object CMakeFiles/web_video_server.dir/src/web_video_server.cpp.o[0m
[4.462s] [ 36%] [32mBuilding CXX object CMakeFiles/web_video_server.dir/src/libav_streamer.cpp.o[0m
[4.465s] [ 45%] [32mBuilding CXX object CMakeFiles/web_video_server.dir/src/h264_streamer.cpp.o[0m
[4.467s] [ 54%] [32mBuilding CXX object CMakeFiles/web_video_server.dir/src/vp9_streamer.cpp.o[0m
[39.729s] [ 63%] [32mBuilding CXX object CMakeFiles/web_video_server.dir/src/png_streamers.cpp.o[0m
[56.527s] [ 72%] [32mBuilding CXX object CMakeFiles/web_video_server.dir/src/jpeg_streamers.cpp.o[0m
[56.528s] [ 81%] [32mBuilding CXX object CMakeFiles/web_video_server.dir/src/ros_compressed_streamer.cpp.o[0m
[72.582s] [ 90%] [32mBuilding CXX object CMakeFiles/web_video_server.dir/src/multipart_stream.cpp.o[0m
[85.844s] [100%] [32m[1mLinking CXX executable web_video_server[0m
[86.521s] /usr/bin/ld: warning: libopencv_imgcodecs.so.4.5d, needed by /opt/ros/humble/lib/libcv_bridge.so, may conflict with libopencv_imgcodecs.so.408
[86.523s] /usr/bin/ld: warning: libopencv_imgproc.so.4.5d, needed by /opt/ros/humble/lib/libcv_bridge.so, may conflict with libopencv_imgproc.so.408
[86.525s] /usr/bin/ld: warning: libopencv_core.so.4.5d, needed by /opt/ros/humble/lib/libcv_bridge.so, may conflict with libopencv_core.so.408
[88.070s] [100%] Built target web_video_server
[88.095s] Invoked command in '/home/iclab/Desktop/humanoid/build/web_video_server' returned '0': BYOBU_DATE=%Y-%m-%d CMAKE_PREFIX_PATH=${CMAKE_PREFIX_PATH}:/home/iclab/Desktop/humanoid/install/wula:/home/iclab/Desktop/humanoid/install/motionpackage:/home/iclab/Desktop/humanoid/install/imageprocess:/opt/ros/humble /usr/bin/cmake --build /home/iclab/Desktop/humanoid/build/web_video_server -- -j6 -l6
[88.100s] Invoking command in '/home/iclab/Desktop/humanoid/build/web_video_server': BYOBU_DATE=%Y-%m-%d CMAKE_PREFIX_PATH=${CMAKE_PREFIX_PATH}:/home/iclab/Desktop/humanoid/install/wula:/home/iclab/Desktop/humanoid/install/motionpackage:/home/iclab/Desktop/humanoid/install/imageprocess:/opt/ros/humble /usr/bin/cmake --install /home/iclab/Desktop/humanoid/build/web_video_server
[88.117s] -- Install configuration: ""
[88.118s] -- Installing: /home/iclab/Desktop/humanoid/install/web_video_server/lib/web_video_server/web_video_server
[88.130s] -- Set runtime path of "/home/iclab/Desktop/humanoid/install/web_video_server/lib/web_video_server/web_video_server" to ""
[88.130s] -- Up-to-date: /home/iclab/Desktop/humanoid/install/web_video_server/include/web_video_server
[88.130s] -- Up-to-date: /home/iclab/Desktop/humanoid/install/web_video_server/include/web_video_server/multipart_stream.h
[88.130s] -- Up-to-date: /home/iclab/Desktop/humanoid/install/web_video_server/include/web_video_server/h264_streamer.h
[88.131s] -- Up-to-date: /home/iclab/Desktop/humanoid/install/web_video_server/include/web_video_server/libav_streamer.h
[88.131s] -- Up-to-date: /home/iclab/Desktop/humanoid/install/web_video_server/include/web_video_server/web_video_server.h
[88.131s] -- Up-to-date: /home/iclab/Desktop/humanoid/install/web_video_server/include/web_video_server/ros_compressed_streamer.h
[88.131s] -- Up-to-date: /home/iclab/Desktop/humanoid/install/web_video_server/include/web_video_server/png_streamers.h
[88.131s] -- Up-to-date: /home/iclab/Desktop/humanoid/install/web_video_server/include/web_video_server/vp8_streamer.h
[88.131s] -- Up-to-date: /home/iclab/Desktop/humanoid/install/web_video_server/include/web_video_server/vp9_streamer.h
[88.131s] -- Up-to-date: /home/iclab/Desktop/humanoid/install/web_video_server/include/web_video_server/jpeg_streamers.h
[88.132s] -- Up-to-date: /home/iclab/Desktop/humanoid/install/web_video_server/include/web_video_server/image_streamer.h
[88.132s] -- Installing: /home/iclab/Desktop/humanoid/install/web_video_server/share/ament_index/resource_index/package_run_dependencies/web_video_server
[88.132s] -- Installing: /home/iclab/Desktop/humanoid/install/web_video_server/share/ament_index/resource_index/parent_prefix_path/web_video_server
[88.132s] -- Up-to-date: /home/iclab/Desktop/humanoid/install/web_video_server/share/web_video_server/environment/ament_prefix_path.sh
[88.132s] -- Installing: /home/iclab/Desktop/humanoid/install/web_video_server/share/web_video_server/environment/ament_prefix_path.dsv
[88.132s] -- Up-to-date: /home/iclab/Desktop/humanoid/install/web_video_server/share/web_video_server/environment/path.sh
[88.133s] -- Installing: /home/iclab/Desktop/humanoid/install/web_video_server/share/web_video_server/environment/path.dsv
[88.133s] -- Installing: /home/iclab/Desktop/humanoid/install/web_video_server/share/web_video_server/local_setup.bash
[88.133s] -- Installing: /home/iclab/Desktop/humanoid/install/web_video_server/share/web_video_server/local_setup.sh
[88.133s] -- Installing: /home/iclab/Desktop/humanoid/install/web_video_server/share/web_video_server/local_setup.zsh
[88.134s] -- Installing: /home/iclab/Desktop/humanoid/install/web_video_server/share/web_video_server/local_setup.dsv
[88.134s] -- Installing: /home/iclab/Desktop/humanoid/install/web_video_server/share/web_video_server/package.dsv
[88.135s] -- Installing: /home/iclab/Desktop/humanoid/install/web_video_server/share/ament_index/resource_index/packages/web_video_server
[88.135s] -- Installing: /home/iclab/Desktop/humanoid/install/web_video_server/share/web_video_server/cmake/web_video_serverConfig.cmake
[88.135s] -- Installing: /home/iclab/Desktop/humanoid/install/web_video_server/share/web_video_server/cmake/web_video_serverConfig-version.cmake
[88.136s] -- Up-to-date: /home/iclab/Desktop/humanoid/install/web_video_server/share/web_video_server/package.xml
[88.143s] Invoked command in '/home/iclab/Desktop/humanoid/build/web_video_server' returned '0': BYOBU_DATE=%Y-%m-%d CMAKE_PREFIX_PATH=${CMAKE_PREFIX_PATH}:/home/iclab/Desktop/humanoid/install/wula:/home/iclab/Desktop/humanoid/install/motionpackage:/home/iclab/Desktop/humanoid/install/imageprocess:/opt/ros/humble /usr/bin/cmake --install /home/iclab/Desktop/humanoid/build/web_video_server
