[0.857s] Invoking command in '/workspace/towen/build/cv_bridge': BYOBU_DATE=%Y-%m-%d CMAKE_PREFIX_PATH=${CMAKE_PREFIX_PATH}:/workspace/towen/install/strategy:/workspace/towen/install/rosidl_cli:/workspace/towen/install/opencv_tests:/workspace/towen/install/motionpackage:/workspace/towen/install/imageprocess:/opt/ros/humble /usr/local/bin/cmake --build /workspace/towen/build/cv_bridge -- -j6 -l6
[1.377s] [  0%] Built target ament_cmake_python_copy_cv_bridge
[1.429s] [ 12%] Built target gtest
[2.765s] running egg_info
[2.867s] writing cv_bridge.egg-info/PKG-INFO
[2.869s] writing dependency_links to cv_bridge.egg-info/dependency_links.txt
[2.872s] writing top-level names to cv_bridge.egg-info/top_level.txt
[3.048s] reading manifest file 'cv_bridge.egg-info/SOURCES.txt'
[3.051s] writing manifest file 'cv_bridge.egg-info/SOURCES.txt'
[3.161s] [ 12%] Built target ament_cmake_python_build_cv_bridge_egg
[3.295s] [ 25%] Built target gtest_main
[3.439s] [ 43%] Built target cv_bridge
[3.600s] [ 62%] Built target cv_bridge_boost
[3.722s] [100%] Built target cv_bridge-utest
[3.805s] Invoked command in '/workspace/towen/build/cv_bridge' returned '0': BYOBU_DATE=%Y-%m-%d CMAKE_PREFIX_PATH=${CMAKE_PREFIX_PATH}:/workspace/towen/install/strategy:/workspace/towen/install/rosidl_cli:/workspace/towen/install/opencv_tests:/workspace/towen/install/motionpackage:/workspace/towen/install/imageprocess:/opt/ros/humble /usr/local/bin/cmake --build /workspace/towen/build/cv_bridge -- -j6 -l6
[4.526s] Invoking command in '/workspace/towen/build/cv_bridge': BYOBU_DATE=%Y-%m-%d CMAKE_PREFIX_PATH=${CMAKE_PREFIX_PATH}:/workspace/towen/install/strategy:/workspace/towen/install/rosidl_cli:/workspace/towen/install/opencv_tests:/workspace/towen/install/motionpackage:/workspace/towen/install/imageprocess:/opt/ros/humble /usr/local/bin/cmake --install /workspace/towen/build/cv_bridge
[5.039s] -- Install configuration: ""
[5.040s] -- Up-to-date: /workspace/towen/install/cv_bridge/share/cv_bridge/environment/pythonpath.sh
[5.040s] -- Up-to-date: /workspace/towen/install/cv_bridge/share/cv_bridge/environment/pythonpath.dsv
[5.040s] -- Up-to-date: /workspace/towen/install/cv_bridge/local/lib/python3.10/dist-packages/cv_bridge-3.2.1-py3.10.egg-info
[5.040s] -- Installing: /workspace/towen/install/cv_bridge/local/lib/python3.10/dist-packages/cv_bridge-3.2.1-py3.10.egg-info/PKG-INFO
[5.040s] -- Installing: /workspace/towen/install/cv_bridge/local/lib/python3.10/dist-packages/cv_bridge-3.2.1-py3.10.egg-info/top_level.txt
[5.045s] -- Installing: /workspace/towen/install/cv_bridge/local/lib/python3.10/dist-packages/cv_bridge-3.2.1-py3.10.egg-info/SOURCES.txt
[5.046s] -- Installing: /workspace/towen/install/cv_bridge/local/lib/python3.10/dist-packages/cv_bridge-3.2.1-py3.10.egg-info/dependency_links.txt
[5.047s] -- Up-to-date: /workspace/towen/install/cv_bridge/local/lib/python3.10/dist-packages/cv_bridge
[5.047s] -- Up-to-date: /workspace/towen/install/cv_bridge/local/lib/python3.10/dist-packages/cv_bridge/core.py
[5.047s] -- Up-to-date: /workspace/towen/install/cv_bridge/local/lib/python3.10/dist-packages/cv_bridge/__init__.py
[5.205s] Listing '/workspace/towen/install/cv_bridge/local/lib/python3.10/dist-packages/cv_bridge'...
[5.206s] Listing '/workspace/towen/install/cv_bridge/local/lib/python3.10/dist-packages/cv_bridge/boost'...
[5.229s] -- Up-to-date: /workspace/towen/install/cv_bridge/lib/libcv_bridge.so
[5.230s] -- Up-to-date: /workspace/towen/install/cv_bridge/include/cv_bridge/cv_bridge/cv_bridge_export.h
[5.234s] -- Up-to-date: /workspace/towen/install/cv_bridge/local/lib/python3.10/dist-packages/cv_bridge/boost/cv_bridge_boost.so
[5.239s] -- Up-to-date: /workspace/towen/install/cv_bridge/include/cv_bridge
[5.241s] -- Up-to-date: /workspace/towen/install/cv_bridge/include/cv_bridge/cv_bridge
[5.247s] -- Up-to-date: /workspace/towen/install/cv_bridge/include/cv_bridge/cv_bridge/rgb_colors.h
[5.250s] -- Up-to-date: /workspace/towen/install/cv_bridge/include/cv_bridge/cv_bridge/cv_bridge.h
[5.254s] -- Up-to-date: /workspace/towen/install/cv_bridge/lib/libcv_bridge.so
[5.259s] -- Up-to-date: /workspace/towen/install/cv_bridge/share/ament_index/resource_index/package_run_dependencies/cv_bridge
[5.265s] -- Up-to-date: /workspace/towen/install/cv_bridge/share/ament_index/resource_index/parent_prefix_path/cv_bridge
[5.267s] -- Up-to-date: /workspace/towen/install/cv_bridge/share/cv_bridge/environment/ament_prefix_path.sh
[5.269s] -- Up-to-date: /workspace/towen/install/cv_bridge/share/cv_bridge/environment/ament_prefix_path.dsv
[5.271s] -- Up-to-date: /workspace/towen/install/cv_bridge/share/cv_bridge/environment/path.sh
[5.273s] -- Up-to-date: /workspace/towen/install/cv_bridge/share/cv_bridge/environment/path.dsv
[5.277s] -- Up-to-date: /workspace/towen/install/cv_bridge/share/cv_bridge/local_setup.bash
[5.279s] -- Up-to-date: /workspace/towen/install/cv_bridge/share/cv_bridge/local_setup.sh
[5.281s] -- Up-to-date: /workspace/towen/install/cv_bridge/share/cv_bridge/local_setup.zsh
[5.283s] -- Up-to-date: /workspace/towen/install/cv_bridge/share/cv_bridge/local_setup.dsv
[5.285s] -- Installing: /workspace/towen/install/cv_bridge/share/cv_bridge/package.dsv
[5.287s] -- Up-to-date: /workspace/towen/install/cv_bridge/share/ament_index/resource_index/packages/cv_bridge
[5.288s] -- Up-to-date: /workspace/towen/install/cv_bridge/share/cv_bridge/cmake/export_cv_bridgeExport.cmake
[5.289s] -- Up-to-date: /workspace/towen/install/cv_bridge/share/cv_bridge/cmake/export_cv_bridgeExport-noconfig.cmake
[5.290s] -- Up-to-date: /workspace/towen/install/cv_bridge/share/cv_bridge/cmake/cv_bridge-extras.cmake
[5.291s] -- Up-to-date: /workspace/towen/install/cv_bridge/share/cv_bridge/cmake/ament_cmake_export_dependencies-extras.cmake
[5.292s] -- Up-to-date: /workspace/towen/install/cv_bridge/share/cv_bridge/cmake/ament_cmake_export_targets-extras.cmake
[5.293s] -- Up-to-date: /workspace/towen/install/cv_bridge/share/cv_bridge/cmake/cv_bridgeConfig.cmake
[5.294s] -- Up-to-date: /workspace/towen/install/cv_bridge/share/cv_bridge/cmake/cv_bridgeConfig-version.cmake
[5.295s] -- Up-to-date: /workspace/towen/install/cv_bridge/share/cv_bridge/package.xml
[5.358s] Invoked command in '/workspace/towen/build/cv_bridge' returned '0': BYOBU_DATE=%Y-%m-%d CMAKE_PREFIX_PATH=${CMAKE_PREFIX_PATH}:/workspace/towen/install/strategy:/workspace/towen/install/rosidl_cli:/workspace/towen/install/opencv_tests:/workspace/towen/install/motionpackage:/workspace/towen/install/imageprocess:/opt/ros/humble /usr/local/bin/cmake --install /workspace/towen/build/cv_bridge
