[0.101s] Invoking command in '/workspace/towen/build/web_video_server': AMENT_PREFIX_PATH=/workspace/towen/install/cv_bridge:${AMENT_PREFIX_PATH} BYOBU_DATE=%Y-%m-%d CMAKE_PREFIX_PATH=/workspace/towen/install/cv_bridge:/opt/ros/humble LD_LIBRARY_PATH=/workspace/towen/install/cv_bridge/lib:/opt/ros/humble/opt/rviz_ogre_vendor/lib:/opt/ros/humble/lib/aarch64-linux-gnu:/opt/ros/humble/lib:/usr/local/cuda/compat:/usr/local/cuda/lib64 PYTHONPATH=/workspace/towen/install/cv_bridge/local/lib/python3.10/dist-packages:${PYTHONPATH} /usr/local/bin/cmake --build /workspace/towen/build/web_video_server -- -j6 -l6
[1.244s] [100%] Built target web_video_server
[1.328s] Invoked command in '/workspace/towen/build/web_video_server' returned '0': AMENT_PREFIX_PATH=/workspace/towen/install/cv_bridge:${AMENT_PREFIX_PATH} BYOBU_DATE=%Y-%m-%d CMAKE_PREFIX_PATH=/workspace/towen/install/cv_bridge:/opt/ros/humble LD_LIBRARY_PATH=/workspace/towen/install/cv_bridge/lib:/opt/ros/humble/opt/rviz_ogre_vendor/lib:/opt/ros/humble/lib/aarch64-linux-gnu:/opt/ros/humble/lib:/usr/local/cuda/compat:/usr/local/cuda/lib64 PYTHONPATH=/workspace/towen/install/cv_bridge/local/lib/python3.10/dist-packages:${PYTHONPATH} /usr/local/bin/cmake --build /workspace/towen/build/web_video_server -- -j6 -l6
[2.209s] Invoking command in '/workspace/towen/build/web_video_server': AMENT_PREFIX_PATH=/workspace/towen/install/cv_bridge:${AMENT_PREFIX_PATH} BYOBU_DATE=%Y-%m-%d CMAKE_PREFIX_PATH=/workspace/towen/install/cv_bridge:/opt/ros/humble LD_LIBRARY_PATH=/workspace/towen/install/cv_bridge/lib:/opt/ros/humble/opt/rviz_ogre_vendor/lib:/opt/ros/humble/lib/aarch64-linux-gnu:/opt/ros/humble/lib:/usr/local/cuda/compat:/usr/local/cuda/lib64 PYTHONPATH=/workspace/towen/install/cv_bridge/local/lib/python3.10/dist-packages:${PYTHONPATH} /usr/local/bin/cmake --install /workspace/towen/build/web_video_server
[2.556s] -- Install configuration: ""
[2.561s] -- Up-to-date: /workspace/towen/install/web_video_server/lib/web_video_server/web_video_server
[2.565s] -- Up-to-date: /workspace/towen/install/web_video_server/include/web_video_server
[2.567s] -- Up-to-date: /workspace/towen/install/web_video_server/include/web_video_server/vp8_streamer.h
[2.568s] -- Up-to-date: /workspace/towen/install/web_video_server/include/web_video_server/vp9_streamer.h
[2.568s] -- Up-to-date: /workspace/towen/install/web_video_server/include/web_video_server/h264_streamer.h
[2.568s] -- Up-to-date: /workspace/towen/install/web_video_server/include/web_video_server/png_streamers.h
[2.569s] -- Up-to-date: /workspace/towen/install/web_video_server/include/web_video_server/libav_streamer.h
[2.570s] -- Up-to-date: /workspace/towen/install/web_video_server/include/web_video_server/jpeg_streamers.h
[2.571s] -- Up-to-date: /workspace/towen/install/web_video_server/include/web_video_server/web_video_server.h
[2.571s] -- Up-to-date: /workspace/towen/install/web_video_server/include/web_video_server/image_streamer.h
[2.572s] -- Up-to-date: /workspace/towen/install/web_video_server/include/web_video_server/ros_compressed_streamer.h
[2.572s] -- Up-to-date: /workspace/towen/install/web_video_server/include/web_video_server/multipart_stream.h
[2.578s] -- Up-to-date: /workspace/towen/install/web_video_server/share/ament_index/resource_index/package_run_dependencies/web_video_server
[2.579s] -- Up-to-date: /workspace/towen/install/web_video_server/share/ament_index/resource_index/parent_prefix_path/web_video_server
[2.579s] -- Up-to-date: /workspace/towen/install/web_video_server/share/web_video_server/environment/ament_prefix_path.sh
[2.579s] -- Up-to-date: /workspace/towen/install/web_video_server/share/web_video_server/environment/ament_prefix_path.dsv
[2.579s] -- Up-to-date: /workspace/towen/install/web_video_server/share/web_video_server/environment/path.sh
[2.579s] -- Up-to-date: /workspace/towen/install/web_video_server/share/web_video_server/environment/path.dsv
[2.580s] -- Up-to-date: /workspace/towen/install/web_video_server/share/web_video_server/local_setup.bash
[2.580s] -- Up-to-date: /workspace/towen/install/web_video_server/share/web_video_server/local_setup.sh
[2.580s] -- Up-to-date: /workspace/towen/install/web_video_server/share/web_video_server/local_setup.zsh
[2.580s] -- Up-to-date: /workspace/towen/install/web_video_server/share/web_video_server/local_setup.dsv
[2.580s] -- Installing: /workspace/towen/install/web_video_server/share/web_video_server/package.dsv
[2.586s] -- Up-to-date: /workspace/towen/install/web_video_server/share/ament_index/resource_index/packages/web_video_server
[2.587s] -- Up-to-date: /workspace/towen/install/web_video_server/share/web_video_server/cmake/web_video_serverConfig.cmake
[2.587s] -- Up-to-date: /workspace/towen/install/web_video_server/share/web_video_server/cmake/web_video_serverConfig-version.cmake
[2.587s] -- Up-to-date: /workspace/towen/install/web_video_server/share/web_video_server/package.xml
[2.677s] Invoked command in '/workspace/towen/build/web_video_server' returned '0': AMENT_PREFIX_PATH=/workspace/towen/install/cv_bridge:${AMENT_PREFIX_PATH} BYOBU_DATE=%Y-%m-%d CMAKE_PREFIX_PATH=/workspace/towen/install/cv_bridge:/opt/ros/humble LD_LIBRARY_PATH=/workspace/towen/install/cv_bridge/lib:/opt/ros/humble/opt/rviz_ogre_vendor/lib:/opt/ros/humble/lib/aarch64-linux-gnu:/opt/ros/humble/lib:/usr/local/cuda/compat:/usr/local/cuda/lib64 PYTHONPATH=/workspace/towen/install/cv_bridge/local/lib/python3.10/dist-packages:${PYTHONPATH} /usr/local/bin/cmake --install /workspace/towen/build/web_video_server
