[0.232s] Invoking command in '/workspace/towen/build/web_video_server': BYOBU_DATE=%Y-%m-%d CMAKE_PREFIX_PATH=/workspace/towen/install/cv_bridge:/workspace/towen/install/zed_ros2:/workspace/towen/install/zed_wrapper:/workspace/towen/install/zed_components:/workspace/towen/install/webrtc_ros_msgs:/workspace/towen/install/web_video_server:/workspace/towen/install/vision_opencv:/workspace/towen/install/usb_cam:/workspace/towen/install/tku_msgs:/workspace/towen/install/rosidl_typesupport_introspection_tests:/workspace/towen/install/rosidl_typesupport_introspection_cpp:/workspace/towen/install/rosidl_typesupport_introspection_c:/workspace/towen/install/rosidl_generator_cpp:/workspace/towen/install/rosidl_runtime_cpp:/workspace/towen/install/rosidl_runtime_c:/workspace/towen/install/rosidl_generator_c:/workspace/towen/install/rosidl_typesupport_interface:/workspace/towen/install/rosidl_cmake:/workspace/towen/install/rosidl_parser:/workspace/towen/install/rosidl_adapter:/workspace/towen/install/image_geometry:/opt/ros/humble/install:/workspace/towen/install/strategy:/workspace/towen/install/rosidl_cli:/workspace/towen/install/opencv_tests:/workspace/towen/install/motionpackage:/workspace/towen/install/imageprocess:/opt/ros/humble LD_LIBRARY_PATH=/workspace/towen/install/cv_bridge/lib:/workspace/towen/install/zed_components/lib:/workspace/towen/install/webrtc_ros_msgs/lib:/workspace/towen/install/usb_cam/lib:/workspace/towen/install/tku_msgs/lib:/workspace/towen/install/rosidl_typesupport_introspection_cpp/lib:/workspace/towen/install/rosidl_typesupport_introspection_c/lib:/workspace/towen/install/rosidl_runtime_c/lib:/workspace/towen/install/image_geometry/lib:/opt/ros/humble/install/opt/rviz_ogre_vendor/lib:/opt/ros/humble/install/lib:/opt/ros/humble/opt/rviz_ogre_vendor/lib:/opt/ros/humble/lib/aarch64-linux-gnu:/opt/ros/humble/lib:/usr/local/cuda/compat:/usr/local/cuda/lib64 /usr/local/bin/cmake --build /workspace/towen/build/web_video_server -- -j6 -l6
[1.493s] Traceback (most recent call last):
[1.494s]   File "/usr/local/bin/cmake", line 8, in <module>
[1.494s]     sys.exit(cmake())
[1.494s]   File "/usr/local/lib/python3.10/dist-packages/cmake/__init__.py", line 51, in cmake
[1.494s]     raise SystemExit(_program('cmake', sys.argv[1:]))
[1.494s]   File "/usr/local/lib/python3.10/dist-packages/cmake/__init__.py", line 47, in _program
[1.495s]     return subprocess.call([os.path.join(CMAKE_BIN_DIR, name), *args], close_fds=False)
[1.495s]   File "/usr/lib/python3.10/subprocess.py", line 347, in call
[1.495s] gmake[2]: *** [CMakeFiles/web_video_server.dir/build.make:391: CMakeFiles/web_video_server.dir/depend] Interrupt
[1.495s] gmake[1]: *** [CMakeFiles/Makefile2:136: CMakeFiles/web_video_server.dir/all] Interrupt
[1.495s] gmake: *** [Makefile:146: all] Interrupt
[1.495s]     return p.wait(timeout=timeout)
[1.496s]   File "/usr/lib/python3.10/subprocess.py", line 1209, in wait
[1.496s]     return self._wait(timeout=timeout)
[1.496s]   File "/usr/lib/python3.10/subprocess.py", line 1959, in _wait
[1.496s]     (pid, sts) = self._try_wait(0)
[1.496s]   File "/usr/lib/python3.10/subprocess.py", line 1917, in _try_wait
[1.496s]     (pid, sts) = os.waitpid(self.pid, wait_flags)
[1.496s] KeyboardInterrupt
