[3.567s] Invoking command in '/workspace/towen/src/strategy': BYOBU_DATE=%Y-%m-%d PYTHONPATH=/workspace/towen/build/strategy/prefix_override:/usr/lib/python3/dist-packages/colcon_core/task/python/colcon_distutils_commands:/workspace/towen/install/strategy/lib/python3.10/site-packages:${PYTHONPATH} /usr/bin/python3 -W ignore:setup.py install is deprecated setup.py egg_info --egg-base ../../build/strategy build --build-base /workspace/towen/build/strategy/build install --record /workspace/towen/build/strategy/install.log --single-version-externally-managed install_data
[4.379s] running egg_info
[4.445s] writing ../../build/strategy/strategy.egg-info/PKG-INFO
[4.448s] writing dependency_links to ../../build/strategy/strategy.egg-info/dependency_links.txt
[4.456s] writing entry points to ../../build/strategy/strategy.egg-info/entry_points.txt
[4.456s] writing requirements to ../../build/strategy/strategy.egg-info/requires.txt
[4.456s] writing top-level names to ../../build/strategy/strategy.egg-info/top_level.txt
[4.561s] reading manifest file '../../build/strategy/strategy.egg-info/SOURCES.txt'
[4.563s] adding license file 'LICENSE'
[4.572s] writing manifest file '../../build/strategy/strategy.egg-info/SOURCES.txt'
[4.572s] running build
[4.572s] running build_py
[4.573s] copying strategy/__init__.py -> /workspace/towen/build/strategy/build/lib/strategy
[4.576s] copying strategy/API.py -> /workspace/towen/build/strategy/build/lib/strategy
[4.579s] copying strategy/mar/__init__.py -> /workspace/towen/build/strategy/build/lib/strategy/mar
[4.581s] copying strategy/mar/mar.py -> /workspace/towen/build/strategy/build/lib/strategy/mar
[4.584s] copying strategy/wl/wl.py -> /workspace/towen/build/strategy/build/lib/strategy/wl
[4.587s] copying strategy/wl/__init__.py -> /workspace/towen/build/strategy/build/lib/strategy/wl
[4.589s] copying strategy/sp/sp.py -> /workspace/towen/build/strategy/build/lib/strategy/sp
[4.592s] copying strategy/sp/__init__.py -> /workspace/towen/build/strategy/build/lib/strategy/sp
[4.594s] copying strategy/obs/__init__.py -> /workspace/towen/build/strategy/build/lib/strategy/obs
[4.597s] copying strategy/obs/obs.py -> /workspace/towen/build/strategy/build/lib/strategy/obs
[4.603s] copying strategy/sr/__init__.py -> /workspace/towen/build/strategy/build/lib/strategy/sr
[4.603s] copying strategy/sr/sr.py -> /workspace/towen/build/strategy/build/lib/strategy/sr
[4.604s] copying strategy/bb/__init__.py -> /workspace/towen/build/strategy/build/lib/strategy/bb
[4.604s] copying strategy/bb/bb.py -> /workspace/towen/build/strategy/build/lib/strategy/bb
[4.605s] copying strategy/ar/__init__.py -> /workspace/towen/build/strategy/build/lib/strategy/ar
[4.605s] copying strategy/ar/ar.py -> /workspace/towen/build/strategy/build/lib/strategy/ar
[4.608s] running install
[4.623s] running install_lib
[4.672s] running install_data
[4.673s] copying resource/strategy -> /workspace/towen/install/strategy/share/ament_index/resource_index/packages
[4.675s] copying package.xml -> /workspace/towen/install/strategy/share/strategy
[4.676s] running install_egg_info
[4.727s] removing '/workspace/towen/install/strategy/lib/python3.10/site-packages/strategy-0.0.0-py3.10.egg-info' (and everything under it)
[4.737s] Copying ../../build/strategy/strategy.egg-info to /workspace/towen/install/strategy/lib/python3.10/site-packages/strategy-0.0.0-py3.10.egg-info
[4.737s] running install_scripts
[5.183s] Installing ar script to /workspace/towen/install/strategy/lib/strategy
[5.183s] Installing bb script to /workspace/towen/install/strategy/lib/strategy
[5.184s] Installing mar script to /workspace/towen/install/strategy/lib/strategy
[5.184s] Installing obs script to /workspace/towen/install/strategy/lib/strategy
[5.184s] Installing sp script to /workspace/towen/install/strategy/lib/strategy
[5.185s] Installing sr script to /workspace/towen/install/strategy/lib/strategy
[5.185s] Installing wl script to /workspace/towen/install/strategy/lib/strategy
[5.188s] writing list of installed files to '/workspace/towen/build/strategy/install.log'
[5.367s] Invoked command in '/workspace/towen/src/strategy' returned '0': BYOBU_DATE=%Y-%m-%d PYTHONPATH=/workspace/towen/build/strategy/prefix_override:/usr/lib/python3/dist-packages/colcon_core/task/python/colcon_distutils_commands:/workspace/towen/install/strategy/lib/python3.10/site-packages:${PYTHONPATH} /usr/bin/python3 -W ignore:setup.py install is deprecated setup.py egg_info --egg-base ../../build/strategy build --build-base /workspace/towen/build/strategy/build install --record /workspace/towen/build/strategy/install.log --single-version-externally-managed install_data
