[0.056s] Invoking command in '/workspace/towen/build/rosidl_parser': AMENT_PREFIX_PATH=/workspace/towen/install/rosidl_adapter:/workspace/towen/install/rosidl_cli:${AMENT_PREFIX_PATH} BYOBU_DATE=%Y-%m-%d CMAKE_PREFIX_PATH=/workspace/towen/install/rosidl_adapter:/opt/ros/humble PATH=/workspace/towen/install/rosidl_cli/bin:${PATH} PYTHONPATH=/workspace/towen/install/rosidl_adapter/local/lib/python3.10/dist-packages:/workspace/towen/install/rosidl_cli/lib/python3.10/site-packages:${PYTHONPATH} /usr/local/bin/cmake /workspace/towen/src/rosidl/rosidl_parser -DCMAKE_INSTALL_PREFIX=/workspace/towen/install/rosidl_parser
[0.274s] -- Found ament_cmake: 1.3.11 (/opt/ros/humble/share/ament_cmake/cmake)
[0.676s] -- Found Python3: /usr/local/bin/python3 (found version "3.10.12") found components: Interpreter
[1.203s] [31mCMake Error at CMakeLists.txt:11 (find_package):
[1.204s]   By not providing "Findament_lint_auto.cmake" in CMAKE_MODULE_PATH this
[1.204s]   project has asked CMake to find a package configuration file provided by
[1.204s]   "ament_lint_auto", but CMake did not find one.
[1.204s] 
[1.204s]   Could not find a package configuration file provided by "ament_lint_auto"
[1.204s]   with any of the following names:
[1.205s] 
[1.205s]     ament_lint_autoConfig.cmake
[1.205s]     ament_lint_auto-config.cmake
[1.205s] 
[1.205s]   Add the installation prefix of "ament_lint_auto" to CMAKE_PREFIX_PATH or
[1.205s]   set "ament_lint_auto_DIR" to a directory containing one of the above files.
[1.205s]   If "ament_lint_auto" provides a separate development package or SDK, be
[1.205s]   sure it has been installed.
[1.206s] 
[1.206s] [0m
[1.206s] -- Configuring incomplete, errors occurred!
[1.256s] Invoked command in '/workspace/towen/build/rosidl_parser' returned '1': AMENT_PREFIX_PATH=/workspace/towen/install/rosidl_adapter:/workspace/towen/install/rosidl_cli:${AMENT_PREFIX_PATH} BYOBU_DATE=%Y-%m-%d CMAKE_PREFIX_PATH=/workspace/towen/install/rosidl_adapter:/opt/ros/humble PATH=/workspace/towen/install/rosidl_cli/bin:${PATH} PYTHONPATH=/workspace/towen/install/rosidl_adapter/local/lib/python3.10/dist-packages:/workspace/towen/install/rosidl_cli/lib/python3.10/site-packages:${PYTHONPATH} /usr/local/bin/cmake /workspace/towen/src/rosidl/rosidl_parser -DCMAKE_INSTALL_PREFIX=/workspace/towen/install/rosidl_parser
