[ 12%] Built target tku_msgs__rosidl_generator_c
[ 12%] Built target ament_cmake_python_symlink_tku_msgs
[ 24%] Built target tku_msgs__rosidl_typesupport_c
running egg_info
writing tku_msgs.egg-info/PKG-INFO
writing dependency_links to tku_msgs.egg-info/dependency_links.txt
writing top-level names to tku_msgs.egg-info/top_level.txt
reading manifest file 'tku_msgs.egg-info/SOURCES.txt'
writing manifest file 'tku_msgs.egg-info/SOURCES.txt'
[ 24%] Built target ament_cmake_python_build_tku_msgs_egg
[ 37%] Built target tku_msgs__rosidl_typesupport_introspection_c
[ 50%] Built target tku_msgs__rosidl_typesupport_fastrtps_c
[ 50%] Built target tku_msgs__cpp
[ 62%] Built target tku_msgs__rosidl_typesupport_fastrtps_cpp
[ 74%] Built target tku_msgs__rosidl_typesupport_cpp
[ 87%] Built target tku_msgs__rosidl_typesupport_introspection_cpp
[ 87%] Built target tku_msgs
[ 87%] Built target tku_msgs__py
[ 87%] [32m[1mLinking C shared library rosidl_generator_py/tku_msgs/libtku_msgs__rosidl_generator_py.so[0m
[ 99%] Built target tku_msgs__rosidl_generator_py
[ 99%] [32mBuilding C object CMakeFiles/tku_msgs__rosidl_typesupport_fastrtps_c__pyext.dir/rosidl_generator_py/tku_msgs/_tku_msgs_s.ep.rosidl_typesupport_fastrtps_c.c.o[0m
[ 99%] [32m[1mLinking C shared library rosidl_generator_py/tku_msgs/tku_msgs_s__rosidl_typesupport_fastrtps_c.cpython-310-aarch64-linux-gnu.so[0m
[ 99%] Built target tku_msgs__rosidl_typesupport_fastrtps_c__pyext
[100%] [32mBuilding C object CMakeFiles/tku_msgs__rosidl_typesupport_c__pyext.dir/rosidl_generator_py/tku_msgs/_tku_msgs_s.ep.rosidl_typesupport_c.c.o[0m
[100%] [32m[1mLinking C shared library rosidl_generator_py/tku_msgs/tku_msgs_s__rosidl_typesupport_c.cpython-310-aarch64-linux-gnu.so[0m
[100%] Built target tku_msgs__rosidl_typesupport_c__pyext
[100%] [32mBuilding C object CMakeFiles/tku_msgs__rosidl_typesupport_introspection_c__pyext.dir/rosidl_generator_py/tku_msgs/_tku_msgs_s.ep.rosidl_typesupport_introspection_c.c.o[0m
[100%] [32m[1mLinking C shared library rosidl_generator_py/tku_msgs/tku_msgs_s__rosidl_typesupport_introspection_c.cpython-310-aarch64-linux-gnu.so[0m
[100%] Built target tku_msgs__rosidl_typesupport_introspection_c__pyext
