[0.881s] Invoking command in '/workspace/towen/build/tku_msgs': BYOBU_DATE=%Y-%m-%d CMAKE_PREFIX_PATH=${CMAKE_PREFIX_PATH}:/workspace/towen/install/strategy:/workspace/towen/install/rosidl_cli:/workspace/towen/install/opencv_tests:/workspace/towen/install/motionpackage:/workspace/towen/install/imageprocess:/opt/ros/humble /usr/local/bin/cmake --build /workspace/towen/build/tku_msgs -- -j6 -l6
[2.423s] [ 12%] Built target tku_msgs__rosidl_generator_c
[2.581s] [ 12%] Built target ament_cmake_python_symlink_tku_msgs
[2.998s] [ 24%] Built target tku_msgs__rosidl_typesupport_c
[5.304s] running egg_info
[5.472s] writing tku_msgs.egg-info/PKG-INFO
[5.483s] writing dependency_links to tku_msgs.egg-info/dependency_links.txt
[5.487s] writing top-level names to tku_msgs.egg-info/top_level.txt
[6.143s] reading manifest file 'tku_msgs.egg-info/SOURCES.txt'
[6.218s] writing manifest file 'tku_msgs.egg-info/SOURCES.txt'
[6.673s] [ 24%] Built target ament_cmake_python_build_tku_msgs_egg
[7.086s] [ 37%] Built target tku_msgs__rosidl_typesupport_introspection_c
[7.625s] [ 50%] Built target tku_msgs__rosidl_typesupport_fastrtps_c
[7.857s] [ 50%] Built target tku_msgs__cpp
[8.119s] [ 62%] Built target tku_msgs__rosidl_typesupport_fastrtps_cpp
[8.576s] [ 74%] Built target tku_msgs__rosidl_typesupport_cpp
[8.710s] [ 87%] Built target tku_msgs__rosidl_typesupport_introspection_cpp
[8.843s] [ 87%] Built target tku_msgs
[9.119s] [ 87%] Built target tku_msgs__py
[9.399s] [ 87%] [32m[1mLinking C shared library rosidl_generator_py/tku_msgs/libtku_msgs__rosidl_generator_py.so[0m
[9.785s] [ 99%] Built target tku_msgs__rosidl_generator_py
[9.897s] [ 99%] [32mBuilding C object CMakeFiles/tku_msgs__rosidl_typesupport_fastrtps_c__pyext.dir/rosidl_generator_py/tku_msgs/_tku_msgs_s.ep.rosidl_typesupport_fastrtps_c.c.o[0m
[13.867s] [ 99%] [32m[1mLinking C shared library rosidl_generator_py/tku_msgs/tku_msgs_s__rosidl_typesupport_fastrtps_c.cpython-310-aarch64-linux-gnu.so[0m
[14.100s] [ 99%] Built target tku_msgs__rosidl_typesupport_fastrtps_c__pyext
[14.386s] [100%] [32mBuilding C object CMakeFiles/tku_msgs__rosidl_typesupport_c__pyext.dir/rosidl_generator_py/tku_msgs/_tku_msgs_s.ep.rosidl_typesupport_c.c.o[0m
[18.381s] [100%] [32m[1mLinking C shared library rosidl_generator_py/tku_msgs/tku_msgs_s__rosidl_typesupport_c.cpython-310-aarch64-linux-gnu.so[0m
[18.647s] [100%] Built target tku_msgs__rosidl_typesupport_c__pyext
[18.815s] [100%] [32mBuilding C object CMakeFiles/tku_msgs__rosidl_typesupport_introspection_c__pyext.dir/rosidl_generator_py/tku_msgs/_tku_msgs_s.ep.rosidl_typesupport_introspection_c.c.o[0m
[23.544s] [100%] [32m[1mLinking C shared library rosidl_generator_py/tku_msgs/tku_msgs_s__rosidl_typesupport_introspection_c.cpython-310-aarch64-linux-gnu.so[0m
[23.965s] [100%] Built target tku_msgs__rosidl_typesupport_introspection_c__pyext
