[3.947s] Invoking command in '/workspace/towen/build/strategy': BYOBU_DATE=%Y-%m-%d PYTHONPATH=/workspace/towen/build/strategy/prefix_override:/usr/lib/python3/dist-packages/colcon_core/task/python/colcon_distutils_commands:/workspace/towen/install/strategy/lib/python3.10/site-packages:${PYTHONPATH} /usr/bin/python3 -W ignore:setup.py install is deprecated setup.py develop --uninstall --editable --build-directory /workspace/towen/build/strategy/build
[5.185s] running develop
[5.186s] /usr/local/lib/python3.10/dist-packages/setuptools/command/develop.py:41: EasyInstallDeprecationWarning: easy_install command is deprecated.
[5.187s] !!
[5.188s] 
[5.202s]         ********************************************************************************
[5.203s]         Please avoid running ``setup.py`` and ``easy_install``.
[5.204s]         Instead, use pypa/build, pypa/installer or other
[5.205s]         standards-based tools.
[5.206s] 
[5.207s]         See https://github.com/pypa/setuptools/issues/917 for details.
[5.208s]         ********************************************************************************
[5.208s] 
[5.209s] !!
[5.210s]   easy_install.initialize_options(self)
[6.076s] Removing /workspace/towen/install/strategy/lib/python3.10/site-packages/strategy.egg-link (link to .)
[6.341s] Invoked command in '/workspace/towen/build/strategy' returned '0': BYOBU_DATE=%Y-%m-%d PYTHONPATH=/workspace/towen/build/strategy/prefix_override:/usr/lib/python3/dist-packages/colcon_core/task/python/colcon_distutils_commands:/workspace/towen/install/strategy/lib/python3.10/site-packages:${PYTHONPATH} /usr/bin/python3 -W ignore:setup.py install is deprecated setup.py develop --uninstall --editable --build-directory /workspace/towen/build/strategy/build
[6.343s] Invoking command in '/workspace/towen/src/strategy': BYOBU_DATE=%Y-%m-%d PYTHONPATH=/workspace/towen/build/strategy/prefix_override:/usr/lib/python3/dist-packages/colcon_core/task/python/colcon_distutils_commands:/workspace/towen/install/strategy/lib/python3.10/site-packages:${PYTHONPATH} /usr/bin/python3 -W ignore:setup.py install is deprecated setup.py egg_info --egg-base ../../build/strategy build --build-base /workspace/towen/build/strategy/build install --record /workspace/towen/build/strategy/install.log --single-version-externally-managed install_data --force
[7.466s] running egg_info
[7.582s] writing ../../build/strategy/strategy.egg-info/PKG-INFO
[7.598s] writing dependency_links to ../../build/strategy/strategy.egg-info/dependency_links.txt
[7.600s] writing entry points to ../../build/strategy/strategy.egg-info/entry_points.txt
[7.601s] writing requirements to ../../build/strategy/strategy.egg-info/requires.txt
[7.602s] writing top-level names to ../../build/strategy/strategy.egg-info/top_level.txt
[7.823s] reading manifest file '../../build/strategy/strategy.egg-info/SOURCES.txt'
[7.825s] adding license file 'LICENSE'
[7.828s] writing manifest file '../../build/strategy/strategy.egg-info/SOURCES.txt'
[7.829s] running build
[7.829s] running build_py
[7.843s] copying strategy/__init__.py -> /workspace/towen/build/strategy/build/lib/strategy
[7.852s] copying strategy/API.py -> /workspace/towen/build/strategy/build/lib/strategy
[7.852s] copying strategy/mar/__init__.py -> /workspace/towen/build/strategy/build/lib/strategy/mar
[7.852s] copying strategy/mar/mar.py -> /workspace/towen/build/strategy/build/lib/strategy/mar
[7.852s] copying strategy/wl/wl.py -> /workspace/towen/build/strategy/build/lib/strategy/wl
[7.852s] copying strategy/wl/__init__.py -> /workspace/towen/build/strategy/build/lib/strategy/wl
[7.853s] copying strategy/sp/sp.py -> /workspace/towen/build/strategy/build/lib/strategy/sp
[7.853s] copying strategy/sp/__init__.py -> /workspace/towen/build/strategy/build/lib/strategy/sp
[7.853s] copying strategy/obs/__init__.py -> /workspace/towen/build/strategy/build/lib/strategy/obs
[7.853s] copying strategy/obs/obs.py -> /workspace/towen/build/strategy/build/lib/strategy/obs
[7.853s] copying strategy/sr/__init__.py -> /workspace/towen/build/strategy/build/lib/strategy/sr
[7.853s] copying strategy/sr/sr.py -> /workspace/towen/build/strategy/build/lib/strategy/sr
[7.854s] copying strategy/bb/__init__.py -> /workspace/towen/build/strategy/build/lib/strategy/bb
[7.854s] copying strategy/bb/bb.py -> /workspace/towen/build/strategy/build/lib/strategy/bb
[7.854s] copying strategy/ar/__init__.py -> /workspace/towen/build/strategy/build/lib/strategy/ar
[7.854s] copying strategy/ar/ar.py -> /workspace/towen/build/strategy/build/lib/strategy/ar
[7.854s] running install
[7.854s] running install_lib
[7.921s] creating /workspace/towen/install/strategy/lib/python3.10/site-packages/strategy
[7.921s] creating /workspace/towen/install/strategy/lib/python3.10/site-packages/strategy/mar
[7.924s] copying /workspace/towen/build/strategy/build/lib/strategy/mar/__init__.py -> /workspace/towen/install/strategy/lib/python3.10/site-packages/strategy/mar
[7.924s] copying /workspace/towen/build/strategy/build/lib/strategy/mar/mar.py -> /workspace/towen/install/strategy/lib/python3.10/site-packages/strategy/mar
[7.924s] creating /workspace/towen/install/strategy/lib/python3.10/site-packages/strategy/wl
[7.924s] copying /workspace/towen/build/strategy/build/lib/strategy/wl/wl.py -> /workspace/towen/install/strategy/lib/python3.10/site-packages/strategy/wl
[7.925s] copying /workspace/towen/build/strategy/build/lib/strategy/wl/__init__.py -> /workspace/towen/install/strategy/lib/python3.10/site-packages/strategy/wl
[7.925s] creating /workspace/towen/install/strategy/lib/python3.10/site-packages/strategy/sp
[7.925s] copying /workspace/towen/build/strategy/build/lib/strategy/sp/sp.py -> /workspace/towen/install/strategy/lib/python3.10/site-packages/strategy/sp
[7.925s] copying /workspace/towen/build/strategy/build/lib/strategy/sp/__init__.py -> /workspace/towen/install/strategy/lib/python3.10/site-packages/strategy/sp
[7.925s] copying /workspace/towen/build/strategy/build/lib/strategy/__init__.py -> /workspace/towen/install/strategy/lib/python3.10/site-packages/strategy
[7.926s] copying /workspace/towen/build/strategy/build/lib/strategy/API.py -> /workspace/towen/install/strategy/lib/python3.10/site-packages/strategy
[7.926s] creating /workspace/towen/install/strategy/lib/python3.10/site-packages/strategy/obs
[7.926s] copying /workspace/towen/build/strategy/build/lib/strategy/obs/__init__.py -> /workspace/towen/install/strategy/lib/python3.10/site-packages/strategy/obs
[7.926s] copying /workspace/towen/build/strategy/build/lib/strategy/obs/obs.py -> /workspace/towen/install/strategy/lib/python3.10/site-packages/strategy/obs
[7.926s] creating /workspace/towen/install/strategy/lib/python3.10/site-packages/strategy/sr
[7.926s] copying /workspace/towen/build/strategy/build/lib/strategy/sr/__init__.py -> /workspace/towen/install/strategy/lib/python3.10/site-packages/strategy/sr
[7.926s] copying /workspace/towen/build/strategy/build/lib/strategy/sr/sr.py -> /workspace/towen/install/strategy/lib/python3.10/site-packages/strategy/sr
[7.927s] creating /workspace/towen/install/strategy/lib/python3.10/site-packages/strategy/bb
[7.927s] copying /workspace/towen/build/strategy/build/lib/strategy/bb/__init__.py -> /workspace/towen/install/strategy/lib/python3.10/site-packages/strategy/bb
[7.927s] copying /workspace/towen/build/strategy/build/lib/strategy/bb/bb.py -> /workspace/towen/install/strategy/lib/python3.10/site-packages/strategy/bb
[7.927s] creating /workspace/towen/install/strategy/lib/python3.10/site-packages/strategy/ar
[7.930s] copying /workspace/towen/build/strategy/build/lib/strategy/ar/__init__.py -> /workspace/towen/install/strategy/lib/python3.10/site-packages/strategy/ar
[7.930s] copying /workspace/towen/build/strategy/build/lib/strategy/ar/ar.py -> /workspace/towen/install/strategy/lib/python3.10/site-packages/strategy/ar
[7.930s] byte-compiling /workspace/towen/install/strategy/lib/python3.10/site-packages/strategy/mar/__init__.py to __init__.cpython-310.pyc
[7.931s] byte-compiling /workspace/towen/install/strategy/lib/python3.10/site-packages/strategy/mar/mar.py to mar.cpython-310.pyc
[7.933s] byte-compiling /workspace/towen/install/strategy/lib/python3.10/site-packages/strategy/wl/wl.py to wl.cpython-310.pyc
[7.937s] byte-compiling /workspace/towen/install/strategy/lib/python3.10/site-packages/strategy/wl/__init__.py to __init__.cpython-310.pyc
[7.937s] byte-compiling /workspace/towen/install/strategy/lib/python3.10/site-packages/strategy/sp/sp.py to sp.cpython-310.pyc
[7.937s] byte-compiling /workspace/towen/install/strategy/lib/python3.10/site-packages/strategy/sp/__init__.py to __init__.cpython-310.pyc
[7.937s] byte-compiling /workspace/towen/install/strategy/lib/python3.10/site-packages/strategy/__init__.py to __init__.cpython-310.pyc
[7.938s] byte-compiling /workspace/towen/install/strategy/lib/python3.10/site-packages/strategy/API.py to API.cpython-310.pyc
[7.946s] byte-compiling /workspace/towen/install/strategy/lib/python3.10/site-packages/strategy/obs/__init__.py to __init__.cpython-310.pyc
[7.946s] byte-compiling /workspace/towen/install/strategy/lib/python3.10/site-packages/strategy/obs/obs.py to obs.cpython-310.pyc
[7.947s] byte-compiling /workspace/towen/install/strategy/lib/python3.10/site-packages/strategy/sr/__init__.py to __init__.cpython-310.pyc
[7.947s] byte-compiling /workspace/towen/install/strategy/lib/python3.10/site-packages/strategy/sr/sr.py to sr.cpython-310.pyc
[7.947s] byte-compiling /workspace/towen/install/strategy/lib/python3.10/site-packages/strategy/bb/__init__.py to __init__.cpython-310.pyc
[7.948s] byte-compiling /workspace/towen/install/strategy/lib/python3.10/site-packages/strategy/bb/bb.py to bb.cpython-310.pyc
[7.951s] byte-compiling /workspace/towen/install/strategy/lib/python3.10/site-packages/strategy/ar/__init__.py to __init__.cpython-310.pyc
[7.951s] byte-compiling /workspace/towen/install/strategy/lib/python3.10/site-packages/strategy/ar/ar.py to ar.cpython-310.pyc
[7.952s] running install_data
[7.956s] copying resource/strategy -> /workspace/towen/install/strategy/share/ament_index/resource_index/packages
[7.956s] copying package.xml -> /workspace/towen/install/strategy/share/strategy
[7.957s] running install_egg_info
[8.041s] Copying ../../build/strategy/strategy.egg-info to /workspace/towen/install/strategy/lib/python3.10/site-packages/strategy-0.0.0-py3.10.egg-info
[8.042s] running install_scripts
[8.744s] Installing ar script to /workspace/towen/install/strategy/lib/strategy
[8.747s] Installing bb script to /workspace/towen/install/strategy/lib/strategy
[8.751s] Installing mar script to /workspace/towen/install/strategy/lib/strategy
[8.752s] Installing obs script to /workspace/towen/install/strategy/lib/strategy
[8.753s] Installing sp script to /workspace/towen/install/strategy/lib/strategy
[8.757s] Installing sr script to /workspace/towen/install/strategy/lib/strategy
[8.758s] Installing wl script to /workspace/towen/install/strategy/lib/strategy
[8.762s] writing list of installed files to '/workspace/towen/build/strategy/install.log'
[8.950s] Invoked command in '/workspace/towen/src/strategy' returned '0': BYOBU_DATE=%Y-%m-%d PYTHONPATH=/workspace/towen/build/strategy/prefix_override:/usr/lib/python3/dist-packages/colcon_core/task/python/colcon_distutils_commands:/workspace/towen/install/strategy/lib/python3.10/site-packages:${PYTHONPATH} /usr/bin/python3 -W ignore:setup.py install is deprecated setup.py egg_info --egg-base ../../build/strategy build --build-base /workspace/towen/build/strategy/build install --record /workspace/towen/build/strategy/install.log --single-version-externally-managed install_data --force
