[0.681s] Invoking command in '/workspace/towen/build/zed_components': BYOBU_DATE=%Y-%m-%d CMAKE_PREFIX_PATH=${CMAKE_PREFIX_PATH}:/workspace/towen/src/motionpackage/install/motionpackage:/workspace/towen/install/strategy:/workspace/towen/install/rosidl_cli:/workspace/towen/install/opencv_tests:/workspace/towen/install/motionpackage:/workspace/towen/install/imageprocess:/opt/ros/humble /usr/local/bin/cmake --build /workspace/towen/build/zed_components -- -j6 -l6
[1.058s] [ 50%] Built target zed_camera_component
[1.093s] [100%] Built target zed_camera_one_component
[1.208s] Invoked command in '/workspace/towen/build/zed_components' returned '0': BYOBU_DATE=%Y-%m-%d CMAKE_PREFIX_PATH=${CMAKE_PREFIX_PATH}:/workspace/towen/src/motionpackage/install/motionpackage:/workspace/towen/install/strategy:/workspace/towen/install/rosidl_cli:/workspace/towen/install/opencv_tests:/workspace/towen/install/motionpackage:/workspace/towen/install/imageprocess:/opt/ros/humble /usr/local/bin/cmake --build /workspace/towen/build/zed_components -- -j6 -l6
[1.985s] Invoking command in '/workspace/towen/build/zed_components': BYOBU_DATE=%Y-%m-%d CMAKE_PREFIX_PATH=${CMAKE_PREFIX_PATH}:/workspace/towen/src/motionpackage/install/motionpackage:/workspace/towen/install/strategy:/workspace/towen/install/rosidl_cli:/workspace/towen/install/opencv_tests:/workspace/towen/install/motionpackage:/workspace/towen/install/imageprocess:/opt/ros/humble /usr/local/bin/cmake --install /workspace/towen/build/zed_components
[2.252s] -- Install configuration: "Release"
[2.253s] -- Execute custom install script
[2.254s] -- Up-to-date symlink: /workspace/towen/install/zed_components/lib/libzed_camera_component.so
[2.255s] -- Up-to-date symlink: /workspace/towen/install/zed_components/lib/libzed_camera_one_component.so
[2.256s] -- Up-to-date symlink: /workspace/towen/install/zed_components/include/zed_components//cost_traversability.hpp
[2.257s] -- Up-to-date symlink: /workspace/towen/install/zed_components/include/zed_components//sl_types.hpp
[2.258s] -- Up-to-date symlink: /workspace/towen/install/zed_components/include/zed_components//zed_camera_component.hpp
[2.259s] -- Up-to-date symlink: /workspace/towen/install/zed_components/include/zed_components//zed_camera_one_component.hpp
[2.260s] -- Up-to-date symlink: /workspace/towen/install/zed_components/include/zed_components//gnss_replay.hpp
[2.261s] -- Up-to-date symlink: /workspace/towen/install/zed_components/include/zed_components//json.hpp
[2.262s] -- Up-to-date symlink: /workspace/towen/install/zed_components/include/zed_components//sl_logging.hpp
[2.263s] -- Up-to-date symlink: /workspace/towen/install/zed_components/include/zed_components//sl_tools.hpp
[2.264s] -- Up-to-date symlink: /workspace/towen/install/zed_components/include/zed_components//sl_win_avg.hpp
[2.265s] -- Up-to-date symlink: /workspace/towen/install/zed_components/include/zed_components//visibility_control.hpp
[2.266s] -- Up-to-date symlink: /workspace/towen/install/zed_components/share/zed_components/environment/library_path.sh
[2.267s] -- Up-to-date symlink: /workspace/towen/install/zed_components/share/zed_components/environment/library_path.dsv
[2.268s] -- Up-to-date symlink: /workspace/towen/install/zed_components/share/ament_index/resource_index/package_run_dependencies/zed_components
[2.270s] -- Up-to-date symlink: /workspace/towen/install/zed_components/share/ament_index/resource_index/parent_prefix_path/zed_components
[2.273s] -- Up-to-date symlink: /workspace/towen/install/zed_components/share/zed_components/environment/ament_prefix_path.sh
[2.274s] -- Up-to-date symlink: /workspace/towen/install/zed_components/share/zed_components/environment/ament_prefix_path.dsv
[2.275s] -- Up-to-date symlink: /workspace/towen/install/zed_components/share/zed_components/environment/path.sh
[2.276s] -- Up-to-date symlink: /workspace/towen/install/zed_components/share/zed_components/environment/path.dsv
[2.276s] -- Up-to-date symlink: /workspace/towen/install/zed_components/share/zed_components/local_setup.bash
[2.277s] -- Up-to-date symlink: /workspace/towen/install/zed_components/share/zed_components/local_setup.sh
[2.280s] -- Up-to-date symlink: /workspace/towen/install/zed_components/share/zed_components/local_setup.zsh
[2.281s] -- Up-to-date symlink: /workspace/towen/install/zed_components/share/zed_components/local_setup.dsv
[2.282s] -- Symlinking: /workspace/towen/install/zed_components/share/zed_components/package.dsv
[2.295s] -- Up-to-date symlink: /workspace/towen/install/zed_components/share/ament_index/resource_index/packages/zed_components
[2.296s] -- Up-to-date symlink: /workspace/towen/install/zed_components/share/ament_index/resource_index/rclcpp_components/zed_components
[2.297s] -- Up-to-date symlink: /workspace/towen/install/zed_components/share/zed_components/cmake/ament_cmake_export_include_directories-extras.cmake
[2.298s] -- Up-to-date symlink: /workspace/towen/install/zed_components/share/zed_components/cmake/ament_cmake_export_libraries-extras.cmake
[2.299s] -- Up-to-date symlink: /workspace/towen/install/zed_components/share/zed_components/cmake/ament_cmake_export_dependencies-extras.cmake
[2.300s] -- Up-to-date symlink: /workspace/towen/install/zed_components/share/zed_components/cmake/zed_componentsConfig.cmake
[2.301s] -- Up-to-date symlink: /workspace/towen/install/zed_components/share/zed_components/cmake/zed_componentsConfig-version.cmake
[2.302s] -- Up-to-date symlink: /workspace/towen/install/zed_components/share/zed_components/package.xml
[2.387s] Invoked command in '/workspace/towen/build/zed_components' returned '0': BYOBU_DATE=%Y-%m-%d CMAKE_PREFIX_PATH=${CMAKE_PREFIX_PATH}:/workspace/towen/src/motionpackage/install/motionpackage:/workspace/towen/install/strategy:/workspace/towen/install/rosidl_cli:/workspace/towen/install/opencv_tests:/workspace/towen/install/motionpackage:/workspace/towen/install/imageprocess:/opt/ros/humble /usr/local/bin/cmake --install /workspace/towen/build/zed_components
