[10.705s] Invoking command in '/workspace/towen/src/strategy': BYOBU_DATE=%Y-%m-%d PYTHONPATH=/workspace/towen/build/strategy/prefix_override:/usr/lib/python3/dist-packages/colcon_core/task/python/colcon_distutils_commands:/workspace/towen/install/strategy/lib/python3.10/site-packages:${PYTHONPATH} /usr/bin/python3 -W ignore:setup.py install is deprecated setup.py egg_info --egg-base ../../build/strategy build --build-base /workspace/towen/build/strategy/build install --record /workspace/towen/build/strategy/install.log --single-version-externally-managed install_data
[12.038s] running egg_info
[12.108s] writing ../../build/strategy/strategy.egg-info/PKG-INFO
[12.121s] writing dependency_links to ../../build/strategy/strategy.egg-info/dependency_links.txt
[12.126s] writing entry points to ../../build/strategy/strategy.egg-info/entry_points.txt
[12.129s] writing requirements to ../../build/strategy/strategy.egg-info/requires.txt
[12.132s] writing top-level names to ../../build/strategy/strategy.egg-info/top_level.txt
[12.322s] reading manifest file '../../build/strategy/strategy.egg-info/SOURCES.txt'
[12.352s] adding license file 'LICENSE'
[12.352s] writing manifest file '../../build/strategy/strategy.egg-info/SOURCES.txt'
[12.353s] running build
[12.353s] running build_py
[12.357s] copying strategy/__init__.py -> /workspace/towen/build/strategy/build/lib/strategy
[12.359s] copying strategy/API.py -> /workspace/towen/build/strategy/build/lib/strategy
[12.362s] copying strategy/mar/__init__.py -> /workspace/towen/build/strategy/build/lib/strategy/mar
[12.365s] copying strategy/mar/mar.py -> /workspace/towen/build/strategy/build/lib/strategy/mar
[12.372s] copying strategy/wl/wl.py -> /workspace/towen/build/strategy/build/lib/strategy/wl
[12.374s] copying strategy/wl/__init__.py -> /workspace/towen/build/strategy/build/lib/strategy/wl
[12.376s] copying strategy/sp/sp.py -> /workspace/towen/build/strategy/build/lib/strategy/sp
[12.381s] copying strategy/sp/__init__.py -> /workspace/towen/build/strategy/build/lib/strategy/sp
[12.383s] copying strategy/obs/__init__.py -> /workspace/towen/build/strategy/build/lib/strategy/obs
[12.385s] copying strategy/obs/obs.py -> /workspace/towen/build/strategy/build/lib/strategy/obs
[12.387s] copying strategy/sr/__init__.py -> /workspace/towen/build/strategy/build/lib/strategy/sr
[12.389s] copying strategy/sr/sr.py -> /workspace/towen/build/strategy/build/lib/strategy/sr
[12.390s] copying strategy/bb/__init__.py -> /workspace/towen/build/strategy/build/lib/strategy/bb
[12.392s] copying strategy/bb/bb.py -> /workspace/towen/build/strategy/build/lib/strategy/bb
[12.394s] copying strategy/ar/__init__.py -> /workspace/towen/build/strategy/build/lib/strategy/ar
[12.395s] copying strategy/ar/ar.py -> /workspace/towen/build/strategy/build/lib/strategy/ar
[12.397s] running install
[12.406s] running install_lib
[12.593s] copying /workspace/towen/build/strategy/build/lib/strategy/sp/sp.py -> /workspace/towen/install/strategy/lib/python3.10/site-packages/strategy/sp
[12.629s] byte-compiling /workspace/towen/install/strategy/lib/python3.10/site-packages/strategy/sp/sp.py to sp.cpython-310.pyc
[12.638s] running install_data
[12.641s] copying resource/strategy -> /workspace/towen/install/strategy/share/ament_index/resource_index/packages
[12.643s] copying package.xml -> /workspace/towen/install/strategy/share/strategy
[12.652s] running install_egg_info
[12.815s] removing '/workspace/towen/install/strategy/lib/python3.10/site-packages/strategy-0.0.0-py3.10.egg-info' (and everything under it)
[12.818s] Copying ../../build/strategy/strategy.egg-info to /workspace/towen/install/strategy/lib/python3.10/site-packages/strategy-0.0.0-py3.10.egg-info
[12.819s] running install_scripts
[13.468s] Installing ar script to /workspace/towen/install/strategy/lib/strategy
[13.468s] Installing bb script to /workspace/towen/install/strategy/lib/strategy
[13.468s] Installing mar script to /workspace/towen/install/strategy/lib/strategy
[13.469s] Installing obs script to /workspace/towen/install/strategy/lib/strategy
[13.469s] Installing sp script to /workspace/towen/install/strategy/lib/strategy
[13.469s] Installing sr script to /workspace/towen/install/strategy/lib/strategy
[13.469s] Installing wl script to /workspace/towen/install/strategy/lib/strategy
[13.469s] writing list of installed files to '/workspace/towen/build/strategy/install.log'
[13.733s] Invoked command in '/workspace/towen/src/strategy' returned '0': BYOBU_DATE=%Y-%m-%d PYTHONPATH=/workspace/towen/build/strategy/prefix_override:/usr/lib/python3/dist-packages/colcon_core/task/python/colcon_distutils_commands:/workspace/towen/install/strategy/lib/python3.10/site-packages:${PYTHONPATH} /usr/bin/python3 -W ignore:setup.py install is deprecated setup.py egg_info --egg-base ../../build/strategy build --build-base /workspace/towen/build/strategy/build install --record /workspace/towen/build/strategy/install.log --single-version-externally-managed install_data
