[3.361s] Invoking command in '/home/iclab/Desktop/humanoid/src/motionpackage': BYOBU_DATE=%Y-%m-%d PYTHONPATH=/home/iclab/Desktop/humanoid/build/motionpackage/prefix_override:/usr/lib/python3/dist-packages/colcon_core/task/python/colcon_distutils_commands:/home/iclab/Desktop/humanoid/install/motionpackage/lib/python3.10/site-packages:${PYTHONPATH} /usr/bin/python3 -W ignore:setup.py install is deprecated -W ignore:easy_install command is deprecated setup.py egg_info --egg-base ../../build/motionpackage build --build-base /home/iclab/Desktop/humanoid/build/motionpackage/build install --record /home/iclab/Desktop/humanoid/build/motionpackage/install.log --single-version-externally-managed install_data
[4.080s] running egg_info
[4.082s] writing ../../build/motionpackage/motionpackage.egg-info/PKG-INFO
[4.084s] writing dependency_links to ../../build/motionpackage/motionpackage.egg-info/dependency_links.txt
[4.084s] writing entry points to ../../build/motionpackage/motionpackage.egg-info/entry_points.txt
[4.084s] writing requirements to ../../build/motionpackage/motionpackage.egg-info/requires.txt
[4.084s] writing top-level names to ../../build/motionpackage/motionpackage.egg-info/top_level.txt
[4.088s] reading manifest file '../../build/motionpackage/motionpackage.egg-info/SOURCES.txt'
[4.090s] writing manifest file '../../build/motionpackage/motionpackage.egg-info/SOURCES.txt'
[4.090s] running build
[4.090s] running build_py
[4.091s] running install
[4.092s] running install_lib
[4.096s] running install_data
[4.096s] running install_egg_info
[4.100s] removing '/home/iclab/Desktop/humanoid/install/motionpackage/lib/python3.10/site-packages/motionpackage-0.0.0-py3.10.egg-info' (and everything under it)
[4.101s] Copying ../../build/motionpackage/motionpackage.egg-info to /home/iclab/Desktop/humanoid/install/motionpackage/lib/python3.10/site-packages/motionpackage-0.0.0-py3.10.egg-info
[4.107s] running install_scripts
[4.157s] Installing motionpackage script to /home/iclab/Desktop/humanoid/install/motionpackage/lib/motionpackage
[4.158s] writing list of installed files to '/home/iclab/Desktop/humanoid/build/motionpackage/install.log'
[4.245s] Invoked command in '/home/iclab/Desktop/humanoid/src/motionpackage' returned '0': BYOBU_DATE=%Y-%m-%d PYTHONPATH=/home/iclab/Desktop/humanoid/build/motionpackage/prefix_override:/usr/lib/python3/dist-packages/colcon_core/task/python/colcon_distutils_commands:/home/iclab/Desktop/humanoid/install/motionpackage/lib/python3.10/site-packages:${PYTHONPATH} /usr/bin/python3 -W ignore:setup.py install is deprecated -W ignore:easy_install command is deprecated setup.py egg_info --egg-base ../../build/motionpackage build --build-base /home/iclab/Desktop/humanoid/build/motionpackage/build install --record /home/iclab/Desktop/humanoid/build/motionpackage/install.log --single-version-externally-managed install_data
