[0.078s] Invoking command in '/workspace/towen/build/vision_opencv': BYOBU_DATE=%Y-%m-%d CMAKE_PREFIX_PATH=/workspace/towen/install/image_geometry:/workspace/towen/install/cv_bridge:/workspace/towen/install/web_video_server:/opt/ros/humble/install:/workspace/towen/install/strategy:/workspace/towen/install/motionpackage:/workspace/towen/install/imageprocess:/opt/ros/humble LD_LIBRARY_PATH=/workspace/towen/install/image_geometry/lib:/workspace/towen/install/cv_bridge/lib:/opt/ros/humble/opt/rviz_ogre_vendor/lib:/opt/ros/humble/lib/aarch64-linux-gnu:/opt/ros/humble/lib:/opt/ros/humble/install/opt/rviz_ogre_vendor/lib:/opt/ros/humble/install/lib:/usr/local/cuda/compat:/usr/local/cuda/lib64 /usr/local/bin/cmake --build /workspace/towen/build/vision_opencv -- -j6 -l6
[0.425s] Invoked command in '/workspace/towen/build/vision_opencv' returned '0': BYOBU_DATE=%Y-%m-%d CMAKE_PREFIX_PATH=/workspace/towen/install/image_geometry:/workspace/towen/install/cv_bridge:/workspace/towen/install/web_video_server:/opt/ros/humble/install:/workspace/towen/install/strategy:/workspace/towen/install/motionpackage:/workspace/towen/install/imageprocess:/opt/ros/humble LD_LIBRARY_PATH=/workspace/towen/install/image_geometry/lib:/workspace/towen/install/cv_bridge/lib:/opt/ros/humble/opt/rviz_ogre_vendor/lib:/opt/ros/humble/lib/aarch64-linux-gnu:/opt/ros/humble/lib:/opt/ros/humble/install/opt/rviz_ogre_vendor/lib:/opt/ros/humble/install/lib:/usr/local/cuda/compat:/usr/local/cuda/lib64 /usr/local/bin/cmake --build /workspace/towen/build/vision_opencv -- -j6 -l6
[0.738s] Invoking command in '/workspace/towen/build/vision_opencv': BYOBU_DATE=%Y-%m-%d CMAKE_PREFIX_PATH=/workspace/towen/install/image_geometry:/workspace/towen/install/cv_bridge:/workspace/towen/install/web_video_server:/opt/ros/humble/install:/workspace/towen/install/strategy:/workspace/towen/install/motionpackage:/workspace/towen/install/imageprocess:/opt/ros/humble LD_LIBRARY_PATH=/workspace/towen/install/image_geometry/lib:/workspace/towen/install/cv_bridge/lib:/opt/ros/humble/opt/rviz_ogre_vendor/lib:/opt/ros/humble/lib/aarch64-linux-gnu:/opt/ros/humble/lib:/opt/ros/humble/install/opt/rviz_ogre_vendor/lib:/opt/ros/humble/install/lib:/usr/local/cuda/compat:/usr/local/cuda/lib64 /usr/local/bin/cmake --install /workspace/towen/build/vision_opencv
[0.962s] -- Install configuration: ""
[0.962s] -- Up-to-date: /workspace/towen/install/vision_opencv/share/ament_index/resource_index/package_run_dependencies/vision_opencv
[0.963s] -- Up-to-date: /workspace/towen/install/vision_opencv/share/ament_index/resource_index/parent_prefix_path/vision_opencv
[0.963s] -- Up-to-date: /workspace/towen/install/vision_opencv/share/vision_opencv/environment/ament_prefix_path.sh
[0.963s] -- Up-to-date: /workspace/towen/install/vision_opencv/share/vision_opencv/environment/ament_prefix_path.dsv
[0.963s] -- Up-to-date: /workspace/towen/install/vision_opencv/share/vision_opencv/environment/path.sh
[0.963s] -- Up-to-date: /workspace/towen/install/vision_opencv/share/vision_opencv/environment/path.dsv
[0.963s] -- Up-to-date: /workspace/towen/install/vision_opencv/share/vision_opencv/local_setup.bash
[0.964s] -- Up-to-date: /workspace/towen/install/vision_opencv/share/vision_opencv/local_setup.sh
[0.964s] -- Up-to-date: /workspace/towen/install/vision_opencv/share/vision_opencv/local_setup.zsh
[0.964s] -- Up-to-date: /workspace/towen/install/vision_opencv/share/vision_opencv/local_setup.dsv
[0.964s] -- Installing: /workspace/towen/install/vision_opencv/share/vision_opencv/package.dsv
[0.964s] -- Up-to-date: /workspace/towen/install/vision_opencv/share/ament_index/resource_index/packages/vision_opencv
[0.964s] -- Up-to-date: /workspace/towen/install/vision_opencv/share/vision_opencv/cmake/vision_opencvConfig.cmake
[0.965s] -- Up-to-date: /workspace/towen/install/vision_opencv/share/vision_opencv/cmake/vision_opencvConfig-version.cmake
[0.970s] -- Up-to-date: /workspace/towen/install/vision_opencv/share/vision_opencv/package.xml
[1.019s] Invoked command in '/workspace/towen/build/vision_opencv' returned '0': BYOBU_DATE=%Y-%m-%d CMAKE_PREFIX_PATH=/workspace/towen/install/image_geometry:/workspace/towen/install/cv_bridge:/workspace/towen/install/web_video_server:/opt/ros/humble/install:/workspace/towen/install/strategy:/workspace/towen/install/motionpackage:/workspace/towen/install/imageprocess:/opt/ros/humble LD_LIBRARY_PATH=/workspace/towen/install/image_geometry/lib:/workspace/towen/install/cv_bridge/lib:/opt/ros/humble/opt/rviz_ogre_vendor/lib:/opt/ros/humble/lib/aarch64-linux-gnu:/opt/ros/humble/lib:/opt/ros/humble/install/opt/rviz_ogre_vendor/lib:/opt/ros/humble/install/lib:/usr/local/cuda/compat:/usr/local/cuda/lib64 /usr/local/bin/cmake --install /workspace/towen/build/vision_opencv
