[1.317s] Invoking command in '/home/iclab/Desktop/humanoid/build/web_video_server': BYOBU_DATE=%Y-%m-%d CMAKE_PREFIX_PATH=${CMAKE_PREFIX_PATH}:/home/iclab/Desktop/humanoid/install/wula:/home/iclab/Desktop/humanoid/install/motionpackage:/home/iclab/Desktop/humanoid/install/imageprocess:/opt/ros/humble /usr/bin/cmake --build /home/iclab/Desktop/humanoid/build/web_video_server -- -j6 -l6
[1.365s] -- Found ament_cmake_ros: 0.10.0 (/opt/ros/humble/share/ament_cmake_ros/cmake)
[1.646s] -- Found async_web_server_cpp: 2.0.0 (/opt/ros/humble/share/async_web_server_cpp/cmake)
[1.663s] -- Found Boost: /usr/lib/aarch64-linux-gnu/cmake/Boost-1.74.0/BoostConfig.cmake (found suitable version "1.74.0", minimum required is "1.74.0") found components: filesystem regex thread 
[1.684s] [31mCMake Error at CMakeLists.txt:7 (find_package):
[1.684s]   By not providing "Findcv_bridge.cmake" in CMAKE_MODULE_PATH this project
[1.684s]   has asked CMake to find a package configuration file provided by
[1.684s]   "cv_bridge", but CMake did not find one.
[1.684s] 
[1.684s]   Could not find a package configuration file provided by "cv_bridge" with
[1.685s]   any of the following names:
[1.685s] 
[1.685s]     cv_bridgeConfig.cmake
[1.685s]     cv_bridge-config.cmake
[1.685s] 
[1.685s]   Add the installation prefix of "cv_bridge" to CMAKE_PREFIX_PATH or set
[1.685s]   "cv_bridge_DIR" to a directory containing one of the above files.  If
[1.686s]   "cv_bridge" provides a separate development package or SDK, be sure it has
[1.686s]   been installed.
[1.686s] 
[1.686s] [0m
[1.686s] -- Configuring incomplete, errors occurred!
[1.686s] See also "/home/iclab/Desktop/humanoid/build/web_video_server/CMakeFiles/CMakeOutput.log".
[1.690s] gmake: *** [Makefile:510: cmake_check_build_system] Error 1
[2.163s] Invoked command in '/home/iclab/Desktop/humanoid/build/web_video_server' returned '2': BYOBU_DATE=%Y-%m-%d CMAKE_PREFIX_PATH=${CMAKE_PREFIX_PATH}:/home/iclab/Desktop/humanoid/install/wula:/home/iclab/Desktop/humanoid/install/motionpackage:/home/iclab/Desktop/humanoid/install/imageprocess:/opt/ros/humble /usr/bin/cmake --build /home/iclab/Desktop/humanoid/build/web_video_server -- -j6 -l6
