-- Found ament_cmake_python: 1.3.10 (/opt/ros/humble/install/share/ament_cmake_python/cmake)
-- Found ament_cmake_ros: 0.10.0 (/opt/ros/humble/install/share/ament_cmake_ros/cmake)
-- Found rosidl_runtime_cpp: 3.1.7 (/workspace/towen/install/rosidl_runtime_cpp/share/rosidl_runtime_cpp/cmake)
-- Found rosidl_typesupport_introspection_c: 3.1.7 (/workspace/towen/install/rosidl_typesupport_introspection_c/share/rosidl_typesupport_introspection_c/cmake)
-- Found rosidl_adapter: 3.1.7 (/workspace/towen/install/rosidl_adapter/share/rosidl_adapter/cmake)
-- Found ament_lint_auto: 0.12.11 (/opt/ros/humble/install/share/ament_lint_auto/cmake)
-- Added test 'copyright' to check source files copyright and LICENSE
-- Added test 'cppcheck' to perform static code analysis on C / C++ code
-- Configured cppcheck include dirs: $<BUILD_INTERFACE:/workspace/towen/src/rosidl/rosidl_typesupport_introspection_cpp/include>
-- Configured cppcheck exclude dirs and/or files: 
-- Added test 'cpplint' to check C / C++ code against the Google style
-- Configured cpplint exclude dirs and/or files: 
-- Added test 'flake8' to check Python code syntax and style conventions
-- Added test 'lint_cmake' to check CMake code style
-- Added test 'pep257' to check Python code against some of the docstring style conventions in PEP 257
-- Added test 'uncrustify' to check C / C++ code style
-- Configured uncrustify additional arguments: 
-- Added test 'xmllint' to check XML markup files
-- Configuring done (1.5s)
-- Generating done (0.0s)
-- Build files have been written to: /workspace/towen/build/rosidl_typesupport_introspection_cpp
[  0%] Built target ament_cmake_python_copy_rosidl_typesupport_introspection_cpp
[  0%] Built target ament_cmake_python_copy_rosidl_typesupport_introspection_cpp_setup
[100%] Built target rosidl_typesupport_introspection_cpp
running egg_info
writing rosidl_typesupport_introspection_cpp.egg-info/PKG-INFO
writing dependency_links to rosidl_typesupport_introspection_cpp.egg-info/dependency_links.txt
writing entry points to rosidl_typesupport_introspection_cpp.egg-info/entry_points.txt
writing top-level names to rosidl_typesupport_introspection_cpp.egg-info/top_level.txt
reading manifest file 'rosidl_typesupport_introspection_cpp.egg-info/SOURCES.txt'
writing manifest file 'rosidl_typesupport_introspection_cpp.egg-info/SOURCES.txt'
[100%] Built target ament_cmake_python_build_rosidl_typesupport_introspection_cpp_egg
-- Install configuration: ""
-- Up-to-date: /workspace/towen/install/rosidl_typesupport_introspection_cpp/share/rosidl_typesupport_introspection_cpp/environment/pythonpath.sh
-- Installing: /workspace/towen/install/rosidl_typesupport_introspection_cpp/share/rosidl_typesupport_introspection_cpp/environment/pythonpath.dsv
-- Up-to-date: /workspace/towen/install/rosidl_typesupport_introspection_cpp/local/lib/python3.10/dist-packages/rosidl_typesupport_introspection_cpp-3.1.7-py3.10.egg-info
-- Installing: /workspace/towen/install/rosidl_typesupport_introspection_cpp/local/lib/python3.10/dist-packages/rosidl_typesupport_introspection_cpp-3.1.7-py3.10.egg-info/PKG-INFO
-- Installing: /workspace/towen/install/rosidl_typesupport_introspection_cpp/local/lib/python3.10/dist-packages/rosidl_typesupport_introspection_cpp-3.1.7-py3.10.egg-info/entry_points.txt
-- Installing: /workspace/towen/install/rosidl_typesupport_introspection_cpp/local/lib/python3.10/dist-packages/rosidl_typesupport_introspection_cpp-3.1.7-py3.10.egg-info/top_level.txt
-- Installing: /workspace/towen/install/rosidl_typesupport_introspection_cpp/local/lib/python3.10/dist-packages/rosidl_typesupport_introspection_cpp-3.1.7-py3.10.egg-info/SOURCES.txt
-- Installing: /workspace/towen/install/rosidl_typesupport_introspection_cpp/local/lib/python3.10/dist-packages/rosidl_typesupport_introspection_cpp-3.1.7-py3.10.egg-info/dependency_links.txt
-- Up-to-date: /workspace/towen/install/rosidl_typesupport_introspection_cpp/local/lib/python3.10/dist-packages/rosidl_typesupport_introspection_cpp
-- Up-to-date: /workspace/towen/install/rosidl_typesupport_introspection_cpp/local/lib/python3.10/dist-packages/rosidl_typesupport_introspection_cpp/__init__.py
-- Up-to-date: /workspace/towen/install/rosidl_typesupport_introspection_cpp/local/lib/python3.10/dist-packages/rosidl_typesupport_introspection_cpp/cli.py
Listing '/workspace/towen/install/rosidl_typesupport_introspection_cpp/local/lib/python3.10/dist-packages/rosidl_typesupport_introspection_cpp'...
-- Up-to-date: /workspace/towen/install/rosidl_typesupport_introspection_cpp/share/rosidl_typesupport_introspection_cpp/environment/library_path.sh
-- Installing: /workspace/towen/install/rosidl_typesupport_introspection_cpp/share/rosidl_typesupport_introspection_cpp/environment/library_path.dsv
-- Up-to-date: /workspace/towen/install/rosidl_typesupport_introspection_cpp/share/ament_index/resource_index/rosidl_typesupport_cpp/rosidl_typesupport_introspection_cpp
-- Up-to-date: /workspace/towen/install/rosidl_typesupport_introspection_cpp/share/ament_index/resource_index/rosidl_runtime_packages/rosidl_typesupport_introspection_cpp
-- Up-to-date: /workspace/towen/install/rosidl_typesupport_introspection_cpp/share/ament_index/resource_index/package_run_dependencies/rosidl_typesupport_introspection_cpp
-- Installing: /workspace/towen/install/rosidl_typesupport_introspection_cpp/share/ament_index/resource_index/parent_prefix_path/rosidl_typesupport_introspection_cpp
-- Up-to-date: /workspace/towen/install/rosidl_typesupport_introspection_cpp/share/rosidl_typesupport_introspection_cpp/environment/ament_prefix_path.sh
-- Installing: /workspace/towen/install/rosidl_typesupport_introspection_cpp/share/rosidl_typesupport_introspection_cpp/environment/ament_prefix_path.dsv
-- Up-to-date: /workspace/towen/install/rosidl_typesupport_introspection_cpp/share/rosidl_typesupport_introspection_cpp/environment/path.sh
-- Installing: /workspace/towen/install/rosidl_typesupport_introspection_cpp/share/rosidl_typesupport_introspection_cpp/environment/path.dsv
-- Up-to-date: /workspace/towen/install/rosidl_typesupport_introspection_cpp/share/rosidl_typesupport_introspection_cpp/local_setup.bash
-- Up-to-date: /workspace/towen/install/rosidl_typesupport_introspection_cpp/share/rosidl_typesupport_introspection_cpp/local_setup.sh
-- Up-to-date: /workspace/towen/install/rosidl_typesupport_introspection_cpp/share/rosidl_typesupport_introspection_cpp/local_setup.zsh
-- Installing: /workspace/towen/install/rosidl_typesupport_introspection_cpp/share/rosidl_typesupport_introspection_cpp/local_setup.dsv
-- Installing: /workspace/towen/install/rosidl_typesupport_introspection_cpp/share/rosidl_typesupport_introspection_cpp/package.dsv
-- Up-to-date: /workspace/towen/install/rosidl_typesupport_introspection_cpp/share/ament_index/resource_index/packages/rosidl_typesupport_introspection_cpp
-- Up-to-date: /workspace/towen/install/rosidl_typesupport_introspection_cpp/share/rosidl_typesupport_introspection_cpp/cmake/rosidl_typesupport_introspection_cppExport.cmake
-- Up-to-date: /workspace/towen/install/rosidl_typesupport_introspection_cpp/share/rosidl_typesupport_introspection_cpp/cmake/rosidl_typesupport_introspection_cppExport-noconfig.cmake
-- Up-to-date: /workspace/towen/install/rosidl_typesupport_introspection_cpp/share/rosidl_typesupport_introspection_cpp/cmake/rosidl_typesupport_introspection_cpp-extras.cmake
-- Up-to-date: /workspace/towen/install/rosidl_typesupport_introspection_cpp/share/rosidl_typesupport_introspection_cpp/cmake/ament_cmake_export_dependencies-extras.cmake
-- Up-to-date: /workspace/towen/install/rosidl_typesupport_introspection_cpp/share/rosidl_typesupport_introspection_cpp/cmake/ament_cmake_export_include_directories-extras.cmake
-- Up-to-date: /workspace/towen/install/rosidl_typesupport_introspection_cpp/share/rosidl_typesupport_introspection_cpp/cmake/ament_cmake_export_libraries-extras.cmake
-- Up-to-date: /workspace/towen/install/rosidl_typesupport_introspection_cpp/share/rosidl_typesupport_introspection_cpp/cmake/ament_cmake_export_targets-extras.cmake
-- Up-to-date: /workspace/towen/install/rosidl_typesupport_introspection_cpp/share/rosidl_typesupport_introspection_cpp/cmake/rosidl_typesupport_introspection_cppConfig.cmake
-- Up-to-date: /workspace/towen/install/rosidl_typesupport_introspection_cpp/share/rosidl_typesupport_introspection_cpp/cmake/rosidl_typesupport_introspection_cppConfig-version.cmake
-- Up-to-date: /workspace/towen/install/rosidl_typesupport_introspection_cpp/share/rosidl_typesupport_introspection_cpp/package.xml
-- Up-to-date: /workspace/towen/install/rosidl_typesupport_introspection_cpp/lib/rosidl_typesupport_introspection_cpp/rosidl_typesupport_introspection_cpp
-- Up-to-date: /workspace/towen/install/rosidl_typesupport_introspection_cpp/share/rosidl_typesupport_introspection_cpp/cmake
-- Up-to-date: /workspace/towen/install/rosidl_typesupport_introspection_cpp/share/rosidl_typesupport_introspection_cpp/cmake/rosidl_typesupport_introspection_cpp_generate_interfaces.cmake
-- Up-to-date: /workspace/towen/install/rosidl_typesupport_introspection_cpp/share/rosidl_typesupport_introspection_cpp/resource
-- Up-to-date: /workspace/towen/install/rosidl_typesupport_introspection_cpp/share/rosidl_typesupport_introspection_cpp/resource/idl__type_support.cpp.em
-- Up-to-date: /workspace/towen/install/rosidl_typesupport_introspection_cpp/share/rosidl_typesupport_introspection_cpp/resource/idl__rosidl_typesupport_introspection_cpp.hpp.em
-- Up-to-date: /workspace/towen/install/rosidl_typesupport_introspection_cpp/share/rosidl_typesupport_introspection_cpp/resource/msg__rosidl_typesupport_introspection_cpp.hpp.em
-- Up-to-date: /workspace/towen/install/rosidl_typesupport_introspection_cpp/share/rosidl_typesupport_introspection_cpp/resource/msg__type_support.cpp.em
-- Up-to-date: /workspace/towen/install/rosidl_typesupport_introspection_cpp/share/rosidl_typesupport_introspection_cpp/resource/srv__type_support.cpp.em
-- Up-to-date: /workspace/towen/install/rosidl_typesupport_introspection_cpp/share/rosidl_typesupport_introspection_cpp/resource/srv__rosidl_typesupport_introspection_cpp.hpp.em
-- Up-to-date: /workspace/towen/install/rosidl_typesupport_introspection_cpp/include/rosidl_typesupport_introspection_cpp
-- Up-to-date: /workspace/towen/install/rosidl_typesupport_introspection_cpp/include/rosidl_typesupport_introspection_cpp/rosidl_typesupport_introspection_cpp
-- Up-to-date: /workspace/towen/install/rosidl_typesupport_introspection_cpp/include/rosidl_typesupport_introspection_cpp/rosidl_typesupport_introspection_cpp/message_introspection.hpp
-- Up-to-date: /workspace/towen/install/rosidl_typesupport_introspection_cpp/include/rosidl_typesupport_introspection_cpp/rosidl_typesupport_introspection_cpp/identifier.hpp
-- Up-to-date: /workspace/towen/install/rosidl_typesupport_introspection_cpp/include/rosidl_typesupport_introspection_cpp/rosidl_typesupport_introspection_cpp/visibility_control.h
-- Up-to-date: /workspace/towen/install/rosidl_typesupport_introspection_cpp/include/rosidl_typesupport_introspection_cpp/rosidl_typesupport_introspection_cpp/service_type_support_decl.hpp
-- Up-to-date: /workspace/towen/install/rosidl_typesupport_introspection_cpp/include/rosidl_typesupport_introspection_cpp/rosidl_typesupport_introspection_cpp/message_type_support_decl.hpp
-- Up-to-date: /workspace/towen/install/rosidl_typesupport_introspection_cpp/include/rosidl_typesupport_introspection_cpp/rosidl_typesupport_introspection_cpp/service_introspection.hpp
-- Up-to-date: /workspace/towen/install/rosidl_typesupport_introspection_cpp/include/rosidl_typesupport_introspection_cpp/rosidl_typesupport_introspection_cpp/field_types.hpp
-- Up-to-date: /workspace/towen/install/rosidl_typesupport_introspection_cpp/lib/librosidl_typesupport_introspection_cpp.so
