[0.046s] Invoking command in '/workspace/towen/build/rosidl_cmake': AMENT_PREFIX_PATH=/workspace/towen/install/rosidl_parser:/workspace/towen/install/rosidl_adapter:/workspace/towen/install/rosidl_cli:${AMENT_PREFIX_PATH} BYOBU_DATE=%Y-%m-%d CMAKE_PREFIX_PATH=/workspace/towen/install/rosidl_parser:/workspace/towen/install/rosidl_adapter:/workspace/towen/install/image_geometry:/workspace/towen/install/web_video_server:/workspace/towen/install/cv_bridge:/opt/ros/humble/install:/workspace/towen/install/strategy:/workspace/towen/install/motionpackage:/workspace/towen/install/imageprocess:/opt/ros/humble PATH=/workspace/towen/install/rosidl_cli/bin:${PATH} PYTHONPATH=/workspace/towen/install/rosidl_parser/local/lib/python3.10/dist-packages:/workspace/towen/install/rosidl_adapter/local/lib/python3.10/dist-packages:/workspace/towen/install/rosidl_cli/lib/python3.10/site-packages:${PYTHONPATH} /usr/local/bin/cmake /workspace/towen/src/rosidl/rosidl_cmake -DCMAKE_INSTALL_PREFIX=/workspace/towen/install/rosidl_cmake
[0.276s] -- Found ament_cmake: 1.3.10 (/opt/ros/humble/install/share/ament_cmake/cmake)
[0.640s] -- Found Python3: /usr/local/bin/python3 (found version "3.10.12") found components: Interpreter
[1.119s] -- Found ament_lint_auto: 0.12.11 (/opt/ros/humble/install/share/ament_lint_auto/cmake)
[1.372s] -- Added test 'copyright' to check source files copyright and LICENSE
[1.378s] -- Added test 'flake8' to check Python code syntax and style conventions
[1.380s] -- Added test 'lint_cmake' to check CMake code style
[1.381s] -- Added test 'pep257' to check Python code against some of the docstring style conventions in PEP 257
[1.385s] -- Added test 'xmllint' to check XML markup files
[1.390s] -- Configuring done (1.1s)
[1.402s] -- Generating done (0.0s)
[1.403s] -- Build files have been written to: /workspace/towen/build/rosidl_cmake
[1.444s] Invoked command in '/workspace/towen/build/rosidl_cmake' returned '0': AMENT_PREFIX_PATH=/workspace/towen/install/rosidl_parser:/workspace/towen/install/rosidl_adapter:/workspace/towen/install/rosidl_cli:${AMENT_PREFIX_PATH} BYOBU_DATE=%Y-%m-%d CMAKE_PREFIX_PATH=/workspace/towen/install/rosidl_parser:/workspace/towen/install/rosidl_adapter:/workspace/towen/install/image_geometry:/workspace/towen/install/web_video_server:/workspace/towen/install/cv_bridge:/opt/ros/humble/install:/workspace/towen/install/strategy:/workspace/towen/install/motionpackage:/workspace/towen/install/imageprocess:/opt/ros/humble PATH=/workspace/towen/install/rosidl_cli/bin:${PATH} PYTHONPATH=/workspace/towen/install/rosidl_parser/local/lib/python3.10/dist-packages:/workspace/towen/install/rosidl_adapter/local/lib/python3.10/dist-packages:/workspace/towen/install/rosidl_cli/lib/python3.10/site-packages:${PYTHONPATH} /usr/local/bin/cmake /workspace/towen/src/rosidl/rosidl_cmake -DCMAKE_INSTALL_PREFIX=/workspace/towen/install/rosidl_cmake
[1.448s] Invoking command in '/workspace/towen/build/rosidl_cmake': AMENT_PREFIX_PATH=/workspace/towen/install/rosidl_parser:/workspace/towen/install/rosidl_adapter:/workspace/towen/install/rosidl_cli:${AMENT_PREFIX_PATH} BYOBU_DATE=%Y-%m-%d CMAKE_PREFIX_PATH=/workspace/towen/install/rosidl_parser:/workspace/towen/install/rosidl_adapter:/workspace/towen/install/image_geometry:/workspace/towen/install/web_video_server:/workspace/towen/install/cv_bridge:/opt/ros/humble/install:/workspace/towen/install/strategy:/workspace/towen/install/motionpackage:/workspace/towen/install/imageprocess:/opt/ros/humble PATH=/workspace/towen/install/rosidl_cli/bin:${PATH} PYTHONPATH=/workspace/towen/install/rosidl_parser/local/lib/python3.10/dist-packages:/workspace/towen/install/rosidl_adapter/local/lib/python3.10/dist-packages:/workspace/towen/install/rosidl_cli/lib/python3.10/site-packages:${PYTHONPATH} /usr/local/bin/cmake --build /workspace/towen/build/rosidl_cmake -- -j6 -l6
[1.705s] Built target ament_cmake_python_copy_rosidl_cmake
[2.301s] running egg_info
[2.348s] creating rosidl_cmake.egg-info
[2.348s] writing rosidl_cmake.egg-info/PKG-INFO
[2.349s] writing dependency_links to rosidl_cmake.egg-info/dependency_links.txt
[2.350s] writing top-level names to rosidl_cmake.egg-info/top_level.txt
[2.354s] writing manifest file 'rosidl_cmake.egg-info/SOURCES.txt'
[2.493s] reading manifest file 'rosidl_cmake.egg-info/SOURCES.txt'
[2.495s] writing manifest file 'rosidl_cmake.egg-info/SOURCES.txt'
[2.567s] Built target ament_cmake_python_build_rosidl_cmake_egg
