[3.283s] Invoking command in '/home/iclab/Desktop/humanoid/src/imageprocess': BYOBU_DATE=%Y-%m-%d PYTHONPATH=/home/iclab/Desktop/humanoid/build/imageprocess/prefix_override:/usr/lib/python3/dist-packages/colcon_core/task/python/colcon_distutils_commands:/home/iclab/Desktop/humanoid/install/imageprocess/lib/python3.10/site-packages:${PYTHONPATH} /usr/bin/python3 -W ignore:setup.py install is deprecated -W ignore:easy_install command is deprecated setup.py egg_info --egg-base ../../build/imageprocess build --build-base /home/iclab/Desktop/humanoid/build/imageprocess/build install --record /home/iclab/Desktop/humanoid/build/imageprocess/install.log --single-version-externally-managed install_data
[3.960s] running egg_info
[3.962s] writing ../../build/imageprocess/imageprocess.egg-info/PKG-INFO
[3.963s] writing dependency_links to ../../build/imageprocess/imageprocess.egg-info/dependency_links.txt
[3.964s] writing entry points to ../../build/imageprocess/imageprocess.egg-info/entry_points.txt
[3.965s] writing requirements to ../../build/imageprocess/imageprocess.egg-info/requires.txt
[3.966s] writing top-level names to ../../build/imageprocess/imageprocess.egg-info/top_level.txt
[3.971s] reading manifest file '../../build/imageprocess/imageprocess.egg-info/SOURCES.txt'
[3.971s] adding license file 'LICENSE'
[3.973s] writing manifest file '../../build/imageprocess/imageprocess.egg-info/SOURCES.txt'
[3.974s] running build
[3.974s] running build_py
[3.976s] running install
[3.977s] running install_lib
[3.980s] running install_data
[3.981s] running install_egg_info
[3.985s] removing '/home/iclab/Desktop/humanoid/install/imageprocess/lib/python3.10/site-packages/imageprocess-0.0.0-py3.10.egg-info' (and everything under it)
[3.987s] Copying ../../build/imageprocess/imageprocess.egg-info to /home/iclab/Desktop/humanoid/install/imageprocess/lib/python3.10/site-packages/imageprocess-0.0.0-py3.10.egg-info
[3.992s] running install_scripts
[4.045s] Installing image script to /home/iclab/Desktop/humanoid/install/imageprocess/lib/imageprocess
[4.045s] Installing image_test script to /home/iclab/Desktop/humanoid/install/imageprocess/lib/imageprocess
[4.046s] Installing imageprocess script to /home/iclab/Desktop/humanoid/install/imageprocess/lib/imageprocess
[4.047s] writing list of installed files to '/home/iclab/Desktop/humanoid/build/imageprocess/install.log'
[4.148s] Invoked command in '/home/iclab/Desktop/humanoid/src/imageprocess' returned '0': BYOBU_DATE=%Y-%m-%d PYTHONPATH=/home/iclab/Desktop/humanoid/build/imageprocess/prefix_override:/usr/lib/python3/dist-packages/colcon_core/task/python/colcon_distutils_commands:/home/iclab/Desktop/humanoid/install/imageprocess/lib/python3.10/site-packages:${PYTHONPATH} /usr/bin/python3 -W ignore:setup.py install is deprecated -W ignore:easy_install command is deprecated setup.py egg_info --egg-base ../../build/imageprocess build --build-base /home/iclab/Desktop/humanoid/build/imageprocess/build install --record /home/iclab/Desktop/humanoid/build/imageprocess/install.log --single-version-externally-managed install_data
