[3.671s] Invoking command in '/home/iclab/Desktop/humanoid/src/wula': BYOBU_DATE=%Y-%m-%d PYTHONPATH=/home/iclab/Desktop/humanoid/build/wula/prefix_override:/usr/lib/python3/dist-packages/colcon_core/task/python/colcon_distutils_commands:/home/iclab/Desktop/humanoid/install/wula/lib/python3.10/site-packages:${PYTHONPATH} /usr/bin/python3 -W ignore:setup.py install is deprecated -W ignore:easy_install command is deprecated setup.py egg_info --egg-base ../../build/wula build --build-base /home/iclab/Desktop/humanoid/build/wula/build install --record /home/iclab/Desktop/humanoid/build/wula/install.log --single-version-externally-managed install_data
[4.527s] running egg_info
[4.536s] writing ../../build/wula/wula.egg-info/PKG-INFO
[4.537s] writing dependency_links to ../../build/wula/wula.egg-info/dependency_links.txt
[4.538s] writing entry points to ../../build/wula/wula.egg-info/entry_points.txt
[4.539s] writing requirements to ../../build/wula/wula.egg-info/requires.txt
[4.543s] writing top-level names to ../../build/wula/wula.egg-info/top_level.txt
[4.549s] reading manifest file '../../build/wula/wula.egg-info/SOURCES.txt'
[4.563s] writing manifest file '../../build/wula/wula.egg-info/SOURCES.txt'
[4.565s] running build
[4.565s] running build_py
[4.566s] copying wula/sp/API.py -> /home/iclab/Desktop/humanoid/build/wula/build/lib/wula/sp
[4.567s] running install
[4.568s] running install_lib
[4.572s] copying /home/iclab/Desktop/humanoid/build/wula/build/lib/wula/sp/API.py -> /home/iclab/Desktop/humanoid/install/wula/lib/python3.10/site-packages/wula/sp
[4.573s] byte-compiling /home/iclab/Desktop/humanoid/install/wula/lib/python3.10/site-packages/wula/sp/API.py to API.cpython-310.pyc
[4.576s] running install_data
[4.576s] running install_egg_info
[4.582s] removing '/home/iclab/Desktop/humanoid/install/wula/lib/python3.10/site-packages/wula-0.1.0-py3.10.egg-info' (and everything under it)
[4.588s] Copying ../../build/wula/wula.egg-info to /home/iclab/Desktop/humanoid/install/wula/lib/python3.10/site-packages/wula-0.1.0-py3.10.egg-info
[4.613s] running install_scripts
[4.659s] Installing sp_boson script to /home/iclab/Desktop/humanoid/install/wula/lib/wula
[4.662s] writing list of installed files to '/home/iclab/Desktop/humanoid/build/wula/install.log'
[4.745s] Invoked command in '/home/iclab/Desktop/humanoid/src/wula' returned '0': BYOBU_DATE=%Y-%m-%d PYTHONPATH=/home/iclab/Desktop/humanoid/build/wula/prefix_override:/usr/lib/python3/dist-packages/colcon_core/task/python/colcon_distutils_commands:/home/iclab/Desktop/humanoid/install/wula/lib/python3.10/site-packages:${PYTHONPATH} /usr/bin/python3 -W ignore:setup.py install is deprecated -W ignore:easy_install command is deprecated setup.py egg_info --egg-base ../../build/wula build --build-base /home/iclab/Desktop/humanoid/build/wula/build install --record /home/iclab/Desktop/humanoid/build/wula/install.log --single-version-externally-managed install_data
