[0.098s] Invoking command in '/workspace/towen/build/usb_cam': BYOBU_DATE=%Y-%m-%d CMAKE_PREFIX_PATH=/workspace/towen/install/tku_msgs:/workspace/towen/install/cv_bridge:/workspace/towen/install/zed_ros2:/workspace/towen/install/zed_wrapper:/workspace/towen/install/zed_components:/workspace/towen/install/webrtc_ros_msgs:/workspace/towen/install/web_video_server:/workspace/towen/install/vision_opencv:/workspace/towen/install/usb_cam:/workspace/towen/install/rosidl_typesupport_introspection_tests:/workspace/towen/install/rosidl_typesupport_introspection_cpp:/workspace/towen/install/rosidl_typesupport_introspection_c:/workspace/towen/install/rosidl_generator_cpp:/workspace/towen/install/rosidl_runtime_cpp:/workspace/towen/install/rosidl_runtime_c:/workspace/towen/install/rosidl_generator_c:/workspace/towen/install/rosidl_typesupport_interface:/workspace/towen/install/rosidl_cmake:/workspace/towen/install/rosidl_parser:/workspace/towen/install/rosidl_adapter:/workspace/towen/install/image_geometry:/opt/ros/humble/install:/workspace/towen/install/strategy:/workspace/towen/install/rosidl_cli:/workspace/towen/install/opencv_tests:/workspace/towen/install/motionpackage:/workspace/towen/install/imageprocess:/opt/ros/humble LD_LIBRARY_PATH=/workspace/towen/install/tku_msgs/lib:/workspace/towen/install/cv_bridge/lib:/workspace/towen/install/zed_components/lib:/workspace/towen/install/webrtc_ros_msgs/lib:/workspace/towen/install/usb_cam/lib:/workspace/towen/install/rosidl_typesupport_introspection_cpp/lib:/workspace/towen/install/rosidl_typesupport_introspection_c/lib:/workspace/towen/install/rosidl_runtime_c/lib:/workspace/towen/install/image_geometry/lib:/opt/ros/humble/opt/rviz_ogre_vendor/lib:/opt/ros/humble/lib/aarch64-linux-gnu:/opt/ros/humble/lib:/opt/ros/humble/install/opt/rviz_ogre_vendor/lib:/opt/ros/humble/install/lib:/usr/local/cuda/compat:/usr/local/cuda/lib64 /usr/local/bin/cmake --build /workspace/towen/build/usb_cam -- -j6 -l6
[0.388s] [ 14%] Built target gtest_main
[0.399s] [ 28%] Built target usb_cam
[0.400s] [ 42%] Built target usb_cam_node_exe
[0.409s] [ 57%] Built target gtest
[0.457s] [ 78%] Built target usb_cam_node
[0.457s] [ 85%] Built target test_pixel_formats
[0.459s] [100%] Built target test_usb_cam_utils
[0.517s] Invoked command in '/workspace/towen/build/usb_cam' returned '0': BYOBU_DATE=%Y-%m-%d CMAKE_PREFIX_PATH=/workspace/towen/install/tku_msgs:/workspace/towen/install/cv_bridge:/workspace/towen/install/zed_ros2:/workspace/towen/install/zed_wrapper:/workspace/towen/install/zed_components:/workspace/towen/install/webrtc_ros_msgs:/workspace/towen/install/web_video_server:/workspace/towen/install/vision_opencv:/workspace/towen/install/usb_cam:/workspace/towen/install/rosidl_typesupport_introspection_tests:/workspace/towen/install/rosidl_typesupport_introspection_cpp:/workspace/towen/install/rosidl_typesupport_introspection_c:/workspace/towen/install/rosidl_generator_cpp:/workspace/towen/install/rosidl_runtime_cpp:/workspace/towen/install/rosidl_runtime_c:/workspace/towen/install/rosidl_generator_c:/workspace/towen/install/rosidl_typesupport_interface:/workspace/towen/install/rosidl_cmake:/workspace/towen/install/rosidl_parser:/workspace/towen/install/rosidl_adapter:/workspace/towen/install/image_geometry:/opt/ros/humble/install:/workspace/towen/install/strategy:/workspace/towen/install/rosidl_cli:/workspace/towen/install/opencv_tests:/workspace/towen/install/motionpackage:/workspace/towen/install/imageprocess:/opt/ros/humble LD_LIBRARY_PATH=/workspace/towen/install/tku_msgs/lib:/workspace/towen/install/cv_bridge/lib:/workspace/towen/install/zed_components/lib:/workspace/towen/install/webrtc_ros_msgs/lib:/workspace/towen/install/usb_cam/lib:/workspace/towen/install/rosidl_typesupport_introspection_cpp/lib:/workspace/towen/install/rosidl_typesupport_introspection_c/lib:/workspace/towen/install/rosidl_runtime_c/lib:/workspace/towen/install/image_geometry/lib:/opt/ros/humble/opt/rviz_ogre_vendor/lib:/opt/ros/humble/lib/aarch64-linux-gnu:/opt/ros/humble/lib:/opt/ros/humble/install/opt/rviz_ogre_vendor/lib:/opt/ros/humble/install/lib:/usr/local/cuda/compat:/usr/local/cuda/lib64 /usr/local/bin/cmake --build /workspace/towen/build/usb_cam -- -j6 -l6
[0.830s] Invoking command in '/workspace/towen/build/usb_cam': BYOBU_DATE=%Y-%m-%d CMAKE_PREFIX_PATH=/workspace/towen/install/tku_msgs:/workspace/towen/install/cv_bridge:/workspace/towen/install/zed_ros2:/workspace/towen/install/zed_wrapper:/workspace/towen/install/zed_components:/workspace/towen/install/webrtc_ros_msgs:/workspace/towen/install/web_video_server:/workspace/towen/install/vision_opencv:/workspace/towen/install/usb_cam:/workspace/towen/install/rosidl_typesupport_introspection_tests:/workspace/towen/install/rosidl_typesupport_introspection_cpp:/workspace/towen/install/rosidl_typesupport_introspection_c:/workspace/towen/install/rosidl_generator_cpp:/workspace/towen/install/rosidl_runtime_cpp:/workspace/towen/install/rosidl_runtime_c:/workspace/towen/install/rosidl_generator_c:/workspace/towen/install/rosidl_typesupport_interface:/workspace/towen/install/rosidl_cmake:/workspace/towen/install/rosidl_parser:/workspace/towen/install/rosidl_adapter:/workspace/towen/install/image_geometry:/opt/ros/humble/install:/workspace/towen/install/strategy:/workspace/towen/install/rosidl_cli:/workspace/towen/install/opencv_tests:/workspace/towen/install/motionpackage:/workspace/towen/install/imageprocess:/opt/ros/humble LD_LIBRARY_PATH=/workspace/towen/install/tku_msgs/lib:/workspace/towen/install/cv_bridge/lib:/workspace/towen/install/zed_components/lib:/workspace/towen/install/webrtc_ros_msgs/lib:/workspace/towen/install/usb_cam/lib:/workspace/towen/install/rosidl_typesupport_introspection_cpp/lib:/workspace/towen/install/rosidl_typesupport_introspection_c/lib:/workspace/towen/install/rosidl_runtime_c/lib:/workspace/towen/install/image_geometry/lib:/opt/ros/humble/opt/rviz_ogre_vendor/lib:/opt/ros/humble/lib/aarch64-linux-gnu:/opt/ros/humble/lib:/opt/ros/humble/install/opt/rviz_ogre_vendor/lib:/opt/ros/humble/install/lib:/usr/local/cuda/compat:/usr/local/cuda/lib64 /usr/local/bin/cmake --install /workspace/towen/build/usb_cam
[1.052s] -- Install configuration: ""
[1.052s] -- Up-to-date: /workspace/towen/install/usb_cam/share/usb_cam/environment/library_path.sh
[1.052s] -- Up-to-date: /workspace/towen/install/usb_cam/share/usb_cam/environment/library_path.dsv
[1.054s] -- Up-to-date: /workspace/towen/install/usb_cam/lib/usb_cam/usb_cam_node_exe
[1.054s] -- Up-to-date: /workspace/towen/install/usb_cam/lib/usb_cam/show_image.py
[1.055s] -- Up-to-date: /workspace/towen/install/usb_cam/lib/libusb_cam.so
[1.056s] -- Up-to-date: /workspace/towen/install/usb_cam/lib/libusb_cam_node.so
[1.057s] -- Up-to-date: /workspace/towen/install/usb_cam/include
[1.057s] -- Up-to-date: /workspace/towen/install/usb_cam/include/usb_cam
[1.058s] -- Up-to-date: /workspace/towen/install/usb_cam/include/usb_cam/constants.hpp
[1.058s] -- Up-to-date: /workspace/towen/install/usb_cam/include/usb_cam/utils.hpp
[1.058s] -- Up-to-date: /workspace/towen/install/usb_cam/include/usb_cam/usb_cam.hpp
[1.058s] -- Up-to-date: /workspace/towen/install/usb_cam/include/usb_cam/usb_cam_node.hpp
[1.058s] -- Up-to-date: /workspace/towen/install/usb_cam/include/usb_cam/conversions.hpp
[1.059s] -- Up-to-date: /workspace/towen/install/usb_cam/include/usb_cam/formats
[1.059s] -- Up-to-date: /workspace/towen/install/usb_cam/include/usb_cam/formats/yuyv.hpp
[1.059s] -- Up-to-date: /workspace/towen/install/usb_cam/include/usb_cam/formats/av_pixel_format_helper.hpp
[1.059s] -- Up-to-date: /workspace/towen/install/usb_cam/include/usb_cam/formats/mjpeg.hpp
[1.059s] -- Up-to-date: /workspace/towen/install/usb_cam/include/usb_cam/formats/pixel_format_base.hpp
[1.059s] -- Up-to-date: /workspace/towen/install/usb_cam/include/usb_cam/formats/utils.hpp
[1.060s] -- Up-to-date: /workspace/towen/install/usb_cam/include/usb_cam/formats/mono.hpp
[1.060s] -- Up-to-date: /workspace/towen/install/usb_cam/include/usb_cam/formats/rgb.hpp
[1.060s] -- Up-to-date: /workspace/towen/install/usb_cam/include/usb_cam/formats/m420.hpp
[1.060s] -- Up-to-date: /workspace/towen/install/usb_cam/include/usb_cam/formats/uyvy.hpp
[1.060s] -- Up-to-date: /workspace/towen/install/usb_cam/lib/libusb_cam_node.so
[1.061s] -- Up-to-date: /workspace/towen/install/usb_cam/share/usb_cam/launch
[1.061s] -- Up-to-date: /workspace/towen/install/usb_cam/share/usb_cam/launch/camera_config.py
[1.061s] -- Up-to-date: /workspace/towen/install/usb_cam/share/usb_cam/launch/__init__.py
[1.061s] -- Up-to-date: /workspace/towen/install/usb_cam/share/usb_cam/launch/camera.launch.py
[1.061s] -- Up-to-date: /workspace/towen/install/usb_cam/share/usb_cam/config
[1.061s] -- Up-to-date: /workspace/towen/install/usb_cam/share/usb_cam/config/params_1.yaml
[1.062s] -- Up-to-date: /workspace/towen/install/usb_cam/share/usb_cam/config/params_2.yaml
[1.062s] -- Up-to-date: /workspace/towen/install/usb_cam/share/usb_cam/config/camera_info.yaml
[1.062s] -- Up-to-date: /workspace/towen/install/usb_cam/share/ament_index/resource_index/package_run_dependencies/usb_cam
[1.062s] -- Up-to-date: /workspace/towen/install/usb_cam/share/ament_index/resource_index/parent_prefix_path/usb_cam
[1.062s] -- Up-to-date: /workspace/towen/install/usb_cam/share/usb_cam/environment/ament_prefix_path.sh
[1.062s] -- Up-to-date: /workspace/towen/install/usb_cam/share/usb_cam/environment/ament_prefix_path.dsv
[1.063s] -- Up-to-date: /workspace/towen/install/usb_cam/share/usb_cam/environment/path.sh
[1.063s] -- Up-to-date: /workspace/towen/install/usb_cam/share/usb_cam/environment/path.dsv
[1.063s] -- Up-to-date: /workspace/towen/install/usb_cam/share/usb_cam/local_setup.bash
[1.063s] -- Up-to-date: /workspace/towen/install/usb_cam/share/usb_cam/local_setup.sh
[1.063s] -- Up-to-date: /workspace/towen/install/usb_cam/share/usb_cam/local_setup.zsh
[1.063s] -- Up-to-date: /workspace/towen/install/usb_cam/share/usb_cam/local_setup.dsv
[1.063s] -- Installing: /workspace/towen/install/usb_cam/share/usb_cam/package.dsv
[1.064s] -- Up-to-date: /workspace/towen/install/usb_cam/share/ament_index/resource_index/packages/usb_cam
[1.064s] -- Up-to-date: /workspace/towen/install/usb_cam/share/ament_index/resource_index/rclcpp_components/usb_cam
[1.064s] -- Up-to-date: /workspace/towen/install/usb_cam/share/usb_cam/cmake/ament_cmake_export_libraries-extras.cmake
[1.064s] -- Up-to-date: /workspace/towen/install/usb_cam/share/usb_cam/cmake/ament_cmake_export_dependencies-extras.cmake
[1.064s] -- Up-to-date: /workspace/towen/install/usb_cam/share/usb_cam/cmake/ament_cmake_export_include_directories-extras.cmake
[1.064s] -- Up-to-date: /workspace/towen/install/usb_cam/share/usb_cam/cmake/usb_camConfig.cmake
[1.064s] -- Up-to-date: /workspace/towen/install/usb_cam/share/usb_cam/cmake/usb_camConfig-version.cmake
[1.065s] -- Up-to-date: /workspace/towen/install/usb_cam/share/usb_cam/package.xml
[1.107s] Invoked command in '/workspace/towen/build/usb_cam' returned '0': BYOBU_DATE=%Y-%m-%d CMAKE_PREFIX_PATH=/workspace/towen/install/tku_msgs:/workspace/towen/install/cv_bridge:/workspace/towen/install/zed_ros2:/workspace/towen/install/zed_wrapper:/workspace/towen/install/zed_components:/workspace/towen/install/webrtc_ros_msgs:/workspace/towen/install/web_video_server:/workspace/towen/install/vision_opencv:/workspace/towen/install/usb_cam:/workspace/towen/install/rosidl_typesupport_introspection_tests:/workspace/towen/install/rosidl_typesupport_introspection_cpp:/workspace/towen/install/rosidl_typesupport_introspection_c:/workspace/towen/install/rosidl_generator_cpp:/workspace/towen/install/rosidl_runtime_cpp:/workspace/towen/install/rosidl_runtime_c:/workspace/towen/install/rosidl_generator_c:/workspace/towen/install/rosidl_typesupport_interface:/workspace/towen/install/rosidl_cmake:/workspace/towen/install/rosidl_parser:/workspace/towen/install/rosidl_adapter:/workspace/towen/install/image_geometry:/opt/ros/humble/install:/workspace/towen/install/strategy:/workspace/towen/install/rosidl_cli:/workspace/towen/install/opencv_tests:/workspace/towen/install/motionpackage:/workspace/towen/install/imageprocess:/opt/ros/humble LD_LIBRARY_PATH=/workspace/towen/install/tku_msgs/lib:/workspace/towen/install/cv_bridge/lib:/workspace/towen/install/zed_components/lib:/workspace/towen/install/webrtc_ros_msgs/lib:/workspace/towen/install/usb_cam/lib:/workspace/towen/install/rosidl_typesupport_introspection_cpp/lib:/workspace/towen/install/rosidl_typesupport_introspection_c/lib:/workspace/towen/install/rosidl_runtime_c/lib:/workspace/towen/install/image_geometry/lib:/opt/ros/humble/opt/rviz_ogre_vendor/lib:/opt/ros/humble/lib/aarch64-linux-gnu:/opt/ros/humble/lib:/opt/ros/humble/install/opt/rviz_ogre_vendor/lib:/opt/ros/humble/install/lib:/usr/local/cuda/compat:/usr/local/cuda/lib64 /usr/local/bin/cmake --install /workspace/towen/build/usb_cam
