[0.817s] Invoking command in '/workspace/towen/build/zed_components': BYOBU_DATE=%Y-%m-%d CMAKE_PREFIX_PATH=${CMAKE_PREFIX_PATH}:/workspace/towen/install/strategy:/workspace/towen/install/rosidl_cli:/workspace/towen/install/opencv_tests:/workspace/towen/install/motionpackage:/workspace/towen/install/imageprocess:/opt/ros/humble /usr/local/bin/cmake --build /workspace/towen/build/zed_components -- -j6 -l6
[1.668s] [ 50%] Built target zed_camera_component
[1.792s] [100%] Built target zed_camera_one_component
[1.933s] Invoked command in '/workspace/towen/build/zed_components' returned '0': BYOBU_DATE=%Y-%m-%d CMAKE_PREFIX_PATH=${CMAKE_PREFIX_PATH}:/workspace/towen/install/strategy:/workspace/towen/install/rosidl_cli:/workspace/towen/install/opencv_tests:/workspace/towen/install/motionpackage:/workspace/towen/install/imageprocess:/opt/ros/humble /usr/local/bin/cmake --build /workspace/towen/build/zed_components -- -j6 -l6
[3.567s] Invoking command in '/workspace/towen/build/zed_components': BYOBU_DATE=%Y-%m-%d CMAKE_PREFIX_PATH=${CMAKE_PREFIX_PATH}:/workspace/towen/install/strategy:/workspace/towen/install/rosidl_cli:/workspace/towen/install/opencv_tests:/workspace/towen/install/motionpackage:/workspace/towen/install/imageprocess:/opt/ros/humble /usr/local/bin/cmake --install /workspace/towen/build/zed_components
[4.053s] -- Install configuration: "Release"
[4.057s] -- Up-to-date: /workspace/towen/install/zed_components/lib/libzed_camera_component.so
[4.064s] -- Up-to-date: /workspace/towen/install/zed_components/lib/libzed_camera_one_component.so
[4.066s] -- Up-to-date: /workspace/towen/install/zed_components/include/zed_components/
[4.068s] -- Up-to-date: /workspace/towen/install/zed_components/include/zed_components//sl_types.hpp
[4.069s] -- Up-to-date: /workspace/towen/install/zed_components/include/zed_components//cost_traversability.hpp
[4.071s] -- Up-to-date: /workspace/towen/install/zed_components/include/zed_components//zed_camera_one_component.hpp
[4.073s] -- Up-to-date: /workspace/towen/install/zed_components/include/zed_components//zed_camera_component.hpp
[4.074s] -- Up-to-date: /workspace/towen/install/zed_components/include/zed_components/
[4.076s] -- Up-to-date: /workspace/towen/install/zed_components/include/zed_components//sl_tools.hpp
[4.077s] -- Up-to-date: /workspace/towen/install/zed_components/include/zed_components//gnss_replay.hpp
[4.078s] -- Up-to-date: /workspace/towen/install/zed_components/include/zed_components//sl_win_avg.hpp
[4.079s] -- Up-to-date: /workspace/towen/install/zed_components/include/zed_components//json.hpp
[4.080s] -- Up-to-date: /workspace/towen/install/zed_components/include/zed_components//sl_logging.hpp
[4.084s] -- Up-to-date: /workspace/towen/install/zed_components/include/zed_components/
[4.087s] -- Up-to-date: /workspace/towen/install/zed_components/include/zed_components//visibility_control.hpp
[4.087s] -- Up-to-date: /workspace/towen/install/zed_components/share/zed_components/environment/library_path.sh
[4.087s] -- Up-to-date: /workspace/towen/install/zed_components/share/zed_components/environment/library_path.dsv
[4.087s] -- Up-to-date: /workspace/towen/install/zed_components/share/ament_index/resource_index/package_run_dependencies/zed_components
[4.087s] -- Up-to-date: /workspace/towen/install/zed_components/share/ament_index/resource_index/parent_prefix_path/zed_components
[4.088s] -- Up-to-date: /workspace/towen/install/zed_components/share/zed_components/environment/ament_prefix_path.sh
[4.088s] -- Up-to-date: /workspace/towen/install/zed_components/share/zed_components/environment/ament_prefix_path.dsv
[4.088s] -- Up-to-date: /workspace/towen/install/zed_components/share/zed_components/environment/path.sh
[4.088s] -- Up-to-date: /workspace/towen/install/zed_components/share/zed_components/environment/path.dsv
[4.088s] -- Up-to-date: /workspace/towen/install/zed_components/share/zed_components/local_setup.bash
[4.088s] -- Up-to-date: /workspace/towen/install/zed_components/share/zed_components/local_setup.sh
[4.088s] -- Up-to-date: /workspace/towen/install/zed_components/share/zed_components/local_setup.zsh
[4.089s] -- Up-to-date: /workspace/towen/install/zed_components/share/zed_components/local_setup.dsv
[4.089s] -- Installing: /workspace/towen/install/zed_components/share/zed_components/package.dsv
[4.089s] -- Up-to-date: /workspace/towen/install/zed_components/share/ament_index/resource_index/packages/zed_components
[4.089s] -- Up-to-date: /workspace/towen/install/zed_components/share/ament_index/resource_index/rclcpp_components/zed_components
[4.089s] -- Up-to-date: /workspace/towen/install/zed_components/share/zed_components/cmake/ament_cmake_export_include_directories-extras.cmake
[4.089s] -- Up-to-date: /workspace/towen/install/zed_components/share/zed_components/cmake/ament_cmake_export_libraries-extras.cmake
[4.090s] -- Up-to-date: /workspace/towen/install/zed_components/share/zed_components/cmake/ament_cmake_export_dependencies-extras.cmake
[4.090s] -- Up-to-date: /workspace/towen/install/zed_components/share/zed_components/cmake/zed_componentsConfig.cmake
[4.090s] -- Up-to-date: /workspace/towen/install/zed_components/share/zed_components/cmake/zed_componentsConfig-version.cmake
[4.090s] -- Up-to-date: /workspace/towen/install/zed_components/share/zed_components/package.xml
[4.133s] Invoked command in '/workspace/towen/build/zed_components' returned '0': BYOBU_DATE=%Y-%m-%d CMAKE_PREFIX_PATH=${CMAKE_PREFIX_PATH}:/workspace/towen/install/strategy:/workspace/towen/install/rosidl_cli:/workspace/towen/install/opencv_tests:/workspace/towen/install/motionpackage:/workspace/towen/install/imageprocess:/opt/ros/humble /usr/local/bin/cmake --install /workspace/towen/build/zed_components
