[2.833s] Invoking command in '/workspace/towen/src/rosidl/rosidl_cli': PYTHONPATH=/workspace/towen/build/rosidl_cli/prefix_override:/usr/lib/python3/dist-packages/colcon_core/task/python/colcon_distutils_commands:/workspace/towen/install/rosidl_cli/lib/python3.10/site-packages:${PYTHONPATH} /usr/bin/python3 -W ignore:setup.py install is deprecated setup.py egg_info --egg-base ../../../build/rosidl_cli build --build-base /workspace/towen/build/rosidl_cli/build install --record /workspace/towen/build/rosidl_cli/install.log --single-version-externally-managed install_data
[3.650s] running egg_info
[3.695s] writing ../../../build/rosidl_cli/rosidl_cli.egg-info/PKG-INFO
[3.698s] writing dependency_links to ../../../build/rosidl_cli/rosidl_cli.egg-info/dependency_links.txt
[3.699s] writing entry points to ../../../build/rosidl_cli/rosidl_cli.egg-info/entry_points.txt
[3.701s] writing requirements to ../../../build/rosidl_cli/rosidl_cli.egg-info/requires.txt
[3.702s] writing top-level names to ../../../build/rosidl_cli/rosidl_cli.egg-info/top_level.txt
[3.810s] reading manifest file '../../../build/rosidl_cli/rosidl_cli.egg-info/SOURCES.txt'
[3.814s] writing manifest file '../../../build/rosidl_cli/rosidl_cli.egg-info/SOURCES.txt'
[3.815s] running build
[3.815s] running build_py
[3.818s] copying rosidl_cli/entry_points.py -> /workspace/towen/build/rosidl_cli/build/lib/rosidl_cli
[3.818s] copying rosidl_cli/extensions.py -> /workspace/towen/build/rosidl_cli/build/lib/rosidl_cli
[3.818s] copying rosidl_cli/__init__.py -> /workspace/towen/build/rosidl_cli/build/lib/rosidl_cli
[3.818s] copying rosidl_cli/cli.py -> /workspace/towen/build/rosidl_cli/build/lib/rosidl_cli
[3.819s] copying rosidl_cli/common.py -> /workspace/towen/build/rosidl_cli/build/lib/rosidl_cli
[3.819s] copying rosidl_cli/command/__init__.py -> /workspace/towen/build/rosidl_cli/build/lib/rosidl_cli/command
[3.819s] copying rosidl_cli/command/helpers.py -> /workspace/towen/build/rosidl_cli/build/lib/rosidl_cli/command
[3.819s] copying rosidl_cli/command/translate/extensions.py -> /workspace/towen/build/rosidl_cli/build/lib/rosidl_cli/command/translate
[3.820s] copying rosidl_cli/command/translate/__init__.py -> /workspace/towen/build/rosidl_cli/build/lib/rosidl_cli/command/translate
[3.820s] copying rosidl_cli/command/translate/api.py -> /workspace/towen/build/rosidl_cli/build/lib/rosidl_cli/command/translate
[3.821s] copying rosidl_cli/command/generate/extensions.py -> /workspace/towen/build/rosidl_cli/build/lib/rosidl_cli/command/generate
[3.821s] copying rosidl_cli/command/generate/__init__.py -> /workspace/towen/build/rosidl_cli/build/lib/rosidl_cli/command/generate
[3.822s] copying rosidl_cli/command/generate/api.py -> /workspace/towen/build/rosidl_cli/build/lib/rosidl_cli/command/generate
[3.823s] running install
[3.834s] running install_lib
[3.883s] running install_data
[3.884s] copying resource/rosidl_cli -> /workspace/towen/install/rosidl_cli/share/ament_index/resource_index/packages
[3.884s] copying package.xml -> /workspace/towen/install/rosidl_cli/share/rosidl_cli
[3.885s] copying completion/rosidl-argcomplete.bash -> /workspace/towen/install/rosidl_cli/share/rosidl_cli/environment
[3.886s] copying completion/rosidl-argcomplete.zsh -> /workspace/towen/install/rosidl_cli/share/rosidl_cli/environment
[3.886s] running install_egg_info
[3.935s] removing '/workspace/towen/install/rosidl_cli/lib/python3.10/site-packages/rosidl_cli-3.1.7-py3.10.egg-info' (and everything under it)
[3.936s] Copying ../../../build/rosidl_cli/rosidl_cli.egg-info to /workspace/towen/install/rosidl_cli/lib/python3.10/site-packages/rosidl_cli-3.1.7-py3.10.egg-info
[3.938s] running install_scripts
[4.341s] Installing rosidl script to /workspace/towen/install/rosidl_cli/bin
[4.342s] writing list of installed files to '/workspace/towen/build/rosidl_cli/install.log'
[4.910s] Invoked command in '/workspace/towen/src/rosidl/rosidl_cli' returned '0': PYTHONPATH=/workspace/towen/build/rosidl_cli/prefix_override:/usr/lib/python3/dist-packages/colcon_core/task/python/colcon_distutils_commands:/workspace/towen/install/rosidl_cli/lib/python3.10/site-packages:${PYTHONPATH} /usr/bin/python3 -W ignore:setup.py install is deprecated setup.py egg_info --egg-base ../../../build/rosidl_cli build --build-base /workspace/towen/build/rosidl_cli/build install --record /workspace/towen/build/rosidl_cli/install.log --single-version-externally-managed install_data
