[0.074s] Invoking command in '/workspace/towen/build/rosidl_generator_cpp': AMENT_PREFIX_PATH=/workspace/towen/install/rosidl_generator_c:/workspace/towen/install/rosidl_cmake:/workspace/towen/install/rosidl_runtime_cpp:/workspace/towen/install/rosidl_parser:/workspace/towen/install/rosidl_runtime_c:/workspace/towen/install/rosidl_adapter:/workspace/towen/install/rosidl_typesupport_interface:/workspace/towen/install/rosidl_cli:${AMENT_PREFIX_PATH} BYOBU_DATE=%Y-%m-%d CMAKE_PREFIX_PATH=/workspace/towen/install/rosidl_generator_c:/workspace/towen/install/rosidl_cmake:/workspace/towen/install/rosidl_runtime_cpp:/workspace/towen/install/rosidl_parser:/workspace/towen/install/rosidl_runtime_c:/workspace/towen/install/rosidl_adapter:/workspace/towen/install/rosidl_typesupport_interface:/opt/ros/humble LD_LIBRARY_PATH=/workspace/towen/install/rosidl_runtime_c/lib:/opt/ros/humble/opt/rviz_ogre_vendor/lib:/opt/ros/humble/lib/aarch64-linux-gnu:/opt/ros/humble/lib:/usr/local/cuda/compat:/usr/local/cuda/lib64 PATH=/workspace/towen/install/rosidl_cli/bin:${PATH} PYTHONPATH=/workspace/towen/install/rosidl_generator_c/local/lib/python3.10/dist-packages:/workspace/towen/install/rosidl_cmake/local/lib/python3.10/dist-packages:/workspace/towen/install/rosidl_parser/local/lib/python3.10/dist-packages:/workspace/towen/install/rosidl_adapter/local/lib/python3.10/dist-packages:/workspace/towen/install/rosidl_cli/lib/python3.10/site-packages:${PYTHONPATH} /usr/local/bin/cmake --build /workspace/towen/build/rosidl_generator_cpp -- -j6 -l6
[0.347s] [  0%] Built target ament_cmake_python_copy_rosidl_generator_cpp_setup
[0.364s] [  5%] Built target rosidl_generator_cpp__cpp
[0.370s] [ 15%] Built target gtest_main
[0.388s] [ 15%] Built target ament_cmake_python_copy_rosidl_generator_cpp
[0.398s] [ 26%] Built target gtest
[0.398s] [ 26%] Built target rosidl_generator_cpp
[0.460s] [ 31%] [32m[1mLinking CXX executable test_srv_initialization[0m
[0.463s] [ 36%] [32m[1mLinking CXX executable test_msg_builder[0m
[0.474s] [ 42%] [32m[1mLinking CXX executable test_msg_datatype[0m
[0.491s] [ 47%] [32m[1mLinking CXX executable test_msg_initialization[0m
[0.499s] [ 52%] [32m[1mLinking CXX executable test_interfaces_cpp[0m
[1.231s] [ 57%] Built target test_srv_initialization
[1.250s] [ 63%] Built target test_msg_datatype
[1.271s] [ 68%] Built target test_msg_initialization
[1.350s] [ 73%] [32m[1mLinking CXX executable test_name[0m
[1.356s] [ 78%] Built target test_msg_builder
[1.370s] [ 84%] [32m[1mLinking CXX executable test_traits[0m
[1.425s] running egg_info
[1.501s] writing rosidl_generator_cpp.egg-info/PKG-INFO
[1.514s] writing dependency_links to rosidl_generator_cpp.egg-info/dependency_links.txt
[1.514s] writing entry points to rosidl_generator_cpp.egg-info/entry_points.txt
[1.519s] writing top-level names to rosidl_generator_cpp.egg-info/top_level.txt
[1.564s] [ 89%] Built target test_interfaces_cpp
[1.792s] reading manifest file 'rosidl_generator_cpp.egg-info/SOURCES.txt'
[1.792s] writing manifest file 'rosidl_generator_cpp.egg-info/SOURCES.txt'
[1.885s] [ 89%] Built target ament_cmake_python_build_rosidl_generator_cpp_egg
[1.928s] [ 94%] Built target test_name
[2.008s] [100%] Built target test_traits
[2.069s] Invoked command in '/workspace/towen/build/rosidl_generator_cpp' returned '0': AMENT_PREFIX_PATH=/workspace/towen/install/rosidl_generator_c:/workspace/towen/install/rosidl_cmake:/workspace/towen/install/rosidl_runtime_cpp:/workspace/towen/install/rosidl_parser:/workspace/towen/install/rosidl_runtime_c:/workspace/towen/install/rosidl_adapter:/workspace/towen/install/rosidl_typesupport_interface:/workspace/towen/install/rosidl_cli:${AMENT_PREFIX_PATH} BYOBU_DATE=%Y-%m-%d CMAKE_PREFIX_PATH=/workspace/towen/install/rosidl_generator_c:/workspace/towen/install/rosidl_cmake:/workspace/towen/install/rosidl_runtime_cpp:/workspace/towen/install/rosidl_parser:/workspace/towen/install/rosidl_runtime_c:/workspace/towen/install/rosidl_adapter:/workspace/towen/install/rosidl_typesupport_interface:/opt/ros/humble LD_LIBRARY_PATH=/workspace/towen/install/rosidl_runtime_c/lib:/opt/ros/humble/opt/rviz_ogre_vendor/lib:/opt/ros/humble/lib/aarch64-linux-gnu:/opt/ros/humble/lib:/usr/local/cuda/compat:/usr/local/cuda/lib64 PATH=/workspace/towen/install/rosidl_cli/bin:${PATH} PYTHONPATH=/workspace/towen/install/rosidl_generator_c/local/lib/python3.10/dist-packages:/workspace/towen/install/rosidl_cmake/local/lib/python3.10/dist-packages:/workspace/towen/install/rosidl_parser/local/lib/python3.10/dist-packages:/workspace/towen/install/rosidl_adapter/local/lib/python3.10/dist-packages:/workspace/towen/install/rosidl_cli/lib/python3.10/site-packages:${PYTHONPATH} /usr/local/bin/cmake --build /workspace/towen/build/rosidl_generator_cpp -- -j6 -l6
[2.460s] Invoking command in '/workspace/towen/build/rosidl_generator_cpp': AMENT_PREFIX_PATH=/workspace/towen/install/rosidl_generator_c:/workspace/towen/install/rosidl_cmake:/workspace/towen/install/rosidl_runtime_cpp:/workspace/towen/install/rosidl_parser:/workspace/towen/install/rosidl_runtime_c:/workspace/towen/install/rosidl_adapter:/workspace/towen/install/rosidl_typesupport_interface:/workspace/towen/install/rosidl_cli:${AMENT_PREFIX_PATH} BYOBU_DATE=%Y-%m-%d CMAKE_PREFIX_PATH=/workspace/towen/install/rosidl_generator_c:/workspace/towen/install/rosidl_cmake:/workspace/towen/install/rosidl_runtime_cpp:/workspace/towen/install/rosidl_parser:/workspace/towen/install/rosidl_runtime_c:/workspace/towen/install/rosidl_adapter:/workspace/towen/install/rosidl_typesupport_interface:/opt/ros/humble LD_LIBRARY_PATH=/workspace/towen/install/rosidl_runtime_c/lib:/opt/ros/humble/opt/rviz_ogre_vendor/lib:/opt/ros/humble/lib/aarch64-linux-gnu:/opt/ros/humble/lib:/usr/local/cuda/compat:/usr/local/cuda/lib64 PATH=/workspace/towen/install/rosidl_cli/bin:${PATH} PYTHONPATH=/workspace/towen/install/rosidl_generator_c/local/lib/python3.10/dist-packages:/workspace/towen/install/rosidl_cmake/local/lib/python3.10/dist-packages:/workspace/towen/install/rosidl_parser/local/lib/python3.10/dist-packages:/workspace/towen/install/rosidl_adapter/local/lib/python3.10/dist-packages:/workspace/towen/install/rosidl_cli/lib/python3.10/site-packages:${PYTHONPATH} /usr/local/bin/cmake --install /workspace/towen/build/rosidl_generator_cpp
[2.621s] -- Install configuration: ""
[2.621s] -- Up-to-date: /workspace/towen/install/rosidl_generator_cpp/share/ament_index/resource_index/rosidl_generator_packages/rosidl_generator_cpp
[2.625s] -- Up-to-date: /workspace/towen/install/rosidl_generator_cpp/share/rosidl_generator_cpp/environment/pythonpath.sh
[2.626s] -- Up-to-date: /workspace/towen/install/rosidl_generator_cpp/share/rosidl_generator_cpp/environment/pythonpath.dsv
[2.626s] -- Up-to-date: /workspace/towen/install/rosidl_generator_cpp/local/lib/python3.10/dist-packages/rosidl_generator_cpp-3.1.7-py3.10.egg-info
[2.626s] -- Installing: /workspace/towen/install/rosidl_generator_cpp/local/lib/python3.10/dist-packages/rosidl_generator_cpp-3.1.7-py3.10.egg-info/PKG-INFO
[2.626s] -- Installing: /workspace/towen/install/rosidl_generator_cpp/local/lib/python3.10/dist-packages/rosidl_generator_cpp-3.1.7-py3.10.egg-info/entry_points.txt
[2.626s] -- Installing: /workspace/towen/install/rosidl_generator_cpp/local/lib/python3.10/dist-packages/rosidl_generator_cpp-3.1.7-py3.10.egg-info/top_level.txt
[2.626s] -- Installing: /workspace/towen/install/rosidl_generator_cpp/local/lib/python3.10/dist-packages/rosidl_generator_cpp-3.1.7-py3.10.egg-info/SOURCES.txt
[2.627s] -- Installing: /workspace/towen/install/rosidl_generator_cpp/local/lib/python3.10/dist-packages/rosidl_generator_cpp-3.1.7-py3.10.egg-info/dependency_links.txt
[2.627s] -- Up-to-date: /workspace/towen/install/rosidl_generator_cpp/local/lib/python3.10/dist-packages/rosidl_generator_cpp
[2.627s] -- Up-to-date: /workspace/towen/install/rosidl_generator_cpp/local/lib/python3.10/dist-packages/rosidl_generator_cpp/__init__.py
[2.627s] -- Up-to-date: /workspace/towen/install/rosidl_generator_cpp/local/lib/python3.10/dist-packages/rosidl_generator_cpp/cli.py
[2.697s] Listing '/workspace/towen/install/rosidl_generator_cpp/local/lib/python3.10/dist-packages/rosidl_generator_cpp'...
[2.709s] -- Up-to-date: /workspace/towen/install/rosidl_generator_cpp/share/ament_index/resource_index/package_run_dependencies/rosidl_generator_cpp
[2.710s] -- Up-to-date: /workspace/towen/install/rosidl_generator_cpp/share/ament_index/resource_index/parent_prefix_path/rosidl_generator_cpp
[2.710s] -- Up-to-date: /workspace/towen/install/rosidl_generator_cpp/share/rosidl_generator_cpp/environment/ament_prefix_path.sh
[2.710s] -- Up-to-date: /workspace/towen/install/rosidl_generator_cpp/share/rosidl_generator_cpp/environment/ament_prefix_path.dsv
[2.710s] -- Up-to-date: /workspace/towen/install/rosidl_generator_cpp/share/rosidl_generator_cpp/environment/path.sh
[2.711s] -- Up-to-date: /workspace/towen/install/rosidl_generator_cpp/share/rosidl_generator_cpp/environment/path.dsv
[2.711s] -- Up-to-date: /workspace/towen/install/rosidl_generator_cpp/share/rosidl_generator_cpp/local_setup.bash
[2.711s] -- Up-to-date: /workspace/towen/install/rosidl_generator_cpp/share/rosidl_generator_cpp/local_setup.sh
[2.711s] -- Up-to-date: /workspace/towen/install/rosidl_generator_cpp/share/rosidl_generator_cpp/local_setup.zsh
[2.711s] -- Up-to-date: /workspace/towen/install/rosidl_generator_cpp/share/rosidl_generator_cpp/local_setup.dsv
[2.712s] -- Installing: /workspace/towen/install/rosidl_generator_cpp/share/rosidl_generator_cpp/package.dsv
[2.712s] -- Up-to-date: /workspace/towen/install/rosidl_generator_cpp/share/ament_index/resource_index/packages/rosidl_generator_cpp
[2.712s] -- Up-to-date: /workspace/towen/install/rosidl_generator_cpp/share/rosidl_generator_cpp/cmake/rosidl_generator_cpp-extras.cmake
[2.713s] -- Up-to-date: /workspace/towen/install/rosidl_generator_cpp/share/rosidl_generator_cpp/cmake/ament_cmake_export_dependencies-extras.cmake
[2.713s] -- Up-to-date: /workspace/towen/install/rosidl_generator_cpp/share/rosidl_generator_cpp/cmake/rosidl_cmake-extras.cmake
[2.713s] -- Up-to-date: /workspace/towen/install/rosidl_generator_cpp/share/rosidl_generator_cpp/cmake/rosidl_generator_cppConfig.cmake
[2.713s] -- Up-to-date: /workspace/towen/install/rosidl_generator_cpp/share/rosidl_generator_cpp/cmake/rosidl_generator_cppConfig-version.cmake
[2.713s] -- Up-to-date: /workspace/towen/install/rosidl_generator_cpp/share/rosidl_generator_cpp/package.xml
[2.713s] -- Up-to-date: /workspace/towen/install/rosidl_generator_cpp/lib/rosidl_generator_cpp/rosidl_generator_cpp
[2.713s] -- Up-to-date: /workspace/towen/install/rosidl_generator_cpp/share/rosidl_generator_cpp/cmake
[2.714s] -- Up-to-date: /workspace/towen/install/rosidl_generator_cpp/share/rosidl_generator_cpp/cmake/rosidl_generator_cpp_generate_interfaces.cmake
[2.714s] -- Up-to-date: /workspace/towen/install/rosidl_generator_cpp/share/rosidl_generator_cpp/cmake/register_cpp.cmake
[2.714s] -- Up-to-date: /workspace/towen/install/rosidl_generator_cpp/share/rosidl_generator_cpp/resource
[2.714s] -- Up-to-date: /workspace/towen/install/rosidl_generator_cpp/share/rosidl_generator_cpp/resource/idl.hpp.em
[2.714s] -- Up-to-date: /workspace/towen/install/rosidl_generator_cpp/share/rosidl_generator_cpp/resource/msg__type_support.hpp.em
[2.714s] -- Up-to-date: /workspace/towen/install/rosidl_generator_cpp/share/rosidl_generator_cpp/resource/action__struct.hpp.em
[2.714s] -- Up-to-date: /workspace/towen/install/rosidl_generator_cpp/share/rosidl_generator_cpp/resource/action__traits.hpp.em
[2.714s] -- Up-to-date: /workspace/towen/install/rosidl_generator_cpp/share/rosidl_generator_cpp/resource/idl__struct.hpp.em
[2.715s] -- Up-to-date: /workspace/towen/install/rosidl_generator_cpp/share/rosidl_generator_cpp/resource/rosidl_generator_cpp__visibility_control.hpp.in
[2.715s] -- Up-to-date: /workspace/towen/install/rosidl_generator_cpp/share/rosidl_generator_cpp/resource/msg__builder.hpp.em
[2.715s] -- Up-to-date: /workspace/towen/install/rosidl_generator_cpp/share/rosidl_generator_cpp/resource/action__builder.hpp.em
[2.715s] -- Up-to-date: /workspace/towen/install/rosidl_generator_cpp/share/rosidl_generator_cpp/resource/idl__traits.hpp.em
[2.715s] -- Up-to-date: /workspace/towen/install/rosidl_generator_cpp/share/rosidl_generator_cpp/resource/action__type_support.hpp.em
[2.715s] -- Up-to-date: /workspace/towen/install/rosidl_generator_cpp/share/rosidl_generator_cpp/resource/srv__type_support.hpp.em
[2.715s] -- Up-to-date: /workspace/towen/install/rosidl_generator_cpp/share/rosidl_generator_cpp/resource/idl__type_support.hpp.em
[2.715s] -- Up-to-date: /workspace/towen/install/rosidl_generator_cpp/share/rosidl_generator_cpp/resource/msg__traits.hpp.em
[2.716s] -- Up-to-date: /workspace/towen/install/rosidl_generator_cpp/share/rosidl_generator_cpp/resource/srv__struct.hpp.em
[2.716s] -- Up-to-date: /workspace/towen/install/rosidl_generator_cpp/share/rosidl_generator_cpp/resource/idl__builder.hpp.em
[2.716s] -- Up-to-date: /workspace/towen/install/rosidl_generator_cpp/share/rosidl_generator_cpp/resource/srv__builder.hpp.em
[2.716s] -- Up-to-date: /workspace/towen/install/rosidl_generator_cpp/share/rosidl_generator_cpp/resource/msg__struct.hpp.em
[2.716s] -- Up-to-date: /workspace/towen/install/rosidl_generator_cpp/share/rosidl_generator_cpp/resource/srv__traits.hpp.em
[2.747s] Invoked command in '/workspace/towen/build/rosidl_generator_cpp' returned '0': AMENT_PREFIX_PATH=/workspace/towen/install/rosidl_generator_c:/workspace/towen/install/rosidl_cmake:/workspace/towen/install/rosidl_runtime_cpp:/workspace/towen/install/rosidl_parser:/workspace/towen/install/rosidl_runtime_c:/workspace/towen/install/rosidl_adapter:/workspace/towen/install/rosidl_typesupport_interface:/workspace/towen/install/rosidl_cli:${AMENT_PREFIX_PATH} BYOBU_DATE=%Y-%m-%d CMAKE_PREFIX_PATH=/workspace/towen/install/rosidl_generator_c:/workspace/towen/install/rosidl_cmake:/workspace/towen/install/rosidl_runtime_cpp:/workspace/towen/install/rosidl_parser:/workspace/towen/install/rosidl_runtime_c:/workspace/towen/install/rosidl_adapter:/workspace/towen/install/rosidl_typesupport_interface:/opt/ros/humble LD_LIBRARY_PATH=/workspace/towen/install/rosidl_runtime_c/lib:/opt/ros/humble/opt/rviz_ogre_vendor/lib:/opt/ros/humble/lib/aarch64-linux-gnu:/opt/ros/humble/lib:/usr/local/cuda/compat:/usr/local/cuda/lib64 PATH=/workspace/towen/install/rosidl_cli/bin:${PATH} PYTHONPATH=/workspace/towen/install/rosidl_generator_c/local/lib/python3.10/dist-packages:/workspace/towen/install/rosidl_cmake/local/lib/python3.10/dist-packages:/workspace/towen/install/rosidl_parser/local/lib/python3.10/dist-packages:/workspace/towen/install/rosidl_adapter/local/lib/python3.10/dist-packages:/workspace/towen/install/rosidl_cli/lib/python3.10/site-packages:${PYTHONPATH} /usr/local/bin/cmake --install /workspace/towen/build/rosidl_generator_cpp
