[0.062s] Invoking command in '/workspace/towen/build/rosidl_parser': AMENT_PREFIX_PATH=/workspace/towen/install/rosidl_adapter:/workspace/towen/install/rosidl_cli:${AMENT_PREFIX_PATH} BYOBU_DATE=%Y-%m-%d CMAKE_PREFIX_PATH=/workspace/towen/install/rosidl_adapter:/workspace/towen/install/image_geometry:/workspace/towen/install/web_video_server:/workspace/towen/install/cv_bridge:/opt/ros/humble/install:/workspace/towen/install/strategy:/workspace/towen/install/motionpackage:/workspace/towen/install/imageprocess:/opt/ros/humble PATH=/workspace/towen/install/rosidl_cli/bin:${PATH} PYTHONPATH=/workspace/towen/install/rosidl_adapter/local/lib/python3.10/dist-packages:/workspace/towen/install/rosidl_cli/lib/python3.10/site-packages:${PYTHONPATH} /usr/local/bin/cmake /workspace/towen/src/rosidl/rosidl_parser -DCMAKE_INSTALL_PREFIX=/workspace/towen/install/rosidl_parser
[0.286s] -- Found ament_cmake: 1.3.10 (/opt/ros/humble/install/share/ament_cmake/cmake)
[0.660s] -- Found Python3: /usr/local/bin/python3 (found version "3.10.12") found components: Interpreter
[1.218s] -- Found ament_lint_auto: 0.12.11 (/opt/ros/humble/install/share/ament_lint_auto/cmake)
[1.485s] -- Added test 'copyright' to check source files copyright and LICENSE
[1.495s] -- Added test 'flake8' to check Python code syntax and style conventions
[1.496s] -- Added test 'lint_cmake' to check CMake code style
[1.498s] -- Added test 'pep257' to check Python code against some of the docstring style conventions in PEP 257
[1.503s] -- Added test 'xmllint' to check XML markup files
[2.439s] -- Configuring done (2.2s)
[2.457s] -- Generating done (0.0s)
[2.457s] -- Build files have been written to: /workspace/towen/build/rosidl_parser
[2.499s] Invoked command in '/workspace/towen/build/rosidl_parser' returned '0': AMENT_PREFIX_PATH=/workspace/towen/install/rosidl_adapter:/workspace/towen/install/rosidl_cli:${AMENT_PREFIX_PATH} BYOBU_DATE=%Y-%m-%d CMAKE_PREFIX_PATH=/workspace/towen/install/rosidl_adapter:/workspace/towen/install/image_geometry:/workspace/towen/install/web_video_server:/workspace/towen/install/cv_bridge:/opt/ros/humble/install:/workspace/towen/install/strategy:/workspace/towen/install/motionpackage:/workspace/towen/install/imageprocess:/opt/ros/humble PATH=/workspace/towen/install/rosidl_cli/bin:${PATH} PYTHONPATH=/workspace/towen/install/rosidl_adapter/local/lib/python3.10/dist-packages:/workspace/towen/install/rosidl_cli/lib/python3.10/site-packages:${PYTHONPATH} /usr/local/bin/cmake /workspace/towen/src/rosidl/rosidl_parser -DCMAKE_INSTALL_PREFIX=/workspace/towen/install/rosidl_parser
[2.503s] Invoking command in '/workspace/towen/build/rosidl_parser': AMENT_PREFIX_PATH=/workspace/towen/install/rosidl_adapter:/workspace/towen/install/rosidl_cli:${AMENT_PREFIX_PATH} BYOBU_DATE=%Y-%m-%d CMAKE_PREFIX_PATH=/workspace/towen/install/rosidl_adapter:/workspace/towen/install/image_geometry:/workspace/towen/install/web_video_server:/workspace/towen/install/cv_bridge:/opt/ros/humble/install:/workspace/towen/install/strategy:/workspace/towen/install/motionpackage:/workspace/towen/install/imageprocess:/opt/ros/humble PATH=/workspace/towen/install/rosidl_cli/bin:${PATH} PYTHONPATH=/workspace/towen/install/rosidl_adapter/local/lib/python3.10/dist-packages:/workspace/towen/install/rosidl_cli/lib/python3.10/site-packages:${PYTHONPATH} /usr/local/bin/cmake --build /workspace/towen/build/rosidl_parser -- -j6 -l6
[2.765s] Built target ament_cmake_python_copy_rosidl_parser
[3.357s] running egg_info
[3.407s] creating rosidl_parser.egg-info
[3.408s] writing rosidl_parser.egg-info/PKG-INFO
[3.409s] writing dependency_links to rosidl_parser.egg-info/dependency_links.txt
[3.410s] writing top-level names to rosidl_parser.egg-info/top_level.txt
[3.411s] writing manifest file 'rosidl_parser.egg-info/SOURCES.txt'
[3.562s] reading manifest file 'rosidl_parser.egg-info/SOURCES.txt'
[3.564s] writing manifest file 'rosidl_parser.egg-info/SOURCES.txt'
[3.689s] Built target ament_cmake_python_build_rosidl_parser_egg
[3.766s] Invoked command in '/workspace/towen/build/rosidl_parser' returned '0': AMENT_PREFIX_PATH=/workspace/towen/install/rosidl_adapter:/workspace/towen/install/rosidl_cli:${AMENT_PREFIX_PATH} BYOBU_DATE=%Y-%m-%d CMAKE_PREFIX_PATH=/workspace/towen/install/rosidl_adapter:/workspace/towen/install/image_geometry:/workspace/towen/install/web_video_server:/workspace/towen/install/cv_bridge:/opt/ros/humble/install:/workspace/towen/install/strategy:/workspace/towen/install/motionpackage:/workspace/towen/install/imageprocess:/opt/ros/humble PATH=/workspace/towen/install/rosidl_cli/bin:${PATH} PYTHONPATH=/workspace/towen/install/rosidl_adapter/local/lib/python3.10/dist-packages:/workspace/towen/install/rosidl_cli/lib/python3.10/site-packages:${PYTHONPATH} /usr/local/bin/cmake --build /workspace/towen/build/rosidl_parser -- -j6 -l6
[4.200s] Invoking command in '/workspace/towen/build/rosidl_parser': AMENT_PREFIX_PATH=/workspace/towen/install/rosidl_adapter:/workspace/towen/install/rosidl_cli:${AMENT_PREFIX_PATH} BYOBU_DATE=%Y-%m-%d CMAKE_PREFIX_PATH=/workspace/towen/install/rosidl_adapter:/workspace/towen/install/image_geometry:/workspace/towen/install/web_video_server:/workspace/towen/install/cv_bridge:/opt/ros/humble/install:/workspace/towen/install/strategy:/workspace/towen/install/motionpackage:/workspace/towen/install/imageprocess:/opt/ros/humble PATH=/workspace/towen/install/rosidl_cli/bin:${PATH} PYTHONPATH=/workspace/towen/install/rosidl_adapter/local/lib/python3.10/dist-packages:/workspace/towen/install/rosidl_cli/lib/python3.10/site-packages:${PYTHONPATH} /usr/local/bin/cmake --install /workspace/towen/build/rosidl_parser
[4.497s] -- Install configuration: ""
[4.499s] -- Installing: /workspace/towen/install/rosidl_parser/share/rosidl_parser/environment/pythonpath.sh
[4.500s] -- Installing: /workspace/towen/install/rosidl_parser/share/rosidl_parser/environment/pythonpath.dsv
[4.501s] -- Installing: /workspace/towen/install/rosidl_parser/local/lib/python3.10/dist-packages/rosidl_parser-3.1.7-py3.10.egg-info
[4.502s] -- Installing: /workspace/towen/install/rosidl_parser/local/lib/python3.10/dist-packages/rosidl_parser-3.1.7-py3.10.egg-info/PKG-INFO
[4.502s] -- Installing: /workspace/towen/install/rosidl_parser/local/lib/python3.10/dist-packages/rosidl_parser-3.1.7-py3.10.egg-info/top_level.txt
[4.502s] -- Installing: /workspace/towen/install/rosidl_parser/local/lib/python3.10/dist-packages/rosidl_parser-3.1.7-py3.10.egg-info/SOURCES.txt
[4.502s] -- Installing: /workspace/towen/install/rosidl_parser/local/lib/python3.10/dist-packages/rosidl_parser-3.1.7-py3.10.egg-info/dependency_links.txt
[4.502s] -- Installing: /workspace/towen/install/rosidl_parser/local/lib/python3.10/dist-packages/rosidl_parser
[4.502s] -- Installing: /workspace/towen/install/rosidl_parser/local/lib/python3.10/dist-packages/rosidl_parser/parser.py
[4.503s] -- Installing: /workspace/towen/install/rosidl_parser/local/lib/python3.10/dist-packages/rosidl_parser/__init__.py
[4.503s] -- Installing: /workspace/towen/install/rosidl_parser/local/lib/python3.10/dist-packages/rosidl_parser/definition.py
[4.503s] -- Installing: /workspace/towen/install/rosidl_parser/local/lib/python3.10/dist-packages/rosidl_parser/grammar.lark
[4.609s] Listing '/workspace/towen/install/rosidl_parser/local/lib/python3.10/dist-packages/rosidl_parser'...
[4.610s] Compiling '/workspace/towen/install/rosidl_parser/local/lib/python3.10/dist-packages/rosidl_parser/__init__.py'...
[4.615s] Compiling '/workspace/towen/install/rosidl_parser/local/lib/python3.10/dist-packages/rosidl_parser/definition.py'...
[4.619s] Compiling '/workspace/towen/install/rosidl_parser/local/lib/python3.10/dist-packages/rosidl_parser/parser.py'...
[4.643s] -- Installing: /workspace/towen/install/rosidl_parser/share/ament_index/resource_index/package_run_dependencies/rosidl_parser
[4.645s] -- Installing: /workspace/towen/install/rosidl_parser/share/ament_index/resource_index/parent_prefix_path/rosidl_parser
[4.647s] -- Installing: /workspace/towen/install/rosidl_parser/share/rosidl_parser/environment/ament_prefix_path.sh
[4.648s] -- Installing: /workspace/towen/install/rosidl_parser/share/rosidl_parser/environment/ament_prefix_path.dsv
[4.649s] -- Installing: /workspace/towen/install/rosidl_parser/share/rosidl_parser/environment/path.sh
[4.650s] -- Installing: /workspace/towen/install/rosidl_parser/share/rosidl_parser/environment/path.dsv
[4.651s] -- Installing: /workspace/towen/install/rosidl_parser/share/rosidl_parser/local_setup.bash
[4.653s] -- Installing: /workspace/towen/install/rosidl_parser/share/rosidl_parser/local_setup.sh
[4.654s] -- Installing: /workspace/towen/install/rosidl_parser/share/rosidl_parser/local_setup.zsh
[4.657s] -- Installing: /workspace/towen/install/rosidl_parser/share/rosidl_parser/local_setup.dsv
[4.659s] -- Installing: /workspace/towen/install/rosidl_parser/share/rosidl_parser/package.dsv
[4.662s] -- Installing: /workspace/towen/install/rosidl_parser/share/ament_index/resource_index/packages/rosidl_parser
[4.663s] -- Installing: /workspace/towen/install/rosidl_parser/share/rosidl_parser/cmake/rosidl_parserConfig.cmake
[4.665s] -- Installing: /workspace/towen/install/rosidl_parser/share/rosidl_parser/cmake/rosidl_parserConfig-version.cmake
[4.666s] -- Installing: /workspace/towen/install/rosidl_parser/share/rosidl_parser/package.xml
[4.667s] -- Installing: /workspace/towen/install/rosidl_parser/lib/rosidl_parser/idl2png
[4.699s] Invoked command in '/workspace/towen/build/rosidl_parser' returned '0': AMENT_PREFIX_PATH=/workspace/towen/install/rosidl_adapter:/workspace/towen/install/rosidl_cli:${AMENT_PREFIX_PATH} BYOBU_DATE=%Y-%m-%d CMAKE_PREFIX_PATH=/workspace/towen/install/rosidl_adapter:/workspace/towen/install/image_geometry:/workspace/towen/install/web_video_server:/workspace/towen/install/cv_bridge:/opt/ros/humble/install:/workspace/towen/install/strategy:/workspace/towen/install/motionpackage:/workspace/towen/install/imageprocess:/opt/ros/humble PATH=/workspace/towen/install/rosidl_cli/bin:${PATH} PYTHONPATH=/workspace/towen/install/rosidl_adapter/local/lib/python3.10/dist-packages:/workspace/towen/install/rosidl_cli/lib/python3.10/site-packages:${PYTHONPATH} /usr/local/bin/cmake --install /workspace/towen/build/rosidl_parser
