[0.053s] Invoking command in '/workspace/towen/build/zed_wrapper': AMENT_PREFIX_PATH=/workspace/towen/install/zed_components:${AMENT_PREFIX_PATH} BYOBU_DATE=%Y-%m-%d CMAKE_PREFIX_PATH=/workspace/towen/install/zed_components:/opt/ros/humble LD_LIBRARY_PATH=/workspace/towen/install/zed_components/lib:/opt/ros/humble/opt/rviz_ogre_vendor/lib:/opt/ros/humble/lib/aarch64-linux-gnu:/opt/ros/humble/lib:/usr/local/cuda/compat:/usr/local/cuda/lib64 /usr/local/bin/cmake --build /workspace/towen/build/zed_wrapper -- -j6 -l6
[0.340s] Invoked command in '/workspace/towen/build/zed_wrapper' returned '0': AMENT_PREFIX_PATH=/workspace/towen/install/zed_components:${AMENT_PREFIX_PATH} BYOBU_DATE=%Y-%m-%d CMAKE_PREFIX_PATH=/workspace/towen/install/zed_components:/opt/ros/humble LD_LIBRARY_PATH=/workspace/towen/install/zed_components/lib:/opt/ros/humble/opt/rviz_ogre_vendor/lib:/opt/ros/humble/lib/aarch64-linux-gnu:/opt/ros/humble/lib:/usr/local/cuda/compat:/usr/local/cuda/lib64 /usr/local/bin/cmake --build /workspace/towen/build/zed_wrapper -- -j6 -l6
[1.090s] Invoking command in '/workspace/towen/build/zed_wrapper': AMENT_PREFIX_PATH=/workspace/towen/install/zed_components:${AMENT_PREFIX_PATH} BYOBU_DATE=%Y-%m-%d CMAKE_PREFIX_PATH=/workspace/towen/install/zed_components:/opt/ros/humble LD_LIBRARY_PATH=/workspace/towen/install/zed_components/lib:/opt/ros/humble/opt/rviz_ogre_vendor/lib:/opt/ros/humble/lib/aarch64-linux-gnu:/opt/ros/humble/lib:/usr/local/cuda/compat:/usr/local/cuda/lib64 /usr/local/bin/cmake --install /workspace/towen/build/zed_wrapper
[1.560s] -- Install configuration: ""
[1.562s] -- Execute custom install script
[1.564s] -- Up-to-date symlink: /workspace/towen/install/zed_wrapper/share/zed_wrapper/config/common_mono.yaml
[1.564s] -- Up-to-date symlink: /workspace/towen/install/zed_wrapper/share/zed_wrapper/config/common_stereo.yaml
[1.565s] -- Up-to-date symlink: /workspace/towen/install/zed_wrapper/share/zed_wrapper/config/ffmpeg.yaml
[1.565s] -- Up-to-date symlink: /workspace/towen/install/zed_wrapper/share/zed_wrapper/config/virtual.yaml
[1.566s] -- Up-to-date symlink: /workspace/towen/install/zed_wrapper/share/zed_wrapper/config/zed.yaml
[1.567s] -- Up-to-date symlink: /workspace/towen/install/zed_wrapper/share/zed_wrapper/config/zed2.yaml
[1.567s] -- Up-to-date symlink: /workspace/towen/install/zed_wrapper/share/zed_wrapper/config/zed2i.yaml
[1.567s] -- Up-to-date symlink: /workspace/towen/install/zed_wrapper/share/zed_wrapper/config/zedm.yaml
[1.568s] -- Up-to-date symlink: /workspace/towen/install/zed_wrapper/share/zed_wrapper/config/zedx.yaml
[1.570s] -- Up-to-date symlink: /workspace/towen/install/zed_wrapper/share/zed_wrapper/config/zedxm.yaml
[1.570s] -- Up-to-date symlink: /workspace/towen/install/zed_wrapper/share/zed_wrapper/config/zedxone4k.yaml
[1.570s] -- Up-to-date symlink: /workspace/towen/install/zed_wrapper/share/zed_wrapper/config/zedxonegs.yaml
[1.570s] -- Up-to-date symlink: /workspace/towen/install/zed_wrapper/share/zed_wrapper/urdf/include/materials.urdf.xacro
[1.570s] -- Up-to-date symlink: /workspace/towen/install/zed_wrapper/share/zed_wrapper/urdf/zed_descr.urdf.xacro
[1.570s] -- Up-to-date symlink: /workspace/towen/install/zed_wrapper/share/zed_wrapper/urdf/zed_macro.urdf.xacro
[1.571s] -- Up-to-date symlink: /workspace/towen/install/zed_wrapper/share/zed_wrapper/launch/zed_camera.launch.py
[1.571s] -- Up-to-date symlink: /workspace/towen/install/zed_wrapper/share/ament_index/resource_index/package_run_dependencies/zed_wrapper
[1.571s] -- Up-to-date symlink: /workspace/towen/install/zed_wrapper/share/ament_index/resource_index/parent_prefix_path/zed_wrapper
[1.571s] -- Up-to-date symlink: /workspace/towen/install/zed_wrapper/share/zed_wrapper/environment/ament_prefix_path.sh
[1.571s] -- Up-to-date symlink: /workspace/towen/install/zed_wrapper/share/zed_wrapper/environment/ament_prefix_path.dsv
[1.571s] -- Up-to-date symlink: /workspace/towen/install/zed_wrapper/share/zed_wrapper/environment/path.sh
[1.571s] -- Up-to-date symlink: /workspace/towen/install/zed_wrapper/share/zed_wrapper/environment/path.dsv
[1.572s] -- Up-to-date symlink: /workspace/towen/install/zed_wrapper/share/zed_wrapper/local_setup.bash
[1.572s] -- Up-to-date symlink: /workspace/towen/install/zed_wrapper/share/zed_wrapper/local_setup.sh
[1.572s] -- Up-to-date symlink: /workspace/towen/install/zed_wrapper/share/zed_wrapper/local_setup.zsh
[1.572s] -- Up-to-date symlink: /workspace/towen/install/zed_wrapper/share/zed_wrapper/local_setup.dsv
[1.572s] -- Symlinking: /workspace/towen/install/zed_wrapper/share/zed_wrapper/package.dsv
[1.572s] -- Up-to-date symlink: /workspace/towen/install/zed_wrapper/share/ament_index/resource_index/packages/zed_wrapper
[1.572s] -- Up-to-date symlink: /workspace/towen/install/zed_wrapper/share/zed_wrapper/cmake/zed_wrapperConfig.cmake
[1.573s] -- Up-to-date symlink: /workspace/towen/install/zed_wrapper/share/zed_wrapper/cmake/zed_wrapperConfig-version.cmake
[1.573s] -- Up-to-date symlink: /workspace/towen/install/zed_wrapper/share/zed_wrapper/package.xml
[1.604s] Invoked command in '/workspace/towen/build/zed_wrapper' returned '0': AMENT_PREFIX_PATH=/workspace/towen/install/zed_components:${AMENT_PREFIX_PATH} BYOBU_DATE=%Y-%m-%d CMAKE_PREFIX_PATH=/workspace/towen/install/zed_components:/opt/ros/humble LD_LIBRARY_PATH=/workspace/towen/install/zed_components/lib:/opt/ros/humble/opt/rviz_ogre_vendor/lib:/opt/ros/humble/lib/aarch64-linux-gnu:/opt/ros/humble/lib:/usr/local/cuda/compat:/usr/local/cuda/lib64 /usr/local/bin/cmake --install /workspace/towen/build/zed_wrapper
