[3.071s] Invoking command in '/workspace/towen/src/motionpackage': BYOBU_DATE=%Y-%m-%d PYTHONPATH=/workspace/towen/build/motionpackage/prefix_override:/usr/lib/python3/dist-packages/colcon_core/task/python/colcon_distutils_commands:/workspace/towen/install/motionpackage/lib/python3.10/site-packages:${PYTHONPATH} /usr/bin/python3 -W ignore:setup.py install is deprecated setup.py egg_info --egg-base ../../build/motionpackage build --build-base /workspace/towen/build/motionpackage/build install --record /workspace/towen/build/motionpackage/install.log --single-version-externally-managed install_data
[4.135s] running egg_info
[4.191s] writing ../../build/motionpackage/motionpackage.egg-info/PKG-INFO
[4.210s] writing dependency_links to ../../build/motionpackage/motionpackage.egg-info/dependency_links.txt
[4.210s] writing entry points to ../../build/motionpackage/motionpackage.egg-info/entry_points.txt
[4.210s] writing requirements to ../../build/motionpackage/motionpackage.egg-info/requires.txt
[4.211s] writing top-level names to ../../build/motionpackage/motionpackage.egg-info/top_level.txt
[4.300s] reading manifest file '../../build/motionpackage/motionpackage.egg-info/SOURCES.txt'
[4.300s] adding license file 'LICENSE'
[4.303s] writing manifest file '../../build/motionpackage/motionpackage.egg-info/SOURCES.txt'
[4.303s] running build
[4.303s] running build_py
[4.305s] copying motionpackage/opencr_imu.py -> /workspace/towen/build/motionpackage/build/lib/motionpackage
[4.306s] copying motionpackage/test.py -> /workspace/towen/build/motionpackage/build/lib/motionpackage
[4.306s] copying motionpackage/__init__.py -> /workspace/towen/build/motionpackage/build/lib/motionpackage
[4.307s] copying motionpackage/motion_0725.py -> /workspace/towen/build/motionpackage/build/lib/motionpackage
[4.307s] copying motionpackage/import struct.py -> /workspace/towen/build/motionpackage/build/lib/motionpackage
[4.307s] copying motionpackage/walking.py -> /workspace/towen/build/motionpackage/build/lib/motionpackage
[4.308s] copying motionpackage/motionpackage.py -> /workspace/towen/build/motionpackage/build/lib/motionpackage
[4.309s] running install
[4.320s] running install_lib
[4.372s] copying /workspace/towen/build/motionpackage/build/lib/motionpackage/motionpackage.py -> /workspace/towen/install/motionpackage/lib/python3.10/site-packages/motionpackage
[4.372s] byte-compiling /workspace/towen/install/motionpackage/lib/python3.10/site-packages/motionpackage/motionpackage.py to motionpackage.cpython-310.pyc
[4.396s] running install_data
[4.400s] copying resource/motionpackage -> /workspace/towen/install/motionpackage/share/ament_index/resource_index/packages
[4.401s] copying package.xml -> /workspace/towen/install/motionpackage/share/motionpackage
[4.403s] running install_egg_info
[4.438s] removing '/workspace/towen/install/motionpackage/lib/python3.10/site-packages/motionpackage-0.0.0-py3.10.egg-info' (and everything under it)
[4.439s] Copying ../../build/motionpackage/motionpackage.egg-info to /workspace/towen/install/motionpackage/lib/python3.10/site-packages/motionpackage-0.0.0-py3.10.egg-info
[4.441s] running install_scripts
[4.993s] Installing motionpackage script to /workspace/towen/install/motionpackage/lib/motionpackage
[4.994s] writing list of installed files to '/workspace/towen/build/motionpackage/install.log'
[5.117s] Invoked command in '/workspace/towen/src/motionpackage' returned '0': BYOBU_DATE=%Y-%m-%d PYTHONPATH=/workspace/towen/build/motionpackage/prefix_override:/usr/lib/python3/dist-packages/colcon_core/task/python/colcon_distutils_commands:/workspace/towen/install/motionpackage/lib/python3.10/site-packages:${PYTHONPATH} /usr/bin/python3 -W ignore:setup.py install is deprecated setup.py egg_info --egg-base ../../build/motionpackage build --build-base /workspace/towen/build/motionpackage/build install --record /workspace/towen/build/motionpackage/install.log --single-version-externally-managed install_data
