[2.542s] Invoking command in '/workspace/towen/src/imageprocess': BYOBU_DATE=%Y-%m-%d PYTHONPATH=/workspace/towen/build/imageprocess/prefix_override:/usr/lib/python3/dist-packages/colcon_core/task/python/colcon_distutils_commands:/workspace/towen/install/imageprocess/lib/python3.10/site-packages:${PYTHONPATH} /usr/bin/python3 -W ignore:setup.py install is deprecated setup.py egg_info --egg-base ../../build/imageprocess build --build-base /workspace/towen/build/imageprocess/build install --record /workspace/towen/build/imageprocess/install.log --single-version-externally-managed install_data
[3.437s] running egg_info
[3.494s] writing ../../build/imageprocess/imageprocess.egg-info/PKG-INFO
[3.496s] writing dependency_links to ../../build/imageprocess/imageprocess.egg-info/dependency_links.txt
[3.498s] writing entry points to ../../build/imageprocess/imageprocess.egg-info/entry_points.txt
[3.499s] writing requirements to ../../build/imageprocess/imageprocess.egg-info/requires.txt
[3.500s] writing top-level names to ../../build/imageprocess/imageprocess.egg-info/top_level.txt
[3.639s] reading manifest file '../../build/imageprocess/imageprocess.egg-info/SOURCES.txt'
[3.642s] adding license file 'LICENSE'
[3.646s] writing manifest file '../../build/imageprocess/imageprocess.egg-info/SOURCES.txt'
[3.648s] running build
[3.649s] running build_py
[3.652s] copying imageprocess/modelparameter.py -> /workspace/towen/build/imageprocess/build/lib/imageprocess
[3.655s] copying imageprocess/image_0417.py -> /workspace/towen/build/imageprocess/build/lib/imageprocess
[3.656s] copying imageprocess/dataunit.py -> /workspace/towen/build/imageprocess/build/lib/imageprocess
[3.658s] copying imageprocess/123123.py -> /workspace/towen/build/imageprocess/build/lib/imageprocess
[3.660s] copying imageprocess/image_test.py -> /workspace/towen/build/imageprocess/build/lib/imageprocess
[3.662s] copying imageprocess/image.py -> /workspace/towen/build/imageprocess/build/lib/imageprocess
[3.665s] copying imageprocess/__init__.py -> /workspace/towen/build/imageprocess/build/lib/imageprocess
[3.666s] copying imageprocess/imageprocess.py -> /workspace/towen/build/imageprocess/build/lib/imageprocess
[3.668s] copying imageprocess/camera_segment_headless.py -> /workspace/towen/build/imageprocess/build/lib/imageprocess
[3.671s] running install
[3.682s] running install_lib
[3.748s] running install_data
[3.750s] copying resource/imageprocess -> /workspace/towen/install/imageprocess/share/ament_index/resource_index/packages
[3.751s] copying package.xml -> /workspace/towen/install/imageprocess/share/imageprocess
[3.752s] running install_egg_info
[3.803s] removing '/workspace/towen/install/imageprocess/lib/python3.10/site-packages/imageprocess-0.0.0-py3.10.egg-info' (and everything under it)
[3.804s] Copying ../../build/imageprocess/imageprocess.egg-info to /workspace/towen/install/imageprocess/lib/python3.10/site-packages/imageprocess-0.0.0-py3.10.egg-info
[3.806s] running install_scripts
[4.270s] Installing image script to /workspace/towen/install/imageprocess/lib/imageprocess
[4.271s] Installing image_test script to /workspace/towen/install/imageprocess/lib/imageprocess
[4.272s] Installing imageprocess script to /workspace/towen/install/imageprocess/lib/imageprocess
[4.274s] writing list of installed files to '/workspace/towen/build/imageprocess/install.log'
[5.055s] Invoked command in '/workspace/towen/src/imageprocess' returned '0': BYOBU_DATE=%Y-%m-%d PYTHONPATH=/workspace/towen/build/imageprocess/prefix_override:/usr/lib/python3/dist-packages/colcon_core/task/python/colcon_distutils_commands:/workspace/towen/install/imageprocess/lib/python3.10/site-packages:${PYTHONPATH} /usr/bin/python3 -W ignore:setup.py install is deprecated setup.py egg_info --egg-base ../../build/imageprocess build --build-base /workspace/towen/build/imageprocess/build install --record /workspace/towen/build/imageprocess/install.log --single-version-externally-managed install_data
