[0.828s] Invoking command in '/workspace/towen/build/cv_bridge': BYOBU_DATE=%Y-%m-%d CMAKE_PREFIX_PATH=${CMAKE_PREFIX_PATH}:/workspace/towen/install/rosidl_cli:/workspace/towen/install/opencv_tests:/workspace/towen/install/strategy:/workspace/towen/install/motionpackage:/workspace/towen/install/imageprocess:/opt/ros/humble /usr/local/bin/cmake --build /workspace/towen/build/cv_bridge -- -j6 -l6
[1.212s] [  0%] Built target ament_cmake_python_copy_cv_bridge
[1.248s] [ 18%] Built target cv_bridge
[1.323s] [ 31%] Built target gtest
[1.520s] [ 50%] Built target cv_bridge_boost
[1.664s] [ 62%] Built target gtest_main
[1.838s] [100%] Built target cv_bridge-utest
[2.263s] running egg_info
[2.325s] writing cv_bridge.egg-info/PKG-INFO
[2.329s] writing dependency_links to cv_bridge.egg-info/dependency_links.txt
[2.332s] writing top-level names to cv_bridge.egg-info/top_level.txt
[2.555s] reading manifest file 'cv_bridge.egg-info/SOURCES.txt'
[2.568s] writing manifest file 'cv_bridge.egg-info/SOURCES.txt'
[2.760s] [100%] Built target ament_cmake_python_build_cv_bridge_egg
[2.831s] Invoked command in '/workspace/towen/build/cv_bridge' returned '0': BYOBU_DATE=%Y-%m-%d CMAKE_PREFIX_PATH=${CMAKE_PREFIX_PATH}:/workspace/towen/install/rosidl_cli:/workspace/towen/install/opencv_tests:/workspace/towen/install/strategy:/workspace/towen/install/motionpackage:/workspace/towen/install/imageprocess:/opt/ros/humble /usr/local/bin/cmake --build /workspace/towen/build/cv_bridge -- -j6 -l6
[3.315s] Invoking command in '/workspace/towen/build/cv_bridge': BYOBU_DATE=%Y-%m-%d CMAKE_PREFIX_PATH=${CMAKE_PREFIX_PATH}:/workspace/towen/install/rosidl_cli:/workspace/towen/install/opencv_tests:/workspace/towen/install/strategy:/workspace/towen/install/motionpackage:/workspace/towen/install/imageprocess:/opt/ros/humble /usr/local/bin/cmake --install /workspace/towen/build/cv_bridge
[3.540s] -- Install configuration: ""
[3.540s] -- Up-to-date: /workspace/towen/install/cv_bridge/share/cv_bridge/environment/pythonpath.sh
[3.541s] -- Up-to-date: /workspace/towen/install/cv_bridge/share/cv_bridge/environment/pythonpath.dsv
[3.541s] -- Up-to-date: /workspace/towen/install/cv_bridge/local/lib/python3.10/dist-packages/cv_bridge-3.2.1-py3.10.egg-info
[3.541s] -- Installing: /workspace/towen/install/cv_bridge/local/lib/python3.10/dist-packages/cv_bridge-3.2.1-py3.10.egg-info/PKG-INFO
[3.542s] -- Installing: /workspace/towen/install/cv_bridge/local/lib/python3.10/dist-packages/cv_bridge-3.2.1-py3.10.egg-info/top_level.txt
[3.542s] -- Installing: /workspace/towen/install/cv_bridge/local/lib/python3.10/dist-packages/cv_bridge-3.2.1-py3.10.egg-info/SOURCES.txt
[3.542s] -- Installing: /workspace/towen/install/cv_bridge/local/lib/python3.10/dist-packages/cv_bridge-3.2.1-py3.10.egg-info/dependency_links.txt
[3.543s] -- Up-to-date: /workspace/towen/install/cv_bridge/local/lib/python3.10/dist-packages/cv_bridge
[3.543s] -- Up-to-date: /workspace/towen/install/cv_bridge/local/lib/python3.10/dist-packages/cv_bridge/core.py
[3.543s] -- Up-to-date: /workspace/towen/install/cv_bridge/local/lib/python3.10/dist-packages/cv_bridge/__init__.py
[3.672s] Listing '/workspace/towen/install/cv_bridge/local/lib/python3.10/dist-packages/cv_bridge'...
[3.673s] Listing '/workspace/towen/install/cv_bridge/local/lib/python3.10/dist-packages/cv_bridge/boost'...
[3.688s] -- Up-to-date: /workspace/towen/install/cv_bridge/lib/libcv_bridge.so
[3.692s] -- Up-to-date: /workspace/towen/install/cv_bridge/include/cv_bridge/cv_bridge/cv_bridge_export.h
[3.692s] -- Up-to-date: /workspace/towen/install/cv_bridge/local/lib/python3.10/dist-packages/cv_bridge/boost/cv_bridge_boost.so
[3.694s] -- Up-to-date: /workspace/towen/install/cv_bridge/include/cv_bridge
[3.695s] -- Up-to-date: /workspace/towen/install/cv_bridge/include/cv_bridge/cv_bridge
[3.695s] -- Up-to-date: /workspace/towen/install/cv_bridge/include/cv_bridge/cv_bridge/rgb_colors.h
[3.695s] -- Up-to-date: /workspace/towen/install/cv_bridge/include/cv_bridge/cv_bridge/cv_bridge.h
[3.697s] -- Up-to-date: /workspace/towen/install/cv_bridge/lib/libcv_bridge.so
[3.698s] -- Up-to-date: /workspace/towen/install/cv_bridge/share/ament_index/resource_index/package_run_dependencies/cv_bridge
[3.698s] -- Up-to-date: /workspace/towen/install/cv_bridge/share/ament_index/resource_index/parent_prefix_path/cv_bridge
[3.699s] -- Up-to-date: /workspace/towen/install/cv_bridge/share/cv_bridge/environment/ament_prefix_path.sh
[3.700s] -- Up-to-date: /workspace/towen/install/cv_bridge/share/cv_bridge/environment/ament_prefix_path.dsv
[3.701s] -- Up-to-date: /workspace/towen/install/cv_bridge/share/cv_bridge/environment/path.sh
[3.701s] -- Up-to-date: /workspace/towen/install/cv_bridge/share/cv_bridge/environment/path.dsv
[3.703s] -- Up-to-date: /workspace/towen/install/cv_bridge/share/cv_bridge/local_setup.bash
[3.704s] -- Up-to-date: /workspace/towen/install/cv_bridge/share/cv_bridge/local_setup.sh
[3.704s] -- Up-to-date: /workspace/towen/install/cv_bridge/share/cv_bridge/local_setup.zsh
[3.704s] -- Up-to-date: /workspace/towen/install/cv_bridge/share/cv_bridge/local_setup.dsv
[3.706s] -- Installing: /workspace/towen/install/cv_bridge/share/cv_bridge/package.dsv
[3.706s] -- Up-to-date: /workspace/towen/install/cv_bridge/share/ament_index/resource_index/packages/cv_bridge
[3.708s] -- Up-to-date: /workspace/towen/install/cv_bridge/share/cv_bridge/cmake/export_cv_bridgeExport.cmake
[3.714s] -- Up-to-date: /workspace/towen/install/cv_bridge/share/cv_bridge/cmake/export_cv_bridgeExport-noconfig.cmake
[3.714s] -- Up-to-date: /workspace/towen/install/cv_bridge/share/cv_bridge/cmake/cv_bridge-extras.cmake
[3.715s] -- Up-to-date: /workspace/towen/install/cv_bridge/share/cv_bridge/cmake/ament_cmake_export_dependencies-extras.cmake
[3.715s] -- Up-to-date: /workspace/towen/install/cv_bridge/share/cv_bridge/cmake/ament_cmake_export_targets-extras.cmake
[3.716s] -- Up-to-date: /workspace/towen/install/cv_bridge/share/cv_bridge/cmake/cv_bridgeConfig.cmake
[3.716s] -- Up-to-date: /workspace/towen/install/cv_bridge/share/cv_bridge/cmake/cv_bridgeConfig-version.cmake
[3.717s] -- Up-to-date: /workspace/towen/install/cv_bridge/share/cv_bridge/package.xml
[3.776s] Invoked command in '/workspace/towen/build/cv_bridge' returned '0': BYOBU_DATE=%Y-%m-%d CMAKE_PREFIX_PATH=${CMAKE_PREFIX_PATH}:/workspace/towen/install/rosidl_cli:/workspace/towen/install/opencv_tests:/workspace/towen/install/strategy:/workspace/towen/install/motionpackage:/workspace/towen/install/imageprocess:/opt/ros/humble /usr/local/bin/cmake --install /workspace/towen/build/cv_bridge
