[0.693s] Invoking command in '/workspace/towen/build/cv_bridge': BYOBU_DATE=%Y-%m-%d CMAKE_PREFIX_PATH=${CMAKE_PREFIX_PATH}:/workspace/towen/install/strategy:/workspace/towen/install/rosidl_cli:/workspace/towen/install/opencv_tests:/workspace/towen/install/motionpackage:/workspace/towen/install/imageprocess:/opt/ros/humble /usr/local/bin/cmake --build /workspace/towen/build/cv_bridge -- -j6 -l6
[1.053s] [  0%] Built target ament_cmake_python_symlink_cv_bridge
[1.071s] [ 18%] Built target cv_bridge
[1.082s] [ 31%] Built target gtest_main
[1.115s] [ 43%] Built target gtest
[1.240s] [ 81%] Built target cv_bridge-utest
[1.270s] [100%] Built target cv_bridge_boost
[1.888s] running egg_info
[1.937s] writing cv_bridge.egg-info/PKG-INFO
[1.940s] writing dependency_links to cv_bridge.egg-info/dependency_links.txt
[1.942s] writing top-level names to cv_bridge.egg-info/top_level.txt
[2.106s] reading manifest file 'cv_bridge.egg-info/SOURCES.txt'
[2.109s] writing manifest file 'cv_bridge.egg-info/SOURCES.txt'
[2.231s] [100%] Built target ament_cmake_python_build_cv_bridge_egg
[2.301s] Invoked command in '/workspace/towen/build/cv_bridge' returned '0': BYOBU_DATE=%Y-%m-%d CMAKE_PREFIX_PATH=${CMAKE_PREFIX_PATH}:/workspace/towen/install/strategy:/workspace/towen/install/rosidl_cli:/workspace/towen/install/opencv_tests:/workspace/towen/install/motionpackage:/workspace/towen/install/imageprocess:/opt/ros/humble /usr/local/bin/cmake --build /workspace/towen/build/cv_bridge -- -j6 -l6
[2.618s] Invoking command in '/workspace/towen/build/cv_bridge': BYOBU_DATE=%Y-%m-%d CMAKE_PREFIX_PATH=${CMAKE_PREFIX_PATH}:/workspace/towen/install/strategy:/workspace/towen/install/rosidl_cli:/workspace/towen/install/opencv_tests:/workspace/towen/install/motionpackage:/workspace/towen/install/imageprocess:/opt/ros/humble /usr/local/bin/cmake --install /workspace/towen/build/cv_bridge
[2.831s] -- Install configuration: ""
[2.832s] -- Execute custom install script
[2.832s] -- Up-to-date symlink: /workspace/towen/install/cv_bridge/share/cv_bridge/environment/pythonpath.sh
[2.833s] -- Up-to-date symlink: /workspace/towen/install/cv_bridge/share/cv_bridge/environment/pythonpath.dsv
[2.834s] -- Up-to-date symlink: /workspace/towen/install/cv_bridge/local/lib/python3.10/dist-packages/cv_bridge-3.2.1-py3.10.egg-info/PKG-INFO
[2.834s] -- Up-to-date symlink: /workspace/towen/install/cv_bridge/local/lib/python3.10/dist-packages/cv_bridge-3.2.1-py3.10.egg-info/SOURCES.txt
[2.835s] -- Up-to-date symlink: /workspace/towen/install/cv_bridge/local/lib/python3.10/dist-packages/cv_bridge-3.2.1-py3.10.egg-info/dependency_links.txt
[2.835s] -- Up-to-date symlink: /workspace/towen/install/cv_bridge/local/lib/python3.10/dist-packages/cv_bridge-3.2.1-py3.10.egg-info/top_level.txt
[2.836s] -- Up-to-date symlink: /workspace/towen/install/cv_bridge/local/lib/python3.10/dist-packages/cv_bridge/__init__.py
[2.837s] -- Up-to-date symlink: /workspace/towen/install/cv_bridge/local/lib/python3.10/dist-packages/cv_bridge/core.py
[2.837s] -- Up-to-date symlink: /workspace/towen/install/cv_bridge/include/cv_bridge/cv_bridge/cv_bridge_export.h
[2.838s] -- Up-to-date symlink: /workspace/towen/install/cv_bridge/local/lib/python3.10/dist-packages/cv_bridge/boost//cv_bridge_boost.so
[2.839s] -- Up-to-date symlink: /workspace/towen/install/cv_bridge/include/cv_bridge/cv_bridge/cv_bridge.h
[2.839s] -- Up-to-date symlink: /workspace/towen/install/cv_bridge/include/cv_bridge/cv_bridge/rgb_colors.h
[2.841s] -- Up-to-date symlink: /workspace/towen/install/cv_bridge/lib/libcv_bridge.so
[2.842s] -- Up-to-date symlink: /workspace/towen/install/cv_bridge/share/ament_index/resource_index/package_run_dependencies/cv_bridge
[2.842s] -- Up-to-date symlink: /workspace/towen/install/cv_bridge/share/ament_index/resource_index/parent_prefix_path/cv_bridge
[2.843s] -- Up-to-date symlink: /workspace/towen/install/cv_bridge/share/cv_bridge/environment/ament_prefix_path.sh
[2.844s] -- Up-to-date symlink: /workspace/towen/install/cv_bridge/share/cv_bridge/environment/ament_prefix_path.dsv
[2.845s] -- Up-to-date symlink: /workspace/towen/install/cv_bridge/share/cv_bridge/environment/path.sh
[2.845s] -- Up-to-date symlink: /workspace/towen/install/cv_bridge/share/cv_bridge/environment/path.dsv
[2.846s] -- Up-to-date symlink: /workspace/towen/install/cv_bridge/share/cv_bridge/local_setup.bash
[2.846s] -- Up-to-date symlink: /workspace/towen/install/cv_bridge/share/cv_bridge/local_setup.sh
[2.847s] -- Up-to-date symlink: /workspace/towen/install/cv_bridge/share/cv_bridge/local_setup.zsh
[2.851s] -- Up-to-date symlink: /workspace/towen/install/cv_bridge/share/cv_bridge/local_setup.dsv
[2.851s] -- Symlinking: /workspace/towen/install/cv_bridge/share/cv_bridge/package.dsv
[2.877s] -- Up-to-date symlink: /workspace/towen/install/cv_bridge/share/ament_index/resource_index/packages/cv_bridge
[2.878s] -- Up-to-date symlink: /workspace/towen/install/cv_bridge/share/cv_bridge/cmake/cv_bridge-extras.cmake
[2.885s] -- Up-to-date symlink: /workspace/towen/install/cv_bridge/share/cv_bridge/cmake/ament_cmake_export_dependencies-extras.cmake
[2.885s] -- Up-to-date symlink: /workspace/towen/install/cv_bridge/share/cv_bridge/cmake/ament_cmake_export_targets-extras.cmake
[2.885s] -- Up-to-date symlink: /workspace/towen/install/cv_bridge/share/cv_bridge/cmake/cv_bridgeConfig.cmake
[2.885s] -- Up-to-date symlink: /workspace/towen/install/cv_bridge/share/cv_bridge/cmake/cv_bridgeConfig-version.cmake
[2.890s] -- Up-to-date symlink: /workspace/towen/install/cv_bridge/share/cv_bridge/package.xml
[2.991s] Listing '/workspace/towen/install/cv_bridge/local/lib/python3.10/dist-packages/cv_bridge'...
[2.991s] Listing '/workspace/towen/install/cv_bridge/local/lib/python3.10/dist-packages/cv_bridge/boost'...
[3.009s] -- Up-to-date: /workspace/towen/install/cv_bridge/share/cv_bridge/cmake/export_cv_bridgeExport.cmake
[3.009s] -- Up-to-date: /workspace/towen/install/cv_bridge/share/cv_bridge/cmake/export_cv_bridgeExport-noconfig.cmake
[3.055s] Invoked command in '/workspace/towen/build/cv_bridge' returned '0': BYOBU_DATE=%Y-%m-%d CMAKE_PREFIX_PATH=${CMAKE_PREFIX_PATH}:/workspace/towen/install/strategy:/workspace/towen/install/rosidl_cli:/workspace/towen/install/opencv_tests:/workspace/towen/install/motionpackage:/workspace/towen/install/imageprocess:/opt/ros/humble /usr/local/bin/cmake --install /workspace/towen/build/cv_bridge
