[0.889s] Invoking command in '/workspace/towen/build/rosidl_parser': AMENT_PREFIX_PATH=/workspace/towen/install/rosidl_adapter:/workspace/towen/install/rosidl_cli:${AMENT_PREFIX_PATH} BYOBU_DATE=%Y-%m-%d CMAKE_PREFIX_PATH=/workspace/towen/install/rosidl_adapter:/opt/ros/humble PATH=/workspace/towen/install/rosidl_cli/bin:${PATH} PYTHONPATH=/workspace/towen/install/rosidl_adapter/local/lib/python3.10/dist-packages:/workspace/towen/install/rosidl_cli/lib/python3.10/site-packages:${PYTHONPATH} /usr/local/bin/cmake --build /workspace/towen/build/rosidl_parser -- -j6 -l6
[1.467s] Built target ament_cmake_python_copy_rosidl_parser
[2.457s] running egg_info
[2.501s] writing rosidl_parser.egg-info/PKG-INFO
[2.525s] writing dependency_links to rosidl_parser.egg-info/dependency_links.txt
[2.526s] writing top-level names to rosidl_parser.egg-info/top_level.txt
[2.654s] reading manifest file 'rosidl_parser.egg-info/SOURCES.txt'
[2.671s] writing manifest file 'rosidl_parser.egg-info/SOURCES.txt'
[2.810s] Built target ament_cmake_python_build_rosidl_parser_egg
[2.887s] Invoked command in '/workspace/towen/build/rosidl_parser' returned '0': AMENT_PREFIX_PATH=/workspace/towen/install/rosidl_adapter:/workspace/towen/install/rosidl_cli:${AMENT_PREFIX_PATH} BYOBU_DATE=%Y-%m-%d CMAKE_PREFIX_PATH=/workspace/towen/install/rosidl_adapter:/opt/ros/humble PATH=/workspace/towen/install/rosidl_cli/bin:${PATH} PYTHONPATH=/workspace/towen/install/rosidl_adapter/local/lib/python3.10/dist-packages:/workspace/towen/install/rosidl_cli/lib/python3.10/site-packages:${PYTHONPATH} /usr/local/bin/cmake --build /workspace/towen/build/rosidl_parser -- -j6 -l6
[3.342s] Invoking command in '/workspace/towen/build/rosidl_parser': AMENT_PREFIX_PATH=/workspace/towen/install/rosidl_adapter:/workspace/towen/install/rosidl_cli:${AMENT_PREFIX_PATH} BYOBU_DATE=%Y-%m-%d CMAKE_PREFIX_PATH=/workspace/towen/install/rosidl_adapter:/opt/ros/humble PATH=/workspace/towen/install/rosidl_cli/bin:${PATH} PYTHONPATH=/workspace/towen/install/rosidl_adapter/local/lib/python3.10/dist-packages:/workspace/towen/install/rosidl_cli/lib/python3.10/site-packages:${PYTHONPATH} /usr/local/bin/cmake --install /workspace/towen/build/rosidl_parser
[3.596s] -- Install configuration: ""
[3.596s] -- Up-to-date: /workspace/towen/install/rosidl_parser/share/rosidl_parser/environment/pythonpath.sh
[3.596s] -- Up-to-date: /workspace/towen/install/rosidl_parser/share/rosidl_parser/environment/pythonpath.dsv
[3.596s] -- Up-to-date: /workspace/towen/install/rosidl_parser/local/lib/python3.10/dist-packages/rosidl_parser-3.1.7-py3.10.egg-info
[3.596s] -- Installing: /workspace/towen/install/rosidl_parser/local/lib/python3.10/dist-packages/rosidl_parser-3.1.7-py3.10.egg-info/PKG-INFO
[3.599s] -- Installing: /workspace/towen/install/rosidl_parser/local/lib/python3.10/dist-packages/rosidl_parser-3.1.7-py3.10.egg-info/top_level.txt
[3.599s] -- Installing: /workspace/towen/install/rosidl_parser/local/lib/python3.10/dist-packages/rosidl_parser-3.1.7-py3.10.egg-info/SOURCES.txt
[3.600s] -- Installing: /workspace/towen/install/rosidl_parser/local/lib/python3.10/dist-packages/rosidl_parser-3.1.7-py3.10.egg-info/dependency_links.txt
[3.600s] -- Up-to-date: /workspace/towen/install/rosidl_parser/local/lib/python3.10/dist-packages/rosidl_parser
[3.600s] -- Up-to-date: /workspace/towen/install/rosidl_parser/local/lib/python3.10/dist-packages/rosidl_parser/parser.py
[3.600s] -- Up-to-date: /workspace/towen/install/rosidl_parser/local/lib/python3.10/dist-packages/rosidl_parser/__init__.py
[3.600s] -- Up-to-date: /workspace/towen/install/rosidl_parser/local/lib/python3.10/dist-packages/rosidl_parser/definition.py
[3.600s] -- Up-to-date: /workspace/towen/install/rosidl_parser/local/lib/python3.10/dist-packages/rosidl_parser/grammar.lark
[3.723s] Listing '/workspace/towen/install/rosidl_parser/local/lib/python3.10/dist-packages/rosidl_parser'...
[3.747s] -- Up-to-date: /workspace/towen/install/rosidl_parser/share/ament_index/resource_index/package_run_dependencies/rosidl_parser
[3.750s] -- Up-to-date: /workspace/towen/install/rosidl_parser/share/ament_index/resource_index/parent_prefix_path/rosidl_parser
[3.753s] -- Up-to-date: /workspace/towen/install/rosidl_parser/share/rosidl_parser/environment/ament_prefix_path.sh
[3.755s] -- Up-to-date: /workspace/towen/install/rosidl_parser/share/rosidl_parser/environment/ament_prefix_path.dsv
[3.755s] -- Up-to-date: /workspace/towen/install/rosidl_parser/share/rosidl_parser/environment/path.sh
[3.756s] -- Up-to-date: /workspace/towen/install/rosidl_parser/share/rosidl_parser/environment/path.dsv
[3.756s] -- Up-to-date: /workspace/towen/install/rosidl_parser/share/rosidl_parser/local_setup.bash
[3.756s] -- Up-to-date: /workspace/towen/install/rosidl_parser/share/rosidl_parser/local_setup.sh
[3.756s] -- Up-to-date: /workspace/towen/install/rosidl_parser/share/rosidl_parser/local_setup.zsh
[3.756s] -- Up-to-date: /workspace/towen/install/rosidl_parser/share/rosidl_parser/local_setup.dsv
[3.759s] -- Installing: /workspace/towen/install/rosidl_parser/share/rosidl_parser/package.dsv
[3.761s] -- Up-to-date: /workspace/towen/install/rosidl_parser/share/ament_index/resource_index/packages/rosidl_parser
[3.767s] -- Up-to-date: /workspace/towen/install/rosidl_parser/share/rosidl_parser/cmake/rosidl_parserConfig.cmake
[3.767s] -- Up-to-date: /workspace/towen/install/rosidl_parser/share/rosidl_parser/cmake/rosidl_parserConfig-version.cmake
[3.767s] -- Up-to-date: /workspace/towen/install/rosidl_parser/share/rosidl_parser/package.xml
[3.767s] -- Up-to-date: /workspace/towen/install/rosidl_parser/lib/rosidl_parser/idl2png
[3.841s] Invoked command in '/workspace/towen/build/rosidl_parser' returned '0': AMENT_PREFIX_PATH=/workspace/towen/install/rosidl_adapter:/workspace/towen/install/rosidl_cli:${AMENT_PREFIX_PATH} BYOBU_DATE=%Y-%m-%d CMAKE_PREFIX_PATH=/workspace/towen/install/rosidl_adapter:/opt/ros/humble PATH=/workspace/towen/install/rosidl_cli/bin:${PATH} PYTHONPATH=/workspace/towen/install/rosidl_adapter/local/lib/python3.10/dist-packages:/workspace/towen/install/rosidl_cli/lib/python3.10/site-packages:${PYTHONPATH} /usr/local/bin/cmake --install /workspace/towen/build/rosidl_parser
