[3.211s] Invoking command in '/home/iclab/Desktop/humanoid/src/wula': BYOBU_DATE=%Y-%m-%d PYTHONPATH=/home/iclab/Desktop/humanoid/build/wula/prefix_override:/usr/lib/python3/dist-packages/colcon_core/task/python/colcon_distutils_commands:/home/iclab/Desktop/humanoid/install/wula/lib/python3.10/site-packages:${PYTHONPATH} /usr/bin/python3 -W ignore:setup.py install is deprecated -W ignore:easy_install command is deprecated setup.py egg_info --egg-base ../../build/wula build --build-base /home/iclab/Desktop/humanoid/build/wula/build install --record /home/iclab/Desktop/humanoid/build/wula/install.log --single-version-externally-managed install_data
[3.884s] running egg_info
[3.884s] writing ../../build/wula/wula.egg-info/PKG-INFO
[3.885s] writing dependency_links to ../../build/wula/wula.egg-info/dependency_links.txt
[3.885s] writing entry points to ../../build/wula/wula.egg-info/entry_points.txt
[3.885s] writing requirements to ../../build/wula/wula.egg-info/requires.txt
[3.887s] writing top-level names to ../../build/wula/wula.egg-info/top_level.txt
[3.891s] reading manifest file '../../build/wula/wula.egg-info/SOURCES.txt'
[3.893s] writing manifest file '../../build/wula/wula.egg-info/SOURCES.txt'
[3.893s] running build
[3.893s] running build_py
[3.898s] copying wula/sp/SP_boson.py -> /home/iclab/Desktop/humanoid/build/wula/build/lib/wula/sp
[3.898s] running install
[3.898s] running install_lib
[3.904s] copying /home/iclab/Desktop/humanoid/build/wula/build/lib/wula/sp/SP_boson.py -> /home/iclab/Desktop/humanoid/install/wula/lib/python3.10/site-packages/wula/sp
[3.909s] byte-compiling /home/iclab/Desktop/humanoid/install/wula/lib/python3.10/site-packages/wula/sp/SP_boson.py to SP_boson.cpython-310.pyc
[3.912s] running install_data
[3.913s] running install_egg_info
[3.917s] removing '/home/iclab/Desktop/humanoid/install/wula/lib/python3.10/site-packages/wula-0.1.0-py3.10.egg-info' (and everything under it)
[3.918s] Copying ../../build/wula/wula.egg-info to /home/iclab/Desktop/humanoid/install/wula/lib/python3.10/site-packages/wula-0.1.0-py3.10.egg-info
[3.920s] running install_scripts
[3.972s] Installing mar script to /home/iclab/Desktop/humanoid/install/wula/lib/wula
[3.973s] Installing sp_boson script to /home/iclab/Desktop/humanoid/install/wula/lib/wula
[3.975s] writing list of installed files to '/home/iclab/Desktop/humanoid/build/wula/install.log'
[4.083s] Invoked command in '/home/iclab/Desktop/humanoid/src/wula' returned '0': BYOBU_DATE=%Y-%m-%d PYTHONPATH=/home/iclab/Desktop/humanoid/build/wula/prefix_override:/usr/lib/python3/dist-packages/colcon_core/task/python/colcon_distutils_commands:/home/iclab/Desktop/humanoid/install/wula/lib/python3.10/site-packages:${PYTHONPATH} /usr/bin/python3 -W ignore:setup.py install is deprecated -W ignore:easy_install command is deprecated setup.py egg_info --egg-base ../../build/wula build --build-base /home/iclab/Desktop/humanoid/build/wula/build install --record /home/iclab/Desktop/humanoid/build/wula/install.log --single-version-externally-managed install_data
