[3.617s] Invoking command in '/workspace/towen/src/imageprocess': BYOBU_DATE=%Y-%m-%d PYTHONPATH=/workspace/towen/build/imageprocess/prefix_override:/usr/lib/python3/dist-packages/colcon_core/task/python/colcon_distutils_commands:/workspace/towen/install/imageprocess/lib/python3.10/site-packages:${PYTHONPATH} /usr/bin/python3 -W ignore:setup.py install is deprecated setup.py egg_info --egg-base ../../build/imageprocess build --build-base /workspace/towen/build/imageprocess/build install --record /workspace/towen/build/imageprocess/install.log --single-version-externally-managed install_data
[4.050s] /home/work/.local/lib/python3.10/site-packages/setuptools/_distutils/dist.py:289: UserWarning: Unknown distribution option: 'tests_require'
[4.050s]   warnings.warn(msg)
[4.348s] running egg_info
[4.395s] writing ../../build/imageprocess/imageprocess.egg-info/PKG-INFO
[4.396s] writing dependency_links to ../../build/imageprocess/imageprocess.egg-info/dependency_links.txt
[4.397s] writing entry points to ../../build/imageprocess/imageprocess.egg-info/entry_points.txt
[4.397s] writing requirements to ../../build/imageprocess/imageprocess.egg-info/requires.txt
[4.398s] writing top-level names to ../../build/imageprocess/imageprocess.egg-info/top_level.txt
[4.498s] reading manifest file '../../build/imageprocess/imageprocess.egg-info/SOURCES.txt'
[4.500s] adding license file 'LICENSE'
[4.502s] writing manifest file '../../build/imageprocess/imageprocess.egg-info/SOURCES.txt'
[4.503s] running build
[4.504s] running build_py
[4.506s] copying imageprocess/modelparameter.py -> /workspace/towen/build/imageprocess/build/lib/imageprocess
[4.509s] copying imageprocess/image_0417.py -> /workspace/towen/build/imageprocess/build/lib/imageprocess
[4.511s] copying imageprocess/dataunit.py -> /workspace/towen/build/imageprocess/build/lib/imageprocess
[4.514s] copying imageprocess/123123.py -> /workspace/towen/build/imageprocess/build/lib/imageprocess
[4.516s] copying imageprocess/image_test.py -> /workspace/towen/build/imageprocess/build/lib/imageprocess
[4.518s] copying imageprocess/image.py -> /workspace/towen/build/imageprocess/build/lib/imageprocess
[4.521s] copying imageprocess/__init__.py -> /workspace/towen/build/imageprocess/build/lib/imageprocess
[4.522s] copying imageprocess/imageprocess.py -> /workspace/towen/build/imageprocess/build/lib/imageprocess
[4.525s] copying imageprocess/camera_segment_headless.py -> /workspace/towen/build/imageprocess/build/lib/imageprocess
[4.527s] running install
[4.542s] running install_lib
[4.611s] running install_data
[4.613s] copying resource/imageprocess -> /workspace/towen/install/imageprocess/share/ament_index/resource_index/packages
[4.616s] copying package.xml -> /workspace/towen/install/imageprocess/share/imageprocess
[4.618s] running install_egg_info
[4.679s] removing '/workspace/towen/install/imageprocess/lib/python3.10/site-packages/imageprocess-0.0.0-py3.10.egg-info' (and everything under it)
[4.681s] Copying ../../build/imageprocess/imageprocess.egg-info to /workspace/towen/install/imageprocess/lib/python3.10/site-packages/imageprocess-0.0.0-py3.10.egg-info
[4.682s] running install_scripts
[4.823s] Installing image script to /workspace/towen/install/imageprocess/lib/imageprocess
[4.830s] Installing image_test script to /workspace/towen/install/imageprocess/lib/imageprocess
[4.831s] Installing imageprocess script to /workspace/towen/install/imageprocess/lib/imageprocess
[4.834s] writing list of installed files to '/workspace/towen/build/imageprocess/install.log'
[4.939s] Invoked command in '/workspace/towen/src/imageprocess' returned '0': BYOBU_DATE=%Y-%m-%d PYTHONPATH=/workspace/towen/build/imageprocess/prefix_override:/usr/lib/python3/dist-packages/colcon_core/task/python/colcon_distutils_commands:/workspace/towen/install/imageprocess/lib/python3.10/site-packages:${PYTHONPATH} /usr/bin/python3 -W ignore:setup.py install is deprecated setup.py egg_info --egg-base ../../build/imageprocess build --build-base /workspace/towen/build/imageprocess/build install --record /workspace/towen/build/imageprocess/install.log --single-version-externally-managed install_data
