[4.028s] Invoking command in '/workspace/towen/src/imageprocess': BYOBU_DATE=%Y-%m-%d PYTHONPATH=/workspace/towen/build/imageprocess/prefix_override:/usr/lib/python3/dist-packages/colcon_core/task/python/colcon_distutils_commands:/workspace/towen/install/imageprocess/lib/python3.10/site-packages:${PYTHONPATH} /usr/bin/python3 -W ignore:setup.py install is deprecated setup.py egg_info --egg-base ../../build/imageprocess build --build-base /workspace/towen/build/imageprocess/build install --record /workspace/towen/build/imageprocess/install.log --single-version-externally-managed install_data
[4.962s] running egg_info
[5.010s] writing ../../build/imageprocess/imageprocess.egg-info/PKG-INFO
[5.013s] writing dependency_links to ../../build/imageprocess/imageprocess.egg-info/dependency_links.txt
[5.013s] writing entry points to ../../build/imageprocess/imageprocess.egg-info/entry_points.txt
[5.014s] writing requirements to ../../build/imageprocess/imageprocess.egg-info/requires.txt
[5.014s] writing top-level names to ../../build/imageprocess/imageprocess.egg-info/top_level.txt
[5.187s] reading manifest file '../../build/imageprocess/imageprocess.egg-info/SOURCES.txt'
[5.190s] adding license file 'LICENSE'
[5.195s] writing manifest file '../../build/imageprocess/imageprocess.egg-info/SOURCES.txt'
[5.195s] running build
[5.196s] running build_py
[5.196s] copying imageprocess/modelparameter.py -> /workspace/towen/build/imageprocess/build/lib/imageprocess
[5.197s] copying imageprocess/image_0417.py -> /workspace/towen/build/imageprocess/build/lib/imageprocess
[5.198s] copying imageprocess/dataunit.py -> /workspace/towen/build/imageprocess/build/lib/imageprocess
[5.198s] copying imageprocess/123123.py -> /workspace/towen/build/imageprocess/build/lib/imageprocess
[5.198s] copying imageprocess/image_test.py -> /workspace/towen/build/imageprocess/build/lib/imageprocess
[5.199s] copying imageprocess/image.py -> /workspace/towen/build/imageprocess/build/lib/imageprocess
[5.201s] copying imageprocess/__init__.py -> /workspace/towen/build/imageprocess/build/lib/imageprocess
[5.202s] copying imageprocess/imageprocess.py -> /workspace/towen/build/imageprocess/build/lib/imageprocess
[5.202s] copying imageprocess/camera_segment_headless.py -> /workspace/towen/build/imageprocess/build/lib/imageprocess
[5.202s] running install
[5.215s] running install_lib
[5.271s] running install_data
[5.271s] copying resource/imageprocess -> /workspace/towen/install/imageprocess/share/ament_index/resource_index/packages
[5.274s] copying package.xml -> /workspace/towen/install/imageprocess/share/imageprocess
[5.275s] running install_egg_info
[5.330s] removing '/workspace/towen/install/imageprocess/lib/python3.10/site-packages/imageprocess-0.0.0-py3.10.egg-info' (and everything under it)
[5.340s] Copying ../../build/imageprocess/imageprocess.egg-info to /workspace/towen/install/imageprocess/lib/python3.10/site-packages/imageprocess-0.0.0-py3.10.egg-info
[5.340s] running install_scripts
[5.497s] Installing image script to /workspace/towen/install/imageprocess/lib/imageprocess
[5.498s] Installing image_test script to /workspace/towen/install/imageprocess/lib/imageprocess
[5.499s] Installing imageprocess script to /workspace/towen/install/imageprocess/lib/imageprocess
[5.502s] writing list of installed files to '/workspace/towen/build/imageprocess/install.log'
[5.665s] Invoked command in '/workspace/towen/src/imageprocess' returned '0': BYOBU_DATE=%Y-%m-%d PYTHONPATH=/workspace/towen/build/imageprocess/prefix_override:/usr/lib/python3/dist-packages/colcon_core/task/python/colcon_distutils_commands:/workspace/towen/install/imageprocess/lib/python3.10/site-packages:${PYTHONPATH} /usr/bin/python3 -W ignore:setup.py install is deprecated setup.py egg_info --egg-base ../../build/imageprocess build --build-base /workspace/towen/build/imageprocess/build install --record /workspace/towen/build/imageprocess/install.log --single-version-externally-managed install_data
