[3.215s] Invoking command in '/home/iclab/Desktop/humanoid/src/wula': BYOBU_DATE=%Y-%m-%d PYTHONPATH=/home/iclab/Desktop/humanoid/build/wula/prefix_override:/usr/lib/python3/dist-packages/colcon_core/task/python/colcon_distutils_commands:/home/iclab/Desktop/humanoid/install/wula/lib/python3.10/site-packages:${PYTHONPATH} /usr/bin/python3 -W ignore:setup.py install is deprecated -W ignore:easy_install command is deprecated setup.py egg_info --egg-base ../../build/wula build --build-base /home/iclab/Desktop/humanoid/build/wula/build install --record /home/iclab/Desktop/humanoid/build/wula/install.log --single-version-externally-managed install_data
[3.889s] running egg_info
[3.891s] writing ../../build/wula/wula.egg-info/PKG-INFO
[3.891s] writing dependency_links to ../../build/wula/wula.egg-info/dependency_links.txt
[3.892s] writing entry points to ../../build/wula/wula.egg-info/entry_points.txt
[3.892s] writing requirements to ../../build/wula/wula.egg-info/requires.txt
[3.892s] writing top-level names to ../../build/wula/wula.egg-info/top_level.txt
[3.898s] reading manifest file '../../build/wula/wula.egg-info/SOURCES.txt'
[3.900s] writing manifest file '../../build/wula/wula.egg-info/SOURCES.txt'
[3.902s] running build
[3.903s] running build_py
[3.903s] copying wula/mar/mar.py -> /home/iclab/Desktop/humanoid/build/wula/build/lib/wula/mar
[3.904s] running install
[3.905s] running install_lib
[3.908s] copying /home/iclab/Desktop/humanoid/build/wula/build/lib/wula/mar/mar.py -> /home/iclab/Desktop/humanoid/install/wula/lib/python3.10/site-packages/wula/mar
[3.912s] byte-compiling /home/iclab/Desktop/humanoid/install/wula/lib/python3.10/site-packages/wula/mar/mar.py to mar.cpython-310.pyc
[3.916s] running install_data
[3.916s] running install_egg_info
[3.921s] removing '/home/iclab/Desktop/humanoid/install/wula/lib/python3.10/site-packages/wula-0.1.0-py3.10.egg-info' (and everything under it)
[3.923s] Copying ../../build/wula/wula.egg-info to /home/iclab/Desktop/humanoid/install/wula/lib/python3.10/site-packages/wula-0.1.0-py3.10.egg-info
[3.925s] running install_scripts
[3.977s] Installing mar script to /home/iclab/Desktop/humanoid/install/wula/lib/wula
[3.978s] Installing sp_boson script to /home/iclab/Desktop/humanoid/install/wula/lib/wula
[3.983s] writing list of installed files to '/home/iclab/Desktop/humanoid/build/wula/install.log'
[4.069s] Invoked command in '/home/iclab/Desktop/humanoid/src/wula' returned '0': BYOBU_DATE=%Y-%m-%d PYTHONPATH=/home/iclab/Desktop/humanoid/build/wula/prefix_override:/usr/lib/python3/dist-packages/colcon_core/task/python/colcon_distutils_commands:/home/iclab/Desktop/humanoid/install/wula/lib/python3.10/site-packages:${PYTHONPATH} /usr/bin/python3 -W ignore:setup.py install is deprecated -W ignore:easy_install command is deprecated setup.py egg_info --egg-base ../../build/wula build --build-base /home/iclab/Desktop/humanoid/build/wula/build install --record /home/iclab/Desktop/humanoid/build/wula/install.log --single-version-externally-managed install_data
