-- Found ament_cmake: 1.3.10 (/opt/ros/humble/install/share/ament_cmake/cmake)
-- Found rosidl_default_generators: 1.2.0 (/opt/ros/humble/install/share/rosidl_default_generators/cmake)
-- Using all available rosidl_typesupport_c: rosidl_typesupport_fastrtps_c;rosidl_typesupport_introspection_c
-- Found rosidl_adapter: 3.1.5 (/opt/ros/humble/install/share/rosidl_adapter/cmake)
-- Using all available rosidl_typesupport_cpp: rosidl_typesupport_fastrtps_cpp;rosidl_typesupport_introspection_cpp
-- Found std_msgs: 4.2.4 (/opt/ros/humble/install/share/std_msgs/cmake)
-- Found ament_cmake_ros: 0.10.0 (/opt/ros/humble/install/share/ament_cmake_ros/cmake)
-- Using all available rosidl_typesupport_c: rosidl_typesupport_fastrtps_c;rosidl_typesupport_introspection_c
-- Using all available rosidl_typesupport_cpp: rosidl_typesupport_fastrtps_cpp;rosidl_typesupport_introspection_cpp
-- Found python_cmake_module: 0.10.0 (/opt/ros/humble/install/share/python_cmake_module/cmake)
-- Using PYTHON_EXECUTABLE: /usr/local/bin/python3
-- Using PYTHON_INCLUDE_DIRS: /usr/include/python3.10
-- Using PYTHON_LIBRARIES: /usr/lib/aarch64-linux-gnu/libpython3.10.so
-- Found ament_lint_auto: 0.12.11 (/opt/ros/humble/install/share/ament_lint_auto/cmake)
-- Added test 'lint_cmake' to check CMake code style
-- Added test 'xmllint' to check XML markup files
-- Configuring done (6.0s)
-- Generating done (0.3s)
-- Build files have been written to: /workspace/towen/build/tku_msgs
[  0%] Built target ament_cmake_python_copy_tku_msgs
[  0%] [34m[1mGenerating C++ code for ROS interfaces[0m
[ 12%] Built target tku_msgs__rosidl_generator_c
[ 24%] Built target tku_msgs__rosidl_typesupport_c
[ 37%] Built target tku_msgs__rosidl_typesupport_introspection_c
[ 50%] Built target tku_msgs__rosidl_typesupport_fastrtps_c
running egg_info
writing tku_msgs.egg-info/PKG-INFO
writing dependency_links to tku_msgs.egg-info/dependency_links.txt
writing top-level names to tku_msgs.egg-info/top_level.txt
reading manifest file 'tku_msgs.egg-info/SOURCES.txt'
writing manifest file 'tku_msgs.egg-info/SOURCES.txt'
[ 50%] Built target ament_cmake_python_build_tku_msgs_egg
