[6.096s] Invoking command in '/workspace/towen/build/rosidl_cli': BYOBU_DATE=%Y-%m-%d PYTHONPATH=/workspace/towen/build/rosidl_cli/prefix_override:/usr/lib/python3/dist-packages/colcon_core/task/python/colcon_distutils_commands:/workspace/towen/install/rosidl_cli/lib/python3.10/site-packages:${PYTHONPATH} /usr/bin/python3 -W ignore:setup.py install is deprecated setup.py develop --uninstall --editable --build-directory /workspace/towen/build/rosidl_cli/build
[8.418s] running develop
[8.421s] /usr/local/lib/python3.10/dist-packages/setuptools/command/develop.py:41: EasyInstallDeprecationWarning: easy_install command is deprecated.
[8.422s] !!
[8.423s] 
[8.424s]         ********************************************************************************
[8.425s]         Please avoid running ``setup.py`` and ``easy_install``.
[8.426s]         Instead, use pypa/build, pypa/installer or other
[8.429s]         standards-based tools.
[8.432s] 
[8.433s]         See https://github.com/pypa/setuptools/issues/917 for details.
[8.435s]         ********************************************************************************
[8.436s] 
[8.439s] !!
[8.448s]   easy_install.initialize_options(self)
[9.983s] Removing /workspace/towen/install/rosidl_cli/lib/python3.10/site-packages/rosidl-cli.egg-link (link to .)
[10.618s] Invoked command in '/workspace/towen/build/rosidl_cli' returned '0': BYOBU_DATE=%Y-%m-%d PYTHONPATH=/workspace/towen/build/rosidl_cli/prefix_override:/usr/lib/python3/dist-packages/colcon_core/task/python/colcon_distutils_commands:/workspace/towen/install/rosidl_cli/lib/python3.10/site-packages:${PYTHONPATH} /usr/bin/python3 -W ignore:setup.py install is deprecated setup.py develop --uninstall --editable --build-directory /workspace/towen/build/rosidl_cli/build
[10.621s] Invoking command in '/workspace/towen/src/rosidl/rosidl_cli': BYOBU_DATE=%Y-%m-%d PYTHONPATH=/workspace/towen/build/rosidl_cli/prefix_override:/usr/lib/python3/dist-packages/colcon_core/task/python/colcon_distutils_commands:/workspace/towen/install/rosidl_cli/lib/python3.10/site-packages:${PYTHONPATH} /usr/bin/python3 -W ignore:setup.py install is deprecated setup.py egg_info --egg-base ../../../build/rosidl_cli build --build-base /workspace/towen/build/rosidl_cli/build install --record /workspace/towen/build/rosidl_cli/install.log --single-version-externally-managed install_data --force
[13.285s] running egg_info
[13.286s] writing ../../../build/rosidl_cli/rosidl_cli.egg-info/PKG-INFO
[13.286s] writing dependency_links to ../../../build/rosidl_cli/rosidl_cli.egg-info/dependency_links.txt
[13.286s] writing entry points to ../../../build/rosidl_cli/rosidl_cli.egg-info/entry_points.txt
[13.287s] writing requirements to ../../../build/rosidl_cli/rosidl_cli.egg-info/requires.txt
[13.287s] writing top-level names to ../../../build/rosidl_cli/rosidl_cli.egg-info/top_level.txt
[13.287s] reading manifest file '../../../build/rosidl_cli/rosidl_cli.egg-info/SOURCES.txt'
[13.287s] writing manifest file '../../../build/rosidl_cli/rosidl_cli.egg-info/SOURCES.txt'
[13.287s] running build
[13.287s] running build_py
[13.287s] copying rosidl_cli/entry_points.py -> /workspace/towen/build/rosidl_cli/build/lib/rosidl_cli
[13.288s] copying rosidl_cli/extensions.py -> /workspace/towen/build/rosidl_cli/build/lib/rosidl_cli
[13.288s] copying rosidl_cli/__init__.py -> /workspace/towen/build/rosidl_cli/build/lib/rosidl_cli
[13.288s] copying rosidl_cli/cli.py -> /workspace/towen/build/rosidl_cli/build/lib/rosidl_cli
[13.288s] copying rosidl_cli/common.py -> /workspace/towen/build/rosidl_cli/build/lib/rosidl_cli
[13.288s] copying rosidl_cli/command/__init__.py -> /workspace/towen/build/rosidl_cli/build/lib/rosidl_cli/command
[13.288s] copying rosidl_cli/command/helpers.py -> /workspace/towen/build/rosidl_cli/build/lib/rosidl_cli/command
[13.288s] copying rosidl_cli/command/translate/extensions.py -> /workspace/towen/build/rosidl_cli/build/lib/rosidl_cli/command/translate
[13.288s] copying rosidl_cli/command/translate/__init__.py -> /workspace/towen/build/rosidl_cli/build/lib/rosidl_cli/command/translate
[13.306s] copying rosidl_cli/command/translate/api.py -> /workspace/towen/build/rosidl_cli/build/lib/rosidl_cli/command/translate
[13.309s] copying rosidl_cli/command/generate/extensions.py -> /workspace/towen/build/rosidl_cli/build/lib/rosidl_cli/command/generate
[13.309s] copying rosidl_cli/command/generate/__init__.py -> /workspace/towen/build/rosidl_cli/build/lib/rosidl_cli/command/generate
[13.309s] copying rosidl_cli/command/generate/api.py -> /workspace/towen/build/rosidl_cli/build/lib/rosidl_cli/command/generate
[13.310s] running install
[13.310s] running install_lib
[13.310s] creating /workspace/towen/install/rosidl_cli/lib/python3.10/site-packages/rosidl_cli
[13.310s] copying /workspace/towen/build/rosidl_cli/build/lib/rosidl_cli/entry_points.py -> /workspace/towen/install/rosidl_cli/lib/python3.10/site-packages/rosidl_cli
[13.310s] copying /workspace/towen/build/rosidl_cli/build/lib/rosidl_cli/extensions.py -> /workspace/towen/install/rosidl_cli/lib/python3.10/site-packages/rosidl_cli
[13.310s] copying /workspace/towen/build/rosidl_cli/build/lib/rosidl_cli/__init__.py -> /workspace/towen/install/rosidl_cli/lib/python3.10/site-packages/rosidl_cli
[13.310s] copying /workspace/towen/build/rosidl_cli/build/lib/rosidl_cli/cli.py -> /workspace/towen/install/rosidl_cli/lib/python3.10/site-packages/rosidl_cli
[13.310s] copying /workspace/towen/build/rosidl_cli/build/lib/rosidl_cli/common.py -> /workspace/towen/install/rosidl_cli/lib/python3.10/site-packages/rosidl_cli
[13.311s] creating /workspace/towen/install/rosidl_cli/lib/python3.10/site-packages/rosidl_cli/command
[13.311s] copying /workspace/towen/build/rosidl_cli/build/lib/rosidl_cli/command/__init__.py -> /workspace/towen/install/rosidl_cli/lib/python3.10/site-packages/rosidl_cli/command
[13.311s] creating /workspace/towen/install/rosidl_cli/lib/python3.10/site-packages/rosidl_cli/command/translate
[13.311s] copying /workspace/towen/build/rosidl_cli/build/lib/rosidl_cli/command/translate/extensions.py -> /workspace/towen/install/rosidl_cli/lib/python3.10/site-packages/rosidl_cli/command/translate
[13.311s] copying /workspace/towen/build/rosidl_cli/build/lib/rosidl_cli/command/translate/__init__.py -> /workspace/towen/install/rosidl_cli/lib/python3.10/site-packages/rosidl_cli/command/translate
[13.311s] copying /workspace/towen/build/rosidl_cli/build/lib/rosidl_cli/command/translate/api.py -> /workspace/towen/install/rosidl_cli/lib/python3.10/site-packages/rosidl_cli/command/translate
[13.312s] copying /workspace/towen/build/rosidl_cli/build/lib/rosidl_cli/command/helpers.py -> /workspace/towen/install/rosidl_cli/lib/python3.10/site-packages/rosidl_cli/command
[13.312s] creating /workspace/towen/install/rosidl_cli/lib/python3.10/site-packages/rosidl_cli/command/generate
[13.312s] copying /workspace/towen/build/rosidl_cli/build/lib/rosidl_cli/command/generate/extensions.py -> /workspace/towen/install/rosidl_cli/lib/python3.10/site-packages/rosidl_cli/command/generate
[13.312s] copying /workspace/towen/build/rosidl_cli/build/lib/rosidl_cli/command/generate/__init__.py -> /workspace/towen/install/rosidl_cli/lib/python3.10/site-packages/rosidl_cli/command/generate
[13.312s] copying /workspace/towen/build/rosidl_cli/build/lib/rosidl_cli/command/generate/api.py -> /workspace/towen/install/rosidl_cli/lib/python3.10/site-packages/rosidl_cli/command/generate
[13.312s] byte-compiling /workspace/towen/install/rosidl_cli/lib/python3.10/site-packages/rosidl_cli/entry_points.py to entry_points.cpython-310.pyc
[13.314s] byte-compiling /workspace/towen/install/rosidl_cli/lib/python3.10/site-packages/rosidl_cli/extensions.py to extensions.cpython-310.pyc
[13.314s] byte-compiling /workspace/towen/install/rosidl_cli/lib/python3.10/site-packages/rosidl_cli/__init__.py to __init__.cpython-310.pyc
[13.314s] byte-compiling /workspace/towen/install/rosidl_cli/lib/python3.10/site-packages/rosidl_cli/cli.py to cli.cpython-310.pyc
[13.314s] byte-compiling /workspace/towen/install/rosidl_cli/lib/python3.10/site-packages/rosidl_cli/common.py to common.cpython-310.pyc
[13.315s] byte-compiling /workspace/towen/install/rosidl_cli/lib/python3.10/site-packages/rosidl_cli/command/__init__.py to __init__.cpython-310.pyc
[13.315s] byte-compiling /workspace/towen/install/rosidl_cli/lib/python3.10/site-packages/rosidl_cli/command/translate/extensions.py to extensions.cpython-310.pyc
[13.315s] byte-compiling /workspace/towen/install/rosidl_cli/lib/python3.10/site-packages/rosidl_cli/command/translate/__init__.py to __init__.cpython-310.pyc
[13.315s] byte-compiling /workspace/towen/install/rosidl_cli/lib/python3.10/site-packages/rosidl_cli/command/translate/api.py to api.cpython-310.pyc
[13.315s] byte-compiling /workspace/towen/install/rosidl_cli/lib/python3.10/site-packages/rosidl_cli/command/helpers.py to helpers.cpython-310.pyc
[13.315s] byte-compiling /workspace/towen/install/rosidl_cli/lib/python3.10/site-packages/rosidl_cli/command/generate/extensions.py to extensions.cpython-310.pyc
[13.316s] byte-compiling /workspace/towen/install/rosidl_cli/lib/python3.10/site-packages/rosidl_cli/command/generate/__init__.py to __init__.cpython-310.pyc
[13.326s] byte-compiling /workspace/towen/install/rosidl_cli/lib/python3.10/site-packages/rosidl_cli/command/generate/api.py to api.cpython-310.pyc
[13.355s] running install_data
[13.403s] copying resource/rosidl_cli -> /workspace/towen/install/rosidl_cli/share/ament_index/resource_index/packages
[13.407s] copying package.xml -> /workspace/towen/install/rosidl_cli/share/rosidl_cli
[13.407s] copying resource/package.dsv -> /workspace/towen/install/rosidl_cli/share/rosidl_cli
[13.407s] copying completion/rosidl-argcomplete.bash -> /workspace/towen/install/rosidl_cli/share/rosidl_cli/environment
[13.407s] copying completion/rosidl-argcomplete.zsh -> /workspace/towen/install/rosidl_cli/share/rosidl_cli/environment
[13.417s] running install_egg_info
[13.735s] Copying ../../../build/rosidl_cli/rosidl_cli.egg-info to /workspace/towen/install/rosidl_cli/lib/python3.10/site-packages/rosidl_cli-3.1.7-py3.10.egg-info
[13.752s] running install_scripts
[14.858s] Installing rosidl script to /workspace/towen/install/rosidl_cli/bin
[14.860s] writing list of installed files to '/workspace/towen/build/rosidl_cli/install.log'
[15.029s] Invoked command in '/workspace/towen/src/rosidl/rosidl_cli' returned '0': BYOBU_DATE=%Y-%m-%d PYTHONPATH=/workspace/towen/build/rosidl_cli/prefix_override:/usr/lib/python3/dist-packages/colcon_core/task/python/colcon_distutils_commands:/workspace/towen/install/rosidl_cli/lib/python3.10/site-packages:${PYTHONPATH} /usr/bin/python3 -W ignore:setup.py install is deprecated setup.py egg_info --egg-base ../../../build/rosidl_cli build --build-base /workspace/towen/build/rosidl_cli/build install --record /workspace/towen/build/rosidl_cli/install.log --single-version-externally-managed install_data --force
