[0.657s] Invoking command in '/workspace/towen/build/image_geometry': BYOBU_DATE=%Y-%m-%d CMAKE_PREFIX_PATH=${CMAKE_PREFIX_PATH}:/workspace/towen/src/motionpackage/install/motionpackage:/workspace/towen/install/strategy:/workspace/towen/install/rosidl_cli:/workspace/towen/install/opencv_tests:/workspace/towen/install/motionpackage:/workspace/towen/install/imageprocess:/opt/ros/humble /usr/local/bin/cmake --build /workspace/towen/build/image_geometry -- -j6 -l6
[0.959s] [ 33%] Built target image_geometry
[0.990s] [ 33%] Built target ament_cmake_python_symlink_image_geometry
[1.009s] [ 55%] Built target gtest_main
[1.020s] [ 77%] Built target gtest
[1.104s] [100%] Built target image_geometry-utest
[1.846s] running egg_info
[1.894s] writing image_geometry.egg-info/PKG-INFO
[1.896s] writing dependency_links to image_geometry.egg-info/dependency_links.txt
[1.898s] writing top-level names to image_geometry.egg-info/top_level.txt
[2.056s] reading manifest file 'image_geometry.egg-info/SOURCES.txt'
[2.057s] writing manifest file 'image_geometry.egg-info/SOURCES.txt'
[2.171s] [100%] Built target ament_cmake_python_build_image_geometry_egg
[2.309s] Invoked command in '/workspace/towen/build/image_geometry' returned '0': BYOBU_DATE=%Y-%m-%d CMAKE_PREFIX_PATH=${CMAKE_PREFIX_PATH}:/workspace/towen/src/motionpackage/install/motionpackage:/workspace/towen/install/strategy:/workspace/towen/install/rosidl_cli:/workspace/towen/install/opencv_tests:/workspace/towen/install/motionpackage:/workspace/towen/install/imageprocess:/opt/ros/humble /usr/local/bin/cmake --build /workspace/towen/build/image_geometry -- -j6 -l6
[2.773s] Invoking command in '/workspace/towen/build/image_geometry': BYOBU_DATE=%Y-%m-%d CMAKE_PREFIX_PATH=${CMAKE_PREFIX_PATH}:/workspace/towen/src/motionpackage/install/motionpackage:/workspace/towen/install/strategy:/workspace/towen/install/rosidl_cli:/workspace/towen/install/opencv_tests:/workspace/towen/install/motionpackage:/workspace/towen/install/imageprocess:/opt/ros/humble /usr/local/bin/cmake --install /workspace/towen/build/image_geometry
[2.995s] -- Install configuration: "Release"
[2.996s] -- Execute custom install script
[2.996s] -- Up-to-date symlink: /workspace/towen/install/image_geometry/share/image_geometry/environment/pythonpath.sh
[2.997s] -- Up-to-date symlink: /workspace/towen/install/image_geometry/share/image_geometry/environment/pythonpath.dsv
[2.998s] -- Up-to-date symlink: /workspace/towen/install/image_geometry/local/lib/python3.10/dist-packages/image_geometry-3.2.1-py3.10.egg-info/PKG-INFO
[2.998s] -- Up-to-date symlink: /workspace/towen/install/image_geometry/local/lib/python3.10/dist-packages/image_geometry-3.2.1-py3.10.egg-info/SOURCES.txt
[2.999s] -- Up-to-date symlink: /workspace/towen/install/image_geometry/local/lib/python3.10/dist-packages/image_geometry-3.2.1-py3.10.egg-info/dependency_links.txt
[2.999s] -- Up-to-date symlink: /workspace/towen/install/image_geometry/local/lib/python3.10/dist-packages/image_geometry-3.2.1-py3.10.egg-info/top_level.txt
[3.001s] -- Up-to-date symlink: /workspace/towen/install/image_geometry/local/lib/python3.10/dist-packages/image_geometry/__init__.py
[3.001s] -- Up-to-date symlink: /workspace/towen/install/image_geometry/local/lib/python3.10/dist-packages/image_geometry/cameramodels.py
[3.002s] -- Up-to-date symlink: /workspace/towen/install/image_geometry/include/image_geometry/image_geometry/pinhole_camera_model.h
[3.002s] -- Up-to-date symlink: /workspace/towen/install/image_geometry/include/image_geometry/image_geometry/stereo_camera_model.h
[3.003s] -- Up-to-date symlink: /workspace/towen/install/image_geometry/include/image_geometry/image_geometry/visibility_control.hpp
[3.003s] -- Up-to-date symlink: /workspace/towen/install/image_geometry/share/ament_index/resource_index/package_run_dependencies/image_geometry
[3.004s] -- Up-to-date symlink: /workspace/towen/install/image_geometry/share/ament_index/resource_index/parent_prefix_path/image_geometry
[3.005s] -- Up-to-date symlink: /workspace/towen/install/image_geometry/share/image_geometry/environment/ament_prefix_path.sh
[3.006s] -- Up-to-date symlink: /workspace/towen/install/image_geometry/share/image_geometry/environment/ament_prefix_path.dsv
[3.006s] -- Up-to-date symlink: /workspace/towen/install/image_geometry/share/image_geometry/environment/path.sh
[3.007s] -- Up-to-date symlink: /workspace/towen/install/image_geometry/share/image_geometry/environment/path.dsv
[3.007s] -- Up-to-date symlink: /workspace/towen/install/image_geometry/share/image_geometry/local_setup.bash
[3.007s] -- Up-to-date symlink: /workspace/towen/install/image_geometry/share/image_geometry/local_setup.sh
[3.008s] -- Up-to-date symlink: /workspace/towen/install/image_geometry/share/image_geometry/local_setup.zsh
[3.008s] -- Up-to-date symlink: /workspace/towen/install/image_geometry/share/image_geometry/local_setup.dsv
[3.009s] -- Symlinking: /workspace/towen/install/image_geometry/share/image_geometry/package.dsv
[3.020s] -- Up-to-date symlink: /workspace/towen/install/image_geometry/share/ament_index/resource_index/packages/image_geometry
[3.020s] -- Up-to-date symlink: /workspace/towen/install/image_geometry/share/image_geometry/cmake/ament_cmake_export_targets-extras.cmake
[3.021s] -- Up-to-date symlink: /workspace/towen/install/image_geometry/share/image_geometry/cmake/ament_cmake_export_dependencies-extras.cmake
[3.021s] -- Up-to-date symlink: /workspace/towen/install/image_geometry/share/image_geometry/cmake/image_geometryConfig.cmake
[3.022s] -- Up-to-date symlink: /workspace/towen/install/image_geometry/share/image_geometry/cmake/image_geometryConfig-version.cmake
[3.022s] -- Up-to-date symlink: /workspace/towen/install/image_geometry/share/image_geometry/package.xml
[3.148s] Listing '/workspace/towen/install/image_geometry/local/lib/python3.10/dist-packages/image_geometry'...
[3.156s] -- Up-to-date: /workspace/towen/install/image_geometry/lib/libimage_geometry.so
[3.158s] -- Up-to-date: /workspace/towen/install/image_geometry/share/image_geometry/cmake/export_image_geometryExport.cmake
[3.159s] -- Up-to-date: /workspace/towen/install/image_geometry/share/image_geometry/cmake/export_image_geometryExport-release.cmake
[3.210s] Invoked command in '/workspace/towen/build/image_geometry' returned '0': BYOBU_DATE=%Y-%m-%d CMAKE_PREFIX_PATH=${CMAKE_PREFIX_PATH}:/workspace/towen/src/motionpackage/install/motionpackage:/workspace/towen/install/strategy:/workspace/towen/install/rosidl_cli:/workspace/towen/install/opencv_tests:/workspace/towen/install/motionpackage:/workspace/towen/install/imageprocess:/opt/ros/humble /usr/local/bin/cmake --install /workspace/towen/build/image_geometry
