[4.437s] Invoking command in '/workspace/towen/src/strategy': BYOBU_DATE=%Y-%m-%d PYTHONPATH=/workspace/towen/build/strategy/prefix_override:/usr/lib/python3/dist-packages/colcon_core/task/python/colcon_distutils_commands:/workspace/towen/install/strategy/lib/python3.10/site-packages:${PYTHONPATH} /usr/bin/python3 -W ignore:setup.py install is deprecated setup.py egg_info --egg-base ../../build/strategy build --build-base /workspace/towen/build/strategy/build install --record /workspace/towen/build/strategy/install.log --single-version-externally-managed install_data
[5.059s] /home/work/.local/lib/python3.10/site-packages/setuptools/_distutils/dist.py:289: UserWarning: Unknown distribution option: 'tests_require'
[5.059s]   warnings.warn(msg)
[5.260s] /home/work/.local/lib/python3.10/site-packages/setuptools/dist.py:759: SetuptoolsDeprecationWarning: License classifiers are deprecated.
[5.261s] !!
[5.261s] 
[5.261s]         ********************************************************************************
[5.261s]         Please consider removing the following classifiers in favor of a SPDX license expression:
[5.261s] 
[5.261s]         License :: OSI Approved :: Apache Software License
[5.262s] 
[5.262s]         See https://packaging.python.org/en/latest/guides/writing-pyproject-toml/#license for details.
[5.262s]         ********************************************************************************
[5.262s] 
[5.262s] !!
[5.262s]   self._finalize_license_expression()
[5.545s] running egg_info
[5.632s] writing ../../build/strategy/strategy.egg-info/PKG-INFO
[5.632s] writing dependency_links to ../../build/strategy/strategy.egg-info/dependency_links.txt
[5.632s] writing entry points to ../../build/strategy/strategy.egg-info/entry_points.txt
[5.632s] writing requirements to ../../build/strategy/strategy.egg-info/requires.txt
[5.633s] writing top-level names to ../../build/strategy/strategy.egg-info/top_level.txt
[5.757s] reading manifest file '../../build/strategy/strategy.egg-info/SOURCES.txt'
[5.758s] adding license file 'LICENSE'
[5.762s] writing manifest file '../../build/strategy/strategy.egg-info/SOURCES.txt'
[5.763s] running build
[5.763s] running build_py
[5.765s] copying strategy/__init__.py -> /workspace/towen/build/strategy/build/lib/strategy
[5.766s] copying strategy/API.py -> /workspace/towen/build/strategy/build/lib/strategy
[5.766s] copying strategy/mar/__init__.py -> /workspace/towen/build/strategy/build/lib/strategy/mar
[5.777s] copying strategy/mar/mar.py -> /workspace/towen/build/strategy/build/lib/strategy/mar
[5.777s] copying strategy/wl/wl.py -> /workspace/towen/build/strategy/build/lib/strategy/wl
[5.777s] copying strategy/wl/__init__.py -> /workspace/towen/build/strategy/build/lib/strategy/wl
[5.777s] copying strategy/sp/sp.py -> /workspace/towen/build/strategy/build/lib/strategy/sp
[5.777s] copying strategy/sp/__init__.py -> /workspace/towen/build/strategy/build/lib/strategy/sp
[5.777s] copying strategy/obs/__init__.py -> /workspace/towen/build/strategy/build/lib/strategy/obs
[5.778s] copying strategy/obs/obs.py -> /workspace/towen/build/strategy/build/lib/strategy/obs
[5.780s] copying strategy/sr/__init__.py -> /workspace/towen/build/strategy/build/lib/strategy/sr
[5.781s] copying strategy/sr/sr.py -> /workspace/towen/build/strategy/build/lib/strategy/sr
[5.782s] copying strategy/bb/__init__.py -> /workspace/towen/build/strategy/build/lib/strategy/bb
[5.782s] copying strategy/bb/bb.py -> /workspace/towen/build/strategy/build/lib/strategy/bb
[5.783s] copying strategy/ar/__init__.py -> /workspace/towen/build/strategy/build/lib/strategy/ar
[5.785s] copying strategy/ar/ar.py -> /workspace/towen/build/strategy/build/lib/strategy/ar
[5.798s] running install
[5.805s] running install_lib
[5.873s] running install_data
[5.873s] copying resource/strategy -> /workspace/towen/install/strategy/share/ament_index/resource_index/packages
[5.873s] copying package.xml -> /workspace/towen/install/strategy/share/strategy
[5.874s] running install_egg_info
[5.948s] removing '/workspace/towen/install/strategy/lib/python3.10/site-packages/strategy-0.0.0-py3.10.egg-info' (and everything under it)
[5.949s] Copying ../../build/strategy/strategy.egg-info to /workspace/towen/install/strategy/lib/python3.10/site-packages/strategy-0.0.0-py3.10.egg-info
[5.954s] running install_scripts
[6.108s] Installing ar script to /workspace/towen/install/strategy/lib/strategy
[6.114s] Installing bb script to /workspace/towen/install/strategy/lib/strategy
[6.116s] Installing mar script to /workspace/towen/install/strategy/lib/strategy
[6.127s] Installing obs script to /workspace/towen/install/strategy/lib/strategy
[6.128s] Installing sp script to /workspace/towen/install/strategy/lib/strategy
[6.129s] Installing sr script to /workspace/towen/install/strategy/lib/strategy
[6.129s] Installing wl script to /workspace/towen/install/strategy/lib/strategy
[6.129s] writing list of installed files to '/workspace/towen/build/strategy/install.log'
[6.231s] Invoked command in '/workspace/towen/src/strategy' returned '0': BYOBU_DATE=%Y-%m-%d PYTHONPATH=/workspace/towen/build/strategy/prefix_override:/usr/lib/python3/dist-packages/colcon_core/task/python/colcon_distutils_commands:/workspace/towen/install/strategy/lib/python3.10/site-packages:${PYTHONPATH} /usr/bin/python3 -W ignore:setup.py install is deprecated setup.py egg_info --egg-base ../../build/strategy build --build-base /workspace/towen/build/strategy/build install --record /workspace/towen/build/strategy/install.log --single-version-externally-managed install_data
