[1.737s] Invoking command in '/home/iclab/Desktop/humanoid/build/web_video_server': BYOBU_DATE=%Y-%m-%d CMAKE_PREFIX_PATH=${CMAKE_PREFIX_PATH}:/home/iclab/Desktop/humanoid/install/wula:/home/iclab/Desktop/humanoid/install/motionpackage:/home/iclab/Desktop/humanoid/install/imageprocess:/opt/ros/humble /usr/bin/cmake --build /home/iclab/Desktop/humanoid/build/web_video_server -- -j6 -l6
[2.127s] [100%] Built target web_video_server
[2.577s] Invoked command in '/home/iclab/Desktop/humanoid/build/web_video_server' returned '0': BYOBU_DATE=%Y-%m-%d CMAKE_PREFIX_PATH=${CMAKE_PREFIX_PATH}:/home/iclab/Desktop/humanoid/install/wula:/home/iclab/Desktop/humanoid/install/motionpackage:/home/iclab/Desktop/humanoid/install/imageprocess:/opt/ros/humble /usr/bin/cmake --build /home/iclab/Desktop/humanoid/build/web_video_server -- -j6 -l6
[2.579s] Invoking command in '/home/iclab/Desktop/humanoid/build/web_video_server': BYOBU_DATE=%Y-%m-%d CMAKE_PREFIX_PATH=${CMAKE_PREFIX_PATH}:/home/iclab/Desktop/humanoid/install/wula:/home/iclab/Desktop/humanoid/install/motionpackage:/home/iclab/Desktop/humanoid/install/imageprocess:/opt/ros/humble /usr/bin/cmake --install /home/iclab/Desktop/humanoid/build/web_video_server
[2.902s] -- Install configuration: ""
[2.921s] -- Up-to-date: /home/iclab/Desktop/humanoid/install/web_video_server/lib/web_video_server/web_video_server
[2.921s] -- Up-to-date: /home/iclab/Desktop/humanoid/install/web_video_server/include/web_video_server
[2.921s] -- Up-to-date: /home/iclab/Desktop/humanoid/install/web_video_server/include/web_video_server/multipart_stream.h
[2.922s] -- Up-to-date: /home/iclab/Desktop/humanoid/install/web_video_server/include/web_video_server/h264_streamer.h
[2.922s] -- Up-to-date: /home/iclab/Desktop/humanoid/install/web_video_server/include/web_video_server/libav_streamer.h
[2.922s] -- Up-to-date: /home/iclab/Desktop/humanoid/install/web_video_server/include/web_video_server/web_video_server.h
[2.922s] -- Up-to-date: /home/iclab/Desktop/humanoid/install/web_video_server/include/web_video_server/ros_compressed_streamer.h
[2.922s] -- Up-to-date: /home/iclab/Desktop/humanoid/install/web_video_server/include/web_video_server/png_streamers.h
[2.922s] -- Up-to-date: /home/iclab/Desktop/humanoid/install/web_video_server/include/web_video_server/vp8_streamer.h
[2.922s] -- Up-to-date: /home/iclab/Desktop/humanoid/install/web_video_server/include/web_video_server/vp9_streamer.h
[2.923s] -- Up-to-date: /home/iclab/Desktop/humanoid/install/web_video_server/include/web_video_server/jpeg_streamers.h
[2.923s] -- Up-to-date: /home/iclab/Desktop/humanoid/install/web_video_server/include/web_video_server/image_streamer.h
[2.923s] -- Up-to-date: /home/iclab/Desktop/humanoid/install/web_video_server/share/ament_index/resource_index/package_run_dependencies/web_video_server
[2.923s] -- Up-to-date: /home/iclab/Desktop/humanoid/install/web_video_server/share/ament_index/resource_index/parent_prefix_path/web_video_server
[2.923s] -- Up-to-date: /home/iclab/Desktop/humanoid/install/web_video_server/share/web_video_server/environment/ament_prefix_path.sh
[2.923s] -- Up-to-date: /home/iclab/Desktop/humanoid/install/web_video_server/share/web_video_server/environment/ament_prefix_path.dsv
[2.923s] -- Up-to-date: /home/iclab/Desktop/humanoid/install/web_video_server/share/web_video_server/environment/path.sh
[2.924s] -- Up-to-date: /home/iclab/Desktop/humanoid/install/web_video_server/share/web_video_server/environment/path.dsv
[2.924s] -- Up-to-date: /home/iclab/Desktop/humanoid/install/web_video_server/share/web_video_server/local_setup.bash
[2.924s] -- Up-to-date: /home/iclab/Desktop/humanoid/install/web_video_server/share/web_video_server/local_setup.sh
[2.924s] -- Up-to-date: /home/iclab/Desktop/humanoid/install/web_video_server/share/web_video_server/local_setup.zsh
[2.924s] -- Up-to-date: /home/iclab/Desktop/humanoid/install/web_video_server/share/web_video_server/local_setup.dsv
[2.924s] -- Installing: /home/iclab/Desktop/humanoid/install/web_video_server/share/web_video_server/package.dsv
[2.925s] -- Up-to-date: /home/iclab/Desktop/humanoid/install/web_video_server/share/ament_index/resource_index/packages/web_video_server
[2.925s] -- Up-to-date: /home/iclab/Desktop/humanoid/install/web_video_server/share/web_video_server/cmake/web_video_serverConfig.cmake
[2.925s] -- Up-to-date: /home/iclab/Desktop/humanoid/install/web_video_server/share/web_video_server/cmake/web_video_serverConfig-version.cmake
[2.925s] -- Up-to-date: /home/iclab/Desktop/humanoid/install/web_video_server/share/web_video_server/package.xml
[2.925s] Invoked command in '/home/iclab/Desktop/humanoid/build/web_video_server' returned '0': BYOBU_DATE=%Y-%m-%d CMAKE_PREFIX_PATH=${CMAKE_PREFIX_PATH}:/home/iclab/Desktop/humanoid/install/wula:/home/iclab/Desktop/humanoid/install/motionpackage:/home/iclab/Desktop/humanoid/install/imageprocess:/opt/ros/humble /usr/bin/cmake --install /home/iclab/Desktop/humanoid/build/web_video_server
