[33mCMake Warning (dev) at /usr/local/zed/zed-config.cmake:73 (find_package):
  Policy CMP0146 is not set: The FindCUDA module is removed.  Run "cmake
  --help-policy CMP0146" for policy details.  Use the cmake_policy command to
  set the policy and suppress this warning.

Call Stack (most recent call first):
  CMakeLists.txt:84 (find_package)
This warning is for project developers.  Use -Wno-dev to suppress it.
[0m
-- Found CUDA: /usr/local/cuda (found suitable version "12.6", minimum required is "12.6")
[33mCMake Warning (dev) at /usr/local/zed/zed-config.cmake:78 (exec_program):
  Policy CMP0153 is not set: The exec_program command should not be called.
  Run "cmake --help-policy CMP0153" for policy details.  Use the cmake_policy
  command to set the policy and suppress this warning.

  Use execute_process() instead.
Call Stack (most recent call first):
  CMakeLists.txt:84 (find_package)
This warning is for project developers.  Use -Wno-dev to suppress it.
[0m
[33mCMake Warning (dev) at /usr/local/zed/zed-config.cmake:79 (exec_program):
  Policy CMP0153 is not set: The exec_program command should not be called.
  Run "cmake --help-policy CMP0153" for policy details.  Use the cmake_policy
  command to set the policy and suppress this warning.

  Use execute_process() instead.
Call Stack (most recent call first):
  CMakeLists.txt:84 (find_package)
This warning is for project developers.  Use -Wno-dev to suppress it.
[0m
[33mCMake Warning (dev) at /usr/local/zed/zed-config.cmake:95 (exec_program):
  Policy CMP0153 is not set: The exec_program command should not be called.
  Run "cmake --help-policy CMP0153" for policy details.  Use the cmake_policy
  command to set the policy and suppress this warning.

  Use execute_process() instead.
Call Stack (most recent call first):
  CMakeLists.txt:84 (find_package)
This warning is for project developers.  Use -Wno-dev to suppress it.
[0m
[33mCMake Warning (dev) at /usr/local/zed/zed-config.cmake:123 (exec_program):
  Policy CMP0153 is not set: The exec_program command should not be called.
  Run "cmake --help-policy CMP0153" for policy details.  Use the cmake_policy
  command to set the policy and suppress this warning.

  Use execute_process() instead.
Call Stack (most recent call first):
  CMakeLists.txt:84 (find_package)
This warning is for project developers.  Use -Wno-dev to suppress it.
[0m
[33mCMake Warning (dev) at CMakeLists.txt:86 (exec_program):
  Policy CMP0153 is not set: The exec_program command should not be called.
  Run "cmake --help-policy CMP0153" for policy details.  Use the cmake_policy
  command to set the policy and suppress this warning.

  Use execute_process() instead.
This warning is for project developers.  Use -Wno-dev to suppress it.
[0m
[33mCMake Warning (dev) at CMakeLists.txt:91 (find_package):
  Policy CMP0146 is not set: The FindCUDA module is removed.  Run "cmake
  --help-policy CMP0146" for policy details.  Use the cmake_policy command to
  set the policy and suppress this warning.

This warning is for project developers.  Use -Wno-dev to suppress it.
[0m
-- Found CUDA: /usr/local/cuda (found version "12.6")
-- Found ament_cmake_auto: 1.3.10 (/opt/ros/humble/install/share/ament_cmake_auto/cmake)
-- Override CMake install command with custom implementation using symlinks instead of copying resources
-- Found rosidl_generator_c: 3.1.5 (/opt/ros/humble/install/share/rosidl_generator_c/cmake)
-- Found rosidl_adapter: 3.1.5 (/opt/ros/humble/install/share/rosidl_adapter/cmake)
-- Found rosidl_generator_cpp: 3.1.5 (/opt/ros/humble/install/share/rosidl_generator_cpp/cmake)
-- Using all available rosidl_typesupport_c: rosidl_typesupport_introspection_c;rosidl_typesupport_fastrtps_c
-- Using all available rosidl_typesupport_cpp: rosidl_typesupport_introspection_cpp;rosidl_typesupport_fastrtps_cpp
-- Found rmw_implementation_cmake: 6.1.2 (/opt/ros/humble/install/share/rmw_implementation_cmake/cmake)
-- Found rmw_fastrtps_cpp: 6.2.7 (/opt/ros/humble/install/share/rmw_fastrtps_cpp/cmake)
-- Using RMW implementation 'rmw_fastrtps_cpp' as default
-- Found eigen3_cmake_module: 0.1.1 (/opt/ros/humble/install/share/eigen3_cmake_module/cmake)
-- Ensuring Eigen3 include directory is part of orocos-kdl CMake target
-- Found ament_lint_auto: 0.12.11 (/opt/ros/humble/install/share/ament_lint_auto/cmake)
-- Added test 'copyright' to check source files copyright and LICENSE
-- Added test 'cppcheck' to perform static code analysis on C / C++ code
-- Configured cppcheck include dirs: /workspace/towen/src/zed-ros2-wrapper/zed_components/src/include;/workspace/towen/src/zed-ros2-wrapper/zed_components/src/zed_camera/include;/workspace/towen/src/zed-ros2-wrapper/zed_components/src/tools/include
-- Configured cppcheck exclude dirs and/or files: 
-- Added test 'lint_cmake' to check CMake code style
-- Added test 'uncrustify' to check C / C++ code style
-- Configured uncrustify additional arguments: 
-- Added test 'xmllint' to check XML markup files
-- Configuring done (3.7s)
-- Generating done (0.2s)
-- Build files have been written to: /workspace/towen/build/zed_components
