[5.416s] Invoking command in '/workspace/towen/src/strategy': BYOBU_DATE=%Y-%m-%d PYTHONPATH=/workspace/towen/build/strategy/prefix_override:/usr/lib/python3/dist-packages/colcon_core/task/python/colcon_distutils_commands:/workspace/towen/install/strategy/lib/python3.10/site-packages:${PYTHONPATH} /usr/bin/python3 -W ignore:setup.py install is deprecated setup.py egg_info --egg-base ../../build/strategy build --build-base /workspace/towen/build/strategy/build install --record /workspace/towen/build/strategy/install.log --single-version-externally-managed install_data
[6.830s] Traceback (most recent call last):
[6.839s]   File "/workspace/towen/src/strategy/setup.py", line 5, in <module>
[6.839s]     setup(
[6.840s]   File "/usr/local/lib/python3.10/dist-packages/setuptools/__init__.py", line 117, in setup
[6.840s]     return distutils.core.setup(**attrs)
[6.840s]   File "/usr/local/lib/python3.10/dist-packages/setuptools/_distutils/core.py", line 145, in setup
[6.840s]     _setup_distribution = dist = klass(attrs)
[6.840s]   File "/usr/local/lib/python3.10/dist-packages/setuptools/dist.py", line 283, in __init__
[6.840s]     _Distribution.__init__(self, dist_attrs)
[6.840s]   File "/usr/local/lib/python3.10/dist-packages/setuptools/_distutils/dist.py", line 279, in __init__
[6.841s]     self.finalize_options()
[6.841s]   File "/usr/local/lib/python3.10/dist-packages/setuptools/dist.py", line 631, in finalize_options
[6.841s]     defined = metadata.entry_points(group=group)
[6.841s]   File "/usr/lib/python3.10/importlib/metadata/__init__.py", line 1021, in entry_points
[6.841s]     return SelectableGroups.load(eps).select(**params)
[6.841s]   File "/usr/lib/python3.10/importlib/metadata/__init__.py", line 487, in select
[6.842s]     return self._all.select(**params)
[6.842s]   File "/usr/lib/python3.10/importlib/metadata/__init__.py", line 359, in select
[6.842s]     return EntryPoints(ep for ep in self if ep.matches(**params))
[6.842s]   File "/usr/lib/python3.10/importlib/metadata/__init__.py", line 359, in <genexpr>
[6.842s]     return EntryPoints(ep for ep in self if ep.matches(**params))
[6.842s]   File "/usr/lib/python3.10/importlib/metadata/__init__.py", line 211, in matches
[6.842s]     def matches(self, **params):
[6.842s] KeyboardInterrupt
