[1.885s] Invoking command in '/workspace/towen/build/strategy': BYOBU_DATE=%Y-%m-%d PYTHONPATH=/workspace/towen/build/strategy/prefix_override:/usr/lib/python3/dist-packages/colcon_core/task/python/colcon_distutils_commands:/workspace/towen/install/strategy/lib/python3.10/site-packages:${PYTHONPATH} /usr/bin/python3 -W ignore:setup.py install is deprecated setup.py develop --editable --build-directory /workspace/towen/build/strategy/build --no-deps symlink_data --force
[2.644s] running develop
[2.646s] /usr/local/lib/python3.10/dist-packages/setuptools/command/develop.py:41: EasyInstallDeprecationWarning: easy_install command is deprecated.
[2.647s] !!
[2.647s] 
[2.647s]         ********************************************************************************
[2.648s]         Please avoid running ``setup.py`` and ``easy_install``.
[2.648s]         Instead, use pypa/build, pypa/installer or other
[2.648s]         standards-based tools.
[2.648s] 
[2.649s]         See https://github.com/pypa/setuptools/issues/917 for details.
[2.649s]         ********************************************************************************
[2.649s] 
[2.649s] !!
[2.650s]   easy_install.initialize_options(self)
[3.113s] running egg_info
[3.147s] writing strategy.egg-info/PKG-INFO
[3.149s] writing dependency_links to strategy.egg-info/dependency_links.txt
[3.150s] writing entry points to strategy.egg-info/entry_points.txt
[3.150s] writing requirements to strategy.egg-info/requires.txt
[3.151s] writing top-level names to strategy.egg-info/top_level.txt
[3.223s] reading manifest file 'strategy.egg-info/SOURCES.txt'
[3.226s] writing manifest file 'strategy.egg-info/SOURCES.txt'
[3.350s] running build_ext
[3.351s] Creating /workspace/towen/install/strategy/lib/python3.10/site-packages/strategy.egg-link (link to .)
[3.354s] Installing ar script to /workspace/towen/install/strategy/lib/strategy
[3.354s] Installing bb script to /workspace/towen/install/strategy/lib/strategy
[3.355s] Installing mar script to /workspace/towen/install/strategy/lib/strategy
[3.355s] Installing obs script to /workspace/towen/install/strategy/lib/strategy
[3.356s] Installing sp script to /workspace/towen/install/strategy/lib/strategy
[3.356s] Installing sr script to /workspace/towen/install/strategy/lib/strategy
[3.356s] Installing wl script to /workspace/towen/install/strategy/lib/strategy
[3.356s] 
[3.357s] Installed /workspace/towen/build/strategy
[3.357s] running symlink_data
[3.357s] symbolically linking /workspace/towen/build/strategy/resource/strategy -> /workspace/towen/install/strategy/share/ament_index/resource_index/packages
[3.358s] symbolically linking /workspace/towen/build/strategy/package.xml -> /workspace/towen/install/strategy/share/strategy
[3.456s] Invoked command in '/workspace/towen/build/strategy' returned '0': BYOBU_DATE=%Y-%m-%d PYTHONPATH=/workspace/towen/build/strategy/prefix_override:/usr/lib/python3/dist-packages/colcon_core/task/python/colcon_distutils_commands:/workspace/towen/install/strategy/lib/python3.10/site-packages:${PYTHONPATH} /usr/bin/python3 -W ignore:setup.py install is deprecated setup.py develop --editable --build-directory /workspace/towen/build/strategy/build --no-deps symlink_data --force
