[0.006s] Invoking command in '/home/iclab/Desktop/humanoid/build/usb_cam': BYOBU_DATE=%Y-%m-%d CMAKE_PREFIX_PATH=/home/iclab/Desktop/humanoid/install/tku_msgs:/home/iclab/Desktop/humanoid/install/web_video_server:/home/iclab/Desktop/humanoid/install/usb_cam:/home/iclab/Desktop/humanoid/install/wula:/home/iclab/Desktop/humanoid/install/motionpackage:/home/iclab/Desktop/humanoid/install/imageprocess:/opt/ros/humble LD_LIBRARY_PATH=/home/iclab/Desktop/humanoid/install/tku_msgs/lib:/usr/local/cuda-12.6/lib64:/home/iclab/Desktop/humanoid/install/usb_cam/lib:/opt/ros/humble/opt/rviz_ogre_vendor/lib:/opt/ros/humble/lib/aarch64-linux-gnu:/opt/ros/humble/lib:/usr/local/cuda-12.6/lib64 /usr/bin/cmake --build /home/iclab/Desktop/humanoid/build/usb_cam -- -j6 -l6
[0.360s] [ 14%] Built target usb_cam_node_exe
[0.370s] [ 28%] Built target gtest
[0.415s] [ 42%] Built target gtest_main
[0.443s] [ 57%] Built target usb_cam
[0.546s] [35m[1mConsolidate compiler generated dependencies of target usb_cam_node[0m
[0.557s] [ 71%] Built target test_pixel_formats
[0.578s] [ 85%] Built target test_usb_cam_utils
[0.632s] [ 92%] [32mBuilding CXX object CMakeFiles/usb_cam_node.dir/src/usb_cam_node.cpp.o[0m
[12.349s] [01m[K/home/iclab/Desktop/humanoid/src/usb_cam/src/usb_cam_node.cpp:487:5:[m[K [01;31m[Kerror: [m[Kno declaration matches ‘[01m[Kint usb_cam::UsbCam::get_v4l_parameter(const string&)[m[K’
[12.349s]   487 | int [01;31m[Kusb_cam[m[K::UsbCam::get_v4l_parameter(const std::string &param) {
[12.350s]       |     [01;31m[K^~~~~~~[m[K
[12.350s] [01m[K/home/iclab/Desktop/humanoid/src/usb_cam/src/usb_cam_node.cpp:487:5:[m[K [01;36m[Knote: [m[Kno functions named ‘[01m[Kint usb_cam::UsbCam::get_v4l_parameter(const string&)[m[K’
[12.350s] In file included from [01m[K/home/iclab/Desktop/humanoid/src/usb_cam/include/usb_cam/usb_cam_node.hpp:18[m[K,
[12.350s]                  from [01m[K/home/iclab/Desktop/humanoid/src/usb_cam/src/usb_cam_node.cpp:6[m[K:
[12.350s] [01m[K/home/iclab/Desktop/humanoid/src/usb_cam/include/usb_cam/usb_cam.hpp:192:7:[m[K [01;36m[Knote: [m[K‘[01m[Kclass usb_cam::UsbCam[m[K’ defined here
[12.350s]   192 | class [01;36m[KUsbCam[m[K
[12.351s]       |       [01;36m[K^~~~~~[m[K
[12.351s] [01m[K/home/iclab/Desktop/humanoid/src/usb_cam/src/usb_cam_node.cpp:[m[K In member function ‘[01m[Kvoid usb_cam::UsbCamNode::camera_param_callback(const Camera&)[m[K’:
[12.351s] [01m[K/home/iclab/Desktop/humanoid/src/usb_cam/src/usb_cam_node.cpp:556:40:[m[K [01;31m[Kerror: [m[K‘[01m[Kclass usb_cam::UsbCam[m[K’ has no member named ‘[01m[Kget_v4l_parameter[m[K’; did you mean ‘[01m[Kset_v4l_parameter[m[K’?
[12.351s]   556 |       cached_auto_wb_temp_ = m_camera->[01;31m[Kget_v4l_parameter[m[K("white_balance_temperature");
[12.351s]       |                                        [01;31m[K^~~~~~~~~~~~~~~~~[m[K
[12.352s]       |                                        [32m[Kset_v4l_parameter[m[K
[24.972s] gmake[2]: *** [CMakeFiles/usb_cam_node.dir/build.make:76: CMakeFiles/usb_cam_node.dir/src/usb_cam_node.cpp.o] Error 1
[24.972s] gmake[1]: *** [CMakeFiles/Makefile2:189: CMakeFiles/usb_cam_node.dir/all] Error 2
[24.973s] gmake: *** [Makefile:146: all] Error 2
[24.978s] Invoked command in '/home/iclab/Desktop/humanoid/build/usb_cam' returned '2': BYOBU_DATE=%Y-%m-%d CMAKE_PREFIX_PATH=/home/iclab/Desktop/humanoid/install/tku_msgs:/home/iclab/Desktop/humanoid/install/web_video_server:/home/iclab/Desktop/humanoid/install/usb_cam:/home/iclab/Desktop/humanoid/install/wula:/home/iclab/Desktop/humanoid/install/motionpackage:/home/iclab/Desktop/humanoid/install/imageprocess:/opt/ros/humble LD_LIBRARY_PATH=/home/iclab/Desktop/humanoid/install/tku_msgs/lib:/usr/local/cuda-12.6/lib64:/home/iclab/Desktop/humanoid/install/usb_cam/lib:/opt/ros/humble/opt/rviz_ogre_vendor/lib:/opt/ros/humble/lib/aarch64-linux-gnu:/opt/ros/humble/lib:/usr/local/cuda-12.6/lib64 /usr/bin/cmake --build /home/iclab/Desktop/humanoid/build/usb_cam -- -j6 -l6
