[3.042s] Invoking command in '/workspace/towen/src/strategy': BYOBU_DATE=%Y-%m-%d PYTHONPATH=/workspace/towen/build/strategy/prefix_override:/usr/lib/python3/dist-packages/colcon_core/task/python/colcon_distutils_commands:/workspace/towen/install/strategy/lib/python3.10/site-packages:${PYTHONPATH} /usr/bin/python3 -W ignore:setup.py install is deprecated setup.py egg_info --egg-base ../../build/strategy build --build-base /workspace/towen/build/strategy/build install --record /workspace/towen/build/strategy/install.log --single-version-externally-managed install_data
[3.846s] running egg_info
[3.920s] writing ../../build/strategy/strategy.egg-info/PKG-INFO
[3.925s] writing dependency_links to ../../build/strategy/strategy.egg-info/dependency_links.txt
[3.925s] writing entry points to ../../build/strategy/strategy.egg-info/entry_points.txt
[3.926s] writing requirements to ../../build/strategy/strategy.egg-info/requires.txt
[3.926s] writing top-level names to ../../build/strategy/strategy.egg-info/top_level.txt
[4.046s] reading manifest file '../../build/strategy/strategy.egg-info/SOURCES.txt'
[4.047s] adding license file 'LICENSE'
[4.049s] writing manifest file '../../build/strategy/strategy.egg-info/SOURCES.txt'
[4.050s] running build
[4.050s] running build_py
[4.051s] copying strategy/__init__.py -> /workspace/towen/build/strategy/build/lib/strategy
[4.051s] copying strategy/API.py -> /workspace/towen/build/strategy/build/lib/strategy
[4.053s] copying strategy/mar/__init__.py -> /workspace/towen/build/strategy/build/lib/strategy/mar
[4.054s] copying strategy/mar/mar.py -> /workspace/towen/build/strategy/build/lib/strategy/mar
[4.054s] copying strategy/wl/wl.py -> /workspace/towen/build/strategy/build/lib/strategy/wl
[4.056s] copying strategy/wl/__init__.py -> /workspace/towen/build/strategy/build/lib/strategy/wl
[4.058s] copying strategy/sp/sp.py -> /workspace/towen/build/strategy/build/lib/strategy/sp
[4.063s] copying strategy/sp/__init__.py -> /workspace/towen/build/strategy/build/lib/strategy/sp
[4.063s] copying strategy/obs/__init__.py -> /workspace/towen/build/strategy/build/lib/strategy/obs
[4.064s] copying strategy/obs/obs.py -> /workspace/towen/build/strategy/build/lib/strategy/obs
[4.064s] copying strategy/sr/__init__.py -> /workspace/towen/build/strategy/build/lib/strategy/sr
[4.064s] copying strategy/sr/sr.py -> /workspace/towen/build/strategy/build/lib/strategy/sr
[4.064s] copying strategy/bb/__init__.py -> /workspace/towen/build/strategy/build/lib/strategy/bb
[4.064s] copying strategy/bb/bb.py -> /workspace/towen/build/strategy/build/lib/strategy/bb
[4.065s] copying strategy/ar/__init__.py -> /workspace/towen/build/strategy/build/lib/strategy/ar
[4.065s] copying strategy/ar/ar.py -> /workspace/towen/build/strategy/build/lib/strategy/ar
[4.068s] running install
[4.078s] running install_lib
[4.136s] copying /workspace/towen/build/strategy/build/lib/strategy/ar/ar.py -> /workspace/towen/install/strategy/lib/python3.10/site-packages/strategy/ar
[4.139s] byte-compiling /workspace/towen/install/strategy/lib/python3.10/site-packages/strategy/ar/ar.py to ar.cpython-310.pyc
[4.140s]   File "/workspace/towen/install/strategy/lib/python3.10/site-packages/strategy/ar/ar.py", line 91
[4.141s]     else:
[4.141s]     ^^^^
[4.141s] SyntaxError: invalid syntax
[4.141s] 
[4.142s] running install_data
[4.142s] copying resource/strategy -> /workspace/towen/install/strategy/share/ament_index/resource_index/packages
[4.142s] copying package.xml -> /workspace/towen/install/strategy/share/strategy
[4.142s] running install_egg_info
[4.197s] removing '/workspace/towen/install/strategy/lib/python3.10/site-packages/strategy-0.0.0-py3.10.egg-info' (and everything under it)
[4.197s] Copying ../../build/strategy/strategy.egg-info to /workspace/towen/install/strategy/lib/python3.10/site-packages/strategy-0.0.0-py3.10.egg-info
[4.199s] running install_scripts
[4.650s] Installing ar script to /workspace/towen/install/strategy/lib/strategy
[4.650s] Installing bb script to /workspace/towen/install/strategy/lib/strategy
[4.653s] Installing mar script to /workspace/towen/install/strategy/lib/strategy
[4.653s] Installing obs script to /workspace/towen/install/strategy/lib/strategy
[4.653s] Installing sp script to /workspace/towen/install/strategy/lib/strategy
[4.653s] Installing sr script to /workspace/towen/install/strategy/lib/strategy
[4.653s] Installing wl script to /workspace/towen/install/strategy/lib/strategy
[4.655s] writing list of installed files to '/workspace/towen/build/strategy/install.log'
[4.763s] Invoked command in '/workspace/towen/src/strategy' returned '0': BYOBU_DATE=%Y-%m-%d PYTHONPATH=/workspace/towen/build/strategy/prefix_override:/usr/lib/python3/dist-packages/colcon_core/task/python/colcon_distutils_commands:/workspace/towen/install/strategy/lib/python3.10/site-packages:${PYTHONPATH} /usr/bin/python3 -W ignore:setup.py install is deprecated setup.py egg_info --egg-base ../../build/strategy build --build-base /workspace/towen/build/strategy/build install --record /workspace/towen/build/strategy/install.log --single-version-externally-managed install_data
