[3.826s] Invoking command in '/workspace/towen/src/imageprocess': BYOBU_DATE=%Y-%m-%d PYTHONPATH=/workspace/towen/build/imageprocess/prefix_override:/usr/lib/python3/dist-packages/colcon_core/task/python/colcon_distutils_commands:/workspace/towen/install/imageprocess/lib/python3.10/site-packages:${PYTHONPATH} /usr/bin/python3 -W ignore:setup.py install is deprecated setup.py egg_info --egg-base ../../build/imageprocess build --build-base /workspace/towen/build/imageprocess/build install --record /workspace/towen/build/imageprocess/install.log --single-version-externally-managed install_data
[4.898s] running egg_info
[4.962s] writing ../../build/imageprocess/imageprocess.egg-info/PKG-INFO
[4.964s] writing dependency_links to ../../build/imageprocess/imageprocess.egg-info/dependency_links.txt
[4.964s] writing entry points to ../../build/imageprocess/imageprocess.egg-info/entry_points.txt
[4.965s] writing requirements to ../../build/imageprocess/imageprocess.egg-info/requires.txt
[4.965s] writing top-level names to ../../build/imageprocess/imageprocess.egg-info/top_level.txt
[5.071s] reading manifest file '../../build/imageprocess/imageprocess.egg-info/SOURCES.txt'
[5.071s] adding license file 'LICENSE'
[5.076s] writing manifest file '../../build/imageprocess/imageprocess.egg-info/SOURCES.txt'
[5.076s] running build
[5.076s] running build_py
[5.077s] copying imageprocess/modelparameter.py -> /workspace/towen/build/imageprocess/build/lib/imageprocess
[5.077s] copying imageprocess/image_0417.py -> /workspace/towen/build/imageprocess/build/lib/imageprocess
[5.078s] copying imageprocess/dataunit.py -> /workspace/towen/build/imageprocess/build/lib/imageprocess
[5.078s] copying imageprocess/123123.py -> /workspace/towen/build/imageprocess/build/lib/imageprocess
[5.079s] copying imageprocess/image_test.py -> /workspace/towen/build/imageprocess/build/lib/imageprocess
[5.079s] copying imageprocess/image.py -> /workspace/towen/build/imageprocess/build/lib/imageprocess
[5.081s] copying imageprocess/__init__.py -> /workspace/towen/build/imageprocess/build/lib/imageprocess
[5.081s] copying imageprocess/imageprocess.py -> /workspace/towen/build/imageprocess/build/lib/imageprocess
[5.081s] copying imageprocess/camera_segment_headless.py -> /workspace/towen/build/imageprocess/build/lib/imageprocess
[5.083s] running install
[5.101s] running install_lib
[5.158s] running install_data
[5.158s] copying resource/imageprocess -> /workspace/towen/install/imageprocess/share/ament_index/resource_index/packages
[5.159s] copying package.xml -> /workspace/towen/install/imageprocess/share/imageprocess
[5.160s] running install_egg_info
[5.242s] removing '/workspace/towen/install/imageprocess/lib/python3.10/site-packages/imageprocess-0.0.0-py3.10.egg-info' (and everything under it)
[5.244s] Copying ../../build/imageprocess/imageprocess.egg-info to /workspace/towen/install/imageprocess/lib/python3.10/site-packages/imageprocess-0.0.0-py3.10.egg-info
[5.247s] running install_scripts
[5.378s] Installing image script to /workspace/towen/install/imageprocess/lib/imageprocess
[5.379s] Installing image_test script to /workspace/towen/install/imageprocess/lib/imageprocess
[5.380s] Installing imageprocess script to /workspace/towen/install/imageprocess/lib/imageprocess
[5.382s] writing list of installed files to '/workspace/towen/build/imageprocess/install.log'
[5.506s] Invoked command in '/workspace/towen/src/imageprocess' returned '0': BYOBU_DATE=%Y-%m-%d PYTHONPATH=/workspace/towen/build/imageprocess/prefix_override:/usr/lib/python3/dist-packages/colcon_core/task/python/colcon_distutils_commands:/workspace/towen/install/imageprocess/lib/python3.10/site-packages:${PYTHONPATH} /usr/bin/python3 -W ignore:setup.py install is deprecated setup.py egg_info --egg-base ../../build/imageprocess build --build-base /workspace/towen/build/imageprocess/build install --record /workspace/towen/build/imageprocess/install.log --single-version-externally-managed install_data
