[0.678s] Invoking command in '/workspace/towen/build/zed_components': BYOBU_DATE=%Y-%m-%d CMAKE_PREFIX_PATH=${CMAKE_PREFIX_PATH}:/workspace/towen/install/strategy:/workspace/towen/install/rosidl_cli:/workspace/towen/install/opencv_tests:/workspace/towen/install/motionpackage:/workspace/towen/install/imageprocess:/opt/ros/humble /usr/local/bin/cmake /workspace/towen/src/zed-ros2-wrapper/zed_components -DCMAKE_INSTALL_PREFIX=/workspace/towen/install/zed_components
[1.112s] [33mCMake Warning (dev) at /usr/local/zed/zed-config.cmake:73 (find_package):
[1.112s]   Policy CMP0146 is not set: The FindCUDA module is removed.  Run "cmake
[1.112s]   --help-policy CMP0146" for policy details.  Use the cmake_policy command to
[1.113s]   set the policy and suppress this warning.
[1.113s] 
[1.113s] Call Stack (most recent call first):
[1.113s]   CMakeLists.txt:84 (find_package)
[1.113s] This warning is for project developers.  Use -Wno-dev to suppress it.
[1.113s] [0m
[1.134s] -- Found CUDA: /usr/local/cuda (found suitable version "12.6", minimum required is "12.6")
[1.137s] [33mCMake Warning (dev) at /usr/local/zed/zed-config.cmake:78 (exec_program):
[1.137s]   Policy CMP0153 is not set: The exec_program command should not be called.
[1.137s]   Run "cmake --help-policy CMP0153" for policy details.  Use the cmake_policy
[1.137s]   command to set the policy and suppress this warning.
[1.137s] 
[1.138s]   Use execute_process() instead.
[1.138s] Call Stack (most recent call first):
[1.138s]   CMakeLists.txt:84 (find_package)
[1.138s] This warning is for project developers.  Use -Wno-dev to suppress it.
[1.138s] [0m
[1.158s] [33mCMake Warning (dev) at /usr/local/zed/zed-config.cmake:79 (exec_program):
[1.158s]   Policy CMP0153 is not set: The exec_program command should not be called.
[1.158s]   Run "cmake --help-policy CMP0153" for policy details.  Use the cmake_policy
[1.158s]   command to set the policy and suppress this warning.
[1.159s] 
[1.159s]   Use execute_process() instead.
[1.159s] Call Stack (most recent call first):
[1.159s]   CMakeLists.txt:84 (find_package)
[1.159s] This warning is for project developers.  Use -Wno-dev to suppress it.
[1.159s] [0m
[1.170s] [33mCMake Warning (dev) at /usr/local/zed/zed-config.cmake:95 (exec_program):
[1.170s]   Policy CMP0153 is not set: The exec_program command should not be called.
[1.170s]   Run "cmake --help-policy CMP0153" for policy details.  Use the cmake_policy
[1.171s]   command to set the policy and suppress this warning.
[1.171s] 
[1.171s]   Use execute_process() instead.
[1.171s] Call Stack (most recent call first):
[1.171s]   CMakeLists.txt:84 (find_package)
[1.171s] This warning is for project developers.  Use -Wno-dev to suppress it.
[1.171s] [0m
[1.204s] [33mCMake Warning (dev) at /usr/local/zed/zed-config.cmake:123 (exec_program):
[1.204s]   Policy CMP0153 is not set: The exec_program command should not be called.
[1.204s]   Run "cmake --help-policy CMP0153" for policy details.  Use the cmake_policy
[1.204s]   command to set the policy and suppress this warning.
[1.205s] 
[1.205s]   Use execute_process() instead.
[1.205s] Call Stack (most recent call first):
[1.205s]   CMakeLists.txt:84 (find_package)
[1.205s] This warning is for project developers.  Use -Wno-dev to suppress it.
[1.205s] [0m
[1.231s] [33mCMake Warning (dev) at CMakeLists.txt:86 (exec_program):
[1.232s]   Policy CMP0153 is not set: The exec_program command should not be called.
[1.232s]   Run "cmake --help-policy CMP0153" for policy details.  Use the cmake_policy
[1.232s]   command to set the policy and suppress this warning.
[1.232s] 
[1.232s]   Use execute_process() instead.
[1.232s] This warning is for project developers.  Use -Wno-dev to suppress it.
[1.232s] [0m
[1.243s] [33mCMake Warning (dev) at CMakeLists.txt:91 (find_package):
[1.243s]   Policy CMP0146 is not set: The FindCUDA module is removed.  Run "cmake
[1.243s]   --help-policy CMP0146" for policy details.  Use the cmake_policy command to
[1.243s]   set the policy and suppress this warning.
[1.243s] 
[1.244s] This warning is for project developers.  Use -Wno-dev to suppress it.
[1.244s] [0m
[1.268s] -- Found CUDA: /usr/local/cuda (found version "12.6")
[1.271s] -- Found ament_cmake_auto: 1.3.10 (/opt/ros/humble/install/share/ament_cmake_auto/cmake)
[1.992s] -- Override CMake install command with custom implementation using symlinks instead of copying resources
[2.331s] -- Found rosidl_generator_c: 3.1.5 (/opt/ros/humble/install/share/rosidl_generator_c/cmake)
[2.339s] -- Found rosidl_adapter: 3.1.5 (/opt/ros/humble/install/share/rosidl_adapter/cmake)
[2.358s] -- Found rosidl_generator_cpp: 3.1.5 (/opt/ros/humble/install/share/rosidl_generator_cpp/cmake)
[2.400s] -- Using all available rosidl_typesupport_c: rosidl_typesupport_introspection_c;rosidl_typesupport_fastrtps_c
[2.442s] -- Using all available rosidl_typesupport_cpp: rosidl_typesupport_introspection_cpp;rosidl_typesupport_fastrtps_cpp
[2.764s] -- Found rmw_implementation_cmake: 6.1.2 (/opt/ros/humble/install/share/rmw_implementation_cmake/cmake)
[2.769s] -- Found rmw_fastrtps_cpp: 6.2.7 (/opt/ros/humble/install/share/rmw_fastrtps_cpp/cmake)
[3.202s] -- Using RMW implementation 'rmw_fastrtps_cpp' as default
[3.933s] -- Found eigen3_cmake_module: 0.1.1 (/opt/ros/humble/install/share/eigen3_cmake_module/cmake)
[3.939s] -- Ensuring Eigen3 include directory is part of orocos-kdl CMake target
[4.312s] -- Found ament_lint_auto: 0.12.11 (/opt/ros/humble/install/share/ament_lint_auto/cmake)
[4.459s] -- Added test 'copyright' to check source files copyright and LICENSE
[4.464s] -- Added test 'cppcheck' to perform static code analysis on C / C++ code
[4.465s] -- Configured cppcheck include dirs: /workspace/towen/src/zed-ros2-wrapper/zed_components/src/include;/workspace/towen/src/zed-ros2-wrapper/zed_components/src/zed_camera/include;/workspace/towen/src/zed-ros2-wrapper/zed_components/src/tools/include
[4.466s] -- Configured cppcheck exclude dirs and/or files: 
[4.467s] -- Added test 'lint_cmake' to check CMake code style
[4.471s] -- Added test 'uncrustify' to check C / C++ code style
[4.472s] -- Configured uncrustify additional arguments: 
[4.473s] -- Added test 'xmllint' to check XML markup files
[4.483s] -- Configuring done (3.6s)
[4.657s] -- Generating done (0.2s)
[4.659s] -- Build files have been written to: /workspace/towen/build/zed_components
[4.784s] Invoked command in '/workspace/towen/build/zed_components' returned '0': BYOBU_DATE=%Y-%m-%d CMAKE_PREFIX_PATH=${CMAKE_PREFIX_PATH}:/workspace/towen/install/strategy:/workspace/towen/install/rosidl_cli:/workspace/towen/install/opencv_tests:/workspace/towen/install/motionpackage:/workspace/towen/install/imageprocess:/opt/ros/humble /usr/local/bin/cmake /workspace/towen/src/zed-ros2-wrapper/zed_components -DCMAKE_INSTALL_PREFIX=/workspace/towen/install/zed_components
[4.785s] Invoking command in '/workspace/towen/build/zed_components': BYOBU_DATE=%Y-%m-%d CMAKE_PREFIX_PATH=${CMAKE_PREFIX_PATH}:/workspace/towen/install/strategy:/workspace/towen/install/rosidl_cli:/workspace/towen/install/opencv_tests:/workspace/towen/install/motionpackage:/workspace/towen/install/imageprocess:/opt/ros/humble /usr/local/bin/cmake --build /workspace/towen/build/zed_components -- -j6 -l6
[5.192s] [ 50%] Built target zed_camera_component
[5.204s] [100%] Built target zed_camera_one_component
[5.283s] Invoked command in '/workspace/towen/build/zed_components' returned '0': BYOBU_DATE=%Y-%m-%d CMAKE_PREFIX_PATH=${CMAKE_PREFIX_PATH}:/workspace/towen/install/strategy:/workspace/towen/install/rosidl_cli:/workspace/towen/install/opencv_tests:/workspace/towen/install/motionpackage:/workspace/towen/install/imageprocess:/opt/ros/humble /usr/local/bin/cmake --build /workspace/towen/build/zed_components -- -j6 -l6
[6.430s] Invoking command in '/workspace/towen/build/zed_components': BYOBU_DATE=%Y-%m-%d CMAKE_PREFIX_PATH=${CMAKE_PREFIX_PATH}:/workspace/towen/install/strategy:/workspace/towen/install/rosidl_cli:/workspace/towen/install/opencv_tests:/workspace/towen/install/motionpackage:/workspace/towen/install/imageprocess:/opt/ros/humble /usr/local/bin/cmake --install /workspace/towen/build/zed_components
[6.676s] -- Install configuration: "Release"
[6.677s] -- Execute custom install script
[6.679s] -- Up-to-date symlink: /workspace/towen/install/zed_components/lib/libzed_camera_component.so
[6.680s] -- Up-to-date symlink: /workspace/towen/install/zed_components/lib/libzed_camera_one_component.so
[6.683s] -- Up-to-date symlink: /workspace/towen/install/zed_components/include/zed_components//cost_traversability.hpp
[6.684s] -- Up-to-date symlink: /workspace/towen/install/zed_components/include/zed_components//sl_types.hpp
[6.685s] -- Up-to-date symlink: /workspace/towen/install/zed_components/include/zed_components//zed_camera_component.hpp
[6.686s] -- Up-to-date symlink: /workspace/towen/install/zed_components/include/zed_components//zed_camera_one_component.hpp
[6.688s] -- Up-to-date symlink: /workspace/towen/install/zed_components/include/zed_components//gnss_replay.hpp
[6.697s] -- Up-to-date symlink: /workspace/towen/install/zed_components/include/zed_components//json.hpp
[6.698s] -- Up-to-date symlink: /workspace/towen/install/zed_components/include/zed_components//sl_logging.hpp
[6.699s] -- Up-to-date symlink: /workspace/towen/install/zed_components/include/zed_components//sl_tools.hpp
[6.699s] -- Up-to-date symlink: /workspace/towen/install/zed_components/include/zed_components//sl_win_avg.hpp
[6.699s] -- Up-to-date symlink: /workspace/towen/install/zed_components/include/zed_components//visibility_control.hpp
[6.699s] -- Up-to-date symlink: /workspace/towen/install/zed_components/share/zed_components/environment/library_path.sh
[6.699s] -- Up-to-date symlink: /workspace/towen/install/zed_components/share/zed_components/environment/library_path.dsv
[6.699s] -- Up-to-date symlink: /workspace/towen/install/zed_components/share/ament_index/resource_index/package_run_dependencies/zed_components
[6.700s] -- Up-to-date symlink: /workspace/towen/install/zed_components/share/ament_index/resource_index/parent_prefix_path/zed_components
[6.700s] -- Up-to-date symlink: /workspace/towen/install/zed_components/share/zed_components/environment/ament_prefix_path.sh
[6.700s] -- Up-to-date symlink: /workspace/towen/install/zed_components/share/zed_components/environment/ament_prefix_path.dsv
[6.700s] -- Up-to-date symlink: /workspace/towen/install/zed_components/share/zed_components/environment/path.sh
[6.700s] -- Up-to-date symlink: /workspace/towen/install/zed_components/share/zed_components/environment/path.dsv
[6.713s] -- Up-to-date symlink: /workspace/towen/install/zed_components/share/zed_components/local_setup.bash
[6.717s] -- Up-to-date symlink: /workspace/towen/install/zed_components/share/zed_components/local_setup.sh
[6.718s] -- Up-to-date symlink: /workspace/towen/install/zed_components/share/zed_components/local_setup.zsh
[6.720s] -- Up-to-date symlink: /workspace/towen/install/zed_components/share/zed_components/local_setup.dsv
[6.720s] -- Symlinking: /workspace/towen/install/zed_components/share/zed_components/package.dsv
[6.731s] -- Up-to-date symlink: /workspace/towen/install/zed_components/share/ament_index/resource_index/packages/zed_components
[6.732s] -- Up-to-date symlink: /workspace/towen/install/zed_components/share/ament_index/resource_index/rclcpp_components/zed_components
[6.733s] -- Up-to-date symlink: /workspace/towen/install/zed_components/share/zed_components/cmake/ament_cmake_export_include_directories-extras.cmake
[6.734s] -- Up-to-date symlink: /workspace/towen/install/zed_components/share/zed_components/cmake/ament_cmake_export_libraries-extras.cmake
[6.735s] -- Up-to-date symlink: /workspace/towen/install/zed_components/share/zed_components/cmake/ament_cmake_export_dependencies-extras.cmake
[6.736s] -- Up-to-date symlink: /workspace/towen/install/zed_components/share/zed_components/cmake/zed_componentsConfig.cmake
[6.737s] -- Up-to-date symlink: /workspace/towen/install/zed_components/share/zed_components/cmake/zed_componentsConfig-version.cmake
[6.738s] -- Up-to-date symlink: /workspace/towen/install/zed_components/share/zed_components/package.xml
[6.783s] Invoked command in '/workspace/towen/build/zed_components' returned '0': BYOBU_DATE=%Y-%m-%d CMAKE_PREFIX_PATH=${CMAKE_PREFIX_PATH}:/workspace/towen/install/strategy:/workspace/towen/install/rosidl_cli:/workspace/towen/install/opencv_tests:/workspace/towen/install/motionpackage:/workspace/towen/install/imageprocess:/opt/ros/humble /usr/local/bin/cmake --install /workspace/towen/build/zed_components
