[3.120s] Invoking command in '/workspace/towen/src/motionpackage': BYOBU_DATE=%Y-%m-%d PYTHONPATH=/workspace/towen/build/motionpackage/prefix_override:/usr/lib/python3/dist-packages/colcon_core/task/python/colcon_distutils_commands:/workspace/towen/install/motionpackage/lib/python3.10/site-packages:${PYTHONPATH} /usr/bin/python3 -W ignore:setup.py install is deprecated setup.py egg_info --egg-base ../../build/motionpackage build --build-base /workspace/towen/build/motionpackage/build install --record /workspace/towen/build/motionpackage/install.log --single-version-externally-managed install_data
[3.915s] running egg_info
[3.991s] writing ../../build/motionpackage/motionpackage.egg-info/PKG-INFO
[3.994s] writing dependency_links to ../../build/motionpackage/motionpackage.egg-info/dependency_links.txt
[3.996s] writing entry points to ../../build/motionpackage/motionpackage.egg-info/entry_points.txt
[3.996s] writing requirements to ../../build/motionpackage/motionpackage.egg-info/requires.txt
[3.996s] writing top-level names to ../../build/motionpackage/motionpackage.egg-info/top_level.txt
[4.127s] reading manifest file '../../build/motionpackage/motionpackage.egg-info/SOURCES.txt'
[4.131s] adding license file 'LICENSE'
[4.138s] writing manifest file '../../build/motionpackage/motionpackage.egg-info/SOURCES.txt'
[4.142s] running build
[4.143s] running build_py
[4.144s] copying motionpackage/opencr_imu.py -> /workspace/towen/build/motionpackage/build/lib/motionpackage
[4.145s] copying motionpackage/test.py -> /workspace/towen/build/motionpackage/build/lib/motionpackage
[4.146s] copying motionpackage/__init__.py -> /workspace/towen/build/motionpackage/build/lib/motionpackage
[4.147s] copying motionpackage/motion_0725.py -> /workspace/towen/build/motionpackage/build/lib/motionpackage
[4.148s] copying motionpackage/import struct.py -> /workspace/towen/build/motionpackage/build/lib/motionpackage
[4.149s] copying motionpackage/walking.py -> /workspace/towen/build/motionpackage/build/lib/motionpackage
[4.151s] copying motionpackage/motionpackage.py -> /workspace/towen/build/motionpackage/build/lib/motionpackage
[4.152s] running install
[4.153s] running install_lib
[4.210s] copying /workspace/towen/build/motionpackage/build/lib/motionpackage/motion_0725.py -> /workspace/towen/install/motionpackage/lib/python3.10/site-packages/motionpackage
[4.215s] byte-compiling /workspace/towen/install/motionpackage/lib/python3.10/site-packages/motionpackage/motion_0725.py to motion_0725.cpython-310.pyc
[4.236s] running install_data
[4.238s] copying resource/motionpackage -> /workspace/towen/install/motionpackage/share/ament_index/resource_index/packages
[4.239s] copying package.xml -> /workspace/towen/install/motionpackage/share/motionpackage
[4.240s] running install_egg_info
[4.300s] removing '/workspace/towen/install/motionpackage/lib/python3.10/site-packages/motionpackage-0.0.0-py3.10.egg-info' (and everything under it)
[4.310s] Copying ../../build/motionpackage/motionpackage.egg-info to /workspace/towen/install/motionpackage/lib/python3.10/site-packages/motionpackage-0.0.0-py3.10.egg-info
[4.310s] running install_scripts
[4.827s] Installing motionpackage script to /workspace/towen/install/motionpackage/lib/motionpackage
[4.830s] writing list of installed files to '/workspace/towen/build/motionpackage/install.log'
[5.347s] Invoked command in '/workspace/towen/src/motionpackage' returned '0': BYOBU_DATE=%Y-%m-%d PYTHONPATH=/workspace/towen/build/motionpackage/prefix_override:/usr/lib/python3/dist-packages/colcon_core/task/python/colcon_distutils_commands:/workspace/towen/install/motionpackage/lib/python3.10/site-packages:${PYTHONPATH} /usr/bin/python3 -W ignore:setup.py install is deprecated setup.py egg_info --egg-base ../../build/motionpackage build --build-base /workspace/towen/build/motionpackage/build install --record /workspace/towen/build/motionpackage/install.log --single-version-externally-managed install_data
