[5.757s] Invoking command in '/workspace/towen/src/rosidl/rosidl_cli': BYOBU_DATE=%Y-%m-%d PYTHONPATH=/workspace/towen/build/rosidl_cli/prefix_override:/usr/lib/python3/dist-packages/colcon_core/task/python/colcon_distutils_commands:/workspace/towen/install/rosidl_cli/lib/python3.10/site-packages:${PYTHONPATH} /usr/bin/python3 -W ignore:setup.py install is deprecated setup.py egg_info --egg-base ../../../build/rosidl_cli build --build-base /workspace/towen/build/rosidl_cli/build install --record /workspace/towen/build/rosidl_cli/install.log --single-version-externally-managed install_data
[7.026s] /home/work/.local/lib/python3.10/site-packages/setuptools/_distutils/dist.py:289: UserWarning: Unknown distribution option: 'tests_require'
[7.026s]   warnings.warn(msg)
[7.378s] /home/work/.local/lib/python3.10/site-packages/setuptools/dist.py:759: SetuptoolsDeprecationWarning: License classifiers are deprecated.
[7.379s] !!
[7.379s] 
[7.379s]         ********************************************************************************
[7.379s]         Please consider removing the following classifiers in favor of a SPDX license expression:
[7.379s] 
[7.379s]         License :: OSI Approved :: Apache Software License
[7.380s] 
[7.380s]         See https://packaging.python.org/en/latest/guides/writing-pyproject-toml/#license for details.
[7.380s]         ********************************************************************************
[7.380s] 
[7.380s] !!
[7.380s]   self._finalize_license_expression()
[7.667s] running egg_info
[7.728s] writing ../../../build/rosidl_cli/rosidl_cli.egg-info/PKG-INFO
[7.729s] writing dependency_links to ../../../build/rosidl_cli/rosidl_cli.egg-info/dependency_links.txt
[7.729s] writing entry points to ../../../build/rosidl_cli/rosidl_cli.egg-info/entry_points.txt
[7.729s] writing requirements to ../../../build/rosidl_cli/rosidl_cli.egg-info/requires.txt
[7.740s] writing top-level names to ../../../build/rosidl_cli/rosidl_cli.egg-info/top_level.txt
[7.898s] reading manifest file '../../../build/rosidl_cli/rosidl_cli.egg-info/SOURCES.txt'
[7.917s] writing manifest file '../../../build/rosidl_cli/rosidl_cli.egg-info/SOURCES.txt'
[7.922s] running build
[7.923s] running build_py
[7.923s] copying rosidl_cli/entry_points.py -> /workspace/towen/build/rosidl_cli/build/lib/rosidl_cli
[7.923s] copying rosidl_cli/extensions.py -> /workspace/towen/build/rosidl_cli/build/lib/rosidl_cli
[7.923s] copying rosidl_cli/__init__.py -> /workspace/towen/build/rosidl_cli/build/lib/rosidl_cli
[7.923s] copying rosidl_cli/cli.py -> /workspace/towen/build/rosidl_cli/build/lib/rosidl_cli
[7.923s] copying rosidl_cli/common.py -> /workspace/towen/build/rosidl_cli/build/lib/rosidl_cli
[7.924s] copying rosidl_cli/command/__init__.py -> /workspace/towen/build/rosidl_cli/build/lib/rosidl_cli/command
[7.924s] copying rosidl_cli/command/helpers.py -> /workspace/towen/build/rosidl_cli/build/lib/rosidl_cli/command
[7.932s] copying rosidl_cli/command/translate/extensions.py -> /workspace/towen/build/rosidl_cli/build/lib/rosidl_cli/command/translate
[7.933s] copying rosidl_cli/command/translate/__init__.py -> /workspace/towen/build/rosidl_cli/build/lib/rosidl_cli/command/translate
[7.933s] copying rosidl_cli/command/translate/api.py -> /workspace/towen/build/rosidl_cli/build/lib/rosidl_cli/command/translate
[7.933s] copying rosidl_cli/command/generate/extensions.py -> /workspace/towen/build/rosidl_cli/build/lib/rosidl_cli/command/generate
[7.933s] copying rosidl_cli/command/generate/__init__.py -> /workspace/towen/build/rosidl_cli/build/lib/rosidl_cli/command/generate
[7.933s] copying rosidl_cli/command/generate/api.py -> /workspace/towen/build/rosidl_cli/build/lib/rosidl_cli/command/generate
[7.934s] running install
[7.936s] running install_lib
[8.020s] running install_data
[8.021s] copying resource/rosidl_cli -> /workspace/towen/install/rosidl_cli/share/ament_index/resource_index/packages
[8.022s] copying package.xml -> /workspace/towen/install/rosidl_cli/share/rosidl_cli
[8.022s] copying completion/rosidl-argcomplete.bash -> /workspace/towen/install/rosidl_cli/share/rosidl_cli/environment
[8.023s] copying completion/rosidl-argcomplete.zsh -> /workspace/towen/install/rosidl_cli/share/rosidl_cli/environment
[8.023s] running install_egg_info
[8.090s] removing '/workspace/towen/install/rosidl_cli/lib/python3.10/site-packages/rosidl_cli-3.1.7-py3.10.egg-info' (and everything under it)
[8.095s] Copying ../../../build/rosidl_cli/rosidl_cli.egg-info to /workspace/towen/install/rosidl_cli/lib/python3.10/site-packages/rosidl_cli-3.1.7-py3.10.egg-info
[8.099s] running install_scripts
[8.238s] Installing rosidl script to /workspace/towen/install/rosidl_cli/bin
[8.240s] writing list of installed files to '/workspace/towen/build/rosidl_cli/install.log'
[8.753s] Invoked command in '/workspace/towen/src/rosidl/rosidl_cli' returned '0': BYOBU_DATE=%Y-%m-%d PYTHONPATH=/workspace/towen/build/rosidl_cli/prefix_override:/usr/lib/python3/dist-packages/colcon_core/task/python/colcon_distutils_commands:/workspace/towen/install/rosidl_cli/lib/python3.10/site-packages:${PYTHONPATH} /usr/bin/python3 -W ignore:setup.py install is deprecated setup.py egg_info --egg-base ../../../build/rosidl_cli build --build-base /workspace/towen/build/rosidl_cli/build install --record /workspace/towen/build/rosidl_cli/install.log --single-version-externally-managed install_data
