/usr/local/lib/python3.10/dist-packages/setuptools/command/develop.py:41: EasyInstallDeprecationWarning: easy_install command is deprecated.
!!

        ********************************************************************************
        Please avoid running ``setup.py`` and ``easy_install``.
        Instead, use pypa/build, pypa/installer or other
        standards-based tools.

        See https://github.com/pypa/setuptools/issues/917 for details.
        ********************************************************************************

!!
  easy_install.initialize_options(self)
running develop
running egg_info
writing rosidl_cli.egg-info/PKG-INFO
writing dependency_links to rosidl_cli.egg-info/dependency_links.txt
writing entry points to rosidl_cli.egg-info/entry_points.txt
writing requirements to rosidl_cli.egg-info/requires.txt
writing top-level names to rosidl_cli.egg-info/top_level.txt
reading manifest file 'rosidl_cli.egg-info/SOURCES.txt'
writing manifest file 'rosidl_cli.egg-info/SOURCES.txt'
running build_ext
Creating /workspace/towen/install/rosidl_cli/lib/python3.10/site-packages/rosidl-cli.egg-link (link to .)
Installing rosidl script to /workspace/towen/install/rosidl_cli/bin

Installed /workspace/towen/build/rosidl_cli
running symlink_data
