[2.915s] Invoking command in '/workspace/towen/build/rosidl_cli': BYOBU_DATE=%Y-%m-%d PYTHONPATH=/workspace/towen/build/rosidl_cli/prefix_override:/usr/lib/python3/dist-packages/colcon_core/task/python/colcon_distutils_commands:/workspace/towen/install/rosidl_cli/lib/python3.10/site-packages:${PYTHONPATH} /usr/bin/python3 -W ignore:setup.py install is deprecated setup.py develop --editable --build-directory /workspace/towen/build/rosidl_cli/build --no-deps symlink_data
[3.932s] /usr/local/lib/python3.10/dist-packages/setuptools/command/develop.py:41: EasyInstallDeprecationWarning: easy_install command is deprecated.
[3.936s] !!
[3.937s] 
[3.940s]         ********************************************************************************
[3.943s]         Please avoid running ``setup.py`` and ``easy_install``.
[3.948s]         Instead, use pypa/build, pypa/installer or other
[3.949s]         standards-based tools.
[3.949s] 
[3.949s]         See https://github.com/pypa/setuptools/issues/917 for details.
[3.949s]         ********************************************************************************
[3.949s] 
[3.949s] !!
[3.950s]   easy_install.initialize_options(self)
[3.950s] running develop
[4.695s] running egg_info
[4.746s] writing rosidl_cli.egg-info/PKG-INFO
[4.748s] writing dependency_links to rosidl_cli.egg-info/dependency_links.txt
[4.752s] writing entry points to rosidl_cli.egg-info/entry_points.txt
[4.753s] writing requirements to rosidl_cli.egg-info/requires.txt
[4.755s] writing top-level names to rosidl_cli.egg-info/top_level.txt
[4.839s] reading manifest file 'rosidl_cli.egg-info/SOURCES.txt'
[4.845s] writing manifest file 'rosidl_cli.egg-info/SOURCES.txt'
[5.051s] running build_ext
[5.051s] Creating /workspace/towen/install/rosidl_cli/lib/python3.10/site-packages/rosidl-cli.egg-link (link to .)
[5.059s] Installing rosidl script to /workspace/towen/install/rosidl_cli/bin
[5.059s] 
[5.059s] Installed /workspace/towen/build/rosidl_cli
[5.059s] running symlink_data
[5.257s] Invoked command in '/workspace/towen/build/rosidl_cli' returned '0': BYOBU_DATE=%Y-%m-%d PYTHONPATH=/workspace/towen/build/rosidl_cli/prefix_override:/usr/lib/python3/dist-packages/colcon_core/task/python/colcon_distutils_commands:/workspace/towen/install/rosidl_cli/lib/python3.10/site-packages:${PYTHONPATH} /usr/bin/python3 -W ignore:setup.py install is deprecated setup.py develop --editable --build-directory /workspace/towen/build/rosidl_cli/build --no-deps symlink_data
