[3.667s] Invoking command in '/workspace/towen/src/strategy': BYOBU_DATE=%Y-%m-%d PYTHONPATH=/workspace/towen/build/strategy/prefix_override:/usr/lib/python3/dist-packages/colcon_core/task/python/colcon_distutils_commands:/workspace/towen/install/strategy/lib/python3.10/site-packages:${PYTHONPATH} /usr/bin/python3 -W ignore:setup.py install is deprecated setup.py egg_info --egg-base ../../build/strategy build --build-base /workspace/towen/build/strategy/build install --record /workspace/towen/build/strategy/install.log --single-version-externally-managed install_data
[4.555s] /home/work/.local/lib/python3.10/site-packages/setuptools/_distutils/dist.py:289: UserWarning: Unknown distribution option: 'tests_require'
[4.555s]   warnings.warn(msg)
[5.218s] running egg_info
[5.335s] creating ../../build/strategy/strategy.egg-info
[5.336s] writing ../../build/strategy/strategy.egg-info/PKG-INFO
[5.339s] writing dependency_links to ../../build/strategy/strategy.egg-info/dependency_links.txt
[5.340s] writing entry points to ../../build/strategy/strategy.egg-info/entry_points.txt
[5.343s] writing requirements to ../../build/strategy/strategy.egg-info/requires.txt
[5.344s] writing top-level names to ../../build/strategy/strategy.egg-info/top_level.txt
[5.344s] writing manifest file '../../build/strategy/strategy.egg-info/SOURCES.txt'
[5.622s] reading manifest file '../../build/strategy/strategy.egg-info/SOURCES.txt'
[5.645s] adding license file 'LICENSE'
[5.647s] writing manifest file '../../build/strategy/strategy.egg-info/SOURCES.txt'
[5.655s] running build
[5.655s] running build_py
[5.655s] creating /workspace/towen/build/strategy/build/lib/strategy
[5.656s] copying strategy/__init__.py -> /workspace/towen/build/strategy/build/lib/strategy
[5.660s] copying strategy/API.py -> /workspace/towen/build/strategy/build/lib/strategy
[5.660s] creating /workspace/towen/build/strategy/build/lib/strategy/mar
[5.661s] copying strategy/mar/__init__.py -> /workspace/towen/build/strategy/build/lib/strategy/mar
[5.661s] copying strategy/mar/mar.py -> /workspace/towen/build/strategy/build/lib/strategy/mar
[5.662s] creating /workspace/towen/build/strategy/build/lib/strategy/wl
[5.662s] copying strategy/wl/wl.py -> /workspace/towen/build/strategy/build/lib/strategy/wl
[5.662s] copying strategy/wl/__init__.py -> /workspace/towen/build/strategy/build/lib/strategy/wl
[5.663s] creating /workspace/towen/build/strategy/build/lib/strategy/sp
[5.663s] copying strategy/sp/sp.py -> /workspace/towen/build/strategy/build/lib/strategy/sp
[5.664s] copying strategy/sp/__init__.py -> /workspace/towen/build/strategy/build/lib/strategy/sp
[5.664s] creating /workspace/towen/build/strategy/build/lib/strategy/obs
[5.665s] copying strategy/obs/__init__.py -> /workspace/towen/build/strategy/build/lib/strategy/obs
[5.665s] copying strategy/obs/obs.py -> /workspace/towen/build/strategy/build/lib/strategy/obs
[5.682s] creating /workspace/towen/build/strategy/build/lib/strategy/sr
[5.683s] copying strategy/sr/__init__.py -> /workspace/towen/build/strategy/build/lib/strategy/sr
[5.683s] copying strategy/sr/sr.py -> /workspace/towen/build/strategy/build/lib/strategy/sr
[5.684s] creating /workspace/towen/build/strategy/build/lib/strategy/bb
[5.684s] copying strategy/bb/__init__.py -> /workspace/towen/build/strategy/build/lib/strategy/bb
[5.684s] copying strategy/bb/bb.py -> /workspace/towen/build/strategy/build/lib/strategy/bb
[5.685s] creating /workspace/towen/build/strategy/build/lib/strategy/ar
[5.686s] copying strategy/ar/__init__.py -> /workspace/towen/build/strategy/build/lib/strategy/ar
[5.686s] copying strategy/ar/ar.py -> /workspace/towen/build/strategy/build/lib/strategy/ar
[5.689s] running install
[5.733s] running install_lib
[5.848s] creating /workspace/towen/install/strategy/lib/python3.10/site-packages/strategy
[5.848s] creating /workspace/towen/install/strategy/lib/python3.10/site-packages/strategy/mar
[5.849s] copying /workspace/towen/build/strategy/build/lib/strategy/mar/__init__.py -> /workspace/towen/install/strategy/lib/python3.10/site-packages/strategy/mar
[5.851s] copying /workspace/towen/build/strategy/build/lib/strategy/mar/mar.py -> /workspace/towen/install/strategy/lib/python3.10/site-packages/strategy/mar
[5.854s] creating /workspace/towen/install/strategy/lib/python3.10/site-packages/strategy/wl
[5.855s] copying /workspace/towen/build/strategy/build/lib/strategy/wl/wl.py -> /workspace/towen/install/strategy/lib/python3.10/site-packages/strategy/wl
[5.857s] copying /workspace/towen/build/strategy/build/lib/strategy/wl/__init__.py -> /workspace/towen/install/strategy/lib/python3.10/site-packages/strategy/wl
[5.859s] creating /workspace/towen/install/strategy/lib/python3.10/site-packages/strategy/sp
[5.860s] copying /workspace/towen/build/strategy/build/lib/strategy/sp/sp.py -> /workspace/towen/install/strategy/lib/python3.10/site-packages/strategy/sp
[5.863s] copying /workspace/towen/build/strategy/build/lib/strategy/sp/__init__.py -> /workspace/towen/install/strategy/lib/python3.10/site-packages/strategy/sp
[5.865s] copying /workspace/towen/build/strategy/build/lib/strategy/__init__.py -> /workspace/towen/install/strategy/lib/python3.10/site-packages/strategy
[5.867s] copying /workspace/towen/build/strategy/build/lib/strategy/API.py -> /workspace/towen/install/strategy/lib/python3.10/site-packages/strategy
[5.869s] creating /workspace/towen/install/strategy/lib/python3.10/site-packages/strategy/obs
[5.870s] copying /workspace/towen/build/strategy/build/lib/strategy/obs/__init__.py -> /workspace/towen/install/strategy/lib/python3.10/site-packages/strategy/obs
[5.872s] copying /workspace/towen/build/strategy/build/lib/strategy/obs/obs.py -> /workspace/towen/install/strategy/lib/python3.10/site-packages/strategy/obs
[5.874s] creating /workspace/towen/install/strategy/lib/python3.10/site-packages/strategy/sr
[5.876s] copying /workspace/towen/build/strategy/build/lib/strategy/sr/__init__.py -> /workspace/towen/install/strategy/lib/python3.10/site-packages/strategy/sr
[5.877s] copying /workspace/towen/build/strategy/build/lib/strategy/sr/sr.py -> /workspace/towen/install/strategy/lib/python3.10/site-packages/strategy/sr
[5.880s] creating /workspace/towen/install/strategy/lib/python3.10/site-packages/strategy/bb
[5.881s] copying /workspace/towen/build/strategy/build/lib/strategy/bb/__init__.py -> /workspace/towen/install/strategy/lib/python3.10/site-packages/strategy/bb
[5.883s] copying /workspace/towen/build/strategy/build/lib/strategy/bb/bb.py -> /workspace/towen/install/strategy/lib/python3.10/site-packages/strategy/bb
[5.885s] creating /workspace/towen/install/strategy/lib/python3.10/site-packages/strategy/ar
[5.887s] copying /workspace/towen/build/strategy/build/lib/strategy/ar/__init__.py -> /workspace/towen/install/strategy/lib/python3.10/site-packages/strategy/ar
[5.889s] copying /workspace/towen/build/strategy/build/lib/strategy/ar/ar.py -> /workspace/towen/install/strategy/lib/python3.10/site-packages/strategy/ar
[5.893s] byte-compiling /workspace/towen/install/strategy/lib/python3.10/site-packages/strategy/mar/__init__.py to __init__.cpython-310.pyc
[5.899s] byte-compiling /workspace/towen/install/strategy/lib/python3.10/site-packages/strategy/mar/mar.py to mar.cpython-310.pyc
[5.907s] byte-compiling /workspace/towen/install/strategy/lib/python3.10/site-packages/strategy/wl/wl.py to wl.cpython-310.pyc
[5.910s] byte-compiling /workspace/towen/install/strategy/lib/python3.10/site-packages/strategy/wl/__init__.py to __init__.cpython-310.pyc
[5.912s] byte-compiling /workspace/towen/install/strategy/lib/python3.10/site-packages/strategy/sp/sp.py to sp.cpython-310.pyc
[5.919s] byte-compiling /workspace/towen/install/strategy/lib/python3.10/site-packages/strategy/sp/__init__.py to __init__.cpython-310.pyc
[5.919s] byte-compiling /workspace/towen/install/strategy/lib/python3.10/site-packages/strategy/__init__.py to __init__.cpython-310.pyc
[5.920s] byte-compiling /workspace/towen/install/strategy/lib/python3.10/site-packages/strategy/API.py to API.cpython-310.pyc
[5.925s] byte-compiling /workspace/towen/install/strategy/lib/python3.10/site-packages/strategy/obs/__init__.py to __init__.cpython-310.pyc
[5.931s] byte-compiling /workspace/towen/install/strategy/lib/python3.10/site-packages/strategy/obs/obs.py to obs.cpython-310.pyc
[5.933s] byte-compiling /workspace/towen/install/strategy/lib/python3.10/site-packages/strategy/sr/__init__.py to __init__.cpython-310.pyc
[5.940s] byte-compiling /workspace/towen/install/strategy/lib/python3.10/site-packages/strategy/sr/sr.py to sr.cpython-310.pyc
[5.940s] byte-compiling /workspace/towen/install/strategy/lib/python3.10/site-packages/strategy/bb/__init__.py to __init__.cpython-310.pyc
[5.958s] byte-compiling /workspace/towen/install/strategy/lib/python3.10/site-packages/strategy/bb/bb.py to bb.cpython-310.pyc
[5.961s] byte-compiling /workspace/towen/install/strategy/lib/python3.10/site-packages/strategy/ar/__init__.py to __init__.cpython-310.pyc
[5.961s] byte-compiling /workspace/towen/install/strategy/lib/python3.10/site-packages/strategy/ar/ar.py to ar.cpython-310.pyc
[5.963s] running install_data
[5.963s] creating /workspace/towen/install/strategy/share/ament_index/resource_index/packages
[5.963s] copying resource/strategy -> /workspace/towen/install/strategy/share/ament_index/resource_index/packages
[5.964s] copying package.xml -> /workspace/towen/install/strategy/share/strategy
[5.964s] running install_egg_info
[6.149s] Copying ../../build/strategy/strategy.egg-info to /workspace/towen/install/strategy/lib/python3.10/site-packages/strategy-0.0.0-py3.10.egg-info
[6.164s] running install_scripts
[6.377s] Installing ar script to /workspace/towen/install/strategy/lib/strategy
[6.391s] Installing bb script to /workspace/towen/install/strategy/lib/strategy
[6.391s] Installing mar script to /workspace/towen/install/strategy/lib/strategy
[6.392s] Installing obs script to /workspace/towen/install/strategy/lib/strategy
[6.392s] Installing sp script to /workspace/towen/install/strategy/lib/strategy
[6.392s] Installing sr script to /workspace/towen/install/strategy/lib/strategy
[6.393s] Installing wl script to /workspace/towen/install/strategy/lib/strategy
[6.395s] writing list of installed files to '/workspace/towen/build/strategy/install.log'
[6.632s] Invoked command in '/workspace/towen/src/strategy' returned '0': BYOBU_DATE=%Y-%m-%d PYTHONPATH=/workspace/towen/build/strategy/prefix_override:/usr/lib/python3/dist-packages/colcon_core/task/python/colcon_distutils_commands:/workspace/towen/install/strategy/lib/python3.10/site-packages:${PYTHONPATH} /usr/bin/python3 -W ignore:setup.py install is deprecated setup.py egg_info --egg-base ../../build/strategy build --build-base /workspace/towen/build/strategy/build install --record /workspace/towen/build/strategy/install.log --single-version-externally-managed install_data
