[3.679s] Invoking command in '/workspace/towen/src/strategy': BYOBU_DATE=%Y-%m-%d PYTHONPATH=/workspace/towen/build/strategy/prefix_override:/usr/lib/python3/dist-packages/colcon_core/task/python/colcon_distutils_commands:/workspace/towen/install/strategy/lib/python3.10/site-packages:${PYTHONPATH} /usr/bin/python3 -W ignore:setup.py install is deprecated setup.py egg_info --egg-base ../../build/strategy build --build-base /workspace/towen/build/strategy/build install --record /workspace/towen/build/strategy/install.log --single-version-externally-managed install_data
[4.745s] running egg_info
[4.819s] writing ../../build/strategy/strategy.egg-info/PKG-INFO
[4.823s] writing dependency_links to ../../build/strategy/strategy.egg-info/dependency_links.txt
[4.824s] writing entry points to ../../build/strategy/strategy.egg-info/entry_points.txt
[4.830s] writing requirements to ../../build/strategy/strategy.egg-info/requires.txt
[4.831s] writing top-level names to ../../build/strategy/strategy.egg-info/top_level.txt
[4.950s] reading manifest file '../../build/strategy/strategy.egg-info/SOURCES.txt'
[4.950s] adding license file 'LICENSE'
[4.953s] writing manifest file '../../build/strategy/strategy.egg-info/SOURCES.txt'
[4.953s] running build
[4.953s] running build_py
[4.954s] copying strategy/__init__.py -> /workspace/towen/build/strategy/build/lib/strategy
[4.955s] copying strategy/API.py -> /workspace/towen/build/strategy/build/lib/strategy
[4.957s] copying strategy/mar/__init__.py -> /workspace/towen/build/strategy/build/lib/strategy/mar
[4.957s] copying strategy/mar/mar.py -> /workspace/towen/build/strategy/build/lib/strategy/mar
[4.957s] copying strategy/wl/wl.py -> /workspace/towen/build/strategy/build/lib/strategy/wl
[4.958s] copying strategy/wl/__init__.py -> /workspace/towen/build/strategy/build/lib/strategy/wl
[4.958s] copying strategy/sp/sp.py -> /workspace/towen/build/strategy/build/lib/strategy/sp
[4.958s] copying strategy/sp/__init__.py -> /workspace/towen/build/strategy/build/lib/strategy/sp
[4.959s] copying strategy/obs/__init__.py -> /workspace/towen/build/strategy/build/lib/strategy/obs
[4.959s] copying strategy/obs/obs.py -> /workspace/towen/build/strategy/build/lib/strategy/obs
[4.960s] copying strategy/sr/__init__.py -> /workspace/towen/build/strategy/build/lib/strategy/sr
[4.961s] copying strategy/sr/sr.py -> /workspace/towen/build/strategy/build/lib/strategy/sr
[4.961s] copying strategy/bb/__init__.py -> /workspace/towen/build/strategy/build/lib/strategy/bb
[4.962s] copying strategy/bb/bb.py -> /workspace/towen/build/strategy/build/lib/strategy/bb
[4.963s] copying strategy/ar/__init__.py -> /workspace/towen/build/strategy/build/lib/strategy/ar
[4.963s] copying strategy/ar/ar.py -> /workspace/towen/build/strategy/build/lib/strategy/ar
[4.966s] running install
[4.977s] running install_lib
[5.058s] running install_data
[5.059s] copying resource/strategy -> /workspace/towen/install/strategy/share/ament_index/resource_index/packages
[5.059s] copying package.xml -> /workspace/towen/install/strategy/share/strategy
[5.059s] running install_egg_info
[5.155s] removing '/workspace/towen/install/strategy/lib/python3.10/site-packages/strategy-0.0.0-py3.10.egg-info' (and everything under it)
[5.155s] Copying ../../build/strategy/strategy.egg-info to /workspace/towen/install/strategy/lib/python3.10/site-packages/strategy-0.0.0-py3.10.egg-info
[5.158s] running install_scripts
[5.787s] Installing ar script to /workspace/towen/install/strategy/lib/strategy
[5.787s] Installing bb script to /workspace/towen/install/strategy/lib/strategy
[5.795s] Installing mar script to /workspace/towen/install/strategy/lib/strategy
[5.795s] Installing obs script to /workspace/towen/install/strategy/lib/strategy
[5.795s] Installing sp script to /workspace/towen/install/strategy/lib/strategy
[5.795s] Installing sr script to /workspace/towen/install/strategy/lib/strategy
[5.795s] Installing wl script to /workspace/towen/install/strategy/lib/strategy
[5.819s] writing list of installed files to '/workspace/towen/build/strategy/install.log'
[5.964s] Invoked command in '/workspace/towen/src/strategy' returned '0': BYOBU_DATE=%Y-%m-%d PYTHONPATH=/workspace/towen/build/strategy/prefix_override:/usr/lib/python3/dist-packages/colcon_core/task/python/colcon_distutils_commands:/workspace/towen/install/strategy/lib/python3.10/site-packages:${PYTHONPATH} /usr/bin/python3 -W ignore:setup.py install is deprecated setup.py egg_info --egg-base ../../build/strategy build --build-base /workspace/towen/build/strategy/build install --record /workspace/towen/build/strategy/install.log --single-version-externally-managed install_data
