running develop
Removing /workspace/towen/install/rosidl_cli/lib/python3.10/site-packages/rosidl-cli.egg-link (link to .)
running egg_info
writing ../../../build/rosidl_cli/rosidl_cli.egg-info/PKG-INFO
writing dependency_links to ../../../build/rosidl_cli/rosidl_cli.egg-info/dependency_links.txt
writing entry points to ../../../build/rosidl_cli/rosidl_cli.egg-info/entry_points.txt
writing requirements to ../../../build/rosidl_cli/rosidl_cli.egg-info/requires.txt
writing top-level names to ../../../build/rosidl_cli/rosidl_cli.egg-info/top_level.txt
reading manifest file '../../../build/rosidl_cli/rosidl_cli.egg-info/SOURCES.txt'
writing manifest file '../../../build/rosidl_cli/rosidl_cli.egg-info/SOURCES.txt'
running build
running build_py
copying rosidl_cli/entry_points.py -> /workspace/towen/build/rosidl_cli/build/lib/rosidl_cli
copying rosidl_cli/extensions.py -> /workspace/towen/build/rosidl_cli/build/lib/rosidl_cli
copying rosidl_cli/__init__.py -> /workspace/towen/build/rosidl_cli/build/lib/rosidl_cli
copying rosidl_cli/cli.py -> /workspace/towen/build/rosidl_cli/build/lib/rosidl_cli
copying rosidl_cli/common.py -> /workspace/towen/build/rosidl_cli/build/lib/rosidl_cli
copying rosidl_cli/command/__init__.py -> /workspace/towen/build/rosidl_cli/build/lib/rosidl_cli/command
copying rosidl_cli/command/helpers.py -> /workspace/towen/build/rosidl_cli/build/lib/rosidl_cli/command
copying rosidl_cli/command/translate/extensions.py -> /workspace/towen/build/rosidl_cli/build/lib/rosidl_cli/command/translate
copying rosidl_cli/command/translate/__init__.py -> /workspace/towen/build/rosidl_cli/build/lib/rosidl_cli/command/translate
copying rosidl_cli/command/translate/api.py -> /workspace/towen/build/rosidl_cli/build/lib/rosidl_cli/command/translate
copying rosidl_cli/command/generate/extensions.py -> /workspace/towen/build/rosidl_cli/build/lib/rosidl_cli/command/generate
copying rosidl_cli/command/generate/__init__.py -> /workspace/towen/build/rosidl_cli/build/lib/rosidl_cli/command/generate
copying rosidl_cli/command/generate/api.py -> /workspace/towen/build/rosidl_cli/build/lib/rosidl_cli/command/generate
running install
running install_lib
creating /workspace/towen/install/rosidl_cli/lib/python3.10/site-packages/rosidl_cli
copying /workspace/towen/build/rosidl_cli/build/lib/rosidl_cli/entry_points.py -> /workspace/towen/install/rosidl_cli/lib/python3.10/site-packages/rosidl_cli
copying /workspace/towen/build/rosidl_cli/build/lib/rosidl_cli/extensions.py -> /workspace/towen/install/rosidl_cli/lib/python3.10/site-packages/rosidl_cli
copying /workspace/towen/build/rosidl_cli/build/lib/rosidl_cli/__init__.py -> /workspace/towen/install/rosidl_cli/lib/python3.10/site-packages/rosidl_cli
copying /workspace/towen/build/rosidl_cli/build/lib/rosidl_cli/cli.py -> /workspace/towen/install/rosidl_cli/lib/python3.10/site-packages/rosidl_cli
copying /workspace/towen/build/rosidl_cli/build/lib/rosidl_cli/common.py -> /workspace/towen/install/rosidl_cli/lib/python3.10/site-packages/rosidl_cli
creating /workspace/towen/install/rosidl_cli/lib/python3.10/site-packages/rosidl_cli/command
copying /workspace/towen/build/rosidl_cli/build/lib/rosidl_cli/command/__init__.py -> /workspace/towen/install/rosidl_cli/lib/python3.10/site-packages/rosidl_cli/command
creating /workspace/towen/install/rosidl_cli/lib/python3.10/site-packages/rosidl_cli/command/translate
copying /workspace/towen/build/rosidl_cli/build/lib/rosidl_cli/command/translate/extensions.py -> /workspace/towen/install/rosidl_cli/lib/python3.10/site-packages/rosidl_cli/command/translate
copying /workspace/towen/build/rosidl_cli/build/lib/rosidl_cli/command/translate/__init__.py -> /workspace/towen/install/rosidl_cli/lib/python3.10/site-packages/rosidl_cli/command/translate
copying /workspace/towen/build/rosidl_cli/build/lib/rosidl_cli/command/translate/api.py -> /workspace/towen/install/rosidl_cli/lib/python3.10/site-packages/rosidl_cli/command/translate
copying /workspace/towen/build/rosidl_cli/build/lib/rosidl_cli/command/helpers.py -> /workspace/towen/install/rosidl_cli/lib/python3.10/site-packages/rosidl_cli/command
creating /workspace/towen/install/rosidl_cli/lib/python3.10/site-packages/rosidl_cli/command/generate
copying /workspace/towen/build/rosidl_cli/build/lib/rosidl_cli/command/generate/extensions.py -> /workspace/towen/install/rosidl_cli/lib/python3.10/site-packages/rosidl_cli/command/generate
copying /workspace/towen/build/rosidl_cli/build/lib/rosidl_cli/command/generate/__init__.py -> /workspace/towen/install/rosidl_cli/lib/python3.10/site-packages/rosidl_cli/command/generate
copying /workspace/towen/build/rosidl_cli/build/lib/rosidl_cli/command/generate/api.py -> /workspace/towen/install/rosidl_cli/lib/python3.10/site-packages/rosidl_cli/command/generate
byte-compiling /workspace/towen/install/rosidl_cli/lib/python3.10/site-packages/rosidl_cli/entry_points.py to entry_points.cpython-310.pyc
byte-compiling /workspace/towen/install/rosidl_cli/lib/python3.10/site-packages/rosidl_cli/extensions.py to extensions.cpython-310.pyc
byte-compiling /workspace/towen/install/rosidl_cli/lib/python3.10/site-packages/rosidl_cli/__init__.py to __init__.cpython-310.pyc
byte-compiling /workspace/towen/install/rosidl_cli/lib/python3.10/site-packages/rosidl_cli/cli.py to cli.cpython-310.pyc
byte-compiling /workspace/towen/install/rosidl_cli/lib/python3.10/site-packages/rosidl_cli/common.py to common.cpython-310.pyc
byte-compiling /workspace/towen/install/rosidl_cli/lib/python3.10/site-packages/rosidl_cli/command/__init__.py to __init__.cpython-310.pyc
byte-compiling /workspace/towen/install/rosidl_cli/lib/python3.10/site-packages/rosidl_cli/command/translate/extensions.py to extensions.cpython-310.pyc
byte-compiling /workspace/towen/install/rosidl_cli/lib/python3.10/site-packages/rosidl_cli/command/translate/__init__.py to __init__.cpython-310.pyc
byte-compiling /workspace/towen/install/rosidl_cli/lib/python3.10/site-packages/rosidl_cli/command/translate/api.py to api.cpython-310.pyc
byte-compiling /workspace/towen/install/rosidl_cli/lib/python3.10/site-packages/rosidl_cli/command/helpers.py to helpers.cpython-310.pyc
byte-compiling /workspace/towen/install/rosidl_cli/lib/python3.10/site-packages/rosidl_cli/command/generate/extensions.py to extensions.cpython-310.pyc
byte-compiling /workspace/towen/install/rosidl_cli/lib/python3.10/site-packages/rosidl_cli/command/generate/__init__.py to __init__.cpython-310.pyc
byte-compiling /workspace/towen/install/rosidl_cli/lib/python3.10/site-packages/rosidl_cli/command/generate/api.py to api.cpython-310.pyc
running install_data
copying resource/rosidl_cli -> /workspace/towen/install/rosidl_cli/share/ament_index/resource_index/packages
copying package.xml -> /workspace/towen/install/rosidl_cli/share/rosidl_cli
copying resource/package.dsv -> /workspace/towen/install/rosidl_cli/share/rosidl_cli
copying completion/rosidl-argcomplete.bash -> /workspace/towen/install/rosidl_cli/share/rosidl_cli/environment
copying completion/rosidl-argcomplete.zsh -> /workspace/towen/install/rosidl_cli/share/rosidl_cli/environment
running install_egg_info
Copying ../../../build/rosidl_cli/rosidl_cli.egg-info to /workspace/towen/install/rosidl_cli/lib/python3.10/site-packages/rosidl_cli-3.1.7-py3.10.egg-info
running install_scripts
Installing rosidl script to /workspace/towen/install/rosidl_cli/bin
writing list of installed files to '/workspace/towen/build/rosidl_cli/install.log'
