[3.053s] Invoking command in '/workspace/towen/build/rosidl_cli': BYOBU_DATE=%Y-%m-%d PYTHONPATH=/workspace/towen/build/rosidl_cli/prefix_override:/usr/lib/python3/dist-packages/colcon_core/task/python/colcon_distutils_commands:/workspace/towen/install/rosidl_cli/lib/python3.10/site-packages:${PYTHONPATH} /usr/bin/python3 -W ignore:setup.py install is deprecated setup.py develop --uninstall --editable --build-directory /workspace/towen/build/rosidl_cli/build
[4.101s] running develop
[4.101s] /usr/local/lib/python3.10/dist-packages/setuptools/command/develop.py:41: EasyInstallDeprecationWarning: easy_install command is deprecated.
[4.101s] !!
[4.102s] 
[4.102s]         ********************************************************************************
[4.102s]         Please avoid running ``setup.py`` and ``easy_install``.
[4.102s]         Instead, use pypa/build, pypa/installer or other
[4.102s]         standards-based tools.
[4.102s] 
[4.103s]         See https://github.com/pypa/setuptools/issues/917 for details.
[4.103s]         ********************************************************************************
[4.103s] 
[4.103s] !!
[4.103s]   easy_install.initialize_options(self)
[4.916s] Removing /workspace/towen/install/rosidl_cli/lib/python3.10/site-packages/rosidl-cli.egg-link (link to .)
[5.079s] Invoked command in '/workspace/towen/build/rosidl_cli' returned '0': BYOBU_DATE=%Y-%m-%d PYTHONPATH=/workspace/towen/build/rosidl_cli/prefix_override:/usr/lib/python3/dist-packages/colcon_core/task/python/colcon_distutils_commands:/workspace/towen/install/rosidl_cli/lib/python3.10/site-packages:${PYTHONPATH} /usr/bin/python3 -W ignore:setup.py install is deprecated setup.py develop --uninstall --editable --build-directory /workspace/towen/build/rosidl_cli/build
[5.083s] Invoking command in '/workspace/towen/src/rosidl/rosidl_cli': BYOBU_DATE=%Y-%m-%d PYTHONPATH=/workspace/towen/build/rosidl_cli/prefix_override:/usr/lib/python3/dist-packages/colcon_core/task/python/colcon_distutils_commands:/workspace/towen/install/rosidl_cli/lib/python3.10/site-packages:${PYTHONPATH} /usr/bin/python3 -W ignore:setup.py install is deprecated setup.py egg_info --egg-base ../../../build/rosidl_cli build --build-base /workspace/towen/build/rosidl_cli/build install --record /workspace/towen/build/rosidl_cli/install.log --single-version-externally-managed install_data --force
[6.249s] running egg_info
[6.295s] writing ../../../build/rosidl_cli/rosidl_cli.egg-info/PKG-INFO
[6.298s] writing dependency_links to ../../../build/rosidl_cli/rosidl_cli.egg-info/dependency_links.txt
[6.299s] writing entry points to ../../../build/rosidl_cli/rosidl_cli.egg-info/entry_points.txt
[6.302s] writing requirements to ../../../build/rosidl_cli/rosidl_cli.egg-info/requires.txt
[6.303s] writing top-level names to ../../../build/rosidl_cli/rosidl_cli.egg-info/top_level.txt
[6.408s] reading manifest file '../../../build/rosidl_cli/rosidl_cli.egg-info/SOURCES.txt'
[6.411s] writing manifest file '../../../build/rosidl_cli/rosidl_cli.egg-info/SOURCES.txt'
[6.413s] running build
[6.414s] running build_py
[6.418s] copying rosidl_cli/entry_points.py -> /workspace/towen/build/rosidl_cli/build/lib/rosidl_cli
[6.424s] copying rosidl_cli/extensions.py -> /workspace/towen/build/rosidl_cli/build/lib/rosidl_cli
[6.437s] copying rosidl_cli/__init__.py -> /workspace/towen/build/rosidl_cli/build/lib/rosidl_cli
[6.438s] copying rosidl_cli/cli.py -> /workspace/towen/build/rosidl_cli/build/lib/rosidl_cli
[6.438s] copying rosidl_cli/common.py -> /workspace/towen/build/rosidl_cli/build/lib/rosidl_cli
[6.438s] copying rosidl_cli/command/__init__.py -> /workspace/towen/build/rosidl_cli/build/lib/rosidl_cli/command
[6.438s] copying rosidl_cli/command/helpers.py -> /workspace/towen/build/rosidl_cli/build/lib/rosidl_cli/command
[6.438s] copying rosidl_cli/command/translate/extensions.py -> /workspace/towen/build/rosidl_cli/build/lib/rosidl_cli/command/translate
[6.439s] copying rosidl_cli/command/translate/__init__.py -> /workspace/towen/build/rosidl_cli/build/lib/rosidl_cli/command/translate
[6.439s] copying rosidl_cli/command/translate/api.py -> /workspace/towen/build/rosidl_cli/build/lib/rosidl_cli/command/translate
[6.439s] copying rosidl_cli/command/generate/extensions.py -> /workspace/towen/build/rosidl_cli/build/lib/rosidl_cli/command/generate
[6.439s] copying rosidl_cli/command/generate/__init__.py -> /workspace/towen/build/rosidl_cli/build/lib/rosidl_cli/command/generate
[6.439s] copying rosidl_cli/command/generate/api.py -> /workspace/towen/build/rosidl_cli/build/lib/rosidl_cli/command/generate
[6.439s] running install
[6.449s] running install_lib
[6.497s] creating /workspace/towen/install/rosidl_cli/lib/python3.10/site-packages/rosidl_cli
[6.498s] copying /workspace/towen/build/rosidl_cli/build/lib/rosidl_cli/entry_points.py -> /workspace/towen/install/rosidl_cli/lib/python3.10/site-packages/rosidl_cli
[6.498s] copying /workspace/towen/build/rosidl_cli/build/lib/rosidl_cli/extensions.py -> /workspace/towen/install/rosidl_cli/lib/python3.10/site-packages/rosidl_cli
[6.499s] copying /workspace/towen/build/rosidl_cli/build/lib/rosidl_cli/__init__.py -> /workspace/towen/install/rosidl_cli/lib/python3.10/site-packages/rosidl_cli
[6.499s] copying /workspace/towen/build/rosidl_cli/build/lib/rosidl_cli/cli.py -> /workspace/towen/install/rosidl_cli/lib/python3.10/site-packages/rosidl_cli
[6.499s] copying /workspace/towen/build/rosidl_cli/build/lib/rosidl_cli/common.py -> /workspace/towen/install/rosidl_cli/lib/python3.10/site-packages/rosidl_cli
[6.500s] creating /workspace/towen/install/rosidl_cli/lib/python3.10/site-packages/rosidl_cli/command
[6.500s] copying /workspace/towen/build/rosidl_cli/build/lib/rosidl_cli/command/__init__.py -> /workspace/towen/install/rosidl_cli/lib/python3.10/site-packages/rosidl_cli/command
[6.500s] creating /workspace/towen/install/rosidl_cli/lib/python3.10/site-packages/rosidl_cli/command/translate
[6.500s] copying /workspace/towen/build/rosidl_cli/build/lib/rosidl_cli/command/translate/extensions.py -> /workspace/towen/install/rosidl_cli/lib/python3.10/site-packages/rosidl_cli/command/translate
[6.501s] copying /workspace/towen/build/rosidl_cli/build/lib/rosidl_cli/command/translate/__init__.py -> /workspace/towen/install/rosidl_cli/lib/python3.10/site-packages/rosidl_cli/command/translate
[6.501s] copying /workspace/towen/build/rosidl_cli/build/lib/rosidl_cli/command/translate/api.py -> /workspace/towen/install/rosidl_cli/lib/python3.10/site-packages/rosidl_cli/command/translate
[6.501s] copying /workspace/towen/build/rosidl_cli/build/lib/rosidl_cli/command/helpers.py -> /workspace/towen/install/rosidl_cli/lib/python3.10/site-packages/rosidl_cli/command
[6.502s] creating /workspace/towen/install/rosidl_cli/lib/python3.10/site-packages/rosidl_cli/command/generate
[6.502s] copying /workspace/towen/build/rosidl_cli/build/lib/rosidl_cli/command/generate/extensions.py -> /workspace/towen/install/rosidl_cli/lib/python3.10/site-packages/rosidl_cli/command/generate
[6.503s] copying /workspace/towen/build/rosidl_cli/build/lib/rosidl_cli/command/generate/__init__.py -> /workspace/towen/install/rosidl_cli/lib/python3.10/site-packages/rosidl_cli/command/generate
[6.503s] copying /workspace/towen/build/rosidl_cli/build/lib/rosidl_cli/command/generate/api.py -> /workspace/towen/install/rosidl_cli/lib/python3.10/site-packages/rosidl_cli/command/generate
[6.505s] byte-compiling /workspace/towen/install/rosidl_cli/lib/python3.10/site-packages/rosidl_cli/entry_points.py to entry_points.cpython-310.pyc
[6.507s] byte-compiling /workspace/towen/install/rosidl_cli/lib/python3.10/site-packages/rosidl_cli/extensions.py to extensions.cpython-310.pyc
[6.507s] byte-compiling /workspace/towen/install/rosidl_cli/lib/python3.10/site-packages/rosidl_cli/__init__.py to __init__.cpython-310.pyc
[6.515s] byte-compiling /workspace/towen/install/rosidl_cli/lib/python3.10/site-packages/rosidl_cli/cli.py to cli.cpython-310.pyc
[6.515s] byte-compiling /workspace/towen/install/rosidl_cli/lib/python3.10/site-packages/rosidl_cli/common.py to common.cpython-310.pyc
[6.516s] byte-compiling /workspace/towen/install/rosidl_cli/lib/python3.10/site-packages/rosidl_cli/command/__init__.py to __init__.cpython-310.pyc
[6.518s] byte-compiling /workspace/towen/install/rosidl_cli/lib/python3.10/site-packages/rosidl_cli/command/translate/extensions.py to extensions.cpython-310.pyc
[6.518s] byte-compiling /workspace/towen/install/rosidl_cli/lib/python3.10/site-packages/rosidl_cli/command/translate/__init__.py to __init__.cpython-310.pyc
[6.518s] byte-compiling /workspace/towen/install/rosidl_cli/lib/python3.10/site-packages/rosidl_cli/command/translate/api.py to api.cpython-310.pyc
[6.518s] byte-compiling /workspace/towen/install/rosidl_cli/lib/python3.10/site-packages/rosidl_cli/command/helpers.py to helpers.cpython-310.pyc
[6.518s] byte-compiling /workspace/towen/install/rosidl_cli/lib/python3.10/site-packages/rosidl_cli/command/generate/extensions.py to extensions.cpython-310.pyc
[6.519s] byte-compiling /workspace/towen/install/rosidl_cli/lib/python3.10/site-packages/rosidl_cli/command/generate/__init__.py to __init__.cpython-310.pyc
[6.519s] byte-compiling /workspace/towen/install/rosidl_cli/lib/python3.10/site-packages/rosidl_cli/command/generate/api.py to api.cpython-310.pyc
[6.519s] running install_data
[6.519s] copying resource/rosidl_cli -> /workspace/towen/install/rosidl_cli/share/ament_index/resource_index/packages
[6.519s] copying package.xml -> /workspace/towen/install/rosidl_cli/share/rosidl_cli
[6.520s] copying resource/package.dsv -> /workspace/towen/install/rosidl_cli/share/rosidl_cli
[6.524s] copying completion/rosidl-argcomplete.bash -> /workspace/towen/install/rosidl_cli/share/rosidl_cli/environment
[6.529s] copying completion/rosidl-argcomplete.zsh -> /workspace/towen/install/rosidl_cli/share/rosidl_cli/environment
[6.529s] running install_egg_info
[6.586s] Copying ../../../build/rosidl_cli/rosidl_cli.egg-info to /workspace/towen/install/rosidl_cli/lib/python3.10/site-packages/rosidl_cli-3.1.7-py3.10.egg-info
[6.591s] running install_scripts
[7.048s] Installing rosidl script to /workspace/towen/install/rosidl_cli/bin
[7.050s] writing list of installed files to '/workspace/towen/build/rosidl_cli/install.log'
[7.185s] Invoked command in '/workspace/towen/src/rosidl/rosidl_cli' returned '0': BYOBU_DATE=%Y-%m-%d PYTHONPATH=/workspace/towen/build/rosidl_cli/prefix_override:/usr/lib/python3/dist-packages/colcon_core/task/python/colcon_distutils_commands:/workspace/towen/install/rosidl_cli/lib/python3.10/site-packages:${PYTHONPATH} /usr/bin/python3 -W ignore:setup.py install is deprecated setup.py egg_info --egg-base ../../../build/rosidl_cli build --build-base /workspace/towen/build/rosidl_cli/build install --record /workspace/towen/build/rosidl_cli/install.log --single-version-externally-managed install_data --force
