[5.335s] Invoking command in '/workspace/towen/src/imageprocess': BYOBU_DATE=%Y-%m-%d PYTHONPATH=/workspace/towen/build/imageprocess/prefix_override:/usr/lib/python3/dist-packages/colcon_core/task/python/colcon_distutils_commands:/workspace/towen/install/imageprocess/lib/python3.10/site-packages:${PYTHONPATH} /usr/bin/python3 -W ignore:setup.py install is deprecated setup.py egg_info --egg-base ../../build/imageprocess build --build-base /workspace/towen/build/imageprocess/build install --record /workspace/towen/build/imageprocess/install.log --single-version-externally-managed install_data
[6.536s] running egg_info
[6.591s] writing ../../build/imageprocess/imageprocess.egg-info/PKG-INFO
[6.596s] writing dependency_links to ../../build/imageprocess/imageprocess.egg-info/dependency_links.txt
[6.598s] writing entry points to ../../build/imageprocess/imageprocess.egg-info/entry_points.txt
[6.601s] writing requirements to ../../build/imageprocess/imageprocess.egg-info/requires.txt
[6.603s] writing top-level names to ../../build/imageprocess/imageprocess.egg-info/top_level.txt
[6.719s] reading manifest file '../../build/imageprocess/imageprocess.egg-info/SOURCES.txt'
[6.721s] adding license file 'LICENSE'
[6.724s] writing manifest file '../../build/imageprocess/imageprocess.egg-info/SOURCES.txt'
[6.725s] running build
[6.726s] running build_py
[6.727s] copying imageprocess/modelparameter.py -> /workspace/towen/build/imageprocess/build/lib/imageprocess
[6.728s] copying imageprocess/image_0417.py -> /workspace/towen/build/imageprocess/build/lib/imageprocess
[6.729s] copying imageprocess/dataunit.py -> /workspace/towen/build/imageprocess/build/lib/imageprocess
[6.731s] copying imageprocess/123123.py -> /workspace/towen/build/imageprocess/build/lib/imageprocess
[6.731s] copying imageprocess/image_test.py -> /workspace/towen/build/imageprocess/build/lib/imageprocess
[6.732s] copying imageprocess/image.py -> /workspace/towen/build/imageprocess/build/lib/imageprocess
[6.733s] copying imageprocess/__init__.py -> /workspace/towen/build/imageprocess/build/lib/imageprocess
[6.734s] copying imageprocess/imageprocess.py -> /workspace/towen/build/imageprocess/build/lib/imageprocess
[6.735s] copying imageprocess/camera_segment_headless.py -> /workspace/towen/build/imageprocess/build/lib/imageprocess
[6.736s] running install
[6.748s] running install_lib
[6.835s] running install_data
[6.843s] copying resource/imageprocess -> /workspace/towen/install/imageprocess/share/ament_index/resource_index/packages
[6.844s] copying package.xml -> /workspace/towen/install/imageprocess/share/imageprocess
[6.845s] running install_egg_info
[6.969s] removing '/workspace/towen/install/imageprocess/lib/python3.10/site-packages/imageprocess-0.0.0-py3.10.egg-info' (and everything under it)
[6.972s] Copying ../../build/imageprocess/imageprocess.egg-info to /workspace/towen/install/imageprocess/lib/python3.10/site-packages/imageprocess-0.0.0-py3.10.egg-info
[6.985s] running install_scripts
[7.807s] Installing image script to /workspace/towen/install/imageprocess/lib/imageprocess
[7.809s] Installing image_test script to /workspace/towen/install/imageprocess/lib/imageprocess
[7.812s] Installing imageprocess script to /workspace/towen/install/imageprocess/lib/imageprocess
[7.813s] writing list of installed files to '/workspace/towen/build/imageprocess/install.log'
[7.980s] Invoked command in '/workspace/towen/src/imageprocess' returned '0': BYOBU_DATE=%Y-%m-%d PYTHONPATH=/workspace/towen/build/imageprocess/prefix_override:/usr/lib/python3/dist-packages/colcon_core/task/python/colcon_distutils_commands:/workspace/towen/install/imageprocess/lib/python3.10/site-packages:${PYTHONPATH} /usr/bin/python3 -W ignore:setup.py install is deprecated setup.py egg_info --egg-base ../../build/imageprocess build --build-base /workspace/towen/build/imageprocess/build install --record /workspace/towen/build/imageprocess/install.log --single-version-externally-managed install_data
