[3.363s] Invoking command in '/workspace/towen/src/imageprocess': BYOBU_DATE=%Y-%m-%d PYTHONPATH=/workspace/towen/build/imageprocess/prefix_override:/usr/lib/python3/dist-packages/colcon_core/task/python/colcon_distutils_commands:/workspace/towen/install/imageprocess/lib/python3.10/site-packages:${PYTHONPATH} /usr/bin/python3 -W ignore:setup.py install is deprecated setup.py egg_info --egg-base ../../build/imageprocess build --build-base /workspace/towen/build/imageprocess/build install --record /workspace/towen/build/imageprocess/install.log --single-version-externally-managed install_data
[4.296s] running egg_info
[4.348s] writing ../../build/imageprocess/imageprocess.egg-info/PKG-INFO
[4.352s] writing dependency_links to ../../build/imageprocess/imageprocess.egg-info/dependency_links.txt
[4.352s] writing entry points to ../../build/imageprocess/imageprocess.egg-info/entry_points.txt
[4.354s] writing requirements to ../../build/imageprocess/imageprocess.egg-info/requires.txt
[4.354s] writing top-level names to ../../build/imageprocess/imageprocess.egg-info/top_level.txt
[4.462s] reading manifest file '../../build/imageprocess/imageprocess.egg-info/SOURCES.txt'
[4.463s] adding license file 'LICENSE'
[4.466s] writing manifest file '../../build/imageprocess/imageprocess.egg-info/SOURCES.txt'
[4.467s] running build
[4.467s] running build_py
[4.469s] copying imageprocess/modelparameter.py -> /workspace/towen/build/imageprocess/build/lib/imageprocess
[4.471s] copying imageprocess/image_0417.py -> /workspace/towen/build/imageprocess/build/lib/imageprocess
[4.473s] copying imageprocess/dataunit.py -> /workspace/towen/build/imageprocess/build/lib/imageprocess
[4.475s] copying imageprocess/123123.py -> /workspace/towen/build/imageprocess/build/lib/imageprocess
[4.477s] copying imageprocess/image_test.py -> /workspace/towen/build/imageprocess/build/lib/imageprocess
[4.480s] copying imageprocess/image.py -> /workspace/towen/build/imageprocess/build/lib/imageprocess
[4.482s] copying imageprocess/__init__.py -> /workspace/towen/build/imageprocess/build/lib/imageprocess
[4.483s] copying imageprocess/imageprocess.py -> /workspace/towen/build/imageprocess/build/lib/imageprocess
[4.485s] copying imageprocess/camera_segment_headless.py -> /workspace/towen/build/imageprocess/build/lib/imageprocess
[4.488s] running install
[4.507s] running install_lib
[4.591s] running install_data
[4.593s] copying resource/imageprocess -> /workspace/towen/install/imageprocess/share/ament_index/resource_index/packages
[4.594s] copying package.xml -> /workspace/towen/install/imageprocess/share/imageprocess
[4.595s] running install_egg_info
[4.652s] removing '/workspace/towen/install/imageprocess/lib/python3.10/site-packages/imageprocess-0.0.0-py3.10.egg-info' (and everything under it)
[4.652s] Copying ../../build/imageprocess/imageprocess.egg-info to /workspace/towen/install/imageprocess/lib/python3.10/site-packages/imageprocess-0.0.0-py3.10.egg-info
[4.652s] running install_scripts
[5.078s] Installing image script to /workspace/towen/install/imageprocess/lib/imageprocess
[5.079s] Installing image_test script to /workspace/towen/install/imageprocess/lib/imageprocess
[5.081s] Installing imageprocess script to /workspace/towen/install/imageprocess/lib/imageprocess
[5.083s] writing list of installed files to '/workspace/towen/build/imageprocess/install.log'
[5.202s] Invoked command in '/workspace/towen/src/imageprocess' returned '0': BYOBU_DATE=%Y-%m-%d PYTHONPATH=/workspace/towen/build/imageprocess/prefix_override:/usr/lib/python3/dist-packages/colcon_core/task/python/colcon_distutils_commands:/workspace/towen/install/imageprocess/lib/python3.10/site-packages:${PYTHONPATH} /usr/bin/python3 -W ignore:setup.py install is deprecated setup.py egg_info --egg-base ../../build/imageprocess build --build-base /workspace/towen/build/imageprocess/build install --record /workspace/towen/build/imageprocess/install.log --single-version-externally-managed install_data
