[3.468s] Invoking command in '/home/iclab/Desktop/humanoid/src/wula': BYOBU_DATE=%Y-%m-%d PYTHONPATH=/home/iclab/Desktop/humanoid/build/wula/prefix_override:/usr/lib/python3/dist-packages/colcon_core/task/python/colcon_distutils_commands:/home/iclab/Desktop/humanoid/install/wula/lib/python3.10/site-packages:${PYTHONPATH} /usr/bin/python3 -W ignore:setup.py install is deprecated -W ignore:easy_install command is deprecated setup.py egg_info --egg-base ../../build/wula build --build-base /home/iclab/Desktop/humanoid/build/wula/build install --record /home/iclab/Desktop/humanoid/build/wula/install.log --single-version-externally-managed install_data
[4.189s] running egg_info
[4.191s] writing ../../build/wula/wula.egg-info/PKG-INFO
[4.192s] writing dependency_links to ../../build/wula/wula.egg-info/dependency_links.txt
[4.193s] writing entry points to ../../build/wula/wula.egg-info/entry_points.txt
[4.194s] writing requirements to ../../build/wula/wula.egg-info/requires.txt
[4.195s] writing top-level names to ../../build/wula/wula.egg-info/top_level.txt
[4.202s] reading manifest file '../../build/wula/wula.egg-info/SOURCES.txt'
[4.208s] writing manifest file '../../build/wula/wula.egg-info/SOURCES.txt'
[4.208s] running build
[4.208s] running build_py
[4.208s] running install
[4.208s] running install_lib
[4.213s] running install_data
[4.213s] running install_egg_info
[4.245s] removing '/home/iclab/Desktop/humanoid/install/wula/lib/python3.10/site-packages/wula-0.1.0-py3.10.egg-info' (and everything under it)
[4.255s] Copying ../../build/wula/wula.egg-info to /home/iclab/Desktop/humanoid/install/wula/lib/python3.10/site-packages/wula-0.1.0-py3.10.egg-info
[4.257s] running install_scripts
[4.329s] Installing sp_boson script to /home/iclab/Desktop/humanoid/install/wula/lib/wula
[4.329s] writing list of installed files to '/home/iclab/Desktop/humanoid/build/wula/install.log'
[4.427s] Invoked command in '/home/iclab/Desktop/humanoid/src/wula' returned '0': BYOBU_DATE=%Y-%m-%d PYTHONPATH=/home/iclab/Desktop/humanoid/build/wula/prefix_override:/usr/lib/python3/dist-packages/colcon_core/task/python/colcon_distutils_commands:/home/iclab/Desktop/humanoid/install/wula/lib/python3.10/site-packages:${PYTHONPATH} /usr/bin/python3 -W ignore:setup.py install is deprecated -W ignore:easy_install command is deprecated setup.py egg_info --egg-base ../../build/wula build --build-base /home/iclab/Desktop/humanoid/build/wula/build install --record /home/iclab/Desktop/humanoid/build/wula/install.log --single-version-externally-managed install_data
