[4.564s] Invoking command in '/home/iclab/Desktop/humanoid/src/motionpackage': BYOBU_DATE=%Y-%m-%d PYTHONPATH=/home/iclab/Desktop/humanoid/build/motionpackage/prefix_override:/usr/lib/python3/dist-packages/colcon_core/task/python/colcon_distutils_commands:/home/iclab/Desktop/humanoid/install/motionpackage/lib/python3.10/site-packages:${PYTHONPATH} /usr/bin/python3 -W ignore:setup.py install is deprecated -W ignore:easy_install command is deprecated setup.py egg_info --egg-base ../../build/motionpackage build --build-base /home/iclab/Desktop/humanoid/build/motionpackage/build install --record /home/iclab/Desktop/humanoid/build/motionpackage/install.log --single-version-externally-managed install_data
[6.123s] running egg_info
[6.125s] writing ../../build/motionpackage/motionpackage.egg-info/PKG-INFO
[6.128s] writing dependency_links to ../../build/motionpackage/motionpackage.egg-info/dependency_links.txt
[6.131s] writing entry points to ../../build/motionpackage/motionpackage.egg-info/entry_points.txt
[6.132s] writing requirements to ../../build/motionpackage/motionpackage.egg-info/requires.txt
[6.134s] writing top-level names to ../../build/motionpackage/motionpackage.egg-info/top_level.txt
[6.144s] reading manifest file '../../build/motionpackage/motionpackage.egg-info/SOURCES.txt'
[6.152s] writing manifest file '../../build/motionpackage/motionpackage.egg-info/SOURCES.txt'
[6.154s] running build
[6.154s] running build_py
[6.157s] running install
[6.160s] running install_lib
[6.168s] running install_data
[6.171s] running install_egg_info
[6.180s] removing '/home/iclab/Desktop/humanoid/install/motionpackage/lib/python3.10/site-packages/motionpackage-0.0.0-py3.10.egg-info' (and everything under it)
[6.192s] Copying ../../build/motionpackage/motionpackage.egg-info to /home/iclab/Desktop/humanoid/install/motionpackage/lib/python3.10/site-packages/motionpackage-0.0.0-py3.10.egg-info
[6.209s] running install_scripts
[6.291s] Installing motionpackage script to /home/iclab/Desktop/humanoid/install/motionpackage/lib/motionpackage
[6.293s] writing list of installed files to '/home/iclab/Desktop/humanoid/build/motionpackage/install.log'
[6.470s] Invoked command in '/home/iclab/Desktop/humanoid/src/motionpackage' returned '0': BYOBU_DATE=%Y-%m-%d PYTHONPATH=/home/iclab/Desktop/humanoid/build/motionpackage/prefix_override:/usr/lib/python3/dist-packages/colcon_core/task/python/colcon_distutils_commands:/home/iclab/Desktop/humanoid/install/motionpackage/lib/python3.10/site-packages:${PYTHONPATH} /usr/bin/python3 -W ignore:setup.py install is deprecated -W ignore:easy_install command is deprecated setup.py egg_info --egg-base ../../build/motionpackage build --build-base /home/iclab/Desktop/humanoid/build/motionpackage/build install --record /home/iclab/Desktop/humanoid/build/motionpackage/install.log --single-version-externally-managed install_data
