[4.981s] Invoking command in '/home/iclab/Desktop/humanoid/src/wula': BYOBU_DATE=%Y-%m-%d PYTHONPATH=/home/iclab/Desktop/humanoid/build/wula/prefix_override:/usr/lib/python3/dist-packages/colcon_core/task/python/colcon_distutils_commands:/home/iclab/Desktop/humanoid/install/wula/lib/python3.10/site-packages:${PYTHONPATH} /usr/bin/python3 -W ignore:setup.py install is deprecated -W ignore:easy_install command is deprecated setup.py egg_info --egg-base ../../build/wula build --build-base /home/iclab/Desktop/humanoid/build/wula/build install --record /home/iclab/Desktop/humanoid/build/wula/install.log --single-version-externally-managed install_data
[6.069s] running egg_info
[6.083s] writing ../../build/wula/wula.egg-info/PKG-INFO
[6.084s] writing dependency_links to ../../build/wula/wula.egg-info/dependency_links.txt
[6.085s] writing entry points to ../../build/wula/wula.egg-info/entry_points.txt
[6.086s] writing requirements to ../../build/wula/wula.egg-info/requires.txt
[6.086s] writing top-level names to ../../build/wula/wula.egg-info/top_level.txt
[6.096s] reading manifest file '../../build/wula/wula.egg-info/SOURCES.txt'
[6.098s] writing manifest file '../../build/wula/wula.egg-info/SOURCES.txt'
[6.100s] running build
[6.105s] running build_py
[6.119s] running install
[6.126s] running install_lib
[6.148s] running install_data
[6.149s] running install_egg_info
[6.156s] removing '/home/iclab/Desktop/humanoid/install/wula/lib/python3.10/site-packages/wula-0.1.0-py3.10.egg-info' (and everything under it)
[6.162s] Copying ../../build/wula/wula.egg-info to /home/iclab/Desktop/humanoid/install/wula/lib/python3.10/site-packages/wula-0.1.0-py3.10.egg-info
[6.169s] running install_scripts
[6.227s] Installing sp_boson script to /home/iclab/Desktop/humanoid/install/wula/lib/wula
[6.232s] writing list of installed files to '/home/iclab/Desktop/humanoid/build/wula/install.log'
[6.385s] Invoked command in '/home/iclab/Desktop/humanoid/src/wula' returned '0': BYOBU_DATE=%Y-%m-%d PYTHONPATH=/home/iclab/Desktop/humanoid/build/wula/prefix_override:/usr/lib/python3/dist-packages/colcon_core/task/python/colcon_distutils_commands:/home/iclab/Desktop/humanoid/install/wula/lib/python3.10/site-packages:${PYTHONPATH} /usr/bin/python3 -W ignore:setup.py install is deprecated -W ignore:easy_install command is deprecated setup.py egg_info --egg-base ../../build/wula build --build-base /home/iclab/Desktop/humanoid/build/wula/build install --record /home/iclab/Desktop/humanoid/build/wula/install.log --single-version-externally-managed install_data
