[0.144s] Invoking command in '/workspace/towen/build/zed_components': BYOBU_DATE=%Y-%m-%d CMAKE_PREFIX_PATH=${CMAKE_PREFIX_PATH}:/opt/ros/humble /usr/local/bin/cmake /workspace/towen/src/zed-ros2-wrapper/zed_components -DCMAKE_INSTALL_PREFIX=/workspace/towen/install/zed_components
[0.911s] -- The C compiler identification is GNU 11.4.0
[0.911s] -- The CXX compiler identification is GNU 11.4.0
[0.912s] -- Detecting C compiler ABI info
[1.052s] -- Detecting C compiler ABI info - done
[1.089s] -- Check for working C compiler: /usr/bin/cc - skipped
[1.101s] -- Detecting C compile features
[1.102s] -- Detecting C compile features - done
[1.123s] -- Detecting CXX compiler ABI info
[1.347s] -- Detecting CXX compiler ABI info - done
[1.397s] -- Check for working CXX compiler: /usr/bin/c++ - skipped
[1.398s] -- Detecting CXX compile features
[1.402s] -- Detecting CXX compile features - done
[1.424s] -- Looking for sgemm_
[1.665s] -- Looking for sgemm_ - not found
[1.665s] -- Performing Test CMAKE_HAVE_LIBC_PTHREAD
[1.873s] -- Performing Test CMAKE_HAVE_LIBC_PTHREAD - Success
[1.877s] -- Found Threads: TRUE
[2.002s] -- Looking for sgemm_
[2.350s] -- Looking for sgemm_ - found
[2.353s] -- Found BLAS: /usr/lib/aarch64-linux-gnu/libopenblas.so
[2.354s] [33mCMake Warning (dev) at /usr/local/zed/zed-config.cmake:73 (find_package):
[2.355s]   Policy CMP0146 is not set: The FindCUDA module is removed.  Run "cmake
[2.355s]   --help-policy CMP0146" for policy details.  Use the cmake_policy command to
[2.355s]   set the policy and suppress this warning.
[2.356s] 
[2.356s] Call Stack (most recent call first):
[2.356s]   CMakeLists.txt:84 (find_package)
[2.357s] This warning is for project developers.  Use -Wno-dev to suppress it.
[2.357s] [0m
[2.461s] -- Found CUDA: /usr/local/cuda (found suitable version "12.6", minimum required is "12.6")
[2.465s] [33mCMake Warning (dev) at /usr/local/zed/zed-config.cmake:78 (exec_program):
[2.465s]   Policy CMP0153 is not set: The exec_program command should not be called.
[2.465s]   Run "cmake --help-policy CMP0153" for policy details.  Use the cmake_policy
[2.465s]   command to set the policy and suppress this warning.
[2.465s] 
[2.465s]   Use execute_process() instead.
[2.466s] Call Stack (most recent call first):
[2.466s]   CMakeLists.txt:84 (find_package)
[2.466s] This warning is for project developers.  Use -Wno-dev to suppress it.
[2.466s] [0m
[2.480s] [33mCMake Warning (dev) at /usr/local/zed/zed-config.cmake:79 (exec_program):
[2.480s]   Policy CMP0153 is not set: The exec_program command should not be called.
[2.480s]   Run "cmake --help-policy CMP0153" for policy details.  Use the cmake_policy
[2.480s]   command to set the policy and suppress this warning.
[2.481s] 
[2.481s]   Use execute_process() instead.
[2.481s] Call Stack (most recent call first):
[2.481s]   CMakeLists.txt:84 (find_package)
[2.481s] This warning is for project developers.  Use -Wno-dev to suppress it.
[2.481s] [0m
[2.489s] [33mCMake Warning (dev) at /usr/local/zed/zed-config.cmake:95 (exec_program):
[2.489s]   Policy CMP0153 is not set: The exec_program command should not be called.
[2.490s]   Run "cmake --help-policy CMP0153" for policy details.  Use the cmake_policy
[2.490s]   command to set the policy and suppress this warning.
[2.490s] 
[2.490s]   Use execute_process() instead.
[2.490s] Call Stack (most recent call first):
[2.490s]   CMakeLists.txt:84 (find_package)
[2.490s] This warning is for project developers.  Use -Wno-dev to suppress it.
[2.490s] [0m
[2.496s] [33mCMake Warning (dev) at /usr/local/zed/zed-config.cmake:123 (exec_program):
[2.496s]   Policy CMP0153 is not set: The exec_program command should not be called.
[2.496s]   Run "cmake --help-policy CMP0153" for policy details.  Use the cmake_policy
[2.497s]   command to set the policy and suppress this warning.
[2.497s] 
[2.497s]   Use execute_process() instead.
[2.497s] Call Stack (most recent call first):
[2.497s]   CMakeLists.txt:84 (find_package)
[2.497s] This warning is for project developers.  Use -Wno-dev to suppress it.
[2.498s] [0m
[2.522s] [33mCMake Warning (dev) at CMakeLists.txt:86 (exec_program):
[2.523s]   Policy CMP0153 is not set: The exec_program command should not be called.
[2.523s]   Run "cmake --help-policy CMP0153" for policy details.  Use the cmake_policy
[2.523s]   command to set the policy and suppress this warning.
[2.523s] 
[2.523s]   Use execute_process() instead.
[2.523s] This warning is for project developers.  Use -Wno-dev to suppress it.
[2.523s] [0m
[2.537s] [33mCMake Warning (dev) at CMakeLists.txt:91 (find_package):
[2.538s]   Policy CMP0146 is not set: The FindCUDA module is removed.  Run "cmake
[2.538s]   --help-policy CMP0146" for policy details.  Use the cmake_policy command to
[2.538s]   set the policy and suppress this warning.
[2.538s] 
[2.538s] This warning is for project developers.  Use -Wno-dev to suppress it.
[2.538s] [0m
[2.555s] -- Found CUDA: /usr/local/cuda (found version "12.6")
[2.562s] -- Found ament_cmake_auto: 1.3.10 (/opt/ros/humble/install/share/ament_cmake_auto/cmake)
[2.911s] -- Found Python3: /usr/local/bin/python3 (found version "3.10.12") found components: Interpreter
[3.489s] -- Found rosidl_generator_c: 3.1.5 (/opt/ros/humble/install/share/rosidl_generator_c/cmake)
[3.505s] -- Found rosidl_adapter: 3.1.5 (/opt/ros/humble/install/share/rosidl_adapter/cmake)
[3.540s] -- Found rosidl_generator_cpp: 3.1.5 (/opt/ros/humble/install/share/rosidl_generator_cpp/cmake)
[3.582s] -- Using all available rosidl_typesupport_c: rosidl_typesupport_fastrtps_c;rosidl_typesupport_introspection_c
[3.649s] -- Using all available rosidl_typesupport_cpp: rosidl_typesupport_fastrtps_cpp;rosidl_typesupport_introspection_cpp
[4.356s] -- Found rmw_implementation_cmake: 6.1.2 (/opt/ros/humble/install/share/rmw_implementation_cmake/cmake)
[4.377s] -- Found rmw_fastrtps_cpp: 6.2.7 (/opt/ros/humble/install/share/rmw_fastrtps_cpp/cmake)
[5.135s] -- Found OpenSSL: /usr/lib/aarch64-linux-gnu/libcrypto.so (found version "3.0.2")
[5.332s] -- Found FastRTPS: /opt/ros/humble/install/include
[5.647s] -- Using RMW implementation 'rmw_fastrtps_cpp' as default
[7.744s] -- Found eigen3_cmake_module: 0.1.1 (/opt/ros/humble/install/share/eigen3_cmake_module/cmake)
[7.749s] -- Found Eigen3: TRUE (found version "3.4.0")
[7.749s] -- Ensuring Eigen3 include directory is part of orocos-kdl CMake target
[8.323s] -- Found ament_lint_auto: 0.12.11 (/opt/ros/humble/install/share/ament_lint_auto/cmake)
[8.444s] -- Added test 'copyright' to check source files copyright and LICENSE
[8.451s] -- Added test 'cppcheck' to perform static code analysis on C / C++ code
[8.453s] -- Configured cppcheck include dirs: /workspace/towen/src/zed-ros2-wrapper/zed_components/src/include;/workspace/towen/src/zed-ros2-wrapper/zed_components/src/zed_camera/include;/workspace/towen/src/zed-ros2-wrapper/zed_components/src/tools/include
[8.454s] -- Configured cppcheck exclude dirs and/or files: 
[8.460s] -- Added test 'lint_cmake' to check CMake code style
[8.469s] -- Added test 'uncrustify' to check C / C++ code style
[8.469s] -- Configured uncrustify additional arguments: 
[8.473s] -- Added test 'xmllint' to check XML markup files
[8.503s] -- Configuring done (8.1s)
[8.778s] -- Generating done (0.3s)
[8.783s] -- Build files have been written to: /workspace/towen/build/zed_components
[8.879s] Invoked command in '/workspace/towen/build/zed_components' returned '0': BYOBU_DATE=%Y-%m-%d CMAKE_PREFIX_PATH=${CMAKE_PREFIX_PATH}:/opt/ros/humble /usr/local/bin/cmake /workspace/towen/src/zed-ros2-wrapper/zed_components -DCMAKE_INSTALL_PREFIX=/workspace/towen/install/zed_components
[8.883s] Invoking command in '/workspace/towen/build/zed_components': BYOBU_DATE=%Y-%m-%d CMAKE_PREFIX_PATH=${CMAKE_PREFIX_PATH}:/opt/ros/humble /usr/local/bin/cmake --build /workspace/towen/build/zed_components -- -j6 -l6
[9.243s] [ 10%] [32mBuilding CXX object CMakeFiles/zed_camera_one_component.dir/src/tools/src/sl_tools.cpp.o[0m
[9.253s] [ 30%] [32mBuilding CXX object CMakeFiles/zed_camera_one_component.dir/src/tools/src/sl_win_avg.cpp.o[0m
[9.264s] [ 40%] [32mBuilding CXX object CMakeFiles/zed_camera_one_component.dir/src/zed_camera/src/zed_camera_one_component.cpp.o[0m
[9.271s] [ 40%] [32mBuilding CXX object CMakeFiles/zed_camera_component.dir/src/tools/src/sl_tools.cpp.o[0m
[9.272s] [ 60%] [32mBuilding CXX object CMakeFiles/zed_camera_component.dir/src/tools/src/sl_win_avg.cpp.o[0m
[9.275s] [ 50%] [32mBuilding CXX object CMakeFiles/zed_camera_one_component.dir/src/tools/src/gnss_replay.cpp.o[0m
[11.933s] [ 70%] [32mBuilding CXX object CMakeFiles/zed_camera_component.dir/src/tools/src/gnss_replay.cpp.o[0m
[12.092s] [ 80%] [32mBuilding CXX object CMakeFiles/zed_camera_component.dir/src/zed_camera/src/zed_camera_component.cpp.o[0m
[75.056s] [ 90%] [32m[1mLinking CXX shared library libzed_camera_one_component.so[0m
[76.223s] [ 90%] Built target zed_camera_one_component
[214.400s] [100%] [32m[1mLinking CXX shared library libzed_camera_component.so[0m
[216.072s] [100%] Built target zed_camera_component
