[2.777s] Invoking command in '/workspace/towen/build/strategy': BYOBU_DATE=%Y-%m-%d PYTHONPATH=/workspace/towen/build/strategy/prefix_override:/usr/lib/python3/dist-packages/colcon_core/task/python/colcon_distutils_commands:/workspace/towen/install/strategy/lib/python3.10/site-packages:${PYTHONPATH} /usr/bin/python3 -W ignore:setup.py install is deprecated setup.py develop --uninstall --editable --build-directory /workspace/towen/build/strategy/build
[3.745s] running develop
[3.745s] /usr/local/lib/python3.10/dist-packages/setuptools/command/develop.py:41: EasyInstallDeprecationWarning: easy_install command is deprecated.
[3.745s] !!
[3.745s] 
[3.745s]         ********************************************************************************
[3.746s]         Please avoid running ``setup.py`` and ``easy_install``.
[3.746s]         Instead, use pypa/build, pypa/installer or other
[3.746s]         standards-based tools.
[3.746s] 
[3.746s]         See https://github.com/pypa/setuptools/issues/917 for details.
[3.746s]         ********************************************************************************
[3.746s] 
[3.747s] !!
[3.747s]   easy_install.initialize_options(self)
[4.458s] Removing /workspace/towen/install/strategy/lib/python3.10/site-packages/strategy.egg-link (link to .)
[4.612s] Invoked command in '/workspace/towen/build/strategy' returned '0': BYOBU_DATE=%Y-%m-%d PYTHONPATH=/workspace/towen/build/strategy/prefix_override:/usr/lib/python3/dist-packages/colcon_core/task/python/colcon_distutils_commands:/workspace/towen/install/strategy/lib/python3.10/site-packages:${PYTHONPATH} /usr/bin/python3 -W ignore:setup.py install is deprecated setup.py develop --uninstall --editable --build-directory /workspace/towen/build/strategy/build
[4.614s] Invoking command in '/workspace/towen/src/strategy': BYOBU_DATE=%Y-%m-%d PYTHONPATH=/workspace/towen/build/strategy/prefix_override:/usr/lib/python3/dist-packages/colcon_core/task/python/colcon_distutils_commands:/workspace/towen/install/strategy/lib/python3.10/site-packages:${PYTHONPATH} /usr/bin/python3 -W ignore:setup.py install is deprecated setup.py egg_info --egg-base ../../build/strategy build --build-base /workspace/towen/build/strategy/build install --record /workspace/towen/build/strategy/install.log --single-version-externally-managed install_data --force
[5.460s] running egg_info
[5.509s] writing ../../build/strategy/strategy.egg-info/PKG-INFO
[5.511s] writing dependency_links to ../../build/strategy/strategy.egg-info/dependency_links.txt
[5.512s] writing entry points to ../../build/strategy/strategy.egg-info/entry_points.txt
[5.513s] writing requirements to ../../build/strategy/strategy.egg-info/requires.txt
[5.514s] writing top-level names to ../../build/strategy/strategy.egg-info/top_level.txt
[5.630s] reading manifest file '../../build/strategy/strategy.egg-info/SOURCES.txt'
[5.633s] adding license file 'LICENSE'
[5.635s] writing manifest file '../../build/strategy/strategy.egg-info/SOURCES.txt'
[5.636s] running build
[5.636s] running build_py
[5.637s] copying strategy/__init__.py -> /workspace/towen/build/strategy/build/lib/strategy
[5.637s] copying strategy/API.py -> /workspace/towen/build/strategy/build/lib/strategy
[5.640s] copying strategy/mar/__init__.py -> /workspace/towen/build/strategy/build/lib/strategy/mar
[5.641s] copying strategy/mar/mar.py -> /workspace/towen/build/strategy/build/lib/strategy/mar
[5.641s] copying strategy/wl/wl.py -> /workspace/towen/build/strategy/build/lib/strategy/wl
[5.642s] copying strategy/wl/__init__.py -> /workspace/towen/build/strategy/build/lib/strategy/wl
[5.643s] copying strategy/sp/sp.py -> /workspace/towen/build/strategy/build/lib/strategy/sp
[5.644s] copying strategy/sp/__init__.py -> /workspace/towen/build/strategy/build/lib/strategy/sp
[5.650s] copying strategy/obs/__init__.py -> /workspace/towen/build/strategy/build/lib/strategy/obs
[5.650s] copying strategy/obs/obs.py -> /workspace/towen/build/strategy/build/lib/strategy/obs
[5.651s] copying strategy/sr/__init__.py -> /workspace/towen/build/strategy/build/lib/strategy/sr
[5.651s] copying strategy/sr/sr.py -> /workspace/towen/build/strategy/build/lib/strategy/sr
[5.651s] copying strategy/bb/__init__.py -> /workspace/towen/build/strategy/build/lib/strategy/bb
[5.651s] copying strategy/bb/bb.py -> /workspace/towen/build/strategy/build/lib/strategy/bb
[5.651s] copying strategy/ar/__init__.py -> /workspace/towen/build/strategy/build/lib/strategy/ar
[5.651s] copying strategy/ar/ar.py -> /workspace/towen/build/strategy/build/lib/strategy/ar
[5.654s] running install
[5.667s] running install_lib
[5.724s] creating /workspace/towen/install/strategy/lib/python3.10/site-packages/strategy
[5.725s] creating /workspace/towen/install/strategy/lib/python3.10/site-packages/strategy/mar
[5.725s] copying /workspace/towen/build/strategy/build/lib/strategy/mar/__init__.py -> /workspace/towen/install/strategy/lib/python3.10/site-packages/strategy/mar
[5.725s] copying /workspace/towen/build/strategy/build/lib/strategy/mar/mar.py -> /workspace/towen/install/strategy/lib/python3.10/site-packages/strategy/mar
[5.726s] creating /workspace/towen/install/strategy/lib/python3.10/site-packages/strategy/wl
[5.726s] copying /workspace/towen/build/strategy/build/lib/strategy/wl/wl.py -> /workspace/towen/install/strategy/lib/python3.10/site-packages/strategy/wl
[5.726s] copying /workspace/towen/build/strategy/build/lib/strategy/wl/__init__.py -> /workspace/towen/install/strategy/lib/python3.10/site-packages/strategy/wl
[5.727s] creating /workspace/towen/install/strategy/lib/python3.10/site-packages/strategy/sp
[5.728s] copying /workspace/towen/build/strategy/build/lib/strategy/sp/sp.py -> /workspace/towen/install/strategy/lib/python3.10/site-packages/strategy/sp
[5.728s] copying /workspace/towen/build/strategy/build/lib/strategy/sp/__init__.py -> /workspace/towen/install/strategy/lib/python3.10/site-packages/strategy/sp
[5.729s] copying /workspace/towen/build/strategy/build/lib/strategy/__init__.py -> /workspace/towen/install/strategy/lib/python3.10/site-packages/strategy
[5.729s] copying /workspace/towen/build/strategy/build/lib/strategy/API.py -> /workspace/towen/install/strategy/lib/python3.10/site-packages/strategy
[5.731s] creating /workspace/towen/install/strategy/lib/python3.10/site-packages/strategy/obs
[5.731s] copying /workspace/towen/build/strategy/build/lib/strategy/obs/__init__.py -> /workspace/towen/install/strategy/lib/python3.10/site-packages/strategy/obs
[5.731s] copying /workspace/towen/build/strategy/build/lib/strategy/obs/obs.py -> /workspace/towen/install/strategy/lib/python3.10/site-packages/strategy/obs
[5.731s] creating /workspace/towen/install/strategy/lib/python3.10/site-packages/strategy/sr
[5.731s] copying /workspace/towen/build/strategy/build/lib/strategy/sr/__init__.py -> /workspace/towen/install/strategy/lib/python3.10/site-packages/strategy/sr
[5.739s] copying /workspace/towen/build/strategy/build/lib/strategy/sr/sr.py -> /workspace/towen/install/strategy/lib/python3.10/site-packages/strategy/sr
[5.739s] creating /workspace/towen/install/strategy/lib/python3.10/site-packages/strategy/bb
[5.739s] copying /workspace/towen/build/strategy/build/lib/strategy/bb/__init__.py -> /workspace/towen/install/strategy/lib/python3.10/site-packages/strategy/bb
[5.739s] copying /workspace/towen/build/strategy/build/lib/strategy/bb/bb.py -> /workspace/towen/install/strategy/lib/python3.10/site-packages/strategy/bb
[5.739s] creating /workspace/towen/install/strategy/lib/python3.10/site-packages/strategy/ar
[5.739s] copying /workspace/towen/build/strategy/build/lib/strategy/ar/__init__.py -> /workspace/towen/install/strategy/lib/python3.10/site-packages/strategy/ar
[5.740s] copying /workspace/towen/build/strategy/build/lib/strategy/ar/ar.py -> /workspace/towen/install/strategy/lib/python3.10/site-packages/strategy/ar
[5.740s] byte-compiling /workspace/towen/install/strategy/lib/python3.10/site-packages/strategy/mar/__init__.py to __init__.cpython-310.pyc
[5.740s] byte-compiling /workspace/towen/install/strategy/lib/python3.10/site-packages/strategy/mar/mar.py to mar.cpython-310.pyc
[5.741s] byte-compiling /workspace/towen/install/strategy/lib/python3.10/site-packages/strategy/wl/wl.py to wl.cpython-310.pyc
[5.741s] byte-compiling /workspace/towen/install/strategy/lib/python3.10/site-packages/strategy/wl/__init__.py to __init__.cpython-310.pyc
[5.741s] byte-compiling /workspace/towen/install/strategy/lib/python3.10/site-packages/strategy/sp/sp.py to sp.cpython-310.pyc
[5.748s] byte-compiling /workspace/towen/install/strategy/lib/python3.10/site-packages/strategy/sp/__init__.py to __init__.cpython-310.pyc
[5.749s] byte-compiling /workspace/towen/install/strategy/lib/python3.10/site-packages/strategy/__init__.py to __init__.cpython-310.pyc
[5.749s] byte-compiling /workspace/towen/install/strategy/lib/python3.10/site-packages/strategy/API.py to API.cpython-310.pyc
[5.751s] byte-compiling /workspace/towen/install/strategy/lib/python3.10/site-packages/strategy/obs/__init__.py to __init__.cpython-310.pyc
[5.752s] byte-compiling /workspace/towen/install/strategy/lib/python3.10/site-packages/strategy/obs/obs.py to obs.cpython-310.pyc
[5.754s] byte-compiling /workspace/towen/install/strategy/lib/python3.10/site-packages/strategy/sr/__init__.py to __init__.cpython-310.pyc
[5.754s] byte-compiling /workspace/towen/install/strategy/lib/python3.10/site-packages/strategy/sr/sr.py to sr.cpython-310.pyc
[5.756s] byte-compiling /workspace/towen/install/strategy/lib/python3.10/site-packages/strategy/bb/__init__.py to __init__.cpython-310.pyc
[5.757s] byte-compiling /workspace/towen/install/strategy/lib/python3.10/site-packages/strategy/bb/bb.py to bb.cpython-310.pyc
[5.757s] byte-compiling /workspace/towen/install/strategy/lib/python3.10/site-packages/strategy/ar/__init__.py to __init__.cpython-310.pyc
[5.759s] byte-compiling /workspace/towen/install/strategy/lib/python3.10/site-packages/strategy/ar/ar.py to ar.cpython-310.pyc
[5.764s] running install_data
[5.765s] copying resource/strategy -> /workspace/towen/install/strategy/share/ament_index/resource_index/packages
[5.766s] copying package.xml -> /workspace/towen/install/strategy/share/strategy
[5.766s] running install_egg_info
[5.822s] Copying ../../build/strategy/strategy.egg-info to /workspace/towen/install/strategy/lib/python3.10/site-packages/strategy-0.0.0-py3.10.egg-info
[5.826s] running install_scripts
[6.283s] Installing ar script to /workspace/towen/install/strategy/lib/strategy
[6.286s] Installing bb script to /workspace/towen/install/strategy/lib/strategy
[6.289s] Installing mar script to /workspace/towen/install/strategy/lib/strategy
[6.290s] Installing obs script to /workspace/towen/install/strategy/lib/strategy
[6.290s] Installing sp script to /workspace/towen/install/strategy/lib/strategy
[6.290s] Installing sr script to /workspace/towen/install/strategy/lib/strategy
[6.291s] Installing wl script to /workspace/towen/install/strategy/lib/strategy
[6.291s] writing list of installed files to '/workspace/towen/build/strategy/install.log'
[6.393s] Invoked command in '/workspace/towen/src/strategy' returned '0': BYOBU_DATE=%Y-%m-%d PYTHONPATH=/workspace/towen/build/strategy/prefix_override:/usr/lib/python3/dist-packages/colcon_core/task/python/colcon_distutils_commands:/workspace/towen/install/strategy/lib/python3.10/site-packages:${PYTHONPATH} /usr/bin/python3 -W ignore:setup.py install is deprecated setup.py egg_info --egg-base ../../build/strategy build --build-base /workspace/towen/build/strategy/build install --record /workspace/towen/build/strategy/install.log --single-version-externally-managed install_data --force
