[4.279s] Invoking command in '/workspace/towen/src/imageprocess': BYOBU_DATE=%Y-%m-%d PYTHONPATH=/workspace/towen/build/imageprocess/prefix_override:/usr/lib/python3/dist-packages/colcon_core/task/python/colcon_distutils_commands:/workspace/towen/install/imageprocess/lib/python3.10/site-packages:${PYTHONPATH} /usr/bin/python3 -W ignore:setup.py install is deprecated setup.py egg_info --egg-base ../../build/imageprocess build --build-base /workspace/towen/build/imageprocess/build install --record /workspace/towen/build/imageprocess/install.log --single-version-externally-managed install_data
[5.636s] running egg_info
[5.698s] writing ../../build/imageprocess/imageprocess.egg-info/PKG-INFO
[5.705s] writing dependency_links to ../../build/imageprocess/imageprocess.egg-info/dependency_links.txt
[5.708s] writing entry points to ../../build/imageprocess/imageprocess.egg-info/entry_points.txt
[5.711s] writing requirements to ../../build/imageprocess/imageprocess.egg-info/requires.txt
[5.713s] writing top-level names to ../../build/imageprocess/imageprocess.egg-info/top_level.txt
[5.863s] reading manifest file '../../build/imageprocess/imageprocess.egg-info/SOURCES.txt'
[5.863s] adding license file 'LICENSE'
[5.882s] writing manifest file '../../build/imageprocess/imageprocess.egg-info/SOURCES.txt'
[5.883s] running build
[5.888s] running build_py
[5.890s] copying imageprocess/modelparameter.py -> /workspace/towen/build/imageprocess/build/lib/imageprocess
[5.904s] copying imageprocess/image_0417.py -> /workspace/towen/build/imageprocess/build/lib/imageprocess
[5.905s] copying imageprocess/dataunit.py -> /workspace/towen/build/imageprocess/build/lib/imageprocess
[5.909s] copying imageprocess/123123.py -> /workspace/towen/build/imageprocess/build/lib/imageprocess
[5.916s] copying imageprocess/image_test.py -> /workspace/towen/build/imageprocess/build/lib/imageprocess
[5.918s] copying imageprocess/image.py -> /workspace/towen/build/imageprocess/build/lib/imageprocess
[5.920s] copying imageprocess/__init__.py -> /workspace/towen/build/imageprocess/build/lib/imageprocess
[5.922s] copying imageprocess/imageprocess.py -> /workspace/towen/build/imageprocess/build/lib/imageprocess
[5.922s] copying imageprocess/camera_segment_headless.py -> /workspace/towen/build/imageprocess/build/lib/imageprocess
[5.923s] running install
[5.937s] running install_lib
[6.005s] running install_data
[6.005s] copying resource/imageprocess -> /workspace/towen/install/imageprocess/share/ament_index/resource_index/packages
[6.007s] copying package.xml -> /workspace/towen/install/imageprocess/share/imageprocess
[6.009s] running install_egg_info
[6.073s] removing '/workspace/towen/install/imageprocess/lib/python3.10/site-packages/imageprocess-0.0.0-py3.10.egg-info' (and everything under it)
[6.074s] Copying ../../build/imageprocess/imageprocess.egg-info to /workspace/towen/install/imageprocess/lib/python3.10/site-packages/imageprocess-0.0.0-py3.10.egg-info
[6.084s] running install_scripts
[6.257s] Installing image script to /workspace/towen/install/imageprocess/lib/imageprocess
[6.259s] Installing image_test script to /workspace/towen/install/imageprocess/lib/imageprocess
[6.259s] Installing imageprocess script to /workspace/towen/install/imageprocess/lib/imageprocess
[6.261s] writing list of installed files to '/workspace/towen/build/imageprocess/install.log'
[6.439s] Invoked command in '/workspace/towen/src/imageprocess' returned '0': BYOBU_DATE=%Y-%m-%d PYTHONPATH=/workspace/towen/build/imageprocess/prefix_override:/usr/lib/python3/dist-packages/colcon_core/task/python/colcon_distutils_commands:/workspace/towen/install/imageprocess/lib/python3.10/site-packages:${PYTHONPATH} /usr/bin/python3 -W ignore:setup.py install is deprecated setup.py egg_info --egg-base ../../build/imageprocess build --build-base /workspace/towen/build/imageprocess/build install --record /workspace/towen/build/imageprocess/install.log --single-version-externally-managed install_data
