[3.844s] Invoking command in '/workspace/towen/src/motionpackage': BYOBU_DATE=%Y-%m-%d PYTHONPATH=/workspace/towen/build/motionpackage/prefix_override:/usr/lib/python3/dist-packages/colcon_core/task/python/colcon_distutils_commands:/workspace/towen/install/motionpackage/lib/python3.10/site-packages:${PYTHONPATH} /usr/bin/python3 -W ignore:setup.py install is deprecated setup.py egg_info --egg-base ../../build/motionpackage build --build-base /workspace/towen/build/motionpackage/build install --record /workspace/towen/build/motionpackage/install.log --single-version-externally-managed install_data
[4.549s] /home/work/.local/lib/python3.10/site-packages/setuptools/_distutils/dist.py:289: UserWarning: Unknown distribution option: 'tests_require'
[4.549s]   warnings.warn(msg)
[4.951s] running egg_info
[5.007s] writing ../../build/motionpackage/motionpackage.egg-info/PKG-INFO
[5.007s] writing dependency_links to ../../build/motionpackage/motionpackage.egg-info/dependency_links.txt
[5.007s] writing entry points to ../../build/motionpackage/motionpackage.egg-info/entry_points.txt
[5.007s] writing requirements to ../../build/motionpackage/motionpackage.egg-info/requires.txt
[5.007s] writing top-level names to ../../build/motionpackage/motionpackage.egg-info/top_level.txt
[5.116s] reading manifest file '../../build/motionpackage/motionpackage.egg-info/SOURCES.txt'
[5.116s] adding license file 'LICENSE'
[5.116s] writing manifest file '../../build/motionpackage/motionpackage.egg-info/SOURCES.txt'
[5.118s] running build
[5.118s] running build_py
[5.119s] copying motionpackage/opencr_imu.py -> /workspace/towen/build/motionpackage/build/lib/motionpackage
[5.119s] copying motionpackage/test.py -> /workspace/towen/build/motionpackage/build/lib/motionpackage
[5.119s] copying motionpackage/__init__.py -> /workspace/towen/build/motionpackage/build/lib/motionpackage
[5.119s] copying motionpackage/import struct.py -> /workspace/towen/build/motionpackage/build/lib/motionpackage
[5.122s] copying motionpackage/walking.py -> /workspace/towen/build/motionpackage/build/lib/motionpackage
[5.122s] copying motionpackage/motionpackage.py -> /workspace/towen/build/motionpackage/build/lib/motionpackage
[5.122s] running install
[5.135s] running install_lib
[5.186s] running install_data
[5.189s] copying resource/motionpackage -> /workspace/towen/install/motionpackage/share/ament_index/resource_index/packages
[5.190s] copying package.xml -> /workspace/towen/install/motionpackage/share/motionpackage
[5.190s] running install_egg_info
[5.252s] removing '/workspace/towen/install/motionpackage/lib/python3.10/site-packages/motionpackage-0.0.0-py3.10.egg-info' (and everything under it)
[5.253s] Copying ../../build/motionpackage/motionpackage.egg-info to /workspace/towen/install/motionpackage/lib/python3.10/site-packages/motionpackage-0.0.0-py3.10.egg-info
[5.253s] running install_scripts
[5.372s] Installing motionpackage script to /workspace/towen/install/motionpackage/lib/motionpackage
[5.373s] writing list of installed files to '/workspace/towen/build/motionpackage/install.log'
[5.510s] Invoked command in '/workspace/towen/src/motionpackage' returned '0': BYOBU_DATE=%Y-%m-%d PYTHONPATH=/workspace/towen/build/motionpackage/prefix_override:/usr/lib/python3/dist-packages/colcon_core/task/python/colcon_distutils_commands:/workspace/towen/install/motionpackage/lib/python3.10/site-packages:${PYTHONPATH} /usr/bin/python3 -W ignore:setup.py install is deprecated setup.py egg_info --egg-base ../../build/motionpackage build --build-base /workspace/towen/build/motionpackage/build install --record /workspace/towen/build/motionpackage/install.log --single-version-externally-managed install_data
