[0.087s] Invoking command in '/workspace/towen/build/usb_cam': AMENT_PREFIX_PATH=/workspace/towen/install/tku_msgs:/workspace/towen/install/cv_bridge:${AMENT_PREFIX_PATH} BYOBU_DATE=%Y-%m-%d CMAKE_PREFIX_PATH=/workspace/towen/install/tku_msgs:/workspace/towen/install/cv_bridge:/opt/ros/humble LD_LIBRARY_PATH=/workspace/towen/install/tku_msgs/lib:/workspace/towen/install/cv_bridge/lib:/opt/ros/humble/opt/rviz_ogre_vendor/lib:/opt/ros/humble/lib/aarch64-linux-gnu:/opt/ros/humble/lib:/usr/local/cuda/compat:/usr/local/cuda/lib64 PYTHONPATH=/workspace/towen/install/tku_msgs/local/lib/python3.10/dist-packages:/workspace/towen/install/cv_bridge/local/lib/python3.10/dist-packages:${PYTHONPATH} /usr/local/bin/cmake --build /workspace/towen/build/usb_cam -- -j6 -l6
[1.142s] [ 14%] Built target usb_cam
[1.331s] [ 28%] Built target gtest
[1.524s] [ 42%] Built target usb_cam_node
[1.628s] [ 57%] Built target gtest_main
[1.741s] [ 71%] Built target usb_cam_node_exe
[1.929s] [ 85%] Built target test_pixel_formats
[2.185s] [100%] Built target test_usb_cam_utils
[2.416s] Invoked command in '/workspace/towen/build/usb_cam' returned '0': AMENT_PREFIX_PATH=/workspace/towen/install/tku_msgs:/workspace/towen/install/cv_bridge:${AMENT_PREFIX_PATH} BYOBU_DATE=%Y-%m-%d CMAKE_PREFIX_PATH=/workspace/towen/install/tku_msgs:/workspace/towen/install/cv_bridge:/opt/ros/humble LD_LIBRARY_PATH=/workspace/towen/install/tku_msgs/lib:/workspace/towen/install/cv_bridge/lib:/opt/ros/humble/opt/rviz_ogre_vendor/lib:/opt/ros/humble/lib/aarch64-linux-gnu:/opt/ros/humble/lib:/usr/local/cuda/compat:/usr/local/cuda/lib64 PYTHONPATH=/workspace/towen/install/tku_msgs/local/lib/python3.10/dist-packages:/workspace/towen/install/cv_bridge/local/lib/python3.10/dist-packages:${PYTHONPATH} /usr/local/bin/cmake --build /workspace/towen/build/usb_cam -- -j6 -l6
[3.280s] Invoking command in '/workspace/towen/build/usb_cam': AMENT_PREFIX_PATH=/workspace/towen/install/tku_msgs:/workspace/towen/install/cv_bridge:${AMENT_PREFIX_PATH} BYOBU_DATE=%Y-%m-%d CMAKE_PREFIX_PATH=/workspace/towen/install/tku_msgs:/workspace/towen/install/cv_bridge:/opt/ros/humble LD_LIBRARY_PATH=/workspace/towen/install/tku_msgs/lib:/workspace/towen/install/cv_bridge/lib:/opt/ros/humble/opt/rviz_ogre_vendor/lib:/opt/ros/humble/lib/aarch64-linux-gnu:/opt/ros/humble/lib:/usr/local/cuda/compat:/usr/local/cuda/lib64 PYTHONPATH=/workspace/towen/install/tku_msgs/local/lib/python3.10/dist-packages:/workspace/towen/install/cv_bridge/local/lib/python3.10/dist-packages:${PYTHONPATH} /usr/local/bin/cmake --install /workspace/towen/build/usb_cam
[3.669s] -- Install configuration: ""
[3.669s] -- Up-to-date: /workspace/towen/install/usb_cam/share/usb_cam/environment/library_path.sh
[3.670s] -- Up-to-date: /workspace/towen/install/usb_cam/share/usb_cam/environment/library_path.dsv
[3.674s] -- Up-to-date: /workspace/towen/install/usb_cam/lib/usb_cam/usb_cam_node_exe
[3.677s] -- Up-to-date: /workspace/towen/install/usb_cam/lib/usb_cam/show_image.py
[3.679s] -- Up-to-date: /workspace/towen/install/usb_cam/lib/libusb_cam.so
[3.682s] -- Up-to-date: /workspace/towen/install/usb_cam/lib/libusb_cam_node.so
[3.684s] -- Up-to-date: /workspace/towen/install/usb_cam/include
[3.689s] -- Up-to-date: /workspace/towen/install/usb_cam/include/usb_cam
[3.698s] -- Up-to-date: /workspace/towen/install/usb_cam/include/usb_cam/constants.hpp
[3.699s] -- Up-to-date: /workspace/towen/install/usb_cam/include/usb_cam/utils.hpp
[3.699s] -- Up-to-date: /workspace/towen/install/usb_cam/include/usb_cam/usb_cam.hpp
[3.699s] -- Up-to-date: /workspace/towen/install/usb_cam/include/usb_cam/usb_cam_node.hpp
[3.699s] -- Up-to-date: /workspace/towen/install/usb_cam/include/usb_cam/conversions.hpp
[3.699s] -- Up-to-date: /workspace/towen/install/usb_cam/include/usb_cam/formats
[3.700s] -- Up-to-date: /workspace/towen/install/usb_cam/include/usb_cam/formats/yuyv.hpp
[3.706s] -- Up-to-date: /workspace/towen/install/usb_cam/include/usb_cam/formats/av_pixel_format_helper.hpp
[3.706s] -- Up-to-date: /workspace/towen/install/usb_cam/include/usb_cam/formats/mjpeg.hpp
[3.706s] -- Up-to-date: /workspace/towen/install/usb_cam/include/usb_cam/formats/pixel_format_base.hpp
[3.707s] -- Up-to-date: /workspace/towen/install/usb_cam/include/usb_cam/formats/utils.hpp
[3.707s] -- Up-to-date: /workspace/towen/install/usb_cam/include/usb_cam/formats/mono.hpp
[3.707s] -- Up-to-date: /workspace/towen/install/usb_cam/include/usb_cam/formats/rgb.hpp
[3.714s] -- Up-to-date: /workspace/towen/install/usb_cam/include/usb_cam/formats/m420.hpp
[3.714s] -- Up-to-date: /workspace/towen/install/usb_cam/include/usb_cam/formats/uyvy.hpp
[3.718s] -- Up-to-date: /workspace/towen/install/usb_cam/lib/libusb_cam_node.so
[3.729s] -- Up-to-date: /workspace/towen/install/usb_cam/share/usb_cam/launch
[3.731s] -- Up-to-date: /workspace/towen/install/usb_cam/share/usb_cam/launch/camera_config.py
[3.731s] -- Up-to-date: /workspace/towen/install/usb_cam/share/usb_cam/launch/__init__.py
[3.733s] -- Up-to-date: /workspace/towen/install/usb_cam/share/usb_cam/launch/camera.launch.py
[3.743s] -- Up-to-date: /workspace/towen/install/usb_cam/share/usb_cam/config
[3.747s] -- Up-to-date: /workspace/towen/install/usb_cam/share/usb_cam/config/params_1.yaml
[3.748s] -- Up-to-date: /workspace/towen/install/usb_cam/share/usb_cam/config/params_2.yaml
[3.750s] -- Up-to-date: /workspace/towen/install/usb_cam/share/usb_cam/config/camera_info.yaml
[3.751s] -- Up-to-date: /workspace/towen/install/usb_cam/share/ament_index/resource_index/package_run_dependencies/usb_cam
[3.755s] -- Up-to-date: /workspace/towen/install/usb_cam/share/ament_index/resource_index/parent_prefix_path/usb_cam
[3.757s] -- Up-to-date: /workspace/towen/install/usb_cam/share/usb_cam/environment/ament_prefix_path.sh
[3.758s] -- Up-to-date: /workspace/towen/install/usb_cam/share/usb_cam/environment/ament_prefix_path.dsv
[3.759s] -- Up-to-date: /workspace/towen/install/usb_cam/share/usb_cam/environment/path.sh
[3.760s] -- Up-to-date: /workspace/towen/install/usb_cam/share/usb_cam/environment/path.dsv
[3.761s] -- Up-to-date: /workspace/towen/install/usb_cam/share/usb_cam/local_setup.bash
[3.763s] -- Up-to-date: /workspace/towen/install/usb_cam/share/usb_cam/local_setup.sh
[3.764s] -- Up-to-date: /workspace/towen/install/usb_cam/share/usb_cam/local_setup.zsh
[3.765s] -- Up-to-date: /workspace/towen/install/usb_cam/share/usb_cam/local_setup.dsv
[3.768s] -- Installing: /workspace/towen/install/usb_cam/share/usb_cam/package.dsv
[3.769s] -- Up-to-date: /workspace/towen/install/usb_cam/share/ament_index/resource_index/packages/usb_cam
[3.779s] -- Up-to-date: /workspace/towen/install/usb_cam/share/ament_index/resource_index/rclcpp_components/usb_cam
[3.784s] -- Up-to-date: /workspace/towen/install/usb_cam/share/usb_cam/cmake/ament_cmake_export_libraries-extras.cmake
[3.792s] -- Up-to-date: /workspace/towen/install/usb_cam/share/usb_cam/cmake/ament_cmake_export_dependencies-extras.cmake
[3.799s] -- Up-to-date: /workspace/towen/install/usb_cam/share/usb_cam/cmake/ament_cmake_export_include_directories-extras.cmake
[3.826s] -- Up-to-date: /workspace/towen/install/usb_cam/share/usb_cam/cmake/usb_camConfig.cmake
[3.829s] -- Up-to-date: /workspace/towen/install/usb_cam/share/usb_cam/cmake/usb_camConfig-version.cmake
[3.831s] -- Up-to-date: /workspace/towen/install/usb_cam/share/usb_cam/package.xml
[3.918s] Invoked command in '/workspace/towen/build/usb_cam' returned '0': AMENT_PREFIX_PATH=/workspace/towen/install/tku_msgs:/workspace/towen/install/cv_bridge:${AMENT_PREFIX_PATH} BYOBU_DATE=%Y-%m-%d CMAKE_PREFIX_PATH=/workspace/towen/install/tku_msgs:/workspace/towen/install/cv_bridge:/opt/ros/humble LD_LIBRARY_PATH=/workspace/towen/install/tku_msgs/lib:/workspace/towen/install/cv_bridge/lib:/opt/ros/humble/opt/rviz_ogre_vendor/lib:/opt/ros/humble/lib/aarch64-linux-gnu:/opt/ros/humble/lib:/usr/local/cuda/compat:/usr/local/cuda/lib64 PYTHONPATH=/workspace/towen/install/tku_msgs/local/lib/python3.10/dist-packages:/workspace/towen/install/cv_bridge/local/lib/python3.10/dist-packages:${PYTHONPATH} /usr/local/bin/cmake --install /workspace/towen/build/usb_cam
