[9.519s] Invoking command in '/workspace/towen/src/motionpackage': BYOBU_DATE=%Y-%m-%d PYTHONPATH=/workspace/towen/build/motionpackage/prefix_override:/usr/lib/python3/dist-packages/colcon_core/task/python/colcon_distutils_commands:/workspace/towen/install/motionpackage/lib/python3.10/site-packages:${PYTHONPATH} /usr/bin/python3 -W ignore:setup.py install is deprecated setup.py egg_info --egg-base ../../build/motionpackage build --build-base /workspace/towen/build/motionpackage/build install --record /workspace/towen/build/motionpackage/install.log --single-version-externally-managed install_data
[11.065s] running egg_info
[11.119s] writing ../../build/motionpackage/motionpackage.egg-info/PKG-INFO
[11.121s] writing dependency_links to ../../build/motionpackage/motionpackage.egg-info/dependency_links.txt
[11.122s] writing entry points to ../../build/motionpackage/motionpackage.egg-info/entry_points.txt
[11.124s] writing requirements to ../../build/motionpackage/motionpackage.egg-info/requires.txt
[11.125s] writing top-level names to ../../build/motionpackage/motionpackage.egg-info/top_level.txt
[11.986s] reading manifest file '../../build/motionpackage/motionpackage.egg-info/SOURCES.txt'
[11.989s] adding license file 'LICENSE'
[11.993s] writing manifest file '../../build/motionpackage/motionpackage.egg-info/SOURCES.txt'
[12.017s] running build
[12.051s] running build_py
[12.080s] copying motionpackage/opencr_imu.py -> /workspace/towen/build/motionpackage/build/lib/motionpackage
[12.092s] copying motionpackage/test.py -> /workspace/towen/build/motionpackage/build/lib/motionpackage
[12.111s] copying motionpackage/__init__.py -> /workspace/towen/build/motionpackage/build/lib/motionpackage
[12.122s] copying motionpackage/import struct.py -> /workspace/towen/build/motionpackage/build/lib/motionpackage
[12.141s] copying motionpackage/walking.py -> /workspace/towen/build/motionpackage/build/lib/motionpackage
[12.156s] copying motionpackage/motionpackage.py -> /workspace/towen/build/motionpackage/build/lib/motionpackage
[12.171s] running install
[12.189s] running install_lib
[12.250s] copying /workspace/towen/build/motionpackage/build/lib/motionpackage/motionpackage.py -> /workspace/towen/install/motionpackage/lib/python3.10/site-packages/motionpackage
[12.250s] byte-compiling /workspace/towen/install/motionpackage/lib/python3.10/site-packages/motionpackage/motionpackage.py to motionpackage.cpython-310.pyc
[12.250s] running install_data
[12.251s] copying resource/motionpackage -> /workspace/towen/install/motionpackage/share/ament_index/resource_index/packages
[12.251s] copying package.xml -> /workspace/towen/install/motionpackage/share/motionpackage
[12.251s] running install_egg_info
[12.311s] removing '/workspace/towen/install/motionpackage/lib/python3.10/site-packages/motionpackage-0.0.0-py3.10.egg-info' (and everything under it)
[12.315s] Copying ../../build/motionpackage/motionpackage.egg-info to /workspace/towen/install/motionpackage/lib/python3.10/site-packages/motionpackage-0.0.0-py3.10.egg-info
[12.324s] running install_scripts
[13.194s] Installing motionpackage script to /workspace/towen/install/motionpackage/lib/motionpackage
[13.196s] writing list of installed files to '/workspace/towen/build/motionpackage/install.log'
[13.459s] Invoked command in '/workspace/towen/src/motionpackage' returned '0': BYOBU_DATE=%Y-%m-%d PYTHONPATH=/workspace/towen/build/motionpackage/prefix_override:/usr/lib/python3/dist-packages/colcon_core/task/python/colcon_distutils_commands:/workspace/towen/install/motionpackage/lib/python3.10/site-packages:${PYTHONPATH} /usr/bin/python3 -W ignore:setup.py install is deprecated setup.py egg_info --egg-base ../../build/motionpackage build --build-base /workspace/towen/build/motionpackage/build install --record /workspace/towen/build/motionpackage/install.log --single-version-externally-managed install_data
