[4.240s] Invoking command in '/workspace/towen/src/imageprocess': BYOBU_DATE=%Y-%m-%d PYTHONPATH=/workspace/towen/build/imageprocess/prefix_override:/usr/lib/python3/dist-packages/colcon_core/task/python/colcon_distutils_commands:/workspace/towen/install/imageprocess/lib/python3.10/site-packages:${PYTHONPATH} /usr/bin/python3 -W ignore:setup.py install is deprecated setup.py egg_info --egg-base ../../build/imageprocess build --build-base /workspace/towen/build/imageprocess/build install --record /workspace/towen/build/imageprocess/install.log --single-version-externally-managed install_data
[4.892s] /home/work/.local/lib/python3.10/site-packages/setuptools/_distutils/dist.py:289: UserWarning: Unknown distribution option: 'tests_require'
[4.892s]   warnings.warn(msg)
[5.396s] running egg_info
[5.455s] writing ../../build/imageprocess/imageprocess.egg-info/PKG-INFO
[5.459s] writing dependency_links to ../../build/imageprocess/imageprocess.egg-info/dependency_links.txt
[5.461s] writing entry points to ../../build/imageprocess/imageprocess.egg-info/entry_points.txt
[5.463s] writing requirements to ../../build/imageprocess/imageprocess.egg-info/requires.txt
[5.470s] writing top-level names to ../../build/imageprocess/imageprocess.egg-info/top_level.txt
[5.626s] reading manifest file '../../build/imageprocess/imageprocess.egg-info/SOURCES.txt'
[5.628s] adding license file 'LICENSE'
[5.632s] writing manifest file '../../build/imageprocess/imageprocess.egg-info/SOURCES.txt'
[5.633s] running build
[5.633s] running build_py
[5.634s] copying imageprocess/modelparameter.py -> /workspace/towen/build/imageprocess/build/lib/imageprocess
[5.635s] copying imageprocess/image_0417.py -> /workspace/towen/build/imageprocess/build/lib/imageprocess
[5.636s] copying imageprocess/dataunit.py -> /workspace/towen/build/imageprocess/build/lib/imageprocess
[5.637s] copying imageprocess/123123.py -> /workspace/towen/build/imageprocess/build/lib/imageprocess
[5.646s] copying imageprocess/image_test.py -> /workspace/towen/build/imageprocess/build/lib/imageprocess
[5.647s] copying imageprocess/image.py -> /workspace/towen/build/imageprocess/build/lib/imageprocess
[5.647s] copying imageprocess/__init__.py -> /workspace/towen/build/imageprocess/build/lib/imageprocess
[5.647s] copying imageprocess/imageprocess.py -> /workspace/towen/build/imageprocess/build/lib/imageprocess
[5.648s] copying imageprocess/camera_segment_headless.py -> /workspace/towen/build/imageprocess/build/lib/imageprocess
[5.648s] running install
[5.653s] running install_lib
[5.716s] running install_data
[5.716s] copying resource/imageprocess -> /workspace/towen/install/imageprocess/share/ament_index/resource_index/packages
[5.717s] copying package.xml -> /workspace/towen/install/imageprocess/share/imageprocess
[5.717s] running install_egg_info
[5.776s] removing '/workspace/towen/install/imageprocess/lib/python3.10/site-packages/imageprocess-0.0.0-py3.10.egg-info' (and everything under it)
[5.777s] Copying ../../build/imageprocess/imageprocess.egg-info to /workspace/towen/install/imageprocess/lib/python3.10/site-packages/imageprocess-0.0.0-py3.10.egg-info
[5.780s] running install_scripts
[5.904s] Installing image script to /workspace/towen/install/imageprocess/lib/imageprocess
[5.905s] Installing image_test script to /workspace/towen/install/imageprocess/lib/imageprocess
[5.906s] Installing imageprocess script to /workspace/towen/install/imageprocess/lib/imageprocess
[5.907s] writing list of installed files to '/workspace/towen/build/imageprocess/install.log'
[6.014s] Invoked command in '/workspace/towen/src/imageprocess' returned '0': BYOBU_DATE=%Y-%m-%d PYTHONPATH=/workspace/towen/build/imageprocess/prefix_override:/usr/lib/python3/dist-packages/colcon_core/task/python/colcon_distutils_commands:/workspace/towen/install/imageprocess/lib/python3.10/site-packages:${PYTHONPATH} /usr/bin/python3 -W ignore:setup.py install is deprecated setup.py egg_info --egg-base ../../build/imageprocess build --build-base /workspace/towen/build/imageprocess/build install --record /workspace/towen/build/imageprocess/install.log --single-version-externally-managed install_data
