gmake: Warning: File 'Makefile' has modification time 1753163003 s in the future
gmake[1]: Warning: File 'CMakeFiles/Makefile2' has modification time 1753163003 s in the future
gmake[2]: Warning: File 'CMakeFiles/rosidl_runtime_c.dir/flags.make' has modification time 1753070079 s in the future
gmake[2]: Warning: File 'gtest/CMakeFiles/gtest_main.dir/flags.make' has modification time 1753070079 s in the future
gmake[2]: Warning: File 'gtest/CMakeFiles/gtest.dir/flags.make' has modification time 1753070079 s in the future
gmake[2]: warning:  Clock skew detected.  Your build may be incomplete.
gmake[2]: warning:  Clock skew detected.  Your build may be incomplete.
gmake[2]: warning:  Clock skew detected.  Your build may be incomplete.
gmake[2]: Warning: File 'CMakeFiles/rosidl_runtime_c.dir/flags.make' has modification time 1753070078 s in the future
gmake[2]: Warning: File 'gtest/CMakeFiles/gtest.dir/flags.make' has modification time 1753070079 s in the future
gmake[2]: warning:  Clock skew detected.  Your build may be incomplete.
gmake[2]: Warning: File 'gtest/CMakeFiles/gtest_main.dir/flags.make' has modification time 1753070079 s in the future
gmake[2]: warning:  Clock skew detected.  Your build may be incomplete.
gmake[2]: warning:  Clock skew detected.  Your build may be incomplete.
gmake[2]: Warning: File 'CMakeFiles/benchmark_string_conversion.dir/flags.make' has modification time 1753070078 s in the future
gmake[2]: warning:  Clock skew detected.  Your build may be incomplete.
gmake[2]: Warning: File 'CMakeFiles/test_message_type_support.dir/flags.make' has modification time 1753070078 s in the future
gmake[2]: Warning: File 'CMakeFiles/test_primitives_sequence_functions.dir/flags.make' has modification time 1753070078 s in the future
gmake[2]: warning:  Clock skew detected.  Your build may be incomplete.
gmake[2]: Warning: File 'CMakeFiles/benchmark_string_conversion.dir/flags.make' has modification time 1753070078 s in the future
gmake[2]: warning:  Clock skew detected.  Your build may be incomplete.
gmake[2]: warning:  Clock skew detected.  Your build may be incomplete.
gmake[2]: Warning: File 'CMakeFiles/test_message_type_support.dir/flags.make' has modification time 1753070078 s in the future
gmake[2]: warning:  Clock skew detected.  Your build may be incomplete.
gmake[2]: Warning: File 'CMakeFiles/test_primitives_sequence_functions.dir/flags.make' has modification time 1753070078 s in the future
gmake[2]: warning:  Clock skew detected.  Your build may be incomplete.
gmake[2]: Warning: File 'CMakeFiles/test_sequence_bound.dir/flags.make' has modification time 1753070078 s in the future
gmake[2]: Warning: File 'CMakeFiles/test_string_functions.dir/flags.make' has modification time 1753070078 s in the future
gmake[2]: Warning: File 'CMakeFiles/test_service_type_support.dir/flags.make' has modification time 1753070078 s in the future
gmake[2]: Warning: File 'CMakeFiles/test_u16string_functions.dir/flags.make' has modification time 1753070078 s in the future
gmake[2]: warning:  Clock skew detected.  Your build may be incomplete.
gmake[2]: Warning: File 'CMakeFiles/test_service_type_support.dir/flags.make' has modification time 1753070078 s in the future
gmake[2]: warning:  Clock skew detected.  Your build may be incomplete.
gmake[2]: warning:  Clock skew detected.  Your build may be incomplete.
gmake[2]: warning:  Clock skew detected.  Your build may be incomplete.
gmake[2]: warning:  Clock skew detected.  Your build may be incomplete.
gmake[2]: Warning: File 'CMakeFiles/test_string_functions.dir/flags.make' has modification time 1753070078 s in the future
gmake[2]: Warning: File 'CMakeFiles/test_sequence_bound.dir/flags.make' has modification time 1753070078 s in the future
gmake[2]: warning:  Clock skew detected.  Your build may be incomplete.
gmake[2]: warning:  Clock skew detected.  Your build may be incomplete.
gmake[2]: Warning: File 'CMakeFiles/test_u16string_functions.dir/flags.make' has modification time 1753070078 s in the future
gmake[2]: warning:  Clock skew detected.  Your build may be incomplete.
gmake[1]: warning:  Clock skew detected.  Your build may be incomplete.
gmake: warning:  Clock skew detected.  Your build may be incomplete.
