[0.670s] Invoking command in '/workspace/towen/build/zed_components': BYOBU_DATE=%Y-%m-%d CMAKE_PREFIX_PATH=${CMAKE_PREFIX_PATH}:/workspace/towen/install/strategy:/workspace/towen/install/motionpackage:/workspace/towen/install/imageprocess:/opt/ros/humble /usr/local/bin/cmake --build /workspace/towen/build/zed_components -- -j6 -l6
[1.087s] [ 50%] Built target zed_camera_component
[1.126s] [100%] Built target zed_camera_one_component
[1.208s] Invoked command in '/workspace/towen/build/zed_components' returned '0': BYOBU_DATE=%Y-%m-%d CMAKE_PREFIX_PATH=${CMAKE_PREFIX_PATH}:/workspace/towen/install/strategy:/workspace/towen/install/motionpackage:/workspace/towen/install/imageprocess:/opt/ros/humble /usr/local/bin/cmake --build /workspace/towen/build/zed_components -- -j6 -l6
[1.847s] Invoking command in '/workspace/towen/build/zed_components': BYOBU_DATE=%Y-%m-%d CMAKE_PREFIX_PATH=${CMAKE_PREFIX_PATH}:/workspace/towen/install/strategy:/workspace/towen/install/motionpackage:/workspace/towen/install/imageprocess:/opt/ros/humble /usr/local/bin/cmake --install /workspace/towen/build/zed_components
[2.176s] -- Install configuration: "Release"
[2.181s] -- Up-to-date: /workspace/towen/install/zed_components/lib/libzed_camera_component.so
[2.184s] -- Up-to-date: /workspace/towen/install/zed_components/lib/libzed_camera_one_component.so
[2.185s] -- Up-to-date: /workspace/towen/install/zed_components/include/zed_components/
[2.186s] -- Up-to-date: /workspace/towen/install/zed_components/include/zed_components//sl_types.hpp
[2.188s] -- Up-to-date: /workspace/towen/install/zed_components/include/zed_components//cost_traversability.hpp
[2.189s] -- Up-to-date: /workspace/towen/install/zed_components/include/zed_components//zed_camera_one_component.hpp
[2.190s] -- Up-to-date: /workspace/towen/install/zed_components/include/zed_components//zed_camera_component.hpp
[2.191s] -- Up-to-date: /workspace/towen/install/zed_components/include/zed_components/
[2.192s] -- Up-to-date: /workspace/towen/install/zed_components/include/zed_components//sl_tools.hpp
[2.193s] -- Up-to-date: /workspace/towen/install/zed_components/include/zed_components//gnss_replay.hpp
[2.194s] -- Up-to-date: /workspace/towen/install/zed_components/include/zed_components//sl_win_avg.hpp
[2.195s] -- Up-to-date: /workspace/towen/install/zed_components/include/zed_components//json.hpp
[2.197s] -- Up-to-date: /workspace/towen/install/zed_components/include/zed_components//sl_logging.hpp
[2.198s] -- Up-to-date: /workspace/towen/install/zed_components/include/zed_components/
[2.199s] -- Up-to-date: /workspace/towen/install/zed_components/include/zed_components//visibility_control.hpp
[2.200s] -- Up-to-date: /workspace/towen/install/zed_components/share/zed_components/environment/library_path.sh
[2.201s] -- Up-to-date: /workspace/towen/install/zed_components/share/zed_components/environment/library_path.dsv
[2.202s] -- Up-to-date: /workspace/towen/install/zed_components/share/ament_index/resource_index/package_run_dependencies/zed_components
[2.203s] -- Up-to-date: /workspace/towen/install/zed_components/share/ament_index/resource_index/parent_prefix_path/zed_components
[2.204s] -- Up-to-date: /workspace/towen/install/zed_components/share/zed_components/environment/ament_prefix_path.sh
[2.205s] -- Up-to-date: /workspace/towen/install/zed_components/share/zed_components/environment/ament_prefix_path.dsv
[2.206s] -- Up-to-date: /workspace/towen/install/zed_components/share/zed_components/environment/path.sh
[2.208s] -- Up-to-date: /workspace/towen/install/zed_components/share/zed_components/environment/path.dsv
[2.209s] -- Up-to-date: /workspace/towen/install/zed_components/share/zed_components/local_setup.bash
[2.210s] -- Up-to-date: /workspace/towen/install/zed_components/share/zed_components/local_setup.sh
[2.211s] -- Up-to-date: /workspace/towen/install/zed_components/share/zed_components/local_setup.zsh
[2.212s] -- Up-to-date: /workspace/towen/install/zed_components/share/zed_components/local_setup.dsv
[2.213s] -- Installing: /workspace/towen/install/zed_components/share/zed_components/package.dsv
[2.214s] -- Up-to-date: /workspace/towen/install/zed_components/share/ament_index/resource_index/packages/zed_components
[2.215s] -- Up-to-date: /workspace/towen/install/zed_components/share/ament_index/resource_index/rclcpp_components/zed_components
[2.216s] -- Up-to-date: /workspace/towen/install/zed_components/share/zed_components/cmake/ament_cmake_export_include_directories-extras.cmake
[2.217s] -- Up-to-date: /workspace/towen/install/zed_components/share/zed_components/cmake/ament_cmake_export_libraries-extras.cmake
[2.218s] -- Up-to-date: /workspace/towen/install/zed_components/share/zed_components/cmake/ament_cmake_export_dependencies-extras.cmake
[2.220s] -- Up-to-date: /workspace/towen/install/zed_components/share/zed_components/cmake/zed_componentsConfig.cmake
[2.221s] -- Up-to-date: /workspace/towen/install/zed_components/share/zed_components/cmake/zed_componentsConfig-version.cmake
[2.222s] -- Up-to-date: /workspace/towen/install/zed_components/share/zed_components/package.xml
[2.227s] Invoked command in '/workspace/towen/build/zed_components' returned '0': BYOBU_DATE=%Y-%m-%d CMAKE_PREFIX_PATH=${CMAKE_PREFIX_PATH}:/workspace/towen/install/strategy:/workspace/towen/install/motionpackage:/workspace/towen/install/imageprocess:/opt/ros/humble /usr/local/bin/cmake --install /workspace/towen/build/zed_components
