[3.622s] Invoking command in '/workspace/towen/src/strategy': BYOBU_DATE=%Y-%m-%d PYTHONPATH=/workspace/towen/build/strategy/prefix_override:/usr/lib/python3/dist-packages/colcon_core/task/python/colcon_distutils_commands:/workspace/towen/install/strategy/lib/python3.10/site-packages:${PYTHONPATH} /usr/bin/python3 -W ignore:setup.py install is deprecated setup.py egg_info --egg-base ../../build/strategy build --build-base /workspace/towen/build/strategy/build install --record /workspace/towen/build/strategy/install.log --single-version-externally-managed install_data
[4.475s] running egg_info
[4.523s] writing ../../build/strategy/strategy.egg-info/PKG-INFO
[4.526s] writing dependency_links to ../../build/strategy/strategy.egg-info/dependency_links.txt
[4.526s] writing entry points to ../../build/strategy/strategy.egg-info/entry_points.txt
[4.527s] writing requirements to ../../build/strategy/strategy.egg-info/requires.txt
[4.527s] writing top-level names to ../../build/strategy/strategy.egg-info/top_level.txt
[4.644s] reading manifest file '../../build/strategy/strategy.egg-info/SOURCES.txt'
[4.647s] adding license file 'LICENSE'
[4.650s] writing manifest file '../../build/strategy/strategy.egg-info/SOURCES.txt'
[4.652s] running build
[4.657s] running build_py
[4.667s] copying strategy/__init__.py -> /workspace/towen/build/strategy/build/lib/strategy
[4.669s] copying strategy/API.py -> /workspace/towen/build/strategy/build/lib/strategy
[4.670s] copying strategy/mar/__init__.py -> /workspace/towen/build/strategy/build/lib/strategy/mar
[4.671s] copying strategy/mar/mar.py -> /workspace/towen/build/strategy/build/lib/strategy/mar
[4.672s] copying strategy/wl/wl.py -> /workspace/towen/build/strategy/build/lib/strategy/wl
[4.673s] copying strategy/wl/__init__.py -> /workspace/towen/build/strategy/build/lib/strategy/wl
[4.674s] copying strategy/sp/sp.py -> /workspace/towen/build/strategy/build/lib/strategy/sp
[4.675s] copying strategy/sp/__init__.py -> /workspace/towen/build/strategy/build/lib/strategy/sp
[4.676s] copying strategy/obs/__init__.py -> /workspace/towen/build/strategy/build/lib/strategy/obs
[4.677s] copying strategy/obs/obs.py -> /workspace/towen/build/strategy/build/lib/strategy/obs
[4.678s] copying strategy/sr/__init__.py -> /workspace/towen/build/strategy/build/lib/strategy/sr
[4.679s] copying strategy/sr/sr.py -> /workspace/towen/build/strategy/build/lib/strategy/sr
[4.680s] copying strategy/bb/__init__.py -> /workspace/towen/build/strategy/build/lib/strategy/bb
[4.681s] copying strategy/bb/bb.py -> /workspace/towen/build/strategy/build/lib/strategy/bb
[4.687s] copying strategy/ar/__init__.py -> /workspace/towen/build/strategy/build/lib/strategy/ar
[4.688s] copying strategy/ar/ar.py -> /workspace/towen/build/strategy/build/lib/strategy/ar
[4.689s] running install
[4.690s] running install_lib
[4.783s] running install_data
[4.785s] copying resource/strategy -> /workspace/towen/install/strategy/share/ament_index/resource_index/packages
[4.785s] copying package.xml -> /workspace/towen/install/strategy/share/strategy
[4.785s] running install_egg_info
[4.872s] removing '/workspace/towen/install/strategy/lib/python3.10/site-packages/strategy-0.0.0-py3.10.egg-info' (and everything under it)
[4.872s] Copying ../../build/strategy/strategy.egg-info to /workspace/towen/install/strategy/lib/python3.10/site-packages/strategy-0.0.0-py3.10.egg-info
[4.872s] running install_scripts
[5.349s] Installing ar script to /workspace/towen/install/strategy/lib/strategy
[5.350s] Installing bb script to /workspace/towen/install/strategy/lib/strategy
[5.353s] Installing mar script to /workspace/towen/install/strategy/lib/strategy
[5.354s] Installing obs script to /workspace/towen/install/strategy/lib/strategy
[5.354s] Installing sp script to /workspace/towen/install/strategy/lib/strategy
[5.355s] Installing sr script to /workspace/towen/install/strategy/lib/strategy
[5.355s] Installing wl script to /workspace/towen/install/strategy/lib/strategy
[5.355s] writing list of installed files to '/workspace/towen/build/strategy/install.log'
[5.471s] Invoked command in '/workspace/towen/src/strategy' returned '0': BYOBU_DATE=%Y-%m-%d PYTHONPATH=/workspace/towen/build/strategy/prefix_override:/usr/lib/python3/dist-packages/colcon_core/task/python/colcon_distutils_commands:/workspace/towen/install/strategy/lib/python3.10/site-packages:${PYTHONPATH} /usr/bin/python3 -W ignore:setup.py install is deprecated setup.py egg_info --egg-base ../../build/strategy build --build-base /workspace/towen/build/strategy/build install --record /workspace/towen/build/strategy/install.log --single-version-externally-managed install_data
