[ 14%] Built target usb_cam_node_exe
[ 28%] Built target gtest
[ 42%] Built target usb_cam
[ 57%] Built target gtest_main
[ 71%] Built target test_usb_cam_utils
[ 85%] Built target test_pixel_formats
[35m[1mConsolidate compiler generated dependencies of target usb_cam_node[0m
[ 92%] [32mBuilding CXX object CMakeFiles/usb_cam_node.dir/src/usb_cam_node.cpp.o[0m
[01m[K/home/iclab/Desktop/humanoid/src/usb_cam/src/usb_cam_node.cpp:487:5:[m[K [01;31m[Kerror: [m[Kno declaration matches ‘[01m[Kint usb_cam::UsbCam::get_v4l_parameter(const string&)[m[K’
  487 | int [01;31m[Kusb_cam[m[K::UsbCam::get_v4l_parameter(const std::string &param) {
      |     [01;31m[K^~~~~~~[m[K
[01m[K/home/iclab/Desktop/humanoid/src/usb_cam/src/usb_cam_node.cpp:487:5:[m[K [01;36m[Knote: [m[Kno functions named ‘[01m[Kint usb_cam::UsbCam::get_v4l_parameter(const string&)[m[K’
In file included from [01m[K/home/iclab/Desktop/humanoid/src/usb_cam/include/usb_cam/usb_cam_node.hpp:18[m[K,
                 from [01m[K/home/iclab/Desktop/humanoid/src/usb_cam/src/usb_cam_node.cpp:6[m[K:
[01m[K/home/iclab/Desktop/humanoid/src/usb_cam/include/usb_cam/usb_cam.hpp:192:7:[m[K [01;36m[Knote: [m[K‘[01m[Kclass usb_cam::UsbCam[m[K’ defined here
  192 | class [01;36m[KUsbCam[m[K
      |       [01;36m[K^~~~~~[m[K
[01m[K/home/iclab/Desktop/humanoid/src/usb_cam/src/usb_cam_node.cpp:[m[K In member function ‘[01m[Kvoid usb_cam::UsbCamNode::camera_param_callback(const Camera&)[m[K’:
[01m[K/home/iclab/Desktop/humanoid/src/usb_cam/src/usb_cam_node.cpp:556:40:[m[K [01;31m[Kerror: [m[K‘[01m[Kclass usb_cam::UsbCam[m[K’ has no member named ‘[01m[Kget_v4l_parameter[m[K’; did you mean ‘[01m[Kset_v4l_parameter[m[K’?
  556 |       cached_auto_wb_temp_ = m_camera->[01;31m[Kget_v4l_parameter[m[K("white_balance_temperature");
      |                                        [01;31m[K^~~~~~~~~~~~~~~~~[m[K
      |                                        [32m[Kset_v4l_parameter[m[K
gmake[2]: *** [CMakeFiles/usb_cam_node.dir/build.make:76: CMakeFiles/usb_cam_node.dir/src/usb_cam_node.cpp.o] Error 1
gmake[1]: *** [CMakeFiles/Makefile2:189: CMakeFiles/usb_cam_node.dir/all] Error 2
gmake: *** [Makefile:146: all] Error 2
