gmake: Warning: File 'Makefile' has modification time 1753163007 s in the future
gmake[1]: Warning: File 'CMakeFiles/Makefile2' has modification time 1753163007 s in the future
gmake[2]: Warning: File 'CMakeFiles/ament_cmake_python_symlink_cv_bridge.dir/progress.make' has modification time 1753163007 s in the future
gmake[2]: Warning: File 'src/CMakeFiles/cv_bridge.dir/flags.make' has modification time 1753162803 s in the future
gmake[2]: Warning: File 'gtest/CMakeFiles/gtest_main.dir/flags.make' has modification time 1753162803 s in the future
gmake[2]: Warning: File 'gtest/CMakeFiles/gtest.dir/flags.make' has modification time 1753162803 s in the future
gmake[2]: warning:  Clock skew detected.  Your build may be incomplete.
gmake[2]: Warning: File 'CMakeFiles/ament_cmake_python_symlink_cv_bridge.dir/progress.make' has modification time 1753163007 s in the future
gmake[2]: warning:  Clock skew detected.  Your build may be incomplete.
gmake[2]: warning:  Clock skew detected.  Your build may be incomplete.
gmake[2]: Warning: File 'src/CMakeFiles/cv_bridge.dir/flags.make' has modification time 1753162803 s in the future
gmake[2]: warning:  Clock skew detected.  Your build may be incomplete.
gmake[2]: warning:  Clock skew detected.  Your build may be incomplete.
gmake[2]: Warning: File 'gtest/CMakeFiles/gtest_main.dir/flags.make' has modification time 1753162803 s in the future
gmake[2]: warning:  Clock skew detected.  Your build may be incomplete.
gmake[2]: Warning: File 'gtest/CMakeFiles/gtest.dir/flags.make' has modification time 1753162803 s in the future
gmake[2]: warning:  Clock skew detected.  Your build may be incomplete.
gmake[2]: warning:  Clock skew detected.  Your build may be incomplete.
gmake[2]: Warning: File 'CMakeFiles/ament_cmake_python_build_cv_bridge_egg.dir/progress.make' has modification time 1753163007 s in the future
gmake[2]: warning:  Clock skew detected.  Your build may be incomplete.
gmake[2]: Warning: File 'src/CMakeFiles/cv_bridge_boost.dir/flags.make' has modification time 1753162803 s in the future
gmake[2]: Warning: File 'test/CMakeFiles/cv_bridge-utest.dir/flags.make' has modification time 1753162803 s in the future
gmake[2]: Warning: File 'CMakeFiles/ament_cmake_python_build_cv_bridge_egg.dir/progress.make' has modification time 1753163007 s in the future
gmake[2]: warning:  Clock skew detected.  Your build may be incomplete.
gmake[2]: warning:  Clock skew detected.  Your build may be incomplete.
gmake[2]: Warning: File 'test/CMakeFiles/cv_bridge-utest.dir/flags.make' has modification time 1753162803 s in the future
gmake[2]: warning:  Clock skew detected.  Your build may be incomplete.
gmake[2]: Warning: File 'src/CMakeFiles/cv_bridge_boost.dir/flags.make' has modification time 1753162803 s in the future
gmake[2]: warning:  Clock skew detected.  Your build may be incomplete.
gmake[2]: warning:  Clock skew detected.  Your build may be incomplete.
gmake[1]: warning:  Clock skew detected.  Your build may be incomplete.
gmake: warning:  Clock skew detected.  Your build may be incomplete.
