[3.131s] Invoking command in '/workspace/towen/src/strategy': BYOBU_DATE=%Y-%m-%d PYTHONPATH=/workspace/towen/build/strategy/prefix_override:/usr/lib/python3/dist-packages/colcon_core/task/python/colcon_distutils_commands:/workspace/towen/install/strategy/lib/python3.10/site-packages:${PYTHONPATH} /usr/bin/python3 -W ignore:setup.py install is deprecated setup.py egg_info --egg-base ../../build/strategy build --build-base /workspace/towen/build/strategy/build install --record /workspace/towen/build/strategy/install.log --single-version-externally-managed install_data
[3.785s] running egg_info
[3.820s] writing ../../build/strategy/strategy.egg-info/PKG-INFO
[3.822s] writing dependency_links to ../../build/strategy/strategy.egg-info/dependency_links.txt
[3.822s] writing entry points to ../../build/strategy/strategy.egg-info/entry_points.txt
[3.823s] writing requirements to ../../build/strategy/strategy.egg-info/requires.txt
[3.823s] writing top-level names to ../../build/strategy/strategy.egg-info/top_level.txt
[3.901s] reading manifest file '../../build/strategy/strategy.egg-info/SOURCES.txt'
[3.901s] adding license file 'LICENSE'
[3.902s] writing manifest file '../../build/strategy/strategy.egg-info/SOURCES.txt'
[3.903s] running build
[3.903s] running build_py
[3.903s] copying strategy/__init__.py -> /workspace/towen/build/strategy/build/lib/strategy
[3.904s] copying strategy/API.py -> /workspace/towen/build/strategy/build/lib/strategy
[3.905s] copying strategy/mar/__init__.py -> /workspace/towen/build/strategy/build/lib/strategy/mar
[3.905s] copying strategy/mar/mar.py -> /workspace/towen/build/strategy/build/lib/strategy/mar
[3.906s] copying strategy/wl/wl.py -> /workspace/towen/build/strategy/build/lib/strategy/wl
[3.907s] copying strategy/wl/__init__.py -> /workspace/towen/build/strategy/build/lib/strategy/wl
[3.907s] copying strategy/sp/sp.py -> /workspace/towen/build/strategy/build/lib/strategy/sp
[3.908s] copying strategy/sp/__init__.py -> /workspace/towen/build/strategy/build/lib/strategy/sp
[3.908s] copying strategy/obs/__init__.py -> /workspace/towen/build/strategy/build/lib/strategy/obs
[3.909s] copying strategy/obs/obs.py -> /workspace/towen/build/strategy/build/lib/strategy/obs
[3.910s] copying strategy/sr/__init__.py -> /workspace/towen/build/strategy/build/lib/strategy/sr
[3.910s] copying strategy/sr/sr.py -> /workspace/towen/build/strategy/build/lib/strategy/sr
[3.912s] copying strategy/bb/__init__.py -> /workspace/towen/build/strategy/build/lib/strategy/bb
[3.912s] copying strategy/bb/bb.py -> /workspace/towen/build/strategy/build/lib/strategy/bb
[3.912s] copying strategy/ar/__init__.py -> /workspace/towen/build/strategy/build/lib/strategy/ar
[3.912s] copying strategy/ar/ar.py -> /workspace/towen/build/strategy/build/lib/strategy/ar
[3.915s] running install
[3.927s] running install_lib
[3.963s] copying /workspace/towen/build/strategy/build/lib/strategy/API.py -> /workspace/towen/install/strategy/lib/python3.10/site-packages/strategy
[3.967s] byte-compiling /workspace/towen/install/strategy/lib/python3.10/site-packages/strategy/API.py to API.cpython-310.pyc
[3.970s] running install_data
[3.971s] copying resource/strategy -> /workspace/towen/install/strategy/share/ament_index/resource_index/packages
[3.972s] copying package.xml -> /workspace/towen/install/strategy/share/strategy
[3.972s] running install_egg_info
[4.010s] removing '/workspace/towen/install/strategy/lib/python3.10/site-packages/strategy-0.0.0-py3.10.egg-info' (and everything under it)
[4.011s] Copying ../../build/strategy/strategy.egg-info to /workspace/towen/install/strategy/lib/python3.10/site-packages/strategy-0.0.0-py3.10.egg-info
[4.013s] running install_scripts
[4.306s] Installing ar script to /workspace/towen/install/strategy/lib/strategy
[4.307s] Installing bb script to /workspace/towen/install/strategy/lib/strategy
[4.307s] Installing mar script to /workspace/towen/install/strategy/lib/strategy
[4.308s] Installing obs script to /workspace/towen/install/strategy/lib/strategy
[4.308s] Installing sp script to /workspace/towen/install/strategy/lib/strategy
[4.308s] Installing sr script to /workspace/towen/install/strategy/lib/strategy
[4.309s] Installing wl script to /workspace/towen/install/strategy/lib/strategy
[4.311s] writing list of installed files to '/workspace/towen/build/strategy/install.log'
