[2.526s] Invoking command in '/workspace/towen/src/strategy': BYOBU_DATE=%Y-%m-%d PYTHONPATH=/workspace/towen/build/strategy/prefix_override:/usr/lib/python3/dist-packages/colcon_core/task/python/colcon_distutils_commands:/workspace/towen/install/strategy/lib/python3.10/site-packages:${PYTHONPATH} /usr/bin/python3 -W ignore:setup.py install is deprecated setup.py egg_info --egg-base ../../build/strategy build --build-base /workspace/towen/build/strategy/build install --record /workspace/towen/build/strategy/install.log --single-version-externally-managed install_data
[3.193s] running egg_info
[3.240s] writing ../../build/strategy/strategy.egg-info/PKG-INFO
[3.243s] writing dependency_links to ../../build/strategy/strategy.egg-info/dependency_links.txt
[3.246s] writing entry points to ../../build/strategy/strategy.egg-info/entry_points.txt
[3.247s] writing requirements to ../../build/strategy/strategy.egg-info/requires.txt
[3.247s] writing top-level names to ../../build/strategy/strategy.egg-info/top_level.txt
[3.342s] reading manifest file '../../build/strategy/strategy.egg-info/SOURCES.txt'
[3.345s] adding license file 'LICENSE'
[3.348s] writing manifest file '../../build/strategy/strategy.egg-info/SOURCES.txt'
[3.350s] running build
[3.352s] running build_py
[3.354s] copying strategy/__init__.py -> /workspace/towen/build/strategy/build/lib/strategy
[3.356s] copying strategy/API.py -> /workspace/towen/build/strategy/build/lib/strategy
[3.359s] copying strategy/mar/__init__.py -> /workspace/towen/build/strategy/build/lib/strategy/mar
[3.362s] copying strategy/mar/mar.py -> /workspace/towen/build/strategy/build/lib/strategy/mar
[3.365s] copying strategy/wl/wl.py -> /workspace/towen/build/strategy/build/lib/strategy/wl
[3.367s] copying strategy/wl/__init__.py -> /workspace/towen/build/strategy/build/lib/strategy/wl
[3.370s] copying strategy/sp/sp.py -> /workspace/towen/build/strategy/build/lib/strategy/sp
[3.373s] copying strategy/sp/__init__.py -> /workspace/towen/build/strategy/build/lib/strategy/sp
[3.376s] copying strategy/obs/__init__.py -> /workspace/towen/build/strategy/build/lib/strategy/obs
[3.378s] copying strategy/obs/obs.py -> /workspace/towen/build/strategy/build/lib/strategy/obs
[3.381s] copying strategy/sr/__init__.py -> /workspace/towen/build/strategy/build/lib/strategy/sr
[3.383s] copying strategy/sr/sr.py -> /workspace/towen/build/strategy/build/lib/strategy/sr
[3.386s] copying strategy/bb/__init__.py -> /workspace/towen/build/strategy/build/lib/strategy/bb
[3.389s] copying strategy/bb/bb.py -> /workspace/towen/build/strategy/build/lib/strategy/bb
[3.392s] copying strategy/ar/__init__.py -> /workspace/towen/build/strategy/build/lib/strategy/ar
[3.394s] copying strategy/ar/ar.py -> /workspace/towen/build/strategy/build/lib/strategy/ar
[3.399s] running install
[3.411s] running install_lib
[3.451s] copying /workspace/towen/build/strategy/build/lib/strategy/sp/sp.py -> /workspace/towen/install/strategy/lib/python3.10/site-packages/strategy/sp
[3.457s] byte-compiling /workspace/towen/install/strategy/lib/python3.10/site-packages/strategy/sp/sp.py to sp.cpython-310.pyc
[3.461s] running install_data
[3.463s] copying resource/strategy -> /workspace/towen/install/strategy/share/ament_index/resource_index/packages
[3.465s] copying package.xml -> /workspace/towen/install/strategy/share/strategy
[3.467s] running install_egg_info
[3.511s] removing '/workspace/towen/install/strategy/lib/python3.10/site-packages/strategy-0.0.0-py3.10.egg-info' (and everything under it)
[3.522s] Copying ../../build/strategy/strategy.egg-info to /workspace/towen/install/strategy/lib/python3.10/site-packages/strategy-0.0.0-py3.10.egg-info
[3.522s] running install_scripts
[3.912s] Installing ar script to /workspace/towen/install/strategy/lib/strategy
[3.913s] Installing bb script to /workspace/towen/install/strategy/lib/strategy
[3.915s] Installing mar script to /workspace/towen/install/strategy/lib/strategy
[3.916s] Installing obs script to /workspace/towen/install/strategy/lib/strategy
[3.917s] Installing sp script to /workspace/towen/install/strategy/lib/strategy
[3.918s] Installing sr script to /workspace/towen/install/strategy/lib/strategy
[3.919s] Installing wl script to /workspace/towen/install/strategy/lib/strategy
[3.920s] writing list of installed files to '/workspace/towen/build/strategy/install.log'
[4.077s] Invoked command in '/workspace/towen/src/strategy' returned '0': BYOBU_DATE=%Y-%m-%d PYTHONPATH=/workspace/towen/build/strategy/prefix_override:/usr/lib/python3/dist-packages/colcon_core/task/python/colcon_distutils_commands:/workspace/towen/install/strategy/lib/python3.10/site-packages:${PYTHONPATH} /usr/bin/python3 -W ignore:setup.py install is deprecated setup.py egg_info --egg-base ../../build/strategy build --build-base /workspace/towen/build/strategy/build install --record /workspace/towen/build/strategy/install.log --single-version-externally-managed install_data
