[3.811s] Invoking command in '/workspace/towen/src/imageprocess': BYOBU_DATE=%Y-%m-%d PYTHONPATH=/workspace/towen/build/imageprocess/prefix_override:/usr/lib/python3/dist-packages/colcon_core/task/python/colcon_distutils_commands:/workspace/towen/install/imageprocess/lib/python3.10/site-packages:${PYTHONPATH} /usr/bin/python3 -W ignore:setup.py install is deprecated setup.py egg_info --egg-base ../../build/imageprocess build --build-base /workspace/towen/build/imageprocess/build install --record /workspace/towen/build/imageprocess/install.log --single-version-externally-managed install_data
[4.590s] /home/work/.local/lib/python3.10/site-packages/setuptools/dist.py:759: SetuptoolsDeprecationWarning: License classifiers are deprecated.
[4.590s] !!
[4.590s] 
[4.590s]         ********************************************************************************
[4.590s]         Please consider removing the following classifiers in favor of a SPDX license expression:
[4.591s] 
[4.591s]         License :: OSI Approved :: Apache Software License
[4.594s] 
[4.594s]         See https://packaging.python.org/en/latest/guides/writing-pyproject-toml/#license for details.
[4.594s]         ********************************************************************************
[4.594s] 
[4.595s] !!
[4.595s]   self._finalize_license_expression()
[4.917s] running egg_info
[4.983s] writing ../../build/imageprocess/imageprocess.egg-info/PKG-INFO
[4.984s] writing dependency_links to ../../build/imageprocess/imageprocess.egg-info/dependency_links.txt
[4.984s] writing entry points to ../../build/imageprocess/imageprocess.egg-info/entry_points.txt
[4.984s] writing requirements to ../../build/imageprocess/imageprocess.egg-info/requires.txt
[4.984s] writing top-level names to ../../build/imageprocess/imageprocess.egg-info/top_level.txt
[5.155s] reading manifest file '../../build/imageprocess/imageprocess.egg-info/SOURCES.txt'
[5.156s] adding license file 'LICENSE'
[5.161s] writing manifest file '../../build/imageprocess/imageprocess.egg-info/SOURCES.txt'
[5.161s] running build
[5.161s] running build_py
[5.162s] copying imageprocess/modelparameter.py -> /workspace/towen/build/imageprocess/build/lib/imageprocess
[5.163s] copying imageprocess/image_0417.py -> /workspace/towen/build/imageprocess/build/lib/imageprocess
[5.165s] copying imageprocess/dataunit.py -> /workspace/towen/build/imageprocess/build/lib/imageprocess
[5.166s] copying imageprocess/123123.py -> /workspace/towen/build/imageprocess/build/lib/imageprocess
[5.166s] copying imageprocess/image_test.py -> /workspace/towen/build/imageprocess/build/lib/imageprocess
[5.169s] copying imageprocess/image.py -> /workspace/towen/build/imageprocess/build/lib/imageprocess
[5.172s] copying imageprocess/__init__.py -> /workspace/towen/build/imageprocess/build/lib/imageprocess
[5.173s] copying imageprocess/imageprocess.py -> /workspace/towen/build/imageprocess/build/lib/imageprocess
[5.173s] copying imageprocess/camera_segment_headless.py -> /workspace/towen/build/imageprocess/build/lib/imageprocess
[5.173s] running install
[5.183s] running install_lib
[5.281s] running install_data
[5.282s] copying resource/imageprocess -> /workspace/towen/install/imageprocess/share/ament_index/resource_index/packages
[5.282s] copying package.xml -> /workspace/towen/install/imageprocess/share/imageprocess
[5.282s] running install_egg_info
[5.417s] removing '/workspace/towen/install/imageprocess/lib/python3.10/site-packages/imageprocess-0.0.0-py3.10.egg-info' (and everything under it)
[5.418s] Copying ../../build/imageprocess/imageprocess.egg-info to /workspace/towen/install/imageprocess/lib/python3.10/site-packages/imageprocess-0.0.0-py3.10.egg-info
[5.418s] running install_scripts
[5.546s] Installing image script to /workspace/towen/install/imageprocess/lib/imageprocess
[5.547s] Installing image_test script to /workspace/towen/install/imageprocess/lib/imageprocess
[5.547s] Installing imageprocess script to /workspace/towen/install/imageprocess/lib/imageprocess
[5.547s] writing list of installed files to '/workspace/towen/build/imageprocess/install.log'
[5.687s] Invoked command in '/workspace/towen/src/imageprocess' returned '0': BYOBU_DATE=%Y-%m-%d PYTHONPATH=/workspace/towen/build/imageprocess/prefix_override:/usr/lib/python3/dist-packages/colcon_core/task/python/colcon_distutils_commands:/workspace/towen/install/imageprocess/lib/python3.10/site-packages:${PYTHONPATH} /usr/bin/python3 -W ignore:setup.py install is deprecated setup.py egg_info --egg-base ../../build/imageprocess build --build-base /workspace/towen/build/imageprocess/build install --record /workspace/towen/build/imageprocess/install.log --single-version-externally-managed install_data
