[0.102s] Invoking command in '/workspace/towen/build/rosidl_typesupport_introspection_c': AMENT_PREFIX_PATH=/workspace/towen/install/rosidl_cmake:/workspace/towen/install/rosidl_parser:/workspace/towen/install/rosidl_runtime_c:/workspace/towen/install/rosidl_adapter:/workspace/towen/install/rosidl_typesupport_interface:/workspace/towen/install/rosidl_cli:${AMENT_PREFIX_PATH} BYOBU_DATE=%Y-%m-%d CMAKE_PREFIX_PATH=/workspace/towen/install/rosidl_cmake:/workspace/towen/install/rosidl_parser:/workspace/towen/install/rosidl_runtime_c:/workspace/towen/install/rosidl_adapter:/workspace/towen/install/rosidl_typesupport_interface:/opt/ros/humble LD_LIBRARY_PATH=/workspace/towen/install/rosidl_runtime_c/lib:/opt/ros/humble/opt/rviz_ogre_vendor/lib:/opt/ros/humble/lib/aarch64-linux-gnu:/opt/ros/humble/lib:/usr/local/cuda/compat:/usr/local/cuda/lib64 PATH=/workspace/towen/install/rosidl_cli/bin:${PATH} PYTHONPATH=/workspace/towen/install/rosidl_cmake/local/lib/python3.10/dist-packages:/workspace/towen/install/rosidl_parser/local/lib/python3.10/dist-packages:/workspace/towen/install/rosidl_adapter/local/lib/python3.10/dist-packages:/workspace/towen/install/rosidl_cli/lib/python3.10/site-packages:${PYTHONPATH} /usr/local/bin/cmake --build /workspace/towen/build/rosidl_typesupport_introspection_c -- -j6 -l6
[0.554s] [  0%] Built target ament_cmake_python_copy_rosidl_typesupport_introspection_c_setup
[0.611s] [100%] Built target rosidl_typesupport_introspection_c
[0.667s] [100%] Built target ament_cmake_python_copy_rosidl_typesupport_introspection_c
[1.980s] running egg_info
[2.068s] writing rosidl_typesupport_introspection_c.egg-info/PKG-INFO
[2.075s] writing dependency_links to rosidl_typesupport_introspection_c.egg-info/dependency_links.txt
[2.078s] writing entry points to rosidl_typesupport_introspection_c.egg-info/entry_points.txt
[2.080s] writing top-level names to rosidl_typesupport_introspection_c.egg-info/top_level.txt
[2.640s] reading manifest file 'rosidl_typesupport_introspection_c.egg-info/SOURCES.txt'
[2.645s] writing manifest file 'rosidl_typesupport_introspection_c.egg-info/SOURCES.txt'
[2.813s] [100%] Built target ament_cmake_python_build_rosidl_typesupport_introspection_c_egg
[3.063s] Invoked command in '/workspace/towen/build/rosidl_typesupport_introspection_c' returned '0': AMENT_PREFIX_PATH=/workspace/towen/install/rosidl_cmake:/workspace/towen/install/rosidl_parser:/workspace/towen/install/rosidl_runtime_c:/workspace/towen/install/rosidl_adapter:/workspace/towen/install/rosidl_typesupport_interface:/workspace/towen/install/rosidl_cli:${AMENT_PREFIX_PATH} BYOBU_DATE=%Y-%m-%d CMAKE_PREFIX_PATH=/workspace/towen/install/rosidl_cmake:/workspace/towen/install/rosidl_parser:/workspace/towen/install/rosidl_runtime_c:/workspace/towen/install/rosidl_adapter:/workspace/towen/install/rosidl_typesupport_interface:/opt/ros/humble LD_LIBRARY_PATH=/workspace/towen/install/rosidl_runtime_c/lib:/opt/ros/humble/opt/rviz_ogre_vendor/lib:/opt/ros/humble/lib/aarch64-linux-gnu:/opt/ros/humble/lib:/usr/local/cuda/compat:/usr/local/cuda/lib64 PATH=/workspace/towen/install/rosidl_cli/bin:${PATH} PYTHONPATH=/workspace/towen/install/rosidl_cmake/local/lib/python3.10/dist-packages:/workspace/towen/install/rosidl_parser/local/lib/python3.10/dist-packages:/workspace/towen/install/rosidl_adapter/local/lib/python3.10/dist-packages:/workspace/towen/install/rosidl_cli/lib/python3.10/site-packages:${PYTHONPATH} /usr/local/bin/cmake --build /workspace/towen/build/rosidl_typesupport_introspection_c -- -j6 -l6
[4.114s] Invoking command in '/workspace/towen/build/rosidl_typesupport_introspection_c': AMENT_PREFIX_PATH=/workspace/towen/install/rosidl_cmake:/workspace/towen/install/rosidl_parser:/workspace/towen/install/rosidl_runtime_c:/workspace/towen/install/rosidl_adapter:/workspace/towen/install/rosidl_typesupport_interface:/workspace/towen/install/rosidl_cli:${AMENT_PREFIX_PATH} BYOBU_DATE=%Y-%m-%d CMAKE_PREFIX_PATH=/workspace/towen/install/rosidl_cmake:/workspace/towen/install/rosidl_parser:/workspace/towen/install/rosidl_runtime_c:/workspace/towen/install/rosidl_adapter:/workspace/towen/install/rosidl_typesupport_interface:/opt/ros/humble LD_LIBRARY_PATH=/workspace/towen/install/rosidl_runtime_c/lib:/opt/ros/humble/opt/rviz_ogre_vendor/lib:/opt/ros/humble/lib/aarch64-linux-gnu:/opt/ros/humble/lib:/usr/local/cuda/compat:/usr/local/cuda/lib64 PATH=/workspace/towen/install/rosidl_cli/bin:${PATH} PYTHONPATH=/workspace/towen/install/rosidl_cmake/local/lib/python3.10/dist-packages:/workspace/towen/install/rosidl_parser/local/lib/python3.10/dist-packages:/workspace/towen/install/rosidl_adapter/local/lib/python3.10/dist-packages:/workspace/towen/install/rosidl_cli/lib/python3.10/site-packages:${PYTHONPATH} /usr/local/bin/cmake --install /workspace/towen/build/rosidl_typesupport_introspection_c
[4.660s] -- Install configuration: ""
[4.661s] -- Up-to-date: /workspace/towen/install/rosidl_typesupport_introspection_c/share/rosidl_typesupport_introspection_c/environment/pythonpath.sh
[4.661s] -- Up-to-date: /workspace/towen/install/rosidl_typesupport_introspection_c/share/rosidl_typesupport_introspection_c/environment/pythonpath.dsv
[4.661s] -- Up-to-date: /workspace/towen/install/rosidl_typesupport_introspection_c/local/lib/python3.10/dist-packages/rosidl_typesupport_introspection_c-3.1.7-py3.10.egg-info
[4.661s] -- Installing: /workspace/towen/install/rosidl_typesupport_introspection_c/local/lib/python3.10/dist-packages/rosidl_typesupport_introspection_c-3.1.7-py3.10.egg-info/PKG-INFO
[4.662s] -- Installing: /workspace/towen/install/rosidl_typesupport_introspection_c/local/lib/python3.10/dist-packages/rosidl_typesupport_introspection_c-3.1.7-py3.10.egg-info/entry_points.txt
[4.664s] -- Installing: /workspace/towen/install/rosidl_typesupport_introspection_c/local/lib/python3.10/dist-packages/rosidl_typesupport_introspection_c-3.1.7-py3.10.egg-info/top_level.txt
[4.664s] -- Installing: /workspace/towen/install/rosidl_typesupport_introspection_c/local/lib/python3.10/dist-packages/rosidl_typesupport_introspection_c-3.1.7-py3.10.egg-info/SOURCES.txt
[4.666s] -- Installing: /workspace/towen/install/rosidl_typesupport_introspection_c/local/lib/python3.10/dist-packages/rosidl_typesupport_introspection_c-3.1.7-py3.10.egg-info/dependency_links.txt
[4.666s] -- Up-to-date: /workspace/towen/install/rosidl_typesupport_introspection_c/local/lib/python3.10/dist-packages/rosidl_typesupport_introspection_c
[4.667s] -- Up-to-date: /workspace/towen/install/rosidl_typesupport_introspection_c/local/lib/python3.10/dist-packages/rosidl_typesupport_introspection_c/__init__.py
[4.667s] -- Up-to-date: /workspace/towen/install/rosidl_typesupport_introspection_c/local/lib/python3.10/dist-packages/rosidl_typesupport_introspection_c/cli.py
[4.856s] Listing '/workspace/towen/install/rosidl_typesupport_introspection_c/local/lib/python3.10/dist-packages/rosidl_typesupport_introspection_c'...
[4.914s] -- Up-to-date: /workspace/towen/install/rosidl_typesupport_introspection_c/share/rosidl_typesupport_introspection_c/environment/library_path.sh
[4.915s] -- Up-to-date: /workspace/towen/install/rosidl_typesupport_introspection_c/share/rosidl_typesupport_introspection_c/environment/library_path.dsv
[4.915s] -- Up-to-date: /workspace/towen/install/rosidl_typesupport_introspection_c/share/ament_index/resource_index/rosidl_typesupport_c/rosidl_typesupport_introspection_c
[4.915s] -- Up-to-date: /workspace/towen/install/rosidl_typesupport_introspection_c/share/ament_index/resource_index/rosidl_runtime_packages/rosidl_typesupport_introspection_c
[4.926s] -- Up-to-date: /workspace/towen/install/rosidl_typesupport_introspection_c/share/ament_index/resource_index/package_run_dependencies/rosidl_typesupport_introspection_c
[4.928s] -- Up-to-date: /workspace/towen/install/rosidl_typesupport_introspection_c/share/ament_index/resource_index/parent_prefix_path/rosidl_typesupport_introspection_c
[4.928s] -- Up-to-date: /workspace/towen/install/rosidl_typesupport_introspection_c/share/rosidl_typesupport_introspection_c/environment/ament_prefix_path.sh
[4.928s] -- Up-to-date: /workspace/towen/install/rosidl_typesupport_introspection_c/share/rosidl_typesupport_introspection_c/environment/ament_prefix_path.dsv
[4.928s] -- Up-to-date: /workspace/towen/install/rosidl_typesupport_introspection_c/share/rosidl_typesupport_introspection_c/environment/path.sh
[4.928s] -- Up-to-date: /workspace/towen/install/rosidl_typesupport_introspection_c/share/rosidl_typesupport_introspection_c/environment/path.dsv
[4.929s] -- Up-to-date: /workspace/towen/install/rosidl_typesupport_introspection_c/share/rosidl_typesupport_introspection_c/local_setup.bash
[4.929s] -- Up-to-date: /workspace/towen/install/rosidl_typesupport_introspection_c/share/rosidl_typesupport_introspection_c/local_setup.sh
[4.929s] -- Up-to-date: /workspace/towen/install/rosidl_typesupport_introspection_c/share/rosidl_typesupport_introspection_c/local_setup.zsh
[4.929s] -- Up-to-date: /workspace/towen/install/rosidl_typesupport_introspection_c/share/rosidl_typesupport_introspection_c/local_setup.dsv
[4.929s] -- Installing: /workspace/towen/install/rosidl_typesupport_introspection_c/share/rosidl_typesupport_introspection_c/package.dsv
[4.929s] -- Up-to-date: /workspace/towen/install/rosidl_typesupport_introspection_c/share/ament_index/resource_index/packages/rosidl_typesupport_introspection_c
[4.929s] -- Up-to-date: /workspace/towen/install/rosidl_typesupport_introspection_c/share/rosidl_typesupport_introspection_c/cmake/rosidl_typesupport_introspection_cExport.cmake
[4.929s] -- Up-to-date: /workspace/towen/install/rosidl_typesupport_introspection_c/share/rosidl_typesupport_introspection_c/cmake/rosidl_typesupport_introspection_cExport-noconfig.cmake
[4.940s] -- Up-to-date: /workspace/towen/install/rosidl_typesupport_introspection_c/share/rosidl_typesupport_introspection_c/cmake/rosidl_typesupport_introspection_c-extras.cmake
[4.940s] -- Up-to-date: /workspace/towen/install/rosidl_typesupport_introspection_c/share/rosidl_typesupport_introspection_c/cmake/ament_cmake_export_dependencies-extras.cmake
[4.940s] -- Up-to-date: /workspace/towen/install/rosidl_typesupport_introspection_c/share/rosidl_typesupport_introspection_c/cmake/ament_cmake_export_include_directories-extras.cmake
[4.940s] -- Up-to-date: /workspace/towen/install/rosidl_typesupport_introspection_c/share/rosidl_typesupport_introspection_c/cmake/ament_cmake_export_libraries-extras.cmake
[4.940s] -- Up-to-date: /workspace/towen/install/rosidl_typesupport_introspection_c/share/rosidl_typesupport_introspection_c/cmake/ament_cmake_export_targets-extras.cmake
[4.941s] -- Up-to-date: /workspace/towen/install/rosidl_typesupport_introspection_c/share/rosidl_typesupport_introspection_c/cmake/rosidl_typesupport_introspection_cConfig.cmake
[4.941s] -- Up-to-date: /workspace/towen/install/rosidl_typesupport_introspection_c/share/rosidl_typesupport_introspection_c/cmake/rosidl_typesupport_introspection_cConfig-version.cmake
[4.941s] -- Up-to-date: /workspace/towen/install/rosidl_typesupport_introspection_c/share/rosidl_typesupport_introspection_c/package.xml
[4.941s] -- Up-to-date: /workspace/towen/install/rosidl_typesupport_introspection_c/lib/rosidl_typesupport_introspection_c/rosidl_typesupport_introspection_c
[4.941s] -- Up-to-date: /workspace/towen/install/rosidl_typesupport_introspection_c/share/rosidl_typesupport_introspection_c/cmake
[4.941s] -- Up-to-date: /workspace/towen/install/rosidl_typesupport_introspection_c/share/rosidl_typesupport_introspection_c/cmake/rosidl_typesupport_introspection_c_generate_interfaces.cmake
[4.941s] -- Up-to-date: /workspace/towen/install/rosidl_typesupport_introspection_c/share/rosidl_typesupport_introspection_c/resource
[4.941s] -- Up-to-date: /workspace/towen/install/rosidl_typesupport_introspection_c/share/rosidl_typesupport_introspection_c/resource/srv__type_support.c.em
[4.942s] -- Up-to-date: /workspace/towen/install/rosidl_typesupport_introspection_c/share/rosidl_typesupport_introspection_c/resource/srv__rosidl_typesupport_introspection_c.h.em
[4.942s] -- Up-to-date: /workspace/towen/install/rosidl_typesupport_introspection_c/share/rosidl_typesupport_introspection_c/resource/idl__type_support.c.em
[4.942s] -- Up-to-date: /workspace/towen/install/rosidl_typesupport_introspection_c/share/rosidl_typesupport_introspection_c/resource/msg__type_support.c.em
[4.942s] -- Up-to-date: /workspace/towen/install/rosidl_typesupport_introspection_c/share/rosidl_typesupport_introspection_c/resource/idl__rosidl_typesupport_introspection_c.h.em
[4.942s] -- Up-to-date: /workspace/towen/install/rosidl_typesupport_introspection_c/share/rosidl_typesupport_introspection_c/resource/rosidl_typesupport_introspection_c__visibility_control.h.in
[4.942s] -- Up-to-date: /workspace/towen/install/rosidl_typesupport_introspection_c/share/rosidl_typesupport_introspection_c/resource/msg__rosidl_typesupport_introspection_c.h.em
[4.942s] -- Up-to-date: /workspace/towen/install/rosidl_typesupport_introspection_c/include/rosidl_typesupport_introspection_c
[4.943s] -- Up-to-date: /workspace/towen/install/rosidl_typesupport_introspection_c/include/rosidl_typesupport_introspection_c/rosidl_typesupport_introspection_c
[4.943s] -- Up-to-date: /workspace/towen/install/rosidl_typesupport_introspection_c/include/rosidl_typesupport_introspection_c/rosidl_typesupport_introspection_c/message_introspection.h
[4.943s] -- Up-to-date: /workspace/towen/install/rosidl_typesupport_introspection_c/include/rosidl_typesupport_introspection_c/rosidl_typesupport_introspection_c/service_introspection.h
[4.943s] -- Up-to-date: /workspace/towen/install/rosidl_typesupport_introspection_c/include/rosidl_typesupport_introspection_c/rosidl_typesupport_introspection_c/identifier.h
[4.943s] -- Up-to-date: /workspace/towen/install/rosidl_typesupport_introspection_c/include/rosidl_typesupport_introspection_c/rosidl_typesupport_introspection_c/visibility_control.h
[4.943s] -- Up-to-date: /workspace/towen/install/rosidl_typesupport_introspection_c/include/rosidl_typesupport_introspection_c/rosidl_typesupport_introspection_c/field_types.h
[4.943s] -- Up-to-date: /workspace/towen/install/rosidl_typesupport_introspection_c/lib/librosidl_typesupport_introspection_c.so
[5.040s] Invoked command in '/workspace/towen/build/rosidl_typesupport_introspection_c' returned '0': AMENT_PREFIX_PATH=/workspace/towen/install/rosidl_cmake:/workspace/towen/install/rosidl_parser:/workspace/towen/install/rosidl_runtime_c:/workspace/towen/install/rosidl_adapter:/workspace/towen/install/rosidl_typesupport_interface:/workspace/towen/install/rosidl_cli:${AMENT_PREFIX_PATH} BYOBU_DATE=%Y-%m-%d CMAKE_PREFIX_PATH=/workspace/towen/install/rosidl_cmake:/workspace/towen/install/rosidl_parser:/workspace/towen/install/rosidl_runtime_c:/workspace/towen/install/rosidl_adapter:/workspace/towen/install/rosidl_typesupport_interface:/opt/ros/humble LD_LIBRARY_PATH=/workspace/towen/install/rosidl_runtime_c/lib:/opt/ros/humble/opt/rviz_ogre_vendor/lib:/opt/ros/humble/lib/aarch64-linux-gnu:/opt/ros/humble/lib:/usr/local/cuda/compat:/usr/local/cuda/lib64 PATH=/workspace/towen/install/rosidl_cli/bin:${PATH} PYTHONPATH=/workspace/towen/install/rosidl_cmake/local/lib/python3.10/dist-packages:/workspace/towen/install/rosidl_parser/local/lib/python3.10/dist-packages:/workspace/towen/install/rosidl_adapter/local/lib/python3.10/dist-packages:/workspace/towen/install/rosidl_cli/lib/python3.10/site-packages:${PYTHONPATH} /usr/local/bin/cmake --install /workspace/towen/build/rosidl_typesupport_introspection_c
