[5.742s] Invoking command in '/workspace/towen/src/imageprocess': BYOBU_DATE=%Y-%m-%d PYTHONPATH=/workspace/towen/build/imageprocess/prefix_override:/usr/lib/python3/dist-packages/colcon_core/task/python/colcon_distutils_commands:/workspace/towen/install/imageprocess/lib/python3.10/site-packages:${PYTHONPATH} /usr/bin/python3 -W ignore:setup.py install is deprecated setup.py egg_info --egg-base ../../build/imageprocess build --build-base /workspace/towen/build/imageprocess/build install --record /workspace/towen/build/imageprocess/install.log --single-version-externally-managed install_data
[6.929s] /home/work/.local/lib/python3.10/site-packages/setuptools/_distutils/dist.py:289: UserWarning: Unknown distribution option: 'tests_require'
[6.930s]   warnings.warn(msg)
[7.558s] running egg_info
[7.648s] writing ../../build/imageprocess/imageprocess.egg-info/PKG-INFO
[7.649s] writing dependency_links to ../../build/imageprocess/imageprocess.egg-info/dependency_links.txt
[7.651s] writing entry points to ../../build/imageprocess/imageprocess.egg-info/entry_points.txt
[7.652s] writing requirements to ../../build/imageprocess/imageprocess.egg-info/requires.txt
[7.653s] writing top-level names to ../../build/imageprocess/imageprocess.egg-info/top_level.txt
[7.806s] reading manifest file '../../build/imageprocess/imageprocess.egg-info/SOURCES.txt'
[7.808s] adding license file 'LICENSE'
[7.810s] writing manifest file '../../build/imageprocess/imageprocess.egg-info/SOURCES.txt'
[7.811s] running build
[7.812s] running build_py
[7.813s] copying imageprocess/modelparameter.py -> /workspace/towen/build/imageprocess/build/lib/imageprocess
[7.814s] copying imageprocess/image_0417.py -> /workspace/towen/build/imageprocess/build/lib/imageprocess
[7.815s] copying imageprocess/dataunit.py -> /workspace/towen/build/imageprocess/build/lib/imageprocess
[7.819s] copying imageprocess/123123.py -> /workspace/towen/build/imageprocess/build/lib/imageprocess
[7.820s] copying imageprocess/image_test.py -> /workspace/towen/build/imageprocess/build/lib/imageprocess
[7.821s] copying imageprocess/image.py -> /workspace/towen/build/imageprocess/build/lib/imageprocess
[7.822s] copying imageprocess/__init__.py -> /workspace/towen/build/imageprocess/build/lib/imageprocess
[7.825s] copying imageprocess/imageprocess.py -> /workspace/towen/build/imageprocess/build/lib/imageprocess
[7.826s] copying imageprocess/camera_segment_headless.py -> /workspace/towen/build/imageprocess/build/lib/imageprocess
[7.829s] running install
[7.843s] running install_lib
[7.905s] copying /workspace/towen/build/imageprocess/build/lib/imageprocess/image.py -> /workspace/towen/install/imageprocess/lib/python3.10/site-packages/imageprocess
[7.912s] byte-compiling /workspace/towen/install/imageprocess/lib/python3.10/site-packages/imageprocess/image.py to image.cpython-310.pyc
[7.925s] running install_data
[7.926s] copying resource/imageprocess -> /workspace/towen/install/imageprocess/share/ament_index/resource_index/packages
[7.926s] copying package.xml -> /workspace/towen/install/imageprocess/share/imageprocess
[7.926s] running install_egg_info
[8.014s] removing '/workspace/towen/install/imageprocess/lib/python3.10/site-packages/imageprocess-0.0.0-py3.10.egg-info' (and everything under it)
[8.014s] Copying ../../build/imageprocess/imageprocess.egg-info to /workspace/towen/install/imageprocess/lib/python3.10/site-packages/imageprocess-0.0.0-py3.10.egg-info
[8.020s] running install_scripts
[8.128s] Installing image script to /workspace/towen/install/imageprocess/lib/imageprocess
[8.128s] Installing image_test script to /workspace/towen/install/imageprocess/lib/imageprocess
[8.128s] Installing imageprocess script to /workspace/towen/install/imageprocess/lib/imageprocess
[8.128s] writing list of installed files to '/workspace/towen/build/imageprocess/install.log'
[8.311s] Invoked command in '/workspace/towen/src/imageprocess' returned '0': BYOBU_DATE=%Y-%m-%d PYTHONPATH=/workspace/towen/build/imageprocess/prefix_override:/usr/lib/python3/dist-packages/colcon_core/task/python/colcon_distutils_commands:/workspace/towen/install/imageprocess/lib/python3.10/site-packages:${PYTHONPATH} /usr/bin/python3 -W ignore:setup.py install is deprecated setup.py egg_info --egg-base ../../build/imageprocess build --build-base /workspace/towen/build/imageprocess/build install --record /workspace/towen/build/imageprocess/install.log --single-version-externally-managed install_data
