[3.934s] Invoking command in '/workspace/towen/src/imageprocess': BYOBU_DATE=%Y-%m-%d PYTHONPATH=/workspace/towen/build/imageprocess/prefix_override:/usr/lib/python3/dist-packages/colcon_core/task/python/colcon_distutils_commands:/workspace/towen/install/imageprocess/lib/python3.10/site-packages:${PYTHONPATH} /usr/bin/python3 -W ignore:setup.py install is deprecated setup.py egg_info --egg-base ../../build/imageprocess build --build-base /workspace/towen/build/imageprocess/build install --record /workspace/towen/build/imageprocess/install.log --single-version-externally-managed install_data
[4.877s] running egg_info
[4.959s] writing ../../build/imageprocess/imageprocess.egg-info/PKG-INFO
[4.962s] writing dependency_links to ../../build/imageprocess/imageprocess.egg-info/dependency_links.txt
[4.964s] writing entry points to ../../build/imageprocess/imageprocess.egg-info/entry_points.txt
[4.964s] writing requirements to ../../build/imageprocess/imageprocess.egg-info/requires.txt
[4.964s] writing top-level names to ../../build/imageprocess/imageprocess.egg-info/top_level.txt
[5.128s] reading manifest file '../../build/imageprocess/imageprocess.egg-info/SOURCES.txt'
[5.129s] adding license file 'LICENSE'
[5.135s] writing manifest file '../../build/imageprocess/imageprocess.egg-info/SOURCES.txt'
[5.140s] running build
[5.141s] running build_py
[5.142s] copying imageprocess/modelparameter.py -> /workspace/towen/build/imageprocess/build/lib/imageprocess
[5.143s] copying imageprocess/image_0417.py -> /workspace/towen/build/imageprocess/build/lib/imageprocess
[5.144s] copying imageprocess/dataunit.py -> /workspace/towen/build/imageprocess/build/lib/imageprocess
[5.145s] copying imageprocess/123123.py -> /workspace/towen/build/imageprocess/build/lib/imageprocess
[5.146s] copying imageprocess/image_test.py -> /workspace/towen/build/imageprocess/build/lib/imageprocess
[5.147s] copying imageprocess/image.py -> /workspace/towen/build/imageprocess/build/lib/imageprocess
[5.148s] copying imageprocess/__init__.py -> /workspace/towen/build/imageprocess/build/lib/imageprocess
[5.150s] copying imageprocess/imageprocess.py -> /workspace/towen/build/imageprocess/build/lib/imageprocess
[5.151s] copying imageprocess/camera_segment_headless.py -> /workspace/towen/build/imageprocess/build/lib/imageprocess
[5.152s] running install
[5.152s] running install_lib
[5.214s] running install_data
[5.219s] copying resource/imageprocess -> /workspace/towen/install/imageprocess/share/ament_index/resource_index/packages
[5.220s] copying package.xml -> /workspace/towen/install/imageprocess/share/imageprocess
[5.221s] running install_egg_info
[5.274s] removing '/workspace/towen/install/imageprocess/lib/python3.10/site-packages/imageprocess-0.0.0-py3.10.egg-info' (and everything under it)
[5.275s] Copying ../../build/imageprocess/imageprocess.egg-info to /workspace/towen/install/imageprocess/lib/python3.10/site-packages/imageprocess-0.0.0-py3.10.egg-info
[5.276s] running install_scripts
[5.712s] Installing image script to /workspace/towen/install/imageprocess/lib/imageprocess
[5.713s] Installing image_test script to /workspace/towen/install/imageprocess/lib/imageprocess
[5.713s] Installing imageprocess script to /workspace/towen/install/imageprocess/lib/imageprocess
[5.713s] writing list of installed files to '/workspace/towen/build/imageprocess/install.log'
[5.856s] Invoked command in '/workspace/towen/src/imageprocess' returned '0': BYOBU_DATE=%Y-%m-%d PYTHONPATH=/workspace/towen/build/imageprocess/prefix_override:/usr/lib/python3/dist-packages/colcon_core/task/python/colcon_distutils_commands:/workspace/towen/install/imageprocess/lib/python3.10/site-packages:${PYTHONPATH} /usr/bin/python3 -W ignore:setup.py install is deprecated setup.py egg_info --egg-base ../../build/imageprocess build --build-base /workspace/towen/build/imageprocess/build install --record /workspace/towen/build/imageprocess/install.log --single-version-externally-managed install_data
