running develop
/usr/local/lib/python3.10/dist-packages/setuptools/command/develop.py:41: EasyInstallDeprecationWarning: easy_install command is deprecated.
!!

        ********************************************************************************
        Please avoid running ``setup.py`` and ``easy_install``.
        Instead, use pypa/build, pypa/installer or other
        standards-based tools.

        See https://github.com/pypa/setuptools/issues/917 for details.
        ********************************************************************************

!!
  easy_install.initialize_options(self)
Removing /workspace/towen/install/motionpackage/lib/python3.10/site-packages/motionpackage.egg-link (link to .)
running egg_info
writing ../../build/motionpackage/motionpackage.egg-info/PKG-INFO
writing dependency_links to ../../build/motionpackage/motionpackage.egg-info/dependency_links.txt
writing entry points to ../../build/motionpackage/motionpackage.egg-info/entry_points.txt
writing requirements to ../../build/motionpackage/motionpackage.egg-info/requires.txt
writing top-level names to ../../build/motionpackage/motionpackage.egg-info/top_level.txt
reading manifest file '../../build/motionpackage/motionpackage.egg-info/SOURCES.txt'
adding license file 'LICENSE'
writing manifest file '../../build/motionpackage/motionpackage.egg-info/SOURCES.txt'
running build
running build_py
copying motionpackage/opencr_imu.py -> /workspace/towen/build/motionpackage/build/lib/motionpackage
copying motionpackage/test.py -> /workspace/towen/build/motionpackage/build/lib/motionpackage
copying motionpackage/__init__.py -> /workspace/towen/build/motionpackage/build/lib/motionpackage
copying motionpackage/motion_0725.py -> /workspace/towen/build/motionpackage/build/lib/motionpackage
copying motionpackage/import struct.py -> /workspace/towen/build/motionpackage/build/lib/motionpackage
copying motionpackage/walking.py -> /workspace/towen/build/motionpackage/build/lib/motionpackage
copying motionpackage/motionpackage.py -> /workspace/towen/build/motionpackage/build/lib/motionpackage
running install
running install_lib
creating /workspace/towen/install/motionpackage/lib/python3.10/site-packages/motionpackage
copying /workspace/towen/build/motionpackage/build/lib/motionpackage/opencr_imu.py -> /workspace/towen/install/motionpackage/lib/python3.10/site-packages/motionpackage
copying /workspace/towen/build/motionpackage/build/lib/motionpackage/test.py -> /workspace/towen/install/motionpackage/lib/python3.10/site-packages/motionpackage
copying /workspace/towen/build/motionpackage/build/lib/motionpackage/__init__.py -> /workspace/towen/install/motionpackage/lib/python3.10/site-packages/motionpackage
copying /workspace/towen/build/motionpackage/build/lib/motionpackage/motion_0725.py -> /workspace/towen/install/motionpackage/lib/python3.10/site-packages/motionpackage
copying /workspace/towen/build/motionpackage/build/lib/motionpackage/import struct.py -> /workspace/towen/install/motionpackage/lib/python3.10/site-packages/motionpackage
copying /workspace/towen/build/motionpackage/build/lib/motionpackage/walking.py -> /workspace/towen/install/motionpackage/lib/python3.10/site-packages/motionpackage
copying /workspace/towen/build/motionpackage/build/lib/motionpackage/motionpackage.py -> /workspace/towen/install/motionpackage/lib/python3.10/site-packages/motionpackage
byte-compiling /workspace/towen/install/motionpackage/lib/python3.10/site-packages/motionpackage/opencr_imu.py to opencr_imu.cpython-310.pyc
byte-compiling /workspace/towen/install/motionpackage/lib/python3.10/site-packages/motionpackage/test.py to test.cpython-310.pyc
byte-compiling /workspace/towen/install/motionpackage/lib/python3.10/site-packages/motionpackage/__init__.py to __init__.cpython-310.pyc
byte-compiling /workspace/towen/install/motionpackage/lib/python3.10/site-packages/motionpackage/motion_0725.py to motion_0725.cpython-310.pyc
byte-compiling /workspace/towen/install/motionpackage/lib/python3.10/site-packages/motionpackage/import struct.py to import struct.cpython-310.pyc
byte-compiling /workspace/towen/install/motionpackage/lib/python3.10/site-packages/motionpackage/walking.py to walking.cpython-310.pyc
byte-compiling /workspace/towen/install/motionpackage/lib/python3.10/site-packages/motionpackage/motionpackage.py to motionpackage.cpython-310.pyc
running install_data
copying resource/motionpackage -> /workspace/towen/install/motionpackage/share/ament_index/resource_index/packages
copying package.xml -> /workspace/towen/install/motionpackage/share/motionpackage
running install_egg_info
Copying ../../build/motionpackage/motionpackage.egg-info to /workspace/towen/install/motionpackage/lib/python3.10/site-packages/motionpackage-0.0.0-py3.10.egg-info
running install_scripts
Installing motionpackage script to /workspace/towen/install/motionpackage/lib/motionpackage
writing list of installed files to '/workspace/towen/build/motionpackage/install.log'
