[2.816s] Invoking command in '/workspace/towen/src/motionpackage': PYTHONPATH=/workspace/towen/build/motionpackage/prefix_override:/usr/lib/python3/dist-packages/colcon_core/task/python/colcon_distutils_commands:/workspace/towen/install/motionpackage/lib/python3.10/site-packages:${PYTHONPATH} /usr/bin/python3 -W ignore:setup.py install is deprecated setup.py egg_info --egg-base ../../build/motionpackage build --build-base /workspace/towen/build/motionpackage/build install --record /workspace/towen/build/motionpackage/install.log --single-version-externally-managed install_data
[3.705s] running egg_info
[3.755s] writing ../../build/motionpackage/motionpackage.egg-info/PKG-INFO
[3.757s] writing dependency_links to ../../build/motionpackage/motionpackage.egg-info/dependency_links.txt
[3.758s] writing entry points to ../../build/motionpackage/motionpackage.egg-info/entry_points.txt
[3.759s] writing requirements to ../../build/motionpackage/motionpackage.egg-info/requires.txt
[3.759s] writing top-level names to ../../build/motionpackage/motionpackage.egg-info/top_level.txt
[3.858s] reading manifest file '../../build/motionpackage/motionpackage.egg-info/SOURCES.txt'
[3.858s] adding license file 'LICENSE'
[3.864s] writing manifest file '../../build/motionpackage/motionpackage.egg-info/SOURCES.txt'
[3.864s] running build
[3.865s] running build_py
[3.865s] copying motionpackage/opencr_imu.py -> /workspace/towen/build/motionpackage/build/lib/motionpackage
[3.865s] copying motionpackage/test.py -> /workspace/towen/build/motionpackage/build/lib/motionpackage
[3.865s] copying motionpackage/__init__.py -> /workspace/towen/build/motionpackage/build/lib/motionpackage
[3.865s] copying motionpackage/import struct.py -> /workspace/towen/build/motionpackage/build/lib/motionpackage
[3.865s] copying motionpackage/walking.py -> /workspace/towen/build/motionpackage/build/lib/motionpackage
[3.865s] copying motionpackage/motionpackage.py -> /workspace/towen/build/motionpackage/build/lib/motionpackage
[3.866s] running install
[3.875s] running install_lib
[3.923s] copying /workspace/towen/build/motionpackage/build/lib/motionpackage/motionpackage.py -> /workspace/towen/install/motionpackage/lib/python3.10/site-packages/motionpackage
[3.927s] byte-compiling /workspace/towen/install/motionpackage/lib/python3.10/site-packages/motionpackage/motionpackage.py to motionpackage.cpython-310.pyc
[3.946s] running install_data
[3.950s] copying resource/motionpackage -> /workspace/towen/install/motionpackage/share/ament_index/resource_index/packages
[3.950s] copying package.xml -> /workspace/towen/install/motionpackage/share/motionpackage
[3.950s] running install_egg_info
[4.000s] removing '/workspace/towen/install/motionpackage/lib/python3.10/site-packages/motionpackage-0.0.0-py3.10.egg-info' (and everything under it)
[4.002s] Copying ../../build/motionpackage/motionpackage.egg-info to /workspace/towen/install/motionpackage/lib/python3.10/site-packages/motionpackage-0.0.0-py3.10.egg-info
[4.005s] running install_scripts
[4.444s] Installing motionpackage script to /workspace/towen/install/motionpackage/lib/motionpackage
[4.445s] writing list of installed files to '/workspace/towen/build/motionpackage/install.log'
[4.556s] Invoked command in '/workspace/towen/src/motionpackage' returned '0': PYTHONPATH=/workspace/towen/build/motionpackage/prefix_override:/usr/lib/python3/dist-packages/colcon_core/task/python/colcon_distutils_commands:/workspace/towen/install/motionpackage/lib/python3.10/site-packages:${PYTHONPATH} /usr/bin/python3 -W ignore:setup.py install is deprecated setup.py egg_info --egg-base ../../build/motionpackage build --build-base /workspace/towen/build/motionpackage/build install --record /workspace/towen/build/motionpackage/install.log --single-version-externally-managed install_data
