[0.131s] Invoking command in '/workspace/towen/build/vision_opencv': BYOBU_DATE=%Y-%m-%d CMAKE_PREFIX_PATH=/workspace/towen/install/image_geometry:/workspace/towen/install/cv_bridge:/workspace/towen/install/web_video_server:/opt/ros/humble/install:/workspace/towen/install/strategy:/workspace/towen/install/motionpackage:/workspace/towen/install/imageprocess:/opt/ros/humble LD_LIBRARY_PATH=/workspace/towen/install/image_geometry/lib:/workspace/towen/install/cv_bridge/lib:/opt/ros/humble/opt/rviz_ogre_vendor/lib:/opt/ros/humble/lib/aarch64-linux-gnu:/opt/ros/humble/lib:/opt/ros/humble/install/opt/rviz_ogre_vendor/lib:/opt/ros/humble/install/lib:/usr/local/cuda/compat:/usr/local/cuda/lib64 /usr/local/bin/cmake --build /workspace/towen/build/vision_opencv -- -j6 -l6
[0.773s] Invoked command in '/workspace/towen/build/vision_opencv' returned '0': BYOBU_DATE=%Y-%m-%d CMAKE_PREFIX_PATH=/workspace/towen/install/image_geometry:/workspace/towen/install/cv_bridge:/workspace/towen/install/web_video_server:/opt/ros/humble/install:/workspace/towen/install/strategy:/workspace/towen/install/motionpackage:/workspace/towen/install/imageprocess:/opt/ros/humble LD_LIBRARY_PATH=/workspace/towen/install/image_geometry/lib:/workspace/towen/install/cv_bridge/lib:/opt/ros/humble/opt/rviz_ogre_vendor/lib:/opt/ros/humble/lib/aarch64-linux-gnu:/opt/ros/humble/lib:/opt/ros/humble/install/opt/rviz_ogre_vendor/lib:/opt/ros/humble/install/lib:/usr/local/cuda/compat:/usr/local/cuda/lib64 /usr/local/bin/cmake --build /workspace/towen/build/vision_opencv -- -j6 -l6
[1.593s] Invoking command in '/workspace/towen/build/vision_opencv': BYOBU_DATE=%Y-%m-%d CMAKE_PREFIX_PATH=/workspace/towen/install/image_geometry:/workspace/towen/install/cv_bridge:/workspace/towen/install/web_video_server:/opt/ros/humble/install:/workspace/towen/install/strategy:/workspace/towen/install/motionpackage:/workspace/towen/install/imageprocess:/opt/ros/humble LD_LIBRARY_PATH=/workspace/towen/install/image_geometry/lib:/workspace/towen/install/cv_bridge/lib:/opt/ros/humble/opt/rviz_ogre_vendor/lib:/opt/ros/humble/lib/aarch64-linux-gnu:/opt/ros/humble/lib:/opt/ros/humble/install/opt/rviz_ogre_vendor/lib:/opt/ros/humble/install/lib:/usr/local/cuda/compat:/usr/local/cuda/lib64 /usr/local/bin/cmake --install /workspace/towen/build/vision_opencv
[1.911s] -- Install configuration: ""
[1.913s] -- Up-to-date: /workspace/towen/install/vision_opencv/share/ament_index/resource_index/package_run_dependencies/vision_opencv
[1.914s] -- Up-to-date: /workspace/towen/install/vision_opencv/share/ament_index/resource_index/parent_prefix_path/vision_opencv
[1.916s] -- Up-to-date: /workspace/towen/install/vision_opencv/share/vision_opencv/environment/ament_prefix_path.sh
[1.917s] -- Up-to-date: /workspace/towen/install/vision_opencv/share/vision_opencv/environment/ament_prefix_path.dsv
[1.919s] -- Up-to-date: /workspace/towen/install/vision_opencv/share/vision_opencv/environment/path.sh
[1.920s] -- Up-to-date: /workspace/towen/install/vision_opencv/share/vision_opencv/environment/path.dsv
[1.922s] -- Up-to-date: /workspace/towen/install/vision_opencv/share/vision_opencv/local_setup.bash
[1.947s] -- Up-to-date: /workspace/towen/install/vision_opencv/share/vision_opencv/local_setup.sh
[1.954s] -- Up-to-date: /workspace/towen/install/vision_opencv/share/vision_opencv/local_setup.zsh
[1.956s] -- Up-to-date: /workspace/towen/install/vision_opencv/share/vision_opencv/local_setup.dsv
[1.958s] -- Installing: /workspace/towen/install/vision_opencv/share/vision_opencv/package.dsv
[1.960s] -- Up-to-date: /workspace/towen/install/vision_opencv/share/ament_index/resource_index/packages/vision_opencv
[1.961s] -- Up-to-date: /workspace/towen/install/vision_opencv/share/vision_opencv/cmake/vision_opencvConfig.cmake
[1.963s] -- Up-to-date: /workspace/towen/install/vision_opencv/share/vision_opencv/cmake/vision_opencvConfig-version.cmake
[1.964s] -- Up-to-date: /workspace/towen/install/vision_opencv/share/vision_opencv/package.xml
[2.043s] Invoked command in '/workspace/towen/build/vision_opencv' returned '0': BYOBU_DATE=%Y-%m-%d CMAKE_PREFIX_PATH=/workspace/towen/install/image_geometry:/workspace/towen/install/cv_bridge:/workspace/towen/install/web_video_server:/opt/ros/humble/install:/workspace/towen/install/strategy:/workspace/towen/install/motionpackage:/workspace/towen/install/imageprocess:/opt/ros/humble LD_LIBRARY_PATH=/workspace/towen/install/image_geometry/lib:/workspace/towen/install/cv_bridge/lib:/opt/ros/humble/opt/rviz_ogre_vendor/lib:/opt/ros/humble/lib/aarch64-linux-gnu:/opt/ros/humble/lib:/opt/ros/humble/install/opt/rviz_ogre_vendor/lib:/opt/ros/humble/install/lib:/usr/local/cuda/compat:/usr/local/cuda/lib64 /usr/local/bin/cmake --install /workspace/towen/build/vision_opencv
