[0.708s] Invoking command in '/workspace/towen/build/zed_wrapper': AMENT_PREFIX_PATH=/workspace/towen/install/zed_components:${AMENT_PREFIX_PATH} BYOBU_DATE=%Y-%m-%d CMAKE_PREFIX_PATH=/workspace/towen/install/zed_components:/workspace/towen/install/image_geometry:/workspace/towen/install/web_video_server:/workspace/towen/install/cv_bridge:/opt/ros/humble/install:/workspace/towen/install/strategy:/workspace/towen/install/motionpackage:/workspace/towen/install/imageprocess:/opt/ros/humble LD_LIBRARY_PATH=/workspace/towen/install/zed_components/lib:/workspace/towen/install/image_geometry/lib:/workspace/towen/install/cv_bridge/lib:/opt/ros/humble/opt/rviz_ogre_vendor/lib:/opt/ros/humble/lib/aarch64-linux-gnu:/opt/ros/humble/lib:/opt/ros/humble/install/opt/rviz_ogre_vendor/lib:/opt/ros/humble/install/lib:/usr/local/cuda/compat:/usr/local/cuda/lib64 /usr/local/bin/cmake /workspace/towen/src/zed-ros2-wrapper/zed_wrapper -DCMAKE_INSTALL_PREFIX=/workspace/towen/install/zed_wrapper
[1.001s] -- The C compiler identification is GNU 11.4.0
[1.136s] -- The CXX compiler identification is GNU 11.4.0
[1.180s] -- Detecting C compiler ABI info
[1.343s] -- Detecting C compiler ABI info - done
[1.390s] -- Check for working C compiler: /usr/bin/cc - skipped
[1.393s] -- Detecting C compile features
[1.398s] -- Detecting C compile features - done
[1.408s] -- Detecting CXX compiler ABI info
[1.716s] -- Detecting CXX compiler ABI info - done
[1.780s] -- Check for working CXX compiler: /usr/bin/c++ - skipped
[1.780s] -- Detecting CXX compile features
[1.781s] -- Detecting CXX compile features - done
[1.787s] -- Found ament_cmake_auto: 1.3.10 (/opt/ros/humble/install/share/ament_cmake_auto/cmake)
[2.134s] -- Found Python3: /usr/local/bin/python3 (found version "3.10.12") found components: Interpreter
[2.800s] -- Found rosidl_generator_c: 3.1.5 (/opt/ros/humble/install/share/rosidl_generator_c/cmake)
[2.816s] -- Found rosidl_adapter: 3.1.5 (/opt/ros/humble/install/share/rosidl_adapter/cmake)
[2.849s] -- Found rosidl_generator_cpp: 3.1.5 (/opt/ros/humble/install/share/rosidl_generator_cpp/cmake)
[2.890s] -- Using all available rosidl_typesupport_c: rosidl_typesupport_fastrtps_c;rosidl_typesupport_introspection_c
[2.948s] -- Using all available rosidl_typesupport_cpp: rosidl_typesupport_fastrtps_cpp;rosidl_typesupport_introspection_cpp
[3.124s] -- Found rmw_implementation_cmake: 6.1.2 (/opt/ros/humble/install/share/rmw_implementation_cmake/cmake)
[3.136s] -- Found rmw_fastrtps_cpp: 6.2.7 (/opt/ros/humble/install/share/rmw_fastrtps_cpp/cmake)
[3.540s] -- Found OpenSSL: /usr/lib/aarch64-linux-gnu/libcrypto.so (found version "3.0.2")
[3.667s] -- Found FastRTPS: /opt/ros/humble/install/include
[3.833s] -- Using RMW implementation 'rmw_fastrtps_cpp' as default
[3.864s] -- Performing Test CMAKE_HAVE_LIBC_PTHREAD
[4.197s] -- Performing Test CMAKE_HAVE_LIBC_PTHREAD - Success
[4.204s] -- Found Threads: TRUE
[5.119s] -- Found eigen3_cmake_module: 0.1.1 (/opt/ros/humble/install/share/eigen3_cmake_module/cmake)
[5.122s] -- Found Eigen3: TRUE (found version "3.4.0")
[5.122s] -- Ensuring Eigen3 include directory is part of orocos-kdl CMake target
[5.779s] -- Configuring done (4.9s)
[5.806s] -- Generating done (0.0s)
[5.807s] -- Build files have been written to: /workspace/towen/build/zed_wrapper
[5.890s] Invoked command in '/workspace/towen/build/zed_wrapper' returned '0': AMENT_PREFIX_PATH=/workspace/towen/install/zed_components:${AMENT_PREFIX_PATH} BYOBU_DATE=%Y-%m-%d CMAKE_PREFIX_PATH=/workspace/towen/install/zed_components:/workspace/towen/install/image_geometry:/workspace/towen/install/web_video_server:/workspace/towen/install/cv_bridge:/opt/ros/humble/install:/workspace/towen/install/strategy:/workspace/towen/install/motionpackage:/workspace/towen/install/imageprocess:/opt/ros/humble LD_LIBRARY_PATH=/workspace/towen/install/zed_components/lib:/workspace/towen/install/image_geometry/lib:/workspace/towen/install/cv_bridge/lib:/opt/ros/humble/opt/rviz_ogre_vendor/lib:/opt/ros/humble/lib/aarch64-linux-gnu:/opt/ros/humble/lib:/opt/ros/humble/install/opt/rviz_ogre_vendor/lib:/opt/ros/humble/install/lib:/usr/local/cuda/compat:/usr/local/cuda/lib64 /usr/local/bin/cmake /workspace/towen/src/zed-ros2-wrapper/zed_wrapper -DCMAKE_INSTALL_PREFIX=/workspace/towen/install/zed_wrapper
[5.891s] Invoking command in '/workspace/towen/build/zed_wrapper': AMENT_PREFIX_PATH=/workspace/towen/install/zed_components:${AMENT_PREFIX_PATH} BYOBU_DATE=%Y-%m-%d CMAKE_PREFIX_PATH=/workspace/towen/install/zed_components:/workspace/towen/install/image_geometry:/workspace/towen/install/web_video_server:/workspace/towen/install/cv_bridge:/opt/ros/humble/install:/workspace/towen/install/strategy:/workspace/towen/install/motionpackage:/workspace/towen/install/imageprocess:/opt/ros/humble LD_LIBRARY_PATH=/workspace/towen/install/zed_components/lib:/workspace/towen/install/image_geometry/lib:/workspace/towen/install/cv_bridge/lib:/opt/ros/humble/opt/rviz_ogre_vendor/lib:/opt/ros/humble/lib/aarch64-linux-gnu:/opt/ros/humble/lib:/opt/ros/humble/install/opt/rviz_ogre_vendor/lib:/opt/ros/humble/install/lib:/usr/local/cuda/compat:/usr/local/cuda/lib64 /usr/local/bin/cmake --build /workspace/towen/build/zed_wrapper -- -j6 -l6
[6.202s] Invoked command in '/workspace/towen/build/zed_wrapper' returned '0': AMENT_PREFIX_PATH=/workspace/towen/install/zed_components:${AMENT_PREFIX_PATH} BYOBU_DATE=%Y-%m-%d CMAKE_PREFIX_PATH=/workspace/towen/install/zed_components:/workspace/towen/install/image_geometry:/workspace/towen/install/web_video_server:/workspace/towen/install/cv_bridge:/opt/ros/humble/install:/workspace/towen/install/strategy:/workspace/towen/install/motionpackage:/workspace/towen/install/imageprocess:/opt/ros/humble LD_LIBRARY_PATH=/workspace/towen/install/zed_components/lib:/workspace/towen/install/image_geometry/lib:/workspace/towen/install/cv_bridge/lib:/opt/ros/humble/opt/rviz_ogre_vendor/lib:/opt/ros/humble/lib/aarch64-linux-gnu:/opt/ros/humble/lib:/opt/ros/humble/install/opt/rviz_ogre_vendor/lib:/opt/ros/humble/install/lib:/usr/local/cuda/compat:/usr/local/cuda/lib64 /usr/local/bin/cmake --build /workspace/towen/build/zed_wrapper -- -j6 -l6
[6.484s] Invoking command in '/workspace/towen/build/zed_wrapper': AMENT_PREFIX_PATH=/workspace/towen/install/zed_components:${AMENT_PREFIX_PATH} BYOBU_DATE=%Y-%m-%d CMAKE_PREFIX_PATH=/workspace/towen/install/zed_components:/workspace/towen/install/image_geometry:/workspace/towen/install/web_video_server:/workspace/towen/install/cv_bridge:/opt/ros/humble/install:/workspace/towen/install/strategy:/workspace/towen/install/motionpackage:/workspace/towen/install/imageprocess:/opt/ros/humble LD_LIBRARY_PATH=/workspace/towen/install/zed_components/lib:/workspace/towen/install/image_geometry/lib:/workspace/towen/install/cv_bridge/lib:/opt/ros/humble/opt/rviz_ogre_vendor/lib:/opt/ros/humble/lib/aarch64-linux-gnu:/opt/ros/humble/lib:/opt/ros/humble/install/opt/rviz_ogre_vendor/lib:/opt/ros/humble/install/lib:/usr/local/cuda/compat:/usr/local/cuda/lib64 /usr/local/bin/cmake --install /workspace/towen/build/zed_wrapper
[6.682s] -- Install configuration: ""
[6.683s] -- Installing: /workspace/towen/install/zed_wrapper/share/zed_wrapper/config
[6.683s] -- Installing: /workspace/towen/install/zed_wrapper/share/zed_wrapper/config/zedm.yaml
[6.683s] -- Installing: /workspace/towen/install/zed_wrapper/share/zed_wrapper/config/zedxone4k.yaml
[6.685s] -- Installing: /workspace/towen/install/zed_wrapper/share/zed_wrapper/config/common_mono.yaml
[6.685s] -- Installing: /workspace/towen/install/zed_wrapper/share/zed_wrapper/config/zedx.yaml
[6.686s] -- Installing: /workspace/towen/install/zed_wrapper/share/zed_wrapper/config/zedxonegs.yaml
[6.687s] -- Installing: /workspace/towen/install/zed_wrapper/share/zed_wrapper/config/ffmpeg.yaml
[6.688s] -- Installing: /workspace/towen/install/zed_wrapper/share/zed_wrapper/config/virtual.yaml
[6.688s] -- Installing: /workspace/towen/install/zed_wrapper/share/zed_wrapper/config/zedxm.yaml
[6.689s] -- Installing: /workspace/towen/install/zed_wrapper/share/zed_wrapper/config/zed2i.yaml
[6.690s] -- Installing: /workspace/towen/install/zed_wrapper/share/zed_wrapper/config/common_stereo.yaml
[6.690s] -- Installing: /workspace/towen/install/zed_wrapper/share/zed_wrapper/config/zed.yaml
[6.691s] -- Installing: /workspace/towen/install/zed_wrapper/share/zed_wrapper/config/zed2.yaml
[6.691s] -- Installing: /workspace/towen/install/zed_wrapper/share/zed_wrapper/urdf
[6.691s] -- Installing: /workspace/towen/install/zed_wrapper/share/zed_wrapper/urdf/include
[6.692s] -- Installing: /workspace/towen/install/zed_wrapper/share/zed_wrapper/urdf/include/materials.urdf.xacro
[6.692s] -- Installing: /workspace/towen/install/zed_wrapper/share/zed_wrapper/urdf/zed_descr.urdf.xacro
[6.692s] -- Installing: /workspace/towen/install/zed_wrapper/share/zed_wrapper/urdf/zed_macro.urdf.xacro
[6.693s] -- Installing: /workspace/towen/install/zed_wrapper/share/zed_wrapper/launch
[6.693s] -- Installing: /workspace/towen/install/zed_wrapper/share/zed_wrapper/launch/zed_camera.launch.py
[6.694s] -- Installing: /workspace/towen/install/zed_wrapper/share/ament_index/resource_index/package_run_dependencies/zed_wrapper
[6.694s] -- Installing: /workspace/towen/install/zed_wrapper/share/ament_index/resource_index/parent_prefix_path/zed_wrapper
[6.695s] -- Installing: /workspace/towen/install/zed_wrapper/share/zed_wrapper/environment/ament_prefix_path.sh
[6.695s] -- Installing: /workspace/towen/install/zed_wrapper/share/zed_wrapper/environment/ament_prefix_path.dsv
[6.695s] -- Installing: /workspace/towen/install/zed_wrapper/share/zed_wrapper/environment/path.sh
[6.696s] -- Installing: /workspace/towen/install/zed_wrapper/share/zed_wrapper/environment/path.dsv
[6.696s] -- Installing: /workspace/towen/install/zed_wrapper/share/zed_wrapper/local_setup.bash
[6.696s] -- Installing: /workspace/towen/install/zed_wrapper/share/zed_wrapper/local_setup.sh
[6.697s] -- Installing: /workspace/towen/install/zed_wrapper/share/zed_wrapper/local_setup.zsh
[6.697s] -- Installing: /workspace/towen/install/zed_wrapper/share/zed_wrapper/local_setup.dsv
[6.698s] -- Installing: /workspace/towen/install/zed_wrapper/share/zed_wrapper/package.dsv
[6.699s] -- Installing: /workspace/towen/install/zed_wrapper/share/ament_index/resource_index/packages/zed_wrapper
[6.699s] -- Installing: /workspace/towen/install/zed_wrapper/share/zed_wrapper/cmake/zed_wrapperConfig.cmake
[6.699s] -- Installing: /workspace/towen/install/zed_wrapper/share/zed_wrapper/cmake/zed_wrapperConfig-version.cmake
[6.700s] -- Installing: /workspace/towen/install/zed_wrapper/share/zed_wrapper/package.xml
[6.742s] Invoked command in '/workspace/towen/build/zed_wrapper' returned '0': AMENT_PREFIX_PATH=/workspace/towen/install/zed_components:${AMENT_PREFIX_PATH} BYOBU_DATE=%Y-%m-%d CMAKE_PREFIX_PATH=/workspace/towen/install/zed_components:/workspace/towen/install/image_geometry:/workspace/towen/install/web_video_server:/workspace/towen/install/cv_bridge:/opt/ros/humble/install:/workspace/towen/install/strategy:/workspace/towen/install/motionpackage:/workspace/towen/install/imageprocess:/opt/ros/humble LD_LIBRARY_PATH=/workspace/towen/install/zed_components/lib:/workspace/towen/install/image_geometry/lib:/workspace/towen/install/cv_bridge/lib:/opt/ros/humble/opt/rviz_ogre_vendor/lib:/opt/ros/humble/lib/aarch64-linux-gnu:/opt/ros/humble/lib:/opt/ros/humble/install/opt/rviz_ogre_vendor/lib:/opt/ros/humble/install/lib:/usr/local/cuda/compat:/usr/local/cuda/lib64 /usr/local/bin/cmake --install /workspace/towen/build/zed_wrapper
