[2.859s] Invoking command in '/workspace/towen/src/strategy': BYOBU_DATE=%Y-%m-%d PYTHONPATH=/workspace/towen/build/strategy/prefix_override:/usr/lib/python3/dist-packages/colcon_core/task/python/colcon_distutils_commands:/workspace/towen/install/strategy/lib/python3.10/site-packages:${PYTHONPATH} /usr/bin/python3 -W ignore:setup.py install is deprecated setup.py egg_info --egg-base ../../build/strategy build --build-base /workspace/towen/build/strategy/build install --record /workspace/towen/build/strategy/install.log --single-version-externally-managed install_data
[3.604s] running egg_info
[3.637s] writing ../../build/strategy/strategy.egg-info/PKG-INFO
[3.640s] writing dependency_links to ../../build/strategy/strategy.egg-info/dependency_links.txt
[3.640s] writing entry points to ../../build/strategy/strategy.egg-info/entry_points.txt
[3.641s] writing requirements to ../../build/strategy/strategy.egg-info/requires.txt
[3.641s] writing top-level names to ../../build/strategy/strategy.egg-info/top_level.txt
[3.719s] reading manifest file '../../build/strategy/strategy.egg-info/SOURCES.txt'
[3.719s] adding license file 'LICENSE'
[3.722s] writing manifest file '../../build/strategy/strategy.egg-info/SOURCES.txt'
[3.723s] running build
[3.724s] running build_py
[3.724s] copying strategy/__init__.py -> /workspace/towen/build/strategy/build/lib/strategy
[3.724s] copying strategy/API.py -> /workspace/towen/build/strategy/build/lib/strategy
[3.725s] copying strategy/mar/__init__.py -> /workspace/towen/build/strategy/build/lib/strategy/mar
[3.725s] copying strategy/mar/mar.py -> /workspace/towen/build/strategy/build/lib/strategy/mar
[3.726s] copying strategy/wl/wl.py -> /workspace/towen/build/strategy/build/lib/strategy/wl
[3.726s] copying strategy/wl/__init__.py -> /workspace/towen/build/strategy/build/lib/strategy/wl
[3.727s] copying strategy/sp/sp.py -> /workspace/towen/build/strategy/build/lib/strategy/sp
[3.728s] copying strategy/sp/__init__.py -> /workspace/towen/build/strategy/build/lib/strategy/sp
[3.729s] copying strategy/obs/__init__.py -> /workspace/towen/build/strategy/build/lib/strategy/obs
[3.729s] copying strategy/obs/obs.py -> /workspace/towen/build/strategy/build/lib/strategy/obs
[3.729s] copying strategy/sr/__init__.py -> /workspace/towen/build/strategy/build/lib/strategy/sr
[3.730s] copying strategy/sr/sr.py -> /workspace/towen/build/strategy/build/lib/strategy/sr
[3.731s] copying strategy/bb/__init__.py -> /workspace/towen/build/strategy/build/lib/strategy/bb
[3.731s] copying strategy/bb/bb.py -> /workspace/towen/build/strategy/build/lib/strategy/bb
[3.732s] copying strategy/ar/__init__.py -> /workspace/towen/build/strategy/build/lib/strategy/ar
[3.732s] copying strategy/ar/ar.py -> /workspace/towen/build/strategy/build/lib/strategy/ar
[3.735s] running install
[3.745s] running install_lib
[3.790s] running install_data
[3.794s] copying resource/strategy -> /workspace/towen/install/strategy/share/ament_index/resource_index/packages
[3.795s] copying package.xml -> /workspace/towen/install/strategy/share/strategy
[3.797s] running install_egg_info
[3.829s] removing '/workspace/towen/install/strategy/lib/python3.10/site-packages/strategy-0.0.0-py3.10.egg-info' (and everything under it)
[3.830s] Copying ../../build/strategy/strategy.egg-info to /workspace/towen/install/strategy/lib/python3.10/site-packages/strategy-0.0.0-py3.10.egg-info
[3.833s] running install_scripts
[4.139s] Installing ar script to /workspace/towen/install/strategy/lib/strategy
[4.139s] Installing bb script to /workspace/towen/install/strategy/lib/strategy
[4.139s] Installing mar script to /workspace/towen/install/strategy/lib/strategy
[4.140s] Installing obs script to /workspace/towen/install/strategy/lib/strategy
[4.140s] Installing sp script to /workspace/towen/install/strategy/lib/strategy
[4.140s] Installing sr script to /workspace/towen/install/strategy/lib/strategy
[4.140s] Installing wl script to /workspace/towen/install/strategy/lib/strategy
[4.142s] writing list of installed files to '/workspace/towen/build/strategy/install.log'
