[2.948s] Invoking command in '/home/iclab/Desktop/humanoid/src/wula': BYOBU_DATE=%Y-%m-%d PYTHONPATH=/home/iclab/Desktop/humanoid/build/wula/prefix_override:/usr/lib/python3/dist-packages/colcon_core/task/python/colcon_distutils_commands:/home/iclab/Desktop/humanoid/install/wula/lib/python3.10/site-packages:${PYTHONPATH} /usr/bin/python3 -W ignore:setup.py install is deprecated -W ignore:easy_install command is deprecated setup.py egg_info --egg-base ../../build/wula build --build-base /home/iclab/Desktop/humanoid/build/wula/build install --record /home/iclab/Desktop/humanoid/build/wula/install.log --single-version-externally-managed install_data
[3.521s] running egg_info
[3.522s] writing ../../build/wula/wula.egg-info/PKG-INFO
[3.523s] writing dependency_links to ../../build/wula/wula.egg-info/dependency_links.txt
[3.523s] writing entry points to ../../build/wula/wula.egg-info/entry_points.txt
[3.523s] writing requirements to ../../build/wula/wula.egg-info/requires.txt
[3.524s] writing top-level names to ../../build/wula/wula.egg-info/top_level.txt
[3.529s] reading manifest file '../../build/wula/wula.egg-info/SOURCES.txt'
[3.531s] writing manifest file '../../build/wula/wula.egg-info/SOURCES.txt'
[3.531s] running build
[3.531s] running build_py
[3.532s] copying wula/sp/API.py -> /home/iclab/Desktop/humanoid/build/wula/build/lib/wula/sp
[3.535s] running install
[3.536s] running install_lib
[3.538s] copying /home/iclab/Desktop/humanoid/build/wula/build/lib/wula/sp/API.py -> /home/iclab/Desktop/humanoid/install/wula/lib/python3.10/site-packages/wula/sp
[3.541s] byte-compiling /home/iclab/Desktop/humanoid/install/wula/lib/python3.10/site-packages/wula/sp/API.py to API.cpython-310.pyc
[3.544s] running install_data
[3.544s] running install_egg_info
[3.548s] removing '/home/iclab/Desktop/humanoid/install/wula/lib/python3.10/site-packages/wula-0.1.0-py3.10.egg-info' (and everything under it)
[3.549s] Copying ../../build/wula/wula.egg-info to /home/iclab/Desktop/humanoid/install/wula/lib/python3.10/site-packages/wula-0.1.0-py3.10.egg-info
[3.551s] running install_scripts
[3.600s] Installing sp_boson script to /home/iclab/Desktop/humanoid/install/wula/lib/wula
[3.603s] writing list of installed files to '/home/iclab/Desktop/humanoid/build/wula/install.log'
[3.702s] Invoked command in '/home/iclab/Desktop/humanoid/src/wula' returned '0': BYOBU_DATE=%Y-%m-%d PYTHONPATH=/home/iclab/Desktop/humanoid/build/wula/prefix_override:/usr/lib/python3/dist-packages/colcon_core/task/python/colcon_distutils_commands:/home/iclab/Desktop/humanoid/install/wula/lib/python3.10/site-packages:${PYTHONPATH} /usr/bin/python3 -W ignore:setup.py install is deprecated -W ignore:easy_install command is deprecated setup.py egg_info --egg-base ../../build/wula build --build-base /home/iclab/Desktop/humanoid/build/wula/build install --record /home/iclab/Desktop/humanoid/build/wula/install.log --single-version-externally-managed install_data
