-- The C compiler identification is GNU 11.4.0
-- Detecting C compiler ABI info
-- Detecting C compiler ABI info - done
-- Check for working C compiler: /usr/bin/cc - skipped
-- Detecting C compile features
-- Detecting C compile features - done
-- Found ament_cmake_python: 1.3.10 (/opt/ros/humble/install/share/ament_cmake_python/cmake)
-- Found ament_cmake_ros: 0.10.0 (/opt/ros/humble/install/share/ament_cmake_ros/cmake)
-- Found Python3: /usr/local/bin/python3 (found version "3.10.12") found components: Interpreter
-- Found ament_lint_auto: 0.12.11 (/opt/ros/humble/install/share/ament_lint_auto/cmake)
-- Added test 'copyright' to check source files copyright and LICENSE
-- Added test 'cppcheck' to perform static code analysis on C / C++ code
-- Configured cppcheck include dirs: $<BUILD_INTERFACE:/workspace/towen/src/rosidl/rosidl_typesupport_introspection_c/include>
-- Configured cppcheck exclude dirs and/or files: 
-- Added test 'cpplint' to check C / C++ code against the Google style
-- Configured cpplint exclude dirs and/or files: 
-- Added test 'flake8' to check Python code syntax and style conventions
-- Added test 'lint_cmake' to check CMake code style
-- Added test 'pep257' to check Python code against some of the docstring style conventions in PEP 257
-- Added test 'uncrustify' to check C / C++ code style
-- Configured uncrustify additional arguments: 
-- Added test 'xmllint' to check XML markup files
-- Configuring done (1.5s)
-- Generating done (0.0s)
-- Build files have been written to: /workspace/towen/build/rosidl_typesupport_introspection_c
[ 50%] [32mBuilding C object CMakeFiles/rosidl_typesupport_introspection_c.dir/src/identifier.c.o[0m
[ 50%] Built target ament_cmake_python_copy_rosidl_typesupport_introspection_c_setup
[ 50%] Built target ament_cmake_python_copy_rosidl_typesupport_introspection_c
[100%] [32m[1mLinking C shared library librosidl_typesupport_introspection_c.so[0m
[100%] Built target rosidl_typesupport_introspection_c
running egg_info
creating rosidl_typesupport_introspection_c.egg-info
writing rosidl_typesupport_introspection_c.egg-info/PKG-INFO
writing dependency_links to rosidl_typesupport_introspection_c.egg-info/dependency_links.txt
writing entry points to rosidl_typesupport_introspection_c.egg-info/entry_points.txt
writing top-level names to rosidl_typesupport_introspection_c.egg-info/top_level.txt
writing manifest file 'rosidl_typesupport_introspection_c.egg-info/SOURCES.txt'
reading manifest file 'rosidl_typesupport_introspection_c.egg-info/SOURCES.txt'
writing manifest file 'rosidl_typesupport_introspection_c.egg-info/SOURCES.txt'
[100%] Built target ament_cmake_python_build_rosidl_typesupport_introspection_c_egg
-- Install configuration: ""
-- Installing: /workspace/towen/install/rosidl_typesupport_introspection_c/share/rosidl_typesupport_introspection_c/environment/pythonpath.sh
-- Installing: /workspace/towen/install/rosidl_typesupport_introspection_c/share/rosidl_typesupport_introspection_c/environment/pythonpath.dsv
-- Installing: /workspace/towen/install/rosidl_typesupport_introspection_c/local/lib/python3.10/dist-packages/rosidl_typesupport_introspection_c-3.1.7-py3.10.egg-info
-- Installing: /workspace/towen/install/rosidl_typesupport_introspection_c/local/lib/python3.10/dist-packages/rosidl_typesupport_introspection_c-3.1.7-py3.10.egg-info/PKG-INFO
-- Installing: /workspace/towen/install/rosidl_typesupport_introspection_c/local/lib/python3.10/dist-packages/rosidl_typesupport_introspection_c-3.1.7-py3.10.egg-info/entry_points.txt
-- Installing: /workspace/towen/install/rosidl_typesupport_introspection_c/local/lib/python3.10/dist-packages/rosidl_typesupport_introspection_c-3.1.7-py3.10.egg-info/top_level.txt
-- Installing: /workspace/towen/install/rosidl_typesupport_introspection_c/local/lib/python3.10/dist-packages/rosidl_typesupport_introspection_c-3.1.7-py3.10.egg-info/SOURCES.txt
-- Installing: /workspace/towen/install/rosidl_typesupport_introspection_c/local/lib/python3.10/dist-packages/rosidl_typesupport_introspection_c-3.1.7-py3.10.egg-info/dependency_links.txt
-- Installing: /workspace/towen/install/rosidl_typesupport_introspection_c/local/lib/python3.10/dist-packages/rosidl_typesupport_introspection_c
-- Installing: /workspace/towen/install/rosidl_typesupport_introspection_c/local/lib/python3.10/dist-packages/rosidl_typesupport_introspection_c/__init__.py
-- Installing: /workspace/towen/install/rosidl_typesupport_introspection_c/local/lib/python3.10/dist-packages/rosidl_typesupport_introspection_c/cli.py
Listing '/workspace/towen/install/rosidl_typesupport_introspection_c/local/lib/python3.10/dist-packages/rosidl_typesupport_introspection_c'...
Compiling '/workspace/towen/install/rosidl_typesupport_introspection_c/local/lib/python3.10/dist-packages/rosidl_typesupport_introspection_c/__init__.py'...
Compiling '/workspace/towen/install/rosidl_typesupport_introspection_c/local/lib/python3.10/dist-packages/rosidl_typesupport_introspection_c/cli.py'...
-- Installing: /workspace/towen/install/rosidl_typesupport_introspection_c/share/rosidl_typesupport_introspection_c/environment/library_path.sh
-- Installing: /workspace/towen/install/rosidl_typesupport_introspection_c/share/rosidl_typesupport_introspection_c/environment/library_path.dsv
-- Installing: /workspace/towen/install/rosidl_typesupport_introspection_c/share/ament_index/resource_index/rosidl_typesupport_c/rosidl_typesupport_introspection_c
-- Installing: /workspace/towen/install/rosidl_typesupport_introspection_c/share/ament_index/resource_index/rosidl_runtime_packages/rosidl_typesupport_introspection_c
-- Installing: /workspace/towen/install/rosidl_typesupport_introspection_c/share/ament_index/resource_index/package_run_dependencies/rosidl_typesupport_introspection_c
-- Installing: /workspace/towen/install/rosidl_typesupport_introspection_c/share/ament_index/resource_index/parent_prefix_path/rosidl_typesupport_introspection_c
-- Installing: /workspace/towen/install/rosidl_typesupport_introspection_c/share/rosidl_typesupport_introspection_c/environment/ament_prefix_path.sh
-- Installing: /workspace/towen/install/rosidl_typesupport_introspection_c/share/rosidl_typesupport_introspection_c/environment/ament_prefix_path.dsv
-- Installing: /workspace/towen/install/rosidl_typesupport_introspection_c/share/rosidl_typesupport_introspection_c/environment/path.sh
-- Installing: /workspace/towen/install/rosidl_typesupport_introspection_c/share/rosidl_typesupport_introspection_c/environment/path.dsv
-- Installing: /workspace/towen/install/rosidl_typesupport_introspection_c/share/rosidl_typesupport_introspection_c/local_setup.bash
-- Installing: /workspace/towen/install/rosidl_typesupport_introspection_c/share/rosidl_typesupport_introspection_c/local_setup.sh
-- Installing: /workspace/towen/install/rosidl_typesupport_introspection_c/share/rosidl_typesupport_introspection_c/local_setup.zsh
-- Installing: /workspace/towen/install/rosidl_typesupport_introspection_c/share/rosidl_typesupport_introspection_c/local_setup.dsv
-- Installing: /workspace/towen/install/rosidl_typesupport_introspection_c/share/rosidl_typesupport_introspection_c/package.dsv
-- Installing: /workspace/towen/install/rosidl_typesupport_introspection_c/share/ament_index/resource_index/packages/rosidl_typesupport_introspection_c
-- Installing: /workspace/towen/install/rosidl_typesupport_introspection_c/share/rosidl_typesupport_introspection_c/cmake/rosidl_typesupport_introspection_cExport.cmake
-- Installing: /workspace/towen/install/rosidl_typesupport_introspection_c/share/rosidl_typesupport_introspection_c/cmake/rosidl_typesupport_introspection_cExport-noconfig.cmake
-- Installing: /workspace/towen/install/rosidl_typesupport_introspection_c/share/rosidl_typesupport_introspection_c/cmake/rosidl_typesupport_introspection_c-extras.cmake
-- Installing: /workspace/towen/install/rosidl_typesupport_introspection_c/share/rosidl_typesupport_introspection_c/cmake/ament_cmake_export_dependencies-extras.cmake
-- Installing: /workspace/towen/install/rosidl_typesupport_introspection_c/share/rosidl_typesupport_introspection_c/cmake/ament_cmake_export_include_directories-extras.cmake
-- Installing: /workspace/towen/install/rosidl_typesupport_introspection_c/share/rosidl_typesupport_introspection_c/cmake/ament_cmake_export_libraries-extras.cmake
-- Installing: /workspace/towen/install/rosidl_typesupport_introspection_c/share/rosidl_typesupport_introspection_c/cmake/ament_cmake_export_targets-extras.cmake
-- Installing: /workspace/towen/install/rosidl_typesupport_introspection_c/share/rosidl_typesupport_introspection_c/cmake/rosidl_typesupport_introspection_cConfig.cmake
-- Installing: /workspace/towen/install/rosidl_typesupport_introspection_c/share/rosidl_typesupport_introspection_c/cmake/rosidl_typesupport_introspection_cConfig-version.cmake
-- Installing: /workspace/towen/install/rosidl_typesupport_introspection_c/share/rosidl_typesupport_introspection_c/package.xml
-- Installing: /workspace/towen/install/rosidl_typesupport_introspection_c/lib/rosidl_typesupport_introspection_c/rosidl_typesupport_introspection_c
-- Up-to-date: /workspace/towen/install/rosidl_typesupport_introspection_c/share/rosidl_typesupport_introspection_c/cmake
-- Installing: /workspace/towen/install/rosidl_typesupport_introspection_c/share/rosidl_typesupport_introspection_c/cmake/rosidl_typesupport_introspection_c_generate_interfaces.cmake
-- Installing: /workspace/towen/install/rosidl_typesupport_introspection_c/share/rosidl_typesupport_introspection_c/resource
-- Installing: /workspace/towen/install/rosidl_typesupport_introspection_c/share/rosidl_typesupport_introspection_c/resource/srv__type_support.c.em
-- Installing: /workspace/towen/install/rosidl_typesupport_introspection_c/share/rosidl_typesupport_introspection_c/resource/srv__rosidl_typesupport_introspection_c.h.em
-- Installing: /workspace/towen/install/rosidl_typesupport_introspection_c/share/rosidl_typesupport_introspection_c/resource/idl__type_support.c.em
-- Installing: /workspace/towen/install/rosidl_typesupport_introspection_c/share/rosidl_typesupport_introspection_c/resource/msg__type_support.c.em
-- Installing: /workspace/towen/install/rosidl_typesupport_introspection_c/share/rosidl_typesupport_introspection_c/resource/idl__rosidl_typesupport_introspection_c.h.em
-- Installing: /workspace/towen/install/rosidl_typesupport_introspection_c/share/rosidl_typesupport_introspection_c/resource/rosidl_typesupport_introspection_c__visibility_control.h.in
-- Installing: /workspace/towen/install/rosidl_typesupport_introspection_c/share/rosidl_typesupport_introspection_c/resource/msg__rosidl_typesupport_introspection_c.h.em
-- Installing: /workspace/towen/install/rosidl_typesupport_introspection_c/include/rosidl_typesupport_introspection_c
-- Installing: /workspace/towen/install/rosidl_typesupport_introspection_c/include/rosidl_typesupport_introspection_c/rosidl_typesupport_introspection_c
-- Installing: /workspace/towen/install/rosidl_typesupport_introspection_c/include/rosidl_typesupport_introspection_c/rosidl_typesupport_introspection_c/message_introspection.h
-- Installing: /workspace/towen/install/rosidl_typesupport_introspection_c/include/rosidl_typesupport_introspection_c/rosidl_typesupport_introspection_c/service_introspection.h
-- Installing: /workspace/towen/install/rosidl_typesupport_introspection_c/include/rosidl_typesupport_introspection_c/rosidl_typesupport_introspection_c/identifier.h
-- Installing: /workspace/towen/install/rosidl_typesupport_introspection_c/include/rosidl_typesupport_introspection_c/rosidl_typesupport_introspection_c/visibility_control.h
-- Installing: /workspace/towen/install/rosidl_typesupport_introspection_c/include/rosidl_typesupport_introspection_c/rosidl_typesupport_introspection_c/field_types.h
-- Installing: /workspace/towen/install/rosidl_typesupport_introspection_c/lib/librosidl_typesupport_introspection_c.so
