[3.390s] Invoking command in '/workspace/towen/src/motionpackage': BYOBU_DATE=%Y-%m-%d PYTHONPATH=/workspace/towen/build/motionpackage/prefix_override:/usr/lib/python3/dist-packages/colcon_core/task/python/colcon_distutils_commands:/workspace/towen/install/motionpackage/lib/python3.10/site-packages:${PYTHONPATH} /usr/bin/python3 -W ignore:setup.py install is deprecated setup.py egg_info --egg-base ../../build/motionpackage build --build-base /workspace/towen/build/motionpackage/build install --record /workspace/towen/build/motionpackage/install.log --single-version-externally-managed install_data
[3.950s] /home/work/.local/lib/python3.10/site-packages/setuptools/_distutils/dist.py:289: UserWarning: Unknown distribution option: 'tests_require'
[3.951s]   warnings.warn(msg)
[4.350s] running egg_info
[4.411s] writing ../../build/motionpackage/motionpackage.egg-info/PKG-INFO
[4.412s] writing dependency_links to ../../build/motionpackage/motionpackage.egg-info/dependency_links.txt
[4.412s] writing entry points to ../../build/motionpackage/motionpackage.egg-info/entry_points.txt
[4.412s] writing requirements to ../../build/motionpackage/motionpackage.egg-info/requires.txt
[4.412s] writing top-level names to ../../build/motionpackage/motionpackage.egg-info/top_level.txt
[4.522s] reading manifest file '../../build/motionpackage/motionpackage.egg-info/SOURCES.txt'
[4.524s] adding license file 'LICENSE'
[4.526s] writing manifest file '../../build/motionpackage/motionpackage.egg-info/SOURCES.txt'
[4.527s] running build
[4.527s] running build_py
[4.527s] copying motionpackage/opencr_imu.py -> /workspace/towen/build/motionpackage/build/lib/motionpackage
[4.528s] copying motionpackage/test.py -> /workspace/towen/build/motionpackage/build/lib/motionpackage
[4.529s] copying motionpackage/__init__.py -> /workspace/towen/build/motionpackage/build/lib/motionpackage
[4.529s] copying motionpackage/import struct.py -> /workspace/towen/build/motionpackage/build/lib/motionpackage
[4.529s] copying motionpackage/walking.py -> /workspace/towen/build/motionpackage/build/lib/motionpackage
[4.530s] copying motionpackage/motionpackage.py -> /workspace/towen/build/motionpackage/build/lib/motionpackage
[4.531s] running install
[4.543s] running install_lib
[4.596s] running install_data
[4.597s] copying resource/motionpackage -> /workspace/towen/install/motionpackage/share/ament_index/resource_index/packages
[4.597s] copying package.xml -> /workspace/towen/install/motionpackage/share/motionpackage
[4.598s] running install_egg_info
[4.653s] removing '/workspace/towen/install/motionpackage/lib/python3.10/site-packages/motionpackage-0.0.0-py3.10.egg-info' (and everything under it)
[4.657s] Copying ../../build/motionpackage/motionpackage.egg-info to /workspace/towen/install/motionpackage/lib/python3.10/site-packages/motionpackage-0.0.0-py3.10.egg-info
[4.657s] running install_scripts
[4.768s] Installing motionpackage script to /workspace/towen/install/motionpackage/lib/motionpackage
[4.770s] writing list of installed files to '/workspace/towen/build/motionpackage/install.log'
[5.085s] Invoked command in '/workspace/towen/src/motionpackage' returned '0': BYOBU_DATE=%Y-%m-%d PYTHONPATH=/workspace/towen/build/motionpackage/prefix_override:/usr/lib/python3/dist-packages/colcon_core/task/python/colcon_distutils_commands:/workspace/towen/install/motionpackage/lib/python3.10/site-packages:${PYTHONPATH} /usr/bin/python3 -W ignore:setup.py install is deprecated setup.py egg_info --egg-base ../../build/motionpackage build --build-base /workspace/towen/build/motionpackage/build install --record /workspace/towen/build/motionpackage/install.log --single-version-externally-managed install_data
