[4.788s] Invoking command in '/home/iclab/Desktop/humanoid/src/imageprocess': BYOBU_DATE=%Y-%m-%d PYTHONPATH=/home/iclab/Desktop/humanoid/build/imageprocess/prefix_override:/usr/lib/python3/dist-packages/colcon_core/task/python/colcon_distutils_commands:/home/iclab/Desktop/humanoid/install/imageprocess/lib/python3.10/site-packages:${PYTHONPATH} /usr/bin/python3 -W ignore:setup.py install is deprecated -W ignore:easy_install command is deprecated setup.py egg_info --egg-base ../../build/imageprocess build --build-base /home/iclab/Desktop/humanoid/build/imageprocess/build install --record /home/iclab/Desktop/humanoid/build/imageprocess/install.log --single-version-externally-managed install_data
[6.250s] running egg_info
[6.259s] writing ../../build/imageprocess/imageprocess.egg-info/PKG-INFO
[6.260s] writing dependency_links to ../../build/imageprocess/imageprocess.egg-info/dependency_links.txt
[6.261s] writing entry points to ../../build/imageprocess/imageprocess.egg-info/entry_points.txt
[6.261s] writing requirements to ../../build/imageprocess/imageprocess.egg-info/requires.txt
[6.261s] writing top-level names to ../../build/imageprocess/imageprocess.egg-info/top_level.txt
[6.290s] reading manifest file '../../build/imageprocess/imageprocess.egg-info/SOURCES.txt'
[6.311s] adding license file 'LICENSE'
[6.327s] writing manifest file '../../build/imageprocess/imageprocess.egg-info/SOURCES.txt'
[6.328s] running build
[6.328s] running build_py
[6.335s] running install
[6.348s] running install_lib
[6.358s] running install_data
[6.358s] running install_egg_info
[6.377s] removing '/home/iclab/Desktop/humanoid/install/imageprocess/lib/python3.10/site-packages/imageprocess-0.0.0-py3.10.egg-info' (and everything under it)
[6.383s] Copying ../../build/imageprocess/imageprocess.egg-info to /home/iclab/Desktop/humanoid/install/imageprocess/lib/python3.10/site-packages/imageprocess-0.0.0-py3.10.egg-info
[6.394s] running install_scripts
[6.581s] Installing image script to /home/iclab/Desktop/humanoid/install/imageprocess/lib/imageprocess
[6.582s] Installing image_test script to /home/iclab/Desktop/humanoid/install/imageprocess/lib/imageprocess
[6.582s] Installing imageprocess script to /home/iclab/Desktop/humanoid/install/imageprocess/lib/imageprocess
[6.583s] writing list of installed files to '/home/iclab/Desktop/humanoid/build/imageprocess/install.log'
[6.824s] Invoked command in '/home/iclab/Desktop/humanoid/src/imageprocess' returned '0': BYOBU_DATE=%Y-%m-%d PYTHONPATH=/home/iclab/Desktop/humanoid/build/imageprocess/prefix_override:/usr/lib/python3/dist-packages/colcon_core/task/python/colcon_distutils_commands:/home/iclab/Desktop/humanoid/install/imageprocess/lib/python3.10/site-packages:${PYTHONPATH} /usr/bin/python3 -W ignore:setup.py install is deprecated -W ignore:easy_install command is deprecated setup.py egg_info --egg-base ../../build/imageprocess build --build-base /home/iclab/Desktop/humanoid/build/imageprocess/build install --record /home/iclab/Desktop/humanoid/build/imageprocess/install.log --single-version-externally-managed install_data
