[4.671s] Invoking command in '/workspace/towen/src/imageprocess': PYTHONPATH=/workspace/towen/build/imageprocess/prefix_override:/usr/lib/python3/dist-packages/colcon_core/task/python/colcon_distutils_commands:/workspace/towen/install/imageprocess/lib/python3.10/site-packages:${PYTHONPATH} /usr/bin/python3 -W ignore:setup.py install is deprecated setup.py egg_info --egg-base ../../build/imageprocess build --build-base /workspace/towen/build/imageprocess/build install --record /workspace/towen/build/imageprocess/install.log --single-version-externally-managed install_data
[6.066s] running egg_info
[6.124s] writing ../../build/imageprocess/imageprocess.egg-info/PKG-INFO
[6.128s] writing dependency_links to ../../build/imageprocess/imageprocess.egg-info/dependency_links.txt
[6.128s] writing entry points to ../../build/imageprocess/imageprocess.egg-info/entry_points.txt
[6.128s] writing requirements to ../../build/imageprocess/imageprocess.egg-info/requires.txt
[6.128s] writing top-level names to ../../build/imageprocess/imageprocess.egg-info/top_level.txt
[6.240s] reading manifest file '../../build/imageprocess/imageprocess.egg-info/SOURCES.txt'
[6.241s] adding license file 'LICENSE'
[6.243s] writing manifest file '../../build/imageprocess/imageprocess.egg-info/SOURCES.txt'
[6.244s] running build
[6.244s] running build_py
[6.256s] copying imageprocess/modelparameter.py -> /workspace/towen/build/imageprocess/build/lib/imageprocess
[6.256s] copying imageprocess/image_0417.py -> /workspace/towen/build/imageprocess/build/lib/imageprocess
[6.257s] copying imageprocess/dataunit.py -> /workspace/towen/build/imageprocess/build/lib/imageprocess
[6.258s] copying imageprocess/123123.py -> /workspace/towen/build/imageprocess/build/lib/imageprocess
[6.258s] copying imageprocess/image_test.py -> /workspace/towen/build/imageprocess/build/lib/imageprocess
[6.259s] copying imageprocess/image.py -> /workspace/towen/build/imageprocess/build/lib/imageprocess
[6.260s] copying imageprocess/__init__.py -> /workspace/towen/build/imageprocess/build/lib/imageprocess
[6.260s] copying imageprocess/imageprocess.py -> /workspace/towen/build/imageprocess/build/lib/imageprocess
[6.261s] copying imageprocess/camera_segment_headless.py -> /workspace/towen/build/imageprocess/build/lib/imageprocess
[6.262s] running install
[6.279s] running install_lib
[6.330s] copying /workspace/towen/build/imageprocess/build/lib/imageprocess/image.py -> /workspace/towen/install/imageprocess/lib/python3.10/site-packages/imageprocess
[6.335s] byte-compiling /workspace/towen/install/imageprocess/lib/python3.10/site-packages/imageprocess/image.py to image.cpython-310.pyc
[6.345s] running install_data
[6.356s] copying resource/imageprocess -> /workspace/towen/install/imageprocess/share/ament_index/resource_index/packages
[6.356s] copying package.xml -> /workspace/towen/install/imageprocess/share/imageprocess
[6.357s] running install_egg_info
[6.486s] removing '/workspace/towen/install/imageprocess/lib/python3.10/site-packages/imageprocess-0.0.0-py3.10.egg-info' (and everything under it)
[6.490s] Copying ../../build/imageprocess/imageprocess.egg-info to /workspace/towen/install/imageprocess/lib/python3.10/site-packages/imageprocess-0.0.0-py3.10.egg-info
[6.495s] running install_scripts
[7.350s] Installing image script to /workspace/towen/install/imageprocess/lib/imageprocess
[7.363s] Installing image_test script to /workspace/towen/install/imageprocess/lib/imageprocess
[7.364s] Installing imageprocess script to /workspace/towen/install/imageprocess/lib/imageprocess
[7.366s] writing list of installed files to '/workspace/towen/build/imageprocess/install.log'
[7.608s] Invoked command in '/workspace/towen/src/imageprocess' returned '0': PYTHONPATH=/workspace/towen/build/imageprocess/prefix_override:/usr/lib/python3/dist-packages/colcon_core/task/python/colcon_distutils_commands:/workspace/towen/install/imageprocess/lib/python3.10/site-packages:${PYTHONPATH} /usr/bin/python3 -W ignore:setup.py install is deprecated setup.py egg_info --egg-base ../../build/imageprocess build --build-base /workspace/towen/build/imageprocess/build install --record /workspace/towen/build/imageprocess/install.log --single-version-externally-managed install_data
