[3.511s] Invoking command in '/home/iclab/Desktop/humanoid/src/wula': BYOBU_DATE=%Y-%m-%d PYTHONPATH=/home/iclab/Desktop/humanoid/build/wula/prefix_override:/usr/lib/python3/dist-packages/colcon_core/task/python/colcon_distutils_commands:/home/iclab/Desktop/humanoid/install/wula/lib/python3.10/site-packages:${PYTHONPATH} /usr/bin/python3 -W ignore:setup.py install is deprecated -W ignore:easy_install command is deprecated setup.py egg_info --egg-base ../../build/wula build --build-base /home/iclab/Desktop/humanoid/build/wula/build install --record /home/iclab/Desktop/humanoid/build/wula/install.log --single-version-externally-managed install_data
[4.275s] running egg_info
[4.276s] writing ../../build/wula/wula.egg-info/PKG-INFO
[4.277s] writing dependency_links to ../../build/wula/wula.egg-info/dependency_links.txt
[4.277s] writing entry points to ../../build/wula/wula.egg-info/entry_points.txt
[4.278s] writing requirements to ../../build/wula/wula.egg-info/requires.txt
[4.278s] writing top-level names to ../../build/wula/wula.egg-info/top_level.txt
[4.284s] reading manifest file '../../build/wula/wula.egg-info/SOURCES.txt'
[4.287s] writing manifest file '../../build/wula/wula.egg-info/SOURCES.txt'
[4.289s] running build
[4.290s] running build_py
[4.290s] copying wula/sp/SP_boson.py -> /home/iclab/Desktop/humanoid/build/wula/build/lib/wula/sp
[4.292s] running install
[4.293s] running install_lib
[4.296s] copying /home/iclab/Desktop/humanoid/build/wula/build/lib/wula/sp/SP_boson.py -> /home/iclab/Desktop/humanoid/install/wula/lib/python3.10/site-packages/wula/sp
[4.297s] byte-compiling /home/iclab/Desktop/humanoid/install/wula/lib/python3.10/site-packages/wula/sp/SP_boson.py to SP_boson.cpython-310.pyc
[4.299s] running install_data
[4.300s] running install_egg_info
[4.304s] removing '/home/iclab/Desktop/humanoid/install/wula/lib/python3.10/site-packages/wula-0.1.0-py3.10.egg-info' (and everything under it)
[4.308s] Copying ../../build/wula/wula.egg-info to /home/iclab/Desktop/humanoid/install/wula/lib/python3.10/site-packages/wula-0.1.0-py3.10.egg-info
[4.308s] running install_scripts
[4.356s] Installing sp_boson script to /home/iclab/Desktop/humanoid/install/wula/lib/wula
[4.361s] writing list of installed files to '/home/iclab/Desktop/humanoid/build/wula/install.log'
[4.506s] Invoked command in '/home/iclab/Desktop/humanoid/src/wula' returned '0': BYOBU_DATE=%Y-%m-%d PYTHONPATH=/home/iclab/Desktop/humanoid/build/wula/prefix_override:/usr/lib/python3/dist-packages/colcon_core/task/python/colcon_distutils_commands:/home/iclab/Desktop/humanoid/install/wula/lib/python3.10/site-packages:${PYTHONPATH} /usr/bin/python3 -W ignore:setup.py install is deprecated -W ignore:easy_install command is deprecated setup.py egg_info --egg-base ../../build/wula build --build-base /home/iclab/Desktop/humanoid/build/wula/build install --record /home/iclab/Desktop/humanoid/build/wula/install.log --single-version-externally-managed install_data
