[6.207s] Invoking command in '/workspace/towen/src/strategy': BYOBU_DATE=%Y-%m-%d PYTHONPATH=/workspace/towen/build/strategy/prefix_override:/usr/lib/python3/dist-packages/colcon_core/task/python/colcon_distutils_commands:/workspace/towen/install/strategy/lib/python3.10/site-packages:${PYTHONPATH} /usr/bin/python3 -W ignore:setup.py install is deprecated setup.py egg_info --egg-base ../../build/strategy build --build-base /workspace/towen/build/strategy/build install --record /workspace/towen/build/strategy/install.log --single-version-externally-managed install_data
[7.193s] /home/work/.local/lib/python3.10/site-packages/setuptools/_distutils/dist.py:289: UserWarning: Unknown distribution option: 'tests_require'
[7.193s]   warnings.warn(msg)
[7.762s] running egg_info
[7.820s] writing ../../build/strategy/strategy.egg-info/PKG-INFO
[7.822s] writing dependency_links to ../../build/strategy/strategy.egg-info/dependency_links.txt
[7.823s] writing entry points to ../../build/strategy/strategy.egg-info/entry_points.txt
[7.826s] writing requirements to ../../build/strategy/strategy.egg-info/requires.txt
[7.828s] writing top-level names to ../../build/strategy/strategy.egg-info/top_level.txt
[7.998s] reading manifest file '../../build/strategy/strategy.egg-info/SOURCES.txt'
[7.998s] adding license file 'LICENSE'
[8.004s] writing manifest file '../../build/strategy/strategy.egg-info/SOURCES.txt'
[8.004s] running build
[8.005s] running build_py
[8.006s] copying strategy/__init__.py -> /workspace/towen/build/strategy/build/lib/strategy
[8.006s] copying strategy/API.py -> /workspace/towen/build/strategy/build/lib/strategy
[8.006s] copying strategy/mar/__init__.py -> /workspace/towen/build/strategy/build/lib/strategy/mar
[8.007s] copying strategy/mar/mar.py -> /workspace/towen/build/strategy/build/lib/strategy/mar
[8.008s] copying strategy/wl/wl.py -> /workspace/towen/build/strategy/build/lib/strategy/wl
[8.008s] copying strategy/wl/__init__.py -> /workspace/towen/build/strategy/build/lib/strategy/wl
[8.009s] copying strategy/sp/sp.py -> /workspace/towen/build/strategy/build/lib/strategy/sp
[8.009s] copying strategy/sp/__init__.py -> /workspace/towen/build/strategy/build/lib/strategy/sp
[8.010s] copying strategy/obs/__init__.py -> /workspace/towen/build/strategy/build/lib/strategy/obs
[8.010s] copying strategy/obs/obs.py -> /workspace/towen/build/strategy/build/lib/strategy/obs
[8.011s] copying strategy/sr/__init__.py -> /workspace/towen/build/strategy/build/lib/strategy/sr
[8.012s] copying strategy/sr/sr.py -> /workspace/towen/build/strategy/build/lib/strategy/sr
[8.013s] copying strategy/bb/__init__.py -> /workspace/towen/build/strategy/build/lib/strategy/bb
[8.013s] copying strategy/bb/bb.py -> /workspace/towen/build/strategy/build/lib/strategy/bb
[8.014s] copying strategy/ar/__init__.py -> /workspace/towen/build/strategy/build/lib/strategy/ar
[8.014s] copying strategy/ar/ar.py -> /workspace/towen/build/strategy/build/lib/strategy/ar
[8.017s] running install
[8.042s] running install_lib
[8.114s] running install_data
[8.115s] copying resource/strategy -> /workspace/towen/install/strategy/share/ament_index/resource_index/packages
[8.115s] copying package.xml -> /workspace/towen/install/strategy/share/strategy
[8.116s] running install_egg_info
[8.224s] removing '/workspace/towen/install/strategy/lib/python3.10/site-packages/strategy-0.0.0-py3.10.egg-info' (and everything under it)
[8.225s] Copying ../../build/strategy/strategy.egg-info to /workspace/towen/install/strategy/lib/python3.10/site-packages/strategy-0.0.0-py3.10.egg-info
[8.227s] running install_scripts
[8.393s] Installing ar script to /workspace/towen/install/strategy/lib/strategy
[8.394s] Installing bb script to /workspace/towen/install/strategy/lib/strategy
[8.397s] Installing mar script to /workspace/towen/install/strategy/lib/strategy
[8.399s] Installing obs script to /workspace/towen/install/strategy/lib/strategy
[8.402s] Installing sp script to /workspace/towen/install/strategy/lib/strategy
[8.404s] Installing sr script to /workspace/towen/install/strategy/lib/strategy
[8.407s] Installing wl script to /workspace/towen/install/strategy/lib/strategy
[8.411s] writing list of installed files to '/workspace/towen/build/strategy/install.log'
[8.506s] Invoked command in '/workspace/towen/src/strategy' returned '0': BYOBU_DATE=%Y-%m-%d PYTHONPATH=/workspace/towen/build/strategy/prefix_override:/usr/lib/python3/dist-packages/colcon_core/task/python/colcon_distutils_commands:/workspace/towen/install/strategy/lib/python3.10/site-packages:${PYTHONPATH} /usr/bin/python3 -W ignore:setup.py install is deprecated setup.py egg_info --egg-base ../../build/strategy build --build-base /workspace/towen/build/strategy/build install --record /workspace/towen/build/strategy/install.log --single-version-externally-managed install_data
