[0.773s] Invoking command in '/workspace/towen/build/cv_bridge': BYOBU_DATE=%Y-%m-%d CMAKE_PREFIX_PATH=${CMAKE_PREFIX_PATH}:/workspace/towen/install/strategy:/workspace/towen/install/rosidl_cli:/workspace/towen/install/opencv_tests:/workspace/towen/install/motionpackage:/workspace/towen/install/imageprocess:/workspace/towen/src/motionpackage/install/motionpackage:/opt/ros/humble /usr/local/bin/cmake --build /workspace/towen/build/cv_bridge -- -j6 -l6
[1.133s] [  0%] Built target ament_cmake_python_symlink_cv_bridge
[1.172s] [ 12%] Built target gtest
[1.197s] [ 31%] Built target cv_bridge
[1.213s] [ 43%] Built target gtest_main
[1.353s] [ 62%] Built target cv_bridge_boost
[1.380s] [100%] Built target cv_bridge-utest
[2.036s] running egg_info
[2.082s] writing cv_bridge.egg-info/PKG-INFO
[2.083s] writing dependency_links to cv_bridge.egg-info/dependency_links.txt
[2.084s] writing top-level names to cv_bridge.egg-info/top_level.txt
[2.231s] reading manifest file 'cv_bridge.egg-info/SOURCES.txt'
[2.233s] writing manifest file 'cv_bridge.egg-info/SOURCES.txt'
[2.328s] [100%] Built target ament_cmake_python_build_cv_bridge_egg
[2.448s] Invoked command in '/workspace/towen/build/cv_bridge' returned '0': BYOBU_DATE=%Y-%m-%d CMAKE_PREFIX_PATH=${CMAKE_PREFIX_PATH}:/workspace/towen/install/strategy:/workspace/towen/install/rosidl_cli:/workspace/towen/install/opencv_tests:/workspace/towen/install/motionpackage:/workspace/towen/install/imageprocess:/workspace/towen/src/motionpackage/install/motionpackage:/opt/ros/humble /usr/local/bin/cmake --build /workspace/towen/build/cv_bridge -- -j6 -l6
[2.865s] Invoking command in '/workspace/towen/build/cv_bridge': BYOBU_DATE=%Y-%m-%d CMAKE_PREFIX_PATH=${CMAKE_PREFIX_PATH}:/workspace/towen/install/strategy:/workspace/towen/install/rosidl_cli:/workspace/towen/install/opencv_tests:/workspace/towen/install/motionpackage:/workspace/towen/install/imageprocess:/workspace/towen/src/motionpackage/install/motionpackage:/opt/ros/humble /usr/local/bin/cmake --install /workspace/towen/build/cv_bridge
[3.103s] -- Install configuration: "Release"
[3.104s] -- Execute custom install script
[3.105s] -- Up-to-date symlink: /workspace/towen/install/cv_bridge/share/cv_bridge/environment/pythonpath.sh
[3.105s] -- Up-to-date symlink: /workspace/towen/install/cv_bridge/share/cv_bridge/environment/pythonpath.dsv
[3.106s] -- Up-to-date symlink: /workspace/towen/install/cv_bridge/local/lib/python3.10/dist-packages/cv_bridge-3.2.1-py3.10.egg-info/PKG-INFO
[3.106s] -- Up-to-date symlink: /workspace/towen/install/cv_bridge/local/lib/python3.10/dist-packages/cv_bridge-3.2.1-py3.10.egg-info/SOURCES.txt
[3.106s] -- Up-to-date symlink: /workspace/towen/install/cv_bridge/local/lib/python3.10/dist-packages/cv_bridge-3.2.1-py3.10.egg-info/dependency_links.txt
[3.107s] -- Up-to-date symlink: /workspace/towen/install/cv_bridge/local/lib/python3.10/dist-packages/cv_bridge-3.2.1-py3.10.egg-info/top_level.txt
[3.108s] -- Up-to-date symlink: /workspace/towen/install/cv_bridge/local/lib/python3.10/dist-packages/cv_bridge/__init__.py
[3.108s] -- Up-to-date symlink: /workspace/towen/install/cv_bridge/local/lib/python3.10/dist-packages/cv_bridge/core.py
[3.108s] -- Up-to-date symlink: /workspace/towen/install/cv_bridge/include/cv_bridge/cv_bridge/cv_bridge_export.h
[3.109s] -- Up-to-date symlink: /workspace/towen/install/cv_bridge/local/lib/python3.10/dist-packages/cv_bridge/boost//cv_bridge_boost.so
[3.110s] -- Up-to-date symlink: /workspace/towen/install/cv_bridge/include/cv_bridge/cv_bridge/cv_bridge.h
[3.110s] -- Up-to-date symlink: /workspace/towen/install/cv_bridge/include/cv_bridge/cv_bridge/rgb_colors.h
[3.110s] -- Up-to-date symlink: /workspace/towen/install/cv_bridge/lib/libcv_bridge.so
[3.110s] -- Up-to-date symlink: /workspace/towen/install/cv_bridge/share/ament_index/resource_index/package_run_dependencies/cv_bridge
[3.111s] -- Up-to-date symlink: /workspace/towen/install/cv_bridge/share/ament_index/resource_index/parent_prefix_path/cv_bridge
[3.111s] -- Up-to-date symlink: /workspace/towen/install/cv_bridge/share/cv_bridge/environment/ament_prefix_path.sh
[3.111s] -- Up-to-date symlink: /workspace/towen/install/cv_bridge/share/cv_bridge/environment/ament_prefix_path.dsv
[3.112s] -- Up-to-date symlink: /workspace/towen/install/cv_bridge/share/cv_bridge/environment/path.sh
[3.112s] -- Up-to-date symlink: /workspace/towen/install/cv_bridge/share/cv_bridge/environment/path.dsv
[3.113s] -- Up-to-date symlink: /workspace/towen/install/cv_bridge/share/cv_bridge/local_setup.bash
[3.113s] -- Up-to-date symlink: /workspace/towen/install/cv_bridge/share/cv_bridge/local_setup.sh
[3.113s] -- Up-to-date symlink: /workspace/towen/install/cv_bridge/share/cv_bridge/local_setup.zsh
[3.114s] -- Up-to-date symlink: /workspace/towen/install/cv_bridge/share/cv_bridge/local_setup.dsv
[3.114s] -- Symlinking: /workspace/towen/install/cv_bridge/share/cv_bridge/package.dsv
[3.124s] -- Up-to-date symlink: /workspace/towen/install/cv_bridge/share/ament_index/resource_index/packages/cv_bridge
[3.124s] -- Up-to-date symlink: /workspace/towen/install/cv_bridge/share/cv_bridge/cmake/cv_bridge-extras.cmake
[3.125s] -- Up-to-date symlink: /workspace/towen/install/cv_bridge/share/cv_bridge/cmake/ament_cmake_export_dependencies-extras.cmake
[3.125s] -- Up-to-date symlink: /workspace/towen/install/cv_bridge/share/cv_bridge/cmake/ament_cmake_export_targets-extras.cmake
[3.125s] -- Up-to-date symlink: /workspace/towen/install/cv_bridge/share/cv_bridge/cmake/cv_bridgeConfig.cmake
[3.126s] -- Up-to-date symlink: /workspace/towen/install/cv_bridge/share/cv_bridge/cmake/cv_bridgeConfig-version.cmake
[3.126s] -- Up-to-date symlink: /workspace/towen/install/cv_bridge/share/cv_bridge/package.xml
[3.261s] Listing '/workspace/towen/install/cv_bridge/local/lib/python3.10/dist-packages/cv_bridge'...
[3.262s] Listing '/workspace/towen/install/cv_bridge/local/lib/python3.10/dist-packages/cv_bridge/boost'...
[3.280s] -- Up-to-date: /workspace/towen/install/cv_bridge/share/cv_bridge/cmake/export_cv_bridgeExport.cmake
[3.281s] -- Up-to-date: /workspace/towen/install/cv_bridge/share/cv_bridge/cmake/export_cv_bridgeExport-release.cmake
[3.324s] Invoked command in '/workspace/towen/build/cv_bridge' returned '0': BYOBU_DATE=%Y-%m-%d CMAKE_PREFIX_PATH=${CMAKE_PREFIX_PATH}:/workspace/towen/install/strategy:/workspace/towen/install/rosidl_cli:/workspace/towen/install/opencv_tests:/workspace/towen/install/motionpackage:/workspace/towen/install/imageprocess:/workspace/towen/src/motionpackage/install/motionpackage:/opt/ros/humble /usr/local/bin/cmake --install /workspace/towen/build/cv_bridge
