[0.083s] Invoking command in '/workspace/towen/build/zed_ros2': AMENT_PREFIX_PATH=/workspace/towen/install/zed_wrapper:/workspace/towen/install/zed_components:${AMENT_PREFIX_PATH} BYOBU_DATE=%Y-%m-%d CMAKE_PREFIX_PATH=/workspace/towen/install/zed_wrapper:/workspace/towen/install/zed_components:/opt/ros/humble LD_LIBRARY_PATH=/workspace/towen/install/zed_components/lib:/opt/ros/humble/opt/rviz_ogre_vendor/lib:/opt/ros/humble/lib/aarch64-linux-gnu:/opt/ros/humble/lib:/usr/local/cuda/compat:/usr/local/cuda/lib64 /usr/local/bin/cmake --build /workspace/towen/build/zed_ros2 -- -j6 -l6
[0.703s] Invoked command in '/workspace/towen/build/zed_ros2' returned '0': AMENT_PREFIX_PATH=/workspace/towen/install/zed_wrapper:/workspace/towen/install/zed_components:${AMENT_PREFIX_PATH} BYOBU_DATE=%Y-%m-%d CMAKE_PREFIX_PATH=/workspace/towen/install/zed_wrapper:/workspace/towen/install/zed_components:/opt/ros/humble LD_LIBRARY_PATH=/workspace/towen/install/zed_components/lib:/opt/ros/humble/opt/rviz_ogre_vendor/lib:/opt/ros/humble/lib/aarch64-linux-gnu:/opt/ros/humble/lib:/usr/local/cuda/compat:/usr/local/cuda/lib64 /usr/local/bin/cmake --build /workspace/towen/build/zed_ros2 -- -j6 -l6
[1.329s] Invoking command in '/workspace/towen/build/zed_ros2': AMENT_PREFIX_PATH=/workspace/towen/install/zed_wrapper:/workspace/towen/install/zed_components:${AMENT_PREFIX_PATH} BYOBU_DATE=%Y-%m-%d CMAKE_PREFIX_PATH=/workspace/towen/install/zed_wrapper:/workspace/towen/install/zed_components:/opt/ros/humble LD_LIBRARY_PATH=/workspace/towen/install/zed_components/lib:/opt/ros/humble/opt/rviz_ogre_vendor/lib:/opt/ros/humble/lib/aarch64-linux-gnu:/opt/ros/humble/lib:/usr/local/cuda/compat:/usr/local/cuda/lib64 /usr/local/bin/cmake --install /workspace/towen/build/zed_ros2
[1.705s] -- Install configuration: ""
[1.707s] -- Up-to-date: /workspace/towen/install/zed_ros2/share/ament_index/resource_index/package_run_dependencies/zed_ros2
[1.712s] -- Up-to-date: /workspace/towen/install/zed_ros2/share/ament_index/resource_index/parent_prefix_path/zed_ros2
[1.713s] -- Up-to-date: /workspace/towen/install/zed_ros2/share/zed_ros2/environment/ament_prefix_path.sh
[1.713s] -- Up-to-date: /workspace/towen/install/zed_ros2/share/zed_ros2/environment/ament_prefix_path.dsv
[1.713s] -- Up-to-date: /workspace/towen/install/zed_ros2/share/zed_ros2/environment/path.sh
[1.713s] -- Up-to-date: /workspace/towen/install/zed_ros2/share/zed_ros2/environment/path.dsv
[1.713s] -- Up-to-date: /workspace/towen/install/zed_ros2/share/zed_ros2/local_setup.bash
[1.713s] -- Up-to-date: /workspace/towen/install/zed_ros2/share/zed_ros2/local_setup.sh
[1.714s] -- Up-to-date: /workspace/towen/install/zed_ros2/share/zed_ros2/local_setup.zsh
[1.714s] -- Up-to-date: /workspace/towen/install/zed_ros2/share/zed_ros2/local_setup.dsv
[1.714s] -- Installing: /workspace/towen/install/zed_ros2/share/zed_ros2/package.dsv
[1.714s] -- Up-to-date: /workspace/towen/install/zed_ros2/share/ament_index/resource_index/packages/zed_ros2
[1.714s] -- Up-to-date: /workspace/towen/install/zed_ros2/share/zed_ros2/cmake/zed_ros2Config.cmake
[1.714s] -- Up-to-date: /workspace/towen/install/zed_ros2/share/zed_ros2/cmake/zed_ros2Config-version.cmake
[1.714s] -- Up-to-date: /workspace/towen/install/zed_ros2/share/zed_ros2/package.xml
[1.750s] Invoked command in '/workspace/towen/build/zed_ros2' returned '0': AMENT_PREFIX_PATH=/workspace/towen/install/zed_wrapper:/workspace/towen/install/zed_components:${AMENT_PREFIX_PATH} BYOBU_DATE=%Y-%m-%d CMAKE_PREFIX_PATH=/workspace/towen/install/zed_wrapper:/workspace/towen/install/zed_components:/opt/ros/humble LD_LIBRARY_PATH=/workspace/towen/install/zed_components/lib:/opt/ros/humble/opt/rviz_ogre_vendor/lib:/opt/ros/humble/lib/aarch64-linux-gnu:/opt/ros/humble/lib:/usr/local/cuda/compat:/usr/local/cuda/lib64 /usr/local/bin/cmake --install /workspace/towen/build/zed_ros2
