[5.567s] Invoking command in '/workspace/towen/src/strategy': BYOBU_DATE=%Y-%m-%d PYTHONPATH=/workspace/towen/build/strategy/prefix_override:/usr/lib/python3/dist-packages/colcon_core/task/python/colcon_distutils_commands:/workspace/towen/install/strategy/lib/python3.10/site-packages:${PYTHONPATH} /usr/bin/python3 -W ignore:setup.py install is deprecated setup.py egg_info --egg-base ../../build/strategy build --build-base /workspace/towen/build/strategy/build install --record /workspace/towen/build/strategy/install.log --single-version-externally-managed install_data
[6.847s] running egg_info
[6.936s] writing ../../build/strategy/strategy.egg-info/PKG-INFO
[6.939s] writing dependency_links to ../../build/strategy/strategy.egg-info/dependency_links.txt
[6.941s] writing entry points to ../../build/strategy/strategy.egg-info/entry_points.txt
[6.942s] writing requirements to ../../build/strategy/strategy.egg-info/requires.txt
[6.942s] writing top-level names to ../../build/strategy/strategy.egg-info/top_level.txt
[7.129s] reading manifest file '../../build/strategy/strategy.egg-info/SOURCES.txt'
[7.131s] adding license file 'LICENSE'
[7.136s] writing manifest file '../../build/strategy/strategy.egg-info/SOURCES.txt'
[7.137s] running build
[7.137s] running build_py
[7.137s] copying strategy/__init__.py -> /workspace/towen/build/strategy/build/lib/strategy
[7.138s] copying strategy/API.py -> /workspace/towen/build/strategy/build/lib/strategy
[7.141s] copying strategy/mar/__init__.py -> /workspace/towen/build/strategy/build/lib/strategy/mar
[7.141s] copying strategy/mar/mar.py -> /workspace/towen/build/strategy/build/lib/strategy/mar
[7.142s] copying strategy/wl/wl.py -> /workspace/towen/build/strategy/build/lib/strategy/wl
[7.145s] copying strategy/wl/__init__.py -> /workspace/towen/build/strategy/build/lib/strategy/wl
[7.151s] copying strategy/sp/sp.py -> /workspace/towen/build/strategy/build/lib/strategy/sp
[7.154s] copying strategy/sp/__init__.py -> /workspace/towen/build/strategy/build/lib/strategy/sp
[7.156s] copying strategy/obs/__init__.py -> /workspace/towen/build/strategy/build/lib/strategy/obs
[7.157s] copying strategy/obs/obs.py -> /workspace/towen/build/strategy/build/lib/strategy/obs
[7.158s] copying strategy/sr/__init__.py -> /workspace/towen/build/strategy/build/lib/strategy/sr
[7.159s] copying strategy/sr/sr.py -> /workspace/towen/build/strategy/build/lib/strategy/sr
[7.160s] copying strategy/bb/__init__.py -> /workspace/towen/build/strategy/build/lib/strategy/bb
[7.162s] copying strategy/bb/bb.py -> /workspace/towen/build/strategy/build/lib/strategy/bb
[7.163s] copying strategy/ar/__init__.py -> /workspace/towen/build/strategy/build/lib/strategy/ar
[7.168s] copying strategy/ar/ar.py -> /workspace/towen/build/strategy/build/lib/strategy/ar
[7.183s] running install
[7.202s] running install_lib
[7.331s] running install_data
[7.331s] copying resource/strategy -> /workspace/towen/install/strategy/share/ament_index/resource_index/packages
[7.334s] copying package.xml -> /workspace/towen/install/strategy/share/strategy
[7.334s] running install_egg_info
[7.454s] removing '/workspace/towen/install/strategy/lib/python3.10/site-packages/strategy-0.0.0-py3.10.egg-info' (and everything under it)
[7.465s] Copying ../../build/strategy/strategy.egg-info to /workspace/towen/install/strategy/lib/python3.10/site-packages/strategy-0.0.0-py3.10.egg-info
[7.468s] running install_scripts
[8.302s] Installing ar script to /workspace/towen/install/strategy/lib/strategy
[8.302s] Installing bb script to /workspace/towen/install/strategy/lib/strategy
[8.303s] Installing mar script to /workspace/towen/install/strategy/lib/strategy
[8.303s] Installing obs script to /workspace/towen/install/strategy/lib/strategy
[8.304s] Installing sp script to /workspace/towen/install/strategy/lib/strategy
[8.305s] Installing sr script to /workspace/towen/install/strategy/lib/strategy
[8.305s] Installing wl script to /workspace/towen/install/strategy/lib/strategy
[8.308s] writing list of installed files to '/workspace/towen/build/strategy/install.log'
[8.566s] Invoked command in '/workspace/towen/src/strategy' returned '0': BYOBU_DATE=%Y-%m-%d PYTHONPATH=/workspace/towen/build/strategy/prefix_override:/usr/lib/python3/dist-packages/colcon_core/task/python/colcon_distutils_commands:/workspace/towen/install/strategy/lib/python3.10/site-packages:${PYTHONPATH} /usr/bin/python3 -W ignore:setup.py install is deprecated setup.py egg_info --egg-base ../../build/strategy build --build-base /workspace/towen/build/strategy/build install --record /workspace/towen/build/strategy/install.log --single-version-externally-managed install_data
