[8.486s] Invoking command in '/workspace/towen/src/strategy': BYOBU_DATE=%Y-%m-%d PYTHONPATH=/workspace/towen/build/strategy/prefix_override:/usr/lib/python3/dist-packages/colcon_core/task/python/colcon_distutils_commands:/workspace/towen/install/strategy/lib/python3.10/site-packages:${PYTHONPATH} /usr/bin/python3 -W ignore:setup.py install is deprecated setup.py egg_info --egg-base ../../build/strategy build --build-base /workspace/towen/build/strategy/build install --record /workspace/towen/build/strategy/install.log --single-version-externally-managed install_data
[9.726s] /home/work/.local/lib/python3.10/site-packages/setuptools/_distutils/dist.py:289: UserWarning: Unknown distribution option: 'tests_require'
[9.727s]   warnings.warn(msg)
[10.208s] running egg_info
[10.331s] writing ../../build/strategy/strategy.egg-info/PKG-INFO
[10.336s] writing dependency_links to ../../build/strategy/strategy.egg-info/dependency_links.txt
[10.339s] writing entry points to ../../build/strategy/strategy.egg-info/entry_points.txt
[10.340s] writing requirements to ../../build/strategy/strategy.egg-info/requires.txt
[10.341s] writing top-level names to ../../build/strategy/strategy.egg-info/top_level.txt
[10.775s] reading manifest file '../../build/strategy/strategy.egg-info/SOURCES.txt'
[10.784s] adding license file 'LICENSE'
[10.789s] writing manifest file '../../build/strategy/strategy.egg-info/SOURCES.txt'
[10.790s] running build
[10.791s] running build_py
[10.793s] copying strategy/__init__.py -> /workspace/towen/build/strategy/build/lib/strategy
[10.794s] copying strategy/API.py -> /workspace/towen/build/strategy/build/lib/strategy
[10.795s] copying strategy/mar/__init__.py -> /workspace/towen/build/strategy/build/lib/strategy/mar
[10.796s] copying strategy/mar/mar.py -> /workspace/towen/build/strategy/build/lib/strategy/mar
[10.797s] copying strategy/wl/wl.py -> /workspace/towen/build/strategy/build/lib/strategy/wl
[10.801s] copying strategy/wl/__init__.py -> /workspace/towen/build/strategy/build/lib/strategy/wl
[10.805s] copying strategy/sp/sp.py -> /workspace/towen/build/strategy/build/lib/strategy/sp
[10.808s] copying strategy/sp/__init__.py -> /workspace/towen/build/strategy/build/lib/strategy/sp
[10.812s] copying strategy/obs/__init__.py -> /workspace/towen/build/strategy/build/lib/strategy/obs
[10.815s] copying strategy/obs/obs.py -> /workspace/towen/build/strategy/build/lib/strategy/obs
[10.819s] copying strategy/sr/__init__.py -> /workspace/towen/build/strategy/build/lib/strategy/sr
[10.822s] copying strategy/sr/sr.py -> /workspace/towen/build/strategy/build/lib/strategy/sr
[10.825s] copying strategy/bb/__init__.py -> /workspace/towen/build/strategy/build/lib/strategy/bb
[10.827s] copying strategy/bb/bb.py -> /workspace/towen/build/strategy/build/lib/strategy/bb
[10.828s] copying strategy/ar/__init__.py -> /workspace/towen/build/strategy/build/lib/strategy/ar
[10.828s] copying strategy/ar/ar.py -> /workspace/towen/build/strategy/build/lib/strategy/ar
[10.850s] running install
[10.893s] running install_lib
[11.108s] running install_data
[11.120s] copying resource/strategy -> /workspace/towen/install/strategy/share/ament_index/resource_index/packages
[11.122s] copying package.xml -> /workspace/towen/install/strategy/share/strategy
[11.127s] running install_egg_info
[11.333s] removing '/workspace/towen/install/strategy/lib/python3.10/site-packages/strategy-0.0.0-py3.10.egg-info' (and everything under it)
[11.341s] Copying ../../build/strategy/strategy.egg-info to /workspace/towen/install/strategy/lib/python3.10/site-packages/strategy-0.0.0-py3.10.egg-info
[11.379s] running install_scripts
[11.601s] Installing ar script to /workspace/towen/install/strategy/lib/strategy
[11.605s] Installing bb script to /workspace/towen/install/strategy/lib/strategy
[11.607s] Installing mar script to /workspace/towen/install/strategy/lib/strategy
[11.608s] Installing obs script to /workspace/towen/install/strategy/lib/strategy
[11.608s] Installing sp script to /workspace/towen/install/strategy/lib/strategy
[11.608s] Installing sr script to /workspace/towen/install/strategy/lib/strategy
[11.608s] Installing wl script to /workspace/towen/install/strategy/lib/strategy
[11.608s] writing list of installed files to '/workspace/towen/build/strategy/install.log'
[11.705s] Invoked command in '/workspace/towen/src/strategy' returned '0': BYOBU_DATE=%Y-%m-%d PYTHONPATH=/workspace/towen/build/strategy/prefix_override:/usr/lib/python3/dist-packages/colcon_core/task/python/colcon_distutils_commands:/workspace/towen/install/strategy/lib/python3.10/site-packages:${PYTHONPATH} /usr/bin/python3 -W ignore:setup.py install is deprecated setup.py egg_info --egg-base ../../build/strategy build --build-base /workspace/towen/build/strategy/build install --record /workspace/towen/build/strategy/install.log --single-version-externally-managed install_data
