[0.652s] Invoking command in '/workspace/towen/build/image_geometry': BYOBU_DATE=%Y-%m-%d CMAKE_PREFIX_PATH=${CMAKE_PREFIX_PATH}:/workspace/towen/install/strategy:/workspace/towen/install/rosidl_cli:/workspace/towen/install/opencv_tests:/workspace/towen/install/motionpackage:/workspace/towen/install/imageprocess:/opt/ros/humble /usr/local/bin/cmake /workspace/towen/src/vision_opencv/image_geometry -DCMAKE_INSTALL_PREFIX=/workspace/towen/install/image_geometry
[0.897s] -- Found ament_cmake_python: 1.3.10 (/opt/ros/humble/install/share/ament_cmake_python/cmake)
[0.900s] -- Found ament_cmake_ros: 0.10.0 (/opt/ros/humble/install/share/ament_cmake_ros/cmake)
[1.590s] -- Override CMake install command with custom implementation using symlinks instead of copying resources
[1.850s] -- Found sensor_msgs: 4.2.4 (/opt/ros/humble/install/share/sensor_msgs/cmake)
[1.974s] -- Found rosidl_generator_c: 3.1.5 (/opt/ros/humble/install/share/rosidl_generator_c/cmake)
[1.997s] -- Found rosidl_adapter: 3.1.5 (/opt/ros/humble/install/share/rosidl_adapter/cmake)
[2.023s] -- Found rosidl_generator_cpp: 3.1.5 (/opt/ros/humble/install/share/rosidl_generator_cpp/cmake)
[2.099s] -- Using all available rosidl_typesupport_c: rosidl_typesupport_introspection_c;rosidl_typesupport_fastrtps_c
[2.146s] -- Using all available rosidl_typesupport_cpp: rosidl_typesupport_introspection_cpp;rosidl_typesupport_fastrtps_cpp
[2.343s] -- Found gtest sources under '/opt/ros/humble/install/src/gtest_vendor': C++ tests using 'Google Test' will be built
[2.574s] -- Configuring done (1.7s)
[2.726s] -- Generating done (0.1s)
[2.749s] -- Build files have been written to: /workspace/towen/build/image_geometry
[2.873s] Invoked command in '/workspace/towen/build/image_geometry' returned '0': BYOBU_DATE=%Y-%m-%d CMAKE_PREFIX_PATH=${CMAKE_PREFIX_PATH}:/workspace/towen/install/strategy:/workspace/towen/install/rosidl_cli:/workspace/towen/install/opencv_tests:/workspace/towen/install/motionpackage:/workspace/towen/install/imageprocess:/opt/ros/humble /usr/local/bin/cmake /workspace/towen/src/vision_opencv/image_geometry -DCMAKE_INSTALL_PREFIX=/workspace/towen/install/image_geometry
[2.877s] Invoking command in '/workspace/towen/build/image_geometry': BYOBU_DATE=%Y-%m-%d CMAKE_PREFIX_PATH=${CMAKE_PREFIX_PATH}:/workspace/towen/install/strategy:/workspace/towen/install/rosidl_cli:/workspace/towen/install/opencv_tests:/workspace/towen/install/motionpackage:/workspace/towen/install/imageprocess:/opt/ros/humble /usr/local/bin/cmake --build /workspace/towen/build/image_geometry -- -j6 -l6
[3.209s] failed to create symbolic link '/workspace/towen/build/image_geometry/ament_cmake_python/image_geometry/image_geometry' because existing path cannot be removed: Is a directory
[3.211s] gmake[2]: *** [CMakeFiles/ament_cmake_python_symlink_image_geometry.dir/build.make:70: CMakeFiles/ament_cmake_python_symlink_image_geometry] Error 1
[3.212s] gmake[1]: *** [CMakeFiles/Makefile2:160: CMakeFiles/ament_cmake_python_symlink_image_geometry.dir/all] Error 2
[3.213s] gmake[1]: *** Waiting for unfinished jobs....
[3.251s] [ 22%] Built target gtest_main
[3.253s] [ 44%] Built target gtest
[3.263s] [ 77%] Built target image_geometry
[3.276s] gmake: *** [Makefile:146: all] Error 2
[3.331s] Invoked command in '/workspace/towen/build/image_geometry' returned '2': BYOBU_DATE=%Y-%m-%d CMAKE_PREFIX_PATH=${CMAKE_PREFIX_PATH}:/workspace/towen/install/strategy:/workspace/towen/install/rosidl_cli:/workspace/towen/install/opencv_tests:/workspace/towen/install/motionpackage:/workspace/towen/install/imageprocess:/opt/ros/humble /usr/local/bin/cmake --build /workspace/towen/build/image_geometry -- -j6 -l6
