[0.704s] Invoking command in '/workspace/towen/build/cv_bridge': BYOBU_DATE=%Y-%m-%d CMAKE_PREFIX_PATH=${CMAKE_PREFIX_PATH}:/workspace/towen/install/strategy:/workspace/towen/install/motionpackage:/workspace/towen/install/imageprocess:/opt/ros/humble /usr/local/bin/cmake --build /workspace/towen/build/cv_bridge -- -j6 -l6
[1.108s] [ 18%] Built target cv_bridge
[1.121s] [ 18%] Built target ament_cmake_python_copy_cv_bridge
[1.134s] [ 31%] Built target gtest_main
[1.148s] [ 43%] Built target gtest
[1.268s] [ 81%] Built target cv_bridge-utest
[1.281s] [100%] Built target cv_bridge_boost
[2.425s] running egg_info
[2.512s] writing cv_bridge.egg-info/PKG-INFO
[2.523s] writing dependency_links to cv_bridge.egg-info/dependency_links.txt
[2.524s] writing top-level names to cv_bridge.egg-info/top_level.txt
[2.808s] reading manifest file 'cv_bridge.egg-info/SOURCES.txt'
[2.812s] writing manifest file 'cv_bridge.egg-info/SOURCES.txt'
[2.939s] [100%] Built target ament_cmake_python_build_cv_bridge_egg
[3.054s] Invoked command in '/workspace/towen/build/cv_bridge' returned '0': BYOBU_DATE=%Y-%m-%d CMAKE_PREFIX_PATH=${CMAKE_PREFIX_PATH}:/workspace/towen/install/strategy:/workspace/towen/install/motionpackage:/workspace/towen/install/imageprocess:/opt/ros/humble /usr/local/bin/cmake --build /workspace/towen/build/cv_bridge -- -j6 -l6
[3.673s] Invoking command in '/workspace/towen/build/cv_bridge': BYOBU_DATE=%Y-%m-%d CMAKE_PREFIX_PATH=${CMAKE_PREFIX_PATH}:/workspace/towen/install/strategy:/workspace/towen/install/motionpackage:/workspace/towen/install/imageprocess:/opt/ros/humble /usr/local/bin/cmake --install /workspace/towen/build/cv_bridge
[4.074s] -- Install configuration: ""
[4.076s] -- Up-to-date: /workspace/towen/install/cv_bridge/share/cv_bridge/environment/pythonpath.sh
[4.077s] -- Up-to-date: /workspace/towen/install/cv_bridge/share/cv_bridge/environment/pythonpath.dsv
[4.078s] -- Up-to-date: /workspace/towen/install/cv_bridge/local/lib/python3.10/dist-packages/cv_bridge-3.2.1-py3.10.egg-info
[4.079s] -- Installing: /workspace/towen/install/cv_bridge/local/lib/python3.10/dist-packages/cv_bridge-3.2.1-py3.10.egg-info/PKG-INFO
[4.080s] -- Installing: /workspace/towen/install/cv_bridge/local/lib/python3.10/dist-packages/cv_bridge-3.2.1-py3.10.egg-info/top_level.txt
[4.081s] -- Installing: /workspace/towen/install/cv_bridge/local/lib/python3.10/dist-packages/cv_bridge-3.2.1-py3.10.egg-info/SOURCES.txt
[4.082s] -- Installing: /workspace/towen/install/cv_bridge/local/lib/python3.10/dist-packages/cv_bridge-3.2.1-py3.10.egg-info/dependency_links.txt
[4.083s] -- Up-to-date: /workspace/towen/install/cv_bridge/local/lib/python3.10/dist-packages/cv_bridge
[4.084s] -- Up-to-date: /workspace/towen/install/cv_bridge/local/lib/python3.10/dist-packages/cv_bridge/core.py
[4.085s] -- Up-to-date: /workspace/towen/install/cv_bridge/local/lib/python3.10/dist-packages/cv_bridge/__init__.py
[4.271s] Listing '/workspace/towen/install/cv_bridge/local/lib/python3.10/dist-packages/cv_bridge'...
[4.274s] Listing '/workspace/towen/install/cv_bridge/local/lib/python3.10/dist-packages/cv_bridge/boost'...
[4.319s] -- Up-to-date: /workspace/towen/install/cv_bridge/lib/libcv_bridge.so
[4.320s] -- Up-to-date: /workspace/towen/install/cv_bridge/include/cv_bridge/cv_bridge/cv_bridge_export.h
[4.322s] -- Up-to-date: /workspace/towen/install/cv_bridge/local/lib/python3.10/dist-packages/cv_bridge/boost/cv_bridge_boost.so
[4.323s] -- Up-to-date: /workspace/towen/install/cv_bridge/include/cv_bridge
[4.324s] -- Up-to-date: /workspace/towen/install/cv_bridge/include/cv_bridge/cv_bridge
[4.324s] -- Up-to-date: /workspace/towen/install/cv_bridge/include/cv_bridge/cv_bridge/rgb_colors.h
[4.325s] -- Up-to-date: /workspace/towen/install/cv_bridge/include/cv_bridge/cv_bridge/cv_bridge.h
[4.326s] -- Up-to-date: /workspace/towen/install/cv_bridge/lib/libcv_bridge.so
[4.327s] -- Up-to-date: /workspace/towen/install/cv_bridge/share/ament_index/resource_index/package_run_dependencies/cv_bridge
[4.327s] -- Up-to-date: /workspace/towen/install/cv_bridge/share/ament_index/resource_index/parent_prefix_path/cv_bridge
[4.328s] -- Up-to-date: /workspace/towen/install/cv_bridge/share/cv_bridge/environment/ament_prefix_path.sh
[4.328s] -- Up-to-date: /workspace/towen/install/cv_bridge/share/cv_bridge/environment/ament_prefix_path.dsv
[4.328s] -- Up-to-date: /workspace/towen/install/cv_bridge/share/cv_bridge/environment/path.sh
[4.328s] -- Up-to-date: /workspace/towen/install/cv_bridge/share/cv_bridge/environment/path.dsv
[4.329s] -- Up-to-date: /workspace/towen/install/cv_bridge/share/cv_bridge/local_setup.bash
[4.330s] -- Up-to-date: /workspace/towen/install/cv_bridge/share/cv_bridge/local_setup.sh
[4.330s] -- Up-to-date: /workspace/towen/install/cv_bridge/share/cv_bridge/local_setup.zsh
[4.330s] -- Up-to-date: /workspace/towen/install/cv_bridge/share/cv_bridge/local_setup.dsv
[4.331s] -- Installing: /workspace/towen/install/cv_bridge/share/cv_bridge/package.dsv
[4.332s] -- Up-to-date: /workspace/towen/install/cv_bridge/share/ament_index/resource_index/packages/cv_bridge
[4.333s] -- Up-to-date: /workspace/towen/install/cv_bridge/share/cv_bridge/cmake/export_cv_bridgeExport.cmake
[4.333s] -- Up-to-date: /workspace/towen/install/cv_bridge/share/cv_bridge/cmake/export_cv_bridgeExport-noconfig.cmake
[4.334s] -- Up-to-date: /workspace/towen/install/cv_bridge/share/cv_bridge/cmake/cv_bridge-extras.cmake
[4.335s] -- Up-to-date: /workspace/towen/install/cv_bridge/share/cv_bridge/cmake/ament_cmake_export_dependencies-extras.cmake
[4.342s] -- Up-to-date: /workspace/towen/install/cv_bridge/share/cv_bridge/cmake/ament_cmake_export_targets-extras.cmake
[4.343s] -- Up-to-date: /workspace/towen/install/cv_bridge/share/cv_bridge/cmake/cv_bridgeConfig.cmake
[4.343s] -- Up-to-date: /workspace/towen/install/cv_bridge/share/cv_bridge/cmake/cv_bridgeConfig-version.cmake
[4.344s] -- Up-to-date: /workspace/towen/install/cv_bridge/share/cv_bridge/package.xml
[4.466s] Invoked command in '/workspace/towen/build/cv_bridge' returned '0': BYOBU_DATE=%Y-%m-%d CMAKE_PREFIX_PATH=${CMAKE_PREFIX_PATH}:/workspace/towen/install/strategy:/workspace/towen/install/motionpackage:/workspace/towen/install/imageprocess:/opt/ros/humble /usr/local/bin/cmake --install /workspace/towen/build/cv_bridge
