[3.546s] Invoking command in '/workspace/towen/src/motionpackage': BYOBU_DATE=%Y-%m-%d PYTHONPATH=/workspace/towen/build/motionpackage/prefix_override:/usr/lib/python3/dist-packages/colcon_core/task/python/colcon_distutils_commands:/workspace/towen/install/motionpackage/lib/python3.10/site-packages:${PYTHONPATH} /usr/bin/python3 -W ignore:setup.py install is deprecated setup.py egg_info --egg-base ../../build/motionpackage build --build-base /workspace/towen/build/motionpackage/build install --record /workspace/towen/build/motionpackage/install.log --single-version-externally-managed install_data
[4.659s] running egg_info
[4.708s] writing ../../build/motionpackage/motionpackage.egg-info/PKG-INFO
[4.710s] writing dependency_links to ../../build/motionpackage/motionpackage.egg-info/dependency_links.txt
[4.711s] writing entry points to ../../build/motionpackage/motionpackage.egg-info/entry_points.txt
[4.712s] writing requirements to ../../build/motionpackage/motionpackage.egg-info/requires.txt
[4.714s] writing top-level names to ../../build/motionpackage/motionpackage.egg-info/top_level.txt
[4.853s] reading manifest file '../../build/motionpackage/motionpackage.egg-info/SOURCES.txt'
[4.856s] adding license file 'LICENSE'
[4.860s] writing manifest file '../../build/motionpackage/motionpackage.egg-info/SOURCES.txt'
[4.861s] running build
[4.861s] running build_py
[4.862s] copying motionpackage/opencr_imu.py -> /workspace/towen/build/motionpackage/build/lib/motionpackage
[4.862s] copying motionpackage/test.py -> /workspace/towen/build/motionpackage/build/lib/motionpackage
[4.863s] copying motionpackage/__init__.py -> /workspace/towen/build/motionpackage/build/lib/motionpackage
[4.863s] copying motionpackage/import struct.py -> /workspace/towen/build/motionpackage/build/lib/motionpackage
[4.864s] copying motionpackage/walking.py -> /workspace/towen/build/motionpackage/build/lib/motionpackage
[4.864s] copying motionpackage/motionpackage.py -> /workspace/towen/build/motionpackage/build/lib/motionpackage
[4.866s] running install
[4.880s] running install_lib
[4.959s] running install_data
[4.959s] copying resource/motionpackage -> /workspace/towen/install/motionpackage/share/ament_index/resource_index/packages
[4.959s] copying package.xml -> /workspace/towen/install/motionpackage/share/motionpackage
[4.959s] running install_egg_info
[5.033s] removing '/workspace/towen/install/motionpackage/lib/python3.10/site-packages/motionpackage-0.0.0-py3.10.egg-info' (and everything under it)
[5.034s] Copying ../../build/motionpackage/motionpackage.egg-info to /workspace/towen/install/motionpackage/lib/python3.10/site-packages/motionpackage-0.0.0-py3.10.egg-info
[5.038s] running install_scripts
[5.161s] Installing motionpackage script to /workspace/towen/install/motionpackage/lib/motionpackage
[5.170s] writing list of installed files to '/workspace/towen/build/motionpackage/install.log'
[6.108s] Invoked command in '/workspace/towen/src/motionpackage' returned '0': BYOBU_DATE=%Y-%m-%d PYTHONPATH=/workspace/towen/build/motionpackage/prefix_override:/usr/lib/python3/dist-packages/colcon_core/task/python/colcon_distutils_commands:/workspace/towen/install/motionpackage/lib/python3.10/site-packages:${PYTHONPATH} /usr/bin/python3 -W ignore:setup.py install is deprecated setup.py egg_info --egg-base ../../build/motionpackage build --build-base /workspace/towen/build/motionpackage/build install --record /workspace/towen/build/motionpackage/install.log --single-version-externally-managed install_data
