[0.643s] Invoking command in '/workspace/towen/build/tku_msgs': BYOBU_DATE=%Y-%m-%d CMAKE_PREFIX_PATH=${CMAKE_PREFIX_PATH}:/workspace/towen/install/strategy:/workspace/towen/install/rosidl_cli:/workspace/towen/install/opencv_tests:/workspace/towen/install/motionpackage:/workspace/towen/install/imageprocess:/opt/ros/humble /usr/local/bin/cmake /workspace/towen/src/tku_msgs -DCMAKE_INSTALL_PREFIX=/workspace/towen/install/tku_msgs
[0.921s] -- Found ament_cmake: 1.3.10 (/opt/ros/humble/install/share/ament_cmake/cmake)
[1.567s] -- Override CMake install command with custom implementation using symlinks instead of copying resources
[1.604s] -- Found rosidl_default_generators: 1.2.0 (/opt/ros/humble/install/share/rosidl_default_generators/cmake)
[1.632s] -- Using all available rosidl_typesupport_c: rosidl_typesupport_introspection_c;rosidl_typesupport_fastrtps_c
[1.643s] -- Found rosidl_adapter: 3.1.7 (/workspace/towen/install/rosidl_adapter/share/rosidl_adapter/cmake)
[1.838s] -- Using all available rosidl_typesupport_cpp: rosidl_typesupport_introspection_cpp;rosidl_typesupport_fastrtps_cpp
[2.018s] -- Found std_msgs: 4.2.4 (/opt/ros/humble/install/share/std_msgs/cmake)
[4.354s] -- Found ament_cmake_ros: 0.10.0 (/opt/ros/humble/install/share/ament_cmake_ros/cmake)
[5.142s] -- Using all available rosidl_typesupport_c: rosidl_typesupport_introspection_c;rosidl_typesupport_fastrtps_c
[6.617s] -- Using all available rosidl_typesupport_cpp: rosidl_typesupport_introspection_cpp;rosidl_typesupport_fastrtps_cpp
[6.627s] [33mCMake Warning (dev) at /opt/ros/humble/install/share/rosidl_generator_py/cmake/rosidl_generator_py_generate_interfaces.cmake:20 (find_package):
[6.628s]   Policy CMP0148 is not set: The FindPythonInterp and FindPythonLibs modules
[6.628s]   are removed.  Run "cmake --help-policy CMP0148" for policy details.  Use
[6.628s]   the cmake_policy command to set the policy and suppress this warning.
[6.628s] 
[6.629s] Call Stack (most recent call first):
[6.629s]   /opt/ros/humble/install/share/ament_cmake_core/cmake/core/ament_execute_extensions.cmake:48 (include)
[6.629s]   /workspace/towen/install/rosidl_cmake/share/rosidl_cmake/cmake/rosidl_generate_interfaces.cmake:286 (ament_execute_extensions)
[6.629s]   CMakeLists.txt:19 (rosidl_generate_interfaces)
[6.630s] This warning is for project developers.  Use -Wno-dev to suppress it.
[6.630s] [0m
[6.674s] -- Found python_cmake_module: 0.10.0 (/opt/ros/humble/install/share/python_cmake_module/cmake)
[6.676s] [33mCMake Warning (dev) at /opt/ros/humble/install/share/python_cmake_module/cmake/Modules/FindPythonExtra.cmake:52 (find_package):
[6.676s]   Policy CMP0148 is not set: The FindPythonInterp and FindPythonLibs modules
[6.676s]   are removed.  Run "cmake --help-policy CMP0148" for policy details.  Use
[6.677s]   the cmake_policy command to set the policy and suppress this warning.
[6.677s] 
[6.677s] Call Stack (most recent call first):
[6.677s]   /opt/ros/humble/install/share/rosidl_generator_py/cmake/rosidl_generator_py_generate_interfaces.cmake:23 (find_package)
[6.678s]   /opt/ros/humble/install/share/ament_cmake_core/cmake/core/ament_execute_extensions.cmake:48 (include)
[6.678s]   /workspace/towen/install/rosidl_cmake/share/rosidl_cmake/cmake/rosidl_generate_interfaces.cmake:286 (ament_execute_extensions)
[6.678s]   CMakeLists.txt:19 (rosidl_generate_interfaces)
[6.678s] This warning is for project developers.  Use -Wno-dev to suppress it.
[6.679s] [0m
[6.722s] [33mCMake Warning (dev) at /opt/ros/humble/install/share/python_cmake_module/cmake/Modules/FindPythonExtra.cmake:140 (find_package):
[6.723s]   Policy CMP0148 is not set: The FindPythonInterp and FindPythonLibs modules
[6.723s]   are removed.  Run "cmake --help-policy CMP0148" for policy details.  Use
[6.723s]   the cmake_policy command to set the policy and suppress this warning.
[6.723s] 
[6.724s] Call Stack (most recent call first):
[6.724s]   /opt/ros/humble/install/share/rosidl_generator_py/cmake/rosidl_generator_py_generate_interfaces.cmake:23 (find_package)
[6.724s]   /opt/ros/humble/install/share/ament_cmake_core/cmake/core/ament_execute_extensions.cmake:48 (include)
[6.725s]   /workspace/towen/install/rosidl_cmake/share/rosidl_cmake/cmake/rosidl_generate_interfaces.cmake:286 (ament_execute_extensions)
[6.725s]   CMakeLists.txt:19 (rosidl_generate_interfaces)
[6.725s] This warning is for project developers.  Use -Wno-dev to suppress it.
[6.725s] [0m
[6.730s] -- Using PYTHON_EXECUTABLE: /usr/local/bin/python3
[6.730s] -- Using PYTHON_INCLUDE_DIRS: /usr/include/python3.10
[6.730s] -- Using PYTHON_LIBRARIES: /usr/lib/aarch64-linux-gnu/libpython3.10.so
[6.882s] -- Found ament_lint_auto: 0.12.11 (/opt/ros/humble/install/share/ament_lint_auto/cmake)
[6.912s] -- Added test 'lint_cmake' to check CMake code style
[6.916s] -- Added test 'xmllint' to check XML markup files
[6.924s] -- Configuring done (6.0s)
[7.162s] -- Generating done (0.2s)
[7.163s] -- Build files have been written to: /workspace/towen/build/tku_msgs
