running egg_info
writing ../../build/motionpackage/motionpackage.egg-info/PKG-INFO
writing dependency_links to ../../build/motionpackage/motionpackage.egg-info/dependency_links.txt
writing entry points to ../../build/motionpackage/motionpackage.egg-info/entry_points.txt
writing requirements to ../../build/motionpackage/motionpackage.egg-info/requires.txt
writing top-level names to ../../build/motionpackage/motionpackage.egg-info/top_level.txt
reading manifest file '../../build/motionpackage/motionpackage.egg-info/SOURCES.txt'
writing manifest file '../../build/motionpackage/motionpackage.egg-info/SOURCES.txt'
running build
running build_py
copying motionpackage/motionpackage.py -> /home/iclab/Desktop/humanoid/build/motionpackage/build/lib/motionpackage
running install
running install_lib
copying /home/iclab/Desktop/humanoid/build/motionpackage/build/lib/motionpackage/motionpackage.py -> /home/iclab/Desktop/humanoid/install/motionpackage/lib/python3.10/site-packages/motionpackage
byte-compiling /home/iclab/Desktop/humanoid/install/motionpackage/lib/python3.10/site-packages/motionpackage/motionpackage.py to motionpackage.cpython-310.pyc
running install_data
running install_egg_info
removing '/home/iclab/Desktop/humanoid/install/motionpackage/lib/python3.10/site-packages/motionpackage-0.0.0-py3.10.egg-info' (and everything under it)
Copying ../../build/motionpackage/motionpackage.egg-info to /home/iclab/Desktop/humanoid/install/motionpackage/lib/python3.10/site-packages/motionpackage-0.0.0-py3.10.egg-info
running install_scripts
Installing motionpackage script to /home/iclab/Desktop/humanoid/install/motionpackage/lib/motionpackage
writing list of installed files to '/home/iclab/Desktop/humanoid/build/motionpackage/install.log'
