[0.098s] Invoking command in '/workspace/towen/build/rosidl_runtime_c': AMENT_PREFIX_PATH=/workspace/towen/install/rosidl_typesupport_interface:${AMENT_PREFIX_PATH} BYOBU_DATE=%Y-%m-%d CMAKE_PREFIX_PATH=/workspace/towen/install/rosidl_typesupport_interface:/opt/ros/humble /usr/local/bin/cmake --build /workspace/towen/build/rosidl_runtime_c -- -j6 -l6
[0.345s] [ 16%] Built target gtest
[0.345s] [ 36%] Built target rosidl_runtime_c
[0.366s] [ 44%] Built target gtest_main
[0.402s] [ 52%] Built target benchmark_string_conversion
[0.430s] [ 60%] Built target test_message_type_support
[0.442s] [ 68%] Built target test_primitives_sequence_functions
[0.457s] [ 76%] Built target test_sequence_bound
[0.462s] [ 84%] Built target test_service_type_support
[0.474s] [ 92%] Built target test_u16string_functions
[0.483s] [100%] Built target test_string_functions
[0.552s] Invoked command in '/workspace/towen/build/rosidl_runtime_c' returned '0': AMENT_PREFIX_PATH=/workspace/towen/install/rosidl_typesupport_interface:${AMENT_PREFIX_PATH} BYOBU_DATE=%Y-%m-%d CMAKE_PREFIX_PATH=/workspace/towen/install/rosidl_typesupport_interface:/opt/ros/humble /usr/local/bin/cmake --build /workspace/towen/build/rosidl_runtime_c -- -j6 -l6
[1.290s] Invoking command in '/workspace/towen/build/rosidl_runtime_c': AMENT_PREFIX_PATH=/workspace/towen/install/rosidl_typesupport_interface:${AMENT_PREFIX_PATH} BYOBU_DATE=%Y-%m-%d CMAKE_PREFIX_PATH=/workspace/towen/install/rosidl_typesupport_interface:/opt/ros/humble /usr/local/bin/cmake --install /workspace/towen/build/rosidl_runtime_c
[1.483s] -- Install configuration: "Release"
[1.484s] -- Execute custom install script
[1.485s] -- Up-to-date symlink: /workspace/towen/install/rosidl_runtime_c/share/rosidl_runtime_c/environment/library_path.sh
[1.485s] -- Up-to-date symlink: /workspace/towen/install/rosidl_runtime_c/share/rosidl_runtime_c/environment/library_path.dsv
[1.486s] -- Up-to-date symlink: /workspace/towen/install/rosidl_runtime_c/share/ament_index/resource_index/rosidl_runtime_packages/rosidl_runtime_c
[1.487s] -- Up-to-date symlink: /workspace/towen/install/rosidl_runtime_c/include/rosidl_runtime_c/rosidl_runtime_c/action_type_support_struct.h
[1.487s] -- Up-to-date symlink: /workspace/towen/install/rosidl_runtime_c/include/rosidl_runtime_c/rosidl_runtime_c/message_initialization.h
[1.487s] -- Up-to-date symlink: /workspace/towen/install/rosidl_runtime_c/include/rosidl_runtime_c/rosidl_runtime_c/message_type_support_struct.h
[1.488s] -- Up-to-date symlink: /workspace/towen/install/rosidl_runtime_c/include/rosidl_runtime_c/rosidl_runtime_c/primitives_sequence.h
[1.489s] -- Up-to-date symlink: /workspace/towen/install/rosidl_runtime_c/include/rosidl_runtime_c/rosidl_runtime_c/primitives_sequence_functions.h
[1.489s] -- Up-to-date symlink: /workspace/towen/install/rosidl_runtime_c/include/rosidl_runtime_c/rosidl_runtime_c/sequence_bound.h
[1.489s] -- Up-to-date symlink: /workspace/towen/install/rosidl_runtime_c/include/rosidl_runtime_c/rosidl_runtime_c/service_type_support_struct.h
[1.489s] -- Up-to-date symlink: /workspace/towen/install/rosidl_runtime_c/include/rosidl_runtime_c/rosidl_runtime_c/string.h
[1.490s] -- Up-to-date symlink: /workspace/towen/install/rosidl_runtime_c/include/rosidl_runtime_c/rosidl_runtime_c/string_bound.h
[1.492s] -- Up-to-date symlink: /workspace/towen/install/rosidl_runtime_c/include/rosidl_runtime_c/rosidl_runtime_c/string_functions.h
[1.492s] -- Up-to-date symlink: /workspace/towen/install/rosidl_runtime_c/include/rosidl_runtime_c/rosidl_runtime_c/u16string.h
[1.492s] -- Up-to-date symlink: /workspace/towen/install/rosidl_runtime_c/include/rosidl_runtime_c/rosidl_runtime_c/u16string_functions.h
[1.492s] -- Up-to-date symlink: /workspace/towen/install/rosidl_runtime_c/include/rosidl_runtime_c/rosidl_runtime_c/visibility_control.h
[1.493s] -- Up-to-date symlink: /workspace/towen/install/rosidl_runtime_c/share/ament_index/resource_index/package_run_dependencies/rosidl_runtime_c
[1.493s] -- Up-to-date symlink: /workspace/towen/install/rosidl_runtime_c/share/ament_index/resource_index/parent_prefix_path/rosidl_runtime_c
[1.493s] -- Up-to-date symlink: /workspace/towen/install/rosidl_runtime_c/share/rosidl_runtime_c/environment/ament_prefix_path.sh
[1.493s] -- Up-to-date symlink: /workspace/towen/install/rosidl_runtime_c/share/rosidl_runtime_c/environment/ament_prefix_path.dsv
[1.493s] -- Up-to-date symlink: /workspace/towen/install/rosidl_runtime_c/share/rosidl_runtime_c/environment/path.sh
[1.497s] -- Up-to-date symlink: /workspace/towen/install/rosidl_runtime_c/share/rosidl_runtime_c/environment/path.dsv
[1.497s] -- Up-to-date symlink: /workspace/towen/install/rosidl_runtime_c/share/rosidl_runtime_c/local_setup.bash
[1.497s] -- Up-to-date symlink: /workspace/towen/install/rosidl_runtime_c/share/rosidl_runtime_c/local_setup.sh
[1.497s] -- Up-to-date symlink: /workspace/towen/install/rosidl_runtime_c/share/rosidl_runtime_c/local_setup.zsh
[1.498s] -- Up-to-date symlink: /workspace/towen/install/rosidl_runtime_c/share/rosidl_runtime_c/local_setup.dsv
[1.498s] -- Symlinking: /workspace/towen/install/rosidl_runtime_c/share/rosidl_runtime_c/package.dsv
[1.507s] -- Up-to-date symlink: /workspace/towen/install/rosidl_runtime_c/share/ament_index/resource_index/packages/rosidl_runtime_c
[1.508s] -- Up-to-date symlink: /workspace/towen/install/rosidl_runtime_c/share/rosidl_runtime_c/cmake/ament_cmake_export_dependencies-extras.cmake
[1.509s] -- Up-to-date symlink: /workspace/towen/install/rosidl_runtime_c/share/rosidl_runtime_c/cmake/ament_cmake_export_include_directories-extras.cmake
[1.509s] -- Up-to-date symlink: /workspace/towen/install/rosidl_runtime_c/share/rosidl_runtime_c/cmake/ament_cmake_export_libraries-extras.cmake
[1.510s] -- Up-to-date symlink: /workspace/towen/install/rosidl_runtime_c/share/rosidl_runtime_c/cmake/ament_cmake_export_targets-extras.cmake
[1.510s] -- Up-to-date symlink: /workspace/towen/install/rosidl_runtime_c/share/rosidl_runtime_c/cmake/rosidl_runtime_cConfig.cmake
[1.510s] -- Up-to-date symlink: /workspace/towen/install/rosidl_runtime_c/share/rosidl_runtime_c/cmake/rosidl_runtime_cConfig-version.cmake
[1.512s] -- Up-to-date symlink: /workspace/towen/install/rosidl_runtime_c/share/rosidl_runtime_c/package.xml
[1.513s] -- Up-to-date: /workspace/towen/install/rosidl_runtime_c/lib/librosidl_runtime_c.so
[1.513s] -- Up-to-date: /workspace/towen/install/rosidl_runtime_c/share/rosidl_runtime_c/cmake/rosidl_runtime_cExport.cmake
[1.513s] -- Up-to-date: /workspace/towen/install/rosidl_runtime_c/share/rosidl_runtime_c/cmake/rosidl_runtime_cExport-release.cmake
[1.891s] Invoked command in '/workspace/towen/build/rosidl_runtime_c' returned '0': AMENT_PREFIX_PATH=/workspace/towen/install/rosidl_typesupport_interface:${AMENT_PREFIX_PATH} BYOBU_DATE=%Y-%m-%d CMAKE_PREFIX_PATH=/workspace/towen/install/rosidl_typesupport_interface:/opt/ros/humble /usr/local/bin/cmake --install /workspace/towen/build/rosidl_runtime_c
