[3.579s] Invoking command in '/home/iclab/Desktop/humanoid/src/wula': BYOBU_DATE=%Y-%m-%d PYTHONPATH=/home/iclab/Desktop/humanoid/build/wula/prefix_override:/usr/lib/python3/dist-packages/colcon_core/task/python/colcon_distutils_commands:/home/iclab/Desktop/humanoid/install/wula/lib/python3.10/site-packages:${PYTHONPATH} /usr/bin/python3 -W ignore:setup.py install is deprecated -W ignore:easy_install command is deprecated setup.py egg_info --egg-base ../../build/wula build --build-base /home/iclab/Desktop/humanoid/build/wula/build install --record /home/iclab/Desktop/humanoid/build/wula/install.log --single-version-externally-managed install_data
[4.433s] running egg_info
[4.436s] writing ../../build/wula/wula.egg-info/PKG-INFO
[4.437s] writing dependency_links to ../../build/wula/wula.egg-info/dependency_links.txt
[4.438s] writing entry points to ../../build/wula/wula.egg-info/entry_points.txt
[4.438s] writing requirements to ../../build/wula/wula.egg-info/requires.txt
[4.439s] writing top-level names to ../../build/wula/wula.egg-info/top_level.txt
[4.447s] reading manifest file '../../build/wula/wula.egg-info/SOURCES.txt'
[4.449s] writing manifest file '../../build/wula/wula.egg-info/SOURCES.txt'
[4.450s] running build
[4.450s] running build_py
[4.450s] copying wula/sp/API.py -> /home/iclab/Desktop/humanoid/build/wula/build/lib/wula/sp
[4.451s] running install
[4.452s] running install_lib
[4.454s] copying /home/iclab/Desktop/humanoid/build/wula/build/lib/wula/sp/API.py -> /home/iclab/Desktop/humanoid/install/wula/lib/python3.10/site-packages/wula/sp
[4.456s] byte-compiling /home/iclab/Desktop/humanoid/install/wula/lib/python3.10/site-packages/wula/sp/API.py to API.cpython-310.pyc
[4.461s] running install_data
[4.461s] running install_egg_info
[4.466s] removing '/home/iclab/Desktop/humanoid/install/wula/lib/python3.10/site-packages/wula-0.1.0-py3.10.egg-info' (and everything under it)
[4.467s] Copying ../../build/wula/wula.egg-info to /home/iclab/Desktop/humanoid/install/wula/lib/python3.10/site-packages/wula-0.1.0-py3.10.egg-info
[4.469s] running install_scripts
[4.523s] Installing sp_boson script to /home/iclab/Desktop/humanoid/install/wula/lib/wula
[4.524s] writing list of installed files to '/home/iclab/Desktop/humanoid/build/wula/install.log'
[4.628s] Invoked command in '/home/iclab/Desktop/humanoid/src/wula' returned '0': BYOBU_DATE=%Y-%m-%d PYTHONPATH=/home/iclab/Desktop/humanoid/build/wula/prefix_override:/usr/lib/python3/dist-packages/colcon_core/task/python/colcon_distutils_commands:/home/iclab/Desktop/humanoid/install/wula/lib/python3.10/site-packages:${PYTHONPATH} /usr/bin/python3 -W ignore:setup.py install is deprecated -W ignore:easy_install command is deprecated setup.py egg_info --egg-base ../../build/wula build --build-base /home/iclab/Desktop/humanoid/build/wula/build install --record /home/iclab/Desktop/humanoid/build/wula/install.log --single-version-externally-managed install_data
