[0.765s] Invoking command in '/workspace/towen/build/zed_components': BYOBU_DATE=%Y-%m-%d CMAKE_PREFIX_PATH=${CMAKE_PREFIX_PATH}:/workspace/towen/install/strategy:/workspace/towen/install/rosidl_cli:/workspace/towen/install/opencv_tests:/workspace/towen/install/motionpackage:/workspace/towen/install/imageprocess:/opt/ros/humble /usr/local/bin/cmake --build /workspace/towen/build/zed_components -- -j6 -l6
[1.246s] [ 50%] Built target zed_camera_component
[1.274s] [100%] Built target zed_camera_one_component
[1.384s] Invoked command in '/workspace/towen/build/zed_components' returned '0': BYOBU_DATE=%Y-%m-%d CMAKE_PREFIX_PATH=${CMAKE_PREFIX_PATH}:/workspace/towen/install/strategy:/workspace/towen/install/rosidl_cli:/workspace/towen/install/opencv_tests:/workspace/towen/install/motionpackage:/workspace/towen/install/imageprocess:/opt/ros/humble /usr/local/bin/cmake --build /workspace/towen/build/zed_components -- -j6 -l6
[2.131s] Invoking command in '/workspace/towen/build/zed_components': BYOBU_DATE=%Y-%m-%d CMAKE_PREFIX_PATH=${CMAKE_PREFIX_PATH}:/workspace/towen/install/strategy:/workspace/towen/install/rosidl_cli:/workspace/towen/install/opencv_tests:/workspace/towen/install/motionpackage:/workspace/towen/install/imageprocess:/opt/ros/humble /usr/local/bin/cmake --install /workspace/towen/build/zed_components
[2.393s] -- Install configuration: "Release"
[2.395s] -- Up-to-date: /workspace/towen/install/zed_components/lib/libzed_camera_component.so
[2.396s] -- Up-to-date: /workspace/towen/install/zed_components/lib/libzed_camera_one_component.so
[2.397s] -- Up-to-date: /workspace/towen/install/zed_components/include/zed_components/
[2.398s] -- Up-to-date: /workspace/towen/install/zed_components/include/zed_components//sl_types.hpp
[2.399s] -- Up-to-date: /workspace/towen/install/zed_components/include/zed_components//cost_traversability.hpp
[2.400s] -- Up-to-date: /workspace/towen/install/zed_components/include/zed_components//zed_camera_one_component.hpp
[2.400s] -- Up-to-date: /workspace/towen/install/zed_components/include/zed_components//zed_camera_component.hpp
[2.400s] -- Up-to-date: /workspace/towen/install/zed_components/include/zed_components/
[2.402s] -- Up-to-date: /workspace/towen/install/zed_components/include/zed_components//sl_tools.hpp
[2.402s] -- Up-to-date: /workspace/towen/install/zed_components/include/zed_components//gnss_replay.hpp
[2.402s] -- Up-to-date: /workspace/towen/install/zed_components/include/zed_components//sl_win_avg.hpp
[2.402s] -- Up-to-date: /workspace/towen/install/zed_components/include/zed_components//json.hpp
[2.402s] -- Up-to-date: /workspace/towen/install/zed_components/include/zed_components//sl_logging.hpp
[2.403s] -- Up-to-date: /workspace/towen/install/zed_components/include/zed_components/
[2.405s] -- Up-to-date: /workspace/towen/install/zed_components/include/zed_components//visibility_control.hpp
[2.406s] -- Up-to-date: /workspace/towen/install/zed_components/share/zed_components/environment/library_path.sh
[2.407s] -- Up-to-date: /workspace/towen/install/zed_components/share/zed_components/environment/library_path.dsv
[2.408s] -- Up-to-date: /workspace/towen/install/zed_components/share/ament_index/resource_index/package_run_dependencies/zed_components
[2.409s] -- Up-to-date: /workspace/towen/install/zed_components/share/ament_index/resource_index/parent_prefix_path/zed_components
[2.409s] -- Up-to-date: /workspace/towen/install/zed_components/share/zed_components/environment/ament_prefix_path.sh
[2.410s] -- Up-to-date: /workspace/towen/install/zed_components/share/zed_components/environment/ament_prefix_path.dsv
[2.411s] -- Up-to-date: /workspace/towen/install/zed_components/share/zed_components/environment/path.sh
[2.411s] -- Up-to-date: /workspace/towen/install/zed_components/share/zed_components/environment/path.dsv
[2.412s] -- Up-to-date: /workspace/towen/install/zed_components/share/zed_components/local_setup.bash
[2.413s] -- Up-to-date: /workspace/towen/install/zed_components/share/zed_components/local_setup.sh
[2.416s] -- Up-to-date: /workspace/towen/install/zed_components/share/zed_components/local_setup.zsh
[2.416s] -- Up-to-date: /workspace/towen/install/zed_components/share/zed_components/local_setup.dsv
[2.416s] -- Installing: /workspace/towen/install/zed_components/share/zed_components/package.dsv
[2.417s] -- Up-to-date: /workspace/towen/install/zed_components/share/ament_index/resource_index/packages/zed_components
[2.417s] -- Up-to-date: /workspace/towen/install/zed_components/share/ament_index/resource_index/rclcpp_components/zed_components
[2.417s] -- Up-to-date: /workspace/towen/install/zed_components/share/zed_components/cmake/ament_cmake_export_include_directories-extras.cmake
[2.417s] -- Up-to-date: /workspace/towen/install/zed_components/share/zed_components/cmake/ament_cmake_export_libraries-extras.cmake
[2.417s] -- Up-to-date: /workspace/towen/install/zed_components/share/zed_components/cmake/ament_cmake_export_dependencies-extras.cmake
[2.417s] -- Up-to-date: /workspace/towen/install/zed_components/share/zed_components/cmake/zed_componentsConfig.cmake
[2.417s] -- Up-to-date: /workspace/towen/install/zed_components/share/zed_components/cmake/zed_componentsConfig-version.cmake
[2.418s] -- Up-to-date: /workspace/towen/install/zed_components/share/zed_components/package.xml
[2.491s] Invoked command in '/workspace/towen/build/zed_components' returned '0': BYOBU_DATE=%Y-%m-%d CMAKE_PREFIX_PATH=${CMAKE_PREFIX_PATH}:/workspace/towen/install/strategy:/workspace/towen/install/rosidl_cli:/workspace/towen/install/opencv_tests:/workspace/towen/install/motionpackage:/workspace/towen/install/imageprocess:/opt/ros/humble /usr/local/bin/cmake --install /workspace/towen/build/zed_components
