gmake: Warning: File 'Makefile' has modification time 1753163002 s in the future
gmake[1]: Warning: File 'CMakeFiles/Makefile2' has modification time 1753163002 s in the future
gmake[2]: Warning: File 'CMakeFiles/ament_cmake_python_symlink_image_geometry.dir/progress.make' has modification time 1753163002 s in the future
gmake[2]: Warning: File 'CMakeFiles/image_geometry.dir/flags.make' has modification time 1753162505 s in the future
gmake[2]: Warning: File 'gtest/CMakeFiles/gtest_main.dir/flags.make' has modification time 1753162505 s in the future
gmake[2]: Warning: File 'gtest/CMakeFiles/gtest.dir/flags.make' has modification time 1753162505 s in the future
gmake[2]: warning:  Clock skew detected.  Your build may be incomplete.
gmake[2]: warning:  Clock skew detected.  Your build may be incomplete.
gmake[2]: warning:  Clock skew detected.  Your build may be incomplete.
gmake[2]: Warning: File 'gtest/CMakeFiles/gtest_main.dir/flags.make' has modification time 1753162505 s in the future
gmake[2]: warning:  Clock skew detected.  Your build may be incomplete.
gmake[2]: Warning: File 'CMakeFiles/ament_cmake_python_symlink_image_geometry.dir/progress.make' has modification time 1753163002 s in the future
gmake[2]: warning:  Clock skew detected.  Your build may be incomplete.
gmake[2]: warning:  Clock skew detected.  Your build may be incomplete.
gmake[2]: Warning: File 'CMakeFiles/image_geometry.dir/flags.make' has modification time 1753162504 s in the future
gmake[2]: Warning: File 'gtest/CMakeFiles/gtest.dir/flags.make' has modification time 1753162504 s in the future
gmake[2]: warning:  Clock skew detected.  Your build may be incomplete.
gmake[2]: warning:  Clock skew detected.  Your build may be incomplete.
gmake[2]: Warning: File 'CMakeFiles/ament_cmake_python_build_image_geometry_egg.dir/progress.make' has modification time 1753163002 s in the future
gmake[2]: Warning: File 'CMakeFiles/image_geometry-utest.dir/flags.make' has modification time 1753162504 s in the future
gmake[2]: warning:  Clock skew detected.  Your build may be incomplete.
gmake[2]: Warning: File 'CMakeFiles/ament_cmake_python_build_image_geometry_egg.dir/progress.make' has modification time 1753163002 s in the future
gmake[2]: warning:  Clock skew detected.  Your build may be incomplete.
gmake[2]: Warning: File 'CMakeFiles/image_geometry-utest.dir/flags.make' has modification time 1753162504 s in the future
gmake[2]: warning:  Clock skew detected.  Your build may be incomplete.
gmake[2]: warning:  Clock skew detected.  Your build may be incomplete.
gmake[1]: warning:  Clock skew detected.  Your build may be incomplete.
gmake: warning:  Clock skew detected.  Your build may be incomplete.
