[0.582s] Invoking command in '/workspace/towen/build/image_geometry': BYOBU_DATE=%Y-%m-%d CMAKE_PREFIX_PATH=${CMAKE_PREFIX_PATH}:/opt/ros/humble /usr/local/bin/cmake --build /workspace/towen/build/image_geometry -- -j6 -l6
[0.822s] gmake: Warning: File 'Makefile' has modification time 1753163002 s in the future
[0.856s] gmake[1]: Warning: File 'CMakeFiles/Makefile2' has modification time 1753163002 s in the future
[0.864s] gmake[2]: Warning: File 'CMakeFiles/ament_cmake_python_symlink_image_geometry.dir/progress.make' has modification time 1753163002 s in the future
[0.866s] gmake[2]: Warning: File 'CMakeFiles/image_geometry.dir/flags.make' has modification time 1753162505 s in the future
[0.880s] gmake[2]: Warning: File 'gtest/CMakeFiles/gtest_main.dir/flags.make' has modification time 1753162505 s in the future
[0.897s] gmake[2]: Warning: File 'gtest/CMakeFiles/gtest.dir/flags.make' has modification time 1753162505 s in the future
[0.899s] gmake[2]: warning:  Clock skew detected.  Your build may be incomplete.
[0.902s] gmake[2]: warning:  Clock skew detected.  Your build may be incomplete.
[0.904s] gmake[2]: warning:  Clock skew detected.  Your build may be incomplete.
[0.910s] gmake[2]: Warning: File 'gtest/CMakeFiles/gtest_main.dir/flags.make' has modification time 1753162505 s in the future
[0.913s] gmake[2]: warning:  Clock skew detected.  Your build may be incomplete.
[0.927s] gmake[2]: Warning: File 'CMakeFiles/ament_cmake_python_symlink_image_geometry.dir/progress.make' has modification time 1753163002 s in the future
[0.931s] gmake[2]: warning:  Clock skew detected.  Your build may be incomplete.
[0.948s] gmake[2]: warning:  Clock skew detected.  Your build may be incomplete.
[0.954s] gmake[2]: Warning: File 'CMakeFiles/image_geometry.dir/flags.make' has modification time 1753162504 s in the future
[0.959s] gmake[2]: Warning: File 'gtest/CMakeFiles/gtest.dir/flags.make' has modification time 1753162504 s in the future
[0.965s] gmake[2]: warning:  Clock skew detected.  Your build may be incomplete.
[0.970s] gmake[2]: warning:  Clock skew detected.  Your build may be incomplete.
[0.988s] [ 22%] Built target gtest
[0.991s] [ 22%] Built target ament_cmake_python_symlink_image_geometry
[0.992s] [ 44%] Built target gtest_main
[1.008s] [ 77%] Built target image_geometry
[1.015s] gmake[2]: Warning: File 'CMakeFiles/ament_cmake_python_build_image_geometry_egg.dir/progress.make' has modification time 1753163002 s in the future
[1.022s] gmake[2]: Warning: File 'CMakeFiles/image_geometry-utest.dir/flags.make' has modification time 1753162504 s in the future
[1.039s] gmake[2]: warning:  Clock skew detected.  Your build may be incomplete.
[1.056s] gmake[2]: Warning: File 'CMakeFiles/ament_cmake_python_build_image_geometry_egg.dir/progress.make' has modification time 1753163002 s in the future
[1.056s] gmake[2]: warning:  Clock skew detected.  Your build may be incomplete.
[1.066s] gmake[2]: Warning: File 'CMakeFiles/image_geometry-utest.dir/flags.make' has modification time 1753162504 s in the future
[1.089s] gmake[2]: warning:  Clock skew detected.  Your build may be incomplete.
[1.106s] [100%] Built target image_geometry-utest
[1.715s] running egg_info
[1.767s] writing image_geometry.egg-info/PKG-INFO
[1.768s] writing dependency_links to image_geometry.egg-info/dependency_links.txt
[1.776s] writing top-level names to image_geometry.egg-info/top_level.txt
[1.933s] reading manifest file 'image_geometry.egg-info/SOURCES.txt'
[1.936s] writing manifest file 'image_geometry.egg-info/SOURCES.txt'
[2.027s] gmake[2]: warning:  Clock skew detected.  Your build may be incomplete.
[2.061s] [100%] Built target ament_cmake_python_build_image_geometry_egg
[2.061s] gmake[1]: warning:  Clock skew detected.  Your build may be incomplete.
[2.087s] gmake: warning:  Clock skew detected.  Your build may be incomplete.
[2.177s] Invoked command in '/workspace/towen/build/image_geometry' returned '0': BYOBU_DATE=%Y-%m-%d CMAKE_PREFIX_PATH=${CMAKE_PREFIX_PATH}:/opt/ros/humble /usr/local/bin/cmake --build /workspace/towen/build/image_geometry -- -j6 -l6
[2.575s] Invoking command in '/workspace/towen/build/image_geometry': BYOBU_DATE=%Y-%m-%d CMAKE_PREFIX_PATH=${CMAKE_PREFIX_PATH}:/opt/ros/humble /usr/local/bin/cmake --install /workspace/towen/build/image_geometry
[2.770s] -- Install configuration: "Release"
[2.771s] -- Execute custom install script
[2.776s] -- Up-to-date symlink: /workspace/towen/install/image_geometry/share/image_geometry/environment/pythonpath.sh
[2.787s] -- Up-to-date symlink: /workspace/towen/install/image_geometry/share/image_geometry/environment/pythonpath.dsv
[2.787s] -- Up-to-date symlink: /workspace/towen/install/image_geometry/local/lib/python3.10/dist-packages/image_geometry-3.2.1-py3.10.egg-info/PKG-INFO
[2.787s] -- Up-to-date symlink: /workspace/towen/install/image_geometry/local/lib/python3.10/dist-packages/image_geometry-3.2.1-py3.10.egg-info/SOURCES.txt
[2.788s] -- Up-to-date symlink: /workspace/towen/install/image_geometry/local/lib/python3.10/dist-packages/image_geometry-3.2.1-py3.10.egg-info/dependency_links.txt
[2.789s] -- Up-to-date symlink: /workspace/towen/install/image_geometry/local/lib/python3.10/dist-packages/image_geometry-3.2.1-py3.10.egg-info/top_level.txt
[2.790s] -- Up-to-date symlink: /workspace/towen/install/image_geometry/local/lib/python3.10/dist-packages/image_geometry/__init__.py
[2.791s] -- Up-to-date symlink: /workspace/towen/install/image_geometry/local/lib/python3.10/dist-packages/image_geometry/cameramodels.py
[2.796s] -- Up-to-date symlink: /workspace/towen/install/image_geometry/include/image_geometry/image_geometry/pinhole_camera_model.h
[2.797s] -- Up-to-date symlink: /workspace/towen/install/image_geometry/include/image_geometry/image_geometry/stereo_camera_model.h
[2.798s] -- Up-to-date symlink: /workspace/towen/install/image_geometry/include/image_geometry/image_geometry/visibility_control.hpp
[2.803s] -- Up-to-date symlink: /workspace/towen/install/image_geometry/share/ament_index/resource_index/package_run_dependencies/image_geometry
[2.806s] -- Up-to-date symlink: /workspace/towen/install/image_geometry/share/ament_index/resource_index/parent_prefix_path/image_geometry
[2.806s] -- Up-to-date symlink: /workspace/towen/install/image_geometry/share/image_geometry/environment/ament_prefix_path.sh
[2.809s] -- Up-to-date symlink: /workspace/towen/install/image_geometry/share/image_geometry/environment/ament_prefix_path.dsv
[2.811s] -- Up-to-date symlink: /workspace/towen/install/image_geometry/share/image_geometry/environment/path.sh
[2.812s] -- Up-to-date symlink: /workspace/towen/install/image_geometry/share/image_geometry/environment/path.dsv
[2.812s] -- Up-to-date symlink: /workspace/towen/install/image_geometry/share/image_geometry/local_setup.bash
[2.813s] -- Up-to-date symlink: /workspace/towen/install/image_geometry/share/image_geometry/local_setup.sh
[2.815s] -- Up-to-date symlink: /workspace/towen/install/image_geometry/share/image_geometry/local_setup.zsh
[2.816s] -- Up-to-date symlink: /workspace/towen/install/image_geometry/share/image_geometry/local_setup.dsv
[2.817s] -- Symlinking: /workspace/towen/install/image_geometry/share/image_geometry/package.dsv
[2.828s] -- Up-to-date symlink: /workspace/towen/install/image_geometry/share/ament_index/resource_index/packages/image_geometry
[2.829s] -- Up-to-date symlink: /workspace/towen/install/image_geometry/share/image_geometry/cmake/ament_cmake_export_targets-extras.cmake
[2.829s] -- Up-to-date symlink: /workspace/towen/install/image_geometry/share/image_geometry/cmake/ament_cmake_export_dependencies-extras.cmake
[2.830s] -- Up-to-date symlink: /workspace/towen/install/image_geometry/share/image_geometry/cmake/image_geometryConfig.cmake
[2.830s] -- Up-to-date symlink: /workspace/towen/install/image_geometry/share/image_geometry/cmake/image_geometryConfig-version.cmake
[2.830s] -- Up-to-date symlink: /workspace/towen/install/image_geometry/share/image_geometry/package.xml
[2.932s] Listing '/workspace/towen/install/image_geometry/local/lib/python3.10/dist-packages/image_geometry'...
[2.949s] -- Up-to-date: /workspace/towen/install/image_geometry/lib/libimage_geometry.so
[2.952s] -- Up-to-date: /workspace/towen/install/image_geometry/share/image_geometry/cmake/export_image_geometryExport.cmake
[2.953s] -- Up-to-date: /workspace/towen/install/image_geometry/share/image_geometry/cmake/export_image_geometryExport-release.cmake
[3.008s] Invoked command in '/workspace/towen/build/image_geometry' returned '0': BYOBU_DATE=%Y-%m-%d CMAKE_PREFIX_PATH=${CMAKE_PREFIX_PATH}:/opt/ros/humble /usr/local/bin/cmake --install /workspace/towen/build/image_geometry
