[0.715s] Invoking command in '/workspace/towen/build/zed_components': BYOBU_DATE=%Y-%m-%d CMAKE_PREFIX_PATH=${CMAKE_PREFIX_PATH}:/workspace/towen/src/motionpackage/install/motionpackage:/workspace/towen/install/strategy:/workspace/towen/install/rosidl_cli:/workspace/towen/install/opencv_tests:/workspace/towen/install/motionpackage:/workspace/towen/install/imageprocess:/opt/ros/humble /usr/local/bin/cmake --build /workspace/towen/build/zed_components -- -j6 -l6
[1.276s] [ 50%] Built target zed_camera_one_component
[1.289s] [100%] Built target zed_camera_component
[1.376s] Invoked command in '/workspace/towen/build/zed_components' returned '0': BYOBU_DATE=%Y-%m-%d CMAKE_PREFIX_PATH=${CMAKE_PREFIX_PATH}:/workspace/towen/src/motionpackage/install/motionpackage:/workspace/towen/install/strategy:/workspace/towen/install/rosidl_cli:/workspace/towen/install/opencv_tests:/workspace/towen/install/motionpackage:/workspace/towen/install/imageprocess:/opt/ros/humble /usr/local/bin/cmake --build /workspace/towen/build/zed_components -- -j6 -l6
[2.625s] Invoking command in '/workspace/towen/build/zed_components': BYOBU_DATE=%Y-%m-%d CMAKE_PREFIX_PATH=${CMAKE_PREFIX_PATH}:/workspace/towen/src/motionpackage/install/motionpackage:/workspace/towen/install/strategy:/workspace/towen/install/rosidl_cli:/workspace/towen/install/opencv_tests:/workspace/towen/install/motionpackage:/workspace/towen/install/imageprocess:/opt/ros/humble /usr/local/bin/cmake --install /workspace/towen/build/zed_components
[2.921s] -- Install configuration: "Release"
[2.923s] -- Execute custom install script
[2.924s] -- Up-to-date symlink: /workspace/towen/install/zed_components/lib/libzed_camera_component.so
[2.925s] -- Up-to-date symlink: /workspace/towen/install/zed_components/lib/libzed_camera_one_component.so
[2.927s] -- Up-to-date symlink: /workspace/towen/install/zed_components/include/zed_components//cost_traversability.hpp
[2.928s] -- Up-to-date symlink: /workspace/towen/install/zed_components/include/zed_components//sl_types.hpp
[2.929s] -- Up-to-date symlink: /workspace/towen/install/zed_components/include/zed_components//zed_camera_component.hpp
[2.929s] -- Up-to-date symlink: /workspace/towen/install/zed_components/include/zed_components//zed_camera_one_component.hpp
[2.931s] -- Up-to-date symlink: /workspace/towen/install/zed_components/include/zed_components//gnss_replay.hpp
[2.931s] -- Up-to-date symlink: /workspace/towen/install/zed_components/include/zed_components//json.hpp
[2.932s] -- Up-to-date symlink: /workspace/towen/install/zed_components/include/zed_components//sl_logging.hpp
[2.933s] -- Up-to-date symlink: /workspace/towen/install/zed_components/include/zed_components//sl_tools.hpp
[2.933s] -- Up-to-date symlink: /workspace/towen/install/zed_components/include/zed_components//sl_win_avg.hpp
[2.935s] -- Up-to-date symlink: /workspace/towen/install/zed_components/include/zed_components//visibility_control.hpp
[2.936s] -- Up-to-date symlink: /workspace/towen/install/zed_components/share/zed_components/environment/library_path.sh
[2.938s] -- Up-to-date symlink: /workspace/towen/install/zed_components/share/zed_components/environment/library_path.dsv
[2.939s] -- Up-to-date symlink: /workspace/towen/install/zed_components/share/ament_index/resource_index/package_run_dependencies/zed_components
[2.941s] -- Up-to-date symlink: /workspace/towen/install/zed_components/share/ament_index/resource_index/parent_prefix_path/zed_components
[2.946s] -- Up-to-date symlink: /workspace/towen/install/zed_components/share/zed_components/environment/ament_prefix_path.sh
[2.946s] -- Up-to-date symlink: /workspace/towen/install/zed_components/share/zed_components/environment/ament_prefix_path.dsv
[2.946s] -- Up-to-date symlink: /workspace/towen/install/zed_components/share/zed_components/environment/path.sh
[2.946s] -- Up-to-date symlink: /workspace/towen/install/zed_components/share/zed_components/environment/path.dsv
[2.948s] -- Up-to-date symlink: /workspace/towen/install/zed_components/share/zed_components/local_setup.bash
[2.949s] -- Up-to-date symlink: /workspace/towen/install/zed_components/share/zed_components/local_setup.sh
[2.950s] -- Up-to-date symlink: /workspace/towen/install/zed_components/share/zed_components/local_setup.zsh
[2.952s] -- Up-to-date symlink: /workspace/towen/install/zed_components/share/zed_components/local_setup.dsv
[2.953s] -- Symlinking: /workspace/towen/install/zed_components/share/zed_components/package.dsv
[2.964s] -- Up-to-date symlink: /workspace/towen/install/zed_components/share/ament_index/resource_index/packages/zed_components
[2.965s] -- Up-to-date symlink: /workspace/towen/install/zed_components/share/ament_index/resource_index/rclcpp_components/zed_components
[2.966s] -- Up-to-date symlink: /workspace/towen/install/zed_components/share/zed_components/cmake/ament_cmake_export_include_directories-extras.cmake
[2.972s] -- Up-to-date symlink: /workspace/towen/install/zed_components/share/zed_components/cmake/ament_cmake_export_libraries-extras.cmake
[2.972s] -- Up-to-date symlink: /workspace/towen/install/zed_components/share/zed_components/cmake/ament_cmake_export_dependencies-extras.cmake
[2.972s] -- Up-to-date symlink: /workspace/towen/install/zed_components/share/zed_components/cmake/zed_componentsConfig.cmake
[2.973s] -- Up-to-date symlink: /workspace/towen/install/zed_components/share/zed_components/cmake/zed_componentsConfig-version.cmake
[2.973s] -- Up-to-date symlink: /workspace/towen/install/zed_components/share/zed_components/package.xml
[3.047s] Invoked command in '/workspace/towen/build/zed_components' returned '0': BYOBU_DATE=%Y-%m-%d CMAKE_PREFIX_PATH=${CMAKE_PREFIX_PATH}:/workspace/towen/src/motionpackage/install/motionpackage:/workspace/towen/install/strategy:/workspace/towen/install/rosidl_cli:/workspace/towen/install/opencv_tests:/workspace/towen/install/motionpackage:/workspace/towen/install/imageprocess:/opt/ros/humble /usr/local/bin/cmake --install /workspace/towen/build/zed_components
