[4.634s] Invoking command in '/workspace/towen/src/imageprocess': BYOBU_DATE=%Y-%m-%d PYTHONPATH=/workspace/towen/build/imageprocess/prefix_override:/usr/lib/python3/dist-packages/colcon_core/task/python/colcon_distutils_commands:/workspace/towen/install/imageprocess/lib/python3.10/site-packages:${PYTHONPATH} /usr/bin/python3 -W ignore:setup.py install is deprecated setup.py egg_info --egg-base ../../build/imageprocess build --build-base /workspace/towen/build/imageprocess/build install --record /workspace/towen/build/imageprocess/install.log --single-version-externally-managed install_data
[5.773s] running egg_info
[5.848s] writing ../../build/imageprocess/imageprocess.egg-info/PKG-INFO
[5.850s] writing dependency_links to ../../build/imageprocess/imageprocess.egg-info/dependency_links.txt
[5.851s] writing entry points to ../../build/imageprocess/imageprocess.egg-info/entry_points.txt
[5.853s] writing requirements to ../../build/imageprocess/imageprocess.egg-info/requires.txt
[5.854s] writing top-level names to ../../build/imageprocess/imageprocess.egg-info/top_level.txt
[6.036s] reading manifest file '../../build/imageprocess/imageprocess.egg-info/SOURCES.txt'
[6.038s] adding license file 'LICENSE'
[6.042s] writing manifest file '../../build/imageprocess/imageprocess.egg-info/SOURCES.txt'
[6.044s] running build
[6.045s] running build_py
[6.052s] copying imageprocess/modelparameter.py -> /workspace/towen/build/imageprocess/build/lib/imageprocess
[6.065s] copying imageprocess/image_0417.py -> /workspace/towen/build/imageprocess/build/lib/imageprocess
[6.068s] copying imageprocess/dataunit.py -> /workspace/towen/build/imageprocess/build/lib/imageprocess
[6.071s] copying imageprocess/123123.py -> /workspace/towen/build/imageprocess/build/lib/imageprocess
[6.073s] copying imageprocess/image_test.py -> /workspace/towen/build/imageprocess/build/lib/imageprocess
[6.091s] copying imageprocess/image.py -> /workspace/towen/build/imageprocess/build/lib/imageprocess
[6.093s] copying imageprocess/__init__.py -> /workspace/towen/build/imageprocess/build/lib/imageprocess
[6.096s] copying imageprocess/imageprocess.py -> /workspace/towen/build/imageprocess/build/lib/imageprocess
[6.097s] copying imageprocess/camera_segment_headless.py -> /workspace/towen/build/imageprocess/build/lib/imageprocess
[6.098s] running install
[6.099s] running install_lib
[6.169s] copying /workspace/towen/build/imageprocess/build/lib/imageprocess/image.py -> /workspace/towen/install/imageprocess/lib/python3.10/site-packages/imageprocess
[6.171s] byte-compiling /workspace/towen/install/imageprocess/lib/python3.10/site-packages/imageprocess/image.py to image.cpython-310.pyc
[6.183s] running install_data
[6.185s] copying resource/imageprocess -> /workspace/towen/install/imageprocess/share/ament_index/resource_index/packages
[6.186s] copying package.xml -> /workspace/towen/install/imageprocess/share/imageprocess
[6.187s] running install_egg_info
[6.258s] removing '/workspace/towen/install/imageprocess/lib/python3.10/site-packages/imageprocess-0.0.0-py3.10.egg-info' (and everything under it)
[6.258s] Copying ../../build/imageprocess/imageprocess.egg-info to /workspace/towen/install/imageprocess/lib/python3.10/site-packages/imageprocess-0.0.0-py3.10.egg-info
[6.258s] running install_scripts
[6.949s] Installing image script to /workspace/towen/install/imageprocess/lib/imageprocess
[6.949s] Installing image_test script to /workspace/towen/install/imageprocess/lib/imageprocess
[6.951s] Installing imageprocess script to /workspace/towen/install/imageprocess/lib/imageprocess
[6.952s] writing list of installed files to '/workspace/towen/build/imageprocess/install.log'
[7.084s] Invoked command in '/workspace/towen/src/imageprocess' returned '0': BYOBU_DATE=%Y-%m-%d PYTHONPATH=/workspace/towen/build/imageprocess/prefix_override:/usr/lib/python3/dist-packages/colcon_core/task/python/colcon_distutils_commands:/workspace/towen/install/imageprocess/lib/python3.10/site-packages:${PYTHONPATH} /usr/bin/python3 -W ignore:setup.py install is deprecated setup.py egg_info --egg-base ../../build/imageprocess build --build-base /workspace/towen/build/imageprocess/build install --record /workspace/towen/build/imageprocess/install.log --single-version-externally-managed install_data
