[0.021s] Invoking command in '/home/iclab/Desktop/humanoid/build/usb_cam': BYOBU_DATE=%Y-%m-%d CMAKE_PREFIX_PATH=/home/iclab/Desktop/humanoid/install/tku_msgs:/home/iclab/Desktop/humanoid/install/web_video_server:/home/iclab/Desktop/humanoid/install/usb_cam:/home/iclab/Desktop/humanoid/install/wula:/home/iclab/Desktop/humanoid/install/motionpackage:/home/iclab/Desktop/humanoid/install/imageprocess:/opt/ros/humble LD_LIBRARY_PATH=/home/iclab/Desktop/humanoid/install/tku_msgs/lib:/home/iclab/Desktop/humanoid/install/usb_cam/lib:/usr/local/cuda-12.6/lib64:/opt/ros/humble/opt/rviz_ogre_vendor/lib:/opt/ros/humble/lib/aarch64-linux-gnu:/opt/ros/humble/lib:/usr/local/cuda-12.6/lib64 /usr/bin/cmake /home/iclab/Desktop/humanoid/src/usb_cam -DCMAKE_INSTALL_PREFIX=/home/iclab/Desktop/humanoid/install/usb_cam
[0.129s] -- The C compiler identification is GNU 11.4.0
[0.233s] -- The CXX compiler identification is GNU 11.4.0
[0.249s] -- Detecting C compiler ABI info
[0.387s] -- Detecting C compiler ABI info - done
[0.406s] -- Check for working C compiler: /usr/bin/cc - skipped
[0.407s] -- Detecting C compile features
[0.408s] -- Detecting C compile features - done
[0.416s] -- Detecting CXX compiler ABI info
[0.573s] -- Detecting CXX compiler ABI info - done
[0.587s] -- Check for working CXX compiler: /usr/bin/c++ - skipped
[0.587s] -- Detecting CXX compile features
[0.588s] -- Detecting CXX compile features - done
[0.594s] -- Found ament_cmake_auto: 1.3.11 (/opt/ros/humble/share/ament_cmake_auto/cmake)
[0.937s] -- Found Python3: /usr/bin/python3 (found version "3.10.12") found components: Interpreter 
[1.384s] -- Found rosidl_generator_c: 3.1.6 (/opt/ros/humble/share/rosidl_generator_c/cmake)
[1.394s] -- Found rosidl_adapter: 3.1.6 (/opt/ros/humble/share/rosidl_adapter/cmake)
[1.411s] -- Found rosidl_generator_cpp: 3.1.6 (/opt/ros/humble/share/rosidl_generator_cpp/cmake)
[1.436s] -- Using all available rosidl_typesupport_c: rosidl_typesupport_fastrtps_c;rosidl_typesupport_introspection_c
[1.470s] -- Using all available rosidl_typesupport_cpp: rosidl_typesupport_fastrtps_cpp;rosidl_typesupport_introspection_cpp
[1.562s] -- Found rmw_implementation_cmake: 6.1.2 (/opt/ros/humble/share/rmw_implementation_cmake/cmake)
[1.568s] -- Found rmw_fastrtps_cpp: 6.2.7 (/opt/ros/humble/share/rmw_fastrtps_cpp/cmake)
[1.733s] -- Found OpenSSL: /usr/lib/aarch64-linux-gnu/libcrypto.so (found version "3.0.2")  
[1.788s] -- Found FastRTPS: /opt/ros/humble/include  
[1.869s] -- Using RMW implementation 'rmw_fastrtps_cpp' as default
[1.887s] -- Looking for pthread.h
[2.030s] -- Looking for pthread.h - found
[2.030s] -- Performing Test CMAKE_HAVE_LIBC_PTHREAD
[2.188s] -- Performing Test CMAKE_HAVE_LIBC_PTHREAD - Success
[2.192s] -- Found Threads: TRUE  
[2.669s] -- Found OpenCV: /usr/local (found version "4.8.0") 
[2.677s] -- Found PkgConfig: /usr/bin/pkg-config (found version "0.29.2") 
[2.678s] -- Checking for module 'libavcodec'
[2.702s] --   Found libavcodec, version 58.134.100
[2.772s] -- Checking for module 'libavutil'
[2.803s] --   Found libavutil, version 56.70.100
[2.865s] -- Checking for module 'libswscale'
[2.890s] --   Found libswscale, version 5.9.100
[2.976s] -- Found ament_lint_auto: 0.12.11 (/opt/ros/humble/share/ament_lint_auto/cmake)
[3.038s] -- Found gtest sources under '/opt/ros/humble/src/gtest_vendor': C++ tests using 'Google Test' will be built
[3.064s] -- Added test 'copyright' to check source files copyright and LICENSE
[3.078s] -- Added test 'cppcheck' to perform static code analysis on C / C++ code
[3.078s] -- Configured cppcheck include dirs: /home/iclab/Desktop/humanoid/src/usb_cam/include
[3.078s] -- Configured cppcheck exclude dirs and/or files: 
[3.089s] -- Added test 'cpplint' to check C / C++ code against the Google style
[3.089s] -- Configured cpplint exclude dirs and/or files: 
[3.091s] -- Added test 'flake8' to check Python code syntax and style conventions
[3.094s] -- Added test 'lint_cmake' to check CMake code style
[3.096s] -- Added test 'pep257' to check Python code against some of the docstring style conventions in PEP 257
[3.105s] -- Added test 'uncrustify' to check C / C++ code style
[3.105s] -- Configured uncrustify additional arguments: 
[3.107s] -- Added test 'xmllint' to check XML markup files
[3.112s] -- Configuring done
[3.164s] -- Generating done
[3.181s] -- Build files have been written to: /home/iclab/Desktop/humanoid/build/usb_cam
[3.216s] Invoked command in '/home/iclab/Desktop/humanoid/build/usb_cam' returned '0': BYOBU_DATE=%Y-%m-%d CMAKE_PREFIX_PATH=/home/iclab/Desktop/humanoid/install/tku_msgs:/home/iclab/Desktop/humanoid/install/web_video_server:/home/iclab/Desktop/humanoid/install/usb_cam:/home/iclab/Desktop/humanoid/install/wula:/home/iclab/Desktop/humanoid/install/motionpackage:/home/iclab/Desktop/humanoid/install/imageprocess:/opt/ros/humble LD_LIBRARY_PATH=/home/iclab/Desktop/humanoid/install/tku_msgs/lib:/home/iclab/Desktop/humanoid/install/usb_cam/lib:/usr/local/cuda-12.6/lib64:/opt/ros/humble/opt/rviz_ogre_vendor/lib:/opt/ros/humble/lib/aarch64-linux-gnu:/opt/ros/humble/lib:/usr/local/cuda-12.6/lib64 /usr/bin/cmake /home/iclab/Desktop/humanoid/src/usb_cam -DCMAKE_INSTALL_PREFIX=/home/iclab/Desktop/humanoid/install/usb_cam
[3.221s] Invoking command in '/home/iclab/Desktop/humanoid/build/usb_cam': BYOBU_DATE=%Y-%m-%d CMAKE_PREFIX_PATH=/home/iclab/Desktop/humanoid/install/tku_msgs:/home/iclab/Desktop/humanoid/install/web_video_server:/home/iclab/Desktop/humanoid/install/usb_cam:/home/iclab/Desktop/humanoid/install/wula:/home/iclab/Desktop/humanoid/install/motionpackage:/home/iclab/Desktop/humanoid/install/imageprocess:/opt/ros/humble LD_LIBRARY_PATH=/home/iclab/Desktop/humanoid/install/tku_msgs/lib:/home/iclab/Desktop/humanoid/install/usb_cam/lib:/usr/local/cuda-12.6/lib64:/opt/ros/humble/opt/rviz_ogre_vendor/lib:/opt/ros/humble/lib/aarch64-linux-gnu:/opt/ros/humble/lib:/usr/local/cuda-12.6/lib64 /usr/bin/cmake --build /home/iclab/Desktop/humanoid/build/usb_cam -- -j6 -l6
[3.275s] -- Found ament_cmake_auto: 1.3.11 (/opt/ros/humble/share/ament_cmake_auto/cmake)
[3.765s] -- Found rosidl_generator_c: 3.1.6 (/opt/ros/humble/share/rosidl_generator_c/cmake)
[3.770s] -- Found rosidl_adapter: 3.1.6 (/opt/ros/humble/share/rosidl_adapter/cmake)
[3.781s] -- Found rosidl_generator_cpp: 3.1.6 (/opt/ros/humble/share/rosidl_generator_cpp/cmake)
[3.799s] -- Using all available rosidl_typesupport_c: rosidl_typesupport_fastrtps_c;rosidl_typesupport_introspection_c
[3.823s] -- Using all available rosidl_typesupport_cpp: rosidl_typesupport_fastrtps_cpp;rosidl_typesupport_introspection_cpp
[3.883s] -- Found rmw_implementation_cmake: 6.1.2 (/opt/ros/humble/share/rmw_implementation_cmake/cmake)
[3.886s] -- Found rmw_fastrtps_cpp: 6.2.7 (/opt/ros/humble/share/rmw_fastrtps_cpp/cmake)
[4.077s] -- Using RMW implementation 'rmw_fastrtps_cpp' as default
[4.443s] -- Found ament_lint_auto: 0.12.11 (/opt/ros/humble/share/ament_lint_auto/cmake)
[4.455s] -- Found gtest sources under '/opt/ros/humble/src/gtest_vendor': C++ tests using 'Google Test' will be built
[4.474s] -- Added test 'copyright' to check source files copyright and LICENSE
[4.482s] -- Added test 'cppcheck' to perform static code analysis on C / C++ code
[4.483s] -- Configured cppcheck include dirs: /home/iclab/Desktop/humanoid/src/usb_cam/include
[4.483s] -- Configured cppcheck exclude dirs and/or files: 
[4.492s] -- Added test 'cpplint' to check C / C++ code against the Google style
[4.492s] -- Configured cpplint exclude dirs and/or files: 
[4.493s] -- Added test 'flake8' to check Python code syntax and style conventions
[4.495s] -- Added test 'lint_cmake' to check CMake code style
[4.497s] -- Added test 'pep257' to check Python code against some of the docstring style conventions in PEP 257
[4.505s] -- Added test 'uncrustify' to check C / C++ code style
[4.506s] -- Configured uncrustify additional arguments: 
[4.507s] -- Added test 'xmllint' to check XML markup files
[4.510s] -- Configuring done
[4.565s] -- Generating done
[4.584s] -- Build files have been written to: /home/iclab/Desktop/humanoid/build/usb_cam
[4.657s] gmake[2]: Warning: File '/home/iclab/Desktop/humanoid/src/usb_cam/src/usb_cam.cpp' has modification time 1741250213 s in the future
[4.657s] gmake[2]: Warning: File '/opt/ros/humble/src/gtest_vendor/src/gtest_main.cc' has modification time 1722005334 s in the future
[4.657s] gmake[2]: Warning: File '/opt/ros/humble/lib/libcomponent_manager.so' has modification time 1732767692 s in the future
[4.660s] gmake[2]: Warning: File '/opt/ros/humble/src/gtest_vendor/src/gtest-all.cc' has modification time 1722005334 s in the future
[4.672s] [ 21%] [32mBuilding CXX object gtest/CMakeFiles/gtest_main.dir/src/gtest_main.cc.o[0m
[4.672s] [ 21%] [32mBuilding CXX object CMakeFiles/usb_cam.dir/src/usb_cam.cpp.o[0m
[4.672s] [ 21%] [32mBuilding CXX object CMakeFiles/usb_cam_node_exe.dir/rclcpp_components/node_main_usb_cam_node_exe.cpp.o[0m
[4.677s] [ 28%] [32mBuilding CXX object gtest/CMakeFiles/gtest.dir/src/gtest-all.cc.o[0m
[6.912s] [ 35%] [32m[1mLinking CXX static library libgtest_main.a[0m
[7.265s] gmake[2]: warning:  Clock skew detected.  Your build may be incomplete.
[7.282s] [ 35%] Built target gtest_main
[9.662s] [ 42%] [32m[1mLinking CXX shared library libusb_cam.so[0m
[9.956s] gmake[2]: warning:  Clock skew detected.  Your build may be incomplete.
[9.972s] [ 42%] Built target usb_cam
[9.999s] gmake[2]: Warning: File '/home/iclab/Desktop/humanoid/src/usb_cam/src/usb_cam_node.cpp' has modification time 1747938963 s in the future
[10.015s] [ 50%] [32mBuilding CXX object CMakeFiles/usb_cam_node.dir/src/usb_cam_node.cpp.o[0m
[12.382s] [ 57%] [32m[1mLinking CXX executable usb_cam_node_exe[0m
[12.435s] [ 64%] [32m[1mLinking CXX static library libgtest.a[0m
[12.629s] gmake[2]: warning:  Clock skew detected.  Your build may be incomplete.
[12.648s] [ 64%] Built target gtest
[12.678s] gmake[2]: Warning: File '/home/iclab/Desktop/humanoid/src/usb_cam/test/test_pixel_formats.cpp' has modification time 1741246844 s in the future
[12.678s] gmake[2]: Warning: File '/home/iclab/Desktop/humanoid/src/usb_cam/test/test_usb_cam_utils.cpp' has modification time 1741246844 s in the future
[12.697s] [ 78%] [32mBuilding CXX object CMakeFiles/test_pixel_formats.dir/test/test_pixel_formats.cpp.o[0m
[12.697s] [ 78%] [32mBuilding CXX object CMakeFiles/test_usb_cam_utils.dir/test/test_usb_cam_utils.cpp.o[0m
[12.995s] gmake[2]: warning:  Clock skew detected.  Your build may be incomplete.
[13.012s] [ 78%] Built target usb_cam_node_exe
[15.784s] [ 85%] [32m[1mLinking CXX executable test_usb_cam_utils[0m
[16.197s] gmake[2]: warning:  Clock skew detected.  Your build may be incomplete.
[16.214s] [ 85%] Built target test_usb_cam_utils
[17.016s] [ 92%] [32m[1mLinking CXX executable test_pixel_formats[0m
[17.412s] gmake[2]: warning:  Clock skew detected.  Your build may be incomplete.
[17.427s] [ 92%] Built target test_pixel_formats
[49.668s] [100%] [32m[1mLinking CXX shared library libusb_cam_node.so[0m
[51.966s] gmake[2]: warning:  Clock skew detected.  Your build may be incomplete.
[51.983s] [100%] Built target usb_cam_node
[52.008s] Invoked command in '/home/iclab/Desktop/humanoid/build/usb_cam' returned '0': BYOBU_DATE=%Y-%m-%d CMAKE_PREFIX_PATH=/home/iclab/Desktop/humanoid/install/tku_msgs:/home/iclab/Desktop/humanoid/install/web_video_server:/home/iclab/Desktop/humanoid/install/usb_cam:/home/iclab/Desktop/humanoid/install/wula:/home/iclab/Desktop/humanoid/install/motionpackage:/home/iclab/Desktop/humanoid/install/imageprocess:/opt/ros/humble LD_LIBRARY_PATH=/home/iclab/Desktop/humanoid/install/tku_msgs/lib:/home/iclab/Desktop/humanoid/install/usb_cam/lib:/usr/local/cuda-12.6/lib64:/opt/ros/humble/opt/rviz_ogre_vendor/lib:/opt/ros/humble/lib/aarch64-linux-gnu:/opt/ros/humble/lib:/usr/local/cuda-12.6/lib64 /usr/bin/cmake --build /home/iclab/Desktop/humanoid/build/usb_cam -- -j6 -l6
[52.012s] Invoking command in '/home/iclab/Desktop/humanoid/build/usb_cam': BYOBU_DATE=%Y-%m-%d CMAKE_PREFIX_PATH=/home/iclab/Desktop/humanoid/install/tku_msgs:/home/iclab/Desktop/humanoid/install/web_video_server:/home/iclab/Desktop/humanoid/install/usb_cam:/home/iclab/Desktop/humanoid/install/wula:/home/iclab/Desktop/humanoid/install/motionpackage:/home/iclab/Desktop/humanoid/install/imageprocess:/opt/ros/humble LD_LIBRARY_PATH=/home/iclab/Desktop/humanoid/install/tku_msgs/lib:/home/iclab/Desktop/humanoid/install/usb_cam/lib:/usr/local/cuda-12.6/lib64:/opt/ros/humble/opt/rviz_ogre_vendor/lib:/opt/ros/humble/lib/aarch64-linux-gnu:/opt/ros/humble/lib:/usr/local/cuda-12.6/lib64 /usr/bin/cmake --install /home/iclab/Desktop/humanoid/build/usb_cam
[52.028s] -- Install configuration: ""
[52.028s] -- Up-to-date: /home/iclab/Desktop/humanoid/install/usb_cam/share/usb_cam/environment/library_path.sh
[52.028s] -- Installing: /home/iclab/Desktop/humanoid/install/usb_cam/share/usb_cam/environment/library_path.dsv
[52.029s] -- Installing: /home/iclab/Desktop/humanoid/install/usb_cam/lib/usb_cam/usb_cam_node_exe
[52.031s] -- Set runtime path of "/home/iclab/Desktop/humanoid/install/usb_cam/lib/usb_cam/usb_cam_node_exe" to ""
[52.031s] -- Up-to-date: /home/iclab/Desktop/humanoid/install/usb_cam/lib/usb_cam/show_image.py
[52.031s] -- Installing: /home/iclab/Desktop/humanoid/install/usb_cam/lib/libusb_cam.so
[52.034s] -- Set runtime path of "/home/iclab/Desktop/humanoid/install/usb_cam/lib/libusb_cam.so" to ""
[52.034s] -- Installing: /home/iclab/Desktop/humanoid/install/usb_cam/lib/libusb_cam_node.so
[52.077s] -- Set runtime path of "/home/iclab/Desktop/humanoid/install/usb_cam/lib/libusb_cam_node.so" to ""
[52.078s] -- Up-to-date: /home/iclab/Desktop/humanoid/install/usb_cam/include
[52.078s] -- Up-to-date: /home/iclab/Desktop/humanoid/install/usb_cam/include/usb_cam
[52.078s] -- Up-to-date: /home/iclab/Desktop/humanoid/install/usb_cam/include/usb_cam/formats
[52.078s] -- Up-to-date: /home/iclab/Desktop/humanoid/install/usb_cam/include/usb_cam/formats/m420.hpp
[52.078s] -- Up-to-date: /home/iclab/Desktop/humanoid/install/usb_cam/include/usb_cam/formats/mono.hpp
[52.079s] -- Up-to-date: /home/iclab/Desktop/humanoid/install/usb_cam/include/usb_cam/formats/yuyv.hpp
[52.079s] -- Up-to-date: /home/iclab/Desktop/humanoid/install/usb_cam/include/usb_cam/formats/pixel_format_base.hpp
[52.079s] -- Up-to-date: /home/iclab/Desktop/humanoid/install/usb_cam/include/usb_cam/formats/av_pixel_format_helper.hpp
[52.079s] -- Up-to-date: /home/iclab/Desktop/humanoid/install/usb_cam/include/usb_cam/formats/utils.hpp
[52.079s] -- Up-to-date: /home/iclab/Desktop/humanoid/install/usb_cam/include/usb_cam/formats/rgb.hpp
[52.080s] -- Up-to-date: /home/iclab/Desktop/humanoid/install/usb_cam/include/usb_cam/formats/uyvy.hpp
[52.080s] -- Up-to-date: /home/iclab/Desktop/humanoid/install/usb_cam/include/usb_cam/formats/mjpeg.hpp
[52.080s] -- Up-to-date: /home/iclab/Desktop/humanoid/install/usb_cam/include/usb_cam/constants.hpp
[52.080s] -- Up-to-date: /home/iclab/Desktop/humanoid/install/usb_cam/include/usb_cam/utils.hpp
[52.080s] -- Up-to-date: /home/iclab/Desktop/humanoid/install/usb_cam/include/usb_cam/conversions.hpp
[52.080s] -- Up-to-date: /home/iclab/Desktop/humanoid/install/usb_cam/include/usb_cam/usb_cam_node.hpp
[52.081s] -- Up-to-date: /home/iclab/Desktop/humanoid/install/usb_cam/include/usb_cam/usb_cam.hpp
[52.081s] -- Up-to-date: /home/iclab/Desktop/humanoid/install/usb_cam/lib/libusb_cam_node.so
[52.081s] -- Up-to-date: /home/iclab/Desktop/humanoid/install/usb_cam/share/usb_cam/launch
[52.081s] -- Up-to-date: /home/iclab/Desktop/humanoid/install/usb_cam/share/usb_cam/launch/camera.launch.py
[52.081s] -- Up-to-date: /home/iclab/Desktop/humanoid/install/usb_cam/share/usb_cam/launch/__init__.py
[52.081s] -- Up-to-date: /home/iclab/Desktop/humanoid/install/usb_cam/share/usb_cam/launch/camera_config.py
[52.082s] -- Up-to-date: /home/iclab/Desktop/humanoid/install/usb_cam/share/usb_cam/config
[52.082s] -- Up-to-date: /home/iclab/Desktop/humanoid/install/usb_cam/share/usb_cam/config/camera_info.yaml
[52.082s] -- Up-to-date: /home/iclab/Desktop/humanoid/install/usb_cam/share/usb_cam/config/params_1.yaml
[52.082s] -- Up-to-date: /home/iclab/Desktop/humanoid/install/usb_cam/share/usb_cam/config/params_2.yaml
[52.082s] -- Installing: /home/iclab/Desktop/humanoid/install/usb_cam/share/ament_index/resource_index/package_run_dependencies/usb_cam
[52.082s] -- Installing: /home/iclab/Desktop/humanoid/install/usb_cam/share/ament_index/resource_index/parent_prefix_path/usb_cam
[52.083s] -- Up-to-date: /home/iclab/Desktop/humanoid/install/usb_cam/share/usb_cam/environment/ament_prefix_path.sh
[52.083s] -- Installing: /home/iclab/Desktop/humanoid/install/usb_cam/share/usb_cam/environment/ament_prefix_path.dsv
[52.083s] -- Up-to-date: /home/iclab/Desktop/humanoid/install/usb_cam/share/usb_cam/environment/path.sh
[52.083s] -- Installing: /home/iclab/Desktop/humanoid/install/usb_cam/share/usb_cam/environment/path.dsv
[52.083s] -- Installing: /home/iclab/Desktop/humanoid/install/usb_cam/share/usb_cam/local_setup.bash
[52.083s] -- Installing: /home/iclab/Desktop/humanoid/install/usb_cam/share/usb_cam/local_setup.sh
[52.083s] -- Installing: /home/iclab/Desktop/humanoid/install/usb_cam/share/usb_cam/local_setup.zsh
[52.084s] -- Installing: /home/iclab/Desktop/humanoid/install/usb_cam/share/usb_cam/local_setup.dsv
[52.084s] -- Installing: /home/iclab/Desktop/humanoid/install/usb_cam/share/usb_cam/package.dsv
[52.084s] -- Installing: /home/iclab/Desktop/humanoid/install/usb_cam/share/ament_index/resource_index/packages/usb_cam
[52.084s] -- Installing: /home/iclab/Desktop/humanoid/install/usb_cam/share/ament_index/resource_index/rclcpp_components/usb_cam
[52.084s] -- Installing: /home/iclab/Desktop/humanoid/install/usb_cam/share/usb_cam/cmake/ament_cmake_export_libraries-extras.cmake
[52.085s] -- Installing: /home/iclab/Desktop/humanoid/install/usb_cam/share/usb_cam/cmake/ament_cmake_export_dependencies-extras.cmake
[52.085s] -- Installing: /home/iclab/Desktop/humanoid/install/usb_cam/share/usb_cam/cmake/ament_cmake_export_include_directories-extras.cmake
[52.085s] -- Installing: /home/iclab/Desktop/humanoid/install/usb_cam/share/usb_cam/cmake/usb_camConfig.cmake
[52.085s] -- Installing: /home/iclab/Desktop/humanoid/install/usb_cam/share/usb_cam/cmake/usb_camConfig-version.cmake
[52.085s] -- Up-to-date: /home/iclab/Desktop/humanoid/install/usb_cam/share/usb_cam/package.xml
[52.091s] Invoked command in '/home/iclab/Desktop/humanoid/build/usb_cam' returned '0': BYOBU_DATE=%Y-%m-%d CMAKE_PREFIX_PATH=/home/iclab/Desktop/humanoid/install/tku_msgs:/home/iclab/Desktop/humanoid/install/web_video_server:/home/iclab/Desktop/humanoid/install/usb_cam:/home/iclab/Desktop/humanoid/install/wula:/home/iclab/Desktop/humanoid/install/motionpackage:/home/iclab/Desktop/humanoid/install/imageprocess:/opt/ros/humble LD_LIBRARY_PATH=/home/iclab/Desktop/humanoid/install/tku_msgs/lib:/home/iclab/Desktop/humanoid/install/usb_cam/lib:/usr/local/cuda-12.6/lib64:/opt/ros/humble/opt/rviz_ogre_vendor/lib:/opt/ros/humble/lib/aarch64-linux-gnu:/opt/ros/humble/lib:/usr/local/cuda-12.6/lib64 /usr/bin/cmake --install /home/iclab/Desktop/humanoid/build/usb_cam
