[3.414s] Invoking command in '/workspace/towen/src/strategy': BYOBU_DATE=%Y-%m-%d PYTHONPATH=/workspace/towen/build/strategy/prefix_override:/usr/lib/python3/dist-packages/colcon_core/task/python/colcon_distutils_commands:/workspace/towen/install/strategy/lib/python3.10/site-packages:${PYTHONPATH} /usr/bin/python3 -W ignore:setup.py install is deprecated setup.py egg_info --egg-base ../../build/strategy build --build-base /workspace/towen/build/strategy/build install --record /workspace/towen/build/strategy/install.log --single-version-externally-managed install_data
[3.990s] /home/work/.local/lib/python3.10/site-packages/setuptools/_distutils/dist.py:289: UserWarning: Unknown distribution option: 'tests_require'
[3.991s]   warnings.warn(msg)
[4.317s] running egg_info
[4.352s] writing ../../build/strategy/strategy.egg-info/PKG-INFO
[4.352s] writing dependency_links to ../../build/strategy/strategy.egg-info/dependency_links.txt
[4.353s] writing entry points to ../../build/strategy/strategy.egg-info/entry_points.txt
[4.354s] writing requirements to ../../build/strategy/strategy.egg-info/requires.txt
[4.354s] writing top-level names to ../../build/strategy/strategy.egg-info/top_level.txt
[4.462s] reading manifest file '../../build/strategy/strategy.egg-info/SOURCES.txt'
[4.464s] adding license file 'LICENSE'
[4.466s] writing manifest file '../../build/strategy/strategy.egg-info/SOURCES.txt'
[4.469s] running build
[4.469s] running build_py
[4.470s] copying strategy/__init__.py -> /workspace/towen/build/strategy/build/lib/strategy
[4.470s] copying strategy/API.py -> /workspace/towen/build/strategy/build/lib/strategy
[4.470s] copying strategy/mar/__init__.py -> /workspace/towen/build/strategy/build/lib/strategy/mar
[4.470s] copying strategy/mar/mar.py -> /workspace/towen/build/strategy/build/lib/strategy/mar
[4.471s] copying strategy/wl/wl.py -> /workspace/towen/build/strategy/build/lib/strategy/wl
[4.471s] copying strategy/wl/__init__.py -> /workspace/towen/build/strategy/build/lib/strategy/wl
[4.471s] copying strategy/sp/sp.py -> /workspace/towen/build/strategy/build/lib/strategy/sp
[4.471s] copying strategy/sp/__init__.py -> /workspace/towen/build/strategy/build/lib/strategy/sp
[4.471s] copying strategy/obs/__init__.py -> /workspace/towen/build/strategy/build/lib/strategy/obs
[4.472s] copying strategy/obs/obs.py -> /workspace/towen/build/strategy/build/lib/strategy/obs
[4.476s] copying strategy/sr/__init__.py -> /workspace/towen/build/strategy/build/lib/strategy/sr
[4.477s] copying strategy/sr/sr.py -> /workspace/towen/build/strategy/build/lib/strategy/sr
[4.478s] copying strategy/bb/__init__.py -> /workspace/towen/build/strategy/build/lib/strategy/bb
[4.480s] copying strategy/bb/bb.py -> /workspace/towen/build/strategy/build/lib/strategy/bb
[4.481s] copying strategy/ar/__init__.py -> /workspace/towen/build/strategy/build/lib/strategy/ar
[4.481s] copying strategy/ar/ar.py -> /workspace/towen/build/strategy/build/lib/strategy/ar
[4.482s] running install
[4.489s] running install_lib
[4.543s] running install_data
[4.544s] copying resource/strategy -> /workspace/towen/install/strategy/share/ament_index/resource_index/packages
[4.544s] copying package.xml -> /workspace/towen/install/strategy/share/strategy
[4.545s] running install_egg_info
[4.601s] removing '/workspace/towen/install/strategy/lib/python3.10/site-packages/strategy-0.0.0-py3.10.egg-info' (and everything under it)
[4.601s] Copying ../../build/strategy/strategy.egg-info to /workspace/towen/install/strategy/lib/python3.10/site-packages/strategy-0.0.0-py3.10.egg-info
[4.602s] running install_scripts
[4.707s] Installing ar script to /workspace/towen/install/strategy/lib/strategy
[4.708s] Installing bb script to /workspace/towen/install/strategy/lib/strategy
[4.708s] Installing mar script to /workspace/towen/install/strategy/lib/strategy
[4.709s] Installing obs script to /workspace/towen/install/strategy/lib/strategy
[4.709s] Installing sp script to /workspace/towen/install/strategy/lib/strategy
[4.711s] Installing sr script to /workspace/towen/install/strategy/lib/strategy
[4.711s] Installing wl script to /workspace/towen/install/strategy/lib/strategy
[4.712s] writing list of installed files to '/workspace/towen/build/strategy/install.log'
