[0.036s] Invoking command in '/home/iclab/Desktop/humanoid/build/usb_cam': AMENT_PREFIX_PATH=/home/iclab/Desktop/humanoid/install/tku_msgs:${AMENT_PREFIX_PATH} BYOBU_DATE=%Y-%m-%d CMAKE_PREFIX_PATH=/home/iclab/Desktop/humanoid/install/tku_msgs:/opt/ros/humble LD_LIBRARY_PATH=/home/iclab/Desktop/humanoid/install/tku_msgs/lib:/usr/local/cuda-12.6/lib64:/opt/ros/humble/opt/rviz_ogre_vendor/lib:/opt/ros/humble/lib/aarch64-linux-gnu:/opt/ros/humble/lib:/usr/local/cuda-12.6/lib64 PYTHONPATH=/home/iclab/Desktop/humanoid/install/tku_msgs/local/lib/python3.10/dist-packages:${PYTHONPATH} /usr/bin/cmake --build /home/iclab/Desktop/humanoid/build/usb_cam -- -j6 -l6
[0.100s] -- Found ament_cmake_auto: 1.3.11 (/opt/ros/humble/share/ament_cmake_auto/cmake)
[0.644s] -- Found rosidl_generator_c: 3.1.6 (/opt/ros/humble/share/rosidl_generator_c/cmake)
[0.649s] -- Found rosidl_adapter: 3.1.6 (/opt/ros/humble/share/rosidl_adapter/cmake)
[0.668s] -- Found rosidl_generator_cpp: 3.1.6 (/opt/ros/humble/share/rosidl_generator_cpp/cmake)
[0.697s] -- Using all available rosidl_typesupport_c: rosidl_typesupport_fastrtps_c;rosidl_typesupport_introspection_c
[0.722s] -- Using all available rosidl_typesupport_cpp: rosidl_typesupport_fastrtps_cpp;rosidl_typesupport_introspection_cpp
[0.785s] -- Found rmw_implementation_cmake: 6.1.2 (/opt/ros/humble/share/rmw_implementation_cmake/cmake)
[0.788s] -- Found rmw_fastrtps_cpp: 6.2.7 (/opt/ros/humble/share/rmw_fastrtps_cpp/cmake)
[0.983s] -- Using RMW implementation 'rmw_fastrtps_cpp' as default
[1.390s] -- Found ament_lint_auto: 0.12.11 (/opt/ros/humble/share/ament_lint_auto/cmake)
[1.403s] -- Found gtest sources under '/opt/ros/humble/src/gtest_vendor': C++ tests using 'Google Test' will be built
[1.426s] -- Added test 'copyright' to check source files copyright and LICENSE
[1.435s] -- Added test 'cppcheck' to perform static code analysis on C / C++ code
[1.436s] -- Configured cppcheck include dirs: /home/iclab/Desktop/humanoid/src/usb_cam/include
[1.436s] -- Configured cppcheck exclude dirs and/or files: 
[1.446s] -- Added test 'cpplint' to check C / C++ code against the Google style
[1.446s] -- Configured cpplint exclude dirs and/or files: 
[1.447s] -- Added test 'flake8' to check Python code syntax and style conventions
[1.450s] -- Added test 'lint_cmake' to check CMake code style
[1.452s] -- Added test 'pep257' to check Python code against some of the docstring style conventions in PEP 257
[1.462s] -- Added test 'uncrustify' to check C / C++ code style
[1.462s] -- Configured uncrustify additional arguments: 
[1.463s] -- Added test 'xmllint' to check XML markup files
[1.468s] -- Configuring done
[1.524s] -- Generating done
[1.541s] -- Build files have been written to: /home/iclab/Desktop/humanoid/build/usb_cam
[1.607s] [35m[1mConsolidate compiler generated dependencies of target gtest_main[0m
[1.608s] [35m[1mConsolidate compiler generated dependencies of target usb_cam[0m
[1.608s] [35m[1mConsolidate compiler generated dependencies of target gtest[0m
[1.608s] [35m[1mConsolidate compiler generated dependencies of target usb_cam_node_exe[0m
[1.639s] [ 42%] Built target gtest
[1.640s] [ 42%] Built target gtest_main
[1.640s] [ 42%] Built target usb_cam
[1.649s] [ 57%] Built target usb_cam_node_exe
[1.660s] [35m[1mConsolidate compiler generated dependencies of target test_usb_cam_utils[0m
[1.661s] [35m[1mConsolidate compiler generated dependencies of target test_pixel_formats[0m
[1.661s] [35m[1mConsolidate compiler generated dependencies of target usb_cam_node[0m
[1.692s] [ 85%] Built target test_usb_cam_utils
[1.692s] [ 85%] Built target test_pixel_formats
[1.703s] [ 92%] [32m[1mLinking CXX shared library libusb_cam_node.so[0m
[3.991s] [100%] Built target usb_cam_node
[4.018s] Invoked command in '/home/iclab/Desktop/humanoid/build/usb_cam' returned '0': AMENT_PREFIX_PATH=/home/iclab/Desktop/humanoid/install/tku_msgs:${AMENT_PREFIX_PATH} BYOBU_DATE=%Y-%m-%d CMAKE_PREFIX_PATH=/home/iclab/Desktop/humanoid/install/tku_msgs:/opt/ros/humble LD_LIBRARY_PATH=/home/iclab/Desktop/humanoid/install/tku_msgs/lib:/usr/local/cuda-12.6/lib64:/opt/ros/humble/opt/rviz_ogre_vendor/lib:/opt/ros/humble/lib/aarch64-linux-gnu:/opt/ros/humble/lib:/usr/local/cuda-12.6/lib64 PYTHONPATH=/home/iclab/Desktop/humanoid/install/tku_msgs/local/lib/python3.10/dist-packages:${PYTHONPATH} /usr/bin/cmake --build /home/iclab/Desktop/humanoid/build/usb_cam -- -j6 -l6
[4.022s] Invoking command in '/home/iclab/Desktop/humanoid/build/usb_cam': AMENT_PREFIX_PATH=/home/iclab/Desktop/humanoid/install/tku_msgs:${AMENT_PREFIX_PATH} BYOBU_DATE=%Y-%m-%d CMAKE_PREFIX_PATH=/home/iclab/Desktop/humanoid/install/tku_msgs:/opt/ros/humble LD_LIBRARY_PATH=/home/iclab/Desktop/humanoid/install/tku_msgs/lib:/usr/local/cuda-12.6/lib64:/opt/ros/humble/opt/rviz_ogre_vendor/lib:/opt/ros/humble/lib/aarch64-linux-gnu:/opt/ros/humble/lib:/usr/local/cuda-12.6/lib64 PYTHONPATH=/home/iclab/Desktop/humanoid/install/tku_msgs/local/lib/python3.10/dist-packages:${PYTHONPATH} /usr/bin/cmake --install /home/iclab/Desktop/humanoid/build/usb_cam
[4.040s] -- Install configuration: ""
[4.040s] -- Up-to-date: /home/iclab/Desktop/humanoid/install/usb_cam/share/usb_cam/environment/library_path.sh
[4.040s] -- Installing: /home/iclab/Desktop/humanoid/install/usb_cam/share/usb_cam/environment/library_path.dsv
[4.041s] -- Up-to-date: /home/iclab/Desktop/humanoid/install/usb_cam/lib/usb_cam/usb_cam_node_exe
[4.041s] -- Up-to-date: /home/iclab/Desktop/humanoid/install/usb_cam/lib/usb_cam/show_image.py
[4.042s] -- Up-to-date: /home/iclab/Desktop/humanoid/install/usb_cam/lib/libusb_cam.so
[4.042s] -- Installing: /home/iclab/Desktop/humanoid/install/usb_cam/lib/libusb_cam_node.so
[4.088s] -- Set runtime path of "/home/iclab/Desktop/humanoid/install/usb_cam/lib/libusb_cam_node.so" to ""
[4.089s] -- Up-to-date: /home/iclab/Desktop/humanoid/install/usb_cam/include
[4.089s] -- Up-to-date: /home/iclab/Desktop/humanoid/install/usb_cam/include/usb_cam
[4.090s] -- Up-to-date: /home/iclab/Desktop/humanoid/install/usb_cam/include/usb_cam/formats
[4.090s] -- Up-to-date: /home/iclab/Desktop/humanoid/install/usb_cam/include/usb_cam/formats/m420.hpp
[4.090s] -- Up-to-date: /home/iclab/Desktop/humanoid/install/usb_cam/include/usb_cam/formats/mono.hpp
[4.091s] -- Up-to-date: /home/iclab/Desktop/humanoid/install/usb_cam/include/usb_cam/formats/yuyv.hpp
[4.091s] -- Up-to-date: /home/iclab/Desktop/humanoid/install/usb_cam/include/usb_cam/formats/pixel_format_base.hpp
[4.091s] -- Up-to-date: /home/iclab/Desktop/humanoid/install/usb_cam/include/usb_cam/formats/av_pixel_format_helper.hpp
[4.092s] -- Up-to-date: /home/iclab/Desktop/humanoid/install/usb_cam/include/usb_cam/formats/utils.hpp
[4.092s] -- Up-to-date: /home/iclab/Desktop/humanoid/install/usb_cam/include/usb_cam/formats/rgb.hpp
[4.092s] -- Up-to-date: /home/iclab/Desktop/humanoid/install/usb_cam/include/usb_cam/formats/uyvy.hpp
[4.093s] -- Up-to-date: /home/iclab/Desktop/humanoid/install/usb_cam/include/usb_cam/formats/mjpeg.hpp
[4.093s] -- Up-to-date: /home/iclab/Desktop/humanoid/install/usb_cam/include/usb_cam/constants.hpp
[4.093s] -- Up-to-date: /home/iclab/Desktop/humanoid/install/usb_cam/include/usb_cam/utils.hpp
[4.094s] -- Up-to-date: /home/iclab/Desktop/humanoid/install/usb_cam/include/usb_cam/conversions.hpp
[4.094s] -- Up-to-date: /home/iclab/Desktop/humanoid/install/usb_cam/include/usb_cam/usb_cam_node.hpp
[4.094s] -- Up-to-date: /home/iclab/Desktop/humanoid/install/usb_cam/include/usb_cam/usb_cam.hpp
[4.094s] -- Up-to-date: /home/iclab/Desktop/humanoid/install/usb_cam/lib/libusb_cam_node.so
[4.094s] -- Up-to-date: /home/iclab/Desktop/humanoid/install/usb_cam/share/usb_cam/launch
[4.095s] -- Up-to-date: /home/iclab/Desktop/humanoid/install/usb_cam/share/usb_cam/launch/camera.launch.py
[4.095s] -- Up-to-date: /home/iclab/Desktop/humanoid/install/usb_cam/share/usb_cam/launch/__init__.py
[4.095s] -- Up-to-date: /home/iclab/Desktop/humanoid/install/usb_cam/share/usb_cam/launch/camera_config.py
[4.095s] -- Up-to-date: /home/iclab/Desktop/humanoid/install/usb_cam/share/usb_cam/config
[4.095s] -- Up-to-date: /home/iclab/Desktop/humanoid/install/usb_cam/share/usb_cam/config/camera_info.yaml
[4.095s] -- Up-to-date: /home/iclab/Desktop/humanoid/install/usb_cam/share/usb_cam/config/params_1.yaml
[4.095s] -- Up-to-date: /home/iclab/Desktop/humanoid/install/usb_cam/share/usb_cam/config/params_2.yaml
[4.095s] -- Up-to-date: /home/iclab/Desktop/humanoid/install/usb_cam/share/ament_index/resource_index/package_run_dependencies/usb_cam
[4.096s] -- Installing: /home/iclab/Desktop/humanoid/install/usb_cam/share/ament_index/resource_index/parent_prefix_path/usb_cam
[4.096s] -- Up-to-date: /home/iclab/Desktop/humanoid/install/usb_cam/share/usb_cam/environment/ament_prefix_path.sh
[4.096s] -- Installing: /home/iclab/Desktop/humanoid/install/usb_cam/share/usb_cam/environment/ament_prefix_path.dsv
[4.096s] -- Up-to-date: /home/iclab/Desktop/humanoid/install/usb_cam/share/usb_cam/environment/path.sh
[4.096s] -- Installing: /home/iclab/Desktop/humanoid/install/usb_cam/share/usb_cam/environment/path.dsv
[4.096s] -- Up-to-date: /home/iclab/Desktop/humanoid/install/usb_cam/share/usb_cam/local_setup.bash
[4.096s] -- Up-to-date: /home/iclab/Desktop/humanoid/install/usb_cam/share/usb_cam/local_setup.sh
[4.096s] -- Up-to-date: /home/iclab/Desktop/humanoid/install/usb_cam/share/usb_cam/local_setup.zsh
[4.097s] -- Installing: /home/iclab/Desktop/humanoid/install/usb_cam/share/usb_cam/local_setup.dsv
[4.097s] -- Installing: /home/iclab/Desktop/humanoid/install/usb_cam/share/usb_cam/package.dsv
[4.098s] -- Up-to-date: /home/iclab/Desktop/humanoid/install/usb_cam/share/ament_index/resource_index/packages/usb_cam
[4.099s] -- Up-to-date: /home/iclab/Desktop/humanoid/install/usb_cam/share/ament_index/resource_index/rclcpp_components/usb_cam
[4.100s] -- Up-to-date: /home/iclab/Desktop/humanoid/install/usb_cam/share/usb_cam/cmake/ament_cmake_export_libraries-extras.cmake
[4.101s] -- Installing: /home/iclab/Desktop/humanoid/install/usb_cam/share/usb_cam/cmake/ament_cmake_export_dependencies-extras.cmake
[4.101s] -- Up-to-date: /home/iclab/Desktop/humanoid/install/usb_cam/share/usb_cam/cmake/ament_cmake_export_include_directories-extras.cmake
[4.102s] -- Up-to-date: /home/iclab/Desktop/humanoid/install/usb_cam/share/usb_cam/cmake/usb_camConfig.cmake
[4.103s] -- Up-to-date: /home/iclab/Desktop/humanoid/install/usb_cam/share/usb_cam/cmake/usb_camConfig-version.cmake
[4.103s] -- Up-to-date: /home/iclab/Desktop/humanoid/install/usb_cam/share/usb_cam/package.xml
[4.104s] Invoked command in '/home/iclab/Desktop/humanoid/build/usb_cam' returned '0': AMENT_PREFIX_PATH=/home/iclab/Desktop/humanoid/install/tku_msgs:${AMENT_PREFIX_PATH} BYOBU_DATE=%Y-%m-%d CMAKE_PREFIX_PATH=/home/iclab/Desktop/humanoid/install/tku_msgs:/opt/ros/humble LD_LIBRARY_PATH=/home/iclab/Desktop/humanoid/install/tku_msgs/lib:/usr/local/cuda-12.6/lib64:/opt/ros/humble/opt/rviz_ogre_vendor/lib:/opt/ros/humble/lib/aarch64-linux-gnu:/opt/ros/humble/lib:/usr/local/cuda-12.6/lib64 PYTHONPATH=/home/iclab/Desktop/humanoid/install/tku_msgs/local/lib/python3.10/dist-packages:${PYTHONPATH} /usr/bin/cmake --install /home/iclab/Desktop/humanoid/build/usb_cam
