[2.614s] Invoking command in '/workspace/towen/src/imageprocess': BYOBU_DATE=%Y-%m-%d PYTHONPATH=/workspace/towen/build/imageprocess/prefix_override:/usr/lib/python3/dist-packages/colcon_core/task/python/colcon_distutils_commands:/workspace/towen/install/imageprocess/lib/python3.10/site-packages:${PYTHONPATH} /usr/bin/python3 -W ignore:setup.py install is deprecated setup.py egg_info --egg-base ../../build/imageprocess build --build-base /workspace/towen/build/imageprocess/build install --record /workspace/towen/build/imageprocess/install.log --single-version-externally-managed install_data
[3.490s] running egg_info
[3.535s] writing ../../build/imageprocess/imageprocess.egg-info/PKG-INFO
[3.537s] writing dependency_links to ../../build/imageprocess/imageprocess.egg-info/dependency_links.txt
[3.537s] writing entry points to ../../build/imageprocess/imageprocess.egg-info/entry_points.txt
[3.538s] writing requirements to ../../build/imageprocess/imageprocess.egg-info/requires.txt
[3.538s] writing top-level names to ../../build/imageprocess/imageprocess.egg-info/top_level.txt
[3.635s] reading manifest file '../../build/imageprocess/imageprocess.egg-info/SOURCES.txt'
[3.636s] adding license file 'LICENSE'
[3.638s] writing manifest file '../../build/imageprocess/imageprocess.egg-info/SOURCES.txt'
[3.638s] running build
[3.639s] running build_py
[3.640s] copying imageprocess/modelparameter.py -> /workspace/towen/build/imageprocess/build/lib/imageprocess
[3.640s] copying imageprocess/image_0417.py -> /workspace/towen/build/imageprocess/build/lib/imageprocess
[3.640s] copying imageprocess/dataunit.py -> /workspace/towen/build/imageprocess/build/lib/imageprocess
[3.641s] copying imageprocess/123123.py -> /workspace/towen/build/imageprocess/build/lib/imageprocess
[3.641s] copying imageprocess/image_test.py -> /workspace/towen/build/imageprocess/build/lib/imageprocess
[3.642s] copying imageprocess/image.py -> /workspace/towen/build/imageprocess/build/lib/imageprocess
[3.642s] copying imageprocess/__init__.py -> /workspace/towen/build/imageprocess/build/lib/imageprocess
[3.643s] copying imageprocess/imageprocess.py -> /workspace/towen/build/imageprocess/build/lib/imageprocess
[3.643s] copying imageprocess/camera_segment_headless.py -> /workspace/towen/build/imageprocess/build/lib/imageprocess
[3.644s] running install
[3.657s] running install_lib
[3.708s] running install_data
[3.708s] copying resource/imageprocess -> /workspace/towen/install/imageprocess/share/ament_index/resource_index/packages
[3.709s] copying package.xml -> /workspace/towen/install/imageprocess/share/imageprocess
[3.709s] running install_egg_info
[3.761s] removing '/workspace/towen/install/imageprocess/lib/python3.10/site-packages/imageprocess-0.0.0-py3.10.egg-info' (and everything under it)
[3.762s] Copying ../../build/imageprocess/imageprocess.egg-info to /workspace/towen/install/imageprocess/lib/python3.10/site-packages/imageprocess-0.0.0-py3.10.egg-info
[3.772s] running install_scripts
[4.188s] Installing image script to /workspace/towen/install/imageprocess/lib/imageprocess
[4.188s] Installing image_test script to /workspace/towen/install/imageprocess/lib/imageprocess
[4.188s] Installing imageprocess script to /workspace/towen/install/imageprocess/lib/imageprocess
[4.189s] writing list of installed files to '/workspace/towen/build/imageprocess/install.log'
[4.299s] Invoked command in '/workspace/towen/src/imageprocess' returned '0': BYOBU_DATE=%Y-%m-%d PYTHONPATH=/workspace/towen/build/imageprocess/prefix_override:/usr/lib/python3/dist-packages/colcon_core/task/python/colcon_distutils_commands:/workspace/towen/install/imageprocess/lib/python3.10/site-packages:${PYTHONPATH} /usr/bin/python3 -W ignore:setup.py install is deprecated setup.py egg_info --egg-base ../../build/imageprocess build --build-base /workspace/towen/build/imageprocess/build install --record /workspace/towen/build/imageprocess/install.log --single-version-externally-managed install_data
