[3.690s] Invoking command in '/workspace/towen/src/strategy': BYOBU_DATE=%Y-%m-%d PYTHONPATH=/workspace/towen/build/strategy/prefix_override:/usr/lib/python3/dist-packages/colcon_core/task/python/colcon_distutils_commands:/workspace/towen/install/strategy/lib/python3.10/site-packages:${PYTHONPATH} /usr/bin/python3 -W ignore:setup.py install is deprecated setup.py egg_info --egg-base ../../build/strategy build --build-base /workspace/towen/build/strategy/build install --record /workspace/towen/build/strategy/install.log --single-version-externally-managed install_data
[4.676s] running egg_info
[4.755s] writing ../../build/strategy/strategy.egg-info/PKG-INFO
[4.760s] writing dependency_links to ../../build/strategy/strategy.egg-info/dependency_links.txt
[4.760s] writing entry points to ../../build/strategy/strategy.egg-info/entry_points.txt
[4.761s] writing requirements to ../../build/strategy/strategy.egg-info/requires.txt
[4.761s] writing top-level names to ../../build/strategy/strategy.egg-info/top_level.txt
[4.880s] reading manifest file '../../build/strategy/strategy.egg-info/SOURCES.txt'
[4.882s] adding license file 'LICENSE'
[4.885s] writing manifest file '../../build/strategy/strategy.egg-info/SOURCES.txt'
[4.886s] running build
[4.886s] running build_py
[4.887s] copying strategy/__init__.py -> /workspace/towen/build/strategy/build/lib/strategy
[4.888s] copying strategy/API.py -> /workspace/towen/build/strategy/build/lib/strategy
[4.889s] copying strategy/mar/__init__.py -> /workspace/towen/build/strategy/build/lib/strategy/mar
[4.890s] copying strategy/mar/mar.py -> /workspace/towen/build/strategy/build/lib/strategy/mar
[4.891s] copying strategy/wl/wl.py -> /workspace/towen/build/strategy/build/lib/strategy/wl
[4.891s] copying strategy/wl/__init__.py -> /workspace/towen/build/strategy/build/lib/strategy/wl
[4.892s] copying strategy/sp/sp.py -> /workspace/towen/build/strategy/build/lib/strategy/sp
[4.893s] copying strategy/sp/__init__.py -> /workspace/towen/build/strategy/build/lib/strategy/sp
[4.894s] copying strategy/obs/__init__.py -> /workspace/towen/build/strategy/build/lib/strategy/obs
[4.895s] copying strategy/obs/obs.py -> /workspace/towen/build/strategy/build/lib/strategy/obs
[4.896s] copying strategy/sr/__init__.py -> /workspace/towen/build/strategy/build/lib/strategy/sr
[4.896s] copying strategy/sr/sr.py -> /workspace/towen/build/strategy/build/lib/strategy/sr
[4.900s] copying strategy/bb/__init__.py -> /workspace/towen/build/strategy/build/lib/strategy/bb
[4.900s] copying strategy/bb/bb.py -> /workspace/towen/build/strategy/build/lib/strategy/bb
[4.901s] copying strategy/ar/__init__.py -> /workspace/towen/build/strategy/build/lib/strategy/ar
[4.902s] copying strategy/ar/ar.py -> /workspace/towen/build/strategy/build/lib/strategy/ar
[4.905s] running install
[4.916s] running install_lib
[4.976s] running install_data
[4.978s] copying resource/strategy -> /workspace/towen/install/strategy/share/ament_index/resource_index/packages
[4.981s] copying package.xml -> /workspace/towen/install/strategy/share/strategy
[4.983s] running install_egg_info
[5.091s] removing '/workspace/towen/install/strategy/lib/python3.10/site-packages/strategy-0.0.0-py3.10.egg-info' (and everything under it)
[5.106s] Copying ../../build/strategy/strategy.egg-info to /workspace/towen/install/strategy/lib/python3.10/site-packages/strategy-0.0.0-py3.10.egg-info
[5.106s] running install_scripts
[5.692s] Installing ar script to /workspace/towen/install/strategy/lib/strategy
[5.693s] Installing bb script to /workspace/towen/install/strategy/lib/strategy
[5.695s] Installing mar script to /workspace/towen/install/strategy/lib/strategy
[5.695s] Installing obs script to /workspace/towen/install/strategy/lib/strategy
[5.695s] Installing sp script to /workspace/towen/install/strategy/lib/strategy
[5.698s] Installing sr script to /workspace/towen/install/strategy/lib/strategy
[5.698s] Installing wl script to /workspace/towen/install/strategy/lib/strategy
[5.698s] writing list of installed files to '/workspace/towen/build/strategy/install.log'
[5.852s] Invoked command in '/workspace/towen/src/strategy' returned '0': BYOBU_DATE=%Y-%m-%d PYTHONPATH=/workspace/towen/build/strategy/prefix_override:/usr/lib/python3/dist-packages/colcon_core/task/python/colcon_distutils_commands:/workspace/towen/install/strategy/lib/python3.10/site-packages:${PYTHONPATH} /usr/bin/python3 -W ignore:setup.py install is deprecated setup.py egg_info --egg-base ../../build/strategy build --build-base /workspace/towen/build/strategy/build install --record /workspace/towen/build/strategy/install.log --single-version-externally-managed install_data
