[2.842s] Invoking command in '/workspace/towen/src/motionpackage': BYOBU_DATE=%Y-%m-%d PYTHONPATH=/workspace/towen/build/motionpackage/prefix_override:/usr/lib/python3/dist-packages/colcon_core/task/python/colcon_distutils_commands:/workspace/towen/install/motionpackage/lib/python3.10/site-packages:${PYTHONPATH} /usr/bin/python3 -W ignore:setup.py install is deprecated setup.py egg_info --egg-base ../../build/motionpackage build --build-base /workspace/towen/build/motionpackage/build install --record /workspace/towen/build/motionpackage/install.log --single-version-externally-managed install_data
[3.637s] running egg_info
[3.687s] writing ../../build/motionpackage/motionpackage.egg-info/PKG-INFO
[3.689s] writing dependency_links to ../../build/motionpackage/motionpackage.egg-info/dependency_links.txt
[3.689s] writing entry points to ../../build/motionpackage/motionpackage.egg-info/entry_points.txt
[3.690s] writing requirements to ../../build/motionpackage/motionpackage.egg-info/requires.txt
[3.691s] writing top-level names to ../../build/motionpackage/motionpackage.egg-info/top_level.txt
[3.807s] reading manifest file '../../build/motionpackage/motionpackage.egg-info/SOURCES.txt'
[3.808s] adding license file 'LICENSE'
[3.810s] writing manifest file '../../build/motionpackage/motionpackage.egg-info/SOURCES.txt'
[3.815s] running build
[3.816s] running build_py
[3.816s] copying motionpackage/opencr_imu.py -> /workspace/towen/build/motionpackage/build/lib/motionpackage
[3.817s] copying motionpackage/test.py -> /workspace/towen/build/motionpackage/build/lib/motionpackage
[3.818s] copying motionpackage/__init__.py -> /workspace/towen/build/motionpackage/build/lib/motionpackage
[3.820s] copying motionpackage/motion_0725.py -> /workspace/towen/build/motionpackage/build/lib/motionpackage
[3.821s] copying motionpackage/import struct.py -> /workspace/towen/build/motionpackage/build/lib/motionpackage
[3.822s] copying motionpackage/walking.py -> /workspace/towen/build/motionpackage/build/lib/motionpackage
[3.823s] copying motionpackage/motionpackage.py -> /workspace/towen/build/motionpackage/build/lib/motionpackage
[3.824s] running install
[3.827s] running install_lib
[3.879s] copying /workspace/towen/build/motionpackage/build/lib/motionpackage/motion_0725.py -> /workspace/towen/install/motionpackage/lib/python3.10/site-packages/motionpackage
[3.888s] byte-compiling /workspace/towen/install/motionpackage/lib/python3.10/site-packages/motionpackage/motion_0725.py to motion_0725.cpython-310.pyc
[3.902s] running install_data
[3.904s] copying resource/motionpackage -> /workspace/towen/install/motionpackage/share/ament_index/resource_index/packages
[3.905s] copying package.xml -> /workspace/towen/install/motionpackage/share/motionpackage
[3.906s] running install_egg_info
[3.971s] removing '/workspace/towen/install/motionpackage/lib/python3.10/site-packages/motionpackage-0.0.0-py3.10.egg-info' (and everything under it)
[3.974s] Copying ../../build/motionpackage/motionpackage.egg-info to /workspace/towen/install/motionpackage/lib/python3.10/site-packages/motionpackage-0.0.0-py3.10.egg-info
[3.975s] running install_scripts
[4.431s] Installing motionpackage script to /workspace/towen/install/motionpackage/lib/motionpackage
[4.433s] writing list of installed files to '/workspace/towen/build/motionpackage/install.log'
[4.532s] Invoked command in '/workspace/towen/src/motionpackage' returned '0': BYOBU_DATE=%Y-%m-%d PYTHONPATH=/workspace/towen/build/motionpackage/prefix_override:/usr/lib/python3/dist-packages/colcon_core/task/python/colcon_distutils_commands:/workspace/towen/install/motionpackage/lib/python3.10/site-packages:${PYTHONPATH} /usr/bin/python3 -W ignore:setup.py install is deprecated setup.py egg_info --egg-base ../../build/motionpackage build --build-base /workspace/towen/build/motionpackage/build install --record /workspace/towen/build/motionpackage/install.log --single-version-externally-managed install_data
