-- Found ament_cmake_python: 1.3.10 (/opt/ros/humble/install/share/ament_cmake_python/cmake)
-- Found ament_cmake_ros: 0.10.0 (/opt/ros/humble/install/share/ament_cmake_ros/cmake)
-- Found ament_lint_auto: 0.12.11 (/opt/ros/humble/install/share/ament_lint_auto/cmake)
-- Found test_interface_files: 0.9.1 (/opt/ros/humble/install/share/test_interface_files/cmake)
-- Found rosidl_runtime_c: 3.1.7 (/workspace/towen/install/rosidl_runtime_c/share/rosidl_runtime_c/cmake)
-- Found rosidl_adapter: 3.1.7 (/workspace/towen/install/rosidl_adapter/share/rosidl_adapter/cmake)
-- Added test 'copyright' to check source files copyright and LICENSE
-- Added test 'cppcheck' to perform static code analysis on C / C++ code
-- Configured cppcheck include dirs: 
-- Configured cppcheck exclude dirs and/or files: 
-- Added test 'cpplint' to check C / C++ code against the Google style
-- Configured cpplint exclude dirs and/or files: 
-- Added test 'flake8' to check Python code syntax and style conventions
-- Added test 'lint_cmake' to check CMake code style
-- Added test 'pep257' to check Python code against some of the docstring style conventions in PEP 257
-- Added test 'uncrustify' to check C / C++ code style
-- Configured uncrustify additional arguments: 
-- Added test 'xmllint' to check XML markup files
-- Configuring done (3.7s)
-- Generating done (0.2s)
-- Build files have been written to: /workspace/towen/build/rosidl_generator_c
[  0%] Built target ament_cmake_python_copy_rosidl_generator_c
[  0%] Built target ament_cmake_python_copy_rosidl_generator_c_setup
[ 66%] Built target rosidl_generator_c_interfaces__rosidl_generator_c
[ 66%] Built target rosidl_generator_c_interfaces
[ 80%] Built target test_compilation_c
[ 90%] Built target test_invalid_initialization_c
[100%] Built target test_interfaces_c
running egg_info
writing rosidl_generator_c.egg-info/PKG-INFO
writing dependency_links to rosidl_generator_c.egg-info/dependency_links.txt
writing entry points to rosidl_generator_c.egg-info/entry_points.txt
writing top-level names to rosidl_generator_c.egg-info/top_level.txt
reading manifest file 'rosidl_generator_c.egg-info/SOURCES.txt'
writing manifest file 'rosidl_generator_c.egg-info/SOURCES.txt'
[100%] Built target ament_cmake_python_build_rosidl_generator_c_egg
-- Install configuration: ""
-- Up-to-date: /workspace/towen/install/rosidl_generator_c/share/ament_index/resource_index/rosidl_generator_packages/rosidl_generator_c
-- Up-to-date: /workspace/towen/install/rosidl_generator_c/share/rosidl_generator_c/environment/pythonpath.sh
-- Installing: /workspace/towen/install/rosidl_generator_c/share/rosidl_generator_c/environment/pythonpath.dsv
-- Up-to-date: /workspace/towen/install/rosidl_generator_c/local/lib/python3.10/dist-packages/rosidl_generator_c-3.1.7-py3.10.egg-info
-- Installing: /workspace/towen/install/rosidl_generator_c/local/lib/python3.10/dist-packages/rosidl_generator_c-3.1.7-py3.10.egg-info/PKG-INFO
-- Installing: /workspace/towen/install/rosidl_generator_c/local/lib/python3.10/dist-packages/rosidl_generator_c-3.1.7-py3.10.egg-info/entry_points.txt
-- Installing: /workspace/towen/install/rosidl_generator_c/local/lib/python3.10/dist-packages/rosidl_generator_c-3.1.7-py3.10.egg-info/top_level.txt
-- Installing: /workspace/towen/install/rosidl_generator_c/local/lib/python3.10/dist-packages/rosidl_generator_c-3.1.7-py3.10.egg-info/SOURCES.txt
-- Installing: /workspace/towen/install/rosidl_generator_c/local/lib/python3.10/dist-packages/rosidl_generator_c-3.1.7-py3.10.egg-info/dependency_links.txt
-- Up-to-date: /workspace/towen/install/rosidl_generator_c/local/lib/python3.10/dist-packages/rosidl_generator_c
-- Up-to-date: /workspace/towen/install/rosidl_generator_c/local/lib/python3.10/dist-packages/rosidl_generator_c/__init__.py
-- Up-to-date: /workspace/towen/install/rosidl_generator_c/local/lib/python3.10/dist-packages/rosidl_generator_c/cli.py
Listing '/workspace/towen/install/rosidl_generator_c/local/lib/python3.10/dist-packages/rosidl_generator_c'...
-- Up-to-date: /workspace/towen/install/rosidl_generator_c/share/ament_index/resource_index/package_run_dependencies/rosidl_generator_c
-- Installing: /workspace/towen/install/rosidl_generator_c/share/ament_index/resource_index/parent_prefix_path/rosidl_generator_c
-- Up-to-date: /workspace/towen/install/rosidl_generator_c/share/rosidl_generator_c/environment/ament_prefix_path.sh
-- Installing: /workspace/towen/install/rosidl_generator_c/share/rosidl_generator_c/environment/ament_prefix_path.dsv
-- Up-to-date: /workspace/towen/install/rosidl_generator_c/share/rosidl_generator_c/environment/path.sh
-- Installing: /workspace/towen/install/rosidl_generator_c/share/rosidl_generator_c/environment/path.dsv
-- Up-to-date: /workspace/towen/install/rosidl_generator_c/share/rosidl_generator_c/local_setup.bash
-- Up-to-date: /workspace/towen/install/rosidl_generator_c/share/rosidl_generator_c/local_setup.sh
-- Up-to-date: /workspace/towen/install/rosidl_generator_c/share/rosidl_generator_c/local_setup.zsh
-- Installing: /workspace/towen/install/rosidl_generator_c/share/rosidl_generator_c/local_setup.dsv
-- Installing: /workspace/towen/install/rosidl_generator_c/share/rosidl_generator_c/package.dsv
-- Up-to-date: /workspace/towen/install/rosidl_generator_c/share/ament_index/resource_index/packages/rosidl_generator_c
-- Up-to-date: /workspace/towen/install/rosidl_generator_c/share/rosidl_generator_c/cmake/rosidl_generator_c-extras.cmake
-- Up-to-date: /workspace/towen/install/rosidl_generator_c/share/rosidl_generator_c/cmake/ament_cmake_export_dependencies-extras.cmake
-- Up-to-date: /workspace/towen/install/rosidl_generator_c/share/rosidl_generator_c/cmake/rosidl_cmake-extras.cmake
-- Up-to-date: /workspace/towen/install/rosidl_generator_c/share/rosidl_generator_c/cmake/rosidl_generator_cConfig.cmake
-- Up-to-date: /workspace/towen/install/rosidl_generator_c/share/rosidl_generator_c/cmake/rosidl_generator_cConfig-version.cmake
-- Up-to-date: /workspace/towen/install/rosidl_generator_c/share/rosidl_generator_c/package.xml
-- Up-to-date: /workspace/towen/install/rosidl_generator_c/lib/rosidl_generator_c/rosidl_generator_c
-- Up-to-date: /workspace/towen/install/rosidl_generator_c/share/rosidl_generator_c/cmake
-- Up-to-date: /workspace/towen/install/rosidl_generator_c/share/rosidl_generator_c/cmake/register_c.cmake
-- Up-to-date: /workspace/towen/install/rosidl_generator_c/share/rosidl_generator_c/cmake/rosidl_generator_c_generate_interfaces.cmake
-- Up-to-date: /workspace/towen/install/rosidl_generator_c/share/rosidl_generator_c/resource
-- Up-to-date: /workspace/towen/install/rosidl_generator_c/share/rosidl_generator_c/resource/msg__struct.h.em
-- Up-to-date: /workspace/towen/install/rosidl_generator_c/share/rosidl_generator_c/resource/idl__struct.h.em
-- Up-to-date: /workspace/towen/install/rosidl_generator_c/share/rosidl_generator_c/resource/msg__functions.c.em
-- Up-to-date: /workspace/towen/install/rosidl_generator_c/share/rosidl_generator_c/resource/srv__type_support.h.em
-- Up-to-date: /workspace/towen/install/rosidl_generator_c/share/rosidl_generator_c/resource/idl__functions.c.em
-- Up-to-date: /workspace/towen/install/rosidl_generator_c/share/rosidl_generator_c/resource/msg__functions.h.em
-- Up-to-date: /workspace/towen/install/rosidl_generator_c/share/rosidl_generator_c/resource/idl__functions.h.em
-- Up-to-date: /workspace/towen/install/rosidl_generator_c/share/rosidl_generator_c/resource/rosidl_generator_c__visibility_control.h.in
-- Up-to-date: /workspace/towen/install/rosidl_generator_c/share/rosidl_generator_c/resource/msg__type_support.h.em
-- Up-to-date: /workspace/towen/install/rosidl_generator_c/share/rosidl_generator_c/resource/idl.h.em
-- Up-to-date: /workspace/towen/install/rosidl_generator_c/share/rosidl_generator_c/resource/idl__type_support.h.em
-- Up-to-date: /workspace/towen/install/rosidl_generator_c/share/rosidl_generator_c/resource/action__type_support.h.em
