[0.753s] Invoking command in '/workspace/towen/build/rosidl_typesupport_interface': BYOBU_DATE=%Y-%m-%d CMAKE_PREFIX_PATH=${CMAKE_PREFIX_PATH}:/workspace/towen/src/motionpackage/install/motionpackage:/workspace/towen/install/strategy:/workspace/towen/install/rosidl_cli:/workspace/towen/install/opencv_tests:/workspace/towen/install/motionpackage:/workspace/towen/install/imageprocess:/opt/ros/humble /usr/local/bin/cmake --build /workspace/towen/build/rosidl_typesupport_interface -- -j6 -l6
[1.104s] [ 33%] Built target gtest
[1.112s] [ 66%] Built target gtest_main
[1.194s] [100%] Built target test_macros
[1.273s] Invoked command in '/workspace/towen/build/rosidl_typesupport_interface' returned '0': BYOBU_DATE=%Y-%m-%d CMAKE_PREFIX_PATH=${CMAKE_PREFIX_PATH}:/workspace/towen/src/motionpackage/install/motionpackage:/workspace/towen/install/strategy:/workspace/towen/install/rosidl_cli:/workspace/towen/install/opencv_tests:/workspace/towen/install/motionpackage:/workspace/towen/install/imageprocess:/opt/ros/humble /usr/local/bin/cmake --build /workspace/towen/build/rosidl_typesupport_interface -- -j6 -l6
[2.199s] Invoking command in '/workspace/towen/build/rosidl_typesupport_interface': BYOBU_DATE=%Y-%m-%d CMAKE_PREFIX_PATH=${CMAKE_PREFIX_PATH}:/workspace/towen/src/motionpackage/install/motionpackage:/workspace/towen/install/strategy:/workspace/towen/install/rosidl_cli:/workspace/towen/install/opencv_tests:/workspace/towen/install/motionpackage:/workspace/towen/install/imageprocess:/opt/ros/humble /usr/local/bin/cmake --install /workspace/towen/build/rosidl_typesupport_interface
[2.433s] -- Install configuration: "Release"
[2.435s] -- Execute custom install script
[2.437s] -- Up-to-date symlink: /workspace/towen/install/rosidl_typesupport_interface/share/ament_index/resource_index/package_run_dependencies/rosidl_typesupport_interface
[2.438s] -- Up-to-date symlink: /workspace/towen/install/rosidl_typesupport_interface/share/ament_index/resource_index/parent_prefix_path/rosidl_typesupport_interface
[2.439s] -- Up-to-date symlink: /workspace/towen/install/rosidl_typesupport_interface/share/rosidl_typesupport_interface/environment/ament_prefix_path.sh
[2.440s] -- Up-to-date symlink: /workspace/towen/install/rosidl_typesupport_interface/share/rosidl_typesupport_interface/environment/ament_prefix_path.dsv
[2.441s] -- Up-to-date symlink: /workspace/towen/install/rosidl_typesupport_interface/share/rosidl_typesupport_interface/environment/path.sh
[2.442s] -- Up-to-date symlink: /workspace/towen/install/rosidl_typesupport_interface/share/rosidl_typesupport_interface/environment/path.dsv
[2.445s] -- Up-to-date symlink: /workspace/towen/install/rosidl_typesupport_interface/share/rosidl_typesupport_interface/local_setup.bash
[2.446s] -- Up-to-date symlink: /workspace/towen/install/rosidl_typesupport_interface/share/rosidl_typesupport_interface/local_setup.sh
[2.449s] -- Up-to-date symlink: /workspace/towen/install/rosidl_typesupport_interface/share/rosidl_typesupport_interface/local_setup.zsh
[2.450s] -- Up-to-date symlink: /workspace/towen/install/rosidl_typesupport_interface/share/rosidl_typesupport_interface/local_setup.dsv
[2.451s] -- Symlinking: /workspace/towen/install/rosidl_typesupport_interface/share/rosidl_typesupport_interface/package.dsv
[2.452s] -- Up-to-date symlink: /workspace/towen/install/rosidl_typesupport_interface/share/ament_index/resource_index/packages/rosidl_typesupport_interface
[2.454s] -- Up-to-date symlink: /workspace/towen/install/rosidl_typesupport_interface/share/rosidl_typesupport_interface/cmake/ament_cmake_export_include_directories-extras.cmake
[2.455s] -- Up-to-date symlink: /workspace/towen/install/rosidl_typesupport_interface/share/rosidl_typesupport_interface/cmake/ament_cmake_export_targets-extras.cmake
[2.456s] -- Up-to-date symlink: /workspace/towen/install/rosidl_typesupport_interface/share/rosidl_typesupport_interface/cmake/rosidl_typesupport_interfaceConfig.cmake
[2.469s] -- Up-to-date symlink: /workspace/towen/install/rosidl_typesupport_interface/share/rosidl_typesupport_interface/cmake/rosidl_typesupport_interfaceConfig-version.cmake
[2.474s] -- Up-to-date symlink: /workspace/towen/install/rosidl_typesupport_interface/share/rosidl_typesupport_interface/package.xml
[2.476s] -- Up-to-date symlink: /workspace/towen/install/rosidl_typesupport_interface/include/rosidl_typesupport_interface/rosidl_typesupport_interface/macros.h
[2.477s] -- Up-to-date: /workspace/towen/install/rosidl_typesupport_interface/share/rosidl_typesupport_interface/cmake/rosidl_typesupport_interfaceExport.cmake
[2.494s] Invoked command in '/workspace/towen/build/rosidl_typesupport_interface' returned '0': BYOBU_DATE=%Y-%m-%d CMAKE_PREFIX_PATH=${CMAKE_PREFIX_PATH}:/workspace/towen/src/motionpackage/install/motionpackage:/workspace/towen/install/strategy:/workspace/towen/install/rosidl_cli:/workspace/towen/install/opencv_tests:/workspace/towen/install/motionpackage:/workspace/towen/install/imageprocess:/opt/ros/humble /usr/local/bin/cmake --install /workspace/towen/build/rosidl_typesupport_interface
