[3.299s] Invoking command in '/workspace/towen/src/rosidl/rosidl_cli': BYOBU_DATE=%Y-%m-%d PYTHONPATH=/workspace/towen/build/rosidl_cli/prefix_override:/usr/lib/python3/dist-packages/colcon_core/task/python/colcon_distutils_commands:/workspace/towen/install/rosidl_cli/lib/python3.10/site-packages:${PYTHONPATH} /usr/bin/python3 -W ignore:setup.py install is deprecated setup.py egg_info --egg-base ../../../build/rosidl_cli build --build-base /workspace/towen/build/rosidl_cli/build install --record /workspace/towen/build/rosidl_cli/install.log --single-version-externally-managed install_data
[3.790s] /home/work/.local/lib/python3.10/site-packages/setuptools/_distutils/dist.py:289: UserWarning: Unknown distribution option: 'tests_require'
[3.791s]   warnings.warn(msg)
[3.868s] /home/work/.local/lib/python3.10/site-packages/setuptools/dist.py:759: SetuptoolsDeprecationWarning: License classifiers are deprecated.
[3.868s] !!
[3.868s] 
[3.869s]         ********************************************************************************
[3.869s]         Please consider removing the following classifiers in favor of a SPDX license expression:
[3.869s] 
[3.869s]         License :: OSI Approved :: Apache Software License
[3.869s] 
[3.869s]         See https://packaging.python.org/en/latest/guides/writing-pyproject-toml/#license for details.
[3.869s]         ********************************************************************************
[3.870s] 
[3.870s] !!
[3.870s]   self._finalize_license_expression()
[4.063s] running egg_info
[4.111s] creating ../../../build/rosidl_cli/rosidl_cli.egg-info
[4.114s] writing ../../../build/rosidl_cli/rosidl_cli.egg-info/PKG-INFO
[4.116s] writing dependency_links to ../../../build/rosidl_cli/rosidl_cli.egg-info/dependency_links.txt
[4.117s] writing entry points to ../../../build/rosidl_cli/rosidl_cli.egg-info/entry_points.txt
[4.118s] writing requirements to ../../../build/rosidl_cli/rosidl_cli.egg-info/requires.txt
[4.119s] writing top-level names to ../../../build/rosidl_cli/rosidl_cli.egg-info/top_level.txt
[4.121s] writing manifest file '../../../build/rosidl_cli/rosidl_cli.egg-info/SOURCES.txt'
[4.215s] reading manifest file '../../../build/rosidl_cli/rosidl_cli.egg-info/SOURCES.txt'
[4.218s] writing manifest file '../../../build/rosidl_cli/rosidl_cli.egg-info/SOURCES.txt'
[4.219s] running build
[4.220s] running build_py
[4.221s] creating /workspace/towen/build/rosidl_cli/build/lib/rosidl_cli
[4.222s] copying rosidl_cli/entry_points.py -> /workspace/towen/build/rosidl_cli/build/lib/rosidl_cli
[4.224s] copying rosidl_cli/extensions.py -> /workspace/towen/build/rosidl_cli/build/lib/rosidl_cli
[4.228s] copying rosidl_cli/__init__.py -> /workspace/towen/build/rosidl_cli/build/lib/rosidl_cli
[4.229s] copying rosidl_cli/cli.py -> /workspace/towen/build/rosidl_cli/build/lib/rosidl_cli
[4.231s] copying rosidl_cli/common.py -> /workspace/towen/build/rosidl_cli/build/lib/rosidl_cli
[4.241s] creating /workspace/towen/build/rosidl_cli/build/lib/rosidl_cli/command
[4.241s] copying rosidl_cli/command/__init__.py -> /workspace/towen/build/rosidl_cli/build/lib/rosidl_cli/command
[4.241s] copying rosidl_cli/command/helpers.py -> /workspace/towen/build/rosidl_cli/build/lib/rosidl_cli/command
[4.241s] creating /workspace/towen/build/rosidl_cli/build/lib/rosidl_cli/command/translate
[4.241s] copying rosidl_cli/command/translate/extensions.py -> /workspace/towen/build/rosidl_cli/build/lib/rosidl_cli/command/translate
[4.242s] copying rosidl_cli/command/translate/__init__.py -> /workspace/towen/build/rosidl_cli/build/lib/rosidl_cli/command/translate
[4.242s] copying rosidl_cli/command/translate/api.py -> /workspace/towen/build/rosidl_cli/build/lib/rosidl_cli/command/translate
[4.242s] creating /workspace/towen/build/rosidl_cli/build/lib/rosidl_cli/command/generate
[4.242s] copying rosidl_cli/command/generate/extensions.py -> /workspace/towen/build/rosidl_cli/build/lib/rosidl_cli/command/generate
[4.242s] copying rosidl_cli/command/generate/__init__.py -> /workspace/towen/build/rosidl_cli/build/lib/rosidl_cli/command/generate
[4.242s] copying rosidl_cli/command/generate/api.py -> /workspace/towen/build/rosidl_cli/build/lib/rosidl_cli/command/generate
[4.243s] running install
[4.243s] running install_lib
[4.287s] creating /workspace/towen/install/rosidl_cli/lib/python3.10/site-packages/rosidl_cli
[4.288s] copying /workspace/towen/build/rosidl_cli/build/lib/rosidl_cli/entry_points.py -> /workspace/towen/install/rosidl_cli/lib/python3.10/site-packages/rosidl_cli
[4.291s] copying /workspace/towen/build/rosidl_cli/build/lib/rosidl_cli/extensions.py -> /workspace/towen/install/rosidl_cli/lib/python3.10/site-packages/rosidl_cli
[4.293s] copying /workspace/towen/build/rosidl_cli/build/lib/rosidl_cli/__init__.py -> /workspace/towen/install/rosidl_cli/lib/python3.10/site-packages/rosidl_cli
[4.294s] copying /workspace/towen/build/rosidl_cli/build/lib/rosidl_cli/cli.py -> /workspace/towen/install/rosidl_cli/lib/python3.10/site-packages/rosidl_cli
[4.295s] copying /workspace/towen/build/rosidl_cli/build/lib/rosidl_cli/common.py -> /workspace/towen/install/rosidl_cli/lib/python3.10/site-packages/rosidl_cli
[4.297s] creating /workspace/towen/install/rosidl_cli/lib/python3.10/site-packages/rosidl_cli/command
[4.298s] copying /workspace/towen/build/rosidl_cli/build/lib/rosidl_cli/command/__init__.py -> /workspace/towen/install/rosidl_cli/lib/python3.10/site-packages/rosidl_cli/command
[4.300s] creating /workspace/towen/install/rosidl_cli/lib/python3.10/site-packages/rosidl_cli/command/translate
[4.301s] copying /workspace/towen/build/rosidl_cli/build/lib/rosidl_cli/command/translate/extensions.py -> /workspace/towen/install/rosidl_cli/lib/python3.10/site-packages/rosidl_cli/command/translate
[4.302s] copying /workspace/towen/build/rosidl_cli/build/lib/rosidl_cli/command/translate/__init__.py -> /workspace/towen/install/rosidl_cli/lib/python3.10/site-packages/rosidl_cli/command/translate
[4.304s] copying /workspace/towen/build/rosidl_cli/build/lib/rosidl_cli/command/translate/api.py -> /workspace/towen/install/rosidl_cli/lib/python3.10/site-packages/rosidl_cli/command/translate
[4.305s] copying /workspace/towen/build/rosidl_cli/build/lib/rosidl_cli/command/helpers.py -> /workspace/towen/install/rosidl_cli/lib/python3.10/site-packages/rosidl_cli/command
[4.306s] creating /workspace/towen/install/rosidl_cli/lib/python3.10/site-packages/rosidl_cli/command/generate
[4.307s] copying /workspace/towen/build/rosidl_cli/build/lib/rosidl_cli/command/generate/extensions.py -> /workspace/towen/install/rosidl_cli/lib/python3.10/site-packages/rosidl_cli/command/generate
[4.308s] copying /workspace/towen/build/rosidl_cli/build/lib/rosidl_cli/command/generate/__init__.py -> /workspace/towen/install/rosidl_cli/lib/python3.10/site-packages/rosidl_cli/command/generate
[4.310s] copying /workspace/towen/build/rosidl_cli/build/lib/rosidl_cli/command/generate/api.py -> /workspace/towen/install/rosidl_cli/lib/python3.10/site-packages/rosidl_cli/command/generate
[4.311s] byte-compiling /workspace/towen/install/rosidl_cli/lib/python3.10/site-packages/rosidl_cli/entry_points.py to entry_points.cpython-310.pyc
[4.312s] byte-compiling /workspace/towen/install/rosidl_cli/lib/python3.10/site-packages/rosidl_cli/extensions.py to extensions.cpython-310.pyc
[4.314s] byte-compiling /workspace/towen/install/rosidl_cli/lib/python3.10/site-packages/rosidl_cli/__init__.py to __init__.cpython-310.pyc
[4.315s] byte-compiling /workspace/towen/install/rosidl_cli/lib/python3.10/site-packages/rosidl_cli/cli.py to cli.cpython-310.pyc
[4.316s] byte-compiling /workspace/towen/install/rosidl_cli/lib/python3.10/site-packages/rosidl_cli/common.py to common.cpython-310.pyc
[4.317s] byte-compiling /workspace/towen/install/rosidl_cli/lib/python3.10/site-packages/rosidl_cli/command/__init__.py to __init__.cpython-310.pyc
[4.318s] byte-compiling /workspace/towen/install/rosidl_cli/lib/python3.10/site-packages/rosidl_cli/command/translate/extensions.py to extensions.cpython-310.pyc
[4.319s] byte-compiling /workspace/towen/install/rosidl_cli/lib/python3.10/site-packages/rosidl_cli/command/translate/__init__.py to __init__.cpython-310.pyc
[4.320s] byte-compiling /workspace/towen/install/rosidl_cli/lib/python3.10/site-packages/rosidl_cli/command/translate/api.py to api.cpython-310.pyc
[4.321s] byte-compiling /workspace/towen/install/rosidl_cli/lib/python3.10/site-packages/rosidl_cli/command/helpers.py to helpers.cpython-310.pyc
[4.323s] byte-compiling /workspace/towen/install/rosidl_cli/lib/python3.10/site-packages/rosidl_cli/command/generate/extensions.py to extensions.cpython-310.pyc
[4.324s] byte-compiling /workspace/towen/install/rosidl_cli/lib/python3.10/site-packages/rosidl_cli/command/generate/__init__.py to __init__.cpython-310.pyc
[4.328s] byte-compiling /workspace/towen/install/rosidl_cli/lib/python3.10/site-packages/rosidl_cli/command/generate/api.py to api.cpython-310.pyc
[4.329s] running install_data
[4.330s] creating /workspace/towen/install/rosidl_cli/share/ament_index/resource_index/packages
[4.331s] copying resource/rosidl_cli -> /workspace/towen/install/rosidl_cli/share/ament_index/resource_index/packages
[4.333s] copying package.xml -> /workspace/towen/install/rosidl_cli/share/rosidl_cli
[4.334s] copying resource/package.dsv -> /workspace/towen/install/rosidl_cli/share/rosidl_cli
[4.335s] creating /workspace/towen/install/rosidl_cli/share/rosidl_cli/environment
[4.338s] copying completion/rosidl-argcomplete.bash -> /workspace/towen/install/rosidl_cli/share/rosidl_cli/environment
[4.340s] copying completion/rosidl-argcomplete.zsh -> /workspace/towen/install/rosidl_cli/share/rosidl_cli/environment
[4.341s] running install_egg_info
[4.366s] Copying ../../../build/rosidl_cli/rosidl_cli.egg-info to /workspace/towen/install/rosidl_cli/lib/python3.10/site-packages/rosidl_cli-3.1.7-py3.10.egg-info
[4.369s] running install_scripts
[4.469s] Installing rosidl script to /workspace/towen/install/rosidl_cli/bin
[4.472s] writing list of installed files to '/workspace/towen/build/rosidl_cli/install.log'
[5.083s] Invoked command in '/workspace/towen/src/rosidl/rosidl_cli' returned '0': BYOBU_DATE=%Y-%m-%d PYTHONPATH=/workspace/towen/build/rosidl_cli/prefix_override:/usr/lib/python3/dist-packages/colcon_core/task/python/colcon_distutils_commands:/workspace/towen/install/rosidl_cli/lib/python3.10/site-packages:${PYTHONPATH} /usr/bin/python3 -W ignore:setup.py install is deprecated setup.py egg_info --egg-base ../../../build/rosidl_cli build --build-base /workspace/towen/build/rosidl_cli/build install --record /workspace/towen/build/rosidl_cli/install.log --single-version-externally-managed install_data
