[4.762s] Invoking command in '/home/iclab/Desktop/humanoid/src/wula': BYOBU_DATE=%Y-%m-%d PYTHONPATH=/home/iclab/Desktop/humanoid/build/wula/prefix_override:/usr/lib/python3/dist-packages/colcon_core/task/python/colcon_distutils_commands:/home/iclab/Desktop/humanoid/install/wula/lib/python3.10/site-packages:${PYTHONPATH} /usr/bin/python3 -W ignore:setup.py install is deprecated -W ignore:easy_install command is deprecated setup.py egg_info --egg-base ../../build/wula build --build-base /home/iclab/Desktop/humanoid/build/wula/build install --record /home/iclab/Desktop/humanoid/build/wula/install.log --single-version-externally-managed install_data
[6.364s] running egg_info
[6.366s] writing ../../build/wula/wula.egg-info/PKG-INFO
[6.367s] writing dependency_links to ../../build/wula/wula.egg-info/dependency_links.txt
[6.368s] writing entry points to ../../build/wula/wula.egg-info/entry_points.txt
[6.368s] writing requirements to ../../build/wula/wula.egg-info/requires.txt
[6.368s] writing top-level names to ../../build/wula/wula.egg-info/top_level.txt
[6.398s] reading manifest file '../../build/wula/wula.egg-info/SOURCES.txt'
[6.407s] writing manifest file '../../build/wula/wula.egg-info/SOURCES.txt'
[6.408s] running build
[6.410s] running build_py
[6.413s] running install
[6.414s] running install_lib
[6.426s] running install_data
[6.427s] running install_egg_info
[6.457s] removing '/home/iclab/Desktop/humanoid/install/wula/lib/python3.10/site-packages/wula-0.1.0-py3.10.egg-info' (and everything under it)
[6.457s] Copying ../../build/wula/wula.egg-info to /home/iclab/Desktop/humanoid/install/wula/lib/python3.10/site-packages/wula-0.1.0-py3.10.egg-info
[6.457s] running install_scripts
[6.583s] Installing sp_boson script to /home/iclab/Desktop/humanoid/install/wula/lib/wula
[6.587s] writing list of installed files to '/home/iclab/Desktop/humanoid/build/wula/install.log'
[6.820s] Invoked command in '/home/iclab/Desktop/humanoid/src/wula' returned '0': BYOBU_DATE=%Y-%m-%d PYTHONPATH=/home/iclab/Desktop/humanoid/build/wula/prefix_override:/usr/lib/python3/dist-packages/colcon_core/task/python/colcon_distutils_commands:/home/iclab/Desktop/humanoid/install/wula/lib/python3.10/site-packages:${PYTHONPATH} /usr/bin/python3 -W ignore:setup.py install is deprecated -W ignore:easy_install command is deprecated setup.py egg_info --egg-base ../../build/wula build --build-base /home/iclab/Desktop/humanoid/build/wula/build install --record /home/iclab/Desktop/humanoid/build/wula/install.log --single-version-externally-managed install_data
