[0.065s] Invoking command in '/workspace/towen/build/rosidl_runtime_c': BYOBU_DATE=%Y-%m-%d CMAKE_PREFIX_PATH=/workspace/towen/install/rosidl_typesupport_interface:/workspace/towen/install/zed_ros2:/workspace/towen/install/zed_wrapper:/workspace/towen/install/zed_components:/workspace/towen/install/webrtc_ros_msgs:/workspace/towen/install/web_video_server:/workspace/towen/install/vision_opencv:/workspace/towen/install/usb_cam:/workspace/towen/install/tku_msgs:/workspace/towen/install/rosidl_typesupport_introspection_tests:/workspace/towen/install/rosidl_typesupport_introspection_cpp:/workspace/towen/install/rosidl_typesupport_introspection_c:/workspace/towen/install/rosidl_generator_cpp:/workspace/towen/install/rosidl_runtime_cpp:/workspace/towen/install/rosidl_runtime_c:/workspace/towen/install/rosidl_generator_c:/workspace/towen/install/rosidl_cmake:/workspace/towen/install/rosidl_parser:/workspace/towen/install/rosidl_adapter:/workspace/towen/install/image_geometry:/workspace/towen/install/cv_bridge:/opt/ros/humble/install:/workspace/towen/install/strategy:/workspace/towen/install/rosidl_cli:/workspace/towen/install/opencv_tests:/workspace/towen/install/motionpackage:/workspace/towen/install/imageprocess:/opt/ros/humble /usr/local/bin/cmake --build /workspace/towen/build/rosidl_runtime_c -- -j6 -l6
[0.597s] [ 28%] Built target rosidl_runtime_c
[0.769s] [ 36%] Built target gtest
[0.898s] [ 44%] Built target benchmark_string_conversion
[0.989s] [ 52%] Built target gtest_main
[1.122s] [ 60%] Built target test_message_type_support
[1.225s] [ 68%] Built target test_u16string_functions
[1.332s] [ 76%] Built target test_string_functions
[1.411s] [ 84%] Built target test_service_type_support
[1.520s] [ 92%] Built target test_sequence_bound
[1.619s] [100%] Built target test_primitives_sequence_functions
[2.529s] Invoked command in '/workspace/towen/build/rosidl_runtime_c' returned '0': BYOBU_DATE=%Y-%m-%d CMAKE_PREFIX_PATH=/workspace/towen/install/rosidl_typesupport_interface:/workspace/towen/install/zed_ros2:/workspace/towen/install/zed_wrapper:/workspace/towen/install/zed_components:/workspace/towen/install/webrtc_ros_msgs:/workspace/towen/install/web_video_server:/workspace/towen/install/vision_opencv:/workspace/towen/install/usb_cam:/workspace/towen/install/tku_msgs:/workspace/towen/install/rosidl_typesupport_introspection_tests:/workspace/towen/install/rosidl_typesupport_introspection_cpp:/workspace/towen/install/rosidl_typesupport_introspection_c:/workspace/towen/install/rosidl_generator_cpp:/workspace/towen/install/rosidl_runtime_cpp:/workspace/towen/install/rosidl_runtime_c:/workspace/towen/install/rosidl_generator_c:/workspace/towen/install/rosidl_cmake:/workspace/towen/install/rosidl_parser:/workspace/towen/install/rosidl_adapter:/workspace/towen/install/image_geometry:/workspace/towen/install/cv_bridge:/opt/ros/humble/install:/workspace/towen/install/strategy:/workspace/towen/install/rosidl_cli:/workspace/towen/install/opencv_tests:/workspace/towen/install/motionpackage:/workspace/towen/install/imageprocess:/opt/ros/humble /usr/local/bin/cmake --build /workspace/towen/build/rosidl_runtime_c -- -j6 -l6
[5.218s] Invoking command in '/workspace/towen/build/rosidl_runtime_c': BYOBU_DATE=%Y-%m-%d CMAKE_PREFIX_PATH=/workspace/towen/install/rosidl_typesupport_interface:/workspace/towen/install/zed_ros2:/workspace/towen/install/zed_wrapper:/workspace/towen/install/zed_components:/workspace/towen/install/webrtc_ros_msgs:/workspace/towen/install/web_video_server:/workspace/towen/install/vision_opencv:/workspace/towen/install/usb_cam:/workspace/towen/install/tku_msgs:/workspace/towen/install/rosidl_typesupport_introspection_tests:/workspace/towen/install/rosidl_typesupport_introspection_cpp:/workspace/towen/install/rosidl_typesupport_introspection_c:/workspace/towen/install/rosidl_generator_cpp:/workspace/towen/install/rosidl_runtime_cpp:/workspace/towen/install/rosidl_runtime_c:/workspace/towen/install/rosidl_generator_c:/workspace/towen/install/rosidl_cmake:/workspace/towen/install/rosidl_parser:/workspace/towen/install/rosidl_adapter:/workspace/towen/install/image_geometry:/workspace/towen/install/cv_bridge:/opt/ros/humble/install:/workspace/towen/install/strategy:/workspace/towen/install/rosidl_cli:/workspace/towen/install/opencv_tests:/workspace/towen/install/motionpackage:/workspace/towen/install/imageprocess:/opt/ros/humble /usr/local/bin/cmake --install /workspace/towen/build/rosidl_runtime_c
[6.453s] -- Install configuration: ""
[6.454s] -- Up-to-date: /workspace/towen/install/rosidl_runtime_c/share/rosidl_runtime_c/environment/library_path.sh
[6.455s] -- Up-to-date: /workspace/towen/install/rosidl_runtime_c/share/rosidl_runtime_c/environment/library_path.dsv
[6.456s] -- Up-to-date: /workspace/towen/install/rosidl_runtime_c/share/ament_index/resource_index/rosidl_runtime_packages/rosidl_runtime_c
[6.457s] -- Up-to-date: /workspace/towen/install/rosidl_runtime_c/include/rosidl_runtime_c
[6.458s] -- Up-to-date: /workspace/towen/install/rosidl_runtime_c/include/rosidl_runtime_c/rosidl_runtime_c
[6.459s] -- Up-to-date: /workspace/towen/install/rosidl_runtime_c/include/rosidl_runtime_c/rosidl_runtime_c/primitives_sequence.h
[6.459s] -- Up-to-date: /workspace/towen/install/rosidl_runtime_c/include/rosidl_runtime_c/rosidl_runtime_c/u16string_functions.h
[6.460s] -- Up-to-date: /workspace/towen/install/rosidl_runtime_c/include/rosidl_runtime_c/rosidl_runtime_c/visibility_control.h
[6.461s] -- Up-to-date: /workspace/towen/install/rosidl_runtime_c/include/rosidl_runtime_c/rosidl_runtime_c/string_functions.h
[6.461s] -- Up-to-date: /workspace/towen/install/rosidl_runtime_c/include/rosidl_runtime_c/rosidl_runtime_c/string.h
[6.461s] -- Up-to-date: /workspace/towen/install/rosidl_runtime_c/include/rosidl_runtime_c/rosidl_runtime_c/action_type_support_struct.h
[6.461s] -- Up-to-date: /workspace/towen/install/rosidl_runtime_c/include/rosidl_runtime_c/rosidl_runtime_c/message_initialization.h
[6.461s] -- Up-to-date: /workspace/towen/install/rosidl_runtime_c/include/rosidl_runtime_c/rosidl_runtime_c/primitives_sequence_functions.h
[6.463s] -- Up-to-date: /workspace/towen/install/rosidl_runtime_c/include/rosidl_runtime_c/rosidl_runtime_c/message_type_support_struct.h
[6.463s] -- Up-to-date: /workspace/towen/install/rosidl_runtime_c/include/rosidl_runtime_c/rosidl_runtime_c/sequence_bound.h
[6.463s] -- Up-to-date: /workspace/towen/install/rosidl_runtime_c/include/rosidl_runtime_c/rosidl_runtime_c/u16string.h
[6.463s] -- Up-to-date: /workspace/towen/install/rosidl_runtime_c/include/rosidl_runtime_c/rosidl_runtime_c/string_bound.h
[6.464s] -- Up-to-date: /workspace/towen/install/rosidl_runtime_c/include/rosidl_runtime_c/rosidl_runtime_c/service_type_support_struct.h
[6.465s] -- Up-to-date: /workspace/towen/install/rosidl_runtime_c/lib/librosidl_runtime_c.so
[6.468s] -- Up-to-date: /workspace/towen/install/rosidl_runtime_c/share/ament_index/resource_index/package_run_dependencies/rosidl_runtime_c
[6.468s] -- Up-to-date: /workspace/towen/install/rosidl_runtime_c/share/ament_index/resource_index/parent_prefix_path/rosidl_runtime_c
[6.469s] -- Up-to-date: /workspace/towen/install/rosidl_runtime_c/share/rosidl_runtime_c/environment/ament_prefix_path.sh
[6.471s] -- Up-to-date: /workspace/towen/install/rosidl_runtime_c/share/rosidl_runtime_c/environment/ament_prefix_path.dsv
[6.471s] -- Up-to-date: /workspace/towen/install/rosidl_runtime_c/share/rosidl_runtime_c/environment/path.sh
[6.471s] -- Up-to-date: /workspace/towen/install/rosidl_runtime_c/share/rosidl_runtime_c/environment/path.dsv
[6.472s] -- Up-to-date: /workspace/towen/install/rosidl_runtime_c/share/rosidl_runtime_c/local_setup.bash
[6.473s] -- Up-to-date: /workspace/towen/install/rosidl_runtime_c/share/rosidl_runtime_c/local_setup.sh
[6.473s] -- Up-to-date: /workspace/towen/install/rosidl_runtime_c/share/rosidl_runtime_c/local_setup.zsh
[6.474s] -- Up-to-date: /workspace/towen/install/rosidl_runtime_c/share/rosidl_runtime_c/local_setup.dsv
[6.475s] -- Installing: /workspace/towen/install/rosidl_runtime_c/share/rosidl_runtime_c/package.dsv
[6.479s] -- Up-to-date: /workspace/towen/install/rosidl_runtime_c/share/ament_index/resource_index/packages/rosidl_runtime_c
[6.482s] -- Up-to-date: /workspace/towen/install/rosidl_runtime_c/share/rosidl_runtime_c/cmake/rosidl_runtime_cExport.cmake
[6.482s] -- Up-to-date: /workspace/towen/install/rosidl_runtime_c/share/rosidl_runtime_c/cmake/rosidl_runtime_cExport-noconfig.cmake
[6.483s] -- Up-to-date: /workspace/towen/install/rosidl_runtime_c/share/rosidl_runtime_c/cmake/ament_cmake_export_dependencies-extras.cmake
[6.483s] -- Up-to-date: /workspace/towen/install/rosidl_runtime_c/share/rosidl_runtime_c/cmake/ament_cmake_export_include_directories-extras.cmake
[6.484s] -- Up-to-date: /workspace/towen/install/rosidl_runtime_c/share/rosidl_runtime_c/cmake/ament_cmake_export_libraries-extras.cmake
[6.485s] -- Up-to-date: /workspace/towen/install/rosidl_runtime_c/share/rosidl_runtime_c/cmake/ament_cmake_export_targets-extras.cmake
[6.489s] -- Up-to-date: /workspace/towen/install/rosidl_runtime_c/share/rosidl_runtime_c/cmake/rosidl_runtime_cConfig.cmake
[6.489s] -- Up-to-date: /workspace/towen/install/rosidl_runtime_c/share/rosidl_runtime_c/cmake/rosidl_runtime_cConfig-version.cmake
[6.489s] -- Up-to-date: /workspace/towen/install/rosidl_runtime_c/share/rosidl_runtime_c/package.xml
[7.280s] Invoked command in '/workspace/towen/build/rosidl_runtime_c' returned '0': BYOBU_DATE=%Y-%m-%d CMAKE_PREFIX_PATH=/workspace/towen/install/rosidl_typesupport_interface:/workspace/towen/install/zed_ros2:/workspace/towen/install/zed_wrapper:/workspace/towen/install/zed_components:/workspace/towen/install/webrtc_ros_msgs:/workspace/towen/install/web_video_server:/workspace/towen/install/vision_opencv:/workspace/towen/install/usb_cam:/workspace/towen/install/tku_msgs:/workspace/towen/install/rosidl_typesupport_introspection_tests:/workspace/towen/install/rosidl_typesupport_introspection_cpp:/workspace/towen/install/rosidl_typesupport_introspection_c:/workspace/towen/install/rosidl_generator_cpp:/workspace/towen/install/rosidl_runtime_cpp:/workspace/towen/install/rosidl_runtime_c:/workspace/towen/install/rosidl_generator_c:/workspace/towen/install/rosidl_cmake:/workspace/towen/install/rosidl_parser:/workspace/towen/install/rosidl_adapter:/workspace/towen/install/image_geometry:/workspace/towen/install/cv_bridge:/opt/ros/humble/install:/workspace/towen/install/strategy:/workspace/towen/install/rosidl_cli:/workspace/towen/install/opencv_tests:/workspace/towen/install/motionpackage:/workspace/towen/install/imageprocess:/opt/ros/humble /usr/local/bin/cmake --install /workspace/towen/build/rosidl_runtime_c
