[0.811s] Invoking command in '/workspace/towen/build/cv_bridge': BYOBU_DATE=%Y-%m-%d CMAKE_PREFIX_PATH=${CMAKE_PREFIX_PATH}:/workspace/towen/install/strategy:/workspace/towen/install/rosidl_cli:/workspace/towen/install/opencv_tests:/workspace/towen/install/motionpackage:/workspace/towen/install/imageprocess:/opt/ros/humble /usr/local/bin/cmake --build /workspace/towen/build/cv_bridge -- -j6 -l6
[1.338s] [  0%] Built target ament_cmake_python_copy_cv_bridge
[1.470s] [ 12%] Built target gtest
[2.456s] running egg_info
[2.522s] writing cv_bridge.egg-info/PKG-INFO
[2.529s] writing dependency_links to cv_bridge.egg-info/dependency_links.txt
[2.531s] writing top-level names to cv_bridge.egg-info/top_level.txt
[3.023s] reading manifest file 'cv_bridge.egg-info/SOURCES.txt'
[3.026s] writing manifest file 'cv_bridge.egg-info/SOURCES.txt'
[3.388s] [ 12%] Built target ament_cmake_python_build_cv_bridge_egg
[3.591s] [ 25%] Built target gtest_main
[3.696s] [ 43%] Built target cv_bridge
[3.891s] [ 62%] Built target cv_bridge_boost
[4.051s] [100%] Built target cv_bridge-utest
[4.327s] Invoked command in '/workspace/towen/build/cv_bridge' returned '0': BYOBU_DATE=%Y-%m-%d CMAKE_PREFIX_PATH=${CMAKE_PREFIX_PATH}:/workspace/towen/install/strategy:/workspace/towen/install/rosidl_cli:/workspace/towen/install/opencv_tests:/workspace/towen/install/motionpackage:/workspace/towen/install/imageprocess:/opt/ros/humble /usr/local/bin/cmake --build /workspace/towen/build/cv_bridge -- -j6 -l6
[5.166s] Invoking command in '/workspace/towen/build/cv_bridge': BYOBU_DATE=%Y-%m-%d CMAKE_PREFIX_PATH=${CMAKE_PREFIX_PATH}:/workspace/towen/install/strategy:/workspace/towen/install/rosidl_cli:/workspace/towen/install/opencv_tests:/workspace/towen/install/motionpackage:/workspace/towen/install/imageprocess:/opt/ros/humble /usr/local/bin/cmake --install /workspace/towen/build/cv_bridge
[5.711s] -- Install configuration: ""
[5.712s] -- Up-to-date: /workspace/towen/install/cv_bridge/share/cv_bridge/environment/pythonpath.sh
[5.712s] -- Up-to-date: /workspace/towen/install/cv_bridge/share/cv_bridge/environment/pythonpath.dsv
[5.712s] -- Up-to-date: /workspace/towen/install/cv_bridge/local/lib/python3.10/dist-packages/cv_bridge-3.2.1-py3.10.egg-info
[5.713s] -- Installing: /workspace/towen/install/cv_bridge/local/lib/python3.10/dist-packages/cv_bridge-3.2.1-py3.10.egg-info/PKG-INFO
[5.713s] -- Installing: /workspace/towen/install/cv_bridge/local/lib/python3.10/dist-packages/cv_bridge-3.2.1-py3.10.egg-info/top_level.txt
[5.713s] -- Installing: /workspace/towen/install/cv_bridge/local/lib/python3.10/dist-packages/cv_bridge-3.2.1-py3.10.egg-info/SOURCES.txt
[5.713s] -- Installing: /workspace/towen/install/cv_bridge/local/lib/python3.10/dist-packages/cv_bridge-3.2.1-py3.10.egg-info/dependency_links.txt
[5.713s] -- Up-to-date: /workspace/towen/install/cv_bridge/local/lib/python3.10/dist-packages/cv_bridge
[5.713s] -- Up-to-date: /workspace/towen/install/cv_bridge/local/lib/python3.10/dist-packages/cv_bridge/core.py
[5.714s] -- Up-to-date: /workspace/towen/install/cv_bridge/local/lib/python3.10/dist-packages/cv_bridge/__init__.py
[6.130s] Listing '/workspace/towen/install/cv_bridge/local/lib/python3.10/dist-packages/cv_bridge'...
[6.139s] Listing '/workspace/towen/install/cv_bridge/local/lib/python3.10/dist-packages/cv_bridge/boost'...
[6.200s] -- Up-to-date: /workspace/towen/install/cv_bridge/lib/libcv_bridge.so
[6.200s] -- Up-to-date: /workspace/towen/install/cv_bridge/include/cv_bridge/cv_bridge/cv_bridge_export.h
[6.200s] -- Up-to-date: /workspace/towen/install/cv_bridge/local/lib/python3.10/dist-packages/cv_bridge/boost/cv_bridge_boost.so
[6.204s] -- Up-to-date: /workspace/towen/install/cv_bridge/include/cv_bridge
[6.206s] -- Up-to-date: /workspace/towen/install/cv_bridge/include/cv_bridge/cv_bridge
[6.209s] -- Up-to-date: /workspace/towen/install/cv_bridge/include/cv_bridge/cv_bridge/rgb_colors.h
[6.211s] -- Up-to-date: /workspace/towen/install/cv_bridge/include/cv_bridge/cv_bridge/cv_bridge.h
[6.213s] -- Up-to-date: /workspace/towen/install/cv_bridge/lib/libcv_bridge.so
[6.216s] -- Up-to-date: /workspace/towen/install/cv_bridge/share/ament_index/resource_index/package_run_dependencies/cv_bridge
[6.219s] -- Up-to-date: /workspace/towen/install/cv_bridge/share/ament_index/resource_index/parent_prefix_path/cv_bridge
[6.224s] -- Up-to-date: /workspace/towen/install/cv_bridge/share/cv_bridge/environment/ament_prefix_path.sh
[6.226s] -- Up-to-date: /workspace/towen/install/cv_bridge/share/cv_bridge/environment/ament_prefix_path.dsv
[6.231s] -- Up-to-date: /workspace/towen/install/cv_bridge/share/cv_bridge/environment/path.sh
[6.233s] -- Up-to-date: /workspace/towen/install/cv_bridge/share/cv_bridge/environment/path.dsv
[6.238s] -- Up-to-date: /workspace/towen/install/cv_bridge/share/cv_bridge/local_setup.bash
[6.243s] -- Up-to-date: /workspace/towen/install/cv_bridge/share/cv_bridge/local_setup.sh
[6.247s] -- Up-to-date: /workspace/towen/install/cv_bridge/share/cv_bridge/local_setup.zsh
[6.249s] -- Up-to-date: /workspace/towen/install/cv_bridge/share/cv_bridge/local_setup.dsv
[6.251s] -- Installing: /workspace/towen/install/cv_bridge/share/cv_bridge/package.dsv
[6.252s] -- Up-to-date: /workspace/towen/install/cv_bridge/share/ament_index/resource_index/packages/cv_bridge
[6.254s] -- Up-to-date: /workspace/towen/install/cv_bridge/share/cv_bridge/cmake/export_cv_bridgeExport.cmake
[6.256s] -- Up-to-date: /workspace/towen/install/cv_bridge/share/cv_bridge/cmake/export_cv_bridgeExport-noconfig.cmake
[6.258s] -- Up-to-date: /workspace/towen/install/cv_bridge/share/cv_bridge/cmake/cv_bridge-extras.cmake
[6.260s] -- Up-to-date: /workspace/towen/install/cv_bridge/share/cv_bridge/cmake/ament_cmake_export_dependencies-extras.cmake
[6.262s] -- Up-to-date: /workspace/towen/install/cv_bridge/share/cv_bridge/cmake/ament_cmake_export_targets-extras.cmake
[6.263s] -- Up-to-date: /workspace/towen/install/cv_bridge/share/cv_bridge/cmake/cv_bridgeConfig.cmake
[6.265s] -- Up-to-date: /workspace/towen/install/cv_bridge/share/cv_bridge/cmake/cv_bridgeConfig-version.cmake
[6.266s] -- Up-to-date: /workspace/towen/install/cv_bridge/share/cv_bridge/package.xml
[6.318s] Invoked command in '/workspace/towen/build/cv_bridge' returned '0': BYOBU_DATE=%Y-%m-%d CMAKE_PREFIX_PATH=${CMAKE_PREFIX_PATH}:/workspace/towen/install/strategy:/workspace/towen/install/rosidl_cli:/workspace/towen/install/opencv_tests:/workspace/towen/install/motionpackage:/workspace/towen/install/imageprocess:/opt/ros/humble /usr/local/bin/cmake --install /workspace/towen/build/cv_bridge
