[0.796s] Invoking command in '/workspace/towen/build/image_geometry': BYOBU_DATE=%Y-%m-%d CMAKE_PREFIX_PATH=${CMAKE_PREFIX_PATH}:/workspace/towen/install/strategy:/workspace/towen/install/rosidl_cli:/workspace/towen/install/opencv_tests:/workspace/towen/install/motionpackage:/workspace/towen/install/imageprocess:/opt/ros/humble /usr/local/bin/cmake --build /workspace/towen/build/image_geometry -- -j6 -l6
[1.324s] [  0%] Built target ament_cmake_python_copy_image_geometry
[1.375s] [ 22%] Built target gtest
[2.864s] running egg_info
[2.929s] writing image_geometry.egg-info/PKG-INFO
[2.930s] writing dependency_links to image_geometry.egg-info/dependency_links.txt
[2.930s] writing top-level names to image_geometry.egg-info/top_level.txt
[3.171s] reading manifest file 'image_geometry.egg-info/SOURCES.txt'
[3.174s] writing manifest file 'image_geometry.egg-info/SOURCES.txt'
[3.294s] [ 22%] Built target ament_cmake_python_build_image_geometry_egg
[3.420s] [ 44%] Built target gtest_main
[3.503s] [ 77%] Built target image_geometry
[3.585s] [100%] Built target image_geometry-utest
[3.802s] Invoked command in '/workspace/towen/build/image_geometry' returned '0': BYOBU_DATE=%Y-%m-%d CMAKE_PREFIX_PATH=${CMAKE_PREFIX_PATH}:/workspace/towen/install/strategy:/workspace/towen/install/rosidl_cli:/workspace/towen/install/opencv_tests:/workspace/towen/install/motionpackage:/workspace/towen/install/imageprocess:/opt/ros/humble /usr/local/bin/cmake --build /workspace/towen/build/image_geometry -- -j6 -l6
[4.449s] Invoking command in '/workspace/towen/build/image_geometry': BYOBU_DATE=%Y-%m-%d CMAKE_PREFIX_PATH=${CMAKE_PREFIX_PATH}:/workspace/towen/install/strategy:/workspace/towen/install/rosidl_cli:/workspace/towen/install/opencv_tests:/workspace/towen/install/motionpackage:/workspace/towen/install/imageprocess:/opt/ros/humble /usr/local/bin/cmake --install /workspace/towen/build/image_geometry
[4.873s] -- Install configuration: ""
[4.874s] -- Up-to-date: /workspace/towen/install/image_geometry/share/image_geometry/environment/pythonpath.sh
[4.880s] -- Up-to-date: /workspace/towen/install/image_geometry/share/image_geometry/environment/pythonpath.dsv
[4.880s] -- Up-to-date: /workspace/towen/install/image_geometry/local/lib/python3.10/dist-packages/image_geometry-3.2.1-py3.10.egg-info
[4.880s] -- Installing: /workspace/towen/install/image_geometry/local/lib/python3.10/dist-packages/image_geometry-3.2.1-py3.10.egg-info/PKG-INFO
[4.881s] -- Installing: /workspace/towen/install/image_geometry/local/lib/python3.10/dist-packages/image_geometry-3.2.1-py3.10.egg-info/top_level.txt
[4.881s] -- Installing: /workspace/towen/install/image_geometry/local/lib/python3.10/dist-packages/image_geometry-3.2.1-py3.10.egg-info/SOURCES.txt
[4.881s] -- Installing: /workspace/towen/install/image_geometry/local/lib/python3.10/dist-packages/image_geometry-3.2.1-py3.10.egg-info/dependency_links.txt
[4.881s] -- Up-to-date: /workspace/towen/install/image_geometry/local/lib/python3.10/dist-packages/image_geometry
[4.881s] -- Up-to-date: /workspace/towen/install/image_geometry/local/lib/python3.10/dist-packages/image_geometry/__init__.py
[4.881s] -- Up-to-date: /workspace/towen/install/image_geometry/local/lib/python3.10/dist-packages/image_geometry/cameramodels.py
[5.114s] Listing '/workspace/towen/install/image_geometry/local/lib/python3.10/dist-packages/image_geometry'...
[5.140s] -- Up-to-date: /workspace/towen/install/image_geometry/include/image_geometry
[5.145s] -- Up-to-date: /workspace/towen/install/image_geometry/include/image_geometry/image_geometry
[5.147s] -- Up-to-date: /workspace/towen/install/image_geometry/include/image_geometry/image_geometry/visibility_control.hpp
[5.148s] -- Up-to-date: /workspace/towen/install/image_geometry/include/image_geometry/image_geometry/stereo_camera_model.h
[5.150s] -- Up-to-date: /workspace/towen/install/image_geometry/include/image_geometry/image_geometry/pinhole_camera_model.h
[5.151s] -- Up-to-date: /workspace/towen/install/image_geometry/lib/libimage_geometry.so
[5.153s] -- Up-to-date: /workspace/towen/install/image_geometry/share/ament_index/resource_index/package_run_dependencies/image_geometry
[5.154s] -- Up-to-date: /workspace/towen/install/image_geometry/share/ament_index/resource_index/parent_prefix_path/image_geometry
[5.155s] -- Up-to-date: /workspace/towen/install/image_geometry/share/image_geometry/environment/ament_prefix_path.sh
[5.156s] -- Up-to-date: /workspace/towen/install/image_geometry/share/image_geometry/environment/ament_prefix_path.dsv
[5.157s] -- Up-to-date: /workspace/towen/install/image_geometry/share/image_geometry/environment/path.sh
[5.159s] -- Up-to-date: /workspace/towen/install/image_geometry/share/image_geometry/environment/path.dsv
[5.160s] -- Up-to-date: /workspace/towen/install/image_geometry/share/image_geometry/local_setup.bash
[5.161s] -- Up-to-date: /workspace/towen/install/image_geometry/share/image_geometry/local_setup.sh
[5.162s] -- Up-to-date: /workspace/towen/install/image_geometry/share/image_geometry/local_setup.zsh
[5.163s] -- Up-to-date: /workspace/towen/install/image_geometry/share/image_geometry/local_setup.dsv
[5.167s] -- Installing: /workspace/towen/install/image_geometry/share/image_geometry/package.dsv
[5.168s] -- Up-to-date: /workspace/towen/install/image_geometry/share/ament_index/resource_index/packages/image_geometry
[5.169s] -- Up-to-date: /workspace/towen/install/image_geometry/share/image_geometry/cmake/export_image_geometryExport.cmake
[5.170s] -- Up-to-date: /workspace/towen/install/image_geometry/share/image_geometry/cmake/export_image_geometryExport-noconfig.cmake
[5.171s] -- Up-to-date: /workspace/towen/install/image_geometry/share/image_geometry/cmake/ament_cmake_export_targets-extras.cmake
[5.173s] -- Up-to-date: /workspace/towen/install/image_geometry/share/image_geometry/cmake/ament_cmake_export_dependencies-extras.cmake
[5.174s] -- Up-to-date: /workspace/towen/install/image_geometry/share/image_geometry/cmake/image_geometryConfig.cmake
[5.175s] -- Up-to-date: /workspace/towen/install/image_geometry/share/image_geometry/cmake/image_geometryConfig-version.cmake
[5.176s] -- Up-to-date: /workspace/towen/install/image_geometry/share/image_geometry/package.xml
[5.216s] Invoked command in '/workspace/towen/build/image_geometry' returned '0': BYOBU_DATE=%Y-%m-%d CMAKE_PREFIX_PATH=${CMAKE_PREFIX_PATH}:/workspace/towen/install/strategy:/workspace/towen/install/rosidl_cli:/workspace/towen/install/opencv_tests:/workspace/towen/install/motionpackage:/workspace/towen/install/imageprocess:/opt/ros/humble /usr/local/bin/cmake --install /workspace/towen/build/image_geometry
