[5.706s] Invoking command in '/workspace/towen/src/imageprocess': BYOBU_DATE=%Y-%m-%d PYTHONPATH=/workspace/towen/build/imageprocess/prefix_override:/usr/lib/python3/dist-packages/colcon_core/task/python/colcon_distutils_commands:/workspace/towen/install/imageprocess/lib/python3.10/site-packages:${PYTHONPATH} /usr/bin/python3 -W ignore:setup.py install is deprecated setup.py egg_info --egg-base ../../build/imageprocess build --build-base /workspace/towen/build/imageprocess/build install --record /workspace/towen/build/imageprocess/install.log --single-version-externally-managed install_data
[6.704s] /home/work/.local/lib/python3.10/site-packages/setuptools/_distutils/dist.py:289: UserWarning: Unknown distribution option: 'tests_require'
[6.707s]   warnings.warn(msg)
[7.377s] running egg_info
[7.479s] writing ../../build/imageprocess/imageprocess.egg-info/PKG-INFO
[7.490s] writing dependency_links to ../../build/imageprocess/imageprocess.egg-info/dependency_links.txt
[7.492s] writing entry points to ../../build/imageprocess/imageprocess.egg-info/entry_points.txt
[7.493s] writing requirements to ../../build/imageprocess/imageprocess.egg-info/requires.txt
[7.494s] writing top-level names to ../../build/imageprocess/imageprocess.egg-info/top_level.txt
[7.680s] reading manifest file '../../build/imageprocess/imageprocess.egg-info/SOURCES.txt'
[7.681s] adding license file 'LICENSE'
[7.684s] writing manifest file '../../build/imageprocess/imageprocess.egg-info/SOURCES.txt'
[7.685s] running build
[7.687s] running build_py
[7.688s] copying imageprocess/modelparameter.py -> /workspace/towen/build/imageprocess/build/lib/imageprocess
[7.689s] copying imageprocess/image_0417.py -> /workspace/towen/build/imageprocess/build/lib/imageprocess
[7.690s] copying imageprocess/dataunit.py -> /workspace/towen/build/imageprocess/build/lib/imageprocess
[7.691s] copying imageprocess/123123.py -> /workspace/towen/build/imageprocess/build/lib/imageprocess
[7.692s] copying imageprocess/image_test.py -> /workspace/towen/build/imageprocess/build/lib/imageprocess
[7.693s] copying imageprocess/image.py -> /workspace/towen/build/imageprocess/build/lib/imageprocess
[7.694s] copying imageprocess/__init__.py -> /workspace/towen/build/imageprocess/build/lib/imageprocess
[7.696s] copying imageprocess/imageprocess.py -> /workspace/towen/build/imageprocess/build/lib/imageprocess
[7.697s] copying imageprocess/camera_segment_headless.py -> /workspace/towen/build/imageprocess/build/lib/imageprocess
[7.698s] running install
[7.702s] running install_lib
[7.764s] running install_data
[7.764s] copying resource/imageprocess -> /workspace/towen/install/imageprocess/share/ament_index/resource_index/packages
[7.765s] copying package.xml -> /workspace/towen/install/imageprocess/share/imageprocess
[7.765s] running install_egg_info
[7.834s] removing '/workspace/towen/install/imageprocess/lib/python3.10/site-packages/imageprocess-0.0.0-py3.10.egg-info' (and everything under it)
[7.835s] Copying ../../build/imageprocess/imageprocess.egg-info to /workspace/towen/install/imageprocess/lib/python3.10/site-packages/imageprocess-0.0.0-py3.10.egg-info
[7.842s] running install_scripts
[8.128s] Installing image script to /workspace/towen/install/imageprocess/lib/imageprocess
[8.129s] Installing image_test script to /workspace/towen/install/imageprocess/lib/imageprocess
[8.130s] Installing imageprocess script to /workspace/towen/install/imageprocess/lib/imageprocess
[8.130s] writing list of installed files to '/workspace/towen/build/imageprocess/install.log'
[8.259s] Invoked command in '/workspace/towen/src/imageprocess' returned '0': BYOBU_DATE=%Y-%m-%d PYTHONPATH=/workspace/towen/build/imageprocess/prefix_override:/usr/lib/python3/dist-packages/colcon_core/task/python/colcon_distutils_commands:/workspace/towen/install/imageprocess/lib/python3.10/site-packages:${PYTHONPATH} /usr/bin/python3 -W ignore:setup.py install is deprecated setup.py egg_info --egg-base ../../build/imageprocess build --build-base /workspace/towen/build/imageprocess/build install --record /workspace/towen/build/imageprocess/install.log --single-version-externally-managed install_data
