[0.701s] Invoking command in '/workspace/towen/build/rosidl_typesupport_interface': BYOBU_DATE=%Y-%m-%d CMAKE_PREFIX_PATH=${CMAKE_PREFIX_PATH}:/workspace/towen/install/strategy:/workspace/towen/install/rosidl_cli:/workspace/towen/install/opencv_tests:/workspace/towen/install/motionpackage:/workspace/towen/install/imageprocess:/opt/ros/humble /usr/local/bin/cmake /workspace/towen/src/rosidl/rosidl_typesupport_interface -DCMAKE_INSTALL_PREFIX=/workspace/towen/install/rosidl_typesupport_interface
[0.955s] -- Found ament_cmake: 1.3.10 (/opt/ros/humble/install/share/ament_cmake/cmake)
[1.269s] -- Override CMake install command with custom implementation using symlinks instead of copying resources
[1.295s] -- Found ament_lint_auto: 0.12.11 (/opt/ros/humble/install/share/ament_lint_auto/cmake)
[1.578s] -- Found gtest sources under '/opt/ros/humble/install/src/gtest_vendor': C++ tests using 'Google Test' will be built
[1.600s] -- Added test 'copyright' to check source files copyright and LICENSE
[1.604s] -- Added test 'cppcheck' to perform static code analysis on C / C++ code
[1.604s] -- Configured cppcheck include dirs: $<BUILD_INTERFACE:/workspace/towen/src/rosidl/rosidl_typesupport_interface/include>
[1.605s] -- Configured cppcheck exclude dirs and/or files: 
[1.607s] -- Added test 'cpplint' to check C / C++ code against the Google style
[1.608s] -- Configured cpplint exclude dirs and/or files: 
[1.610s] -- Added test 'lint_cmake' to check CMake code style
[1.612s] -- Added test 'uncrustify' to check C / C++ code style
[1.613s] -- Configured uncrustify additional arguments: 
[1.614s] -- Added test 'xmllint' to check XML markup files
[1.620s] -- Configuring done (0.7s)
[1.667s] -- Generating done (0.0s)
[1.668s] -- Build files have been written to: /workspace/towen/build/rosidl_typesupport_interface
[1.747s] Invoked command in '/workspace/towen/build/rosidl_typesupport_interface' returned '0': BYOBU_DATE=%Y-%m-%d CMAKE_PREFIX_PATH=${CMAKE_PREFIX_PATH}:/workspace/towen/install/strategy:/workspace/towen/install/rosidl_cli:/workspace/towen/install/opencv_tests:/workspace/towen/install/motionpackage:/workspace/towen/install/imageprocess:/opt/ros/humble /usr/local/bin/cmake /workspace/towen/src/rosidl/rosidl_typesupport_interface -DCMAKE_INSTALL_PREFIX=/workspace/towen/install/rosidl_typesupport_interface
[1.749s] Invoking command in '/workspace/towen/build/rosidl_typesupport_interface': BYOBU_DATE=%Y-%m-%d CMAKE_PREFIX_PATH=${CMAKE_PREFIX_PATH}:/workspace/towen/install/strategy:/workspace/towen/install/rosidl_cli:/workspace/towen/install/opencv_tests:/workspace/towen/install/motionpackage:/workspace/towen/install/imageprocess:/opt/ros/humble /usr/local/bin/cmake --build /workspace/towen/build/rosidl_typesupport_interface -- -j6 -l6
[2.110s] [ 33%] Built target gtest
[2.116s] [ 66%] Built target gtest_main
[2.175s] [100%] Built target test_macros
[2.231s] Invoked command in '/workspace/towen/build/rosidl_typesupport_interface' returned '0': BYOBU_DATE=%Y-%m-%d CMAKE_PREFIX_PATH=${CMAKE_PREFIX_PATH}:/workspace/towen/install/strategy:/workspace/towen/install/rosidl_cli:/workspace/towen/install/opencv_tests:/workspace/towen/install/motionpackage:/workspace/towen/install/imageprocess:/opt/ros/humble /usr/local/bin/cmake --build /workspace/towen/build/rosidl_typesupport_interface -- -j6 -l6
[2.991s] Invoking command in '/workspace/towen/build/rosidl_typesupport_interface': BYOBU_DATE=%Y-%m-%d CMAKE_PREFIX_PATH=${CMAKE_PREFIX_PATH}:/workspace/towen/install/strategy:/workspace/towen/install/rosidl_cli:/workspace/towen/install/opencv_tests:/workspace/towen/install/motionpackage:/workspace/towen/install/imageprocess:/opt/ros/humble /usr/local/bin/cmake --install /workspace/towen/build/rosidl_typesupport_interface
[3.252s] -- Install configuration: "Release"
[3.253s] -- Execute custom install script
[3.254s] -- Up-to-date symlink: /workspace/towen/install/rosidl_typesupport_interface/share/ament_index/resource_index/package_run_dependencies/rosidl_typesupport_interface
[3.254s] -- Up-to-date symlink: /workspace/towen/install/rosidl_typesupport_interface/share/ament_index/resource_index/parent_prefix_path/rosidl_typesupport_interface
[3.255s] -- Up-to-date symlink: /workspace/towen/install/rosidl_typesupport_interface/share/rosidl_typesupport_interface/environment/ament_prefix_path.sh
[3.255s] -- Up-to-date symlink: /workspace/towen/install/rosidl_typesupport_interface/share/rosidl_typesupport_interface/environment/ament_prefix_path.dsv
[3.256s] -- Up-to-date symlink: /workspace/towen/install/rosidl_typesupport_interface/share/rosidl_typesupport_interface/environment/path.sh
[3.256s] -- Up-to-date symlink: /workspace/towen/install/rosidl_typesupport_interface/share/rosidl_typesupport_interface/environment/path.dsv
[3.256s] -- Up-to-date symlink: /workspace/towen/install/rosidl_typesupport_interface/share/rosidl_typesupport_interface/local_setup.bash
[3.257s] -- Up-to-date symlink: /workspace/towen/install/rosidl_typesupport_interface/share/rosidl_typesupport_interface/local_setup.sh
[3.257s] -- Up-to-date symlink: /workspace/towen/install/rosidl_typesupport_interface/share/rosidl_typesupport_interface/local_setup.zsh
[3.257s] -- Up-to-date symlink: /workspace/towen/install/rosidl_typesupport_interface/share/rosidl_typesupport_interface/local_setup.dsv
[3.257s] -- Symlinking: /workspace/towen/install/rosidl_typesupport_interface/share/rosidl_typesupport_interface/package.dsv
[3.271s] -- Up-to-date symlink: /workspace/towen/install/rosidl_typesupport_interface/share/ament_index/resource_index/packages/rosidl_typesupport_interface
[3.272s] -- Up-to-date symlink: /workspace/towen/install/rosidl_typesupport_interface/share/rosidl_typesupport_interface/cmake/ament_cmake_export_include_directories-extras.cmake
[3.273s] -- Up-to-date symlink: /workspace/towen/install/rosidl_typesupport_interface/share/rosidl_typesupport_interface/cmake/ament_cmake_export_targets-extras.cmake
[3.275s] -- Up-to-date symlink: /workspace/towen/install/rosidl_typesupport_interface/share/rosidl_typesupport_interface/cmake/rosidl_typesupport_interfaceConfig.cmake
[3.276s] -- Up-to-date symlink: /workspace/towen/install/rosidl_typesupport_interface/share/rosidl_typesupport_interface/cmake/rosidl_typesupport_interfaceConfig-version.cmake
[3.277s] -- Up-to-date symlink: /workspace/towen/install/rosidl_typesupport_interface/share/rosidl_typesupport_interface/package.xml
[3.279s] -- Up-to-date symlink: /workspace/towen/install/rosidl_typesupport_interface/include/rosidl_typesupport_interface/rosidl_typesupport_interface/macros.h
[3.280s] -- Up-to-date: /workspace/towen/install/rosidl_typesupport_interface/share/rosidl_typesupport_interface/cmake/rosidl_typesupport_interfaceExport.cmake
[3.348s] Invoked command in '/workspace/towen/build/rosidl_typesupport_interface' returned '0': BYOBU_DATE=%Y-%m-%d CMAKE_PREFIX_PATH=${CMAKE_PREFIX_PATH}:/workspace/towen/install/strategy:/workspace/towen/install/rosidl_cli:/workspace/towen/install/opencv_tests:/workspace/towen/install/motionpackage:/workspace/towen/install/imageprocess:/opt/ros/humble /usr/local/bin/cmake --install /workspace/towen/build/rosidl_typesupport_interface
