[0.715s] Invoking command in '/workspace/towen/build/rosidl_parser': AMENT_PREFIX_PATH=/workspace/towen/install/rosidl_adapter:/workspace/towen/install/rosidl_cli:${AMENT_PREFIX_PATH} BYOBU_DATE=%Y-%m-%d CMAKE_PREFIX_PATH=/workspace/towen/install/rosidl_adapter:/workspace/towen/install/image_geometry:/workspace/towen/install/web_video_server:/workspace/towen/install/cv_bridge:/opt/ros/humble/install:/workspace/towen/install/strategy:/workspace/towen/install/motionpackage:/workspace/towen/install/imageprocess:/opt/ros/humble PATH=/workspace/towen/install/rosidl_cli/bin:${PATH} PYTHONPATH=/workspace/towen/install/rosidl_adapter/local/lib/python3.10/dist-packages:/workspace/towen/install/rosidl_cli/lib/python3.10/site-packages:${PYTHONPATH} /usr/local/bin/cmake --build /workspace/towen/build/rosidl_parser -- -j6 -l6
[1.094s] Built target ament_cmake_python_copy_rosidl_parser
[1.834s] running egg_info
[1.893s] writing rosidl_parser.egg-info/PKG-INFO
[1.897s] writing dependency_links to rosidl_parser.egg-info/dependency_links.txt
[1.899s] writing top-level names to rosidl_parser.egg-info/top_level.txt
[2.066s] reading manifest file 'rosidl_parser.egg-info/SOURCES.txt'
[2.085s] writing manifest file 'rosidl_parser.egg-info/SOURCES.txt'
[2.178s] Built target ament_cmake_python_build_rosidl_parser_egg
[2.324s] Invoked command in '/workspace/towen/build/rosidl_parser' returned '0': AMENT_PREFIX_PATH=/workspace/towen/install/rosidl_adapter:/workspace/towen/install/rosidl_cli:${AMENT_PREFIX_PATH} BYOBU_DATE=%Y-%m-%d CMAKE_PREFIX_PATH=/workspace/towen/install/rosidl_adapter:/workspace/towen/install/image_geometry:/workspace/towen/install/web_video_server:/workspace/towen/install/cv_bridge:/opt/ros/humble/install:/workspace/towen/install/strategy:/workspace/towen/install/motionpackage:/workspace/towen/install/imageprocess:/opt/ros/humble PATH=/workspace/towen/install/rosidl_cli/bin:${PATH} PYTHONPATH=/workspace/towen/install/rosidl_adapter/local/lib/python3.10/dist-packages:/workspace/towen/install/rosidl_cli/lib/python3.10/site-packages:${PYTHONPATH} /usr/local/bin/cmake --build /workspace/towen/build/rosidl_parser -- -j6 -l6
[2.794s] Invoking command in '/workspace/towen/build/rosidl_parser': AMENT_PREFIX_PATH=/workspace/towen/install/rosidl_adapter:/workspace/towen/install/rosidl_cli:${AMENT_PREFIX_PATH} BYOBU_DATE=%Y-%m-%d CMAKE_PREFIX_PATH=/workspace/towen/install/rosidl_adapter:/workspace/towen/install/image_geometry:/workspace/towen/install/web_video_server:/workspace/towen/install/cv_bridge:/opt/ros/humble/install:/workspace/towen/install/strategy:/workspace/towen/install/motionpackage:/workspace/towen/install/imageprocess:/opt/ros/humble PATH=/workspace/towen/install/rosidl_cli/bin:${PATH} PYTHONPATH=/workspace/towen/install/rosidl_adapter/local/lib/python3.10/dist-packages:/workspace/towen/install/rosidl_cli/lib/python3.10/site-packages:${PYTHONPATH} /usr/local/bin/cmake --install /workspace/towen/build/rosidl_parser
[3.199s] -- Install configuration: ""
[3.199s] -- Up-to-date: /workspace/towen/install/rosidl_parser/share/rosidl_parser/environment/pythonpath.sh
[3.199s] -- Up-to-date: /workspace/towen/install/rosidl_parser/share/rosidl_parser/environment/pythonpath.dsv
[3.200s] -- Up-to-date: /workspace/towen/install/rosidl_parser/local/lib/python3.10/dist-packages/rosidl_parser-3.1.7-py3.10.egg-info
[3.200s] -- Installing: /workspace/towen/install/rosidl_parser/local/lib/python3.10/dist-packages/rosidl_parser-3.1.7-py3.10.egg-info/PKG-INFO
[3.203s] -- Installing: /workspace/towen/install/rosidl_parser/local/lib/python3.10/dist-packages/rosidl_parser-3.1.7-py3.10.egg-info/top_level.txt
[3.203s] -- Installing: /workspace/towen/install/rosidl_parser/local/lib/python3.10/dist-packages/rosidl_parser-3.1.7-py3.10.egg-info/SOURCES.txt
[3.203s] -- Installing: /workspace/towen/install/rosidl_parser/local/lib/python3.10/dist-packages/rosidl_parser-3.1.7-py3.10.egg-info/dependency_links.txt
[3.203s] -- Up-to-date: /workspace/towen/install/rosidl_parser/local/lib/python3.10/dist-packages/rosidl_parser
[3.203s] -- Up-to-date: /workspace/towen/install/rosidl_parser/local/lib/python3.10/dist-packages/rosidl_parser/parser.py
[3.203s] -- Up-to-date: /workspace/towen/install/rosidl_parser/local/lib/python3.10/dist-packages/rosidl_parser/__init__.py
[3.204s] -- Up-to-date: /workspace/towen/install/rosidl_parser/local/lib/python3.10/dist-packages/rosidl_parser/definition.py
[3.204s] -- Up-to-date: /workspace/towen/install/rosidl_parser/local/lib/python3.10/dist-packages/rosidl_parser/grammar.lark
[3.468s] Listing '/workspace/towen/install/rosidl_parser/local/lib/python3.10/dist-packages/rosidl_parser'...
[3.498s] -- Up-to-date: /workspace/towen/install/rosidl_parser/share/ament_index/resource_index/package_run_dependencies/rosidl_parser
[3.500s] -- Up-to-date: /workspace/towen/install/rosidl_parser/share/ament_index/resource_index/parent_prefix_path/rosidl_parser
[3.501s] -- Up-to-date: /workspace/towen/install/rosidl_parser/share/rosidl_parser/environment/ament_prefix_path.sh
[3.502s] -- Up-to-date: /workspace/towen/install/rosidl_parser/share/rosidl_parser/environment/ament_prefix_path.dsv
[3.503s] -- Up-to-date: /workspace/towen/install/rosidl_parser/share/rosidl_parser/environment/path.sh
[3.504s] -- Up-to-date: /workspace/towen/install/rosidl_parser/share/rosidl_parser/environment/path.dsv
[3.506s] -- Up-to-date: /workspace/towen/install/rosidl_parser/share/rosidl_parser/local_setup.bash
[3.507s] -- Up-to-date: /workspace/towen/install/rosidl_parser/share/rosidl_parser/local_setup.sh
[3.508s] -- Up-to-date: /workspace/towen/install/rosidl_parser/share/rosidl_parser/local_setup.zsh
[3.509s] -- Up-to-date: /workspace/towen/install/rosidl_parser/share/rosidl_parser/local_setup.dsv
[3.510s] -- Installing: /workspace/towen/install/rosidl_parser/share/rosidl_parser/package.dsv
[3.512s] -- Up-to-date: /workspace/towen/install/rosidl_parser/share/ament_index/resource_index/packages/rosidl_parser
[3.513s] -- Up-to-date: /workspace/towen/install/rosidl_parser/share/rosidl_parser/cmake/rosidl_parserConfig.cmake
[3.514s] -- Up-to-date: /workspace/towen/install/rosidl_parser/share/rosidl_parser/cmake/rosidl_parserConfig-version.cmake
[3.515s] -- Up-to-date: /workspace/towen/install/rosidl_parser/share/rosidl_parser/package.xml
[3.517s] -- Up-to-date: /workspace/towen/install/rosidl_parser/lib/rosidl_parser/idl2png
[3.611s] Invoked command in '/workspace/towen/build/rosidl_parser' returned '0': AMENT_PREFIX_PATH=/workspace/towen/install/rosidl_adapter:/workspace/towen/install/rosidl_cli:${AMENT_PREFIX_PATH} BYOBU_DATE=%Y-%m-%d CMAKE_PREFIX_PATH=/workspace/towen/install/rosidl_adapter:/workspace/towen/install/image_geometry:/workspace/towen/install/web_video_server:/workspace/towen/install/cv_bridge:/opt/ros/humble/install:/workspace/towen/install/strategy:/workspace/towen/install/motionpackage:/workspace/towen/install/imageprocess:/opt/ros/humble PATH=/workspace/towen/install/rosidl_cli/bin:${PATH} PYTHONPATH=/workspace/towen/install/rosidl_adapter/local/lib/python3.10/dist-packages:/workspace/towen/install/rosidl_cli/lib/python3.10/site-packages:${PYTHONPATH} /usr/local/bin/cmake --install /workspace/towen/build/rosidl_parser
