[0.215s] Invoking command in '/workspace/towen/build/rosidl_cmake': AMENT_PREFIX_PATH=/workspace/towen/install/rosidl_parser:/workspace/towen/install/rosidl_adapter:/workspace/towen/install/rosidl_cli:${AMENT_PREFIX_PATH} BYOBU_DATE=%Y-%m-%d CMAKE_PREFIX_PATH=/workspace/towen/install/rosidl_parser:/workspace/towen/install/rosidl_adapter:/opt/ros/humble PATH=/workspace/towen/install/rosidl_cli/bin:${PATH} PYTHONPATH=/workspace/towen/install/rosidl_parser/local/lib/python3.10/dist-packages:/workspace/towen/install/rosidl_adapter/local/lib/python3.10/dist-packages:/workspace/towen/install/rosidl_cli/lib/python3.10/site-packages:${PYTHONPATH} /usr/local/bin/cmake --build /workspace/towen/build/rosidl_cmake -- -j6 -l6
[0.689s] Built target ament_cmake_python_copy_rosidl_cmake
[1.397s] running egg_info
[1.442s] writing rosidl_cmake.egg-info/PKG-INFO
[1.443s] writing dependency_links to rosidl_cmake.egg-info/dependency_links.txt
[1.446s] writing top-level names to rosidl_cmake.egg-info/top_level.txt
[1.551s] reading manifest file 'rosidl_cmake.egg-info/SOURCES.txt'
[1.554s] writing manifest file 'rosidl_cmake.egg-info/SOURCES.txt'
[1.649s] Built target ament_cmake_python_build_rosidl_cmake_egg
[1.722s] Invoked command in '/workspace/towen/build/rosidl_cmake' returned '0': AMENT_PREFIX_PATH=/workspace/towen/install/rosidl_parser:/workspace/towen/install/rosidl_adapter:/workspace/towen/install/rosidl_cli:${AMENT_PREFIX_PATH} BYOBU_DATE=%Y-%m-%d CMAKE_PREFIX_PATH=/workspace/towen/install/rosidl_parser:/workspace/towen/install/rosidl_adapter:/opt/ros/humble PATH=/workspace/towen/install/rosidl_cli/bin:${PATH} PYTHONPATH=/workspace/towen/install/rosidl_parser/local/lib/python3.10/dist-packages:/workspace/towen/install/rosidl_adapter/local/lib/python3.10/dist-packages:/workspace/towen/install/rosidl_cli/lib/python3.10/site-packages:${PYTHONPATH} /usr/local/bin/cmake --build /workspace/towen/build/rosidl_cmake -- -j6 -l6
[2.081s] Invoking command in '/workspace/towen/build/rosidl_cmake': AMENT_PREFIX_PATH=/workspace/towen/install/rosidl_parser:/workspace/towen/install/rosidl_adapter:/workspace/towen/install/rosidl_cli:${AMENT_PREFIX_PATH} BYOBU_DATE=%Y-%m-%d CMAKE_PREFIX_PATH=/workspace/towen/install/rosidl_parser:/workspace/towen/install/rosidl_adapter:/opt/ros/humble PATH=/workspace/towen/install/rosidl_cli/bin:${PATH} PYTHONPATH=/workspace/towen/install/rosidl_parser/local/lib/python3.10/dist-packages:/workspace/towen/install/rosidl_adapter/local/lib/python3.10/dist-packages:/workspace/towen/install/rosidl_cli/lib/python3.10/site-packages:${PYTHONPATH} /usr/local/bin/cmake --install /workspace/towen/build/rosidl_cmake
[2.323s] -- Install configuration: ""
[2.330s] -- Up-to-date: /workspace/towen/install/rosidl_cmake/share/rosidl_cmake/environment/pythonpath.sh
[2.330s] -- Up-to-date: /workspace/towen/install/rosidl_cmake/share/rosidl_cmake/environment/pythonpath.dsv
[2.331s] -- Up-to-date: /workspace/towen/install/rosidl_cmake/local/lib/python3.10/dist-packages/rosidl_cmake-3.1.7-py3.10.egg-info
[2.331s] -- Installing: /workspace/towen/install/rosidl_cmake/local/lib/python3.10/dist-packages/rosidl_cmake-3.1.7-py3.10.egg-info/PKG-INFO
[2.331s] -- Installing: /workspace/towen/install/rosidl_cmake/local/lib/python3.10/dist-packages/rosidl_cmake-3.1.7-py3.10.egg-info/top_level.txt
[2.331s] -- Installing: /workspace/towen/install/rosidl_cmake/local/lib/python3.10/dist-packages/rosidl_cmake-3.1.7-py3.10.egg-info/SOURCES.txt
[2.331s] -- Installing: /workspace/towen/install/rosidl_cmake/local/lib/python3.10/dist-packages/rosidl_cmake-3.1.7-py3.10.egg-info/dependency_links.txt
[2.331s] -- Up-to-date: /workspace/towen/install/rosidl_cmake/local/lib/python3.10/dist-packages/rosidl_cmake
[2.331s] -- Up-to-date: /workspace/towen/install/rosidl_cmake/local/lib/python3.10/dist-packages/rosidl_cmake/__init__.py
[2.444s] Listing '/workspace/towen/install/rosidl_cmake/local/lib/python3.10/dist-packages/rosidl_cmake'...
[2.466s] -- Up-to-date: /workspace/towen/install/rosidl_cmake/share/ament_index/resource_index/package_run_dependencies/rosidl_cmake
[2.466s] -- Up-to-date: /workspace/towen/install/rosidl_cmake/share/ament_index/resource_index/parent_prefix_path/rosidl_cmake
[2.466s] -- Up-to-date: /workspace/towen/install/rosidl_cmake/share/rosidl_cmake/environment/ament_prefix_path.sh
[2.467s] -- Up-to-date: /workspace/towen/install/rosidl_cmake/share/rosidl_cmake/environment/ament_prefix_path.dsv
[2.467s] -- Up-to-date: /workspace/towen/install/rosidl_cmake/share/rosidl_cmake/environment/path.sh
[2.467s] -- Up-to-date: /workspace/towen/install/rosidl_cmake/share/rosidl_cmake/environment/path.dsv
[2.467s] -- Up-to-date: /workspace/towen/install/rosidl_cmake/share/rosidl_cmake/local_setup.bash
[2.467s] -- Up-to-date: /workspace/towen/install/rosidl_cmake/share/rosidl_cmake/local_setup.sh
[2.467s] -- Up-to-date: /workspace/towen/install/rosidl_cmake/share/rosidl_cmake/local_setup.zsh
[2.467s] -- Up-to-date: /workspace/towen/install/rosidl_cmake/share/rosidl_cmake/local_setup.dsv
[2.467s] -- Installing: /workspace/towen/install/rosidl_cmake/share/rosidl_cmake/package.dsv
[2.469s] -- Up-to-date: /workspace/towen/install/rosidl_cmake/share/ament_index/resource_index/packages/rosidl_cmake
[2.470s] -- Up-to-date: /workspace/towen/install/rosidl_cmake/share/rosidl_cmake/cmake/rosidl_cmake-extras.cmake
[2.470s] -- Up-to-date: /workspace/towen/install/rosidl_cmake/share/rosidl_cmake/cmake/rosidl_cmakeConfig.cmake
[2.470s] -- Up-to-date: /workspace/towen/install/rosidl_cmake/share/rosidl_cmake/cmake/rosidl_cmakeConfig-version.cmake
[2.470s] -- Up-to-date: /workspace/towen/install/rosidl_cmake/share/rosidl_cmake/package.xml
[2.479s] -- Up-to-date: /workspace/towen/install/rosidl_cmake/share/rosidl_cmake/cmake
[2.480s] -- Up-to-date: /workspace/towen/install/rosidl_cmake/share/rosidl_cmake/cmake/rosidl_get_typesupport_target.cmake
[2.481s] -- Up-to-date: /workspace/towen/install/rosidl_cmake/share/rosidl_cmake/cmake/rosidl_export_typesupport_targets.cmake
[2.489s] -- Up-to-date: /workspace/towen/install/rosidl_cmake/share/rosidl_cmake/cmake/rosidl_cmake_export_typesupport_libraries-extras.cmake.in
[2.495s] -- Up-to-date: /workspace/towen/install/rosidl_cmake/share/rosidl_cmake/cmake/rosidl_cmake_export_typesupport_libraries_package_hook.cmake
[2.496s] -- Up-to-date: /workspace/towen/install/rosidl_cmake/share/rosidl_cmake/cmake/rosidl_cmake_export_typesupport_targets-extras.cmake.in
[2.496s] -- Up-to-date: /workspace/towen/install/rosidl_cmake/share/rosidl_cmake/cmake/rosidl_target_interfaces.cmake
[2.496s] -- Up-to-date: /workspace/towen/install/rosidl_cmake/share/rosidl_cmake/cmake/rosidl_cmake_package_hook.cmake
[2.496s] -- Up-to-date: /workspace/towen/install/rosidl_cmake/share/rosidl_cmake/cmake/string_camel_case_to_lower_case_underscore.cmake
[2.496s] -- Up-to-date: /workspace/towen/install/rosidl_cmake/share/rosidl_cmake/cmake/rosidl_export_typesupport_libraries.cmake
[2.497s] -- Up-to-date: /workspace/towen/install/rosidl_cmake/share/rosidl_cmake/cmake/rosidl_cmake-extras.cmake.in
[2.497s] -- Up-to-date: /workspace/towen/install/rosidl_cmake/share/rosidl_cmake/cmake/rosidl_cmake_export_typesupport_targets_package_hook.cmake
[2.497s] -- Up-to-date: /workspace/towen/install/rosidl_cmake/share/rosidl_cmake/cmake/rosidl_generate_interfaces.cmake
[2.497s] -- Up-to-date: /workspace/towen/install/rosidl_cmake/share/rosidl_cmake/cmake/rosidl_write_generator_arguments.cmake
[2.570s] Invoked command in '/workspace/towen/build/rosidl_cmake' returned '0': AMENT_PREFIX_PATH=/workspace/towen/install/rosidl_parser:/workspace/towen/install/rosidl_adapter:/workspace/towen/install/rosidl_cli:${AMENT_PREFIX_PATH} BYOBU_DATE=%Y-%m-%d CMAKE_PREFIX_PATH=/workspace/towen/install/rosidl_parser:/workspace/towen/install/rosidl_adapter:/opt/ros/humble PATH=/workspace/towen/install/rosidl_cli/bin:${PATH} PYTHONPATH=/workspace/towen/install/rosidl_parser/local/lib/python3.10/dist-packages:/workspace/towen/install/rosidl_adapter/local/lib/python3.10/dist-packages:/workspace/towen/install/rosidl_cli/lib/python3.10/site-packages:${PYTHONPATH} /usr/local/bin/cmake --install /workspace/towen/build/rosidl_cmake
