[2.989s] Invoking command in '/workspace/towen/src/strategy': BYOBU_DATE=%Y-%m-%d PYTHONPATH=/workspace/towen/build/strategy/prefix_override:/usr/lib/python3/dist-packages/colcon_core/task/python/colcon_distutils_commands:/workspace/towen/install/strategy/lib/python3.10/site-packages:${PYTHONPATH} /usr/bin/python3 -W ignore:setup.py install is deprecated setup.py egg_info --egg-base ../../build/strategy build --build-base /workspace/towen/build/strategy/build install --record /workspace/towen/build/strategy/install.log --single-version-externally-managed install_data
[3.624s] running egg_info
[3.663s] writing ../../build/strategy/strategy.egg-info/PKG-INFO
[3.664s] writing dependency_links to ../../build/strategy/strategy.egg-info/dependency_links.txt
[3.664s] writing entry points to ../../build/strategy/strategy.egg-info/entry_points.txt
[3.664s] writing requirements to ../../build/strategy/strategy.egg-info/requires.txt
[3.664s] writing top-level names to ../../build/strategy/strategy.egg-info/top_level.txt
[3.739s] reading manifest file '../../build/strategy/strategy.egg-info/SOURCES.txt'
[3.740s] adding license file 'LICENSE'
[3.743s] writing manifest file '../../build/strategy/strategy.egg-info/SOURCES.txt'
[3.743s] running build
[3.743s] running build_py
[3.744s] copying strategy/__init__.py -> /workspace/towen/build/strategy/build/lib/strategy
[3.744s] copying strategy/API.py -> /workspace/towen/build/strategy/build/lib/strategy
[3.745s] copying strategy/mar/__init__.py -> /workspace/towen/build/strategy/build/lib/strategy/mar
[3.745s] copying strategy/mar/mar.py -> /workspace/towen/build/strategy/build/lib/strategy/mar
[3.746s] copying strategy/wl/wl.py -> /workspace/towen/build/strategy/build/lib/strategy/wl
[3.747s] copying strategy/wl/__init__.py -> /workspace/towen/build/strategy/build/lib/strategy/wl
[3.747s] copying strategy/sp/sp.py -> /workspace/towen/build/strategy/build/lib/strategy/sp
[3.748s] copying strategy/sp/__init__.py -> /workspace/towen/build/strategy/build/lib/strategy/sp
[3.748s] copying strategy/obs/__init__.py -> /workspace/towen/build/strategy/build/lib/strategy/obs
[3.749s] copying strategy/obs/obs.py -> /workspace/towen/build/strategy/build/lib/strategy/obs
[3.749s] copying strategy/sr/__init__.py -> /workspace/towen/build/strategy/build/lib/strategy/sr
[3.750s] copying strategy/sr/sr.py -> /workspace/towen/build/strategy/build/lib/strategy/sr
[3.751s] copying strategy/bb/__init__.py -> /workspace/towen/build/strategy/build/lib/strategy/bb
[3.751s] copying strategy/bb/bb.py -> /workspace/towen/build/strategy/build/lib/strategy/bb
[3.752s] copying strategy/ar/__init__.py -> /workspace/towen/build/strategy/build/lib/strategy/ar
[3.752s] copying strategy/ar/ar.py -> /workspace/towen/build/strategy/build/lib/strategy/ar
[3.755s] running install
[3.765s] running install_lib
[3.805s] running install_data
[3.805s] copying resource/strategy -> /workspace/towen/install/strategy/share/ament_index/resource_index/packages
[3.806s] copying package.xml -> /workspace/towen/install/strategy/share/strategy
[3.806s] running install_egg_info
[3.844s] removing '/workspace/towen/install/strategy/lib/python3.10/site-packages/strategy-0.0.0-py3.10.egg-info' (and everything under it)
[3.844s] Copying ../../build/strategy/strategy.egg-info to /workspace/towen/install/strategy/lib/python3.10/site-packages/strategy-0.0.0-py3.10.egg-info
[3.846s] running install_scripts
[4.141s] Installing ar script to /workspace/towen/install/strategy/lib/strategy
[4.141s] Installing bb script to /workspace/towen/install/strategy/lib/strategy
[4.141s] Installing mar script to /workspace/towen/install/strategy/lib/strategy
[4.142s] Installing obs script to /workspace/towen/install/strategy/lib/strategy
[4.142s] Installing sp script to /workspace/towen/install/strategy/lib/strategy
[4.142s] Installing sr script to /workspace/towen/install/strategy/lib/strategy
[4.142s] Installing wl script to /workspace/towen/install/strategy/lib/strategy
[4.144s] writing list of installed files to '/workspace/towen/build/strategy/install.log'
