[0.699s] Invoking command in '/workspace/towen/build/zed_components': BYOBU_DATE=%Y-%m-%d CMAKE_PREFIX_PATH=/opt/ros/humble /usr/local/bin/cmake --build /workspace/towen/build/zed_components -- -j6 -l6
[1.172s] [ 50%] Built target zed_camera_component
[1.307s] [100%] Built target zed_camera_one_component
[1.435s] Invoked command in '/workspace/towen/build/zed_components' returned '0': BYOBU_DATE=%Y-%m-%d CMAKE_PREFIX_PATH=/opt/ros/humble /usr/local/bin/cmake --build /workspace/towen/build/zed_components -- -j6 -l6
[2.385s] Invoking command in '/workspace/towen/build/zed_components': BYOBU_DATE=%Y-%m-%d CMAKE_PREFIX_PATH=/opt/ros/humble /usr/local/bin/cmake --install /workspace/towen/build/zed_components
[2.730s] -- Install configuration: "Release"
[2.734s] -- Execute custom install script
[2.736s] -- Up-to-date symlink: /workspace/towen/install/zed_components/lib/libzed_camera_component.so
[2.738s] -- Up-to-date symlink: /workspace/towen/install/zed_components/lib/libzed_camera_one_component.so
[2.741s] -- Up-to-date symlink: /workspace/towen/install/zed_components/include/zed_components//cost_traversability.hpp
[2.742s] -- Up-to-date symlink: /workspace/towen/install/zed_components/include/zed_components//sl_types.hpp
[2.744s] -- Up-to-date symlink: /workspace/towen/install/zed_components/include/zed_components//zed_camera_component.hpp
[2.753s] -- Up-to-date symlink: /workspace/towen/install/zed_components/include/zed_components//zed_camera_one_component.hpp
[2.756s] -- Up-to-date symlink: /workspace/towen/install/zed_components/include/zed_components//gnss_replay.hpp
[2.759s] -- Up-to-date symlink: /workspace/towen/install/zed_components/include/zed_components//json.hpp
[2.761s] -- Up-to-date symlink: /workspace/towen/install/zed_components/include/zed_components//sl_logging.hpp
[2.762s] -- Up-to-date symlink: /workspace/towen/install/zed_components/include/zed_components//sl_tools.hpp
[2.763s] -- Up-to-date symlink: /workspace/towen/install/zed_components/include/zed_components//sl_win_avg.hpp
[2.767s] -- Up-to-date symlink: /workspace/towen/install/zed_components/include/zed_components//visibility_control.hpp
[2.769s] -- Up-to-date symlink: /workspace/towen/install/zed_components/share/zed_components/environment/library_path.sh
[2.771s] -- Up-to-date symlink: /workspace/towen/install/zed_components/share/zed_components/environment/library_path.dsv
[2.772s] -- Up-to-date symlink: /workspace/towen/install/zed_components/share/ament_index/resource_index/package_run_dependencies/zed_components
[2.777s] -- Up-to-date symlink: /workspace/towen/install/zed_components/share/ament_index/resource_index/parent_prefix_path/zed_components
[2.778s] -- Up-to-date symlink: /workspace/towen/install/zed_components/share/zed_components/environment/ament_prefix_path.sh
[2.779s] -- Up-to-date symlink: /workspace/towen/install/zed_components/share/zed_components/environment/ament_prefix_path.dsv
[2.780s] -- Up-to-date symlink: /workspace/towen/install/zed_components/share/zed_components/environment/path.sh
[2.782s] -- Up-to-date symlink: /workspace/towen/install/zed_components/share/zed_components/environment/path.dsv
[2.784s] -- Up-to-date symlink: /workspace/towen/install/zed_components/share/zed_components/local_setup.bash
[2.786s] -- Up-to-date symlink: /workspace/towen/install/zed_components/share/zed_components/local_setup.sh
[2.788s] -- Up-to-date symlink: /workspace/towen/install/zed_components/share/zed_components/local_setup.zsh
[2.790s] -- Up-to-date symlink: /workspace/towen/install/zed_components/share/zed_components/local_setup.dsv
[2.795s] -- Symlinking: /workspace/towen/install/zed_components/share/zed_components/package.dsv
[2.838s] -- Up-to-date symlink: /workspace/towen/install/zed_components/share/ament_index/resource_index/packages/zed_components
[2.838s] -- Up-to-date symlink: /workspace/towen/install/zed_components/share/ament_index/resource_index/rclcpp_components/zed_components
[2.838s] -- Up-to-date symlink: /workspace/towen/install/zed_components/share/zed_components/cmake/ament_cmake_export_include_directories-extras.cmake
[2.839s] -- Up-to-date symlink: /workspace/towen/install/zed_components/share/zed_components/cmake/ament_cmake_export_libraries-extras.cmake
[2.839s] -- Up-to-date symlink: /workspace/towen/install/zed_components/share/zed_components/cmake/ament_cmake_export_dependencies-extras.cmake
[2.839s] -- Up-to-date symlink: /workspace/towen/install/zed_components/share/zed_components/cmake/zed_componentsConfig.cmake
[2.839s] -- Up-to-date symlink: /workspace/towen/install/zed_components/share/zed_components/cmake/zed_componentsConfig-version.cmake
[2.840s] -- Up-to-date symlink: /workspace/towen/install/zed_components/share/zed_components/package.xml
[2.913s] Invoked command in '/workspace/towen/build/zed_components' returned '0': BYOBU_DATE=%Y-%m-%d CMAKE_PREFIX_PATH=/opt/ros/humble /usr/local/bin/cmake --install /workspace/towen/build/zed_components
