[5.903s] Invoking command in '/home/iclab/Desktop/humanoid/src/imageprocess': BYOBU_DATE=%Y-%m-%d PYTHONPATH=/home/iclab/Desktop/humanoid/build/imageprocess/prefix_override:/usr/lib/python3/dist-packages/colcon_core/task/python/colcon_distutils_commands:/home/iclab/Desktop/humanoid/install/imageprocess/lib/python3.10/site-packages:${PYTHONPATH} /usr/bin/python3 -W ignore:setup.py install is deprecated -W ignore:easy_install command is deprecated setup.py egg_info --egg-base ../../build/imageprocess build --build-base /home/iclab/Desktop/humanoid/build/imageprocess/build install --record /home/iclab/Desktop/humanoid/build/imageprocess/install.log --single-version-externally-managed install_data
[7.335s] running egg_info
[7.339s] writing ../../build/imageprocess/imageprocess.egg-info/PKG-INFO
[7.342s] writing dependency_links to ../../build/imageprocess/imageprocess.egg-info/dependency_links.txt
[7.342s] writing entry points to ../../build/imageprocess/imageprocess.egg-info/entry_points.txt
[7.343s] writing requirements to ../../build/imageprocess/imageprocess.egg-info/requires.txt
[7.343s] writing top-level names to ../../build/imageprocess/imageprocess.egg-info/top_level.txt
[7.351s] reading manifest file '../../build/imageprocess/imageprocess.egg-info/SOURCES.txt'
[7.354s] adding license file 'LICENSE'
[7.357s] writing manifest file '../../build/imageprocess/imageprocess.egg-info/SOURCES.txt'
[7.358s] running build
[7.358s] running build_py
[7.358s] running install
[7.358s] running install_lib
[7.365s] running install_data
[7.365s] running install_egg_info
[7.372s] removing '/home/iclab/Desktop/humanoid/install/imageprocess/lib/python3.10/site-packages/imageprocess-0.0.0-py3.10.egg-info' (and everything under it)
[7.374s] Copying ../../build/imageprocess/imageprocess.egg-info to /home/iclab/Desktop/humanoid/install/imageprocess/lib/python3.10/site-packages/imageprocess-0.0.0-py3.10.egg-info
[7.378s] running install_scripts
[7.466s] Installing image script to /home/iclab/Desktop/humanoid/install/imageprocess/lib/imageprocess
[7.467s] Installing image_test script to /home/iclab/Desktop/humanoid/install/imageprocess/lib/imageprocess
[7.468s] Installing imageprocess script to /home/iclab/Desktop/humanoid/install/imageprocess/lib/imageprocess
[7.470s] writing list of installed files to '/home/iclab/Desktop/humanoid/build/imageprocess/install.log'
[7.630s] Invoked command in '/home/iclab/Desktop/humanoid/src/imageprocess' returned '0': BYOBU_DATE=%Y-%m-%d PYTHONPATH=/home/iclab/Desktop/humanoid/build/imageprocess/prefix_override:/usr/lib/python3/dist-packages/colcon_core/task/python/colcon_distutils_commands:/home/iclab/Desktop/humanoid/install/imageprocess/lib/python3.10/site-packages:${PYTHONPATH} /usr/bin/python3 -W ignore:setup.py install is deprecated -W ignore:easy_install command is deprecated setup.py egg_info --egg-base ../../build/imageprocess build --build-base /home/iclab/Desktop/humanoid/build/imageprocess/build install --record /home/iclab/Desktop/humanoid/build/imageprocess/install.log --single-version-externally-managed install_data
