[0.093s] Invoking command in '/workspace/towen/build/zed_wrapper': AMENT_PREFIX_PATH=/workspace/towen/install/zed_components:${AMENT_PREFIX_PATH} BYOBU_DATE=%Y-%m-%d CMAKE_PREFIX_PATH=/workspace/towen/install/zed_components:/workspace/towen/install/image_geometry:/workspace/towen/install/web_video_server:/workspace/towen/install/cv_bridge:/opt/ros/humble/install:/workspace/towen/install/strategy:/workspace/towen/install/motionpackage:/workspace/towen/install/imageprocess:/opt/ros/humble LD_LIBRARY_PATH=/workspace/towen/install/zed_components/lib:/workspace/towen/install/image_geometry/lib:/workspace/towen/install/cv_bridge/lib:/opt/ros/humble/opt/rviz_ogre_vendor/lib:/opt/ros/humble/lib/aarch64-linux-gnu:/opt/ros/humble/lib:/opt/ros/humble/install/opt/rviz_ogre_vendor/lib:/opt/ros/humble/install/lib:/usr/local/cuda/compat:/usr/local/cuda/lib64 /usr/local/bin/cmake --build /workspace/towen/build/zed_wrapper -- -j6 -l6
[0.421s] Invoked command in '/workspace/towen/build/zed_wrapper' returned '0': AMENT_PREFIX_PATH=/workspace/towen/install/zed_components:${AMENT_PREFIX_PATH} BYOBU_DATE=%Y-%m-%d CMAKE_PREFIX_PATH=/workspace/towen/install/zed_components:/workspace/towen/install/image_geometry:/workspace/towen/install/web_video_server:/workspace/towen/install/cv_bridge:/opt/ros/humble/install:/workspace/towen/install/strategy:/workspace/towen/install/motionpackage:/workspace/towen/install/imageprocess:/opt/ros/humble LD_LIBRARY_PATH=/workspace/towen/install/zed_components/lib:/workspace/towen/install/image_geometry/lib:/workspace/towen/install/cv_bridge/lib:/opt/ros/humble/opt/rviz_ogre_vendor/lib:/opt/ros/humble/lib/aarch64-linux-gnu:/opt/ros/humble/lib:/opt/ros/humble/install/opt/rviz_ogre_vendor/lib:/opt/ros/humble/install/lib:/usr/local/cuda/compat:/usr/local/cuda/lib64 /usr/local/bin/cmake --build /workspace/towen/build/zed_wrapper -- -j6 -l6
[0.764s] Invoking command in '/workspace/towen/build/zed_wrapper': AMENT_PREFIX_PATH=/workspace/towen/install/zed_components:${AMENT_PREFIX_PATH} BYOBU_DATE=%Y-%m-%d CMAKE_PREFIX_PATH=/workspace/towen/install/zed_components:/workspace/towen/install/image_geometry:/workspace/towen/install/web_video_server:/workspace/towen/install/cv_bridge:/opt/ros/humble/install:/workspace/towen/install/strategy:/workspace/towen/install/motionpackage:/workspace/towen/install/imageprocess:/opt/ros/humble LD_LIBRARY_PATH=/workspace/towen/install/zed_components/lib:/workspace/towen/install/image_geometry/lib:/workspace/towen/install/cv_bridge/lib:/opt/ros/humble/opt/rviz_ogre_vendor/lib:/opt/ros/humble/lib/aarch64-linux-gnu:/opt/ros/humble/lib:/opt/ros/humble/install/opt/rviz_ogre_vendor/lib:/opt/ros/humble/install/lib:/usr/local/cuda/compat:/usr/local/cuda/lib64 /usr/local/bin/cmake --install /workspace/towen/build/zed_wrapper
[0.990s] -- Install configuration: ""
[0.991s] -- Up-to-date: /workspace/towen/install/zed_wrapper/share/zed_wrapper/config
[0.992s] -- Up-to-date: /workspace/towen/install/zed_wrapper/share/zed_wrapper/config/zedm.yaml
[0.993s] -- Up-to-date: /workspace/towen/install/zed_wrapper/share/zed_wrapper/config/zedxone4k.yaml
[0.995s] -- Up-to-date: /workspace/towen/install/zed_wrapper/share/zed_wrapper/config/common_mono.yaml
[0.996s] -- Up-to-date: /workspace/towen/install/zed_wrapper/share/zed_wrapper/config/zedx.yaml
[0.997s] -- Up-to-date: /workspace/towen/install/zed_wrapper/share/zed_wrapper/config/zedxonegs.yaml
[0.998s] -- Up-to-date: /workspace/towen/install/zed_wrapper/share/zed_wrapper/config/ffmpeg.yaml
[0.999s] -- Up-to-date: /workspace/towen/install/zed_wrapper/share/zed_wrapper/config/virtual.yaml
[1.000s] -- Up-to-date: /workspace/towen/install/zed_wrapper/share/zed_wrapper/config/zedxm.yaml
[1.001s] -- Up-to-date: /workspace/towen/install/zed_wrapper/share/zed_wrapper/config/zed2i.yaml
[1.002s] -- Up-to-date: /workspace/towen/install/zed_wrapper/share/zed_wrapper/config/common_stereo.yaml
[1.003s] -- Up-to-date: /workspace/towen/install/zed_wrapper/share/zed_wrapper/config/zed.yaml
[1.004s] -- Up-to-date: /workspace/towen/install/zed_wrapper/share/zed_wrapper/config/zed2.yaml
[1.005s] -- Up-to-date: /workspace/towen/install/zed_wrapper/share/zed_wrapper/urdf
[1.006s] -- Up-to-date: /workspace/towen/install/zed_wrapper/share/zed_wrapper/urdf/include
[1.007s] -- Up-to-date: /workspace/towen/install/zed_wrapper/share/zed_wrapper/urdf/include/materials.urdf.xacro
[1.009s] -- Up-to-date: /workspace/towen/install/zed_wrapper/share/zed_wrapper/urdf/zed_descr.urdf.xacro
[1.010s] -- Up-to-date: /workspace/towen/install/zed_wrapper/share/zed_wrapper/urdf/zed_macro.urdf.xacro
[1.011s] -- Up-to-date: /workspace/towen/install/zed_wrapper/share/zed_wrapper/launch
[1.012s] -- Up-to-date: /workspace/towen/install/zed_wrapper/share/zed_wrapper/launch/zed_camera.launch.py
[1.013s] -- Up-to-date: /workspace/towen/install/zed_wrapper/share/ament_index/resource_index/package_run_dependencies/zed_wrapper
[1.014s] -- Up-to-date: /workspace/towen/install/zed_wrapper/share/ament_index/resource_index/parent_prefix_path/zed_wrapper
[1.016s] -- Up-to-date: /workspace/towen/install/zed_wrapper/share/zed_wrapper/environment/ament_prefix_path.sh
[1.017s] -- Up-to-date: /workspace/towen/install/zed_wrapper/share/zed_wrapper/environment/ament_prefix_path.dsv
[1.018s] -- Up-to-date: /workspace/towen/install/zed_wrapper/share/zed_wrapper/environment/path.sh
[1.019s] -- Up-to-date: /workspace/towen/install/zed_wrapper/share/zed_wrapper/environment/path.dsv
[1.020s] -- Up-to-date: /workspace/towen/install/zed_wrapper/share/zed_wrapper/local_setup.bash
[1.021s] -- Up-to-date: /workspace/towen/install/zed_wrapper/share/zed_wrapper/local_setup.sh
[1.022s] -- Up-to-date: /workspace/towen/install/zed_wrapper/share/zed_wrapper/local_setup.zsh
[1.023s] -- Up-to-date: /workspace/towen/install/zed_wrapper/share/zed_wrapper/local_setup.dsv
[1.024s] -- Installing: /workspace/towen/install/zed_wrapper/share/zed_wrapper/package.dsv
[1.028s] -- Up-to-date: /workspace/towen/install/zed_wrapper/share/ament_index/resource_index/packages/zed_wrapper
[1.029s] -- Up-to-date: /workspace/towen/install/zed_wrapper/share/zed_wrapper/cmake/zed_wrapperConfig.cmake
[1.030s] -- Up-to-date: /workspace/towen/install/zed_wrapper/share/zed_wrapper/cmake/zed_wrapperConfig-version.cmake
[1.031s] -- Up-to-date: /workspace/towen/install/zed_wrapper/share/zed_wrapper/package.xml
[2.293s] Invoked command in '/workspace/towen/build/zed_wrapper' returned '0': AMENT_PREFIX_PATH=/workspace/towen/install/zed_components:${AMENT_PREFIX_PATH} BYOBU_DATE=%Y-%m-%d CMAKE_PREFIX_PATH=/workspace/towen/install/zed_components:/workspace/towen/install/image_geometry:/workspace/towen/install/web_video_server:/workspace/towen/install/cv_bridge:/opt/ros/humble/install:/workspace/towen/install/strategy:/workspace/towen/install/motionpackage:/workspace/towen/install/imageprocess:/opt/ros/humble LD_LIBRARY_PATH=/workspace/towen/install/zed_components/lib:/workspace/towen/install/image_geometry/lib:/workspace/towen/install/cv_bridge/lib:/opt/ros/humble/opt/rviz_ogre_vendor/lib:/opt/ros/humble/lib/aarch64-linux-gnu:/opt/ros/humble/lib:/opt/ros/humble/install/opt/rviz_ogre_vendor/lib:/opt/ros/humble/install/lib:/usr/local/cuda/compat:/usr/local/cuda/lib64 /usr/local/bin/cmake --install /workspace/towen/build/zed_wrapper
