[2.819s] Invoking command in '/workspace/towen/src/strategy': BYOBU_DATE=%Y-%m-%d PYTHONPATH=/workspace/towen/build/strategy/prefix_override:/usr/lib/python3/dist-packages/colcon_core/task/python/colcon_distutils_commands:/workspace/towen/install/strategy/lib/python3.10/site-packages:${PYTHONPATH} /usr/bin/python3 -W ignore:setup.py install is deprecated setup.py egg_info --egg-base ../../build/strategy build --build-base /workspace/towen/build/strategy/build install --record /workspace/towen/build/strategy/install.log --single-version-externally-managed install_data
[3.626s] running egg_info
[3.678s] writing ../../build/strategy/strategy.egg-info/PKG-INFO
[3.682s] writing dependency_links to ../../build/strategy/strategy.egg-info/dependency_links.txt
[3.683s] writing entry points to ../../build/strategy/strategy.egg-info/entry_points.txt
[3.685s] writing requirements to ../../build/strategy/strategy.egg-info/requires.txt
[3.686s] writing top-level names to ../../build/strategy/strategy.egg-info/top_level.txt
[3.812s] reading manifest file '../../build/strategy/strategy.egg-info/SOURCES.txt'
[3.817s] adding license file 'LICENSE'
[3.853s] writing manifest file '../../build/strategy/strategy.egg-info/SOURCES.txt'
[3.854s] running build
[3.854s] running build_py
[3.854s] copying strategy/__init__.py -> /workspace/towen/build/strategy/build/lib/strategy
[3.854s] copying strategy/API.py -> /workspace/towen/build/strategy/build/lib/strategy
[3.855s] copying strategy/mar/__init__.py -> /workspace/towen/build/strategy/build/lib/strategy/mar
[3.855s] copying strategy/mar/mar.py -> /workspace/towen/build/strategy/build/lib/strategy/mar
[3.855s] copying strategy/wl/wl.py -> /workspace/towen/build/strategy/build/lib/strategy/wl
[3.855s] copying strategy/wl/__init__.py -> /workspace/towen/build/strategy/build/lib/strategy/wl
[3.855s] copying strategy/sp/sp.py -> /workspace/towen/build/strategy/build/lib/strategy/sp
[3.855s] copying strategy/sp/__init__.py -> /workspace/towen/build/strategy/build/lib/strategy/sp
[3.855s] copying strategy/obs/__init__.py -> /workspace/towen/build/strategy/build/lib/strategy/obs
[3.856s] copying strategy/obs/obs.py -> /workspace/towen/build/strategy/build/lib/strategy/obs
[3.856s] copying strategy/sr/__init__.py -> /workspace/towen/build/strategy/build/lib/strategy/sr
[3.865s] copying strategy/sr/sr.py -> /workspace/towen/build/strategy/build/lib/strategy/sr
[3.868s] copying strategy/bb/__init__.py -> /workspace/towen/build/strategy/build/lib/strategy/bb
[3.868s] copying strategy/bb/bb.py -> /workspace/towen/build/strategy/build/lib/strategy/bb
[3.881s] copying strategy/ar/__init__.py -> /workspace/towen/build/strategy/build/lib/strategy/ar
[3.881s] copying strategy/ar/ar.py -> /workspace/towen/build/strategy/build/lib/strategy/ar
[3.886s] running install
[3.899s] running install_lib
[3.952s] running install_data
[3.952s] copying resource/strategy -> /workspace/towen/install/strategy/share/ament_index/resource_index/packages
[3.953s] copying package.xml -> /workspace/towen/install/strategy/share/strategy
[3.953s] running install_egg_info
[4.014s] removing '/workspace/towen/install/strategy/lib/python3.10/site-packages/strategy-0.0.0-py3.10.egg-info' (and everything under it)
[4.014s] Copying ../../build/strategy/strategy.egg-info to /workspace/towen/install/strategy/lib/python3.10/site-packages/strategy-0.0.0-py3.10.egg-info
[4.015s] running install_scripts
[4.514s] Installing ar script to /workspace/towen/install/strategy/lib/strategy
[4.516s] Installing bb script to /workspace/towen/install/strategy/lib/strategy
[4.518s] Installing mar script to /workspace/towen/install/strategy/lib/strategy
[4.520s] Installing obs script to /workspace/towen/install/strategy/lib/strategy
[4.522s] Installing sp script to /workspace/towen/install/strategy/lib/strategy
[4.524s] Installing sr script to /workspace/towen/install/strategy/lib/strategy
[4.526s] Installing wl script to /workspace/towen/install/strategy/lib/strategy
[4.530s] writing list of installed files to '/workspace/towen/build/strategy/install.log'
[4.623s] Invoked command in '/workspace/towen/src/strategy' returned '0': BYOBU_DATE=%Y-%m-%d PYTHONPATH=/workspace/towen/build/strategy/prefix_override:/usr/lib/python3/dist-packages/colcon_core/task/python/colcon_distutils_commands:/workspace/towen/install/strategy/lib/python3.10/site-packages:${PYTHONPATH} /usr/bin/python3 -W ignore:setup.py install is deprecated setup.py egg_info --egg-base ../../build/strategy build --build-base /workspace/towen/build/strategy/build install --record /workspace/towen/build/strategy/install.log --single-version-externally-managed install_data
