[0.103s] Invoking command in '/workspace/towen/build/rosidl_typesupport_introspection_cpp': AMENT_PREFIX_PATH=/workspace/towen/install/rosidl_typesupport_introspection_c:/workspace/towen/install/rosidl_cmake:/workspace/towen/install/rosidl_runtime_cpp:/workspace/towen/install/rosidl_parser:/workspace/towen/install/rosidl_runtime_c:/workspace/towen/install/rosidl_adapter:/workspace/towen/install/rosidl_typesupport_interface:/workspace/towen/install/rosidl_cli:${AMENT_PREFIX_PATH} BYOBU_DATE=%Y-%m-%d CMAKE_PREFIX_PATH=/workspace/towen/install/rosidl_typesupport_introspection_c:/workspace/towen/install/rosidl_cmake:/workspace/towen/install/rosidl_runtime_cpp:/workspace/towen/install/rosidl_parser:/workspace/towen/install/rosidl_runtime_c:/workspace/towen/install/rosidl_adapter:/workspace/towen/install/rosidl_typesupport_interface:/opt/ros/humble LD_LIBRARY_PATH=/workspace/towen/install/rosidl_typesupport_introspection_c/lib:/workspace/towen/install/rosidl_runtime_c/lib:/opt/ros/humble/opt/rviz_ogre_vendor/lib:/opt/ros/humble/lib/aarch64-linux-gnu:/opt/ros/humble/lib:/usr/local/cuda/compat:/usr/local/cuda/lib64 PATH=/workspace/towen/install/rosidl_cli/bin:${PATH} PYTHONPATH=/workspace/towen/install/rosidl_typesupport_introspection_c/local/lib/python3.10/dist-packages:/workspace/towen/install/rosidl_cmake/local/lib/python3.10/dist-packages:/workspace/towen/install/rosidl_parser/local/lib/python3.10/dist-packages:/workspace/towen/install/rosidl_adapter/local/lib/python3.10/dist-packages:/workspace/towen/install/rosidl_cli/lib/python3.10/site-packages:${PYTHONPATH} /usr/local/bin/cmake --build /workspace/towen/build/rosidl_typesupport_introspection_cpp -- -j6 -l6
[0.617s] [  0%] Built target ament_cmake_python_copy_rosidl_typesupport_introspection_cpp_setup
[0.700s] [100%] Built target rosidl_typesupport_introspection_cpp
[0.838s] [100%] Built target ament_cmake_python_copy_rosidl_typesupport_introspection_cpp
[1.720s] running egg_info
[1.768s] writing rosidl_typesupport_introspection_cpp.egg-info/PKG-INFO
[1.772s] writing dependency_links to rosidl_typesupport_introspection_cpp.egg-info/dependency_links.txt
[1.773s] writing entry points to rosidl_typesupport_introspection_cpp.egg-info/entry_points.txt
[1.774s] writing top-level names to rosidl_typesupport_introspection_cpp.egg-info/top_level.txt
[1.920s] reading manifest file 'rosidl_typesupport_introspection_cpp.egg-info/SOURCES.txt'
[1.922s] writing manifest file 'rosidl_typesupport_introspection_cpp.egg-info/SOURCES.txt'
[2.199s] [100%] Built target ament_cmake_python_build_rosidl_typesupport_introspection_cpp_egg
[2.343s] Invoked command in '/workspace/towen/build/rosidl_typesupport_introspection_cpp' returned '0': AMENT_PREFIX_PATH=/workspace/towen/install/rosidl_typesupport_introspection_c:/workspace/towen/install/rosidl_cmake:/workspace/towen/install/rosidl_runtime_cpp:/workspace/towen/install/rosidl_parser:/workspace/towen/install/rosidl_runtime_c:/workspace/towen/install/rosidl_adapter:/workspace/towen/install/rosidl_typesupport_interface:/workspace/towen/install/rosidl_cli:${AMENT_PREFIX_PATH} BYOBU_DATE=%Y-%m-%d CMAKE_PREFIX_PATH=/workspace/towen/install/rosidl_typesupport_introspection_c:/workspace/towen/install/rosidl_cmake:/workspace/towen/install/rosidl_runtime_cpp:/workspace/towen/install/rosidl_parser:/workspace/towen/install/rosidl_runtime_c:/workspace/towen/install/rosidl_adapter:/workspace/towen/install/rosidl_typesupport_interface:/opt/ros/humble LD_LIBRARY_PATH=/workspace/towen/install/rosidl_typesupport_introspection_c/lib:/workspace/towen/install/rosidl_runtime_c/lib:/opt/ros/humble/opt/rviz_ogre_vendor/lib:/opt/ros/humble/lib/aarch64-linux-gnu:/opt/ros/humble/lib:/usr/local/cuda/compat:/usr/local/cuda/lib64 PATH=/workspace/towen/install/rosidl_cli/bin:${PATH} PYTHONPATH=/workspace/towen/install/rosidl_typesupport_introspection_c/local/lib/python3.10/dist-packages:/workspace/towen/install/rosidl_cmake/local/lib/python3.10/dist-packages:/workspace/towen/install/rosidl_parser/local/lib/python3.10/dist-packages:/workspace/towen/install/rosidl_adapter/local/lib/python3.10/dist-packages:/workspace/towen/install/rosidl_cli/lib/python3.10/site-packages:${PYTHONPATH} /usr/local/bin/cmake --build /workspace/towen/build/rosidl_typesupport_introspection_cpp -- -j6 -l6
[2.923s] Invoking command in '/workspace/towen/build/rosidl_typesupport_introspection_cpp': AMENT_PREFIX_PATH=/workspace/towen/install/rosidl_typesupport_introspection_c:/workspace/towen/install/rosidl_cmake:/workspace/towen/install/rosidl_runtime_cpp:/workspace/towen/install/rosidl_parser:/workspace/towen/install/rosidl_runtime_c:/workspace/towen/install/rosidl_adapter:/workspace/towen/install/rosidl_typesupport_interface:/workspace/towen/install/rosidl_cli:${AMENT_PREFIX_PATH} BYOBU_DATE=%Y-%m-%d CMAKE_PREFIX_PATH=/workspace/towen/install/rosidl_typesupport_introspection_c:/workspace/towen/install/rosidl_cmake:/workspace/towen/install/rosidl_runtime_cpp:/workspace/towen/install/rosidl_parser:/workspace/towen/install/rosidl_runtime_c:/workspace/towen/install/rosidl_adapter:/workspace/towen/install/rosidl_typesupport_interface:/opt/ros/humble LD_LIBRARY_PATH=/workspace/towen/install/rosidl_typesupport_introspection_c/lib:/workspace/towen/install/rosidl_runtime_c/lib:/opt/ros/humble/opt/rviz_ogre_vendor/lib:/opt/ros/humble/lib/aarch64-linux-gnu:/opt/ros/humble/lib:/usr/local/cuda/compat:/usr/local/cuda/lib64 PATH=/workspace/towen/install/rosidl_cli/bin:${PATH} PYTHONPATH=/workspace/towen/install/rosidl_typesupport_introspection_c/local/lib/python3.10/dist-packages:/workspace/towen/install/rosidl_cmake/local/lib/python3.10/dist-packages:/workspace/towen/install/rosidl_parser/local/lib/python3.10/dist-packages:/workspace/towen/install/rosidl_adapter/local/lib/python3.10/dist-packages:/workspace/towen/install/rosidl_cli/lib/python3.10/site-packages:${PYTHONPATH} /usr/local/bin/cmake --install /workspace/towen/build/rosidl_typesupport_introspection_cpp
[3.232s] -- Install configuration: ""
[3.234s] -- Up-to-date: /workspace/towen/install/rosidl_typesupport_introspection_cpp/share/rosidl_typesupport_introspection_cpp/environment/pythonpath.sh
[3.250s] -- Up-to-date: /workspace/towen/install/rosidl_typesupport_introspection_cpp/share/rosidl_typesupport_introspection_cpp/environment/pythonpath.dsv
[3.252s] -- Up-to-date: /workspace/towen/install/rosidl_typesupport_introspection_cpp/local/lib/python3.10/dist-packages/rosidl_typesupport_introspection_cpp-3.1.7-py3.10.egg-info
[3.254s] -- Installing: /workspace/towen/install/rosidl_typesupport_introspection_cpp/local/lib/python3.10/dist-packages/rosidl_typesupport_introspection_cpp-3.1.7-py3.10.egg-info/PKG-INFO
[3.254s] -- Installing: /workspace/towen/install/rosidl_typesupport_introspection_cpp/local/lib/python3.10/dist-packages/rosidl_typesupport_introspection_cpp-3.1.7-py3.10.egg-info/entry_points.txt
[3.254s] -- Installing: /workspace/towen/install/rosidl_typesupport_introspection_cpp/local/lib/python3.10/dist-packages/rosidl_typesupport_introspection_cpp-3.1.7-py3.10.egg-info/top_level.txt
[3.254s] -- Installing: /workspace/towen/install/rosidl_typesupport_introspection_cpp/local/lib/python3.10/dist-packages/rosidl_typesupport_introspection_cpp-3.1.7-py3.10.egg-info/SOURCES.txt
[3.265s] -- Installing: /workspace/towen/install/rosidl_typesupport_introspection_cpp/local/lib/python3.10/dist-packages/rosidl_typesupport_introspection_cpp-3.1.7-py3.10.egg-info/dependency_links.txt
[3.265s] -- Up-to-date: /workspace/towen/install/rosidl_typesupport_introspection_cpp/local/lib/python3.10/dist-packages/rosidl_typesupport_introspection_cpp
[3.265s] -- Up-to-date: /workspace/towen/install/rosidl_typesupport_introspection_cpp/local/lib/python3.10/dist-packages/rosidl_typesupport_introspection_cpp/__init__.py
[3.266s] -- Up-to-date: /workspace/towen/install/rosidl_typesupport_introspection_cpp/local/lib/python3.10/dist-packages/rosidl_typesupport_introspection_cpp/cli.py
[3.431s] Listing '/workspace/towen/install/rosidl_typesupport_introspection_cpp/local/lib/python3.10/dist-packages/rosidl_typesupport_introspection_cpp'...
[3.459s] -- Up-to-date: /workspace/towen/install/rosidl_typesupport_introspection_cpp/share/rosidl_typesupport_introspection_cpp/environment/library_path.sh
[3.460s] -- Up-to-date: /workspace/towen/install/rosidl_typesupport_introspection_cpp/share/rosidl_typesupport_introspection_cpp/environment/library_path.dsv
[3.460s] -- Up-to-date: /workspace/towen/install/rosidl_typesupport_introspection_cpp/share/ament_index/resource_index/rosidl_typesupport_cpp/rosidl_typesupport_introspection_cpp
[3.460s] -- Up-to-date: /workspace/towen/install/rosidl_typesupport_introspection_cpp/share/ament_index/resource_index/rosidl_runtime_packages/rosidl_typesupport_introspection_cpp
[3.460s] -- Up-to-date: /workspace/towen/install/rosidl_typesupport_introspection_cpp/share/ament_index/resource_index/package_run_dependencies/rosidl_typesupport_introspection_cpp
[3.460s] -- Up-to-date: /workspace/towen/install/rosidl_typesupport_introspection_cpp/share/ament_index/resource_index/parent_prefix_path/rosidl_typesupport_introspection_cpp
[3.460s] -- Up-to-date: /workspace/towen/install/rosidl_typesupport_introspection_cpp/share/rosidl_typesupport_introspection_cpp/environment/ament_prefix_path.sh
[3.461s] -- Up-to-date: /workspace/towen/install/rosidl_typesupport_introspection_cpp/share/rosidl_typesupport_introspection_cpp/environment/ament_prefix_path.dsv
[3.461s] -- Up-to-date: /workspace/towen/install/rosidl_typesupport_introspection_cpp/share/rosidl_typesupport_introspection_cpp/environment/path.sh
[3.461s] -- Up-to-date: /workspace/towen/install/rosidl_typesupport_introspection_cpp/share/rosidl_typesupport_introspection_cpp/environment/path.dsv
[3.461s] -- Up-to-date: /workspace/towen/install/rosidl_typesupport_introspection_cpp/share/rosidl_typesupport_introspection_cpp/local_setup.bash
[3.461s] -- Up-to-date: /workspace/towen/install/rosidl_typesupport_introspection_cpp/share/rosidl_typesupport_introspection_cpp/local_setup.sh
[3.461s] -- Up-to-date: /workspace/towen/install/rosidl_typesupport_introspection_cpp/share/rosidl_typesupport_introspection_cpp/local_setup.zsh
[3.461s] -- Up-to-date: /workspace/towen/install/rosidl_typesupport_introspection_cpp/share/rosidl_typesupport_introspection_cpp/local_setup.dsv
[3.462s] -- Installing: /workspace/towen/install/rosidl_typesupport_introspection_cpp/share/rosidl_typesupport_introspection_cpp/package.dsv
[3.469s] -- Up-to-date: /workspace/towen/install/rosidl_typesupport_introspection_cpp/share/ament_index/resource_index/packages/rosidl_typesupport_introspection_cpp
[3.477s] -- Up-to-date: /workspace/towen/install/rosidl_typesupport_introspection_cpp/share/rosidl_typesupport_introspection_cpp/cmake/rosidl_typesupport_introspection_cppExport.cmake
[3.478s] -- Up-to-date: /workspace/towen/install/rosidl_typesupport_introspection_cpp/share/rosidl_typesupport_introspection_cpp/cmake/rosidl_typesupport_introspection_cppExport-noconfig.cmake
[3.478s] -- Up-to-date: /workspace/towen/install/rosidl_typesupport_introspection_cpp/share/rosidl_typesupport_introspection_cpp/cmake/rosidl_typesupport_introspection_cpp-extras.cmake
[3.481s] -- Up-to-date: /workspace/towen/install/rosidl_typesupport_introspection_cpp/share/rosidl_typesupport_introspection_cpp/cmake/ament_cmake_export_dependencies-extras.cmake
[3.483s] -- Up-to-date: /workspace/towen/install/rosidl_typesupport_introspection_cpp/share/rosidl_typesupport_introspection_cpp/cmake/ament_cmake_export_include_directories-extras.cmake
[3.483s] -- Up-to-date: /workspace/towen/install/rosidl_typesupport_introspection_cpp/share/rosidl_typesupport_introspection_cpp/cmake/ament_cmake_export_libraries-extras.cmake
[3.483s] -- Up-to-date: /workspace/towen/install/rosidl_typesupport_introspection_cpp/share/rosidl_typesupport_introspection_cpp/cmake/ament_cmake_export_targets-extras.cmake
[3.486s] -- Up-to-date: /workspace/towen/install/rosidl_typesupport_introspection_cpp/share/rosidl_typesupport_introspection_cpp/cmake/rosidl_typesupport_introspection_cppConfig.cmake
[3.487s] -- Up-to-date: /workspace/towen/install/rosidl_typesupport_introspection_cpp/share/rosidl_typesupport_introspection_cpp/cmake/rosidl_typesupport_introspection_cppConfig-version.cmake
[3.488s] -- Up-to-date: /workspace/towen/install/rosidl_typesupport_introspection_cpp/share/rosidl_typesupport_introspection_cpp/package.xml
[3.489s] -- Up-to-date: /workspace/towen/install/rosidl_typesupport_introspection_cpp/lib/rosidl_typesupport_introspection_cpp/rosidl_typesupport_introspection_cpp
[3.491s] -- Up-to-date: /workspace/towen/install/rosidl_typesupport_introspection_cpp/share/rosidl_typesupport_introspection_cpp/cmake
[3.492s] -- Up-to-date: /workspace/towen/install/rosidl_typesupport_introspection_cpp/share/rosidl_typesupport_introspection_cpp/cmake/rosidl_typesupport_introspection_cpp_generate_interfaces.cmake
[3.494s] -- Up-to-date: /workspace/towen/install/rosidl_typesupport_introspection_cpp/share/rosidl_typesupport_introspection_cpp/resource
[3.495s] -- Up-to-date: /workspace/towen/install/rosidl_typesupport_introspection_cpp/share/rosidl_typesupport_introspection_cpp/resource/idl__type_support.cpp.em
[3.496s] -- Up-to-date: /workspace/towen/install/rosidl_typesupport_introspection_cpp/share/rosidl_typesupport_introspection_cpp/resource/idl__rosidl_typesupport_introspection_cpp.hpp.em
[3.498s] -- Up-to-date: /workspace/towen/install/rosidl_typesupport_introspection_cpp/share/rosidl_typesupport_introspection_cpp/resource/msg__rosidl_typesupport_introspection_cpp.hpp.em
[3.499s] -- Up-to-date: /workspace/towen/install/rosidl_typesupport_introspection_cpp/share/rosidl_typesupport_introspection_cpp/resource/msg__type_support.cpp.em
[3.505s] -- Up-to-date: /workspace/towen/install/rosidl_typesupport_introspection_cpp/share/rosidl_typesupport_introspection_cpp/resource/srv__type_support.cpp.em
[3.506s] -- Up-to-date: /workspace/towen/install/rosidl_typesupport_introspection_cpp/share/rosidl_typesupport_introspection_cpp/resource/srv__rosidl_typesupport_introspection_cpp.hpp.em
[3.506s] -- Up-to-date: /workspace/towen/install/rosidl_typesupport_introspection_cpp/include/rosidl_typesupport_introspection_cpp
[3.506s] -- Up-to-date: /workspace/towen/install/rosidl_typesupport_introspection_cpp/include/rosidl_typesupport_introspection_cpp/rosidl_typesupport_introspection_cpp
[3.506s] -- Up-to-date: /workspace/towen/install/rosidl_typesupport_introspection_cpp/include/rosidl_typesupport_introspection_cpp/rosidl_typesupport_introspection_cpp/message_introspection.hpp
[3.507s] -- Up-to-date: /workspace/towen/install/rosidl_typesupport_introspection_cpp/include/rosidl_typesupport_introspection_cpp/rosidl_typesupport_introspection_cpp/identifier.hpp
[3.507s] -- Up-to-date: /workspace/towen/install/rosidl_typesupport_introspection_cpp/include/rosidl_typesupport_introspection_cpp/rosidl_typesupport_introspection_cpp/visibility_control.h
[3.507s] -- Up-to-date: /workspace/towen/install/rosidl_typesupport_introspection_cpp/include/rosidl_typesupport_introspection_cpp/rosidl_typesupport_introspection_cpp/service_type_support_decl.hpp
[3.511s] -- Up-to-date: /workspace/towen/install/rosidl_typesupport_introspection_cpp/include/rosidl_typesupport_introspection_cpp/rosidl_typesupport_introspection_cpp/message_type_support_decl.hpp
[3.512s] -- Up-to-date: /workspace/towen/install/rosidl_typesupport_introspection_cpp/include/rosidl_typesupport_introspection_cpp/rosidl_typesupport_introspection_cpp/service_introspection.hpp
[3.512s] -- Up-to-date: /workspace/towen/install/rosidl_typesupport_introspection_cpp/include/rosidl_typesupport_introspection_cpp/rosidl_typesupport_introspection_cpp/field_types.hpp
[3.517s] -- Up-to-date: /workspace/towen/install/rosidl_typesupport_introspection_cpp/lib/librosidl_typesupport_introspection_cpp.so
[3.587s] Invoked command in '/workspace/towen/build/rosidl_typesupport_introspection_cpp' returned '0': AMENT_PREFIX_PATH=/workspace/towen/install/rosidl_typesupport_introspection_c:/workspace/towen/install/rosidl_cmake:/workspace/towen/install/rosidl_runtime_cpp:/workspace/towen/install/rosidl_parser:/workspace/towen/install/rosidl_runtime_c:/workspace/towen/install/rosidl_adapter:/workspace/towen/install/rosidl_typesupport_interface:/workspace/towen/install/rosidl_cli:${AMENT_PREFIX_PATH} BYOBU_DATE=%Y-%m-%d CMAKE_PREFIX_PATH=/workspace/towen/install/rosidl_typesupport_introspection_c:/workspace/towen/install/rosidl_cmake:/workspace/towen/install/rosidl_runtime_cpp:/workspace/towen/install/rosidl_parser:/workspace/towen/install/rosidl_runtime_c:/workspace/towen/install/rosidl_adapter:/workspace/towen/install/rosidl_typesupport_interface:/opt/ros/humble LD_LIBRARY_PATH=/workspace/towen/install/rosidl_typesupport_introspection_c/lib:/workspace/towen/install/rosidl_runtime_c/lib:/opt/ros/humble/opt/rviz_ogre_vendor/lib:/opt/ros/humble/lib/aarch64-linux-gnu:/opt/ros/humble/lib:/usr/local/cuda/compat:/usr/local/cuda/lib64 PATH=/workspace/towen/install/rosidl_cli/bin:${PATH} PYTHONPATH=/workspace/towen/install/rosidl_typesupport_introspection_c/local/lib/python3.10/dist-packages:/workspace/towen/install/rosidl_cmake/local/lib/python3.10/dist-packages:/workspace/towen/install/rosidl_parser/local/lib/python3.10/dist-packages:/workspace/towen/install/rosidl_adapter/local/lib/python3.10/dist-packages:/workspace/towen/install/rosidl_cli/lib/python3.10/site-packages:${PYTHONPATH} /usr/local/bin/cmake --install /workspace/towen/build/rosidl_typesupport_introspection_cpp
