[4.148s] Invoking command in '/home/iclab/Desktop/humanoid/src/wula': BYOBU_DATE=%Y-%m-%d PYTHONPATH=/home/iclab/Desktop/humanoid/build/wula/prefix_override:/usr/lib/python3/dist-packages/colcon_core/task/python/colcon_distutils_commands:/home/iclab/Desktop/humanoid/install/wula/lib/python3.10/site-packages:${PYTHONPATH} /usr/bin/python3 -W ignore:setup.py install is deprecated -W ignore:easy_install command is deprecated setup.py egg_info --egg-base ../../build/wula build --build-base /home/iclab/Desktop/humanoid/build/wula/build install --record /home/iclab/Desktop/humanoid/build/wula/install.log --single-version-externally-managed install_data
[5.259s] running egg_info
[5.261s] writing ../../build/wula/wula.egg-info/PKG-INFO
[5.261s] writing dependency_links to ../../build/wula/wula.egg-info/dependency_links.txt
[5.262s] writing entry points to ../../build/wula/wula.egg-info/entry_points.txt
[5.262s] writing requirements to ../../build/wula/wula.egg-info/requires.txt
[5.262s] writing top-level names to ../../build/wula/wula.egg-info/top_level.txt
[5.269s] reading manifest file '../../build/wula/wula.egg-info/SOURCES.txt'
[5.271s] writing manifest file '../../build/wula/wula.egg-info/SOURCES.txt'
[5.272s] running build
[5.272s] running build_py
[5.275s] running install
[5.277s] running install_lib
[5.288s] running install_data
[5.288s] running install_egg_info
[5.296s] removing '/home/iclab/Desktop/humanoid/install/wula/lib/python3.10/site-packages/wula-0.1.0-py3.10.egg-info' (and everything under it)
[5.297s] Copying ../../build/wula/wula.egg-info to /home/iclab/Desktop/humanoid/install/wula/lib/python3.10/site-packages/wula-0.1.0-py3.10.egg-info
[5.298s] running install_scripts
[5.356s] Installing sp_boson script to /home/iclab/Desktop/humanoid/install/wula/lib/wula
[5.358s] writing list of installed files to '/home/iclab/Desktop/humanoid/build/wula/install.log'
[5.470s] Invoked command in '/home/iclab/Desktop/humanoid/src/wula' returned '0': BYOBU_DATE=%Y-%m-%d PYTHONPATH=/home/iclab/Desktop/humanoid/build/wula/prefix_override:/usr/lib/python3/dist-packages/colcon_core/task/python/colcon_distutils_commands:/home/iclab/Desktop/humanoid/install/wula/lib/python3.10/site-packages:${PYTHONPATH} /usr/bin/python3 -W ignore:setup.py install is deprecated -W ignore:easy_install command is deprecated setup.py egg_info --egg-base ../../build/wula build --build-base /home/iclab/Desktop/humanoid/build/wula/build install --record /home/iclab/Desktop/humanoid/build/wula/install.log --single-version-externally-managed install_data
