[2.942s] Invoking command in '/workspace/towen/src/imageprocess': BYOBU_DATE=%Y-%m-%d PYTHONPATH=/workspace/towen/build/imageprocess/prefix_override:/usr/lib/python3/dist-packages/colcon_core/task/python/colcon_distutils_commands:/workspace/towen/install/imageprocess/lib/python3.10/site-packages:${PYTHONPATH} /usr/bin/python3 -W ignore:setup.py install is deprecated setup.py egg_info --egg-base ../../build/imageprocess build --build-base /workspace/towen/build/imageprocess/build install --record /workspace/towen/build/imageprocess/install.log --single-version-externally-managed install_data
[3.977s] running egg_info
[4.026s] writing ../../build/imageprocess/imageprocess.egg-info/PKG-INFO
[4.028s] writing dependency_links to ../../build/imageprocess/imageprocess.egg-info/dependency_links.txt
[4.029s] writing entry points to ../../build/imageprocess/imageprocess.egg-info/entry_points.txt
[4.029s] writing requirements to ../../build/imageprocess/imageprocess.egg-info/requires.txt
[4.030s] writing top-level names to ../../build/imageprocess/imageprocess.egg-info/top_level.txt
[4.154s] reading manifest file '../../build/imageprocess/imageprocess.egg-info/SOURCES.txt'
[4.155s] adding license file 'LICENSE'
[4.157s] writing manifest file '../../build/imageprocess/imageprocess.egg-info/SOURCES.txt'
[4.166s] running build
[4.166s] running build_py
[4.166s] copying imageprocess/modelparameter.py -> /workspace/towen/build/imageprocess/build/lib/imageprocess
[4.167s] copying imageprocess/image_0417.py -> /workspace/towen/build/imageprocess/build/lib/imageprocess
[4.167s] copying imageprocess/dataunit.py -> /workspace/towen/build/imageprocess/build/lib/imageprocess
[4.167s] copying imageprocess/123123.py -> /workspace/towen/build/imageprocess/build/lib/imageprocess
[4.167s] copying imageprocess/image_test.py -> /workspace/towen/build/imageprocess/build/lib/imageprocess
[4.167s] copying imageprocess/image.py -> /workspace/towen/build/imageprocess/build/lib/imageprocess
[4.167s] copying imageprocess/__init__.py -> /workspace/towen/build/imageprocess/build/lib/imageprocess
[4.167s] copying imageprocess/imageprocess.py -> /workspace/towen/build/imageprocess/build/lib/imageprocess
[4.168s] copying imageprocess/camera_segment_headless.py -> /workspace/towen/build/imageprocess/build/lib/imageprocess
[4.168s] running install
[4.181s] running install_lib
[4.247s] copying /workspace/towen/build/imageprocess/build/lib/imageprocess/image.py -> /workspace/towen/install/imageprocess/lib/python3.10/site-packages/imageprocess
[4.264s] byte-compiling /workspace/towen/install/imageprocess/lib/python3.10/site-packages/imageprocess/image.py to image.cpython-310.pyc
[4.265s] running install_data
[4.266s] copying resource/imageprocess -> /workspace/towen/install/imageprocess/share/ament_index/resource_index/packages
[4.267s] copying package.xml -> /workspace/towen/install/imageprocess/share/imageprocess
[4.268s] running install_egg_info
[4.324s] removing '/workspace/towen/install/imageprocess/lib/python3.10/site-packages/imageprocess-0.0.0-py3.10.egg-info' (and everything under it)
[4.326s] Copying ../../build/imageprocess/imageprocess.egg-info to /workspace/towen/install/imageprocess/lib/python3.10/site-packages/imageprocess-0.0.0-py3.10.egg-info
[4.327s] running install_scripts
[4.868s] Installing image script to /workspace/towen/install/imageprocess/lib/imageprocess
[4.871s] Installing image_test script to /workspace/towen/install/imageprocess/lib/imageprocess
[4.871s] Installing imageprocess script to /workspace/towen/install/imageprocess/lib/imageprocess
[4.873s] writing list of installed files to '/workspace/towen/build/imageprocess/install.log'
[5.686s] Invoked command in '/workspace/towen/src/imageprocess' returned '0': BYOBU_DATE=%Y-%m-%d PYTHONPATH=/workspace/towen/build/imageprocess/prefix_override:/usr/lib/python3/dist-packages/colcon_core/task/python/colcon_distutils_commands:/workspace/towen/install/imageprocess/lib/python3.10/site-packages:${PYTHONPATH} /usr/bin/python3 -W ignore:setup.py install is deprecated setup.py egg_info --egg-base ../../build/imageprocess build --build-base /workspace/towen/build/imageprocess/build install --record /workspace/towen/build/imageprocess/install.log --single-version-externally-managed install_data
