running egg_info
creating ../../build/motionpackage/motionpackage.egg-info
writing ../../build/motionpackage/motionpackage.egg-info/PKG-INFO
writing dependency_links to ../../build/motionpackage/motionpackage.egg-info/dependency_links.txt
writing entry points to ../../build/motionpackage/motionpackage.egg-info/entry_points.txt
writing requirements to ../../build/motionpackage/motionpackage.egg-info/requires.txt
writing top-level names to ../../build/motionpackage/motionpackage.egg-info/top_level.txt
writing manifest file '../../build/motionpackage/motionpackage.egg-info/SOURCES.txt'
reading manifest file '../../build/motionpackage/motionpackage.egg-info/SOURCES.txt'
writing manifest file '../../build/motionpackage/motionpackage.egg-info/SOURCES.txt'
running build
running build_py
creating /home/iclab/Desktop/humanoid/build/motionpackage/build
creating /home/iclab/Desktop/humanoid/build/motionpackage/build/lib
creating /home/iclab/Desktop/humanoid/build/motionpackage/build/lib/motionpackage
copying motionpackage/opencr_imu.py -> /home/iclab/Desktop/humanoid/build/motionpackage/build/lib/motionpackage
copying motionpackage/__init__.py -> /home/iclab/Desktop/humanoid/build/motionpackage/build/lib/motionpackage
copying motionpackage/test.py -> /home/iclab/Desktop/humanoid/build/motionpackage/build/lib/motionpackage
copying motionpackage/walking.py -> /home/iclab/Desktop/humanoid/build/motionpackage/build/lib/motionpackage
copying motionpackage/motionpackage.py -> /home/iclab/Desktop/humanoid/build/motionpackage/build/lib/motionpackage
copying motionpackage/import struct.py -> /home/iclab/Desktop/humanoid/build/motionpackage/build/lib/motionpackage
running install
running install_lib
creating /home/iclab/Desktop/humanoid/install/motionpackage/lib/python3.10/site-packages/motionpackage
copying /home/iclab/Desktop/humanoid/build/motionpackage/build/lib/motionpackage/opencr_imu.py -> /home/iclab/Desktop/humanoid/install/motionpackage/lib/python3.10/site-packages/motionpackage
copying /home/iclab/Desktop/humanoid/build/motionpackage/build/lib/motionpackage/__init__.py -> /home/iclab/Desktop/humanoid/install/motionpackage/lib/python3.10/site-packages/motionpackage
copying /home/iclab/Desktop/humanoid/build/motionpackage/build/lib/motionpackage/test.py -> /home/iclab/Desktop/humanoid/install/motionpackage/lib/python3.10/site-packages/motionpackage
copying /home/iclab/Desktop/humanoid/build/motionpackage/build/lib/motionpackage/walking.py -> /home/iclab/Desktop/humanoid/install/motionpackage/lib/python3.10/site-packages/motionpackage
copying /home/iclab/Desktop/humanoid/build/motionpackage/build/lib/motionpackage/motionpackage.py -> /home/iclab/Desktop/humanoid/install/motionpackage/lib/python3.10/site-packages/motionpackage
copying /home/iclab/Desktop/humanoid/build/motionpackage/build/lib/motionpackage/import struct.py -> /home/iclab/Desktop/humanoid/install/motionpackage/lib/python3.10/site-packages/motionpackage
byte-compiling /home/iclab/Desktop/humanoid/install/motionpackage/lib/python3.10/site-packages/motionpackage/opencr_imu.py to opencr_imu.cpython-310.pyc
byte-compiling /home/iclab/Desktop/humanoid/install/motionpackage/lib/python3.10/site-packages/motionpackage/__init__.py to __init__.cpython-310.pyc
byte-compiling /home/iclab/Desktop/humanoid/install/motionpackage/lib/python3.10/site-packages/motionpackage/test.py to test.cpython-310.pyc
byte-compiling /home/iclab/Desktop/humanoid/install/motionpackage/lib/python3.10/site-packages/motionpackage/walking.py to walking.cpython-310.pyc
byte-compiling /home/iclab/Desktop/humanoid/install/motionpackage/lib/python3.10/site-packages/motionpackage/motionpackage.py to motionpackage.cpython-310.pyc
byte-compiling /home/iclab/Desktop/humanoid/install/motionpackage/lib/python3.10/site-packages/motionpackage/import struct.py to import struct.cpython-310.pyc
running install_data
creating /home/iclab/Desktop/humanoid/install/motionpackage/share/ament_index
creating /home/iclab/Desktop/humanoid/install/motionpackage/share/ament_index/resource_index
creating /home/iclab/Desktop/humanoid/install/motionpackage/share/ament_index/resource_index/packages
copying resource/motionpackage -> /home/iclab/Desktop/humanoid/install/motionpackage/share/ament_index/resource_index/packages
copying package.xml -> /home/iclab/Desktop/humanoid/install/motionpackage/share/motionpackage
running install_egg_info
Copying ../../build/motionpackage/motionpackage.egg-info to /home/iclab/Desktop/humanoid/install/motionpackage/lib/python3.10/site-packages/motionpackage-0.0.0-py3.10.egg-info
running install_scripts
Installing motionpackage script to /home/iclab/Desktop/humanoid/install/motionpackage/lib/motionpackage
writing list of installed files to '/home/iclab/Desktop/humanoid/build/motionpackage/install.log'
