[5.305s] Invoking command in '/home/iclab/Desktop/humanoid/src/imageprocess': BYOBU_DATE=%Y-%m-%d PYTHONPATH=/home/iclab/Desktop/humanoid/build/imageprocess/prefix_override:/usr/lib/python3/dist-packages/colcon_core/task/python/colcon_distutils_commands:/home/iclab/Desktop/humanoid/install/imageprocess/lib/python3.10/site-packages:${PYTHONPATH} /usr/bin/python3 -W ignore:setup.py install is deprecated -W ignore:easy_install command is deprecated setup.py egg_info --egg-base ../../build/imageprocess build --build-base /home/iclab/Desktop/humanoid/build/imageprocess/build install --record /home/iclab/Desktop/humanoid/build/imageprocess/install.log --single-version-externally-managed install_data
[6.917s] running egg_info
[6.919s] writing ../../build/imageprocess/imageprocess.egg-info/PKG-INFO
[6.927s] writing dependency_links to ../../build/imageprocess/imageprocess.egg-info/dependency_links.txt
[6.930s] writing entry points to ../../build/imageprocess/imageprocess.egg-info/entry_points.txt
[6.931s] writing requirements to ../../build/imageprocess/imageprocess.egg-info/requires.txt
[6.933s] writing top-level names to ../../build/imageprocess/imageprocess.egg-info/top_level.txt
[6.958s] reading manifest file '../../build/imageprocess/imageprocess.egg-info/SOURCES.txt'
[6.964s] adding license file 'LICENSE'
[6.965s] writing manifest file '../../build/imageprocess/imageprocess.egg-info/SOURCES.txt'
[6.967s] running build
[6.968s] running build_py
[6.971s] running install
[6.973s] running install_lib
[7.001s] running install_data
[7.007s] running install_egg_info
[7.013s] removing '/home/iclab/Desktop/humanoid/install/imageprocess/lib/python3.10/site-packages/imageprocess-0.0.0-py3.10.egg-info' (and everything under it)
[7.037s] Copying ../../build/imageprocess/imageprocess.egg-info to /home/iclab/Desktop/humanoid/install/imageprocess/lib/python3.10/site-packages/imageprocess-0.0.0-py3.10.egg-info
[7.073s] running install_scripts
[7.220s] Installing image script to /home/iclab/Desktop/humanoid/install/imageprocess/lib/imageprocess
[7.222s] Installing image_test script to /home/iclab/Desktop/humanoid/install/imageprocess/lib/imageprocess
[7.222s] Installing imageprocess script to /home/iclab/Desktop/humanoid/install/imageprocess/lib/imageprocess
[7.235s] writing list of installed files to '/home/iclab/Desktop/humanoid/build/imageprocess/install.log'
[7.647s] Invoked command in '/home/iclab/Desktop/humanoid/src/imageprocess' returned '0': BYOBU_DATE=%Y-%m-%d PYTHONPATH=/home/iclab/Desktop/humanoid/build/imageprocess/prefix_override:/usr/lib/python3/dist-packages/colcon_core/task/python/colcon_distutils_commands:/home/iclab/Desktop/humanoid/install/imageprocess/lib/python3.10/site-packages:${PYTHONPATH} /usr/bin/python3 -W ignore:setup.py install is deprecated -W ignore:easy_install command is deprecated setup.py egg_info --egg-base ../../build/imageprocess build --build-base /home/iclab/Desktop/humanoid/build/imageprocess/build install --record /home/iclab/Desktop/humanoid/build/imageprocess/install.log --single-version-externally-managed install_data
