-- Found ament_cmake: 1.3.10 (/opt/ros/humble/install/share/ament_cmake/cmake)
-- Override CMake install command with custom implementation using symlinks instead of copying resources
-- Found rosidl_default_generators: 1.2.0 (/opt/ros/humble/install/share/rosidl_default_generators/cmake)
-- Using all available rosidl_typesupport_c: rosidl_typesupport_introspection_c;rosidl_typesupport_fastrtps_c
-- Found rosidl_adapter: 3.1.7 (/workspace/towen/install/rosidl_adapter/share/rosidl_adapter/cmake)
-- Using all available rosidl_typesupport_cpp: rosidl_typesupport_introspection_cpp;rosidl_typesupport_fastrtps_cpp
-- Found std_msgs: 4.2.4 (/opt/ros/humble/install/share/std_msgs/cmake)
-- Found ament_cmake_ros: 0.10.0 (/opt/ros/humble/install/share/ament_cmake_ros/cmake)
-- Using all available rosidl_typesupport_c: rosidl_typesupport_introspection_c;rosidl_typesupport_fastrtps_c
-- Using all available rosidl_typesupport_cpp: rosidl_typesupport_introspection_cpp;rosidl_typesupport_fastrtps_cpp
-- Found python_cmake_module: 0.10.0 (/opt/ros/humble/install/share/python_cmake_module/cmake)
-- Using PYTHON_EXECUTABLE: /usr/local/bin/python3
-- Using PYTHON_INCLUDE_DIRS: /usr/include/python3.10
-- Using PYTHON_LIBRARIES: /usr/lib/aarch64-linux-gnu/libpython3.10.so
-- Found ament_lint_auto: 0.12.11 (/opt/ros/humble/install/share/ament_lint_auto/cmake)
-- Added test 'lint_cmake' to check CMake code style
-- Added test 'xmllint' to check XML markup files
-- Configuring done (11.4s)
-- Generating done (1.1s)
-- Build files have been written to: /workspace/towen/build/tku_msgs
[  0%] Built target tku_msgs__cpp
[  0%] [32mBuilding C object CMakeFiles/tku_msgs__rosidl_generator_c.dir/rosidl_generator_c/tku_msgs/msg/detail/button_color_form__functions.c.o[0m
[  1%] [32mBuilding C object CMakeFiles/tku_msgs__rosidl_generator_c.dir/rosidl_generator_c/tku_msgs/msg/detail/color_data__functions.c.o[0m
[  1%] [32mBuilding C object CMakeFiles/tku_msgs__rosidl_generator_c.dir/rosidl_generator_c/tku_msgs/msg/detail/color_array__functions.c.o[0m
[  1%] [32mBuilding C object CMakeFiles/tku_msgs__rosidl_generator_c.dir/rosidl_generator_c/tku_msgs/msg/detail/draw_image__functions.c.o[0m
[  1%] [32mBuilding C object CMakeFiles/tku_msgs__rosidl_generator_c.dir/rosidl_generator_c/tku_msgs/msg/detail/hsv_value__functions.c.o[0m
[  2%] [32mBuilding C object CMakeFiles/tku_msgs__rosidl_generator_c.dir/rosidl_generator_c/tku_msgs/msg/detail/label_model_object_list__functions.c.o[0m
[  2%] [32mBuilding C object CMakeFiles/tku_msgs__rosidl_generator_c.dir/rosidl_generator_c/tku_msgs/msg/detail/object_list__functions.c.o[0m
[  2%] [32mBuilding C object CMakeFiles/tku_msgs__rosidl_generator_c.dir/rosidl_generator_c/tku_msgs/msg/detail/camera__functions.c.o[0m
[  2%] [32mBuilding C object CMakeFiles/tku_msgs__rosidl_generator_c.dir/rosidl_generator_c/tku_msgs/msg/detail/dio__functions.c.o[0m
[  2%] [32mBuilding C object CMakeFiles/tku_msgs__rosidl_generator_c.dir/rosidl_generator_c/tku_msgs/msg/detail/location__functions.c.o[0m
[  3%] [32mBuilding C object CMakeFiles/tku_msgs__rosidl_generator_c.dir/rosidl_generator_c/tku_msgs/msg/detail/camera_save__functions.c.o[0m
[  4%] [32mBuilding C object CMakeFiles/tku_msgs__rosidl_generator_c.dir/rosidl_generator_c/tku_msgs/msg/detail/parameter__functions.c.o[0m
[  4%] [32mBuilding C object CMakeFiles/tku_msgs__rosidl_generator_c.dir/rosidl_generator_c/tku_msgs/msg/detail/interface__functions.c.o[0m
[  4%] [32mBuilding C object CMakeFiles/tku_msgs__rosidl_generator_c.dir/rosidl_generator_c/tku_msgs/msg/detail/parametermessage__functions.c.o[0m
[  5%] [32mBuilding C object CMakeFiles/tku_msgs__rosidl_generator_c.dir/rosidl_generator_c/tku_msgs/msg/detail/callback__functions.c.o[0m
[  5%] [32mBuilding C object CMakeFiles/tku_msgs__rosidl_generator_c.dir/rosidl_generator_c/tku_msgs/msg/detail/head_package__functions.c.o[0m
[  5%] [32mBuilding C object CMakeFiles/tku_msgs__rosidl_generator_c.dir/rosidl_generator_c/tku_msgs/msg/detail/interface_send2_sector__functions.c.o[0m
[  6%] [32mBuilding C object CMakeFiles/tku_msgs__rosidl_generator_c.dir/rosidl_generator_c/tku_msgs/msg/detail/pi_dpackage__functions.c.o[0m
[  6%] [32mBuilding C object CMakeFiles/tku_msgs__rosidl_generator_c.dir/rosidl_generator_c/tku_msgs/msg/detail/sand_hand_speed__functions.c.o[0m
[  6%] [32mBuilding C object CMakeFiles/tku_msgs__rosidl_generator_c.dir/rosidl_generator_c/tku_msgs/msg/detail/save_motion__functions.c.o[0m
[  7%] [32mBuilding C object CMakeFiles/tku_msgs__rosidl_generator_c.dir/rosidl_generator_c/tku_msgs/msg/detail/save_motion_vector__functions.c.o[0m
[  7%] [32mBuilding C object CMakeFiles/tku_msgs__rosidl_generator_c.dir/rosidl_generator_c/tku_msgs/msg/detail/sensor_package__functions.c.o[0m
[  7%] [32mBuilding C object CMakeFiles/tku_msgs__rosidl_generator_c.dir/rosidl_generator_c/tku_msgs/msg/detail/sensor_set__functions.c.o[0m
[  8%] [32mBuilding C object CMakeFiles/tku_msgs__rosidl_generator_c.dir/rosidl_generator_c/tku_msgs/msg/detail/single_motor_data__functions.c.o[0m
[  8%] [32mBuilding C object CMakeFiles/tku_msgs__rosidl_generator_c.dir/rosidl_generator_c/tku_msgs/msg/detail/walkingmessage__functions.c.o[0m
[  8%] [32mBuilding C object CMakeFiles/tku_msgs__rosidl_generator_c.dir/rosidl_generator_c/tku_msgs/srv/detail/build_model__functions.c.o[0m
[  9%] [32mBuilding C object CMakeFiles/tku_msgs__rosidl_generator_c.dir/rosidl_generator_c/tku_msgs/srv/detail/hsv_info__functions.c.o[0m
[  9%] [32mBuilding C object CMakeFiles/tku_msgs__rosidl_generator_c.dir/rosidl_generator_c/tku_msgs/srv/detail/save_hsv__functions.c.o[0m
[  9%] [32mBuilding C object CMakeFiles/tku_msgs__rosidl_generator_c.dir/rosidl_generator_c/tku_msgs/srv/detail/add__functions.c.o[0m
[ 10%] [32mBuilding C object CMakeFiles/tku_msgs__rosidl_generator_c.dir/rosidl_generator_c/tku_msgs/srv/detail/camera_info__functions.c.o[0m
[ 10%] [32mBuilding C object CMakeFiles/tku_msgs__rosidl_generator_c.dir/rosidl_generator_c/tku_msgs/srv/detail/read_motion__functions.c.o[0m
[ 10%] [32mBuilding C object CMakeFiles/tku_msgs__rosidl_generator_c.dir/rosidl_generator_c/tku_msgs/srv/detail/check_sector__functions.c.o[0m
[ 11%] [32mBuilding C object CMakeFiles/tku_msgs__rosidl_generator_c.dir/rosidl_generator_c/tku_msgs/srv/detail/send_hand_speed__functions.c.o[0m
[ 11%] [32mBuilding C object CMakeFiles/tku_msgs__rosidl_generator_c.dir/rosidl_generator_c/tku_msgs/srv/detail/walking_gait_parameter__functions.c.o[0m
[ 11%] [32m[1mLinking C shared library libtku_msgs__rosidl_generator_c.so[0m
[ 12%] Built target tku_msgs__rosidl_generator_c
