[3.626s] Invoking command in '/workspace/towen/src/strategy': BYOBU_DATE=%Y-%m-%d PYTHONPATH=/workspace/towen/build/strategy/prefix_override:/usr/lib/python3/dist-packages/colcon_core/task/python/colcon_distutils_commands:/workspace/towen/install/strategy/lib/python3.10/site-packages:${PYTHONPATH} /usr/bin/python3 -W ignore:setup.py install is deprecated setup.py egg_info --egg-base ../../build/strategy build --build-base /workspace/towen/build/strategy/build install --record /workspace/towen/build/strategy/install.log --single-version-externally-managed install_data
[4.665s] running egg_info
[4.718s] writing ../../build/strategy/strategy.egg-info/PKG-INFO
[4.730s] writing dependency_links to ../../build/strategy/strategy.egg-info/dependency_links.txt
[4.731s] writing entry points to ../../build/strategy/strategy.egg-info/entry_points.txt
[4.732s] writing requirements to ../../build/strategy/strategy.egg-info/requires.txt
[4.733s] writing top-level names to ../../build/strategy/strategy.egg-info/top_level.txt
[4.872s] reading manifest file '../../build/strategy/strategy.egg-info/SOURCES.txt'
[4.873s] adding license file 'LICENSE'
[4.876s] writing manifest file '../../build/strategy/strategy.egg-info/SOURCES.txt'
[4.876s] running build
[4.877s] running build_py
[4.878s] copying strategy/__init__.py -> /workspace/towen/build/strategy/build/lib/strategy
[4.879s] copying strategy/API.py -> /workspace/towen/build/strategy/build/lib/strategy
[4.881s] copying strategy/mar/__init__.py -> /workspace/towen/build/strategy/build/lib/strategy/mar
[4.881s] copying strategy/mar/mar.py -> /workspace/towen/build/strategy/build/lib/strategy/mar
[4.882s] copying strategy/wl/wl.py -> /workspace/towen/build/strategy/build/lib/strategy/wl
[4.882s] copying strategy/wl/__init__.py -> /workspace/towen/build/strategy/build/lib/strategy/wl
[4.883s] copying strategy/sp/sp.py -> /workspace/towen/build/strategy/build/lib/strategy/sp
[4.884s] copying strategy/sp/__init__.py -> /workspace/towen/build/strategy/build/lib/strategy/sp
[4.885s] copying strategy/obs/__init__.py -> /workspace/towen/build/strategy/build/lib/strategy/obs
[4.885s] copying strategy/obs/obs.py -> /workspace/towen/build/strategy/build/lib/strategy/obs
[4.887s] copying strategy/sr/__init__.py -> /workspace/towen/build/strategy/build/lib/strategy/sr
[4.887s] copying strategy/sr/sr.py -> /workspace/towen/build/strategy/build/lib/strategy/sr
[4.889s] copying strategy/bb/__init__.py -> /workspace/towen/build/strategy/build/lib/strategy/bb
[4.890s] copying strategy/bb/bb.py -> /workspace/towen/build/strategy/build/lib/strategy/bb
[4.890s] copying strategy/ar/__init__.py -> /workspace/towen/build/strategy/build/lib/strategy/ar
[4.891s] copying strategy/ar/ar.py -> /workspace/towen/build/strategy/build/lib/strategy/ar
[4.894s] running install
[4.906s] running install_lib
[4.972s] running install_data
[4.972s] copying resource/strategy -> /workspace/towen/install/strategy/share/ament_index/resource_index/packages
[4.974s] copying package.xml -> /workspace/towen/install/strategy/share/strategy
[4.974s] running install_egg_info
[5.039s] removing '/workspace/towen/install/strategy/lib/python3.10/site-packages/strategy-0.0.0-py3.10.egg-info' (and everything under it)
[5.042s] Copying ../../build/strategy/strategy.egg-info to /workspace/towen/install/strategy/lib/python3.10/site-packages/strategy-0.0.0-py3.10.egg-info
[5.045s] running install_scripts
[5.602s] Installing ar script to /workspace/towen/install/strategy/lib/strategy
[5.604s] Installing bb script to /workspace/towen/install/strategy/lib/strategy
[5.605s] Installing mar script to /workspace/towen/install/strategy/lib/strategy
[5.606s] Installing obs script to /workspace/towen/install/strategy/lib/strategy
[5.607s] Installing sp script to /workspace/towen/install/strategy/lib/strategy
[5.608s] Installing sr script to /workspace/towen/install/strategy/lib/strategy
[5.609s] Installing wl script to /workspace/towen/install/strategy/lib/strategy
[5.611s] writing list of installed files to '/workspace/towen/build/strategy/install.log'
[5.772s] Invoked command in '/workspace/towen/src/strategy' returned '0': BYOBU_DATE=%Y-%m-%d PYTHONPATH=/workspace/towen/build/strategy/prefix_override:/usr/lib/python3/dist-packages/colcon_core/task/python/colcon_distutils_commands:/workspace/towen/install/strategy/lib/python3.10/site-packages:${PYTHONPATH} /usr/bin/python3 -W ignore:setup.py install is deprecated setup.py egg_info --egg-base ../../build/strategy build --build-base /workspace/towen/build/strategy/build install --record /workspace/towen/build/strategy/install.log --single-version-externally-managed install_data
