[3.230s] Invoking command in '/home/iclab/Desktop/humanoid/src/motionpackage': BYOBU_DATE=%Y-%m-%d PYTHONPATH=/home/iclab/Desktop/humanoid/build/motionpackage/prefix_override:/usr/lib/python3/dist-packages/colcon_core/task/python/colcon_distutils_commands:/home/iclab/Desktop/humanoid/install/motionpackage/lib/python3.10/site-packages:${PYTHONPATH} /usr/bin/python3 -W ignore:setup.py install is deprecated -W ignore:easy_install command is deprecated setup.py egg_info --egg-base ../../build/motionpackage build --build-base /home/iclab/Desktop/humanoid/build/motionpackage/build install --record /home/iclab/Desktop/humanoid/build/motionpackage/install.log --single-version-externally-managed install_data
[3.867s] running egg_info
[3.868s] writing ../../build/motionpackage/motionpackage.egg-info/PKG-INFO
[3.869s] writing dependency_links to ../../build/motionpackage/motionpackage.egg-info/dependency_links.txt
[3.869s] writing entry points to ../../build/motionpackage/motionpackage.egg-info/entry_points.txt
[3.870s] writing requirements to ../../build/motionpackage/motionpackage.egg-info/requires.txt
[3.870s] writing top-level names to ../../build/motionpackage/motionpackage.egg-info/top_level.txt
[3.875s] reading manifest file '../../build/motionpackage/motionpackage.egg-info/SOURCES.txt'
[3.877s] writing manifest file '../../build/motionpackage/motionpackage.egg-info/SOURCES.txt'
[3.877s] running build
[3.877s] running build_py
[3.878s] running install
[3.880s] running install_lib
[3.883s] running install_data
[3.884s] running install_egg_info
[3.889s] removing '/home/iclab/Desktop/humanoid/install/motionpackage/lib/python3.10/site-packages/motionpackage-0.0.0-py3.10.egg-info' (and everything under it)
[3.890s] Copying ../../build/motionpackage/motionpackage.egg-info to /home/iclab/Desktop/humanoid/install/motionpackage/lib/python3.10/site-packages/motionpackage-0.0.0-py3.10.egg-info
[3.894s] running install_scripts
[3.945s] Installing motionpackage script to /home/iclab/Desktop/humanoid/install/motionpackage/lib/motionpackage
[3.946s] writing list of installed files to '/home/iclab/Desktop/humanoid/build/motionpackage/install.log'
[4.063s] Invoked command in '/home/iclab/Desktop/humanoid/src/motionpackage' returned '0': BYOBU_DATE=%Y-%m-%d PYTHONPATH=/home/iclab/Desktop/humanoid/build/motionpackage/prefix_override:/usr/lib/python3/dist-packages/colcon_core/task/python/colcon_distutils_commands:/home/iclab/Desktop/humanoid/install/motionpackage/lib/python3.10/site-packages:${PYTHONPATH} /usr/bin/python3 -W ignore:setup.py install is deprecated -W ignore:easy_install command is deprecated setup.py egg_info --egg-base ../../build/motionpackage build --build-base /home/iclab/Desktop/humanoid/build/motionpackage/build install --record /home/iclab/Desktop/humanoid/build/motionpackage/install.log --single-version-externally-managed install_data
