[2.622s] Invoking command in '/workspace/towen/src/imageprocess': PYTHONPATH=/workspace/towen/build/imageprocess/prefix_override:/usr/lib/python3/dist-packages/colcon_core/task/python/colcon_distutils_commands:/workspace/towen/install/imageprocess/lib/python3.10/site-packages:${PYTHONPATH} /usr/bin/python3 -W ignore:setup.py install is deprecated setup.py egg_info --egg-base ../../build/imageprocess build --build-base /workspace/towen/build/imageprocess/build install --record /workspace/towen/build/imageprocess/install.log --single-version-externally-managed install_data
[3.516s] running egg_info
[3.594s] writing ../../build/imageprocess/imageprocess.egg-info/PKG-INFO
[3.598s] writing dependency_links to ../../build/imageprocess/imageprocess.egg-info/dependency_links.txt
[3.600s] writing entry points to ../../build/imageprocess/imageprocess.egg-info/entry_points.txt
[3.603s] writing requirements to ../../build/imageprocess/imageprocess.egg-info/requires.txt
[3.607s] writing top-level names to ../../build/imageprocess/imageprocess.egg-info/top_level.txt
[3.766s] reading manifest file '../../build/imageprocess/imageprocess.egg-info/SOURCES.txt'
[3.766s] adding license file 'LICENSE'
[3.767s] writing manifest file '../../build/imageprocess/imageprocess.egg-info/SOURCES.txt'
[3.768s] running build
[3.768s] running build_py
[3.770s] copying imageprocess/modelparameter.py -> /workspace/towen/build/imageprocess/build/lib/imageprocess
[3.772s] copying imageprocess/image_0417.py -> /workspace/towen/build/imageprocess/build/lib/imageprocess
[3.772s] copying imageprocess/dataunit.py -> /workspace/towen/build/imageprocess/build/lib/imageprocess
[3.773s] copying imageprocess/123123.py -> /workspace/towen/build/imageprocess/build/lib/imageprocess
[3.773s] copying imageprocess/image_test.py -> /workspace/towen/build/imageprocess/build/lib/imageprocess
[3.773s] copying imageprocess/image.py -> /workspace/towen/build/imageprocess/build/lib/imageprocess
[3.774s] copying imageprocess/__init__.py -> /workspace/towen/build/imageprocess/build/lib/imageprocess
[3.774s] copying imageprocess/imageprocess.py -> /workspace/towen/build/imageprocess/build/lib/imageprocess
[3.775s] copying imageprocess/camera_segment_headless.py -> /workspace/towen/build/imageprocess/build/lib/imageprocess
[3.776s] running install
[3.786s] running install_lib
[3.837s] running install_data
[3.838s] copying resource/imageprocess -> /workspace/towen/install/imageprocess/share/ament_index/resource_index/packages
[3.839s] copying package.xml -> /workspace/towen/install/imageprocess/share/imageprocess
[3.839s] running install_egg_info
[3.894s] removing '/workspace/towen/install/imageprocess/lib/python3.10/site-packages/imageprocess-0.0.0-py3.10.egg-info' (and everything under it)
[3.894s] Copying ../../build/imageprocess/imageprocess.egg-info to /workspace/towen/install/imageprocess/lib/python3.10/site-packages/imageprocess-0.0.0-py3.10.egg-info
[3.897s] running install_scripts
[4.360s] Installing image script to /workspace/towen/install/imageprocess/lib/imageprocess
[4.361s] Installing image_test script to /workspace/towen/install/imageprocess/lib/imageprocess
[4.363s] Installing imageprocess script to /workspace/towen/install/imageprocess/lib/imageprocess
[4.364s] writing list of installed files to '/workspace/towen/build/imageprocess/install.log'
[4.848s] Invoked command in '/workspace/towen/src/imageprocess' returned '0': PYTHONPATH=/workspace/towen/build/imageprocess/prefix_override:/usr/lib/python3/dist-packages/colcon_core/task/python/colcon_distutils_commands:/workspace/towen/install/imageprocess/lib/python3.10/site-packages:${PYTHONPATH} /usr/bin/python3 -W ignore:setup.py install is deprecated setup.py egg_info --egg-base ../../build/imageprocess build --build-base /workspace/towen/build/imageprocess/build install --record /workspace/towen/build/imageprocess/install.log --single-version-externally-managed install_data
