[6.019s] Invoking command in '/workspace/towen/src/strategy': BYOBU_DATE=%Y-%m-%d PYTHONPATH=/workspace/towen/build/strategy/prefix_override:/usr/lib/python3/dist-packages/colcon_core/task/python/colcon_distutils_commands:/workspace/towen/install/strategy/lib/python3.10/site-packages:${PYTHONPATH} /usr/bin/python3 -W ignore:setup.py install is deprecated setup.py egg_info --egg-base ../../build/strategy build --build-base /workspace/towen/build/strategy/build install --record /workspace/towen/build/strategy/install.log --single-version-externally-managed install_data
[6.349s] /home/work/.local/lib/python3.10/site-packages/setuptools/_distutils/dist.py:289: UserWarning: Unknown distribution option: 'tests_require'
[6.350s]   warnings.warn(msg)
[6.674s] running egg_info
[6.725s] writing ../../build/strategy/strategy.egg-info/PKG-INFO
[6.726s] writing dependency_links to ../../build/strategy/strategy.egg-info/dependency_links.txt
[6.727s] writing entry points to ../../build/strategy/strategy.egg-info/entry_points.txt
[6.728s] writing requirements to ../../build/strategy/strategy.egg-info/requires.txt
[6.728s] writing top-level names to ../../build/strategy/strategy.egg-info/top_level.txt
[6.850s] reading manifest file '../../build/strategy/strategy.egg-info/SOURCES.txt'
[6.851s] adding license file 'LICENSE'
[6.853s] writing manifest file '../../build/strategy/strategy.egg-info/SOURCES.txt'
[6.854s] running build
[6.854s] running build_py
[6.854s] copying strategy/__init__.py -> /workspace/towen/build/strategy/build/lib/strategy
[6.857s] copying strategy/API.py -> /workspace/towen/build/strategy/build/lib/strategy
[6.858s] copying strategy/mar/__init__.py -> /workspace/towen/build/strategy/build/lib/strategy/mar
[6.861s] copying strategy/mar/mar.py -> /workspace/towen/build/strategy/build/lib/strategy/mar
[6.861s] copying strategy/wl/wl.py -> /workspace/towen/build/strategy/build/lib/strategy/wl
[6.861s] copying strategy/wl/__init__.py -> /workspace/towen/build/strategy/build/lib/strategy/wl
[6.866s] copying strategy/sp/sp.py -> /workspace/towen/build/strategy/build/lib/strategy/sp
[6.867s] copying strategy/sp/__init__.py -> /workspace/towen/build/strategy/build/lib/strategy/sp
[6.867s] copying strategy/obs/__init__.py -> /workspace/towen/build/strategy/build/lib/strategy/obs
[6.867s] copying strategy/obs/obs.py -> /workspace/towen/build/strategy/build/lib/strategy/obs
[6.867s] copying strategy/sr/__init__.py -> /workspace/towen/build/strategy/build/lib/strategy/sr
[6.869s] copying strategy/sr/sr.py -> /workspace/towen/build/strategy/build/lib/strategy/sr
[6.869s] copying strategy/bb/__init__.py -> /workspace/towen/build/strategy/build/lib/strategy/bb
[6.869s] copying strategy/bb/bb.py -> /workspace/towen/build/strategy/build/lib/strategy/bb
[6.869s] copying strategy/ar/__init__.py -> /workspace/towen/build/strategy/build/lib/strategy/ar
[6.873s] copying strategy/ar/ar.py -> /workspace/towen/build/strategy/build/lib/strategy/ar
[6.873s] running install
[6.883s] running install_lib
[6.943s] running install_data
[6.943s] copying resource/strategy -> /workspace/towen/install/strategy/share/ament_index/resource_index/packages
[6.944s] copying package.xml -> /workspace/towen/install/strategy/share/strategy
[6.945s] running install_egg_info
[7.006s] removing '/workspace/towen/install/strategy/lib/python3.10/site-packages/strategy-0.0.0-py3.10.egg-info' (and everything under it)
[7.011s] Copying ../../build/strategy/strategy.egg-info to /workspace/towen/install/strategy/lib/python3.10/site-packages/strategy-0.0.0-py3.10.egg-info
[7.011s] running install_scripts
[7.126s] Installing ar script to /workspace/towen/install/strategy/lib/strategy
[7.127s] Installing bb script to /workspace/towen/install/strategy/lib/strategy
[7.127s] Installing mar script to /workspace/towen/install/strategy/lib/strategy
[7.128s] Installing obs script to /workspace/towen/install/strategy/lib/strategy
[7.128s] Installing sp script to /workspace/towen/install/strategy/lib/strategy
[7.128s] Installing sr script to /workspace/towen/install/strategy/lib/strategy
[7.128s] Installing wl script to /workspace/towen/install/strategy/lib/strategy
[7.131s] writing list of installed files to '/workspace/towen/build/strategy/install.log'
[7.280s] Invoked command in '/workspace/towen/src/strategy' returned '0': BYOBU_DATE=%Y-%m-%d PYTHONPATH=/workspace/towen/build/strategy/prefix_override:/usr/lib/python3/dist-packages/colcon_core/task/python/colcon_distutils_commands:/workspace/towen/install/strategy/lib/python3.10/site-packages:${PYTHONPATH} /usr/bin/python3 -W ignore:setup.py install is deprecated setup.py egg_info --egg-base ../../build/strategy build --build-base /workspace/towen/build/strategy/build install --record /workspace/towen/build/strategy/install.log --single-version-externally-managed install_data
