[0.091s] Invoking command in '/home/iclab/Desktop/humanoid/build/tku_msgs': BYOBU_DATE=%Y-%m-%d CMAKE_PREFIX_PATH=/opt/ros/humble /usr/bin/cmake --build /home/iclab/Desktop/humanoid/build/tku_msgs -- -j6 -l6
[2.961s] [35m[1mConsolidate compiler generated dependencies of target tku_msgs__rosidl_generator_c[0m
[2.962s] [  0%] Built target tku_msgs__cpp
[2.962s] [  0%] Built target ament_cmake_python_copy_tku_msgs
[2.962s] [  1%] [34m[1mGenerating C++ introspection for ROS interfaces[0m
[2.962s] [ 13%] Built target tku_msgs__rosidl_generator_c
[2.962s] [35m[1mConsolidate compiler generated dependencies of target tku_msgs__rosidl_typesupport_cpp[0m
[2.962s] [35m[1mConsolidate compiler generated dependencies of target tku_msgs__rosidl_typesupport_fastrtps_cpp[0m
[2.963s] [ 14%] [34m[1mGenerating C type support for eProsima Fast-RTPS[0m
[2.963s] [ 15%] [34m[1mGenerating C introspection for ROS interfaces[0m
[2.963s] [ 15%] [32mBuilding CXX object CMakeFiles/tku_msgs__rosidl_typesupport_cpp.dir/rosidl_typesupport_cpp/tku_msgs/msg/object_list__type_support.cpp.o[0m
[2.963s] [ 16%] [32mBuilding CXX object CMakeFiles/tku_msgs__rosidl_typesupport_fastrtps_cpp.dir/rosidl_typesupport_fastrtps_cpp/tku_msgs/msg/detail/dds_fastrtps/color_data__type_support.cpp.o[0m
[2.963s] running egg_info
[2.963s] writing tku_msgs.egg-info/PKG-INFO
[2.963s] writing dependency_links to tku_msgs.egg-info/dependency_links.txt
[2.963s] writing top-level names to tku_msgs.egg-info/top_level.txt
[2.964s] reading manifest file 'tku_msgs.egg-info/SOURCES.txt'
[2.964s] writing manifest file 'tku_msgs.egg-info/SOURCES.txt'
[2.964s] [ 16%] Built target ament_cmake_python_build_tku_msgs_egg
[2.964s] [ 17%] [34m[1mGenerating C type support dispatch for ROS interfaces[0m
[2.964s] [ 17%] [32mBuilding CXX object CMakeFiles/tku_msgs__rosidl_typesupport_cpp.dir/rosidl_typesupport_cpp/tku_msgs/msg/camera__type_support.cpp.o[0m
[2.964s] [ 17%] [32mBuilding CXX object CMakeFiles/tku_msgs__rosidl_typesupport_fastrtps_cpp.dir/rosidl_typesupport_fastrtps_cpp/tku_msgs/msg/detail/dds_fastrtps/draw_image__type_support.cpp.o[0m
[2.964s] [ 18%] [32mBuilding CXX object CMakeFiles/tku_msgs__rosidl_typesupport_cpp.dir/rosidl_typesupport_cpp/tku_msgs/msg/camera_save__type_support.cpp.o[0m
[4.511s] [ 18%] [32mBuilding CXX object CMakeFiles/tku_msgs__rosidl_typesupport_cpp.dir/rosidl_typesupport_cpp/tku_msgs/msg/location__type_support.cpp.o[0m
[4.674s] [ 18%] [32mBuilding CXX object CMakeFiles/tku_msgs__rosidl_typesupport_fastrtps_cpp.dir/rosidl_typesupport_fastrtps_cpp/tku_msgs/msg/detail/dds_fastrtps/hsv_value__type_support.cpp.o[0m
[6.865s] [ 18%] [32mBuilding CXX object CMakeFiles/tku_msgs__rosidl_typesupport_cpp.dir/rosidl_typesupport_cpp/tku_msgs/msg/parameter__type_support.cpp.o[0m
[7.544s] [ 19%] [32mBuilding CXX object CMakeFiles/tku_msgs__rosidl_typesupport_fastrtps_cpp.dir/rosidl_typesupport_fastrtps_cpp/tku_msgs/msg/detail/dds_fastrtps/label_model_object_list__type_support.cpp.o[0m
[9.453s] [ 20%] [32mBuilding CXX object CMakeFiles/tku_msgs__rosidl_typesupport_cpp.dir/rosidl_typesupport_cpp/tku_msgs/msg/interface__type_support.cpp.o[0m
[9.880s] [ 20%] [32mBuilding CXX object CMakeFiles/tku_msgs__rosidl_typesupport_introspection_cpp.dir/rosidl_typesupport_introspection_cpp/tku_msgs/msg/detail/button_color_form__type_support.cpp.o[0m
[10.103s] [ 20%] [32mBuilding CXX object CMakeFiles/tku_msgs__rosidl_typesupport_c.dir/rosidl_typesupport_c/tku_msgs/msg/button_color_form__type_support.cpp.o[0m
[10.364s] [ 20%] [32mBuilding C object CMakeFiles/tku_msgs__rosidl_typesupport_introspection_c.dir/rosidl_typesupport_introspection_c/tku_msgs/msg/detail/button_color_form__type_support.c.o[0m
[10.370s] [ 20%] [32mBuilding CXX object CMakeFiles/tku_msgs__rosidl_typesupport_cpp.dir/rosidl_typesupport_cpp/tku_msgs/msg/parametermessage__type_support.cpp.o[0m
[10.389s] [ 20%] [32mBuilding CXX object CMakeFiles/tku_msgs__rosidl_typesupport_c.dir/rosidl_typesupport_c/tku_msgs/msg/color_array__type_support.cpp.o[0m
[10.440s] [ 20%] [32mBuilding CXX object CMakeFiles/tku_msgs__rosidl_typesupport_fastrtps_cpp.dir/rosidl_typesupport_fastrtps_cpp/tku_msgs/msg/detail/dds_fastrtps/object_list__type_support.cpp.o[0m
[10.598s] [ 21%] [32mBuilding CXX object CMakeFiles/tku_msgs__rosidl_typesupport_c.dir/rosidl_typesupport_c/tku_msgs/msg/color_data__type_support.cpp.o[0m
[10.687s] [ 21%] [32mBuilding C object CMakeFiles/tku_msgs__rosidl_typesupport_introspection_c.dir/rosidl_typesupport_introspection_c/tku_msgs/msg/detail/color_array__type_support.c.o[0m
[10.873s] [ 21%] [32mBuilding CXX object CMakeFiles/tku_msgs__rosidl_typesupport_c.dir/rosidl_typesupport_c/tku_msgs/msg/draw_image__type_support.cpp.o[0m
[10.964s] [ 22%] [32mBuilding C object CMakeFiles/tku_msgs__rosidl_typesupport_introspection_c.dir/rosidl_typesupport_introspection_c/tku_msgs/msg/detail/color_data__type_support.c.o[0m
[11.093s] [ 22%] [32mBuilding CXX object CMakeFiles/tku_msgs__rosidl_typesupport_c.dir/rosidl_typesupport_c/tku_msgs/msg/hsv_value__type_support.cpp.o[0m
[11.130s] [ 22%] [32mBuilding C object CMakeFiles/tku_msgs__rosidl_typesupport_introspection_c.dir/rosidl_typesupport_introspection_c/tku_msgs/msg/detail/draw_image__type_support.c.o[0m
[11.259s] [ 23%] [32mBuilding CXX object CMakeFiles/tku_msgs__rosidl_typesupport_c.dir/rosidl_typesupport_c/tku_msgs/msg/label_model_object_list__type_support.cpp.o[0m
[11.357s] [ 24%] [32mBuilding C object CMakeFiles/tku_msgs__rosidl_typesupport_introspection_c.dir/rosidl_typesupport_introspection_c/tku_msgs/msg/detail/hsv_value__type_support.c.o[0m
[11.443s] [ 24%] [32mBuilding CXX object CMakeFiles/tku_msgs__rosidl_typesupport_fastrtps_c.dir/rosidl_typesupport_fastrtps_c/tku_msgs/msg/detail/button_color_form__type_support_c.cpp.o[0m
[11.511s] [ 24%] [32mBuilding CXX object CMakeFiles/tku_msgs__rosidl_typesupport_c.dir/rosidl_typesupport_c/tku_msgs/msg/object_list__type_support.cpp.o[0m
[11.654s] [ 24%] [32mBuilding C object CMakeFiles/tku_msgs__rosidl_typesupport_introspection_c.dir/rosidl_typesupport_introspection_c/tku_msgs/msg/detail/label_model_object_list__type_support.c.o[0m
[11.669s] [ 24%] [32mBuilding CXX object CMakeFiles/tku_msgs__rosidl_typesupport_c.dir/rosidl_typesupport_c/tku_msgs/msg/camera__type_support.cpp.o[0m
[11.749s] [ 24%] [32mBuilding C object CMakeFiles/tku_msgs__rosidl_typesupport_introspection_c.dir/rosidl_typesupport_introspection_c/tku_msgs/msg/detail/object_list__type_support.c.o[0m
[11.886s] [ 25%] [32mBuilding CXX object CMakeFiles/tku_msgs__rosidl_typesupport_c.dir/rosidl_typesupport_c/tku_msgs/msg/camera_save__type_support.cpp.o[0m
[11.915s] [ 25%] [32mBuilding CXX object CMakeFiles/tku_msgs__rosidl_typesupport_introspection_cpp.dir/rosidl_typesupport_introspection_cpp/tku_msgs/msg/detail/color_array__type_support.cpp.o[0m
[11.928s] [ 26%] [32mBuilding C object CMakeFiles/tku_msgs__rosidl_typesupport_introspection_c.dir/rosidl_typesupport_introspection_c/tku_msgs/msg/detail/camera__type_support.c.o[0m
[11.969s] [ 26%] [32mBuilding CXX object CMakeFiles/tku_msgs__rosidl_typesupport_cpp.dir/rosidl_typesupport_cpp/tku_msgs/msg/callback__type_support.cpp.o[0m
[12.059s] [ 26%] [32mBuilding CXX object CMakeFiles/tku_msgs__rosidl_typesupport_c.dir/rosidl_typesupport_c/tku_msgs/msg/location__type_support.cpp.o[0m
[12.211s] [ 26%] [32mBuilding C object CMakeFiles/tku_msgs__rosidl_typesupport_introspection_c.dir/rosidl_typesupport_introspection_c/tku_msgs/msg/detail/camera_save__type_support.c.o[0m
[12.250s] [ 26%] [32mBuilding CXX object CMakeFiles/tku_msgs__rosidl_typesupport_c.dir/rosidl_typesupport_c/tku_msgs/msg/parameter__type_support.cpp.o[0m
[12.473s] [ 26%] [32mBuilding C object CMakeFiles/tku_msgs__rosidl_typesupport_introspection_c.dir/rosidl_typesupport_introspection_c/tku_msgs/msg/detail/location__type_support.c.o[0m
[12.547s] [ 27%] [32mBuilding CXX object CMakeFiles/tku_msgs__rosidl_typesupport_c.dir/rosidl_typesupport_c/tku_msgs/msg/interface__type_support.cpp.o[0m
[12.672s] [ 27%] [32mBuilding CXX object CMakeFiles/tku_msgs__rosidl_typesupport_fastrtps_c.dir/rosidl_typesupport_fastrtps_c/tku_msgs/msg/detail/color_array__type_support_c.cpp.o[0m
[12.750s] [ 28%] [32mBuilding C object CMakeFiles/tku_msgs__rosidl_typesupport_introspection_c.dir/rosidl_typesupport_introspection_c/tku_msgs/msg/detail/parameter__type_support.c.o[0m
[12.772s] [ 28%] [32mBuilding CXX object CMakeFiles/tku_msgs__rosidl_typesupport_c.dir/rosidl_typesupport_c/tku_msgs/msg/parametermessage__type_support.cpp.o[0m
[13.015s] [ 28%] [32mBuilding CXX object CMakeFiles/tku_msgs__rosidl_typesupport_c.dir/rosidl_typesupport_c/tku_msgs/msg/callback__type_support.cpp.o[0m
[13.024s] [ 28%] [32mBuilding C object CMakeFiles/tku_msgs__rosidl_typesupport_introspection_c.dir/rosidl_typesupport_introspection_c/tku_msgs/msg/detail/interface__type_support.c.o[0m
[13.198s] [ 29%] [32mBuilding CXX object CMakeFiles/tku_msgs__rosidl_typesupport_c.dir/rosidl_typesupport_c/tku_msgs/msg/head_package__type_support.cpp.o[0m
[13.225s] [ 29%] [32mBuilding C object CMakeFiles/tku_msgs__rosidl_typesupport_introspection_c.dir/rosidl_typesupport_introspection_c/tku_msgs/msg/detail/parametermessage__type_support.c.o[0m
[13.398s] [ 29%] [32mBuilding CXX object CMakeFiles/tku_msgs__rosidl_typesupport_c.dir/rosidl_typesupport_c/tku_msgs/msg/interface_send2_sector__type_support.cpp.o[0m
[13.432s] [ 30%] [32mBuilding C object CMakeFiles/tku_msgs__rosidl_typesupport_introspection_c.dir/rosidl_typesupport_introspection_c/tku_msgs/msg/detail/callback__type_support.c.o[0m
[13.542s] [ 31%] [32mBuilding CXX object CMakeFiles/tku_msgs__rosidl_typesupport_c.dir/rosidl_typesupport_c/tku_msgs/msg/pi_dpackage__type_support.cpp.o[0m
[13.629s] [ 32%] [32mBuilding CXX object CMakeFiles/tku_msgs__rosidl_typesupport_cpp.dir/rosidl_typesupport_cpp/tku_msgs/msg/head_package__type_support.cpp.o[0m
[13.738s] [ 32%] [32mBuilding CXX object CMakeFiles/tku_msgs__rosidl_typesupport_c.dir/rosidl_typesupport_c/tku_msgs/msg/sand_hand_speed__type_support.cpp.o[0m
[13.744s] [ 32%] [32mBuilding C object CMakeFiles/tku_msgs__rosidl_typesupport_introspection_c.dir/rosidl_typesupport_introspection_c/tku_msgs/msg/detail/head_package__type_support.c.o[0m
[13.826s] [ 32%] [32mBuilding CXX object CMakeFiles/tku_msgs__rosidl_typesupport_fastrtps_cpp.dir/rosidl_typesupport_fastrtps_cpp/tku_msgs/msg/detail/dds_fastrtps/camera__type_support.cpp.o[0m
[13.848s] [ 33%] [32mBuilding CXX object CMakeFiles/tku_msgs__rosidl_typesupport_introspection_cpp.dir/rosidl_typesupport_introspection_cpp/tku_msgs/msg/detail/color_data__type_support.cpp.o[0m
[13.925s] [ 33%] [32mBuilding CXX object CMakeFiles/tku_msgs__rosidl_typesupport_c.dir/rosidl_typesupport_c/tku_msgs/msg/save_motion__type_support.cpp.o[0m
[13.944s] [ 33%] [32mBuilding C object CMakeFiles/tku_msgs__rosidl_typesupport_introspection_c.dir/rosidl_typesupport_introspection_c/tku_msgs/msg/detail/interface_send2_sector__type_support.c.o[0m
[14.025s] [ 34%] [32mBuilding CXX object CMakeFiles/tku_msgs__rosidl_typesupport_c.dir/rosidl_typesupport_c/tku_msgs/msg/save_motion_vector__type_support.cpp.o[0m
[14.267s] [ 35%] [32mBuilding C object CMakeFiles/tku_msgs__rosidl_typesupport_introspection_c.dir/rosidl_typesupport_introspection_c/tku_msgs/msg/detail/pi_dpackage__type_support.c.o[0m
[14.293s] [ 35%] [32mBuilding CXX object CMakeFiles/tku_msgs__rosidl_typesupport_c.dir/rosidl_typesupport_c/tku_msgs/msg/sensor_package__type_support.cpp.o[0m
[14.485s] [ 35%] [32mBuilding C object CMakeFiles/tku_msgs__rosidl_typesupport_introspection_c.dir/rosidl_typesupport_introspection_c/tku_msgs/msg/detail/sand_hand_speed__type_support.c.o[0m
[14.562s] [ 35%] [32mBuilding CXX object CMakeFiles/tku_msgs__rosidl_typesupport_c.dir/rosidl_typesupport_c/tku_msgs/msg/sensor_set__type_support.cpp.o[0m
[14.714s] [ 35%] [32mBuilding C object CMakeFiles/tku_msgs__rosidl_typesupport_introspection_c.dir/rosidl_typesupport_introspection_c/tku_msgs/msg/detail/save_motion__type_support.c.o[0m
[14.741s] [ 36%] [32mBuilding CXX object CMakeFiles/tku_msgs__rosidl_typesupport_c.dir/rosidl_typesupport_c/tku_msgs/msg/single_motor_data__type_support.cpp.o[0m
[14.973s] [ 36%] [32mBuilding CXX object CMakeFiles/tku_msgs__rosidl_typesupport_c.dir/rosidl_typesupport_c/tku_msgs/msg/walkingmessage__type_support.cpp.o[0m
[14.996s] [ 37%] [32mBuilding CXX object CMakeFiles/tku_msgs__rosidl_typesupport_fastrtps_c.dir/rosidl_typesupport_fastrtps_c/tku_msgs/msg/detail/color_data__type_support_c.cpp.o[0m
[15.010s] [ 38%] [32mBuilding C object CMakeFiles/tku_msgs__rosidl_typesupport_introspection_c.dir/rosidl_typesupport_introspection_c/tku_msgs/msg/detail/save_motion_vector__type_support.c.o[0m
[15.229s] [ 38%] [32mBuilding CXX object CMakeFiles/tku_msgs__rosidl_typesupport_c.dir/rosidl_typesupport_c/tku_msgs/srv/build_model__type_support.cpp.o[0m
[15.278s] [ 38%] [32mBuilding CXX object CMakeFiles/tku_msgs__rosidl_typesupport_cpp.dir/rosidl_typesupport_cpp/tku_msgs/msg/interface_send2_sector__type_support.cpp.o[0m
[15.326s] [ 38%] [32mBuilding C object CMakeFiles/tku_msgs__rosidl_typesupport_introspection_c.dir/rosidl_typesupport_introspection_c/tku_msgs/msg/detail/sensor_package__type_support.c.o[0m
[15.501s] [ 39%] [32mBuilding CXX object CMakeFiles/tku_msgs__rosidl_typesupport_c.dir/rosidl_typesupport_c/tku_msgs/srv/hsv_info__type_support.cpp.o[0m
[15.648s] [ 39%] [32mBuilding C object CMakeFiles/tku_msgs__rosidl_typesupport_introspection_c.dir/rosidl_typesupport_introspection_c/tku_msgs/msg/detail/sensor_set__type_support.c.o[0m
[15.792s] [ 40%] [32mBuilding C object CMakeFiles/tku_msgs__rosidl_typesupport_introspection_c.dir/rosidl_typesupport_introspection_c/tku_msgs/msg/detail/single_motor_data__type_support.c.o[0m
[15.812s] [ 40%] [32mBuilding CXX object CMakeFiles/tku_msgs__rosidl_typesupport_c.dir/rosidl_typesupport_c/tku_msgs/srv/save_hsv__type_support.cpp.o[0m
[15.992s] [ 40%] [32mBuilding CXX object CMakeFiles/tku_msgs__rosidl_typesupport_c.dir/rosidl_typesupport_c/tku_msgs/srv/add__type_support.cpp.o[0m
[16.015s] [ 40%] [32mBuilding C object CMakeFiles/tku_msgs__rosidl_typesupport_introspection_c.dir/rosidl_typesupport_introspection_c/tku_msgs/msg/detail/walkingmessage__type_support.c.o[0m
[16.190s] [ 41%] [32mBuilding CXX object CMakeFiles/tku_msgs__rosidl_typesupport_c.dir/rosidl_typesupport_c/tku_msgs/srv/camera_info__type_support.cpp.o[0m
[16.245s] [ 41%] [32mBuilding C object CMakeFiles/tku_msgs__rosidl_typesupport_introspection_c.dir/rosidl_typesupport_introspection_c/tku_msgs/srv/detail/build_model__type_support.c.o[0m
[16.416s] [ 41%] [32mBuilding CXX object CMakeFiles/tku_msgs__rosidl_typesupport_c.dir/rosidl_typesupport_c/tku_msgs/srv/read_motion__type_support.cpp.o[0m
[16.551s] [ 42%] [32mBuilding C object CMakeFiles/tku_msgs__rosidl_typesupport_introspection_c.dir/rosidl_typesupport_introspection_c/tku_msgs/srv/detail/hsv_info__type_support.c.o[0m
[16.628s] [ 42%] [32mBuilding CXX object CMakeFiles/tku_msgs__rosidl_typesupport_c.dir/rosidl_typesupport_c/tku_msgs/srv/check_sector__type_support.cpp.o[0m
[16.665s] [ 42%] [32mBuilding CXX object CMakeFiles/tku_msgs__rosidl_typesupport_introspection_cpp.dir/rosidl_typesupport_introspection_cpp/tku_msgs/msg/detail/draw_image__type_support.cpp.o[0m
[16.803s] [ 42%] [32mBuilding C object CMakeFiles/tku_msgs__rosidl_typesupport_introspection_c.dir/rosidl_typesupport_introspection_c/tku_msgs/srv/detail/save_hsv__type_support.c.o[0m
[16.841s] [ 43%] [32mBuilding CXX object CMakeFiles/tku_msgs__rosidl_typesupport_fastrtps_cpp.dir/rosidl_typesupport_fastrtps_cpp/tku_msgs/msg/detail/dds_fastrtps/camera_save__type_support.cpp.o[0m
[16.897s] [ 44%] [32mBuilding CXX object CMakeFiles/tku_msgs__rosidl_typesupport_c.dir/rosidl_typesupport_c/tku_msgs/srv/send_hand_speed__type_support.cpp.o[0m
[17.120s] [ 45%] [32mBuilding C object CMakeFiles/tku_msgs__rosidl_typesupport_introspection_c.dir/rosidl_typesupport_introspection_c/tku_msgs/srv/detail/add__type_support.c.o[0m
[17.209s] [ 45%] [32mBuilding CXX object CMakeFiles/tku_msgs__rosidl_typesupport_c.dir/rosidl_typesupport_c/tku_msgs/srv/walking_gait_parameter__type_support.cpp.o[0m
[17.281s] [ 45%] [32mBuilding CXX object CMakeFiles/tku_msgs__rosidl_typesupport_cpp.dir/rosidl_typesupport_cpp/tku_msgs/msg/pi_dpackage__type_support.cpp.o[0m
[17.430s] [ 45%] [32mBuilding CXX object CMakeFiles/tku_msgs__rosidl_typesupport_fastrtps_c.dir/rosidl_typesupport_fastrtps_c/tku_msgs/msg/detail/draw_image__type_support_c.cpp.o[0m
[17.461s] [ 45%] [32mBuilding C object CMakeFiles/tku_msgs__rosidl_typesupport_introspection_c.dir/rosidl_typesupport_introspection_c/tku_msgs/srv/detail/camera_info__type_support.c.o[0m
[17.497s] [ 45%] [32m[1mLinking CXX shared library libtku_msgs__rosidl_typesupport_c.so[0m
[17.710s] [ 45%] [32mBuilding C object CMakeFiles/tku_msgs__rosidl_typesupport_introspection_c.dir/rosidl_typesupport_introspection_c/tku_msgs/srv/detail/read_motion__type_support.c.o[0m
[17.844s] [ 45%] Built target tku_msgs__rosidl_typesupport_c
[18.057s] [ 46%] [32mBuilding C object CMakeFiles/tku_msgs__rosidl_typesupport_introspection_c.dir/rosidl_typesupport_introspection_c/tku_msgs/srv/detail/check_sector__type_support.c.o[0m
[18.339s] [ 46%] [32mBuilding CXX object CMakeFiles/tku_msgs__rosidl_typesupport_introspection_cpp.dir/rosidl_typesupport_introspection_cpp/tku_msgs/msg/detail/hsv_value__type_support.cpp.o[0m
[18.421s] [ 46%] [32mBuilding C object CMakeFiles/tku_msgs__rosidl_typesupport_introspection_c.dir/rosidl_typesupport_introspection_c/tku_msgs/srv/detail/send_hand_speed__type_support.c.o[0m
[18.746s] [ 46%] [32mBuilding C object CMakeFiles/tku_msgs__rosidl_typesupport_introspection_c.dir/rosidl_typesupport_introspection_c/tku_msgs/srv/detail/walking_gait_parameter__type_support.c.o[0m
[19.130s] [ 47%] [32m[1mLinking C shared library libtku_msgs__rosidl_typesupport_introspection_c.so[0m
[19.182s] [ 47%] [32mBuilding CXX object CMakeFiles/tku_msgs__rosidl_typesupport_fastrtps_c.dir/rosidl_typesupport_fastrtps_c/tku_msgs/msg/detail/hsv_value__type_support_c.cpp.o[0m
[19.472s] [ 47%] Built target tku_msgs__rosidl_typesupport_introspection_c
[19.475s] [ 48%] [32mBuilding CXX object CMakeFiles/tku_msgs__rosidl_typesupport_cpp.dir/rosidl_typesupport_cpp/tku_msgs/msg/sand_hand_speed__type_support.cpp.o[0m
[19.537s] [ 48%] [32mBuilding CXX object CMakeFiles/tku_msgs__rosidl_typesupport_fastrtps_cpp.dir/rosidl_typesupport_fastrtps_cpp/tku_msgs/msg/detail/dds_fastrtps/location__type_support.cpp.o[0m
[20.286s] [ 48%] [32mBuilding CXX object CMakeFiles/tku_msgs__rosidl_typesupport_cpp.dir/rosidl_typesupport_cpp/tku_msgs/msg/save_motion__type_support.cpp.o[0m
[20.759s] [ 48%] [32mBuilding CXX object CMakeFiles/tku_msgs__rosidl_typesupport_fastrtps_cpp.dir/rosidl_typesupport_fastrtps_cpp/tku_msgs/msg/detail/dds_fastrtps/parameter__type_support.cpp.o[0m
[21.149s] [ 48%] [32mBuilding CXX object CMakeFiles/tku_msgs__rosidl_typesupport_introspection_cpp.dir/rosidl_typesupport_introspection_cpp/tku_msgs/msg/detail/object_list__type_support.cpp.o[0m
[21.705s] [ 48%] [32mBuilding CXX object CMakeFiles/tku_msgs__rosidl_typesupport_cpp.dir/rosidl_typesupport_cpp/tku_msgs/msg/save_motion_vector__type_support.cpp.o[0m
[21.754s] [ 49%] [32mBuilding CXX object CMakeFiles/tku_msgs__rosidl_typesupport_fastrtps_c.dir/rosidl_typesupport_fastrtps_c/tku_msgs/msg/detail/label_model_object_list__type_support_c.cpp.o[0m
[22.194s] [ 50%] [32mBuilding CXX object CMakeFiles/tku_msgs__rosidl_typesupport_fastrtps_cpp.dir/rosidl_typesupport_fastrtps_cpp/tku_msgs/msg/detail/dds_fastrtps/interface__type_support.cpp.o[0m
[23.422s] [ 51%] [32mBuilding CXX object CMakeFiles/tku_msgs__rosidl_typesupport_cpp.dir/rosidl_typesupport_cpp/tku_msgs/msg/sensor_package__type_support.cpp.o[0m
[23.505s] [ 51%] [32mBuilding CXX object CMakeFiles/tku_msgs__rosidl_typesupport_fastrtps_c.dir/rosidl_typesupport_fastrtps_c/tku_msgs/msg/detail/object_list__type_support_c.cpp.o[0m
[23.937s] [ 51%] [32mBuilding CXX object CMakeFiles/tku_msgs__rosidl_typesupport_introspection_cpp.dir/rosidl_typesupport_introspection_cpp/tku_msgs/msg/detail/camera__type_support.cpp.o[0m
[24.154s] [ 51%] [32mBuilding CXX object CMakeFiles/tku_msgs__rosidl_typesupport_fastrtps_cpp.dir/rosidl_typesupport_fastrtps_cpp/tku_msgs/msg/detail/dds_fastrtps/parametermessage__type_support.cpp.o[0m
[24.702s] [ 51%] [32mBuilding CXX object CMakeFiles/tku_msgs__rosidl_typesupport_cpp.dir/rosidl_typesupport_cpp/tku_msgs/msg/sensor_set__type_support.cpp.o[0m
[25.697s] [ 51%] [32mBuilding CXX object CMakeFiles/tku_msgs__rosidl_typesupport_fastrtps_c.dir/rosidl_typesupport_fastrtps_c/tku_msgs/msg/detail/camera__type_support_c.cpp.o[0m
[26.031s] [ 51%] [32mBuilding CXX object CMakeFiles/tku_msgs__rosidl_typesupport_cpp.dir/rosidl_typesupport_cpp/tku_msgs/msg/single_motor_data__type_support.cpp.o[0m
[26.131s] [ 52%] [32mBuilding CXX object CMakeFiles/tku_msgs__rosidl_typesupport_introspection_cpp.dir/rosidl_typesupport_introspection_cpp/tku_msgs/msg/detail/camera_save__type_support.cpp.o[0m
[26.499s] [ 52%] [32mBuilding CXX object CMakeFiles/tku_msgs__rosidl_typesupport_fastrtps_cpp.dir/rosidl_typesupport_fastrtps_cpp/tku_msgs/msg/detail/dds_fastrtps/callback__type_support.cpp.o[0m
[27.265s] [ 53%] [32mBuilding CXX object CMakeFiles/tku_msgs__rosidl_typesupport_cpp.dir/rosidl_typesupport_cpp/tku_msgs/msg/walkingmessage__type_support.cpp.o[0m
[27.458s] [ 54%] [32mBuilding CXX object CMakeFiles/tku_msgs__rosidl_typesupport_fastrtps_c.dir/rosidl_typesupport_fastrtps_c/tku_msgs/msg/detail/camera_save__type_support_c.cpp.o[0m
[27.662s] [ 54%] [32mBuilding CXX object CMakeFiles/tku_msgs__rosidl_typesupport_introspection_cpp.dir/rosidl_typesupport_introspection_cpp/tku_msgs/msg/detail/location__type_support.cpp.o[0m
[28.366s] [ 55%] [32mBuilding CXX object CMakeFiles/tku_msgs__rosidl_typesupport_fastrtps_cpp.dir/rosidl_typesupport_fastrtps_cpp/tku_msgs/msg/detail/dds_fastrtps/head_package__type_support.cpp.o[0m
[28.557s] [ 55%] [32mBuilding CXX object CMakeFiles/tku_msgs__rosidl_typesupport_cpp.dir/rosidl_typesupport_cpp/tku_msgs/srv/build_model__type_support.cpp.o[0m
[29.113s] [ 55%] [32mBuilding CXX object CMakeFiles/tku_msgs__rosidl_typesupport_fastrtps_c.dir/rosidl_typesupport_fastrtps_c/tku_msgs/msg/detail/location__type_support_c.cpp.o[0m
[29.242s] [ 56%] [32mBuilding CXX object CMakeFiles/tku_msgs__rosidl_typesupport_introspection_cpp.dir/rosidl_typesupport_introspection_cpp/tku_msgs/msg/detail/label_model_object_list__type_support.cpp.o[0m
[29.631s] [ 57%] [32mBuilding CXX object CMakeFiles/tku_msgs__rosidl_typesupport_cpp.dir/rosidl_typesupport_cpp/tku_msgs/srv/hsv_info__type_support.cpp.o[0m
[29.921s] [ 57%] [32mBuilding CXX object CMakeFiles/tku_msgs__rosidl_typesupport_fastrtps_cpp.dir/rosidl_typesupport_fastrtps_cpp/tku_msgs/msg/detail/dds_fastrtps/interface_send2_sector__type_support.cpp.o[0m
[30.763s] [ 58%] [32mBuilding CXX object CMakeFiles/tku_msgs__rosidl_typesupport_fastrtps_c.dir/rosidl_typesupport_fastrtps_c/tku_msgs/msg/detail/parameter__type_support_c.cpp.o[0m
[30.926s] [ 58%] [32mBuilding CXX object CMakeFiles/tku_msgs__rosidl_typesupport_cpp.dir/rosidl_typesupport_cpp/tku_msgs/srv/save_hsv__type_support.cpp.o[0m
[31.657s] [ 58%] [32mBuilding CXX object CMakeFiles/tku_msgs__rosidl_typesupport_introspection_cpp.dir/rosidl_typesupport_introspection_cpp/tku_msgs/msg/detail/parameter__type_support.cpp.o[0m
[31.843s] [ 58%] [32mBuilding CXX object CMakeFiles/tku_msgs__rosidl_typesupport_cpp.dir/rosidl_typesupport_cpp/tku_msgs/srv/add__type_support.cpp.o[0m
[32.549s] [ 58%] [32mBuilding CXX object CMakeFiles/tku_msgs__rosidl_typesupport_fastrtps_cpp.dir/rosidl_typesupport_fastrtps_cpp/tku_msgs/msg/detail/dds_fastrtps/pi_dpackage__type_support.cpp.o[0m
[33.490s] [ 58%] [32mBuilding CXX object CMakeFiles/tku_msgs__rosidl_typesupport_fastrtps_c.dir/rosidl_typesupport_fastrtps_c/tku_msgs/msg/detail/interface__type_support_c.cpp.o[0m
[34.237s] [ 59%] [32mBuilding CXX object CMakeFiles/tku_msgs__rosidl_typesupport_cpp.dir/rosidl_typesupport_cpp/tku_msgs/srv/camera_info__type_support.cpp.o[0m
[34.877s] [ 60%] [32mBuilding CXX object CMakeFiles/tku_msgs__rosidl_typesupport_introspection_cpp.dir/rosidl_typesupport_introspection_cpp/tku_msgs/msg/detail/interface__type_support.cpp.o[0m
[35.561s] [ 60%] [32mBuilding CXX object CMakeFiles/tku_msgs__rosidl_typesupport_fastrtps_c.dir/rosidl_typesupport_fastrtps_c/tku_msgs/msg/detail/parametermessage__type_support_c.cpp.o[0m
[35.801s] [ 60%] [32mBuilding CXX object CMakeFiles/tku_msgs__rosidl_typesupport_fastrtps_cpp.dir/rosidl_typesupport_fastrtps_cpp/tku_msgs/msg/detail/dds_fastrtps/save_motion__type_support.cpp.o[0m
[36.060s] [ 60%] [32mBuilding CXX object CMakeFiles/tku_msgs__rosidl_typesupport_cpp.dir/rosidl_typesupport_cpp/tku_msgs/srv/read_motion__type_support.cpp.o[0m
[36.863s] [ 61%] [32mBuilding CXX object CMakeFiles/tku_msgs__rosidl_typesupport_fastrtps_c.dir/rosidl_typesupport_fastrtps_c/tku_msgs/msg/detail/callback__type_support_c.cpp.o[0m
[37.384s] [ 61%] [32mBuilding CXX object CMakeFiles/tku_msgs__rosidl_typesupport_introspection_cpp.dir/rosidl_typesupport_introspection_cpp/tku_msgs/msg/detail/parametermessage__type_support.cpp.o[0m
[38.010s] [ 61%] [32mBuilding CXX object CMakeFiles/tku_msgs__rosidl_typesupport_cpp.dir/rosidl_typesupport_cpp/tku_msgs/srv/check_sector__type_support.cpp.o[0m
[38.453s] [ 61%] [32mBuilding CXX object CMakeFiles/tku_msgs__rosidl_typesupport_fastrtps_c.dir/rosidl_typesupport_fastrtps_c/tku_msgs/msg/detail/head_package__type_support_c.cpp.o[0m
[38.475s] [ 62%] [32mBuilding CXX object CMakeFiles/tku_msgs__rosidl_typesupport_fastrtps_cpp.dir/rosidl_typesupport_fastrtps_cpp/tku_msgs/msg/detail/dds_fastrtps/save_motion_vector__type_support.cpp.o[0m
[38.883s] [ 63%] [32mBuilding CXX object CMakeFiles/tku_msgs__rosidl_typesupport_introspection_cpp.dir/rosidl_typesupport_introspection_cpp/tku_msgs/msg/detail/callback__type_support.cpp.o[0m
[39.697s] [ 64%] [32mBuilding CXX object CMakeFiles/tku_msgs__rosidl_typesupport_cpp.dir/rosidl_typesupport_cpp/tku_msgs/srv/send_hand_speed__type_support.cpp.o[0m
[40.512s] [ 64%] [32mBuilding CXX object CMakeFiles/tku_msgs__rosidl_typesupport_introspection_cpp.dir/rosidl_typesupport_introspection_cpp/tku_msgs/msg/detail/head_package__type_support.cpp.o[0m
[40.941s] [ 64%] [32mBuilding CXX object CMakeFiles/tku_msgs__rosidl_typesupport_fastrtps_c.dir/rosidl_typesupport_fastrtps_c/tku_msgs/msg/detail/interface_send2_sector__type_support_c.cpp.o[0m
[41.513s] [ 64%] [32mBuilding CXX object CMakeFiles/tku_msgs__rosidl_typesupport_fastrtps_cpp.dir/rosidl_typesupport_fastrtps_cpp/tku_msgs/msg/detail/dds_fastrtps/sensor_package__type_support.cpp.o[0m
[41.749s] [ 64%] [32mBuilding CXX object CMakeFiles/tku_msgs__rosidl_typesupport_cpp.dir/rosidl_typesupport_cpp/tku_msgs/srv/walking_gait_parameter__type_support.cpp.o[0m
[41.857s] [ 64%] [32mBuilding CXX object CMakeFiles/tku_msgs__rosidl_typesupport_introspection_cpp.dir/rosidl_typesupport_introspection_cpp/tku_msgs/msg/detail/interface_send2_sector__type_support.cpp.o[0m
[42.457s] [ 65%] [32mBuilding CXX object CMakeFiles/tku_msgs__rosidl_typesupport_fastrtps_c.dir/rosidl_typesupport_fastrtps_c/tku_msgs/msg/detail/pi_dpackage__type_support_c.cpp.o[0m
[43.166s] [ 65%] [32m[1mLinking CXX shared library libtku_msgs__rosidl_typesupport_cpp.so[0m
[43.461s] [ 68%] Built target tku_msgs__rosidl_typesupport_cpp
[43.495s] [ 69%] [32mBuilding CXX object CMakeFiles/tku_msgs__rosidl_typesupport_introspection_cpp.dir/rosidl_typesupport_introspection_cpp/tku_msgs/msg/detail/pi_dpackage__type_support.cpp.o[0m
[43.550s] [ 69%] [32mBuilding CXX object CMakeFiles/tku_msgs__rosidl_typesupport_fastrtps_cpp.dir/rosidl_typesupport_fastrtps_cpp/tku_msgs/msg/detail/dds_fastrtps/sensor_set__type_support.cpp.o[0m
[44.365s] [ 69%] [32mBuilding CXX object CMakeFiles/tku_msgs__rosidl_typesupport_fastrtps_c.dir/rosidl_typesupport_fastrtps_c/tku_msgs/msg/detail/sand_hand_speed__type_support_c.cpp.o[0m
[45.642s] [ 69%] [32mBuilding CXX object CMakeFiles/tku_msgs__rosidl_typesupport_introspection_cpp.dir/rosidl_typesupport_introspection_cpp/tku_msgs/msg/detail/save_motion__type_support.cpp.o[0m
[45.671s] [ 70%] [32mBuilding CXX object CMakeFiles/tku_msgs__rosidl_typesupport_fastrtps_cpp.dir/rosidl_typesupport_fastrtps_cpp/tku_msgs/msg/detail/dds_fastrtps/single_motor_data__type_support.cpp.o[0m
[45.954s] [ 70%] [32mBuilding CXX object CMakeFiles/tku_msgs__rosidl_typesupport_fastrtps_c.dir/rosidl_typesupport_fastrtps_c/tku_msgs/msg/detail/save_motion__type_support_c.cpp.o[0m
[46.635s] [ 71%] [32mBuilding CXX object CMakeFiles/tku_msgs__rosidl_typesupport_fastrtps_cpp.dir/rosidl_typesupport_fastrtps_cpp/tku_msgs/msg/detail/dds_fastrtps/sand_hand_speed__type_support.cpp.o[0m
[46.991s] [ 72%] [32mBuilding CXX object CMakeFiles/tku_msgs__rosidl_typesupport_fastrtps_c.dir/rosidl_typesupport_fastrtps_c/tku_msgs/msg/detail/save_motion_vector__type_support_c.cpp.o[0m
[47.260s] [ 72%] [32mBuilding CXX object CMakeFiles/tku_msgs__rosidl_typesupport_introspection_cpp.dir/rosidl_typesupport_introspection_cpp/tku_msgs/msg/detail/sensor_package__type_support.cpp.o[0m
[47.659s] [ 72%] [32mBuilding CXX object CMakeFiles/tku_msgs__rosidl_typesupport_fastrtps_cpp.dir/rosidl_typesupport_fastrtps_cpp/tku_msgs/msg/detail/dds_fastrtps/walkingmessage__type_support.cpp.o[0m
[48.081s] [ 72%] [32mBuilding CXX object CMakeFiles/tku_msgs__rosidl_typesupport_fastrtps_c.dir/rosidl_typesupport_fastrtps_c/tku_msgs/msg/detail/sensor_package__type_support_c.cpp.o[0m
[48.502s] [ 72%] [32mBuilding CXX object CMakeFiles/tku_msgs__rosidl_typesupport_introspection_cpp.dir/rosidl_typesupport_introspection_cpp/tku_msgs/msg/detail/sensor_set__type_support.cpp.o[0m
[48.661s] [ 72%] [32mBuilding CXX object CMakeFiles/tku_msgs__rosidl_typesupport_fastrtps_cpp.dir/rosidl_typesupport_fastrtps_cpp/tku_msgs/srv/detail/dds_fastrtps/build_model__type_support.cpp.o[0m
[48.960s] [ 72%] [32mBuilding CXX object CMakeFiles/tku_msgs__rosidl_typesupport_fastrtps_c.dir/rosidl_typesupport_fastrtps_c/tku_msgs/msg/detail/sensor_set__type_support_c.cpp.o[0m
[49.399s] [ 73%] [32mBuilding CXX object CMakeFiles/tku_msgs__rosidl_typesupport_introspection_cpp.dir/rosidl_typesupport_introspection_cpp/tku_msgs/msg/detail/save_motion_vector__type_support.cpp.o[0m
[49.704s] [ 73%] [32mBuilding CXX object CMakeFiles/tku_msgs__rosidl_typesupport_fastrtps_cpp.dir/rosidl_typesupport_fastrtps_cpp/tku_msgs/srv/detail/dds_fastrtps/save_hsv__type_support.cpp.o[0m
[49.833s] [ 74%] [32mBuilding CXX object CMakeFiles/tku_msgs__rosidl_typesupport_fastrtps_c.dir/rosidl_typesupport_fastrtps_c/tku_msgs/msg/detail/single_motor_data__type_support_c.cpp.o[0m
[50.621s] [ 74%] [32mBuilding CXX object CMakeFiles/tku_msgs__rosidl_typesupport_introspection_cpp.dir/rosidl_typesupport_introspection_cpp/tku_msgs/msg/detail/sand_hand_speed__type_support.cpp.o[0m
[50.666s] [ 74%] [32mBuilding CXX object CMakeFiles/tku_msgs__rosidl_typesupport_fastrtps_c.dir/rosidl_typesupport_fastrtps_c/tku_msgs/msg/detail/walkingmessage__type_support_c.cpp.o[0m
[50.736s] [ 75%] [32mBuilding CXX object CMakeFiles/tku_msgs__rosidl_typesupport_fastrtps_cpp.dir/rosidl_typesupport_fastrtps_cpp/tku_msgs/srv/detail/dds_fastrtps/camera_info__type_support.cpp.o[0m
[51.440s] [ 75%] [32mBuilding CXX object CMakeFiles/tku_msgs__rosidl_typesupport_fastrtps_c.dir/rosidl_typesupport_fastrtps_c/tku_msgs/srv/detail/build_model__type_support_c.cpp.o[0m
[51.592s] [ 76%] [32mBuilding CXX object CMakeFiles/tku_msgs__rosidl_typesupport_introspection_cpp.dir/rosidl_typesupport_introspection_cpp/tku_msgs/msg/detail/single_motor_data__type_support.cpp.o[0m
[51.802s] [ 76%] [32mBuilding CXX object CMakeFiles/tku_msgs__rosidl_typesupport_fastrtps_cpp.dir/rosidl_typesupport_fastrtps_cpp/tku_msgs/srv/detail/dds_fastrtps/read_motion__type_support.cpp.o[0m
[52.291s] [ 77%] [32mBuilding CXX object CMakeFiles/tku_msgs__rosidl_typesupport_fastrtps_c.dir/rosidl_typesupport_fastrtps_c/tku_msgs/srv/detail/hsv_info__type_support_c.cpp.o[0m
[52.498s] [ 77%] [32mBuilding CXX object CMakeFiles/tku_msgs__rosidl_typesupport_introspection_cpp.dir/rosidl_typesupport_introspection_cpp/tku_msgs/msg/detail/walkingmessage__type_support.cpp.o[0m
[52.909s] [ 77%] [32mBuilding CXX object CMakeFiles/tku_msgs__rosidl_typesupport_fastrtps_cpp.dir/rosidl_typesupport_fastrtps_cpp/tku_msgs/srv/detail/dds_fastrtps/check_sector__type_support.cpp.o[0m
[53.158s] [ 77%] [32mBuilding CXX object CMakeFiles/tku_msgs__rosidl_typesupport_fastrtps_c.dir/rosidl_typesupport_fastrtps_c/tku_msgs/srv/detail/save_hsv__type_support_c.cpp.o[0m
[53.433s] [ 77%] [32mBuilding CXX object CMakeFiles/tku_msgs__rosidl_typesupport_introspection_cpp.dir/rosidl_typesupport_introspection_cpp/tku_msgs/srv/detail/build_model__type_support.cpp.o[0m
[53.903s] [ 78%] [32mBuilding CXX object CMakeFiles/tku_msgs__rosidl_typesupport_fastrtps_cpp.dir/rosidl_typesupport_fastrtps_cpp/tku_msgs/srv/detail/dds_fastrtps/send_hand_speed__type_support.cpp.o[0m
[54.014s] [ 78%] [32mBuilding CXX object CMakeFiles/tku_msgs__rosidl_typesupport_fastrtps_c.dir/rosidl_typesupport_fastrtps_c/tku_msgs/srv/detail/add__type_support_c.cpp.o[0m
[54.318s] [ 79%] [32mBuilding CXX object CMakeFiles/tku_msgs__rosidl_typesupport_introspection_cpp.dir/rosidl_typesupport_introspection_cpp/tku_msgs/srv/detail/hsv_info__type_support.cpp.o[0m
[54.828s] [ 80%] [32mBuilding CXX object CMakeFiles/tku_msgs__rosidl_typesupport_fastrtps_c.dir/rosidl_typesupport_fastrtps_c/tku_msgs/srv/detail/camera_info__type_support_c.cpp.o[0m
[54.882s] [ 80%] [32mBuilding CXX object CMakeFiles/tku_msgs__rosidl_typesupport_fastrtps_cpp.dir/rosidl_typesupport_fastrtps_cpp/tku_msgs/srv/detail/dds_fastrtps/walking_gait_parameter__type_support.cpp.o[0m
[55.235s] [ 80%] [32mBuilding CXX object CMakeFiles/tku_msgs__rosidl_typesupport_introspection_cpp.dir/rosidl_typesupport_introspection_cpp/tku_msgs/srv/detail/save_hsv__type_support.cpp.o[0m
[55.816s] [ 80%] [32mBuilding CXX object CMakeFiles/tku_msgs__rosidl_typesupport_fastrtps_c.dir/rosidl_typesupport_fastrtps_c/tku_msgs/srv/detail/read_motion__type_support_c.cpp.o[0m
[55.857s] [ 80%] [32mBuilding CXX object CMakeFiles/tku_msgs__rosidl_typesupport_fastrtps_cpp.dir/rosidl_typesupport_fastrtps_cpp/tku_msgs/srv/detail/dds_fastrtps/add__type_support.cpp.o[0m
[56.101s] [ 80%] [32mBuilding CXX object CMakeFiles/tku_msgs__rosidl_typesupport_introspection_cpp.dir/rosidl_typesupport_introspection_cpp/tku_msgs/srv/detail/add__type_support.cpp.o[0m
[56.749s] [ 81%] [32mBuilding CXX object CMakeFiles/tku_msgs__rosidl_typesupport_fastrtps_c.dir/rosidl_typesupport_fastrtps_c/tku_msgs/srv/detail/send_hand_speed__type_support_c.cpp.o[0m
[56.786s] [ 82%] [32mBuilding CXX object CMakeFiles/tku_msgs__rosidl_typesupport_fastrtps_cpp.dir/rosidl_typesupport_fastrtps_cpp/tku_msgs/srv/detail/dds_fastrtps/hsv_info__type_support.cpp.o[0m
[56.974s] [ 83%] [32mBuilding CXX object CMakeFiles/tku_msgs__rosidl_typesupport_introspection_cpp.dir/rosidl_typesupport_introspection_cpp/tku_msgs/srv/detail/camera_info__type_support.cpp.o[0m
[57.620s] [ 83%] [32mBuilding CXX object CMakeFiles/tku_msgs__rosidl_typesupport_fastrtps_c.dir/rosidl_typesupport_fastrtps_c/tku_msgs/srv/detail/walking_gait_parameter__type_support_c.cpp.o[0m
[57.791s] [ 83%] [32m[1mLinking CXX shared library libtku_msgs__rosidl_typesupport_fastrtps_cpp.so[0m
[57.873s] [ 83%] [32mBuilding CXX object CMakeFiles/tku_msgs__rosidl_typesupport_introspection_cpp.dir/rosidl_typesupport_introspection_cpp/tku_msgs/srv/detail/check_sector__type_support.cpp.o[0m
[58.026s] [ 84%] Built target tku_msgs__rosidl_typesupport_fastrtps_cpp
[58.492s] [ 84%] [32mBuilding CXX object CMakeFiles/tku_msgs__rosidl_typesupport_fastrtps_c.dir/rosidl_typesupport_fastrtps_c/tku_msgs/srv/detail/check_sector__type_support_c.cpp.o[0m
[58.846s] [ 84%] [32mBuilding CXX object CMakeFiles/tku_msgs__rosidl_typesupport_introspection_cpp.dir/rosidl_typesupport_introspection_cpp/tku_msgs/srv/detail/walking_gait_parameter__type_support.cpp.o[0m
[59.421s] [ 85%] [32m[1mLinking CXX shared library libtku_msgs__rosidl_typesupport_fastrtps_c.so[0m
[59.630s] [ 85%] Built target tku_msgs__rosidl_typesupport_fastrtps_c
[59.746s] [ 86%] [32mBuilding CXX object CMakeFiles/tku_msgs__rosidl_typesupport_introspection_cpp.dir/rosidl_typesupport_introspection_cpp/tku_msgs/srv/detail/send_hand_speed__type_support.cpp.o[0m
[60.620s] [ 86%] [32mBuilding CXX object CMakeFiles/tku_msgs__rosidl_typesupport_introspection_cpp.dir/rosidl_typesupport_introspection_cpp/tku_msgs/srv/detail/read_motion__type_support.cpp.o[0m
[61.639s] [ 87%] [32m[1mLinking CXX shared library libtku_msgs__rosidl_typesupport_introspection_cpp.so[0m
[61.869s] [ 87%] Built target tku_msgs__rosidl_typesupport_introspection_cpp
[61.920s] [ 87%] Built target tku_msgs
[61.970s] [ 87%] [34m[1mGenerating Python code for ROS interfaces[0m
[71.068s] [ 87%] Built target tku_msgs__py
[71.116s] [ 88%] [32mBuilding C object CMakeFiles/tku_msgs__rosidl_generator_py.dir/rosidl_generator_py/tku_msgs/msg/_button_color_form_s.c.o[0m
[71.400s] [ 88%] [32mBuilding C object CMakeFiles/tku_msgs__rosidl_generator_py.dir/rosidl_generator_py/tku_msgs/msg/_label_model_object_list_s.c.o[0m
[71.634s] [ 89%] [32mBuilding C object CMakeFiles/tku_msgs__rosidl_generator_py.dir/rosidl_generator_py/tku_msgs/msg/_object_list_s.c.o[0m
[71.853s] [ 89%] [32mBuilding C object CMakeFiles/tku_msgs__rosidl_generator_py.dir/rosidl_generator_py/tku_msgs/msg/_camera_s.c.o[0m
[72.089s] [ 90%] [32mBuilding C object CMakeFiles/tku_msgs__rosidl_generator_py.dir/rosidl_generator_py/tku_msgs/msg/_camera_save_s.c.o[0m
[72.304s] [ 90%] [32mBuilding C object CMakeFiles/tku_msgs__rosidl_generator_py.dir/rosidl_generator_py/tku_msgs/msg/_location_s.c.o[0m
[72.518s] [ 90%] [32mBuilding C object CMakeFiles/tku_msgs__rosidl_generator_py.dir/rosidl_generator_py/tku_msgs/msg/_parameter_s.c.o[0m
[72.747s] [ 91%] [32mBuilding C object CMakeFiles/tku_msgs__rosidl_generator_py.dir/rosidl_generator_py/tku_msgs/msg/_interface_s.c.o[0m
[72.963s] [ 91%] [32mBuilding C object CMakeFiles/tku_msgs__rosidl_generator_py.dir/rosidl_generator_py/tku_msgs/msg/_parametermessage_s.c.o[0m
[73.207s] [ 91%] [32mBuilding C object CMakeFiles/tku_msgs__rosidl_generator_py.dir/rosidl_generator_py/tku_msgs/msg/_callback_s.c.o[0m
[73.419s] [ 92%] [32mBuilding C object CMakeFiles/tku_msgs__rosidl_generator_py.dir/rosidl_generator_py/tku_msgs/msg/_head_package_s.c.o[0m
[73.629s] [ 92%] [32mBuilding C object CMakeFiles/tku_msgs__rosidl_generator_py.dir/rosidl_generator_py/tku_msgs/msg/_interface_send2_sector_s.c.o[0m
[73.836s] [ 92%] [32mBuilding C object CMakeFiles/tku_msgs__rosidl_generator_py.dir/rosidl_generator_py/tku_msgs/msg/_pi_dpackage_s.c.o[0m
[74.062s] [ 93%] [32mBuilding C object CMakeFiles/tku_msgs__rosidl_generator_py.dir/rosidl_generator_py/tku_msgs/msg/_sand_hand_speed_s.c.o[0m
[74.274s] [ 93%] [32mBuilding C object CMakeFiles/tku_msgs__rosidl_generator_py.dir/rosidl_generator_py/tku_msgs/msg/_save_motion_s.c.o[0m
[74.542s] [ 93%] [32mBuilding C object CMakeFiles/tku_msgs__rosidl_generator_py.dir/rosidl_generator_py/tku_msgs/msg/_save_motion_vector_s.c.o[0m
[74.758s] [ 94%] [32mBuilding C object CMakeFiles/tku_msgs__rosidl_generator_py.dir/rosidl_generator_py/tku_msgs/msg/_sensor_package_s.c.o[0m
[75.007s] [ 94%] [32mBuilding C object CMakeFiles/tku_msgs__rosidl_generator_py.dir/rosidl_generator_py/tku_msgs/msg/_sensor_set_s.c.o[0m
[75.218s] [ 94%] [32mBuilding C object CMakeFiles/tku_msgs__rosidl_generator_py.dir/rosidl_generator_py/tku_msgs/msg/_single_motor_data_s.c.o[0m
[75.432s] [ 95%] [32mBuilding C object CMakeFiles/tku_msgs__rosidl_generator_py.dir/rosidl_generator_py/tku_msgs/msg/_walkingmessage_s.c.o[0m
[75.651s] [ 95%] [32mBuilding C object CMakeFiles/tku_msgs__rosidl_generator_py.dir/rosidl_generator_py/tku_msgs/srv/_build_model_s.c.o[0m
[75.883s] [ 95%] [32mBuilding C object CMakeFiles/tku_msgs__rosidl_generator_py.dir/rosidl_generator_py/tku_msgs/srv/_hsv_info_s.c.o[0m
[76.129s] [ 96%] [32mBuilding C object CMakeFiles/tku_msgs__rosidl_generator_py.dir/rosidl_generator_py/tku_msgs/srv/_save_hsv_s.c.o[0m
[76.356s] [ 96%] [32mBuilding C object CMakeFiles/tku_msgs__rosidl_generator_py.dir/rosidl_generator_py/tku_msgs/srv/_add_s.c.o[0m
[76.580s] [ 96%] [32mBuilding C object CMakeFiles/tku_msgs__rosidl_generator_py.dir/rosidl_generator_py/tku_msgs/srv/_camera_info_s.c.o[0m
[76.806s] [ 97%] [32mBuilding C object CMakeFiles/tku_msgs__rosidl_generator_py.dir/rosidl_generator_py/tku_msgs/srv/_read_motion_s.c.o[0m
[77.105s] [ 97%] [32mBuilding C object CMakeFiles/tku_msgs__rosidl_generator_py.dir/rosidl_generator_py/tku_msgs/srv/_check_sector_s.c.o[0m
[77.332s] [ 98%] [32mBuilding C object CMakeFiles/tku_msgs__rosidl_generator_py.dir/rosidl_generator_py/tku_msgs/srv/_send_hand_speed_s.c.o[0m
[77.555s] [ 98%] [32mBuilding C object CMakeFiles/tku_msgs__rosidl_generator_py.dir/rosidl_generator_py/tku_msgs/srv/_walking_gait_parameter_s.c.o[0m
[77.813s] [ 98%] [32mBuilding C object CMakeFiles/tku_msgs__rosidl_generator_py.dir/rosidl_generator_py/tku_msgs/msg/_hsv_value_s.c.o[0m
[78.027s] [ 99%] [32mBuilding C object CMakeFiles/tku_msgs__rosidl_generator_py.dir/rosidl_generator_py/tku_msgs/msg/_draw_image_s.c.o[0m
[78.245s] [ 99%] [32mBuilding C object CMakeFiles/tku_msgs__rosidl_generator_py.dir/rosidl_generator_py/tku_msgs/msg/_color_data_s.c.o[0m
[78.463s] [ 99%] [32mBuilding C object CMakeFiles/tku_msgs__rosidl_generator_py.dir/rosidl_generator_py/tku_msgs/msg/_color_array_s.c.o[0m
[78.676s] [ 99%] [32m[1mLinking C shared library rosidl_generator_py/tku_msgs/libtku_msgs__rosidl_generator_py.so[0m
[78.780s] [ 99%] Built target tku_msgs__rosidl_generator_py
[78.821s] [ 99%] [32mBuilding C object CMakeFiles/tku_msgs__rosidl_typesupport_fastrtps_c__pyext.dir/rosidl_generator_py/tku_msgs/_tku_msgs_s.ep.rosidl_typesupport_fastrtps_c.c.o[0m
[79.305s] [ 99%] [32m[1mLinking C shared library rosidl_generator_py/tku_msgs/tku_msgs_s__rosidl_typesupport_fastrtps_c.cpython-310-aarch64-linux-gnu.so[0m
[79.387s] [ 99%] Built target tku_msgs__rosidl_typesupport_fastrtps_c__pyext
[79.427s] [100%] [32mBuilding C object CMakeFiles/tku_msgs__rosidl_typesupport_c__pyext.dir/rosidl_generator_py/tku_msgs/_tku_msgs_s.ep.rosidl_typesupport_c.c.o[0m
[79.915s] [100%] [32m[1mLinking C shared library rosidl_generator_py/tku_msgs/tku_msgs_s__rosidl_typesupport_c.cpython-310-aarch64-linux-gnu.so[0m
[79.993s] [100%] Built target tku_msgs__rosidl_typesupport_c__pyext
[80.034s] [100%] [32mBuilding C object CMakeFiles/tku_msgs__rosidl_typesupport_introspection_c__pyext.dir/rosidl_generator_py/tku_msgs/_tku_msgs_s.ep.rosidl_typesupport_introspection_c.c.o[0m
[80.524s] [100%] [32m[1mLinking C shared library rosidl_generator_py/tku_msgs/tku_msgs_s__rosidl_typesupport_introspection_c.cpython-310-aarch64-linux-gnu.so[0m
[80.606s] [100%] Built target tku_msgs__rosidl_typesupport_introspection_c__pyext
