[0.091s] Invoking command in '/workspace/towen/build/rosidl_generator_c': AMENT_PREFIX_PATH=/workspace/towen/install/rosidl_cli:/workspace/towen/install/zed_ros2:/workspace/towen/install/zed_wrapper:/workspace/towen/install/zed_components:/workspace/towen/install/vision_opencv:/workspace/towen/install/rosidl_runtime_c:/workspace/towen/install/rosidl_typesupport_interface:/workspace/towen/install/rosidl_generator_cpp:/workspace/towen/install/rosidl_cmake:/workspace/towen/install/rosidl_parser:/workspace/towen/install/rosidl_adapter:/workspace/towen/install/opencv_tests:/workspace/towen/install/strategy:/workspace/towen/install/motionpackage:/workspace/towen/install/imageprocess:/workspace/towen/install/image_geometry:/workspace/towen/install/web_video_server:/workspace/towen/install/cv_bridge:/opt/ros/humble:/opt/ros/humble/install:/opt/ros/humble/install BYOBU_DATE=%Y-%m-%d CMAKE_PREFIX_PATH=/workspace/towen/install/rosidl_cmake:/workspace/towen/install/rosidl_parser:/workspace/towen/install/rosidl_runtime_c:/workspace/towen/install/rosidl_adapter:/workspace/towen/install/rosidl_typesupport_interface:/workspace/towen/install/zed_ros2:/workspace/towen/install/zed_wrapper:/workspace/towen/install/zed_components:/workspace/towen/install/vision_opencv:/workspace/towen/install/rosidl_generator_cpp:/workspace/towen/install/image_geometry:/workspace/towen/install/web_video_server:/workspace/towen/install/cv_bridge:/opt/ros/humble/install:/workspace/towen/install/rosidl_cli:/workspace/towen/install/opencv_tests:/workspace/towen/install/strategy:/workspace/towen/install/motionpackage:/workspace/towen/install/imageprocess:/opt/ros/humble LD_LIBRARY_PATH=/workspace/towen/install/rosidl_runtime_c/lib:/workspace/towen/install/zed_components/lib:/workspace/towen/install/image_geometry/lib:/workspace/towen/install/cv_bridge/lib:/opt/ros/humble/opt/rviz_ogre_vendor/lib:/opt/ros/humble/lib/aarch64-linux-gnu:/opt/ros/humble/lib:/opt/ros/humble/install/opt/rviz_ogre_vendor/lib:/opt/ros/humble/install/lib:/usr/local/cuda/compat:/usr/local/cuda/lib64 PYTHONPATH=/workspace/towen/install/rosidl_cli/lib/python3.10/site-packages:/workspace/towen/install/rosidl_generator_cpp/local/lib/python3.10/dist-packages:/workspace/towen/install/rosidl_cmake/local/lib/python3.10/dist-packages:/workspace/towen/install/rosidl_parser/local/lib/python3.10/dist-packages:/workspace/towen/install/rosidl_adapter/local/lib/python3.10/dist-packages:/workspace/towen/install/opencv_tests/lib/python3.10/site-packages:/workspace/towen/install/strategy/lib/python3.10/site-packages:/workspace/towen/install/motionpackage/lib/python3.10/site-packages:/workspace/towen/install/imageprocess/lib/python3.10/site-packages:/workspace/towen/install/image_geometry/local/lib/python3.10/dist-packages:/workspace/towen/install/cv_bridge/local/lib/python3.10/dist-packages:/opt/ros/humble/lib/python3.10/site-packages:/opt/ros/humble/local/lib/python3.10/dist-packages:/opt/ros/humble/install/local/lib/python3.10/dist-packages:/opt/ros/humble/install/lib/python3.10/site-packages /usr/local/bin/cmake /workspace/towen/src/rosidl/rosidl_generator_c -DCMAKE_INSTALL_PREFIX=/workspace/towen/install/rosidl_generator_c
[0.403s] -- The C compiler identification is GNU 11.4.0
[0.432s] -- Detecting C compiler ABI info
[0.579s] -- Detecting C compiler ABI info - done
[0.619s] -- Check for working C compiler: /usr/bin/cc - skipped
[0.620s] -- Detecting C compile features
[0.621s] -- Detecting C compile features - done
[0.628s] -- Found ament_cmake_python: 1.3.10 (/opt/ros/humble/install/share/ament_cmake_python/cmake)
[0.637s] -- Found ament_cmake_ros: 0.10.0 (/opt/ros/humble/install/share/ament_cmake_ros/cmake)
[0.990s] -- Found Python3: /usr/local/bin/python3 (found version "3.10.12") found components: Interpreter
[1.510s] -- Found ament_lint_auto: 0.12.11 (/opt/ros/humble/install/share/ament_lint_auto/cmake)
[1.517s] -- Found test_interface_files: 0.9.1 (/opt/ros/humble/install/share/test_interface_files/cmake)
[1.519s] -- Found rosidl_runtime_c: 3.1.7 (/workspace/towen/install/rosidl_runtime_c/share/rosidl_runtime_c/cmake)
[1.809s] -- Found rosidl_adapter: 3.1.7 (/workspace/towen/install/rosidl_adapter/share/rosidl_adapter/cmake)
[2.983s] -- Added test 'copyright' to check source files copyright and LICENSE
[2.988s] -- Added test 'cppcheck' to perform static code analysis on C / C++ code
[2.990s] -- Configured cppcheck include dirs: 
[2.991s] -- Configured cppcheck exclude dirs and/or files: 
[2.993s] -- Added test 'cpplint' to check C / C++ code against the Google style
[2.994s] -- Configured cpplint exclude dirs and/or files: 
[2.996s] -- Added test 'flake8' to check Python code syntax and style conventions
[2.997s] -- Added test 'lint_cmake' to check CMake code style
[3.001s] -- Added test 'pep257' to check Python code against some of the docstring style conventions in PEP 257
[3.016s] -- Added test 'uncrustify' to check C / C++ code style
[3.018s] -- Configured uncrustify additional arguments: 
[3.019s] -- Added test 'xmllint' to check XML markup files
[3.020s] -- Configuring done (2.7s)
[3.227s] -- Generating done (0.2s)
[3.228s] -- Build files have been written to: /workspace/towen/build/rosidl_generator_c
[3.316s] Invoked command in '/workspace/towen/build/rosidl_generator_c' returned '0': AMENT_PREFIX_PATH=/workspace/towen/install/rosidl_cli:/workspace/towen/install/zed_ros2:/workspace/towen/install/zed_wrapper:/workspace/towen/install/zed_components:/workspace/towen/install/vision_opencv:/workspace/towen/install/rosidl_runtime_c:/workspace/towen/install/rosidl_typesupport_interface:/workspace/towen/install/rosidl_generator_cpp:/workspace/towen/install/rosidl_cmake:/workspace/towen/install/rosidl_parser:/workspace/towen/install/rosidl_adapter:/workspace/towen/install/opencv_tests:/workspace/towen/install/strategy:/workspace/towen/install/motionpackage:/workspace/towen/install/imageprocess:/workspace/towen/install/image_geometry:/workspace/towen/install/web_video_server:/workspace/towen/install/cv_bridge:/opt/ros/humble:/opt/ros/humble/install:/opt/ros/humble/install BYOBU_DATE=%Y-%m-%d CMAKE_PREFIX_PATH=/workspace/towen/install/rosidl_cmake:/workspace/towen/install/rosidl_parser:/workspace/towen/install/rosidl_runtime_c:/workspace/towen/install/rosidl_adapter:/workspace/towen/install/rosidl_typesupport_interface:/workspace/towen/install/zed_ros2:/workspace/towen/install/zed_wrapper:/workspace/towen/install/zed_components:/workspace/towen/install/vision_opencv:/workspace/towen/install/rosidl_generator_cpp:/workspace/towen/install/image_geometry:/workspace/towen/install/web_video_server:/workspace/towen/install/cv_bridge:/opt/ros/humble/install:/workspace/towen/install/rosidl_cli:/workspace/towen/install/opencv_tests:/workspace/towen/install/strategy:/workspace/towen/install/motionpackage:/workspace/towen/install/imageprocess:/opt/ros/humble LD_LIBRARY_PATH=/workspace/towen/install/rosidl_runtime_c/lib:/workspace/towen/install/zed_components/lib:/workspace/towen/install/image_geometry/lib:/workspace/towen/install/cv_bridge/lib:/opt/ros/humble/opt/rviz_ogre_vendor/lib:/opt/ros/humble/lib/aarch64-linux-gnu:/opt/ros/humble/lib:/opt/ros/humble/install/opt/rviz_ogre_vendor/lib:/opt/ros/humble/install/lib:/usr/local/cuda/compat:/usr/local/cuda/lib64 PYTHONPATH=/workspace/towen/install/rosidl_cli/lib/python3.10/site-packages:/workspace/towen/install/rosidl_generator_cpp/local/lib/python3.10/dist-packages:/workspace/towen/install/rosidl_cmake/local/lib/python3.10/dist-packages:/workspace/towen/install/rosidl_parser/local/lib/python3.10/dist-packages:/workspace/towen/install/rosidl_adapter/local/lib/python3.10/dist-packages:/workspace/towen/install/opencv_tests/lib/python3.10/site-packages:/workspace/towen/install/strategy/lib/python3.10/site-packages:/workspace/towen/install/motionpackage/lib/python3.10/site-packages:/workspace/towen/install/imageprocess/lib/python3.10/site-packages:/workspace/towen/install/image_geometry/local/lib/python3.10/dist-packages:/workspace/towen/install/cv_bridge/local/lib/python3.10/dist-packages:/opt/ros/humble/lib/python3.10/site-packages:/opt/ros/humble/local/lib/python3.10/dist-packages:/opt/ros/humble/install/local/lib/python3.10/dist-packages:/opt/ros/humble/install/lib/python3.10/site-packages /usr/local/bin/cmake /workspace/towen/src/rosidl/rosidl_generator_c -DCMAKE_INSTALL_PREFIX=/workspace/towen/install/rosidl_generator_c
[3.317s] Invoking command in '/workspace/towen/build/rosidl_generator_c': AMENT_PREFIX_PATH=/workspace/towen/install/rosidl_cli:/workspace/towen/install/zed_ros2:/workspace/towen/install/zed_wrapper:/workspace/towen/install/zed_components:/workspace/towen/install/vision_opencv:/workspace/towen/install/rosidl_runtime_c:/workspace/towen/install/rosidl_typesupport_interface:/workspace/towen/install/rosidl_generator_cpp:/workspace/towen/install/rosidl_cmake:/workspace/towen/install/rosidl_parser:/workspace/towen/install/rosidl_adapter:/workspace/towen/install/opencv_tests:/workspace/towen/install/strategy:/workspace/towen/install/motionpackage:/workspace/towen/install/imageprocess:/workspace/towen/install/image_geometry:/workspace/towen/install/web_video_server:/workspace/towen/install/cv_bridge:/opt/ros/humble:/opt/ros/humble/install:/opt/ros/humble/install BYOBU_DATE=%Y-%m-%d CMAKE_PREFIX_PATH=/workspace/towen/install/rosidl_cmake:/workspace/towen/install/rosidl_parser:/workspace/towen/install/rosidl_runtime_c:/workspace/towen/install/rosidl_adapter:/workspace/towen/install/rosidl_typesupport_interface:/workspace/towen/install/zed_ros2:/workspace/towen/install/zed_wrapper:/workspace/towen/install/zed_components:/workspace/towen/install/vision_opencv:/workspace/towen/install/rosidl_generator_cpp:/workspace/towen/install/image_geometry:/workspace/towen/install/web_video_server:/workspace/towen/install/cv_bridge:/opt/ros/humble/install:/workspace/towen/install/rosidl_cli:/workspace/towen/install/opencv_tests:/workspace/towen/install/strategy:/workspace/towen/install/motionpackage:/workspace/towen/install/imageprocess:/opt/ros/humble LD_LIBRARY_PATH=/workspace/towen/install/rosidl_runtime_c/lib:/workspace/towen/install/zed_components/lib:/workspace/towen/install/image_geometry/lib:/workspace/towen/install/cv_bridge/lib:/opt/ros/humble/opt/rviz_ogre_vendor/lib:/opt/ros/humble/lib/aarch64-linux-gnu:/opt/ros/humble/lib:/opt/ros/humble/install/opt/rviz_ogre_vendor/lib:/opt/ros/humble/install/lib:/usr/local/cuda/compat:/usr/local/cuda/lib64 PYTHONPATH=/workspace/towen/install/rosidl_cli/lib/python3.10/site-packages:/workspace/towen/install/rosidl_generator_cpp/local/lib/python3.10/dist-packages:/workspace/towen/install/rosidl_cmake/local/lib/python3.10/dist-packages:/workspace/towen/install/rosidl_parser/local/lib/python3.10/dist-packages:/workspace/towen/install/rosidl_adapter/local/lib/python3.10/dist-packages:/workspace/towen/install/opencv_tests/lib/python3.10/site-packages:/workspace/towen/install/strategy/lib/python3.10/site-packages:/workspace/towen/install/motionpackage/lib/python3.10/site-packages:/workspace/towen/install/imageprocess/lib/python3.10/site-packages:/workspace/towen/install/image_geometry/local/lib/python3.10/dist-packages:/workspace/towen/install/cv_bridge/local/lib/python3.10/dist-packages:/opt/ros/humble/lib/python3.10/site-packages:/opt/ros/humble/local/lib/python3.10/dist-packages:/opt/ros/humble/install/local/lib/python3.10/dist-packages:/opt/ros/humble/install/lib/python3.10/site-packages /usr/local/bin/cmake --build /workspace/towen/build/rosidl_generator_c -- -j6 -l6
[3.750s] [  4%] [34m[1mGenerating C code for ROS interfaces[0m
[3.802s] [  4%] Built target ament_cmake_python_copy_rosidl_generator_c_setup
[3.811s] [  4%] Built target ament_cmake_python_copy_rosidl_generator_c
[4.826s] running egg_info
[4.826s] creating rosidl_generator_c.egg-info
[4.827s] writing rosidl_generator_c.egg-info/PKG-INFO
[4.827s] writing dependency_links to rosidl_generator_c.egg-info/dependency_links.txt
[4.827s] writing entry points to rosidl_generator_c.egg-info/entry_points.txt
[4.827s] writing top-level names to rosidl_generator_c.egg-info/top_level.txt
[4.827s] writing manifest file 'rosidl_generator_c.egg-info/SOURCES.txt'
[5.105s] reading manifest file 'rosidl_generator_c.egg-info/SOURCES.txt'
[5.108s] writing manifest file 'rosidl_generator_c.egg-info/SOURCES.txt'
[5.241s] [  4%] Built target ament_cmake_python_build_rosidl_generator_c_egg
[9.589s] [  9%] [32mBuilding C object CMakeFiles/rosidl_generator_c_interfaces__rosidl_generator_c.dir/rosidl_generator_c/rosidl_generator_c/msg/detail/basic_types__functions.c.o[0m
[9.597s] [ 14%] [32mBuilding C object CMakeFiles/rosidl_generator_c_interfaces__rosidl_generator_c.dir/rosidl_generator_c/rosidl_generator_c/msg/detail/arrays__functions.c.o[0m
[9.598s] [ 19%] [32mBuilding C object CMakeFiles/rosidl_generator_c_interfaces__rosidl_generator_c.dir/rosidl_generator_c/rosidl_generator_c/msg/detail/bounded_plain_sequences__functions.c.o[0m
[9.614s] [ 23%] [32mBuilding C object CMakeFiles/rosidl_generator_c_interfaces__rosidl_generator_c.dir/rosidl_generator_c/rosidl_generator_c/msg/detail/bounded_sequences__functions.c.o[0m
[9.653s] [ 28%] [32mBuilding C object CMakeFiles/rosidl_generator_c_interfaces__rosidl_generator_c.dir/rosidl_generator_c/rosidl_generator_c/msg/detail/constants__functions.c.o[0m
[9.674s] [ 33%] [32mBuilding C object CMakeFiles/rosidl_generator_c_interfaces__rosidl_generator_c.dir/rosidl_generator_c/rosidl_generator_c/msg/detail/defaults__functions.c.o[0m
[9.786s] [ 38%] [32mBuilding C object CMakeFiles/rosidl_generator_c_interfaces__rosidl_generator_c.dir/rosidl_generator_c/rosidl_generator_c/msg/detail/empty__functions.c.o[0m
[9.875s] [ 42%] [32mBuilding C object CMakeFiles/rosidl_generator_c_interfaces__rosidl_generator_c.dir/rosidl_generator_c/rosidl_generator_c/msg/detail/multi_nested__functions.c.o[0m
[9.944s] [ 47%] [32mBuilding C object CMakeFiles/rosidl_generator_c_interfaces__rosidl_generator_c.dir/rosidl_generator_c/rosidl_generator_c/msg/detail/nested__functions.c.o[0m
[9.961s] [ 52%] [32mBuilding C object CMakeFiles/rosidl_generator_c_interfaces__rosidl_generator_c.dir/rosidl_generator_c/rosidl_generator_c/msg/detail/strings__functions.c.o[0m
[9.988s] [ 57%] [32mBuilding C object CMakeFiles/rosidl_generator_c_interfaces__rosidl_generator_c.dir/rosidl_generator_c/rosidl_generator_c/msg/detail/unbounded_sequences__functions.c.o[0m
[10.056s] [ 61%] [32mBuilding C object CMakeFiles/rosidl_generator_c_interfaces__rosidl_generator_c.dir/rosidl_generator_c/rosidl_generator_c/msg/detail/w_strings__functions.c.o[0m
[10.281s] [ 66%] [32m[1mLinking C shared library librosidl_generator_c_interfaces__rosidl_generator_c.so[0m
[10.355s] [ 66%] Built target rosidl_generator_c_interfaces__rosidl_generator_c
[10.400s] [ 71%] [32mBuilding C object CMakeFiles/test_invalid_initialization_c.dir/test/test_invalid_initialization.c.o[0m
[10.415s] [ 71%] Built target rosidl_generator_c_interfaces
[10.435s] [ 76%] [32mBuilding C object CMakeFiles/test_compilation_c.dir/test/test_compilation.c.o[0m
[10.443s] [ 80%] [32mBuilding C object CMakeFiles/test_interfaces_c.dir/test/test_interfaces.c.o[0m
[10.456s] [ 85%] [32mBuilding C object CMakeFiles/test_compilation_c.dir/test/separate_compilation.c.o[0m
[10.589s] [ 90%] [32m[1mLinking C executable test_invalid_initialization_c[0m
[10.628s] [ 95%] [32m[1mLinking C executable test_compilation_c[0m
[10.692s] [ 95%] Built target test_invalid_initialization_c
[10.779s] [ 95%] Built target test_compilation_c
[10.943s] [100%] [32m[1mLinking C executable test_interfaces_c[0m
[11.031s] [100%] Built target test_interfaces_c
[11.086s] Invoked command in '/workspace/towen/build/rosidl_generator_c' returned '0': AMENT_PREFIX_PATH=/workspace/towen/install/rosidl_cli:/workspace/towen/install/zed_ros2:/workspace/towen/install/zed_wrapper:/workspace/towen/install/zed_components:/workspace/towen/install/vision_opencv:/workspace/towen/install/rosidl_runtime_c:/workspace/towen/install/rosidl_typesupport_interface:/workspace/towen/install/rosidl_generator_cpp:/workspace/towen/install/rosidl_cmake:/workspace/towen/install/rosidl_parser:/workspace/towen/install/rosidl_adapter:/workspace/towen/install/opencv_tests:/workspace/towen/install/strategy:/workspace/towen/install/motionpackage:/workspace/towen/install/imageprocess:/workspace/towen/install/image_geometry:/workspace/towen/install/web_video_server:/workspace/towen/install/cv_bridge:/opt/ros/humble:/opt/ros/humble/install:/opt/ros/humble/install BYOBU_DATE=%Y-%m-%d CMAKE_PREFIX_PATH=/workspace/towen/install/rosidl_cmake:/workspace/towen/install/rosidl_parser:/workspace/towen/install/rosidl_runtime_c:/workspace/towen/install/rosidl_adapter:/workspace/towen/install/rosidl_typesupport_interface:/workspace/towen/install/zed_ros2:/workspace/towen/install/zed_wrapper:/workspace/towen/install/zed_components:/workspace/towen/install/vision_opencv:/workspace/towen/install/rosidl_generator_cpp:/workspace/towen/install/image_geometry:/workspace/towen/install/web_video_server:/workspace/towen/install/cv_bridge:/opt/ros/humble/install:/workspace/towen/install/rosidl_cli:/workspace/towen/install/opencv_tests:/workspace/towen/install/strategy:/workspace/towen/install/motionpackage:/workspace/towen/install/imageprocess:/opt/ros/humble LD_LIBRARY_PATH=/workspace/towen/install/rosidl_runtime_c/lib:/workspace/towen/install/zed_components/lib:/workspace/towen/install/image_geometry/lib:/workspace/towen/install/cv_bridge/lib:/opt/ros/humble/opt/rviz_ogre_vendor/lib:/opt/ros/humble/lib/aarch64-linux-gnu:/opt/ros/humble/lib:/opt/ros/humble/install/opt/rviz_ogre_vendor/lib:/opt/ros/humble/install/lib:/usr/local/cuda/compat:/usr/local/cuda/lib64 PYTHONPATH=/workspace/towen/install/rosidl_cli/lib/python3.10/site-packages:/workspace/towen/install/rosidl_generator_cpp/local/lib/python3.10/dist-packages:/workspace/towen/install/rosidl_cmake/local/lib/python3.10/dist-packages:/workspace/towen/install/rosidl_parser/local/lib/python3.10/dist-packages:/workspace/towen/install/rosidl_adapter/local/lib/python3.10/dist-packages:/workspace/towen/install/opencv_tests/lib/python3.10/site-packages:/workspace/towen/install/strategy/lib/python3.10/site-packages:/workspace/towen/install/motionpackage/lib/python3.10/site-packages:/workspace/towen/install/imageprocess/lib/python3.10/site-packages:/workspace/towen/install/image_geometry/local/lib/python3.10/dist-packages:/workspace/towen/install/cv_bridge/local/lib/python3.10/dist-packages:/opt/ros/humble/lib/python3.10/site-packages:/opt/ros/humble/local/lib/python3.10/dist-packages:/opt/ros/humble/install/local/lib/python3.10/dist-packages:/opt/ros/humble/install/lib/python3.10/site-packages /usr/local/bin/cmake --build /workspace/towen/build/rosidl_generator_c -- -j6 -l6
[11.556s] Invoking command in '/workspace/towen/build/rosidl_generator_c': AMENT_PREFIX_PATH=/workspace/towen/install/rosidl_cli:/workspace/towen/install/zed_ros2:/workspace/towen/install/zed_wrapper:/workspace/towen/install/zed_components:/workspace/towen/install/vision_opencv:/workspace/towen/install/rosidl_runtime_c:/workspace/towen/install/rosidl_typesupport_interface:/workspace/towen/install/rosidl_generator_cpp:/workspace/towen/install/rosidl_cmake:/workspace/towen/install/rosidl_parser:/workspace/towen/install/rosidl_adapter:/workspace/towen/install/opencv_tests:/workspace/towen/install/strategy:/workspace/towen/install/motionpackage:/workspace/towen/install/imageprocess:/workspace/towen/install/image_geometry:/workspace/towen/install/web_video_server:/workspace/towen/install/cv_bridge:/opt/ros/humble:/opt/ros/humble/install:/opt/ros/humble/install BYOBU_DATE=%Y-%m-%d CMAKE_PREFIX_PATH=/workspace/towen/install/rosidl_cmake:/workspace/towen/install/rosidl_parser:/workspace/towen/install/rosidl_runtime_c:/workspace/towen/install/rosidl_adapter:/workspace/towen/install/rosidl_typesupport_interface:/workspace/towen/install/zed_ros2:/workspace/towen/install/zed_wrapper:/workspace/towen/install/zed_components:/workspace/towen/install/vision_opencv:/workspace/towen/install/rosidl_generator_cpp:/workspace/towen/install/image_geometry:/workspace/towen/install/web_video_server:/workspace/towen/install/cv_bridge:/opt/ros/humble/install:/workspace/towen/install/rosidl_cli:/workspace/towen/install/opencv_tests:/workspace/towen/install/strategy:/workspace/towen/install/motionpackage:/workspace/towen/install/imageprocess:/opt/ros/humble LD_LIBRARY_PATH=/workspace/towen/install/rosidl_runtime_c/lib:/workspace/towen/install/zed_components/lib:/workspace/towen/install/image_geometry/lib:/workspace/towen/install/cv_bridge/lib:/opt/ros/humble/opt/rviz_ogre_vendor/lib:/opt/ros/humble/lib/aarch64-linux-gnu:/opt/ros/humble/lib:/opt/ros/humble/install/opt/rviz_ogre_vendor/lib:/opt/ros/humble/install/lib:/usr/local/cuda/compat:/usr/local/cuda/lib64 PYTHONPATH=/workspace/towen/install/rosidl_cli/lib/python3.10/site-packages:/workspace/towen/install/rosidl_generator_cpp/local/lib/python3.10/dist-packages:/workspace/towen/install/rosidl_cmake/local/lib/python3.10/dist-packages:/workspace/towen/install/rosidl_parser/local/lib/python3.10/dist-packages:/workspace/towen/install/rosidl_adapter/local/lib/python3.10/dist-packages:/workspace/towen/install/opencv_tests/lib/python3.10/site-packages:/workspace/towen/install/strategy/lib/python3.10/site-packages:/workspace/towen/install/motionpackage/lib/python3.10/site-packages:/workspace/towen/install/imageprocess/lib/python3.10/site-packages:/workspace/towen/install/image_geometry/local/lib/python3.10/dist-packages:/workspace/towen/install/cv_bridge/local/lib/python3.10/dist-packages:/opt/ros/humble/lib/python3.10/site-packages:/opt/ros/humble/local/lib/python3.10/dist-packages:/opt/ros/humble/install/local/lib/python3.10/dist-packages:/opt/ros/humble/install/lib/python3.10/site-packages /usr/local/bin/cmake --install /workspace/towen/build/rosidl_generator_c
[11.768s] -- Install configuration: ""
[11.770s] -- Installing: /workspace/towen/install/rosidl_generator_c/share/ament_index/resource_index/rosidl_generator_packages/rosidl_generator_c
[11.771s] -- Installing: /workspace/towen/install/rosidl_generator_c/share/rosidl_generator_c/environment/pythonpath.sh
[11.773s] -- Installing: /workspace/towen/install/rosidl_generator_c/share/rosidl_generator_c/environment/pythonpath.dsv
[11.774s] -- Installing: /workspace/towen/install/rosidl_generator_c/local/lib/python3.10/dist-packages/rosidl_generator_c-3.1.7-py3.10.egg-info
[11.775s] -- Installing: /workspace/towen/install/rosidl_generator_c/local/lib/python3.10/dist-packages/rosidl_generator_c-3.1.7-py3.10.egg-info/PKG-INFO
[11.776s] -- Installing: /workspace/towen/install/rosidl_generator_c/local/lib/python3.10/dist-packages/rosidl_generator_c-3.1.7-py3.10.egg-info/entry_points.txt
[11.777s] -- Installing: /workspace/towen/install/rosidl_generator_c/local/lib/python3.10/dist-packages/rosidl_generator_c-3.1.7-py3.10.egg-info/top_level.txt
[11.778s] -- Installing: /workspace/towen/install/rosidl_generator_c/local/lib/python3.10/dist-packages/rosidl_generator_c-3.1.7-py3.10.egg-info/SOURCES.txt
[11.779s] -- Installing: /workspace/towen/install/rosidl_generator_c/local/lib/python3.10/dist-packages/rosidl_generator_c-3.1.7-py3.10.egg-info/dependency_links.txt
[11.781s] -- Installing: /workspace/towen/install/rosidl_generator_c/local/lib/python3.10/dist-packages/rosidl_generator_c
[11.782s] -- Installing: /workspace/towen/install/rosidl_generator_c/local/lib/python3.10/dist-packages/rosidl_generator_c/__init__.py
[11.783s] -- Installing: /workspace/towen/install/rosidl_generator_c/local/lib/python3.10/dist-packages/rosidl_generator_c/cli.py
[11.875s] Listing '/workspace/towen/install/rosidl_generator_c/local/lib/python3.10/dist-packages/rosidl_generator_c'...
[11.875s] Compiling '/workspace/towen/install/rosidl_generator_c/local/lib/python3.10/dist-packages/rosidl_generator_c/__init__.py'...
[11.880s] Compiling '/workspace/towen/install/rosidl_generator_c/local/lib/python3.10/dist-packages/rosidl_generator_c/cli.py'...
[11.899s] -- Installing: /workspace/towen/install/rosidl_generator_c/share/ament_index/resource_index/package_run_dependencies/rosidl_generator_c
[11.900s] -- Installing: /workspace/towen/install/rosidl_generator_c/share/ament_index/resource_index/parent_prefix_path/rosidl_generator_c
[11.900s] -- Installing: /workspace/towen/install/rosidl_generator_c/share/rosidl_generator_c/environment/ament_prefix_path.sh
[11.900s] -- Installing: /workspace/towen/install/rosidl_generator_c/share/rosidl_generator_c/environment/ament_prefix_path.dsv
[11.900s] -- Installing: /workspace/towen/install/rosidl_generator_c/share/rosidl_generator_c/environment/path.sh
[11.901s] -- Installing: /workspace/towen/install/rosidl_generator_c/share/rosidl_generator_c/environment/path.dsv
[11.901s] -- Installing: /workspace/towen/install/rosidl_generator_c/share/rosidl_generator_c/local_setup.bash
[11.902s] -- Installing: /workspace/towen/install/rosidl_generator_c/share/rosidl_generator_c/local_setup.sh
[11.902s] -- Installing: /workspace/towen/install/rosidl_generator_c/share/rosidl_generator_c/local_setup.zsh
[11.902s] -- Installing: /workspace/towen/install/rosidl_generator_c/share/rosidl_generator_c/local_setup.dsv
[11.902s] -- Installing: /workspace/towen/install/rosidl_generator_c/share/rosidl_generator_c/package.dsv
[11.903s] -- Installing: /workspace/towen/install/rosidl_generator_c/share/ament_index/resource_index/packages/rosidl_generator_c
[11.903s] -- Installing: /workspace/towen/install/rosidl_generator_c/share/rosidl_generator_c/cmake/rosidl_generator_c-extras.cmake
[11.904s] -- Installing: /workspace/towen/install/rosidl_generator_c/share/rosidl_generator_c/cmake/ament_cmake_export_dependencies-extras.cmake
[11.904s] -- Installing: /workspace/towen/install/rosidl_generator_c/share/rosidl_generator_c/cmake/rosidl_cmake-extras.cmake
[11.905s] -- Installing: /workspace/towen/install/rosidl_generator_c/share/rosidl_generator_c/cmake/rosidl_generator_cConfig.cmake
[11.905s] -- Installing: /workspace/towen/install/rosidl_generator_c/share/rosidl_generator_c/cmake/rosidl_generator_cConfig-version.cmake
[11.906s] -- Installing: /workspace/towen/install/rosidl_generator_c/share/rosidl_generator_c/package.xml
[11.906s] -- Installing: /workspace/towen/install/rosidl_generator_c/lib/rosidl_generator_c/rosidl_generator_c
[11.906s] -- Up-to-date: /workspace/towen/install/rosidl_generator_c/share/rosidl_generator_c/cmake
[11.907s] -- Installing: /workspace/towen/install/rosidl_generator_c/share/rosidl_generator_c/cmake/register_c.cmake
[11.908s] -- Installing: /workspace/towen/install/rosidl_generator_c/share/rosidl_generator_c/cmake/rosidl_generator_c_generate_interfaces.cmake
[11.909s] -- Installing: /workspace/towen/install/rosidl_generator_c/share/rosidl_generator_c/resource
[11.909s] -- Installing: /workspace/towen/install/rosidl_generator_c/share/rosidl_generator_c/resource/msg__struct.h.em
[11.910s] -- Installing: /workspace/towen/install/rosidl_generator_c/share/rosidl_generator_c/resource/idl__struct.h.em
[11.910s] -- Installing: /workspace/towen/install/rosidl_generator_c/share/rosidl_generator_c/resource/msg__functions.c.em
[11.910s] -- Installing: /workspace/towen/install/rosidl_generator_c/share/rosidl_generator_c/resource/srv__type_support.h.em
[11.911s] -- Installing: /workspace/towen/install/rosidl_generator_c/share/rosidl_generator_c/resource/idl__functions.c.em
[11.911s] -- Installing: /workspace/towen/install/rosidl_generator_c/share/rosidl_generator_c/resource/msg__functions.h.em
[11.912s] -- Installing: /workspace/towen/install/rosidl_generator_c/share/rosidl_generator_c/resource/idl__functions.h.em
[11.912s] -- Installing: /workspace/towen/install/rosidl_generator_c/share/rosidl_generator_c/resource/rosidl_generator_c__visibility_control.h.in
[11.913s] -- Installing: /workspace/towen/install/rosidl_generator_c/share/rosidl_generator_c/resource/msg__type_support.h.em
[11.913s] -- Installing: /workspace/towen/install/rosidl_generator_c/share/rosidl_generator_c/resource/idl.h.em
[11.913s] -- Installing: /workspace/towen/install/rosidl_generator_c/share/rosidl_generator_c/resource/idl__type_support.h.em
[11.913s] -- Installing: /workspace/towen/install/rosidl_generator_c/share/rosidl_generator_c/resource/action__type_support.h.em
[11.972s] Invoked command in '/workspace/towen/build/rosidl_generator_c' returned '0': AMENT_PREFIX_PATH=/workspace/towen/install/rosidl_cli:/workspace/towen/install/zed_ros2:/workspace/towen/install/zed_wrapper:/workspace/towen/install/zed_components:/workspace/towen/install/vision_opencv:/workspace/towen/install/rosidl_runtime_c:/workspace/towen/install/rosidl_typesupport_interface:/workspace/towen/install/rosidl_generator_cpp:/workspace/towen/install/rosidl_cmake:/workspace/towen/install/rosidl_parser:/workspace/towen/install/rosidl_adapter:/workspace/towen/install/opencv_tests:/workspace/towen/install/strategy:/workspace/towen/install/motionpackage:/workspace/towen/install/imageprocess:/workspace/towen/install/image_geometry:/workspace/towen/install/web_video_server:/workspace/towen/install/cv_bridge:/opt/ros/humble:/opt/ros/humble/install:/opt/ros/humble/install BYOBU_DATE=%Y-%m-%d CMAKE_PREFIX_PATH=/workspace/towen/install/rosidl_cmake:/workspace/towen/install/rosidl_parser:/workspace/towen/install/rosidl_runtime_c:/workspace/towen/install/rosidl_adapter:/workspace/towen/install/rosidl_typesupport_interface:/workspace/towen/install/zed_ros2:/workspace/towen/install/zed_wrapper:/workspace/towen/install/zed_components:/workspace/towen/install/vision_opencv:/workspace/towen/install/rosidl_generator_cpp:/workspace/towen/install/image_geometry:/workspace/towen/install/web_video_server:/workspace/towen/install/cv_bridge:/opt/ros/humble/install:/workspace/towen/install/rosidl_cli:/workspace/towen/install/opencv_tests:/workspace/towen/install/strategy:/workspace/towen/install/motionpackage:/workspace/towen/install/imageprocess:/opt/ros/humble LD_LIBRARY_PATH=/workspace/towen/install/rosidl_runtime_c/lib:/workspace/towen/install/zed_components/lib:/workspace/towen/install/image_geometry/lib:/workspace/towen/install/cv_bridge/lib:/opt/ros/humble/opt/rviz_ogre_vendor/lib:/opt/ros/humble/lib/aarch64-linux-gnu:/opt/ros/humble/lib:/opt/ros/humble/install/opt/rviz_ogre_vendor/lib:/opt/ros/humble/install/lib:/usr/local/cuda/compat:/usr/local/cuda/lib64 PYTHONPATH=/workspace/towen/install/rosidl_cli/lib/python3.10/site-packages:/workspace/towen/install/rosidl_generator_cpp/local/lib/python3.10/dist-packages:/workspace/towen/install/rosidl_cmake/local/lib/python3.10/dist-packages:/workspace/towen/install/rosidl_parser/local/lib/python3.10/dist-packages:/workspace/towen/install/rosidl_adapter/local/lib/python3.10/dist-packages:/workspace/towen/install/opencv_tests/lib/python3.10/site-packages:/workspace/towen/install/strategy/lib/python3.10/site-packages:/workspace/towen/install/motionpackage/lib/python3.10/site-packages:/workspace/towen/install/imageprocess/lib/python3.10/site-packages:/workspace/towen/install/image_geometry/local/lib/python3.10/dist-packages:/workspace/towen/install/cv_bridge/local/lib/python3.10/dist-packages:/opt/ros/humble/lib/python3.10/site-packages:/opt/ros/humble/local/lib/python3.10/dist-packages:/opt/ros/humble/install/local/lib/python3.10/dist-packages:/opt/ros/humble/install/lib/python3.10/site-packages /usr/local/bin/cmake --install /workspace/towen/build/rosidl_generator_c
