[7.470s] Invoking command in '/workspace/towen/src/strategy': BYOBU_DATE=%Y-%m-%d PYTHONPATH=/workspace/towen/build/strategy/prefix_override:/usr/lib/python3/dist-packages/colcon_core/task/python/colcon_distutils_commands:/workspace/towen/install/strategy/lib/python3.10/site-packages:${PYTHONPATH} /usr/bin/python3 -W ignore:setup.py install is deprecated setup.py egg_info --egg-base ../../build/strategy build --build-base /workspace/towen/build/strategy/build install --record /workspace/towen/build/strategy/install.log --single-version-externally-managed install_data
[8.541s] /home/work/.local/lib/python3.10/site-packages/setuptools/_distutils/dist.py:289: UserWarning: Unknown distribution option: 'tests_require'
[8.541s]   warnings.warn(msg)
[8.985s] running egg_info
[9.042s] writing ../../build/strategy/strategy.egg-info/PKG-INFO
[9.046s] writing dependency_links to ../../build/strategy/strategy.egg-info/dependency_links.txt
[9.051s] writing entry points to ../../build/strategy/strategy.egg-info/entry_points.txt
[9.057s] writing requirements to ../../build/strategy/strategy.egg-info/requires.txt
[9.059s] writing top-level names to ../../build/strategy/strategy.egg-info/top_level.txt
[9.223s] reading manifest file '../../build/strategy/strategy.egg-info/SOURCES.txt'
[9.226s] adding license file 'LICENSE'
[9.233s] writing manifest file '../../build/strategy/strategy.egg-info/SOURCES.txt'
[9.233s] running build
[9.234s] running build_py
[9.237s] copying strategy/__init__.py -> /workspace/towen/build/strategy/build/lib/strategy
[9.239s] copying strategy/API.py -> /workspace/towen/build/strategy/build/lib/strategy
[9.240s] copying strategy/mar/__init__.py -> /workspace/towen/build/strategy/build/lib/strategy/mar
[9.240s] copying strategy/mar/mar.py -> /workspace/towen/build/strategy/build/lib/strategy/mar
[9.241s] copying strategy/wl/wl.py -> /workspace/towen/build/strategy/build/lib/strategy/wl
[9.242s] copying strategy/wl/__init__.py -> /workspace/towen/build/strategy/build/lib/strategy/wl
[9.242s] copying strategy/sp/sp.py -> /workspace/towen/build/strategy/build/lib/strategy/sp
[9.243s] copying strategy/sp/__init__.py -> /workspace/towen/build/strategy/build/lib/strategy/sp
[9.243s] copying strategy/obs/__init__.py -> /workspace/towen/build/strategy/build/lib/strategy/obs
[9.246s] copying strategy/obs/obs.py -> /workspace/towen/build/strategy/build/lib/strategy/obs
[9.246s] copying strategy/sr/__init__.py -> /workspace/towen/build/strategy/build/lib/strategy/sr
[9.246s] copying strategy/sr/sr.py -> /workspace/towen/build/strategy/build/lib/strategy/sr
[9.246s] copying strategy/bb/__init__.py -> /workspace/towen/build/strategy/build/lib/strategy/bb
[9.247s] copying strategy/bb/bb.py -> /workspace/towen/build/strategy/build/lib/strategy/bb
[9.248s] copying strategy/ar/__init__.py -> /workspace/towen/build/strategy/build/lib/strategy/ar
[9.248s] copying strategy/ar/ar.py -> /workspace/towen/build/strategy/build/lib/strategy/ar
[9.250s] running install
[9.274s] running install_lib
[9.347s] running install_data
[9.347s] copying resource/strategy -> /workspace/towen/install/strategy/share/ament_index/resource_index/packages
[9.349s] copying package.xml -> /workspace/towen/install/strategy/share/strategy
[9.350s] running install_egg_info
[9.436s] removing '/workspace/towen/install/strategy/lib/python3.10/site-packages/strategy-0.0.0-py3.10.egg-info' (and everything under it)
[9.438s] Copying ../../build/strategy/strategy.egg-info to /workspace/towen/install/strategy/lib/python3.10/site-packages/strategy-0.0.0-py3.10.egg-info
[9.438s] running install_scripts
[9.560s] Installing ar script to /workspace/towen/install/strategy/lib/strategy
[9.561s] Installing bb script to /workspace/towen/install/strategy/lib/strategy
[9.561s] Installing mar script to /workspace/towen/install/strategy/lib/strategy
[9.561s] Installing obs script to /workspace/towen/install/strategy/lib/strategy
[9.562s] Installing sp script to /workspace/towen/install/strategy/lib/strategy
[9.572s] Installing sr script to /workspace/towen/install/strategy/lib/strategy
[9.574s] Installing wl script to /workspace/towen/install/strategy/lib/strategy
[9.579s] writing list of installed files to '/workspace/towen/build/strategy/install.log'
[9.746s] Invoked command in '/workspace/towen/src/strategy' returned '0': BYOBU_DATE=%Y-%m-%d PYTHONPATH=/workspace/towen/build/strategy/prefix_override:/usr/lib/python3/dist-packages/colcon_core/task/python/colcon_distutils_commands:/workspace/towen/install/strategy/lib/python3.10/site-packages:${PYTHONPATH} /usr/bin/python3 -W ignore:setup.py install is deprecated setup.py egg_info --egg-base ../../build/strategy build --build-base /workspace/towen/build/strategy/build install --record /workspace/towen/build/strategy/install.log --single-version-externally-managed install_data
