[0.206s] Invoking command in '/workspace/towen/build/rosidl_runtime_c': BYOBU_DATE=%Y-%m-%d CMAKE_PREFIX_PATH=/workspace/towen/install/rosidl_typesupport_interface:/workspace/towen/install/zed_ros2:/workspace/towen/install/zed_wrapper:/workspace/towen/install/zed_components:/workspace/towen/install/webrtc_ros_msgs:/workspace/towen/install/web_video_server:/workspace/towen/install/vision_opencv:/workspace/towen/install/usb_cam:/workspace/towen/install/tku_msgs:/workspace/towen/install/rosidl_typesupport_introspection_tests:/workspace/towen/install/rosidl_typesupport_introspection_cpp:/workspace/towen/install/rosidl_typesupport_introspection_c:/workspace/towen/install/rosidl_generator_cpp:/workspace/towen/install/rosidl_runtime_cpp:/workspace/towen/install/rosidl_runtime_c:/workspace/towen/install/rosidl_generator_c:/workspace/towen/install/rosidl_cmake:/workspace/towen/install/rosidl_parser:/workspace/towen/install/rosidl_adapter:/workspace/towen/install/image_geometry:/workspace/towen/install/cv_bridge:/opt/ros/humble/install:/workspace/towen/install/strategy:/workspace/towen/install/rosidl_cli:/workspace/towen/install/opencv_tests:/workspace/towen/install/motionpackage:/workspace/towen/install/imageprocess:/opt/ros/humble /usr/local/bin/cmake --build /workspace/towen/build/rosidl_runtime_c -- -j6 -l6
[0.852s] [ 28%] Built target rosidl_runtime_c
[0.940s] [ 36%] Built target gtest
[1.038s] [ 44%] Built target benchmark_string_conversion
[1.175s] [ 52%] Built target gtest_main
[1.317s] [ 60%] Built target test_message_type_support
[1.476s] [ 68%] Built target test_u16string_functions
[1.535s] [ 76%] Built target test_string_functions
[1.589s] [ 84%] Built target test_service_type_support
[1.659s] [ 92%] Built target test_sequence_bound
[1.705s] [100%] Built target test_primitives_sequence_functions
[1.983s] Invoked command in '/workspace/towen/build/rosidl_runtime_c' returned '0': BYOBU_DATE=%Y-%m-%d CMAKE_PREFIX_PATH=/workspace/towen/install/rosidl_typesupport_interface:/workspace/towen/install/zed_ros2:/workspace/towen/install/zed_wrapper:/workspace/towen/install/zed_components:/workspace/towen/install/webrtc_ros_msgs:/workspace/towen/install/web_video_server:/workspace/towen/install/vision_opencv:/workspace/towen/install/usb_cam:/workspace/towen/install/tku_msgs:/workspace/towen/install/rosidl_typesupport_introspection_tests:/workspace/towen/install/rosidl_typesupport_introspection_cpp:/workspace/towen/install/rosidl_typesupport_introspection_c:/workspace/towen/install/rosidl_generator_cpp:/workspace/towen/install/rosidl_runtime_cpp:/workspace/towen/install/rosidl_runtime_c:/workspace/towen/install/rosidl_generator_c:/workspace/towen/install/rosidl_cmake:/workspace/towen/install/rosidl_parser:/workspace/towen/install/rosidl_adapter:/workspace/towen/install/image_geometry:/workspace/towen/install/cv_bridge:/opt/ros/humble/install:/workspace/towen/install/strategy:/workspace/towen/install/rosidl_cli:/workspace/towen/install/opencv_tests:/workspace/towen/install/motionpackage:/workspace/towen/install/imageprocess:/opt/ros/humble /usr/local/bin/cmake --build /workspace/towen/build/rosidl_runtime_c -- -j6 -l6
[3.580s] Invoking command in '/workspace/towen/build/rosidl_runtime_c': BYOBU_DATE=%Y-%m-%d CMAKE_PREFIX_PATH=/workspace/towen/install/rosidl_typesupport_interface:/workspace/towen/install/zed_ros2:/workspace/towen/install/zed_wrapper:/workspace/towen/install/zed_components:/workspace/towen/install/webrtc_ros_msgs:/workspace/towen/install/web_video_server:/workspace/towen/install/vision_opencv:/workspace/towen/install/usb_cam:/workspace/towen/install/tku_msgs:/workspace/towen/install/rosidl_typesupport_introspection_tests:/workspace/towen/install/rosidl_typesupport_introspection_cpp:/workspace/towen/install/rosidl_typesupport_introspection_c:/workspace/towen/install/rosidl_generator_cpp:/workspace/towen/install/rosidl_runtime_cpp:/workspace/towen/install/rosidl_runtime_c:/workspace/towen/install/rosidl_generator_c:/workspace/towen/install/rosidl_cmake:/workspace/towen/install/rosidl_parser:/workspace/towen/install/rosidl_adapter:/workspace/towen/install/image_geometry:/workspace/towen/install/cv_bridge:/opt/ros/humble/install:/workspace/towen/install/strategy:/workspace/towen/install/rosidl_cli:/workspace/towen/install/opencv_tests:/workspace/towen/install/motionpackage:/workspace/towen/install/imageprocess:/opt/ros/humble /usr/local/bin/cmake --install /workspace/towen/build/rosidl_runtime_c
[3.877s] -- Install configuration: ""
[3.889s] -- Execute custom install script
[3.890s] -- Up-to-date symlink: /workspace/towen/install/rosidl_runtime_c/share/rosidl_runtime_c/environment/library_path.sh
[3.891s] -- Up-to-date symlink: /workspace/towen/install/rosidl_runtime_c/share/rosidl_runtime_c/environment/library_path.dsv
[3.893s] -- Up-to-date symlink: /workspace/towen/install/rosidl_runtime_c/share/ament_index/resource_index/rosidl_runtime_packages/rosidl_runtime_c
[3.895s] -- Up-to-date symlink: /workspace/towen/install/rosidl_runtime_c/include/rosidl_runtime_c/rosidl_runtime_c/action_type_support_struct.h
[3.897s] -- Up-to-date symlink: /workspace/towen/install/rosidl_runtime_c/include/rosidl_runtime_c/rosidl_runtime_c/message_initialization.h
[3.897s] -- Up-to-date symlink: /workspace/towen/install/rosidl_runtime_c/include/rosidl_runtime_c/rosidl_runtime_c/message_type_support_struct.h
[3.898s] -- Up-to-date symlink: /workspace/towen/install/rosidl_runtime_c/include/rosidl_runtime_c/rosidl_runtime_c/primitives_sequence.h
[3.898s] -- Up-to-date symlink: /workspace/towen/install/rosidl_runtime_c/include/rosidl_runtime_c/rosidl_runtime_c/primitives_sequence_functions.h
[3.898s] -- Up-to-date symlink: /workspace/towen/install/rosidl_runtime_c/include/rosidl_runtime_c/rosidl_runtime_c/sequence_bound.h
[3.899s] -- Up-to-date symlink: /workspace/towen/install/rosidl_runtime_c/include/rosidl_runtime_c/rosidl_runtime_c/service_type_support_struct.h
[3.899s] -- Up-to-date symlink: /workspace/towen/install/rosidl_runtime_c/include/rosidl_runtime_c/rosidl_runtime_c/string.h
[3.899s] -- Up-to-date symlink: /workspace/towen/install/rosidl_runtime_c/include/rosidl_runtime_c/rosidl_runtime_c/string_bound.h
[3.899s] -- Up-to-date symlink: /workspace/towen/install/rosidl_runtime_c/include/rosidl_runtime_c/rosidl_runtime_c/string_functions.h
[3.901s] -- Up-to-date symlink: /workspace/towen/install/rosidl_runtime_c/include/rosidl_runtime_c/rosidl_runtime_c/u16string.h
[3.919s] -- Up-to-date symlink: /workspace/towen/install/rosidl_runtime_c/include/rosidl_runtime_c/rosidl_runtime_c/u16string_functions.h
[3.921s] -- Up-to-date symlink: /workspace/towen/install/rosidl_runtime_c/include/rosidl_runtime_c/rosidl_runtime_c/visibility_control.h
[3.922s] -- Up-to-date symlink: /workspace/towen/install/rosidl_runtime_c/share/ament_index/resource_index/package_run_dependencies/rosidl_runtime_c
[3.923s] -- Up-to-date symlink: /workspace/towen/install/rosidl_runtime_c/share/ament_index/resource_index/parent_prefix_path/rosidl_runtime_c
[3.926s] -- Up-to-date symlink: /workspace/towen/install/rosidl_runtime_c/share/rosidl_runtime_c/environment/ament_prefix_path.sh
[3.934s] -- Up-to-date symlink: /workspace/towen/install/rosidl_runtime_c/share/rosidl_runtime_c/environment/ament_prefix_path.dsv
[3.937s] -- Up-to-date symlink: /workspace/towen/install/rosidl_runtime_c/share/rosidl_runtime_c/environment/path.sh
[3.941s] -- Up-to-date symlink: /workspace/towen/install/rosidl_runtime_c/share/rosidl_runtime_c/environment/path.dsv
[3.945s] -- Up-to-date symlink: /workspace/towen/install/rosidl_runtime_c/share/rosidl_runtime_c/local_setup.bash
[3.954s] -- Up-to-date symlink: /workspace/towen/install/rosidl_runtime_c/share/rosidl_runtime_c/local_setup.sh
[3.959s] -- Up-to-date symlink: /workspace/towen/install/rosidl_runtime_c/share/rosidl_runtime_c/local_setup.zsh
[3.964s] -- Up-to-date symlink: /workspace/towen/install/rosidl_runtime_c/share/rosidl_runtime_c/local_setup.dsv
[3.968s] -- Symlinking: /workspace/towen/install/rosidl_runtime_c/share/rosidl_runtime_c/package.dsv
[4.040s] -- Up-to-date symlink: /workspace/towen/install/rosidl_runtime_c/share/ament_index/resource_index/packages/rosidl_runtime_c
[4.043s] -- Up-to-date symlink: /workspace/towen/install/rosidl_runtime_c/share/rosidl_runtime_c/cmake/ament_cmake_export_dependencies-extras.cmake
[4.045s] -- Up-to-date symlink: /workspace/towen/install/rosidl_runtime_c/share/rosidl_runtime_c/cmake/ament_cmake_export_include_directories-extras.cmake
[4.049s] -- Up-to-date symlink: /workspace/towen/install/rosidl_runtime_c/share/rosidl_runtime_c/cmake/ament_cmake_export_libraries-extras.cmake
[4.051s] -- Up-to-date symlink: /workspace/towen/install/rosidl_runtime_c/share/rosidl_runtime_c/cmake/ament_cmake_export_targets-extras.cmake
[4.054s] -- Up-to-date symlink: /workspace/towen/install/rosidl_runtime_c/share/rosidl_runtime_c/cmake/rosidl_runtime_cConfig.cmake
[4.057s] -- Up-to-date symlink: /workspace/towen/install/rosidl_runtime_c/share/rosidl_runtime_c/cmake/rosidl_runtime_cConfig-version.cmake
[4.060s] -- Up-to-date symlink: /workspace/towen/install/rosidl_runtime_c/share/rosidl_runtime_c/package.xml
[4.065s] -- Up-to-date: /workspace/towen/install/rosidl_runtime_c/lib/librosidl_runtime_c.so
[4.072s] -- Up-to-date: /workspace/towen/install/rosidl_runtime_c/share/rosidl_runtime_c/cmake/rosidl_runtime_cExport.cmake
[4.077s] -- Up-to-date: /workspace/towen/install/rosidl_runtime_c/share/rosidl_runtime_c/cmake/rosidl_runtime_cExport-noconfig.cmake
[4.236s] Invoked command in '/workspace/towen/build/rosidl_runtime_c' returned '0': BYOBU_DATE=%Y-%m-%d CMAKE_PREFIX_PATH=/workspace/towen/install/rosidl_typesupport_interface:/workspace/towen/install/zed_ros2:/workspace/towen/install/zed_wrapper:/workspace/towen/install/zed_components:/workspace/towen/install/webrtc_ros_msgs:/workspace/towen/install/web_video_server:/workspace/towen/install/vision_opencv:/workspace/towen/install/usb_cam:/workspace/towen/install/tku_msgs:/workspace/towen/install/rosidl_typesupport_introspection_tests:/workspace/towen/install/rosidl_typesupport_introspection_cpp:/workspace/towen/install/rosidl_typesupport_introspection_c:/workspace/towen/install/rosidl_generator_cpp:/workspace/towen/install/rosidl_runtime_cpp:/workspace/towen/install/rosidl_runtime_c:/workspace/towen/install/rosidl_generator_c:/workspace/towen/install/rosidl_cmake:/workspace/towen/install/rosidl_parser:/workspace/towen/install/rosidl_adapter:/workspace/towen/install/image_geometry:/workspace/towen/install/cv_bridge:/opt/ros/humble/install:/workspace/towen/install/strategy:/workspace/towen/install/rosidl_cli:/workspace/towen/install/opencv_tests:/workspace/towen/install/motionpackage:/workspace/towen/install/imageprocess:/opt/ros/humble /usr/local/bin/cmake --install /workspace/towen/build/rosidl_runtime_c
