-- The C compiler identification is GNU 11.4.0
-- The CXX compiler identification is GNU 11.4.0
-- Detecting C compiler ABI info
-- Detecting C compiler ABI info - done
-- Check for working C compiler: /usr/bin/cc - skipped
-- Detecting C compile features
-- Detecting C compile features - done
-- Detecting CXX compiler ABI info
-- Detecting CXX compiler ABI info - done
-- Check for working CXX compiler: /usr/bin/c++ - skipped
-- Detecting CXX compile features
-- Detecting CXX compile features - done
-- Found ament_cmake: 1.3.10 (/opt/ros/humble/install/share/ament_cmake/cmake)
-- Found Python3: /usr/local/bin/python3 (found version "3.10.12") found components: Interpreter
-- Configuring done (2.0s)
-- Generating done (0.0s)
-- Build files have been written to: /workspace/towen/build/vision_opencv
-- Install configuration: ""
-- Installing: /workspace/towen/install/vision_opencv/share/ament_index/resource_index/package_run_dependencies/vision_opencv
-- Installing: /workspace/towen/install/vision_opencv/share/ament_index/resource_index/parent_prefix_path/vision_opencv
-- Installing: /workspace/towen/install/vision_opencv/share/vision_opencv/environment/ament_prefix_path.sh
-- Installing: /workspace/towen/install/vision_opencv/share/vision_opencv/environment/ament_prefix_path.dsv
-- Installing: /workspace/towen/install/vision_opencv/share/vision_opencv/environment/path.sh
-- Installing: /workspace/towen/install/vision_opencv/share/vision_opencv/environment/path.dsv
-- Installing: /workspace/towen/install/vision_opencv/share/vision_opencv/local_setup.bash
-- Installing: /workspace/towen/install/vision_opencv/share/vision_opencv/local_setup.sh
-- Installing: /workspace/towen/install/vision_opencv/share/vision_opencv/local_setup.zsh
-- Installing: /workspace/towen/install/vision_opencv/share/vision_opencv/local_setup.dsv
-- Installing: /workspace/towen/install/vision_opencv/share/vision_opencv/package.dsv
-- Installing: /workspace/towen/install/vision_opencv/share/ament_index/resource_index/packages/vision_opencv
-- Installing: /workspace/towen/install/vision_opencv/share/vision_opencv/cmake/vision_opencvConfig.cmake
-- Installing: /workspace/towen/install/vision_opencv/share/vision_opencv/cmake/vision_opencvConfig-version.cmake
-- Installing: /workspace/towen/install/vision_opencv/share/vision_opencv/package.xml
