[0.105s] Invoking command in '/workspace/towen/build/vision_opencv': BYOBU_DATE=%Y-%m-%d CMAKE_PREFIX_PATH=/workspace/towen/install/image_geometry:/workspace/towen/install/cv_bridge:/workspace/towen/install/web_video_server:/opt/ros/humble/install:/workspace/towen/install/strategy:/workspace/towen/install/motionpackage:/workspace/towen/install/imageprocess:/opt/ros/humble LD_LIBRARY_PATH=/workspace/towen/install/image_geometry/lib:/workspace/towen/install/cv_bridge/lib:/opt/ros/humble/opt/rviz_ogre_vendor/lib:/opt/ros/humble/lib/aarch64-linux-gnu:/opt/ros/humble/lib:/opt/ros/humble/install/opt/rviz_ogre_vendor/lib:/opt/ros/humble/install/lib:/usr/local/cuda/compat:/usr/local/cuda/lib64 /usr/local/bin/cmake /workspace/towen/src/vision_opencv/vision_opencv -DCMAKE_INSTALL_PREFIX=/workspace/towen/install/vision_opencv
[0.572s] -- The C compiler identification is GNU 11.4.0
[0.737s] -- The CXX compiler identification is GNU 11.4.0
[0.789s] -- Detecting C compiler ABI info
[1.126s] -- Detecting C compiler ABI info - done
[1.188s] -- Check for working C compiler: /usr/bin/cc - skipped
[1.189s] -- Detecting C compile features
[1.191s] -- Detecting C compile features - done
[1.210s] -- Detecting CXX compiler ABI info
[1.453s] -- Detecting CXX compiler ABI info - done
[1.510s] -- Check for working CXX compiler: /usr/bin/c++ - skipped
[1.516s] -- Detecting CXX compile features
[1.516s] -- Detecting CXX compile features - done
[1.526s] -- Found ament_cmake: 1.3.10 (/opt/ros/humble/install/share/ament_cmake/cmake)
[2.018s] -- Found Python3: /usr/local/bin/python3 (found version "3.10.12") found components: Interpreter
[2.438s] -- Configuring done (2.0s)
[2.448s] -- Generating done (0.0s)
[2.449s] -- Build files have been written to: /workspace/towen/build/vision_opencv
[2.508s] Invoked command in '/workspace/towen/build/vision_opencv' returned '0': BYOBU_DATE=%Y-%m-%d CMAKE_PREFIX_PATH=/workspace/towen/install/image_geometry:/workspace/towen/install/cv_bridge:/workspace/towen/install/web_video_server:/opt/ros/humble/install:/workspace/towen/install/strategy:/workspace/towen/install/motionpackage:/workspace/towen/install/imageprocess:/opt/ros/humble LD_LIBRARY_PATH=/workspace/towen/install/image_geometry/lib:/workspace/towen/install/cv_bridge/lib:/opt/ros/humble/opt/rviz_ogre_vendor/lib:/opt/ros/humble/lib/aarch64-linux-gnu:/opt/ros/humble/lib:/opt/ros/humble/install/opt/rviz_ogre_vendor/lib:/opt/ros/humble/install/lib:/usr/local/cuda/compat:/usr/local/cuda/lib64 /usr/local/bin/cmake /workspace/towen/src/vision_opencv/vision_opencv -DCMAKE_INSTALL_PREFIX=/workspace/towen/install/vision_opencv
[2.510s] Invoking command in '/workspace/towen/build/vision_opencv': BYOBU_DATE=%Y-%m-%d CMAKE_PREFIX_PATH=/workspace/towen/install/image_geometry:/workspace/towen/install/cv_bridge:/workspace/towen/install/web_video_server:/opt/ros/humble/install:/workspace/towen/install/strategy:/workspace/towen/install/motionpackage:/workspace/towen/install/imageprocess:/opt/ros/humble LD_LIBRARY_PATH=/workspace/towen/install/image_geometry/lib:/workspace/towen/install/cv_bridge/lib:/opt/ros/humble/opt/rviz_ogre_vendor/lib:/opt/ros/humble/lib/aarch64-linux-gnu:/opt/ros/humble/lib:/opt/ros/humble/install/opt/rviz_ogre_vendor/lib:/opt/ros/humble/install/lib:/usr/local/cuda/compat:/usr/local/cuda/lib64 /usr/local/bin/cmake --build /workspace/towen/build/vision_opencv -- -j6 -l6
[2.766s] Invoked command in '/workspace/towen/build/vision_opencv' returned '0': BYOBU_DATE=%Y-%m-%d CMAKE_PREFIX_PATH=/workspace/towen/install/image_geometry:/workspace/towen/install/cv_bridge:/workspace/towen/install/web_video_server:/opt/ros/humble/install:/workspace/towen/install/strategy:/workspace/towen/install/motionpackage:/workspace/towen/install/imageprocess:/opt/ros/humble LD_LIBRARY_PATH=/workspace/towen/install/image_geometry/lib:/workspace/towen/install/cv_bridge/lib:/opt/ros/humble/opt/rviz_ogre_vendor/lib:/opt/ros/humble/lib/aarch64-linux-gnu:/opt/ros/humble/lib:/opt/ros/humble/install/opt/rviz_ogre_vendor/lib:/opt/ros/humble/install/lib:/usr/local/cuda/compat:/usr/local/cuda/lib64 /usr/local/bin/cmake --build /workspace/towen/build/vision_opencv -- -j6 -l6
[3.115s] Invoking command in '/workspace/towen/build/vision_opencv': BYOBU_DATE=%Y-%m-%d CMAKE_PREFIX_PATH=/workspace/towen/install/image_geometry:/workspace/towen/install/cv_bridge:/workspace/towen/install/web_video_server:/opt/ros/humble/install:/workspace/towen/install/strategy:/workspace/towen/install/motionpackage:/workspace/towen/install/imageprocess:/opt/ros/humble LD_LIBRARY_PATH=/workspace/towen/install/image_geometry/lib:/workspace/towen/install/cv_bridge/lib:/opt/ros/humble/opt/rviz_ogre_vendor/lib:/opt/ros/humble/lib/aarch64-linux-gnu:/opt/ros/humble/lib:/opt/ros/humble/install/opt/rviz_ogre_vendor/lib:/opt/ros/humble/install/lib:/usr/local/cuda/compat:/usr/local/cuda/lib64 /usr/local/bin/cmake --install /workspace/towen/build/vision_opencv
[3.314s] -- Install configuration: ""
[3.316s] -- Installing: /workspace/towen/install/vision_opencv/share/ament_index/resource_index/package_run_dependencies/vision_opencv
[3.317s] -- Installing: /workspace/towen/install/vision_opencv/share/ament_index/resource_index/parent_prefix_path/vision_opencv
[3.318s] -- Installing: /workspace/towen/install/vision_opencv/share/vision_opencv/environment/ament_prefix_path.sh
[3.320s] -- Installing: /workspace/towen/install/vision_opencv/share/vision_opencv/environment/ament_prefix_path.dsv
[3.321s] -- Installing: /workspace/towen/install/vision_opencv/share/vision_opencv/environment/path.sh
[3.322s] -- Installing: /workspace/towen/install/vision_opencv/share/vision_opencv/environment/path.dsv
[3.323s] -- Installing: /workspace/towen/install/vision_opencv/share/vision_opencv/local_setup.bash
[3.324s] -- Installing: /workspace/towen/install/vision_opencv/share/vision_opencv/local_setup.sh
[3.325s] -- Installing: /workspace/towen/install/vision_opencv/share/vision_opencv/local_setup.zsh
[3.326s] -- Installing: /workspace/towen/install/vision_opencv/share/vision_opencv/local_setup.dsv
[3.327s] -- Installing: /workspace/towen/install/vision_opencv/share/vision_opencv/package.dsv
[3.328s] -- Installing: /workspace/towen/install/vision_opencv/share/ament_index/resource_index/packages/vision_opencv
[3.329s] -- Installing: /workspace/towen/install/vision_opencv/share/vision_opencv/cmake/vision_opencvConfig.cmake
[3.330s] -- Installing: /workspace/towen/install/vision_opencv/share/vision_opencv/cmake/vision_opencvConfig-version.cmake
[3.332s] -- Installing: /workspace/towen/install/vision_opencv/share/vision_opencv/package.xml
[3.364s] Invoked command in '/workspace/towen/build/vision_opencv' returned '0': BYOBU_DATE=%Y-%m-%d CMAKE_PREFIX_PATH=/workspace/towen/install/image_geometry:/workspace/towen/install/cv_bridge:/workspace/towen/install/web_video_server:/opt/ros/humble/install:/workspace/towen/install/strategy:/workspace/towen/install/motionpackage:/workspace/towen/install/imageprocess:/opt/ros/humble LD_LIBRARY_PATH=/workspace/towen/install/image_geometry/lib:/workspace/towen/install/cv_bridge/lib:/opt/ros/humble/opt/rviz_ogre_vendor/lib:/opt/ros/humble/lib/aarch64-linux-gnu:/opt/ros/humble/lib:/opt/ros/humble/install/opt/rviz_ogre_vendor/lib:/opt/ros/humble/install/lib:/usr/local/cuda/compat:/usr/local/cuda/lib64 /usr/local/bin/cmake --install /workspace/towen/build/vision_opencv
