[3.625s] Invoking command in '/workspace/towen/src/motionpackage': BYOBU_DATE=%Y-%m-%d PYTHONPATH=/workspace/towen/build/motionpackage/prefix_override:/usr/lib/python3/dist-packages/colcon_core/task/python/colcon_distutils_commands:/workspace/towen/install/motionpackage/lib/python3.10/site-packages:${PYTHONPATH} /usr/bin/python3 -W ignore:setup.py install is deprecated setup.py egg_info --egg-base ../../build/motionpackage build --build-base /workspace/towen/build/motionpackage/build install --record /workspace/towen/build/motionpackage/install.log --single-version-externally-managed install_data
[4.852s] running egg_info
[4.930s] writing ../../build/motionpackage/motionpackage.egg-info/PKG-INFO
[4.938s] writing dependency_links to ../../build/motionpackage/motionpackage.egg-info/dependency_links.txt
[4.939s] writing entry points to ../../build/motionpackage/motionpackage.egg-info/entry_points.txt
[4.939s] writing requirements to ../../build/motionpackage/motionpackage.egg-info/requires.txt
[4.940s] writing top-level names to ../../build/motionpackage/motionpackage.egg-info/top_level.txt
[5.082s] reading manifest file '../../build/motionpackage/motionpackage.egg-info/SOURCES.txt'
[5.084s] adding license file 'LICENSE'
[5.087s] writing manifest file '../../build/motionpackage/motionpackage.egg-info/SOURCES.txt'
[5.088s] running build
[5.088s] running build_py
[5.089s] copying motionpackage/opencr_imu.py -> /workspace/towen/build/motionpackage/build/lib/motionpackage
[5.090s] copying motionpackage/test.py -> /workspace/towen/build/motionpackage/build/lib/motionpackage
[5.092s] copying motionpackage/__init__.py -> /workspace/towen/build/motionpackage/build/lib/motionpackage
[5.093s] copying motionpackage/import struct.py -> /workspace/towen/build/motionpackage/build/lib/motionpackage
[5.094s] copying motionpackage/walking.py -> /workspace/towen/build/motionpackage/build/lib/motionpackage
[5.095s] copying motionpackage/motionpackage.py -> /workspace/towen/build/motionpackage/build/lib/motionpackage
[5.098s] running install
[5.112s] running install_lib
[5.177s] running install_data
[5.178s] copying resource/motionpackage -> /workspace/towen/install/motionpackage/share/ament_index/resource_index/packages
[5.178s] copying package.xml -> /workspace/towen/install/motionpackage/share/motionpackage
[5.178s] running install_egg_info
[5.239s] removing '/workspace/towen/install/motionpackage/lib/python3.10/site-packages/motionpackage-0.0.0-py3.10.egg-info' (and everything under it)
[5.240s] Copying ../../build/motionpackage/motionpackage.egg-info to /workspace/towen/install/motionpackage/lib/python3.10/site-packages/motionpackage-0.0.0-py3.10.egg-info
[5.240s] running install_scripts
[5.353s] Installing motionpackage script to /workspace/towen/install/motionpackage/lib/motionpackage
[5.354s] writing list of installed files to '/workspace/towen/build/motionpackage/install.log'
[5.522s] Invoked command in '/workspace/towen/src/motionpackage' returned '0': BYOBU_DATE=%Y-%m-%d PYTHONPATH=/workspace/towen/build/motionpackage/prefix_override:/usr/lib/python3/dist-packages/colcon_core/task/python/colcon_distutils_commands:/workspace/towen/install/motionpackage/lib/python3.10/site-packages:${PYTHONPATH} /usr/bin/python3 -W ignore:setup.py install is deprecated setup.py egg_info --egg-base ../../build/motionpackage build --build-base /workspace/towen/build/motionpackage/build install --record /workspace/towen/build/motionpackage/install.log --single-version-externally-managed install_data
