-- Found ament_cmake: 1.3.10 (/opt/ros/humble/install/share/ament_cmake/cmake)
-- Override CMake install command with custom implementation using symlinks instead of copying resources
-- Found rosidl_default_generators: 1.2.0 (/opt/ros/humble/install/share/rosidl_default_generators/cmake)
-- Using all available rosidl_typesupport_c: rosidl_typesupport_fastrtps_c;rosidl_typesupport_introspection_c
-- Found rosidl_adapter: 3.1.5 (/opt/ros/humble/install/share/rosidl_adapter/cmake)
-- Using all available rosidl_typesupport_cpp: rosidl_typesupport_fastrtps_cpp;rosidl_typesupport_introspection_cpp
-- Found std_msgs: 4.2.4 (/opt/ros/humble/install/share/std_msgs/cmake)
-- Found ament_cmake_ros: 0.10.0 (/opt/ros/humble/install/share/ament_cmake_ros/cmake)
-- Using all available rosidl_typesupport_c: rosidl_typesupport_fastrtps_c;rosidl_typesupport_introspection_c
-- Using all available rosidl_typesupport_cpp: rosidl_typesupport_fastrtps_cpp;rosidl_typesupport_introspection_cpp
-- Found python_cmake_module: 0.10.0 (/opt/ros/humble/install/share/python_cmake_module/cmake)
-- Using PYTHON_EXECUTABLE: /usr/local/bin/python3
-- Using PYTHON_INCLUDE_DIRS: /usr/include/python3.10
-- Using PYTHON_LIBRARIES: /usr/lib/aarch64-linux-gnu/libpython3.10.so
-- Found ament_lint_auto: 0.12.11 (/opt/ros/humble/install/share/ament_lint_auto/cmake)
-- Added test 'lint_cmake' to check CMake code style
-- Added test 'xmllint' to check XML markup files
-- Configuring done (26.7s)
-- Generating done (1.2s)
-- Build files have been written to: /workspace/towen/build/tku_msgs
[ 12%] Built target tku_msgs__rosidl_generator_c
[ 12%] Built target ament_cmake_python_symlink_tku_msgs
[ 13%] [34m[1mGenerating C type support dispatch for ROS interfaces[0m
[ 13%] [32mBuilding CXX object CMakeFiles/tku_msgs__rosidl_typesupport_c.dir/rosidl_typesupport_c/tku_msgs/msg/button_color_form__type_support.cpp.o[0m
[ 13%] [32mBuilding CXX object CMakeFiles/tku_msgs__rosidl_typesupport_c.dir/rosidl_typesupport_c/tku_msgs/msg/color_array__type_support.cpp.o[0m
[ 14%] [32mBuilding CXX object CMakeFiles/tku_msgs__rosidl_typesupport_c.dir/rosidl_typesupport_c/tku_msgs/msg/color_data__type_support.cpp.o[0m
[ 14%] [32mBuilding CXX object CMakeFiles/tku_msgs__rosidl_typesupport_c.dir/rosidl_typesupport_c/tku_msgs/msg/draw_image__type_support.cpp.o[0m
[ 14%] [32mBuilding CXX object CMakeFiles/tku_msgs__rosidl_typesupport_c.dir/rosidl_typesupport_c/tku_msgs/msg/hsv_value__type_support.cpp.o[0m
[ 15%] [32mBuilding CXX object CMakeFiles/tku_msgs__rosidl_typesupport_c.dir/rosidl_typesupport_c/tku_msgs/msg/label_model_object_list__type_support.cpp.o[0m
[ 15%] [32mBuilding CXX object CMakeFiles/tku_msgs__rosidl_typesupport_c.dir/rosidl_typesupport_c/tku_msgs/msg/object_list__type_support.cpp.o[0m
[ 15%] [32mBuilding CXX object CMakeFiles/tku_msgs__rosidl_typesupport_c.dir/rosidl_typesupport_c/tku_msgs/msg/camera__type_support.cpp.o[0m
[ 16%] [32mBuilding CXX object CMakeFiles/tku_msgs__rosidl_typesupport_c.dir/rosidl_typesupport_c/tku_msgs/msg/camera_save__type_support.cpp.o[0m
[ 16%] [32mBuilding CXX object CMakeFiles/tku_msgs__rosidl_typesupport_c.dir/rosidl_typesupport_c/tku_msgs/msg/location__type_support.cpp.o[0m
[ 16%] [32mBuilding CXX object CMakeFiles/tku_msgs__rosidl_typesupport_c.dir/rosidl_typesupport_c/tku_msgs/msg/dio__type_support.cpp.o[0m
[ 17%] [32mBuilding CXX object CMakeFiles/tku_msgs__rosidl_typesupport_c.dir/rosidl_typesupport_c/tku_msgs/msg/parameter__type_support.cpp.o[0m
[ 17%] [32mBuilding CXX object CMakeFiles/tku_msgs__rosidl_typesupport_c.dir/rosidl_typesupport_c/tku_msgs/msg/interface__type_support.cpp.o[0m
[ 17%] [32mBuilding CXX object CMakeFiles/tku_msgs__rosidl_typesupport_c.dir/rosidl_typesupport_c/tku_msgs/msg/parametermessage__type_support.cpp.o[0m
[ 18%] [32mBuilding CXX object CMakeFiles/tku_msgs__rosidl_typesupport_c.dir/rosidl_typesupport_c/tku_msgs/msg/callback__type_support.cpp.o[0m
[ 18%] [32mBuilding CXX object CMakeFiles/tku_msgs__rosidl_typesupport_c.dir/rosidl_typesupport_c/tku_msgs/msg/head_package__type_support.cpp.o[0m
[ 18%] [32mBuilding CXX object CMakeFiles/tku_msgs__rosidl_typesupport_c.dir/rosidl_typesupport_c/tku_msgs/msg/interface_send2_sector__type_support.cpp.o[0m
[ 19%] [32mBuilding CXX object CMakeFiles/tku_msgs__rosidl_typesupport_c.dir/rosidl_typesupport_c/tku_msgs/msg/pi_dpackage__type_support.cpp.o[0m
[ 19%] [32mBuilding CXX object CMakeFiles/tku_msgs__rosidl_typesupport_c.dir/rosidl_typesupport_c/tku_msgs/msg/sand_hand_speed__type_support.cpp.o[0m
[ 19%] [32mBuilding CXX object CMakeFiles/tku_msgs__rosidl_typesupport_c.dir/rosidl_typesupport_c/tku_msgs/msg/save_motion__type_support.cpp.o[0m
[ 20%] [32mBuilding CXX object CMakeFiles/tku_msgs__rosidl_typesupport_c.dir/rosidl_typesupport_c/tku_msgs/msg/save_motion_vector__type_support.cpp.o[0m
[ 20%] [32mBuilding CXX object CMakeFiles/tku_msgs__rosidl_typesupport_c.dir/rosidl_typesupport_c/tku_msgs/msg/sensor_package__type_support.cpp.o[0m
[ 20%] [32mBuilding CXX object CMakeFiles/tku_msgs__rosidl_typesupport_c.dir/rosidl_typesupport_c/tku_msgs/msg/sensor_set__type_support.cpp.o[0m
[ 21%] [32mBuilding CXX object CMakeFiles/tku_msgs__rosidl_typesupport_c.dir/rosidl_typesupport_c/tku_msgs/msg/single_motor_data__type_support.cpp.o[0m
[ 21%] [32mBuilding CXX object CMakeFiles/tku_msgs__rosidl_typesupport_c.dir/rosidl_typesupport_c/tku_msgs/msg/walkingmessage__type_support.cpp.o[0m
[ 21%] [32mBuilding CXX object CMakeFiles/tku_msgs__rosidl_typesupport_c.dir/rosidl_typesupport_c/tku_msgs/srv/build_model__type_support.cpp.o[0m
[ 22%] [32mBuilding CXX object CMakeFiles/tku_msgs__rosidl_typesupport_c.dir/rosidl_typesupport_c/tku_msgs/srv/hsv_info__type_support.cpp.o[0m
[ 22%] [32mBuilding CXX object CMakeFiles/tku_msgs__rosidl_typesupport_c.dir/rosidl_typesupport_c/tku_msgs/srv/save_hsv__type_support.cpp.o[0m
[ 22%] [32mBuilding CXX object CMakeFiles/tku_msgs__rosidl_typesupport_c.dir/rosidl_typesupport_c/tku_msgs/srv/add__type_support.cpp.o[0m
[ 23%] [32mBuilding CXX object CMakeFiles/tku_msgs__rosidl_typesupport_c.dir/rosidl_typesupport_c/tku_msgs/srv/camera_info__type_support.cpp.o[0m
[ 23%] [32mBuilding CXX object CMakeFiles/tku_msgs__rosidl_typesupport_c.dir/rosidl_typesupport_c/tku_msgs/srv/read_motion__type_support.cpp.o[0m
[ 23%] [32mBuilding CXX object CMakeFiles/tku_msgs__rosidl_typesupport_c.dir/rosidl_typesupport_c/tku_msgs/srv/check_sector__type_support.cpp.o[0m
[ 24%] [32mBuilding CXX object CMakeFiles/tku_msgs__rosidl_typesupport_c.dir/rosidl_typesupport_c/tku_msgs/srv/send_hand_speed__type_support.cpp.o[0m
[ 24%] [32mBuilding CXX object CMakeFiles/tku_msgs__rosidl_typesupport_c.dir/rosidl_typesupport_c/tku_msgs/srv/walking_gait_parameter__type_support.cpp.o[0m
[ 24%] [32m[1mLinking CXX shared library libtku_msgs__rosidl_typesupport_c.so[0m
[ 24%] Built target tku_msgs__rosidl_typesupport_c
running egg_info
writing tku_msgs.egg-info/PKG-INFO
writing dependency_links to tku_msgs.egg-info/dependency_links.txt
writing top-level names to tku_msgs.egg-info/top_level.txt
reading manifest file 'tku_msgs.egg-info/SOURCES.txt'
writing manifest file 'tku_msgs.egg-info/SOURCES.txt'
[ 24%] Built target ament_cmake_python_build_tku_msgs_egg
[ 37%] Built target tku_msgs__rosidl_typesupport_introspection_c
[ 50%] Built target tku_msgs__rosidl_typesupport_fastrtps_c
[ 50%] Built target tku_msgs__cpp
[ 62%] Built target tku_msgs__rosidl_typesupport_fastrtps_cpp
[ 62%] [34m[1mGenerating C++ type support dispatch for ROS interfaces[0m
[ 63%] [32mBuilding CXX object CMakeFiles/tku_msgs__rosidl_typesupport_cpp.dir/rosidl_typesupport_cpp/tku_msgs/msg/button_color_form__type_support.cpp.o[0m
[ 63%] [32mBuilding CXX object CMakeFiles/tku_msgs__rosidl_typesupport_cpp.dir/rosidl_typesupport_cpp/tku_msgs/msg/hsv_value__type_support.cpp.o[0m
[ 64%] [32mBuilding CXX object CMakeFiles/tku_msgs__rosidl_typesupport_cpp.dir/rosidl_typesupport_cpp/tku_msgs/msg/label_model_object_list__type_support.cpp.o[0m
[ 64%] [32mBuilding CXX object CMakeFiles/tku_msgs__rosidl_typesupport_cpp.dir/rosidl_typesupport_cpp/tku_msgs/msg/object_list__type_support.cpp.o[0m
[ 64%] [32mBuilding CXX object CMakeFiles/tku_msgs__rosidl_typesupport_cpp.dir/rosidl_typesupport_cpp/tku_msgs/msg/camera__type_support.cpp.o[0m
[ 65%] [32mBuilding CXX object CMakeFiles/tku_msgs__rosidl_typesupport_cpp.dir/rosidl_typesupport_cpp/tku_msgs/msg/camera_save__type_support.cpp.o[0m
[ 65%] [32mBuilding CXX object CMakeFiles/tku_msgs__rosidl_typesupport_cpp.dir/rosidl_typesupport_cpp/tku_msgs/msg/location__type_support.cpp.o[0m
[ 65%] [32mBuilding CXX object CMakeFiles/tku_msgs__rosidl_typesupport_cpp.dir/rosidl_typesupport_cpp/tku_msgs/msg/dio__type_support.cpp.o[0m
[ 66%] [32mBuilding CXX object CMakeFiles/tku_msgs__rosidl_typesupport_cpp.dir/rosidl_typesupport_cpp/tku_msgs/msg/parameter__type_support.cpp.o[0m
[ 66%] [32mBuilding CXX object CMakeFiles/tku_msgs__rosidl_typesupport_cpp.dir/rosidl_typesupport_cpp/tku_msgs/msg/interface__type_support.cpp.o[0m
[ 66%] [32mBuilding CXX object CMakeFiles/tku_msgs__rosidl_typesupport_cpp.dir/rosidl_typesupport_cpp/tku_msgs/msg/parametermessage__type_support.cpp.o[0m
[ 67%] [32mBuilding CXX object CMakeFiles/tku_msgs__rosidl_typesupport_cpp.dir/rosidl_typesupport_cpp/tku_msgs/msg/callback__type_support.cpp.o[0m
[ 67%] [32mBuilding CXX object CMakeFiles/tku_msgs__rosidl_typesupport_cpp.dir/rosidl_typesupport_cpp/tku_msgs/msg/head_package__type_support.cpp.o[0m
[ 67%] [32mBuilding CXX object CMakeFiles/tku_msgs__rosidl_typesupport_cpp.dir/rosidl_typesupport_cpp/tku_msgs/msg/interface_send2_sector__type_support.cpp.o[0m
[ 68%] [32mBuilding CXX object CMakeFiles/tku_msgs__rosidl_typesupport_cpp.dir/rosidl_typesupport_cpp/tku_msgs/msg/pi_dpackage__type_support.cpp.o[0m
[ 68%] [32mBuilding CXX object CMakeFiles/tku_msgs__rosidl_typesupport_cpp.dir/rosidl_typesupport_cpp/tku_msgs/msg/sand_hand_speed__type_support.cpp.o[0m
[ 68%] [32mBuilding CXX object CMakeFiles/tku_msgs__rosidl_typesupport_cpp.dir/rosidl_typesupport_cpp/tku_msgs/msg/save_motion__type_support.cpp.o[0m
[ 69%] [32mBuilding CXX object CMakeFiles/tku_msgs__rosidl_typesupport_cpp.dir/rosidl_typesupport_cpp/tku_msgs/msg/save_motion_vector__type_support.cpp.o[0m
[ 69%] [32mBuilding CXX object CMakeFiles/tku_msgs__rosidl_typesupport_cpp.dir/rosidl_typesupport_cpp/tku_msgs/msg/sensor_package__type_support.cpp.o[0m
[ 69%] [32mBuilding CXX object CMakeFiles/tku_msgs__rosidl_typesupport_cpp.dir/rosidl_typesupport_cpp/tku_msgs/msg/sensor_set__type_support.cpp.o[0m
[ 70%] [32mBuilding CXX object CMakeFiles/tku_msgs__rosidl_typesupport_cpp.dir/rosidl_typesupport_cpp/tku_msgs/msg/single_motor_data__type_support.cpp.o[0m
[ 70%] [32mBuilding CXX object CMakeFiles/tku_msgs__rosidl_typesupport_cpp.dir/rosidl_typesupport_cpp/tku_msgs/msg/walkingmessage__type_support.cpp.o[0m
[ 70%] [32mBuilding CXX object CMakeFiles/tku_msgs__rosidl_typesupport_cpp.dir/rosidl_typesupport_cpp/tku_msgs/srv/build_model__type_support.cpp.o[0m
[ 71%] [32mBuilding CXX object CMakeFiles/tku_msgs__rosidl_typesupport_cpp.dir/rosidl_typesupport_cpp/tku_msgs/srv/hsv_info__type_support.cpp.o[0m
[ 71%] [32mBuilding CXX object CMakeFiles/tku_msgs__rosidl_typesupport_cpp.dir/rosidl_typesupport_cpp/tku_msgs/srv/save_hsv__type_support.cpp.o[0m
[ 71%] [32mBuilding CXX object CMakeFiles/tku_msgs__rosidl_typesupport_cpp.dir/rosidl_typesupport_cpp/tku_msgs/srv/add__type_support.cpp.o[0m
[ 72%] [32mBuilding CXX object CMakeFiles/tku_msgs__rosidl_typesupport_cpp.dir/rosidl_typesupport_cpp/tku_msgs/srv/camera_info__type_support.cpp.o[0m
[ 72%] [32mBuilding CXX object CMakeFiles/tku_msgs__rosidl_typesupport_cpp.dir/rosidl_typesupport_cpp/tku_msgs/srv/read_motion__type_support.cpp.o[0m
[ 72%] [32mBuilding CXX object CMakeFiles/tku_msgs__rosidl_typesupport_cpp.dir/rosidl_typesupport_cpp/tku_msgs/srv/check_sector__type_support.cpp.o[0m
[ 73%] [32mBuilding CXX object CMakeFiles/tku_msgs__rosidl_typesupport_cpp.dir/rosidl_typesupport_cpp/tku_msgs/srv/send_hand_speed__type_support.cpp.o[0m
[ 73%] [32mBuilding CXX object CMakeFiles/tku_msgs__rosidl_typesupport_cpp.dir/rosidl_typesupport_cpp/tku_msgs/srv/walking_gait_parameter__type_support.cpp.o[0m
[ 74%] [32mBuilding CXX object CMakeFiles/tku_msgs__rosidl_typesupport_cpp.dir/rosidl_typesupport_cpp/tku_msgs/msg/draw_image__type_support.cpp.o[0m
[ 74%] [32mBuilding CXX object CMakeFiles/tku_msgs__rosidl_typesupport_cpp.dir/rosidl_typesupport_cpp/tku_msgs/msg/color_data__type_support.cpp.o[0m
[ 74%] [32mBuilding CXX object CMakeFiles/tku_msgs__rosidl_typesupport_cpp.dir/rosidl_typesupport_cpp/tku_msgs/msg/color_array__type_support.cpp.o[0m
[ 74%] [32m[1mLinking CXX shared library libtku_msgs__rosidl_typesupport_cpp.so[0m
[ 74%] Built target tku_msgs__rosidl_typesupport_cpp
[ 87%] Built target tku_msgs__rosidl_typesupport_introspection_cpp
[ 87%] Built target tku_msgs
[ 87%] Built target tku_msgs__py
