[2.340s] Invoking command in '/workspace/towen/src/motionpackage': BYOBU_DATE=%Y-%m-%d PYTHONPATH=/workspace/towen/build/motionpackage/prefix_override:/usr/lib/python3/dist-packages/colcon_core/task/python/colcon_distutils_commands:/workspace/towen/install/motionpackage/lib/python3.10/site-packages:${PYTHONPATH} /usr/bin/python3 -W ignore:setup.py install is deprecated setup.py egg_info --egg-base ../../build/motionpackage build --build-base /workspace/towen/build/motionpackage/build install --record /workspace/towen/build/motionpackage/install.log --single-version-externally-managed install_data
[3.124s] running egg_info
[3.160s] writing ../../build/motionpackage/motionpackage.egg-info/PKG-INFO
[3.162s] writing dependency_links to ../../build/motionpackage/motionpackage.egg-info/dependency_links.txt
[3.162s] writing entry points to ../../build/motionpackage/motionpackage.egg-info/entry_points.txt
[3.163s] writing requirements to ../../build/motionpackage/motionpackage.egg-info/requires.txt
[3.163s] writing top-level names to ../../build/motionpackage/motionpackage.egg-info/top_level.txt
[3.268s] reading manifest file '../../build/motionpackage/motionpackage.egg-info/SOURCES.txt'
[3.269s] adding license file 'LICENSE'
[3.272s] writing manifest file '../../build/motionpackage/motionpackage.egg-info/SOURCES.txt'
[3.273s] running build
[3.277s] running build_py
[3.278s] copying motionpackage/opencr_imu.py -> /workspace/towen/build/motionpackage/build/lib/motionpackage
[3.280s] copying motionpackage/test.py -> /workspace/towen/build/motionpackage/build/lib/motionpackage
[3.280s] copying motionpackage/__init__.py -> /workspace/towen/build/motionpackage/build/lib/motionpackage
[3.281s] copying motionpackage/import struct.py -> /workspace/towen/build/motionpackage/build/lib/motionpackage
[3.282s] copying motionpackage/walking.py -> /workspace/towen/build/motionpackage/build/lib/motionpackage
[3.283s] copying motionpackage/motionpackage.py -> /workspace/towen/build/motionpackage/build/lib/motionpackage
[3.284s] running install
[3.289s] running install_lib
[3.333s] copying /workspace/towen/build/motionpackage/build/lib/motionpackage/motionpackage.py -> /workspace/towen/install/motionpackage/lib/python3.10/site-packages/motionpackage
[3.336s] byte-compiling /workspace/towen/install/motionpackage/lib/python3.10/site-packages/motionpackage/motionpackage.py to motionpackage.cpython-310.pyc
[3.354s] running install_data
[3.356s] copying resource/motionpackage -> /workspace/towen/install/motionpackage/share/ament_index/resource_index/packages
[3.367s] copying package.xml -> /workspace/towen/install/motionpackage/share/motionpackage
[3.368s] running install_egg_info
[3.426s] removing '/workspace/towen/install/motionpackage/lib/python3.10/site-packages/motionpackage-0.0.0-py3.10.egg-info' (and everything under it)
[3.434s] Copying ../../build/motionpackage/motionpackage.egg-info to /workspace/towen/install/motionpackage/lib/python3.10/site-packages/motionpackage-0.0.0-py3.10.egg-info
[3.440s] running install_scripts
[3.756s] Installing motionpackage script to /workspace/towen/install/motionpackage/lib/motionpackage
[3.757s] writing list of installed files to '/workspace/towen/build/motionpackage/install.log'
[3.938s] Invoked command in '/workspace/towen/src/motionpackage' returned '0': BYOBU_DATE=%Y-%m-%d PYTHONPATH=/workspace/towen/build/motionpackage/prefix_override:/usr/lib/python3/dist-packages/colcon_core/task/python/colcon_distutils_commands:/workspace/towen/install/motionpackage/lib/python3.10/site-packages:${PYTHONPATH} /usr/bin/python3 -W ignore:setup.py install is deprecated setup.py egg_info --egg-base ../../build/motionpackage build --build-base /workspace/towen/build/motionpackage/build install --record /workspace/towen/build/motionpackage/install.log --single-version-externally-managed install_data
