[5.774s] Invoking command in '/workspace/towen/src/imageprocess': BYOBU_DATE=%Y-%m-%d PYTHONPATH=/workspace/towen/build/imageprocess/prefix_override:/usr/lib/python3/dist-packages/colcon_core/task/python/colcon_distutils_commands:/workspace/towen/install/imageprocess/lib/python3.10/site-packages:${PYTHONPATH} /usr/bin/python3 -W ignore:setup.py install is deprecated setup.py egg_info --egg-base ../../build/imageprocess build --build-base /workspace/towen/build/imageprocess/build install --record /workspace/towen/build/imageprocess/install.log --single-version-externally-managed install_data
[6.961s] /home/work/.local/lib/python3.10/site-packages/setuptools/_distutils/dist.py:289: UserWarning: Unknown distribution option: 'tests_require'
[6.962s]   warnings.warn(msg)
[7.706s] running egg_info
[7.809s] writing ../../build/imageprocess/imageprocess.egg-info/PKG-INFO
[7.811s] writing dependency_links to ../../build/imageprocess/imageprocess.egg-info/dependency_links.txt
[7.812s] writing entry points to ../../build/imageprocess/imageprocess.egg-info/entry_points.txt
[7.813s] writing requirements to ../../build/imageprocess/imageprocess.egg-info/requires.txt
[7.814s] writing top-level names to ../../build/imageprocess/imageprocess.egg-info/top_level.txt
[7.945s] reading manifest file '../../build/imageprocess/imageprocess.egg-info/SOURCES.txt'
[7.947s] adding license file 'LICENSE'
[7.956s] writing manifest file '../../build/imageprocess/imageprocess.egg-info/SOURCES.txt'
[7.959s] running build
[7.959s] running build_py
[7.959s] copying imageprocess/modelparameter.py -> /workspace/towen/build/imageprocess/build/lib/imageprocess
[7.965s] copying imageprocess/image_0417.py -> /workspace/towen/build/imageprocess/build/lib/imageprocess
[7.970s] copying imageprocess/dataunit.py -> /workspace/towen/build/imageprocess/build/lib/imageprocess
[7.974s] copying imageprocess/123123.py -> /workspace/towen/build/imageprocess/build/lib/imageprocess
[7.978s] copying imageprocess/image_test.py -> /workspace/towen/build/imageprocess/build/lib/imageprocess
[7.993s] copying imageprocess/image.py -> /workspace/towen/build/imageprocess/build/lib/imageprocess
[7.993s] copying imageprocess/__init__.py -> /workspace/towen/build/imageprocess/build/lib/imageprocess
[7.993s] copying imageprocess/imageprocess.py -> /workspace/towen/build/imageprocess/build/lib/imageprocess
[7.997s] copying imageprocess/camera_segment_headless.py -> /workspace/towen/build/imageprocess/build/lib/imageprocess
[8.003s] running install
[8.027s] running install_lib
[8.123s] copying /workspace/towen/build/imageprocess/build/lib/imageprocess/image.py -> /workspace/towen/install/imageprocess/lib/python3.10/site-packages/imageprocess
[8.123s] byte-compiling /workspace/towen/install/imageprocess/lib/python3.10/site-packages/imageprocess/image.py to image.cpython-310.pyc
[8.132s] running install_data
[8.144s] copying resource/imageprocess -> /workspace/towen/install/imageprocess/share/ament_index/resource_index/packages
[8.145s] copying package.xml -> /workspace/towen/install/imageprocess/share/imageprocess
[8.145s] running install_egg_info
[8.250s] removing '/workspace/towen/install/imageprocess/lib/python3.10/site-packages/imageprocess-0.0.0-py3.10.egg-info' (and everything under it)
[8.255s] Copying ../../build/imageprocess/imageprocess.egg-info to /workspace/towen/install/imageprocess/lib/python3.10/site-packages/imageprocess-0.0.0-py3.10.egg-info
[8.256s] running install_scripts
[8.744s] Installing image script to /workspace/towen/install/imageprocess/lib/imageprocess
[8.754s] Installing image_test script to /workspace/towen/install/imageprocess/lib/imageprocess
[8.755s] Installing imageprocess script to /workspace/towen/install/imageprocess/lib/imageprocess
[8.771s] writing list of installed files to '/workspace/towen/build/imageprocess/install.log'
[9.034s] Invoked command in '/workspace/towen/src/imageprocess' returned '0': BYOBU_DATE=%Y-%m-%d PYTHONPATH=/workspace/towen/build/imageprocess/prefix_override:/usr/lib/python3/dist-packages/colcon_core/task/python/colcon_distutils_commands:/workspace/towen/install/imageprocess/lib/python3.10/site-packages:${PYTHONPATH} /usr/bin/python3 -W ignore:setup.py install is deprecated setup.py egg_info --egg-base ../../build/imageprocess build --build-base /workspace/towen/build/imageprocess/build install --record /workspace/towen/build/imageprocess/install.log --single-version-externally-managed install_data
