[0.726s] Invoking command in '/workspace/towen/build/rosidl_adapter': AMENT_PREFIX_PATH=/workspace/towen/install/rosidl_cli:${AMENT_PREFIX_PATH} BYOBU_DATE=%Y-%m-%d CMAKE_PREFIX_PATH=${CMAKE_PREFIX_PATH}:/workspace/towen/install/strategy:/workspace/towen/install/motionpackage:/workspace/towen/install/imageprocess:/opt/ros/humble PATH=/workspace/towen/install/rosidl_cli/bin:${PATH} PYTHONPATH=/workspace/towen/install/rosidl_cli/lib/python3.10/site-packages:${PYTHONPATH} /usr/local/bin/cmake --build /workspace/towen/build/rosidl_adapter -- -j6 -l6
[1.114s] Built target ament_cmake_python_copy_rosidl_adapter_setup
[1.142s] Built target ament_cmake_python_copy_rosidl_adapter
[1.771s] running egg_info
[1.813s] writing rosidl_adapter.egg-info/PKG-INFO
[1.814s] writing dependency_links to rosidl_adapter.egg-info/dependency_links.txt
[1.815s] writing entry points to rosidl_adapter.egg-info/entry_points.txt
[1.817s] writing top-level names to rosidl_adapter.egg-info/top_level.txt
[1.964s] reading manifest file 'rosidl_adapter.egg-info/SOURCES.txt'
[1.965s] writing manifest file 'rosidl_adapter.egg-info/SOURCES.txt'
[2.057s] Built target ament_cmake_python_build_rosidl_adapter_egg
[2.114s] Invoked command in '/workspace/towen/build/rosidl_adapter' returned '0': AMENT_PREFIX_PATH=/workspace/towen/install/rosidl_cli:${AMENT_PREFIX_PATH} BYOBU_DATE=%Y-%m-%d CMAKE_PREFIX_PATH=${CMAKE_PREFIX_PATH}:/workspace/towen/install/strategy:/workspace/towen/install/motionpackage:/workspace/towen/install/imageprocess:/opt/ros/humble PATH=/workspace/towen/install/rosidl_cli/bin:${PATH} PYTHONPATH=/workspace/towen/install/rosidl_cli/lib/python3.10/site-packages:${PYTHONPATH} /usr/local/bin/cmake --build /workspace/towen/build/rosidl_adapter -- -j6 -l6
[2.522s] Invoking command in '/workspace/towen/build/rosidl_adapter': AMENT_PREFIX_PATH=/workspace/towen/install/rosidl_cli:${AMENT_PREFIX_PATH} BYOBU_DATE=%Y-%m-%d CMAKE_PREFIX_PATH=${CMAKE_PREFIX_PATH}:/workspace/towen/install/strategy:/workspace/towen/install/motionpackage:/workspace/towen/install/imageprocess:/opt/ros/humble PATH=/workspace/towen/install/rosidl_cli/bin:${PATH} PYTHONPATH=/workspace/towen/install/rosidl_cli/lib/python3.10/site-packages:${PYTHONPATH} /usr/local/bin/cmake --install /workspace/towen/build/rosidl_adapter
[2.804s] -- Install configuration: ""
[2.804s] -- Up-to-date: /workspace/towen/install/rosidl_adapter/share/rosidl_adapter/environment/pythonpath.sh
[2.804s] -- Up-to-date: /workspace/towen/install/rosidl_adapter/share/rosidl_adapter/environment/pythonpath.dsv
[2.805s] -- Up-to-date: /workspace/towen/install/rosidl_adapter/local/lib/python3.10/dist-packages/rosidl_adapter-3.1.7-py3.10.egg-info
[2.805s] -- Installing: /workspace/towen/install/rosidl_adapter/local/lib/python3.10/dist-packages/rosidl_adapter-3.1.7-py3.10.egg-info/PKG-INFO
[2.805s] -- Installing: /workspace/towen/install/rosidl_adapter/local/lib/python3.10/dist-packages/rosidl_adapter-3.1.7-py3.10.egg-info/entry_points.txt
[2.805s] -- Installing: /workspace/towen/install/rosidl_adapter/local/lib/python3.10/dist-packages/rosidl_adapter-3.1.7-py3.10.egg-info/top_level.txt
[2.805s] -- Installing: /workspace/towen/install/rosidl_adapter/local/lib/python3.10/dist-packages/rosidl_adapter-3.1.7-py3.10.egg-info/SOURCES.txt
[2.805s] -- Installing: /workspace/towen/install/rosidl_adapter/local/lib/python3.10/dist-packages/rosidl_adapter-3.1.7-py3.10.egg-info/dependency_links.txt
[2.806s] -- Up-to-date: /workspace/towen/install/rosidl_adapter/local/lib/python3.10/dist-packages/rosidl_adapter
[2.806s] -- Up-to-date: /workspace/towen/install/rosidl_adapter/local/lib/python3.10/dist-packages/rosidl_adapter/parser.py
[2.806s] -- Up-to-date: /workspace/towen/install/rosidl_adapter/local/lib/python3.10/dist-packages/rosidl_adapter/srv
[2.806s] -- Up-to-date: /workspace/towen/install/rosidl_adapter/local/lib/python3.10/dist-packages/rosidl_adapter/srv/__init__.py
[2.806s] -- Up-to-date: /workspace/towen/install/rosidl_adapter/local/lib/python3.10/dist-packages/rosidl_adapter/msg
[2.806s] -- Up-to-date: /workspace/towen/install/rosidl_adapter/local/lib/python3.10/dist-packages/rosidl_adapter/msg/__init__.py
[2.807s] -- Up-to-date: /workspace/towen/install/rosidl_adapter/local/lib/python3.10/dist-packages/rosidl_adapter/__init__.py
[2.807s] -- Up-to-date: /workspace/towen/install/rosidl_adapter/local/lib/python3.10/dist-packages/rosidl_adapter/__main__.py
[2.807s] -- Up-to-date: /workspace/towen/install/rosidl_adapter/local/lib/python3.10/dist-packages/rosidl_adapter/main.py
[2.807s] -- Up-to-date: /workspace/towen/install/rosidl_adapter/local/lib/python3.10/dist-packages/rosidl_adapter/cli.py
[2.807s] -- Up-to-date: /workspace/towen/install/rosidl_adapter/local/lib/python3.10/dist-packages/rosidl_adapter/action
[2.807s] -- Up-to-date: /workspace/towen/install/rosidl_adapter/local/lib/python3.10/dist-packages/rosidl_adapter/action/__init__.py
[2.807s] -- Up-to-date: /workspace/towen/install/rosidl_adapter/local/lib/python3.10/dist-packages/rosidl_adapter/resource
[2.808s] -- Up-to-date: /workspace/towen/install/rosidl_adapter/local/lib/python3.10/dist-packages/rosidl_adapter/resource/struct.idl.em
[2.808s] -- Up-to-date: /workspace/towen/install/rosidl_adapter/local/lib/python3.10/dist-packages/rosidl_adapter/resource/__init__.py
[2.808s] -- Up-to-date: /workspace/towen/install/rosidl_adapter/local/lib/python3.10/dist-packages/rosidl_adapter/resource/srv.idl.em
[2.808s] -- Up-to-date: /workspace/towen/install/rosidl_adapter/local/lib/python3.10/dist-packages/rosidl_adapter/resource/action.idl.em
[2.808s] -- Up-to-date: /workspace/towen/install/rosidl_adapter/local/lib/python3.10/dist-packages/rosidl_adapter/resource/msg.idl.em
[2.923s] Listing '/workspace/towen/install/rosidl_adapter/local/lib/python3.10/dist-packages/rosidl_adapter'...
[2.923s] Listing '/workspace/towen/install/rosidl_adapter/local/lib/python3.10/dist-packages/rosidl_adapter/action'...
[2.924s] Listing '/workspace/towen/install/rosidl_adapter/local/lib/python3.10/dist-packages/rosidl_adapter/msg'...
[2.924s] Listing '/workspace/towen/install/rosidl_adapter/local/lib/python3.10/dist-packages/rosidl_adapter/resource'...
[2.924s] Listing '/workspace/towen/install/rosidl_adapter/local/lib/python3.10/dist-packages/rosidl_adapter/srv'...
[2.934s] -- Up-to-date: /workspace/towen/install/rosidl_adapter/share/ament_index/resource_index/package_run_dependencies/rosidl_adapter
[2.934s] -- Up-to-date: /workspace/towen/install/rosidl_adapter/share/ament_index/resource_index/parent_prefix_path/rosidl_adapter
[2.935s] -- Up-to-date: /workspace/towen/install/rosidl_adapter/share/rosidl_adapter/environment/ament_prefix_path.sh
[2.936s] -- Up-to-date: /workspace/towen/install/rosidl_adapter/share/rosidl_adapter/environment/ament_prefix_path.dsv
[2.936s] -- Up-to-date: /workspace/towen/install/rosidl_adapter/share/rosidl_adapter/environment/path.sh
[2.937s] -- Up-to-date: /workspace/towen/install/rosidl_adapter/share/rosidl_adapter/environment/path.dsv
[2.937s] -- Up-to-date: /workspace/towen/install/rosidl_adapter/share/rosidl_adapter/local_setup.bash
[2.937s] -- Up-to-date: /workspace/towen/install/rosidl_adapter/share/rosidl_adapter/local_setup.sh
[2.937s] -- Up-to-date: /workspace/towen/install/rosidl_adapter/share/rosidl_adapter/local_setup.zsh
[2.937s] -- Up-to-date: /workspace/towen/install/rosidl_adapter/share/rosidl_adapter/local_setup.dsv
[2.937s] -- Installing: /workspace/towen/install/rosidl_adapter/share/rosidl_adapter/package.dsv
[2.938s] -- Up-to-date: /workspace/towen/install/rosidl_adapter/share/ament_index/resource_index/packages/rosidl_adapter
[2.938s] -- Up-to-date: /workspace/towen/install/rosidl_adapter/share/rosidl_adapter/cmake/rosidl_adapter-extras.cmake
[2.938s] -- Up-to-date: /workspace/towen/install/rosidl_adapter/share/rosidl_adapter/cmake/rosidl_adapterConfig.cmake
[2.938s] -- Up-to-date: /workspace/towen/install/rosidl_adapter/share/rosidl_adapter/cmake/rosidl_adapterConfig-version.cmake
[2.938s] -- Up-to-date: /workspace/towen/install/rosidl_adapter/share/rosidl_adapter/package.xml
[2.939s] -- Up-to-date: /workspace/towen/install/rosidl_adapter/share/rosidl_adapter/cmake
[2.939s] -- Up-to-date: /workspace/towen/install/rosidl_adapter/share/rosidl_adapter/cmake/rosidl_adapt_interfaces.cmake
[2.939s] -- Up-to-date: /workspace/towen/install/rosidl_adapter/lib/rosidl_adapter/msg2idl.py
[2.939s] -- Up-to-date: /workspace/towen/install/rosidl_adapter/lib/rosidl_adapter/srv2idl.py
[2.978s] Invoked command in '/workspace/towen/build/rosidl_adapter' returned '0': AMENT_PREFIX_PATH=/workspace/towen/install/rosidl_cli:${AMENT_PREFIX_PATH} BYOBU_DATE=%Y-%m-%d CMAKE_PREFIX_PATH=${CMAKE_PREFIX_PATH}:/workspace/towen/install/strategy:/workspace/towen/install/motionpackage:/workspace/towen/install/imageprocess:/opt/ros/humble PATH=/workspace/towen/install/rosidl_cli/bin:${PATH} PYTHONPATH=/workspace/towen/install/rosidl_cli/lib/python3.10/site-packages:${PYTHONPATH} /usr/local/bin/cmake --install /workspace/towen/build/rosidl_adapter
