[2.537s] Invoking command in '/workspace/towen/build/motionpackage': BYOBU_DATE=%Y-%m-%d PYTHONPATH=/workspace/towen/build/motionpackage/prefix_override:/usr/lib/python3/dist-packages/colcon_core/task/python/colcon_distutils_commands:/workspace/towen/install/motionpackage/lib/python3.10/site-packages:${PYTHONPATH} /usr/bin/python3 -W ignore:setup.py install is deprecated setup.py develop --editable --build-directory /workspace/towen/build/motionpackage/build --no-deps symlink_data --force
[3.445s] running develop
[3.445s] /usr/local/lib/python3.10/dist-packages/setuptools/command/develop.py:41: EasyInstallDeprecationWarning: easy_install command is deprecated.
[3.446s] !!
[3.446s] 
[3.446s]         ********************************************************************************
[3.446s]         Please avoid running ``setup.py`` and ``easy_install``.
[3.446s]         Instead, use pypa/build, pypa/installer or other
[3.446s]         standards-based tools.
[3.447s] 
[3.447s]         See https://github.com/pypa/setuptools/issues/917 for details.
[3.447s]         ********************************************************************************
[3.447s] 
[3.447s] !!
[3.448s]   easy_install.initialize_options(self)
[4.095s] running egg_info
[4.137s] writing motionpackage.egg-info/PKG-INFO
[4.139s] writing dependency_links to motionpackage.egg-info/dependency_links.txt
[4.139s] writing entry points to motionpackage.egg-info/entry_points.txt
[4.140s] writing requirements to motionpackage.egg-info/requires.txt
[4.140s] writing top-level names to motionpackage.egg-info/top_level.txt
[4.229s] reading manifest file 'motionpackage.egg-info/SOURCES.txt'
[4.232s] writing manifest file 'motionpackage.egg-info/SOURCES.txt'
[4.383s] running build_ext
[4.386s] Creating /workspace/towen/install/motionpackage/lib/python3.10/site-packages/motionpackage.egg-link (link to .)
[4.388s] Installing motionpackage script to /workspace/towen/install/motionpackage/lib/motionpackage
[4.388s] 
[4.389s] Installed /workspace/towen/build/motionpackage
[4.389s] running symlink_data
[4.390s] symbolically linking /workspace/towen/build/motionpackage/resource/motionpackage -> /workspace/towen/install/motionpackage/share/ament_index/resource_index/packages
[4.390s] symbolically linking /workspace/towen/build/motionpackage/package.xml -> /workspace/towen/install/motionpackage/share/motionpackage
[4.496s] Invoked command in '/workspace/towen/build/motionpackage' returned '0': BYOBU_DATE=%Y-%m-%d PYTHONPATH=/workspace/towen/build/motionpackage/prefix_override:/usr/lib/python3/dist-packages/colcon_core/task/python/colcon_distutils_commands:/workspace/towen/install/motionpackage/lib/python3.10/site-packages:${PYTHONPATH} /usr/bin/python3 -W ignore:setup.py install is deprecated setup.py develop --editable --build-directory /workspace/towen/build/motionpackage/build --no-deps symlink_data --force
