[0.045s] Invoking command in '/workspace/towen/build/rosidl_runtime_c': AMENT_PREFIX_PATH=/workspace/towen/install/rosidl_typesupport_interface:${AMENT_PREFIX_PATH} BYOBU_DATE=%Y-%m-%d CMAKE_PREFIX_PATH=/workspace/towen/install/rosidl_typesupport_interface:/workspace/towen/install/image_geometry:/workspace/towen/install/web_video_server:/workspace/towen/install/cv_bridge:/opt/ros/humble/install:/workspace/towen/install/strategy:/workspace/towen/install/motionpackage:/workspace/towen/install/imageprocess:/opt/ros/humble /usr/local/bin/cmake /workspace/towen/src/rosidl/rosidl_runtime_c -DCMAKE_INSTALL_PREFIX=/workspace/towen/install/rosidl_runtime_c
[0.356s] -- The C compiler identification is GNU 11.4.0
[0.395s] -- Detecting C compiler ABI info
[0.562s] -- Detecting C compiler ABI info - done
[0.596s] -- Check for working C compiler: /usr/bin/cc - skipped
[0.597s] -- Detecting C compile features
[0.598s] -- Detecting C compile features - done
[0.604s] -- Found ament_cmake_ros: 0.10.0 (/opt/ros/humble/install/share/ament_cmake_ros/cmake)
[0.942s] -- Found Python3: /usr/local/bin/python3 (found version "3.10.12") found components: Interpreter
[1.200s] -- Found rcutils: 5.1.6 (/opt/ros/humble/install/share/rcutils/cmake)
[1.227s] -- Found rosidl_typesupport_interface: 3.1.7 (/workspace/towen/install/rosidl_typesupport_interface/share/rosidl_typesupport_interface/cmake)
[1.241s] -- Found ament_lint_auto: 0.12.11 (/opt/ros/humble/install/share/ament_lint_auto/cmake)
[1.247s] -- Found performance_test_fixture: 0.0.9 (/opt/ros/humble/install/share/performance_test_fixture/cmake)
[1.622s] -- The CXX compiler identification is GNU 11.4.0
[1.648s] -- Detecting CXX compiler ABI info
[1.820s] -- Detecting CXX compiler ABI info - done
[1.858s] -- Check for working CXX compiler: /usr/bin/c++ - skipped
[1.860s] -- Detecting CXX compile features
[1.863s] -- Detecting CXX compile features - done
[1.871s] -- Found gtest sources under '/opt/ros/humble/install/src/gtest_vendor': C++ tests using 'Google Test' will be built
[1.879s] -- Performing Test CMAKE_HAVE_LIBC_PTHREAD
[2.039s] -- Performing Test CMAKE_HAVE_LIBC_PTHREAD - Success
[2.043s] -- Found Threads: TRUE
[2.087s] -- Performance tests are disabled by default, so Google Benchmark tests will be skipped. To enable these tests, set the CMake variable 'AMENT_RUN_PERFORMANCE_TESTS'.
[2.105s] -- Added test 'copyright' to check source files copyright and LICENSE
[2.111s] -- Added test 'cppcheck' to perform static code analysis on C / C++ code
[2.111s] -- Configured cppcheck include dirs: /opt/ros/humble/install/include;$<BUILD_INTERFACE:/workspace/towen/src/rosidl/rosidl_runtime_c/include>
[2.112s] -- Configured cppcheck exclude dirs and/or files: 
[2.116s] -- Added test 'cpplint' to check C / C++ code against the Google style
[2.117s] -- Configured cpplint exclude dirs and/or files: 
[2.119s] -- Added test 'lint_cmake' to check CMake code style
[2.124s] -- Added test 'uncrustify' to check C / C++ code style
[2.124s] -- Configured uncrustify additional arguments: 
[2.126s] -- Added test 'xmllint' to check XML markup files
[2.132s] -- Configuring done (1.9s)
[2.184s] -- Generating done (0.1s)
[2.185s] -- Build files have been written to: /workspace/towen/build/rosidl_runtime_c
