[3.322s] Invoking command in '/workspace/towen/src/imageprocess': PYTHONPATH=/workspace/towen/build/imageprocess/prefix_override:/usr/lib/python3/dist-packages/colcon_core/task/python/colcon_distutils_commands:/workspace/towen/install/imageprocess/lib/python3.10/site-packages:${PYTHONPATH} /usr/bin/python3 -W ignore:setup.py install is deprecated setup.py egg_info --egg-base ../../build/imageprocess build --build-base /workspace/towen/build/imageprocess/build install --record /workspace/towen/build/imageprocess/install.log --single-version-externally-managed install_data
[4.119s] running egg_info
[4.166s] writing ../../build/imageprocess/imageprocess.egg-info/PKG-INFO
[4.169s] writing dependency_links to ../../build/imageprocess/imageprocess.egg-info/dependency_links.txt
[4.169s] writing entry points to ../../build/imageprocess/imageprocess.egg-info/entry_points.txt
[4.169s] writing requirements to ../../build/imageprocess/imageprocess.egg-info/requires.txt
[4.170s] writing top-level names to ../../build/imageprocess/imageprocess.egg-info/top_level.txt
[4.279s] reading manifest file '../../build/imageprocess/imageprocess.egg-info/SOURCES.txt'
[4.280s] adding license file 'LICENSE'
[4.283s] writing manifest file '../../build/imageprocess/imageprocess.egg-info/SOURCES.txt'
[4.284s] running build
[4.284s] running build_py
[4.285s] copying imageprocess/modelparameter.py -> /workspace/towen/build/imageprocess/build/lib/imageprocess
[4.286s] copying imageprocess/image_0417.py -> /workspace/towen/build/imageprocess/build/lib/imageprocess
[4.287s] copying imageprocess/dataunit.py -> /workspace/towen/build/imageprocess/build/lib/imageprocess
[4.287s] copying imageprocess/123123.py -> /workspace/towen/build/imageprocess/build/lib/imageprocess
[4.288s] copying imageprocess/image_test.py -> /workspace/towen/build/imageprocess/build/lib/imageprocess
[4.289s] copying imageprocess/image.py -> /workspace/towen/build/imageprocess/build/lib/imageprocess
[4.290s] copying imageprocess/__init__.py -> /workspace/towen/build/imageprocess/build/lib/imageprocess
[4.290s] copying imageprocess/imageprocess.py -> /workspace/towen/build/imageprocess/build/lib/imageprocess
[4.290s] copying imageprocess/camera_segment_headless.py -> /workspace/towen/build/imageprocess/build/lib/imageprocess
[4.292s] running install
[4.303s] running install_lib
[4.356s] running install_data
[4.356s] copying resource/imageprocess -> /workspace/towen/install/imageprocess/share/ament_index/resource_index/packages
[4.357s] copying package.xml -> /workspace/towen/install/imageprocess/share/imageprocess
[4.357s] running install_egg_info
[4.406s] removing '/workspace/towen/install/imageprocess/lib/python3.10/site-packages/imageprocess-0.0.0-py3.10.egg-info' (and everything under it)
[4.407s] Copying ../../build/imageprocess/imageprocess.egg-info to /workspace/towen/install/imageprocess/lib/python3.10/site-packages/imageprocess-0.0.0-py3.10.egg-info
[4.410s] running install_scripts
[4.841s] Installing image script to /workspace/towen/install/imageprocess/lib/imageprocess
[4.841s] Installing image_test script to /workspace/towen/install/imageprocess/lib/imageprocess
[4.841s] Installing imageprocess script to /workspace/towen/install/imageprocess/lib/imageprocess
[4.841s] writing list of installed files to '/workspace/towen/build/imageprocess/install.log'
[4.943s] Invoked command in '/workspace/towen/src/imageprocess' returned '0': PYTHONPATH=/workspace/towen/build/imageprocess/prefix_override:/usr/lib/python3/dist-packages/colcon_core/task/python/colcon_distutils_commands:/workspace/towen/install/imageprocess/lib/python3.10/site-packages:${PYTHONPATH} /usr/bin/python3 -W ignore:setup.py install is deprecated setup.py egg_info --egg-base ../../build/imageprocess build --build-base /workspace/towen/build/imageprocess/build install --record /workspace/towen/build/imageprocess/install.log --single-version-externally-managed install_data
