[0.064s] Invoking command in '/workspace/towen/build/rosidl_adapter': AMENT_PREFIX_PATH=/workspace/towen/install/rosidl_cli:/workspace/towen/install/zed_ros2:/workspace/towen/install/zed_wrapper:/workspace/towen/install/zed_components:/workspace/towen/install/webrtc_ros_msgs:/workspace/towen/install/web_video_server:/workspace/towen/install/vision_opencv:/workspace/towen/install/usb_cam:/workspace/towen/install/tku_msgs:/workspace/towen/install/strategy:/workspace/towen/install/rosidl_typesupport_introspection_tests:/workspace/towen/install/rosidl_typesupport_introspection_cpp:/workspace/towen/install/rosidl_typesupport_introspection_c:/workspace/towen/install/rosidl_generator_cpp:/workspace/towen/install/rosidl_runtime_cpp:/workspace/towen/install/rosidl_runtime_c:/workspace/towen/install/rosidl_generator_c:/workspace/towen/install/rosidl_typesupport_interface:/workspace/towen/install/rosidl_cmake:/workspace/towen/install/rosidl_parser:/workspace/towen/install/rosidl_adapter:/workspace/towen/install/opencv_tests:/workspace/towen/install/motionpackage:/workspace/towen/install/imageprocess:/workspace/towen/install/image_geometry:/workspace/towen/install/cv_bridge:/opt/ros/humble:/opt/ros/humble/install:/opt/ros/humble/install BYOBU_DATE=%Y-%m-%d CMAKE_PREFIX_PATH=${CMAKE_PREFIX_PATH}:/workspace/towen/install/strategy:/workspace/towen/install/rosidl_cli:/workspace/towen/install/opencv_tests:/workspace/towen/install/motionpackage:/workspace/towen/install/imageprocess:/opt/ros/humble PYTHONPATH=/workspace/towen/install/rosidl_cli/lib/python3.10/site-packages:/workspace/towen/install/webrtc_ros_msgs/local/lib/python3.10/dist-packages:/workspace/towen/install/tku_msgs/local/lib/python3.10/dist-packages:/workspace/towen/install/strategy/lib/python3.10/site-packages:/workspace/towen/install/rosidl_typesupport_introspection_cpp/local/lib/python3.10/dist-packages:/workspace/towen/install/rosidl_typesupport_introspection_c/local/lib/python3.10/dist-packages:/workspace/towen/install/rosidl_generator_cpp/local/lib/python3.10/dist-packages:/workspace/towen/install/rosidl_generator_c/local/lib/python3.10/dist-packages:/workspace/towen/install/rosidl_cmake/local/lib/python3.10/dist-packages:/workspace/towen/install/rosidl_parser/local/lib/python3.10/dist-packages:/workspace/towen/install/rosidl_adapter/local/lib/python3.10/dist-packages:/workspace/towen/install/opencv_tests/lib/python3.10/site-packages:/workspace/towen/install/motionpackage/lib/python3.10/site-packages:/workspace/towen/install/imageprocess/lib/python3.10/site-packages:/workspace/towen/install/image_geometry/local/lib/python3.10/dist-packages:/workspace/towen/install/cv_bridge/local/lib/python3.10/dist-packages:/opt/ros/humble/lib/python3.10/site-packages:/opt/ros/humble/local/lib/python3.10/dist-packages:/opt/ros/humble/install/local/lib/python3.10/dist-packages:/opt/ros/humble/install/lib/python3.10/site-packages /usr/local/bin/cmake --build /workspace/towen/build/rosidl_adapter -- -j6 -l6
[0.528s] Built target ament_cmake_python_copy_rosidl_adapter_setup
[0.624s] Built target ament_cmake_python_copy_rosidl_adapter
[1.533s] running egg_info
[1.588s] writing rosidl_adapter.egg-info/PKG-INFO
[1.590s] writing dependency_links to rosidl_adapter.egg-info/dependency_links.txt
[1.594s] writing entry points to rosidl_adapter.egg-info/entry_points.txt
[1.594s] writing top-level names to rosidl_adapter.egg-info/top_level.txt
[1.761s] reading manifest file 'rosidl_adapter.egg-info/SOURCES.txt'
[1.764s] writing manifest file 'rosidl_adapter.egg-info/SOURCES.txt'
[1.852s] Built target ament_cmake_python_build_rosidl_adapter_egg
[1.973s] Invoked command in '/workspace/towen/build/rosidl_adapter' returned '0': AMENT_PREFIX_PATH=/workspace/towen/install/rosidl_cli:/workspace/towen/install/zed_ros2:/workspace/towen/install/zed_wrapper:/workspace/towen/install/zed_components:/workspace/towen/install/webrtc_ros_msgs:/workspace/towen/install/web_video_server:/workspace/towen/install/vision_opencv:/workspace/towen/install/usb_cam:/workspace/towen/install/tku_msgs:/workspace/towen/install/strategy:/workspace/towen/install/rosidl_typesupport_introspection_tests:/workspace/towen/install/rosidl_typesupport_introspection_cpp:/workspace/towen/install/rosidl_typesupport_introspection_c:/workspace/towen/install/rosidl_generator_cpp:/workspace/towen/install/rosidl_runtime_cpp:/workspace/towen/install/rosidl_runtime_c:/workspace/towen/install/rosidl_generator_c:/workspace/towen/install/rosidl_typesupport_interface:/workspace/towen/install/rosidl_cmake:/workspace/towen/install/rosidl_parser:/workspace/towen/install/rosidl_adapter:/workspace/towen/install/opencv_tests:/workspace/towen/install/motionpackage:/workspace/towen/install/imageprocess:/workspace/towen/install/image_geometry:/workspace/towen/install/cv_bridge:/opt/ros/humble:/opt/ros/humble/install:/opt/ros/humble/install BYOBU_DATE=%Y-%m-%d CMAKE_PREFIX_PATH=${CMAKE_PREFIX_PATH}:/workspace/towen/install/strategy:/workspace/towen/install/rosidl_cli:/workspace/towen/install/opencv_tests:/workspace/towen/install/motionpackage:/workspace/towen/install/imageprocess:/opt/ros/humble PYTHONPATH=/workspace/towen/install/rosidl_cli/lib/python3.10/site-packages:/workspace/towen/install/webrtc_ros_msgs/local/lib/python3.10/dist-packages:/workspace/towen/install/tku_msgs/local/lib/python3.10/dist-packages:/workspace/towen/install/strategy/lib/python3.10/site-packages:/workspace/towen/install/rosidl_typesupport_introspection_cpp/local/lib/python3.10/dist-packages:/workspace/towen/install/rosidl_typesupport_introspection_c/local/lib/python3.10/dist-packages:/workspace/towen/install/rosidl_generator_cpp/local/lib/python3.10/dist-packages:/workspace/towen/install/rosidl_generator_c/local/lib/python3.10/dist-packages:/workspace/towen/install/rosidl_cmake/local/lib/python3.10/dist-packages:/workspace/towen/install/rosidl_parser/local/lib/python3.10/dist-packages:/workspace/towen/install/rosidl_adapter/local/lib/python3.10/dist-packages:/workspace/towen/install/opencv_tests/lib/python3.10/site-packages:/workspace/towen/install/motionpackage/lib/python3.10/site-packages:/workspace/towen/install/imageprocess/lib/python3.10/site-packages:/workspace/towen/install/image_geometry/local/lib/python3.10/dist-packages:/workspace/towen/install/cv_bridge/local/lib/python3.10/dist-packages:/opt/ros/humble/lib/python3.10/site-packages:/opt/ros/humble/local/lib/python3.10/dist-packages:/opt/ros/humble/install/local/lib/python3.10/dist-packages:/opt/ros/humble/install/lib/python3.10/site-packages /usr/local/bin/cmake --build /workspace/towen/build/rosidl_adapter -- -j6 -l6
[2.649s] Invoking command in '/workspace/towen/build/rosidl_adapter': AMENT_PREFIX_PATH=/workspace/towen/install/rosidl_cli:/workspace/towen/install/zed_ros2:/workspace/towen/install/zed_wrapper:/workspace/towen/install/zed_components:/workspace/towen/install/webrtc_ros_msgs:/workspace/towen/install/web_video_server:/workspace/towen/install/vision_opencv:/workspace/towen/install/usb_cam:/workspace/towen/install/tku_msgs:/workspace/towen/install/strategy:/workspace/towen/install/rosidl_typesupport_introspection_tests:/workspace/towen/install/rosidl_typesupport_introspection_cpp:/workspace/towen/install/rosidl_typesupport_introspection_c:/workspace/towen/install/rosidl_generator_cpp:/workspace/towen/install/rosidl_runtime_cpp:/workspace/towen/install/rosidl_runtime_c:/workspace/towen/install/rosidl_generator_c:/workspace/towen/install/rosidl_typesupport_interface:/workspace/towen/install/rosidl_cmake:/workspace/towen/install/rosidl_parser:/workspace/towen/install/rosidl_adapter:/workspace/towen/install/opencv_tests:/workspace/towen/install/motionpackage:/workspace/towen/install/imageprocess:/workspace/towen/install/image_geometry:/workspace/towen/install/cv_bridge:/opt/ros/humble:/opt/ros/humble/install:/opt/ros/humble/install BYOBU_DATE=%Y-%m-%d CMAKE_PREFIX_PATH=${CMAKE_PREFIX_PATH}:/workspace/towen/install/strategy:/workspace/towen/install/rosidl_cli:/workspace/towen/install/opencv_tests:/workspace/towen/install/motionpackage:/workspace/towen/install/imageprocess:/opt/ros/humble PYTHONPATH=/workspace/towen/install/rosidl_cli/lib/python3.10/site-packages:/workspace/towen/install/webrtc_ros_msgs/local/lib/python3.10/dist-packages:/workspace/towen/install/tku_msgs/local/lib/python3.10/dist-packages:/workspace/towen/install/strategy/lib/python3.10/site-packages:/workspace/towen/install/rosidl_typesupport_introspection_cpp/local/lib/python3.10/dist-packages:/workspace/towen/install/rosidl_typesupport_introspection_c/local/lib/python3.10/dist-packages:/workspace/towen/install/rosidl_generator_cpp/local/lib/python3.10/dist-packages:/workspace/towen/install/rosidl_generator_c/local/lib/python3.10/dist-packages:/workspace/towen/install/rosidl_cmake/local/lib/python3.10/dist-packages:/workspace/towen/install/rosidl_parser/local/lib/python3.10/dist-packages:/workspace/towen/install/rosidl_adapter/local/lib/python3.10/dist-packages:/workspace/towen/install/opencv_tests/lib/python3.10/site-packages:/workspace/towen/install/motionpackage/lib/python3.10/site-packages:/workspace/towen/install/imageprocess/lib/python3.10/site-packages:/workspace/towen/install/image_geometry/local/lib/python3.10/dist-packages:/workspace/towen/install/cv_bridge/local/lib/python3.10/dist-packages:/opt/ros/humble/lib/python3.10/site-packages:/opt/ros/humble/local/lib/python3.10/dist-packages:/opt/ros/humble/install/local/lib/python3.10/dist-packages:/opt/ros/humble/install/lib/python3.10/site-packages /usr/local/bin/cmake --install /workspace/towen/build/rosidl_adapter
[3.050s] -- Install configuration: ""
[3.058s] -- Up-to-date: /workspace/towen/install/rosidl_adapter/share/rosidl_adapter/environment/pythonpath.sh
[3.059s] -- Up-to-date: /workspace/towen/install/rosidl_adapter/share/rosidl_adapter/environment/pythonpath.dsv
[3.065s] -- Up-to-date: /workspace/towen/install/rosidl_adapter/local/lib/python3.10/dist-packages/rosidl_adapter-3.1.7-py3.10.egg-info
[3.066s] -- Installing: /workspace/towen/install/rosidl_adapter/local/lib/python3.10/dist-packages/rosidl_adapter-3.1.7-py3.10.egg-info/PKG-INFO
[3.066s] -- Installing: /workspace/towen/install/rosidl_adapter/local/lib/python3.10/dist-packages/rosidl_adapter-3.1.7-py3.10.egg-info/entry_points.txt
[3.066s] -- Installing: /workspace/towen/install/rosidl_adapter/local/lib/python3.10/dist-packages/rosidl_adapter-3.1.7-py3.10.egg-info/top_level.txt
[3.078s] -- Installing: /workspace/towen/install/rosidl_adapter/local/lib/python3.10/dist-packages/rosidl_adapter-3.1.7-py3.10.egg-info/SOURCES.txt
[3.078s] -- Installing: /workspace/towen/install/rosidl_adapter/local/lib/python3.10/dist-packages/rosidl_adapter-3.1.7-py3.10.egg-info/dependency_links.txt
[3.079s] -- Up-to-date: /workspace/towen/install/rosidl_adapter/local/lib/python3.10/dist-packages/rosidl_adapter
[3.079s] -- Up-to-date: /workspace/towen/install/rosidl_adapter/local/lib/python3.10/dist-packages/rosidl_adapter/parser.py
[3.079s] -- Up-to-date: /workspace/towen/install/rosidl_adapter/local/lib/python3.10/dist-packages/rosidl_adapter/srv
[3.085s] -- Up-to-date: /workspace/towen/install/rosidl_adapter/local/lib/python3.10/dist-packages/rosidl_adapter/srv/__init__.py
[3.085s] -- Up-to-date: /workspace/towen/install/rosidl_adapter/local/lib/python3.10/dist-packages/rosidl_adapter/msg
[3.085s] -- Up-to-date: /workspace/towen/install/rosidl_adapter/local/lib/python3.10/dist-packages/rosidl_adapter/msg/__init__.py
[3.086s] -- Up-to-date: /workspace/towen/install/rosidl_adapter/local/lib/python3.10/dist-packages/rosidl_adapter/__init__.py
[3.086s] -- Up-to-date: /workspace/towen/install/rosidl_adapter/local/lib/python3.10/dist-packages/rosidl_adapter/__main__.py
[3.086s] -- Up-to-date: /workspace/towen/install/rosidl_adapter/local/lib/python3.10/dist-packages/rosidl_adapter/main.py
[3.086s] -- Up-to-date: /workspace/towen/install/rosidl_adapter/local/lib/python3.10/dist-packages/rosidl_adapter/cli.py
[3.086s] -- Up-to-date: /workspace/towen/install/rosidl_adapter/local/lib/python3.10/dist-packages/rosidl_adapter/action
[3.086s] -- Up-to-date: /workspace/towen/install/rosidl_adapter/local/lib/python3.10/dist-packages/rosidl_adapter/action/__init__.py
[3.086s] -- Up-to-date: /workspace/towen/install/rosidl_adapter/local/lib/python3.10/dist-packages/rosidl_adapter/resource
[3.087s] -- Up-to-date: /workspace/towen/install/rosidl_adapter/local/lib/python3.10/dist-packages/rosidl_adapter/resource/struct.idl.em
[3.087s] -- Up-to-date: /workspace/towen/install/rosidl_adapter/local/lib/python3.10/dist-packages/rosidl_adapter/resource/__init__.py
[3.098s] -- Up-to-date: /workspace/towen/install/rosidl_adapter/local/lib/python3.10/dist-packages/rosidl_adapter/resource/srv.idl.em
[3.098s] -- Up-to-date: /workspace/towen/install/rosidl_adapter/local/lib/python3.10/dist-packages/rosidl_adapter/resource/action.idl.em
[3.098s] -- Up-to-date: /workspace/towen/install/rosidl_adapter/local/lib/python3.10/dist-packages/rosidl_adapter/resource/msg.idl.em
[3.300s] Listing '/workspace/towen/install/rosidl_adapter/local/lib/python3.10/dist-packages/rosidl_adapter'...
[3.303s] Listing '/workspace/towen/install/rosidl_adapter/local/lib/python3.10/dist-packages/rosidl_adapter/action'...
[3.305s] Listing '/workspace/towen/install/rosidl_adapter/local/lib/python3.10/dist-packages/rosidl_adapter/msg'...
[3.310s] Listing '/workspace/towen/install/rosidl_adapter/local/lib/python3.10/dist-packages/rosidl_adapter/resource'...
[3.311s] Listing '/workspace/towen/install/rosidl_adapter/local/lib/python3.10/dist-packages/rosidl_adapter/srv'...
[3.339s] -- Up-to-date: /workspace/towen/install/rosidl_adapter/share/ament_index/resource_index/package_run_dependencies/rosidl_adapter
[3.339s] -- Up-to-date: /workspace/towen/install/rosidl_adapter/share/ament_index/resource_index/parent_prefix_path/rosidl_adapter
[3.340s] -- Up-to-date: /workspace/towen/install/rosidl_adapter/share/rosidl_adapter/environment/ament_prefix_path.sh
[3.340s] -- Up-to-date: /workspace/towen/install/rosidl_adapter/share/rosidl_adapter/environment/ament_prefix_path.dsv
[3.340s] -- Up-to-date: /workspace/towen/install/rosidl_adapter/share/rosidl_adapter/environment/path.sh
[3.340s] -- Up-to-date: /workspace/towen/install/rosidl_adapter/share/rosidl_adapter/environment/path.dsv
[3.340s] -- Up-to-date: /workspace/towen/install/rosidl_adapter/share/rosidl_adapter/local_setup.bash
[3.340s] -- Up-to-date: /workspace/towen/install/rosidl_adapter/share/rosidl_adapter/local_setup.sh
[3.341s] -- Up-to-date: /workspace/towen/install/rosidl_adapter/share/rosidl_adapter/local_setup.zsh
[3.341s] -- Up-to-date: /workspace/towen/install/rosidl_adapter/share/rosidl_adapter/local_setup.dsv
[3.341s] -- Installing: /workspace/towen/install/rosidl_adapter/share/rosidl_adapter/package.dsv
[3.351s] -- Up-to-date: /workspace/towen/install/rosidl_adapter/share/ament_index/resource_index/packages/rosidl_adapter
[3.352s] -- Up-to-date: /workspace/towen/install/rosidl_adapter/share/rosidl_adapter/cmake/rosidl_adapter-extras.cmake
[3.353s] -- Up-to-date: /workspace/towen/install/rosidl_adapter/share/rosidl_adapter/cmake/rosidl_adapterConfig.cmake
[3.355s] -- Up-to-date: /workspace/towen/install/rosidl_adapter/share/rosidl_adapter/cmake/rosidl_adapterConfig-version.cmake
[3.355s] -- Up-to-date: /workspace/towen/install/rosidl_adapter/share/rosidl_adapter/package.xml
[3.355s] -- Up-to-date: /workspace/towen/install/rosidl_adapter/share/rosidl_adapter/cmake
[3.355s] -- Up-to-date: /workspace/towen/install/rosidl_adapter/share/rosidl_adapter/cmake/rosidl_adapt_interfaces.cmake
[3.356s] -- Up-to-date: /workspace/towen/install/rosidl_adapter/lib/rosidl_adapter/msg2idl.py
[3.356s] -- Up-to-date: /workspace/towen/install/rosidl_adapter/lib/rosidl_adapter/srv2idl.py
[3.462s] Invoked command in '/workspace/towen/build/rosidl_adapter' returned '0': AMENT_PREFIX_PATH=/workspace/towen/install/rosidl_cli:/workspace/towen/install/zed_ros2:/workspace/towen/install/zed_wrapper:/workspace/towen/install/zed_components:/workspace/towen/install/webrtc_ros_msgs:/workspace/towen/install/web_video_server:/workspace/towen/install/vision_opencv:/workspace/towen/install/usb_cam:/workspace/towen/install/tku_msgs:/workspace/towen/install/strategy:/workspace/towen/install/rosidl_typesupport_introspection_tests:/workspace/towen/install/rosidl_typesupport_introspection_cpp:/workspace/towen/install/rosidl_typesupport_introspection_c:/workspace/towen/install/rosidl_generator_cpp:/workspace/towen/install/rosidl_runtime_cpp:/workspace/towen/install/rosidl_runtime_c:/workspace/towen/install/rosidl_generator_c:/workspace/towen/install/rosidl_typesupport_interface:/workspace/towen/install/rosidl_cmake:/workspace/towen/install/rosidl_parser:/workspace/towen/install/rosidl_adapter:/workspace/towen/install/opencv_tests:/workspace/towen/install/motionpackage:/workspace/towen/install/imageprocess:/workspace/towen/install/image_geometry:/workspace/towen/install/cv_bridge:/opt/ros/humble:/opt/ros/humble/install:/opt/ros/humble/install BYOBU_DATE=%Y-%m-%d CMAKE_PREFIX_PATH=${CMAKE_PREFIX_PATH}:/workspace/towen/install/strategy:/workspace/towen/install/rosidl_cli:/workspace/towen/install/opencv_tests:/workspace/towen/install/motionpackage:/workspace/towen/install/imageprocess:/opt/ros/humble PYTHONPATH=/workspace/towen/install/rosidl_cli/lib/python3.10/site-packages:/workspace/towen/install/webrtc_ros_msgs/local/lib/python3.10/dist-packages:/workspace/towen/install/tku_msgs/local/lib/python3.10/dist-packages:/workspace/towen/install/strategy/lib/python3.10/site-packages:/workspace/towen/install/rosidl_typesupport_introspection_cpp/local/lib/python3.10/dist-packages:/workspace/towen/install/rosidl_typesupport_introspection_c/local/lib/python3.10/dist-packages:/workspace/towen/install/rosidl_generator_cpp/local/lib/python3.10/dist-packages:/workspace/towen/install/rosidl_generator_c/local/lib/python3.10/dist-packages:/workspace/towen/install/rosidl_cmake/local/lib/python3.10/dist-packages:/workspace/towen/install/rosidl_parser/local/lib/python3.10/dist-packages:/workspace/towen/install/rosidl_adapter/local/lib/python3.10/dist-packages:/workspace/towen/install/opencv_tests/lib/python3.10/site-packages:/workspace/towen/install/motionpackage/lib/python3.10/site-packages:/workspace/towen/install/imageprocess/lib/python3.10/site-packages:/workspace/towen/install/image_geometry/local/lib/python3.10/dist-packages:/workspace/towen/install/cv_bridge/local/lib/python3.10/dist-packages:/opt/ros/humble/lib/python3.10/site-packages:/opt/ros/humble/local/lib/python3.10/dist-packages:/opt/ros/humble/install/local/lib/python3.10/dist-packages:/opt/ros/humble/install/lib/python3.10/site-packages /usr/local/bin/cmake --install /workspace/towen/build/rosidl_adapter
