[  0%] Built target ament_cmake_python_copy_rosidl_generator_c_setup
[ 66%] Built target rosidl_generator_c_interfaces__rosidl_generator_c
[ 66%] Built target ament_cmake_python_copy_rosidl_generator_c
[ 76%] Built target test_interfaces_c
[ 76%] Built target rosidl_generator_c_interfaces
[ 85%] Built target test_invalid_initialization_c
[100%] Built target test_compilation_c
running egg_info
writing rosidl_generator_c.egg-info/PKG-INFO
writing dependency_links to rosidl_generator_c.egg-info/dependency_links.txt
writing entry points to rosidl_generator_c.egg-info/entry_points.txt
writing top-level names to rosidl_generator_c.egg-info/top_level.txt
reading manifest file 'rosidl_generator_c.egg-info/SOURCES.txt'
writing manifest file 'rosidl_generator_c.egg-info/SOURCES.txt'
[100%] Built target ament_cmake_python_build_rosidl_generator_c_egg
-- Install configuration: ""
-- Up-to-date: /workspace/towen/install/rosidl_generator_c/share/ament_index/resource_index/rosidl_generator_packages/rosidl_generator_c
-- Up-to-date: /workspace/towen/install/rosidl_generator_c/share/rosidl_generator_c/environment/pythonpath.sh
-- Up-to-date: /workspace/towen/install/rosidl_generator_c/share/rosidl_generator_c/environment/pythonpath.dsv
-- Up-to-date: /workspace/towen/install/rosidl_generator_c/local/lib/python3.10/dist-packages/rosidl_generator_c-3.1.7-py3.10.egg-info
-- Installing: /workspace/towen/install/rosidl_generator_c/local/lib/python3.10/dist-packages/rosidl_generator_c-3.1.7-py3.10.egg-info/PKG-INFO
-- Installing: /workspace/towen/install/rosidl_generator_c/local/lib/python3.10/dist-packages/rosidl_generator_c-3.1.7-py3.10.egg-info/entry_points.txt
-- Installing: /workspace/towen/install/rosidl_generator_c/local/lib/python3.10/dist-packages/rosidl_generator_c-3.1.7-py3.10.egg-info/top_level.txt
-- Installing: /workspace/towen/install/rosidl_generator_c/local/lib/python3.10/dist-packages/rosidl_generator_c-3.1.7-py3.10.egg-info/SOURCES.txt
-- Installing: /workspace/towen/install/rosidl_generator_c/local/lib/python3.10/dist-packages/rosidl_generator_c-3.1.7-py3.10.egg-info/dependency_links.txt
-- Up-to-date: /workspace/towen/install/rosidl_generator_c/local/lib/python3.10/dist-packages/rosidl_generator_c
-- Up-to-date: /workspace/towen/install/rosidl_generator_c/local/lib/python3.10/dist-packages/rosidl_generator_c/__init__.py
-- Up-to-date: /workspace/towen/install/rosidl_generator_c/local/lib/python3.10/dist-packages/rosidl_generator_c/cli.py
Listing '/workspace/towen/install/rosidl_generator_c/local/lib/python3.10/dist-packages/rosidl_generator_c'...
-- Up-to-date: /workspace/towen/install/rosidl_generator_c/share/ament_index/resource_index/package_run_dependencies/rosidl_generator_c
-- Up-to-date: /workspace/towen/install/rosidl_generator_c/share/ament_index/resource_index/parent_prefix_path/rosidl_generator_c
-- Up-to-date: /workspace/towen/install/rosidl_generator_c/share/rosidl_generator_c/environment/ament_prefix_path.sh
-- Up-to-date: /workspace/towen/install/rosidl_generator_c/share/rosidl_generator_c/environment/ament_prefix_path.dsv
-- Up-to-date: /workspace/towen/install/rosidl_generator_c/share/rosidl_generator_c/environment/path.sh
-- Up-to-date: /workspace/towen/install/rosidl_generator_c/share/rosidl_generator_c/environment/path.dsv
-- Up-to-date: /workspace/towen/install/rosidl_generator_c/share/rosidl_generator_c/local_setup.bash
-- Up-to-date: /workspace/towen/install/rosidl_generator_c/share/rosidl_generator_c/local_setup.sh
-- Up-to-date: /workspace/towen/install/rosidl_generator_c/share/rosidl_generator_c/local_setup.zsh
-- Up-to-date: /workspace/towen/install/rosidl_generator_c/share/rosidl_generator_c/local_setup.dsv
-- Installing: /workspace/towen/install/rosidl_generator_c/share/rosidl_generator_c/package.dsv
-- Up-to-date: /workspace/towen/install/rosidl_generator_c/share/ament_index/resource_index/packages/rosidl_generator_c
-- Up-to-date: /workspace/towen/install/rosidl_generator_c/share/rosidl_generator_c/cmake/rosidl_generator_c-extras.cmake
-- Up-to-date: /workspace/towen/install/rosidl_generator_c/share/rosidl_generator_c/cmake/ament_cmake_export_dependencies-extras.cmake
-- Up-to-date: /workspace/towen/install/rosidl_generator_c/share/rosidl_generator_c/cmake/rosidl_cmake-extras.cmake
-- Up-to-date: /workspace/towen/install/rosidl_generator_c/share/rosidl_generator_c/cmake/rosidl_generator_cConfig.cmake
-- Up-to-date: /workspace/towen/install/rosidl_generator_c/share/rosidl_generator_c/cmake/rosidl_generator_cConfig-version.cmake
-- Up-to-date: /workspace/towen/install/rosidl_generator_c/share/rosidl_generator_c/package.xml
-- Up-to-date: /workspace/towen/install/rosidl_generator_c/lib/rosidl_generator_c/rosidl_generator_c
-- Up-to-date: /workspace/towen/install/rosidl_generator_c/share/rosidl_generator_c/cmake
-- Up-to-date: /workspace/towen/install/rosidl_generator_c/share/rosidl_generator_c/cmake/register_c.cmake
-- Up-to-date: /workspace/towen/install/rosidl_generator_c/share/rosidl_generator_c/cmake/rosidl_generator_c_generate_interfaces.cmake
-- Up-to-date: /workspace/towen/install/rosidl_generator_c/share/rosidl_generator_c/resource
-- Up-to-date: /workspace/towen/install/rosidl_generator_c/share/rosidl_generator_c/resource/msg__struct.h.em
-- Up-to-date: /workspace/towen/install/rosidl_generator_c/share/rosidl_generator_c/resource/idl__struct.h.em
-- Up-to-date: /workspace/towen/install/rosidl_generator_c/share/rosidl_generator_c/resource/msg__functions.c.em
-- Up-to-date: /workspace/towen/install/rosidl_generator_c/share/rosidl_generator_c/resource/srv__type_support.h.em
-- Up-to-date: /workspace/towen/install/rosidl_generator_c/share/rosidl_generator_c/resource/idl__functions.c.em
-- Up-to-date: /workspace/towen/install/rosidl_generator_c/share/rosidl_generator_c/resource/msg__functions.h.em
-- Up-to-date: /workspace/towen/install/rosidl_generator_c/share/rosidl_generator_c/resource/idl__functions.h.em
-- Up-to-date: /workspace/towen/install/rosidl_generator_c/share/rosidl_generator_c/resource/rosidl_generator_c__visibility_control.h.in
-- Up-to-date: /workspace/towen/install/rosidl_generator_c/share/rosidl_generator_c/resource/msg__type_support.h.em
-- Up-to-date: /workspace/towen/install/rosidl_generator_c/share/rosidl_generator_c/resource/idl.h.em
-- Up-to-date: /workspace/towen/install/rosidl_generator_c/share/rosidl_generator_c/resource/idl__type_support.h.em
-- Up-to-date: /workspace/towen/install/rosidl_generator_c/share/rosidl_generator_c/resource/action__type_support.h.em
