[3.469s] Invoking command in '/workspace/towen/src/strategy': BYOBU_DATE=%Y-%m-%d PYTHONPATH=/workspace/towen/build/strategy/prefix_override:/usr/lib/python3/dist-packages/colcon_core/task/python/colcon_distutils_commands:/workspace/towen/install/strategy/lib/python3.10/site-packages:${PYTHONPATH} /usr/bin/python3 -W ignore:setup.py install is deprecated setup.py egg_info --egg-base ../../build/strategy build --build-base /workspace/towen/build/strategy/build install --record /workspace/towen/build/strategy/install.log --single-version-externally-managed install_data
[4.384s] running egg_info
[4.441s] writing ../../build/strategy/strategy.egg-info/PKG-INFO
[4.446s] writing dependency_links to ../../build/strategy/strategy.egg-info/dependency_links.txt
[4.447s] writing entry points to ../../build/strategy/strategy.egg-info/entry_points.txt
[4.449s] writing requirements to ../../build/strategy/strategy.egg-info/requires.txt
[4.450s] writing top-level names to ../../build/strategy/strategy.egg-info/top_level.txt
[4.559s] reading manifest file '../../build/strategy/strategy.egg-info/SOURCES.txt'
[4.562s] adding license file 'LICENSE'
[4.564s] writing manifest file '../../build/strategy/strategy.egg-info/SOURCES.txt'
[4.565s] running build
[4.566s] running build_py
[4.566s] copying strategy/__init__.py -> /workspace/towen/build/strategy/build/lib/strategy
[4.567s] copying strategy/API.py -> /workspace/towen/build/strategy/build/lib/strategy
[4.569s] copying strategy/mar/__init__.py -> /workspace/towen/build/strategy/build/lib/strategy/mar
[4.571s] copying strategy/mar/mar.py -> /workspace/towen/build/strategy/build/lib/strategy/mar
[4.573s] copying strategy/wl/wl.py -> /workspace/towen/build/strategy/build/lib/strategy/wl
[4.574s] copying strategy/wl/__init__.py -> /workspace/towen/build/strategy/build/lib/strategy/wl
[4.575s] copying strategy/sp/sp.py -> /workspace/towen/build/strategy/build/lib/strategy/sp
[4.575s] copying strategy/sp/__init__.py -> /workspace/towen/build/strategy/build/lib/strategy/sp
[4.579s] copying strategy/obs/__init__.py -> /workspace/towen/build/strategy/build/lib/strategy/obs
[4.580s] copying strategy/obs/obs.py -> /workspace/towen/build/strategy/build/lib/strategy/obs
[4.581s] copying strategy/sr/__init__.py -> /workspace/towen/build/strategy/build/lib/strategy/sr
[4.582s] copying strategy/sr/sr.py -> /workspace/towen/build/strategy/build/lib/strategy/sr
[4.583s] copying strategy/bb/__init__.py -> /workspace/towen/build/strategy/build/lib/strategy/bb
[4.583s] copying strategy/bb/bb.py -> /workspace/towen/build/strategy/build/lib/strategy/bb
[4.585s] copying strategy/ar/__init__.py -> /workspace/towen/build/strategy/build/lib/strategy/ar
[4.587s] copying strategy/ar/ar.py -> /workspace/towen/build/strategy/build/lib/strategy/ar
[4.589s] running install
[4.602s] running install_lib
[4.660s] running install_data
[4.664s] copying resource/strategy -> /workspace/towen/install/strategy/share/ament_index/resource_index/packages
[4.664s] copying package.xml -> /workspace/towen/install/strategy/share/strategy
[4.665s] running install_egg_info
[4.715s] removing '/workspace/towen/install/strategy/lib/python3.10/site-packages/strategy-0.0.0-py3.10.egg-info' (and everything under it)
[4.721s] Copying ../../build/strategy/strategy.egg-info to /workspace/towen/install/strategy/lib/python3.10/site-packages/strategy-0.0.0-py3.10.egg-info
[4.721s] running install_scripts
[4.841s] Installing ar script to /workspace/towen/install/strategy/lib/strategy
[4.842s] Installing bb script to /workspace/towen/install/strategy/lib/strategy
[4.846s] Installing mar script to /workspace/towen/install/strategy/lib/strategy
[4.847s] Installing obs script to /workspace/towen/install/strategy/lib/strategy
[4.847s] Installing sp script to /workspace/towen/install/strategy/lib/strategy
[4.847s] Installing sr script to /workspace/towen/install/strategy/lib/strategy
[4.850s] Installing wl script to /workspace/towen/install/strategy/lib/strategy
[4.856s] writing list of installed files to '/workspace/towen/build/strategy/install.log'
[5.072s] Invoked command in '/workspace/towen/src/strategy' returned '0': BYOBU_DATE=%Y-%m-%d PYTHONPATH=/workspace/towen/build/strategy/prefix_override:/usr/lib/python3/dist-packages/colcon_core/task/python/colcon_distutils_commands:/workspace/towen/install/strategy/lib/python3.10/site-packages:${PYTHONPATH} /usr/bin/python3 -W ignore:setup.py install is deprecated setup.py egg_info --egg-base ../../build/strategy build --build-base /workspace/towen/build/strategy/build install --record /workspace/towen/build/strategy/install.log --single-version-externally-managed install_data
