[4.256s] Invoking command in '/workspace/towen/build/rosidl_cli': BYOBU_DATE=%Y-%m-%d PYTHONPATH=/workspace/towen/build/rosidl_cli/prefix_override:/usr/lib/python3/dist-packages/colcon_core/task/python/colcon_distutils_commands:/workspace/towen/install/rosidl_cli/lib/python3.10/site-packages:${PYTHONPATH} /usr/bin/python3 -W ignore:setup.py install is deprecated setup.py develop --editable --build-directory /workspace/towen/build/rosidl_cli/build --no-deps symlink_data --force
[5.905s] running develop
[5.907s] /usr/local/lib/python3.10/dist-packages/setuptools/command/develop.py:41: EasyInstallDeprecationWarning: easy_install command is deprecated.
[5.911s] !!
[5.912s] 
[5.912s]         ********************************************************************************
[5.913s]         Please avoid running ``setup.py`` and ``easy_install``.
[5.914s]         Instead, use pypa/build, pypa/installer or other
[5.915s]         standards-based tools.
[5.917s] 
[5.918s]         See https://github.com/pypa/setuptools/issues/917 for details.
[5.919s]         ********************************************************************************
[5.920s] 
[5.921s] !!
[5.922s]   easy_install.initialize_options(self)
[6.657s] running egg_info
[6.696s] writing rosidl_cli.egg-info/PKG-INFO
[6.700s] writing dependency_links to rosidl_cli.egg-info/dependency_links.txt
[6.703s] writing entry points to rosidl_cli.egg-info/entry_points.txt
[6.703s] writing requirements to rosidl_cli.egg-info/requires.txt
[6.703s] writing top-level names to rosidl_cli.egg-info/top_level.txt
[6.801s] reading manifest file 'rosidl_cli.egg-info/SOURCES.txt'
[6.804s] writing manifest file 'rosidl_cli.egg-info/SOURCES.txt'
[7.082s] running build_ext
[7.084s] Creating /workspace/towen/install/rosidl_cli/lib/python3.10/site-packages/rosidl-cli.egg-link (link to .)
[7.092s] Installing rosidl script to /workspace/towen/install/rosidl_cli/bin
[7.095s] 
[7.103s] Installed /workspace/towen/build/rosidl_cli
[7.106s] running symlink_data
[7.114s] symbolically linking /workspace/towen/build/rosidl_cli/resource/rosidl_cli -> /workspace/towen/install/rosidl_cli/share/ament_index/resource_index/packages
[7.116s] symbolically linking /workspace/towen/build/rosidl_cli/package.xml -> /workspace/towen/install/rosidl_cli/share/rosidl_cli
[7.117s] symbolically linking /workspace/towen/build/rosidl_cli/resource/package.dsv -> /workspace/towen/install/rosidl_cli/share/rosidl_cli
[7.122s] symbolically linking /workspace/towen/build/rosidl_cli/completion/rosidl-argcomplete.bash -> /workspace/towen/install/rosidl_cli/share/rosidl_cli/environment
[7.123s] symbolically linking /workspace/towen/build/rosidl_cli/completion/rosidl-argcomplete.zsh -> /workspace/towen/install/rosidl_cli/share/rosidl_cli/environment
[7.303s] Invoked command in '/workspace/towen/build/rosidl_cli' returned '0': BYOBU_DATE=%Y-%m-%d PYTHONPATH=/workspace/towen/build/rosidl_cli/prefix_override:/usr/lib/python3/dist-packages/colcon_core/task/python/colcon_distutils_commands:/workspace/towen/install/rosidl_cli/lib/python3.10/site-packages:${PYTHONPATH} /usr/bin/python3 -W ignore:setup.py install is deprecated setup.py develop --editable --build-directory /workspace/towen/build/rosidl_cli/build --no-deps symlink_data --force
