[0.130s] Invoking command in '/workspace/towen/build/image_geometry': BYOBU_DATE=%Y-%m-%d CMAKE_PREFIX_PATH=${CMAKE_PREFIX_PATH}:/workspace/towen/install/strategy:/workspace/towen/install/motionpackage:/workspace/towen/install/imageprocess:/opt/ros/humble /usr/local/bin/cmake --build /workspace/towen/build/image_geometry -- -j6 -l6
[0.946s] [  0%] Built target ament_cmake_python_copy_image_geometry
[0.948s] [ 33%] Built target image_geometry
[0.954s] [ 77%] Built target gtest_main
[0.955s] [ 77%] Built target gtest
[0.955s] [100%] Built target image_geometry-utest
[1.138s] running egg_info
[1.186s] writing image_geometry.egg-info/PKG-INFO
[1.187s] writing dependency_links to image_geometry.egg-info/dependency_links.txt
[1.188s] writing top-level names to image_geometry.egg-info/top_level.txt
[1.329s] reading manifest file 'image_geometry.egg-info/SOURCES.txt'
[1.331s] writing manifest file 'image_geometry.egg-info/SOURCES.txt'
[1.410s] [100%] Built target ament_cmake_python_build_image_geometry_egg
[1.615s] Invoked command in '/workspace/towen/build/image_geometry' returned '0': BYOBU_DATE=%Y-%m-%d CMAKE_PREFIX_PATH=${CMAKE_PREFIX_PATH}:/workspace/towen/install/strategy:/workspace/towen/install/motionpackage:/workspace/towen/install/imageprocess:/opt/ros/humble /usr/local/bin/cmake --build /workspace/towen/build/image_geometry -- -j6 -l6
[2.262s] Invoking command in '/workspace/towen/build/image_geometry': BYOBU_DATE=%Y-%m-%d CMAKE_PREFIX_PATH=${CMAKE_PREFIX_PATH}:/workspace/towen/install/strategy:/workspace/towen/install/motionpackage:/workspace/towen/install/imageprocess:/opt/ros/humble /usr/local/bin/cmake --install /workspace/towen/build/image_geometry
[2.497s] -- Install configuration: ""
[2.497s] -- Up-to-date: /workspace/towen/install/image_geometry/share/image_geometry/environment/pythonpath.sh
[2.497s] -- Up-to-date: /workspace/towen/install/image_geometry/share/image_geometry/environment/pythonpath.dsv
[2.498s] -- Up-to-date: /workspace/towen/install/image_geometry/local/lib/python3.10/dist-packages/image_geometry-3.2.1-py3.10.egg-info
[2.498s] -- Installing: /workspace/towen/install/image_geometry/local/lib/python3.10/dist-packages/image_geometry-3.2.1-py3.10.egg-info/PKG-INFO
[2.498s] -- Installing: /workspace/towen/install/image_geometry/local/lib/python3.10/dist-packages/image_geometry-3.2.1-py3.10.egg-info/top_level.txt
[2.498s] -- Installing: /workspace/towen/install/image_geometry/local/lib/python3.10/dist-packages/image_geometry-3.2.1-py3.10.egg-info/SOURCES.txt
[2.499s] -- Installing: /workspace/towen/install/image_geometry/local/lib/python3.10/dist-packages/image_geometry-3.2.1-py3.10.egg-info/dependency_links.txt
[2.499s] -- Up-to-date: /workspace/towen/install/image_geometry/local/lib/python3.10/dist-packages/image_geometry
[2.499s] -- Up-to-date: /workspace/towen/install/image_geometry/local/lib/python3.10/dist-packages/image_geometry/__init__.py
[2.499s] -- Up-to-date: /workspace/towen/install/image_geometry/local/lib/python3.10/dist-packages/image_geometry/cameramodels.py
[2.645s] Listing '/workspace/towen/install/image_geometry/local/lib/python3.10/dist-packages/image_geometry'...
[2.659s] -- Up-to-date: /workspace/towen/install/image_geometry/include/image_geometry
[2.661s] -- Up-to-date: /workspace/towen/install/image_geometry/include/image_geometry/image_geometry
[2.666s] -- Up-to-date: /workspace/towen/install/image_geometry/include/image_geometry/image_geometry/visibility_control.hpp
[2.667s] -- Up-to-date: /workspace/towen/install/image_geometry/include/image_geometry/image_geometry/stereo_camera_model.h
[2.667s] -- Up-to-date: /workspace/towen/install/image_geometry/include/image_geometry/image_geometry/pinhole_camera_model.h
[2.667s] -- Up-to-date: /workspace/towen/install/image_geometry/lib/libimage_geometry.so
[2.671s] -- Up-to-date: /workspace/towen/install/image_geometry/share/ament_index/resource_index/package_run_dependencies/image_geometry
[2.672s] -- Up-to-date: /workspace/towen/install/image_geometry/share/ament_index/resource_index/parent_prefix_path/image_geometry
[2.673s] -- Up-to-date: /workspace/towen/install/image_geometry/share/image_geometry/environment/ament_prefix_path.sh
[2.674s] -- Up-to-date: /workspace/towen/install/image_geometry/share/image_geometry/environment/ament_prefix_path.dsv
[2.675s] -- Up-to-date: /workspace/towen/install/image_geometry/share/image_geometry/environment/path.sh
[2.677s] -- Up-to-date: /workspace/towen/install/image_geometry/share/image_geometry/environment/path.dsv
[2.677s] -- Up-to-date: /workspace/towen/install/image_geometry/share/image_geometry/local_setup.bash
[2.678s] -- Up-to-date: /workspace/towen/install/image_geometry/share/image_geometry/local_setup.sh
[2.680s] -- Up-to-date: /workspace/towen/install/image_geometry/share/image_geometry/local_setup.zsh
[2.681s] -- Up-to-date: /workspace/towen/install/image_geometry/share/image_geometry/local_setup.dsv
[2.682s] -- Installing: /workspace/towen/install/image_geometry/share/image_geometry/package.dsv
[2.685s] -- Up-to-date: /workspace/towen/install/image_geometry/share/ament_index/resource_index/packages/image_geometry
[2.686s] -- Up-to-date: /workspace/towen/install/image_geometry/share/image_geometry/cmake/export_image_geometryExport.cmake
[2.688s] -- Up-to-date: /workspace/towen/install/image_geometry/share/image_geometry/cmake/export_image_geometryExport-noconfig.cmake
[2.688s] -- Up-to-date: /workspace/towen/install/image_geometry/share/image_geometry/cmake/ament_cmake_export_targets-extras.cmake
[2.689s] -- Up-to-date: /workspace/towen/install/image_geometry/share/image_geometry/cmake/ament_cmake_export_dependencies-extras.cmake
[2.690s] -- Up-to-date: /workspace/towen/install/image_geometry/share/image_geometry/cmake/image_geometryConfig.cmake
[2.691s] -- Up-to-date: /workspace/towen/install/image_geometry/share/image_geometry/cmake/image_geometryConfig-version.cmake
[2.692s] -- Up-to-date: /workspace/towen/install/image_geometry/share/image_geometry/package.xml
[2.749s] Invoked command in '/workspace/towen/build/image_geometry' returned '0': BYOBU_DATE=%Y-%m-%d CMAKE_PREFIX_PATH=${CMAKE_PREFIX_PATH}:/workspace/towen/install/strategy:/workspace/towen/install/motionpackage:/workspace/towen/install/imageprocess:/opt/ros/humble /usr/local/bin/cmake --install /workspace/towen/build/image_geometry
