[0.220s] Invoking command in '/workspace/towen/build/rosidl_adapter': AMENT_PREFIX_PATH=/workspace/towen/install/rosidl_cli:/workspace/towen/install/zed_ros2:/workspace/towen/install/zed_wrapper:/workspace/towen/install/zed_components:/workspace/towen/install/webrtc_ros_msgs:/workspace/towen/install/web_video_server:/workspace/towen/install/vision_opencv:/workspace/towen/install/usb_cam:/workspace/towen/install/tku_msgs:/workspace/towen/install/strategy:/workspace/towen/install/rosidl_typesupport_introspection_tests:/workspace/towen/install/rosidl_typesupport_introspection_cpp:/workspace/towen/install/rosidl_typesupport_introspection_c:/workspace/towen/install/rosidl_generator_cpp:/workspace/towen/install/rosidl_runtime_cpp:/workspace/towen/install/rosidl_runtime_c:/workspace/towen/install/rosidl_generator_c:/workspace/towen/install/rosidl_typesupport_interface:/workspace/towen/install/rosidl_cmake:/workspace/towen/install/rosidl_parser:/workspace/towen/install/rosidl_adapter:/workspace/towen/install/opencv_tests:/workspace/towen/install/motionpackage:/workspace/towen/install/imageprocess:/workspace/towen/install/image_geometry:/workspace/towen/install/cv_bridge:/opt/ros/humble:/opt/ros/humble/install:/opt/ros/humble/install BYOBU_DATE=%Y-%m-%d CMAKE_PREFIX_PATH=${CMAKE_PREFIX_PATH}:/workspace/towen/install/strategy:/workspace/towen/install/rosidl_cli:/workspace/towen/install/opencv_tests:/workspace/towen/install/motionpackage:/workspace/towen/install/imageprocess:/opt/ros/humble PYTHONPATH=/workspace/towen/install/rosidl_cli/lib/python3.10/site-packages:/workspace/towen/install/webrtc_ros_msgs/local/lib/python3.10/dist-packages:/workspace/towen/install/tku_msgs/local/lib/python3.10/dist-packages:/workspace/towen/install/strategy/lib/python3.10/site-packages:/workspace/towen/install/rosidl_typesupport_introspection_cpp/local/lib/python3.10/dist-packages:/workspace/towen/install/rosidl_typesupport_introspection_c/local/lib/python3.10/dist-packages:/workspace/towen/install/rosidl_generator_cpp/local/lib/python3.10/dist-packages:/workspace/towen/install/rosidl_generator_c/local/lib/python3.10/dist-packages:/workspace/towen/install/rosidl_cmake/local/lib/python3.10/dist-packages:/workspace/towen/install/rosidl_parser/local/lib/python3.10/dist-packages:/workspace/towen/install/rosidl_adapter/local/lib/python3.10/dist-packages:/workspace/towen/install/opencv_tests/lib/python3.10/site-packages:/workspace/towen/install/motionpackage/lib/python3.10/site-packages:/workspace/towen/install/imageprocess/lib/python3.10/site-packages:/workspace/towen/install/image_geometry/local/lib/python3.10/dist-packages:/workspace/towen/install/cv_bridge/local/lib/python3.10/dist-packages:/opt/ros/humble/lib/python3.10/site-packages:/opt/ros/humble/local/lib/python3.10/dist-packages:/opt/ros/humble/install/local/lib/python3.10/dist-packages:/opt/ros/humble/install/lib/python3.10/site-packages /usr/local/bin/cmake --build /workspace/towen/build/rosidl_adapter -- -j6 -l6
[0.868s] Built target ament_cmake_python_copy_rosidl_adapter_setup
[1.004s] Built target ament_cmake_python_copy_rosidl_adapter
[3.009s] running egg_info
[3.471s] writing rosidl_adapter.egg-info/PKG-INFO
[3.501s] writing dependency_links to rosidl_adapter.egg-info/dependency_links.txt
[3.502s] writing entry points to rosidl_adapter.egg-info/entry_points.txt
[3.507s] writing top-level names to rosidl_adapter.egg-info/top_level.txt
[4.725s] reading manifest file 'rosidl_adapter.egg-info/SOURCES.txt'
[4.745s] writing manifest file 'rosidl_adapter.egg-info/SOURCES.txt'
[4.959s] Built target ament_cmake_python_build_rosidl_adapter_egg
[5.155s] Invoked command in '/workspace/towen/build/rosidl_adapter' returned '0': AMENT_PREFIX_PATH=/workspace/towen/install/rosidl_cli:/workspace/towen/install/zed_ros2:/workspace/towen/install/zed_wrapper:/workspace/towen/install/zed_components:/workspace/towen/install/webrtc_ros_msgs:/workspace/towen/install/web_video_server:/workspace/towen/install/vision_opencv:/workspace/towen/install/usb_cam:/workspace/towen/install/tku_msgs:/workspace/towen/install/strategy:/workspace/towen/install/rosidl_typesupport_introspection_tests:/workspace/towen/install/rosidl_typesupport_introspection_cpp:/workspace/towen/install/rosidl_typesupport_introspection_c:/workspace/towen/install/rosidl_generator_cpp:/workspace/towen/install/rosidl_runtime_cpp:/workspace/towen/install/rosidl_runtime_c:/workspace/towen/install/rosidl_generator_c:/workspace/towen/install/rosidl_typesupport_interface:/workspace/towen/install/rosidl_cmake:/workspace/towen/install/rosidl_parser:/workspace/towen/install/rosidl_adapter:/workspace/towen/install/opencv_tests:/workspace/towen/install/motionpackage:/workspace/towen/install/imageprocess:/workspace/towen/install/image_geometry:/workspace/towen/install/cv_bridge:/opt/ros/humble:/opt/ros/humble/install:/opt/ros/humble/install BYOBU_DATE=%Y-%m-%d CMAKE_PREFIX_PATH=${CMAKE_PREFIX_PATH}:/workspace/towen/install/strategy:/workspace/towen/install/rosidl_cli:/workspace/towen/install/opencv_tests:/workspace/towen/install/motionpackage:/workspace/towen/install/imageprocess:/opt/ros/humble PYTHONPATH=/workspace/towen/install/rosidl_cli/lib/python3.10/site-packages:/workspace/towen/install/webrtc_ros_msgs/local/lib/python3.10/dist-packages:/workspace/towen/install/tku_msgs/local/lib/python3.10/dist-packages:/workspace/towen/install/strategy/lib/python3.10/site-packages:/workspace/towen/install/rosidl_typesupport_introspection_cpp/local/lib/python3.10/dist-packages:/workspace/towen/install/rosidl_typesupport_introspection_c/local/lib/python3.10/dist-packages:/workspace/towen/install/rosidl_generator_cpp/local/lib/python3.10/dist-packages:/workspace/towen/install/rosidl_generator_c/local/lib/python3.10/dist-packages:/workspace/towen/install/rosidl_cmake/local/lib/python3.10/dist-packages:/workspace/towen/install/rosidl_parser/local/lib/python3.10/dist-packages:/workspace/towen/install/rosidl_adapter/local/lib/python3.10/dist-packages:/workspace/towen/install/opencv_tests/lib/python3.10/site-packages:/workspace/towen/install/motionpackage/lib/python3.10/site-packages:/workspace/towen/install/imageprocess/lib/python3.10/site-packages:/workspace/towen/install/image_geometry/local/lib/python3.10/dist-packages:/workspace/towen/install/cv_bridge/local/lib/python3.10/dist-packages:/opt/ros/humble/lib/python3.10/site-packages:/opt/ros/humble/local/lib/python3.10/dist-packages:/opt/ros/humble/install/local/lib/python3.10/dist-packages:/opt/ros/humble/install/lib/python3.10/site-packages /usr/local/bin/cmake --build /workspace/towen/build/rosidl_adapter -- -j6 -l6
[6.435s] Invoking command in '/workspace/towen/build/rosidl_adapter': AMENT_PREFIX_PATH=/workspace/towen/install/rosidl_cli:/workspace/towen/install/zed_ros2:/workspace/towen/install/zed_wrapper:/workspace/towen/install/zed_components:/workspace/towen/install/webrtc_ros_msgs:/workspace/towen/install/web_video_server:/workspace/towen/install/vision_opencv:/workspace/towen/install/usb_cam:/workspace/towen/install/tku_msgs:/workspace/towen/install/strategy:/workspace/towen/install/rosidl_typesupport_introspection_tests:/workspace/towen/install/rosidl_typesupport_introspection_cpp:/workspace/towen/install/rosidl_typesupport_introspection_c:/workspace/towen/install/rosidl_generator_cpp:/workspace/towen/install/rosidl_runtime_cpp:/workspace/towen/install/rosidl_runtime_c:/workspace/towen/install/rosidl_generator_c:/workspace/towen/install/rosidl_typesupport_interface:/workspace/towen/install/rosidl_cmake:/workspace/towen/install/rosidl_parser:/workspace/towen/install/rosidl_adapter:/workspace/towen/install/opencv_tests:/workspace/towen/install/motionpackage:/workspace/towen/install/imageprocess:/workspace/towen/install/image_geometry:/workspace/towen/install/cv_bridge:/opt/ros/humble:/opt/ros/humble/install:/opt/ros/humble/install BYOBU_DATE=%Y-%m-%d CMAKE_PREFIX_PATH=${CMAKE_PREFIX_PATH}:/workspace/towen/install/strategy:/workspace/towen/install/rosidl_cli:/workspace/towen/install/opencv_tests:/workspace/towen/install/motionpackage:/workspace/towen/install/imageprocess:/opt/ros/humble PYTHONPATH=/workspace/towen/install/rosidl_cli/lib/python3.10/site-packages:/workspace/towen/install/webrtc_ros_msgs/local/lib/python3.10/dist-packages:/workspace/towen/install/tku_msgs/local/lib/python3.10/dist-packages:/workspace/towen/install/strategy/lib/python3.10/site-packages:/workspace/towen/install/rosidl_typesupport_introspection_cpp/local/lib/python3.10/dist-packages:/workspace/towen/install/rosidl_typesupport_introspection_c/local/lib/python3.10/dist-packages:/workspace/towen/install/rosidl_generator_cpp/local/lib/python3.10/dist-packages:/workspace/towen/install/rosidl_generator_c/local/lib/python3.10/dist-packages:/workspace/towen/install/rosidl_cmake/local/lib/python3.10/dist-packages:/workspace/towen/install/rosidl_parser/local/lib/python3.10/dist-packages:/workspace/towen/install/rosidl_adapter/local/lib/python3.10/dist-packages:/workspace/towen/install/opencv_tests/lib/python3.10/site-packages:/workspace/towen/install/motionpackage/lib/python3.10/site-packages:/workspace/towen/install/imageprocess/lib/python3.10/site-packages:/workspace/towen/install/image_geometry/local/lib/python3.10/dist-packages:/workspace/towen/install/cv_bridge/local/lib/python3.10/dist-packages:/opt/ros/humble/lib/python3.10/site-packages:/opt/ros/humble/local/lib/python3.10/dist-packages:/opt/ros/humble/install/local/lib/python3.10/dist-packages:/opt/ros/humble/install/lib/python3.10/site-packages /usr/local/bin/cmake --install /workspace/towen/build/rosidl_adapter
[7.299s] -- Install configuration: ""
[7.300s] -- Up-to-date: /workspace/towen/install/rosidl_adapter/share/rosidl_adapter/environment/pythonpath.sh
[7.300s] -- Up-to-date: /workspace/towen/install/rosidl_adapter/share/rosidl_adapter/environment/pythonpath.dsv
[7.300s] -- Up-to-date: /workspace/towen/install/rosidl_adapter/local/lib/python3.10/dist-packages/rosidl_adapter-3.1.7-py3.10.egg-info
[7.300s] -- Installing: /workspace/towen/install/rosidl_adapter/local/lib/python3.10/dist-packages/rosidl_adapter-3.1.7-py3.10.egg-info/PKG-INFO
[7.300s] -- Installing: /workspace/towen/install/rosidl_adapter/local/lib/python3.10/dist-packages/rosidl_adapter-3.1.7-py3.10.egg-info/entry_points.txt
[7.300s] -- Installing: /workspace/towen/install/rosidl_adapter/local/lib/python3.10/dist-packages/rosidl_adapter-3.1.7-py3.10.egg-info/top_level.txt
[7.300s] -- Installing: /workspace/towen/install/rosidl_adapter/local/lib/python3.10/dist-packages/rosidl_adapter-3.1.7-py3.10.egg-info/SOURCES.txt
[7.301s] -- Installing: /workspace/towen/install/rosidl_adapter/local/lib/python3.10/dist-packages/rosidl_adapter-3.1.7-py3.10.egg-info/dependency_links.txt
[7.301s] -- Up-to-date: /workspace/towen/install/rosidl_adapter/local/lib/python3.10/dist-packages/rosidl_adapter
[7.301s] -- Up-to-date: /workspace/towen/install/rosidl_adapter/local/lib/python3.10/dist-packages/rosidl_adapter/parser.py
[7.301s] -- Up-to-date: /workspace/towen/install/rosidl_adapter/local/lib/python3.10/dist-packages/rosidl_adapter/srv
[7.301s] -- Up-to-date: /workspace/towen/install/rosidl_adapter/local/lib/python3.10/dist-packages/rosidl_adapter/srv/__init__.py
[7.301s] -- Up-to-date: /workspace/towen/install/rosidl_adapter/local/lib/python3.10/dist-packages/rosidl_adapter/msg
[7.301s] -- Up-to-date: /workspace/towen/install/rosidl_adapter/local/lib/python3.10/dist-packages/rosidl_adapter/msg/__init__.py
[7.302s] -- Up-to-date: /workspace/towen/install/rosidl_adapter/local/lib/python3.10/dist-packages/rosidl_adapter/__init__.py
[7.302s] -- Up-to-date: /workspace/towen/install/rosidl_adapter/local/lib/python3.10/dist-packages/rosidl_adapter/__main__.py
[7.302s] -- Up-to-date: /workspace/towen/install/rosidl_adapter/local/lib/python3.10/dist-packages/rosidl_adapter/main.py
[7.302s] -- Up-to-date: /workspace/towen/install/rosidl_adapter/local/lib/python3.10/dist-packages/rosidl_adapter/cli.py
[7.302s] -- Up-to-date: /workspace/towen/install/rosidl_adapter/local/lib/python3.10/dist-packages/rosidl_adapter/action
[7.302s] -- Up-to-date: /workspace/towen/install/rosidl_adapter/local/lib/python3.10/dist-packages/rosidl_adapter/action/__init__.py
[7.302s] -- Up-to-date: /workspace/towen/install/rosidl_adapter/local/lib/python3.10/dist-packages/rosidl_adapter/resource
[7.303s] -- Up-to-date: /workspace/towen/install/rosidl_adapter/local/lib/python3.10/dist-packages/rosidl_adapter/resource/struct.idl.em
[7.303s] -- Up-to-date: /workspace/towen/install/rosidl_adapter/local/lib/python3.10/dist-packages/rosidl_adapter/resource/__init__.py
[7.303s] -- Up-to-date: /workspace/towen/install/rosidl_adapter/local/lib/python3.10/dist-packages/rosidl_adapter/resource/srv.idl.em
[7.303s] -- Up-to-date: /workspace/towen/install/rosidl_adapter/local/lib/python3.10/dist-packages/rosidl_adapter/resource/action.idl.em
[7.303s] -- Up-to-date: /workspace/towen/install/rosidl_adapter/local/lib/python3.10/dist-packages/rosidl_adapter/resource/msg.idl.em
[7.417s] Listing '/workspace/towen/install/rosidl_adapter/local/lib/python3.10/dist-packages/rosidl_adapter'...
[7.418s] Listing '/workspace/towen/install/rosidl_adapter/local/lib/python3.10/dist-packages/rosidl_adapter/action'...
[7.420s] Listing '/workspace/towen/install/rosidl_adapter/local/lib/python3.10/dist-packages/rosidl_adapter/msg'...
[7.442s] Listing '/workspace/towen/install/rosidl_adapter/local/lib/python3.10/dist-packages/rosidl_adapter/resource'...
[7.443s] Listing '/workspace/towen/install/rosidl_adapter/local/lib/python3.10/dist-packages/rosidl_adapter/srv'...
[7.453s] -- Up-to-date: /workspace/towen/install/rosidl_adapter/share/ament_index/resource_index/package_run_dependencies/rosidl_adapter
[7.454s] -- Up-to-date: /workspace/towen/install/rosidl_adapter/share/ament_index/resource_index/parent_prefix_path/rosidl_adapter
[7.454s] -- Up-to-date: /workspace/towen/install/rosidl_adapter/share/rosidl_adapter/environment/ament_prefix_path.sh
[7.454s] -- Up-to-date: /workspace/towen/install/rosidl_adapter/share/rosidl_adapter/environment/ament_prefix_path.dsv
[7.454s] -- Up-to-date: /workspace/towen/install/rosidl_adapter/share/rosidl_adapter/environment/path.sh
[7.454s] -- Up-to-date: /workspace/towen/install/rosidl_adapter/share/rosidl_adapter/environment/path.dsv
[7.455s] -- Up-to-date: /workspace/towen/install/rosidl_adapter/share/rosidl_adapter/local_setup.bash
[7.455s] -- Up-to-date: /workspace/towen/install/rosidl_adapter/share/rosidl_adapter/local_setup.sh
[7.457s] -- Up-to-date: /workspace/towen/install/rosidl_adapter/share/rosidl_adapter/local_setup.zsh
[7.458s] -- Up-to-date: /workspace/towen/install/rosidl_adapter/share/rosidl_adapter/local_setup.dsv
[7.458s] -- Installing: /workspace/towen/install/rosidl_adapter/share/rosidl_adapter/package.dsv
[7.458s] -- Up-to-date: /workspace/towen/install/rosidl_adapter/share/ament_index/resource_index/packages/rosidl_adapter
[7.458s] -- Up-to-date: /workspace/towen/install/rosidl_adapter/share/rosidl_adapter/cmake/rosidl_adapter-extras.cmake
[7.458s] -- Up-to-date: /workspace/towen/install/rosidl_adapter/share/rosidl_adapter/cmake/rosidl_adapterConfig.cmake
[7.458s] -- Up-to-date: /workspace/towen/install/rosidl_adapter/share/rosidl_adapter/cmake/rosidl_adapterConfig-version.cmake
[7.458s] -- Up-to-date: /workspace/towen/install/rosidl_adapter/share/rosidl_adapter/package.xml
[7.459s] -- Up-to-date: /workspace/towen/install/rosidl_adapter/share/rosidl_adapter/cmake
[7.459s] -- Up-to-date: /workspace/towen/install/rosidl_adapter/share/rosidl_adapter/cmake/rosidl_adapt_interfaces.cmake
[7.459s] -- Up-to-date: /workspace/towen/install/rosidl_adapter/lib/rosidl_adapter/msg2idl.py
[7.459s] -- Up-to-date: /workspace/towen/install/rosidl_adapter/lib/rosidl_adapter/srv2idl.py
[7.521s] Invoked command in '/workspace/towen/build/rosidl_adapter' returned '0': AMENT_PREFIX_PATH=/workspace/towen/install/rosidl_cli:/workspace/towen/install/zed_ros2:/workspace/towen/install/zed_wrapper:/workspace/towen/install/zed_components:/workspace/towen/install/webrtc_ros_msgs:/workspace/towen/install/web_video_server:/workspace/towen/install/vision_opencv:/workspace/towen/install/usb_cam:/workspace/towen/install/tku_msgs:/workspace/towen/install/strategy:/workspace/towen/install/rosidl_typesupport_introspection_tests:/workspace/towen/install/rosidl_typesupport_introspection_cpp:/workspace/towen/install/rosidl_typesupport_introspection_c:/workspace/towen/install/rosidl_generator_cpp:/workspace/towen/install/rosidl_runtime_cpp:/workspace/towen/install/rosidl_runtime_c:/workspace/towen/install/rosidl_generator_c:/workspace/towen/install/rosidl_typesupport_interface:/workspace/towen/install/rosidl_cmake:/workspace/towen/install/rosidl_parser:/workspace/towen/install/rosidl_adapter:/workspace/towen/install/opencv_tests:/workspace/towen/install/motionpackage:/workspace/towen/install/imageprocess:/workspace/towen/install/image_geometry:/workspace/towen/install/cv_bridge:/opt/ros/humble:/opt/ros/humble/install:/opt/ros/humble/install BYOBU_DATE=%Y-%m-%d CMAKE_PREFIX_PATH=${CMAKE_PREFIX_PATH}:/workspace/towen/install/strategy:/workspace/towen/install/rosidl_cli:/workspace/towen/install/opencv_tests:/workspace/towen/install/motionpackage:/workspace/towen/install/imageprocess:/opt/ros/humble PYTHONPATH=/workspace/towen/install/rosidl_cli/lib/python3.10/site-packages:/workspace/towen/install/webrtc_ros_msgs/local/lib/python3.10/dist-packages:/workspace/towen/install/tku_msgs/local/lib/python3.10/dist-packages:/workspace/towen/install/strategy/lib/python3.10/site-packages:/workspace/towen/install/rosidl_typesupport_introspection_cpp/local/lib/python3.10/dist-packages:/workspace/towen/install/rosidl_typesupport_introspection_c/local/lib/python3.10/dist-packages:/workspace/towen/install/rosidl_generator_cpp/local/lib/python3.10/dist-packages:/workspace/towen/install/rosidl_generator_c/local/lib/python3.10/dist-packages:/workspace/towen/install/rosidl_cmake/local/lib/python3.10/dist-packages:/workspace/towen/install/rosidl_parser/local/lib/python3.10/dist-packages:/workspace/towen/install/rosidl_adapter/local/lib/python3.10/dist-packages:/workspace/towen/install/opencv_tests/lib/python3.10/site-packages:/workspace/towen/install/motionpackage/lib/python3.10/site-packages:/workspace/towen/install/imageprocess/lib/python3.10/site-packages:/workspace/towen/install/image_geometry/local/lib/python3.10/dist-packages:/workspace/towen/install/cv_bridge/local/lib/python3.10/dist-packages:/opt/ros/humble/lib/python3.10/site-packages:/opt/ros/humble/local/lib/python3.10/dist-packages:/opt/ros/humble/install/local/lib/python3.10/dist-packages:/opt/ros/humble/install/lib/python3.10/site-packages /usr/local/bin/cmake --install /workspace/towen/build/rosidl_adapter
