[6.343s] Invoking command in '/workspace/towen/src/strategy': BYOBU_DATE=%Y-%m-%d PYTHONPATH=/workspace/towen/build/strategy/prefix_override:/usr/lib/python3/dist-packages/colcon_core/task/python/colcon_distutils_commands:/workspace/towen/install/strategy/lib/python3.10/site-packages:${PYTHONPATH} /usr/bin/python3 -W ignore:setup.py install is deprecated setup.py egg_info --egg-base ../../build/strategy build --build-base /workspace/towen/build/strategy/build install --record /workspace/towen/build/strategy/install.log --single-version-externally-managed install_data
[8.111s] running egg_info
[8.176s] writing ../../build/strategy/strategy.egg-info/PKG-INFO
[8.180s] writing dependency_links to ../../build/strategy/strategy.egg-info/dependency_links.txt
[8.181s] writing entry points to ../../build/strategy/strategy.egg-info/entry_points.txt
[8.182s] writing requirements to ../../build/strategy/strategy.egg-info/requires.txt
[8.183s] writing top-level names to ../../build/strategy/strategy.egg-info/top_level.txt
[8.326s] reading manifest file '../../build/strategy/strategy.egg-info/SOURCES.txt'
[8.328s] adding license file 'LICENSE'
[8.334s] writing manifest file '../../build/strategy/strategy.egg-info/SOURCES.txt'
[8.335s] running build
[8.336s] running build_py
[8.338s] copying strategy/__init__.py -> /workspace/towen/build/strategy/build/lib/strategy
[8.339s] copying strategy/API.py -> /workspace/towen/build/strategy/build/lib/strategy
[8.342s] copying strategy/mar/__init__.py -> /workspace/towen/build/strategy/build/lib/strategy/mar
[8.342s] copying strategy/mar/mar.py -> /workspace/towen/build/strategy/build/lib/strategy/mar
[8.344s] copying strategy/wl/wl.py -> /workspace/towen/build/strategy/build/lib/strategy/wl
[8.345s] copying strategy/wl/__init__.py -> /workspace/towen/build/strategy/build/lib/strategy/wl
[8.346s] copying strategy/sp/sp.py -> /workspace/towen/build/strategy/build/lib/strategy/sp
[8.347s] copying strategy/sp/__init__.py -> /workspace/towen/build/strategy/build/lib/strategy/sp
[8.348s] copying strategy/obs/__init__.py -> /workspace/towen/build/strategy/build/lib/strategy/obs
[8.350s] copying strategy/obs/obs.py -> /workspace/towen/build/strategy/build/lib/strategy/obs
[8.351s] copying strategy/sr/__init__.py -> /workspace/towen/build/strategy/build/lib/strategy/sr
[8.351s] copying strategy/sr/sr.py -> /workspace/towen/build/strategy/build/lib/strategy/sr
[8.352s] copying strategy/bb/__init__.py -> /workspace/towen/build/strategy/build/lib/strategy/bb
[8.353s] copying strategy/bb/bb.py -> /workspace/towen/build/strategy/build/lib/strategy/bb
[8.355s] copying strategy/ar/__init__.py -> /workspace/towen/build/strategy/build/lib/strategy/ar
[8.358s] copying strategy/ar/ar.py -> /workspace/towen/build/strategy/build/lib/strategy/ar
[8.360s] running install
[8.375s] running install_lib
[8.489s] copying /workspace/towen/build/strategy/build/lib/strategy/API.py -> /workspace/towen/install/strategy/lib/python3.10/site-packages/strategy
[8.545s] byte-compiling /workspace/towen/install/strategy/lib/python3.10/site-packages/strategy/API.py to API.cpython-310.pyc
[8.573s] running install_data
[8.576s] copying resource/strategy -> /workspace/towen/install/strategy/share/ament_index/resource_index/packages
[8.582s] copying package.xml -> /workspace/towen/install/strategy/share/strategy
[8.586s] running install_egg_info
[8.826s] removing '/workspace/towen/install/strategy/lib/python3.10/site-packages/strategy-0.0.0-py3.10.egg-info' (and everything under it)
[8.827s] Copying ../../build/strategy/strategy.egg-info to /workspace/towen/install/strategy/lib/python3.10/site-packages/strategy-0.0.0-py3.10.egg-info
[8.842s] running install_scripts
[9.509s] Installing ar script to /workspace/towen/install/strategy/lib/strategy
[9.512s] Installing bb script to /workspace/towen/install/strategy/lib/strategy
[9.513s] Installing mar script to /workspace/towen/install/strategy/lib/strategy
[9.513s] Installing obs script to /workspace/towen/install/strategy/lib/strategy
[9.513s] Installing sp script to /workspace/towen/install/strategy/lib/strategy
[9.513s] Installing sr script to /workspace/towen/install/strategy/lib/strategy
[9.513s] Installing wl script to /workspace/towen/install/strategy/lib/strategy
[9.515s] writing list of installed files to '/workspace/towen/build/strategy/install.log'
