[9.090s] Invoking command in '/workspace/towen/src/motionpackage': BYOBU_DATE=%Y-%m-%d PYTHONPATH=/workspace/towen/build/motionpackage/prefix_override:/usr/lib/python3/dist-packages/colcon_core/task/python/colcon_distutils_commands:/workspace/towen/install/motionpackage/lib/python3.10/site-packages:${PYTHONPATH} /usr/bin/python3 -W ignore:setup.py install is deprecated setup.py egg_info --egg-base ../../build/motionpackage build --build-base /workspace/towen/build/motionpackage/build install --record /workspace/towen/build/motionpackage/install.log --single-version-externally-managed install_data
[10.689s] running egg_info
[10.781s] writing ../../build/motionpackage/motionpackage.egg-info/PKG-INFO
[10.782s] writing dependency_links to ../../build/motionpackage/motionpackage.egg-info/dependency_links.txt
[10.783s] writing entry points to ../../build/motionpackage/motionpackage.egg-info/entry_points.txt
[10.783s] writing requirements to ../../build/motionpackage/motionpackage.egg-info/requires.txt
[10.784s] writing top-level names to ../../build/motionpackage/motionpackage.egg-info/top_level.txt
[10.990s] reading manifest file '../../build/motionpackage/motionpackage.egg-info/SOURCES.txt'
[10.990s] adding license file 'LICENSE'
[10.993s] writing manifest file '../../build/motionpackage/motionpackage.egg-info/SOURCES.txt'
[10.996s] running build
[10.997s] running build_py
[10.999s] copying motionpackage/opencr_imu.py -> /workspace/towen/build/motionpackage/build/lib/motionpackage
[11.002s] copying motionpackage/test.py -> /workspace/towen/build/motionpackage/build/lib/motionpackage
[11.015s] copying motionpackage/__init__.py -> /workspace/towen/build/motionpackage/build/lib/motionpackage
[11.017s] copying motionpackage/import struct.py -> /workspace/towen/build/motionpackage/build/lib/motionpackage
[11.026s] copying motionpackage/walking.py -> /workspace/towen/build/motionpackage/build/lib/motionpackage
[11.027s] copying motionpackage/motionpackage.py -> /workspace/towen/build/motionpackage/build/lib/motionpackage
[11.028s] running install
[11.069s] running install_lib
[11.143s] running install_data
[11.144s] copying resource/motionpackage -> /workspace/towen/install/motionpackage/share/ament_index/resource_index/packages
[11.144s] copying package.xml -> /workspace/towen/install/motionpackage/share/motionpackage
[11.144s] running install_egg_info
[11.188s] removing '/workspace/towen/install/motionpackage/lib/python3.10/site-packages/motionpackage-0.0.0-py3.10.egg-info' (and everything under it)
[11.188s] Copying ../../build/motionpackage/motionpackage.egg-info to /workspace/towen/install/motionpackage/lib/python3.10/site-packages/motionpackage-0.0.0-py3.10.egg-info
[11.192s] running install_scripts
[11.838s] Installing motionpackage script to /workspace/towen/install/motionpackage/lib/motionpackage
[11.838s] writing list of installed files to '/workspace/towen/build/motionpackage/install.log'
[12.169s] Invoked command in '/workspace/towen/src/motionpackage' returned '0': BYOBU_DATE=%Y-%m-%d PYTHONPATH=/workspace/towen/build/motionpackage/prefix_override:/usr/lib/python3/dist-packages/colcon_core/task/python/colcon_distutils_commands:/workspace/towen/install/motionpackage/lib/python3.10/site-packages:${PYTHONPATH} /usr/bin/python3 -W ignore:setup.py install is deprecated setup.py egg_info --egg-base ../../build/motionpackage build --build-base /workspace/towen/build/motionpackage/build install --record /workspace/towen/build/motionpackage/install.log --single-version-externally-managed install_data
