[0.597s] Invoking command in '/workspace/towen/build/zed_components': BYOBU_DATE=%Y-%m-%d CMAKE_PREFIX_PATH=${CMAKE_PREFIX_PATH}:/opt/ros/humble /usr/local/bin/cmake --build /workspace/towen/build/zed_components -- -j6 -l6
[0.802s] gmake: Warning: File 'Makefile' has modification time 1753163004 s in the future
[1.151s] [33mCMake Warning (dev) at /usr/local/zed/zed-config.cmake:73 (find_package):
[1.152s]   Policy CMP0146 is not set: The FindCUDA module is removed.  Run "cmake
[1.152s]   --help-policy CMP0146" for policy details.  Use the cmake_policy command to
[1.153s]   set the policy and suppress this warning.
[1.153s] 
[1.153s] Call Stack (most recent call first):
[1.153s]   CMakeLists.txt:84 (find_package)
[1.154s] This warning is for project developers.  Use -Wno-dev to suppress it.
[1.154s] [0m
[1.203s] -- Found CUDA: /usr/local/cuda (found suitable version "12.6", minimum required is "12.6")
[1.211s] [33mCMake Warning (dev) at /usr/local/zed/zed-config.cmake:78 (exec_program):
[1.212s]   Policy CMP0153 is not set: The exec_program command should not be called.
[1.213s]   Run "cmake --help-policy CMP0153" for policy details.  Use the cmake_policy
[1.213s]   command to set the policy and suppress this warning.
[1.213s] 
[1.213s]   Use execute_process() instead.
[1.213s] Call Stack (most recent call first):
[1.213s]   CMakeLists.txt:84 (find_package)
[1.213s] This warning is for project developers.  Use -Wno-dev to suppress it.
[1.213s] [0m
[1.278s] [33mCMake Warning (dev) at /usr/local/zed/zed-config.cmake:79 (exec_program):
[1.278s]   Policy CMP0153 is not set: The exec_program command should not be called.
[1.279s]   Run "cmake --help-policy CMP0153" for policy details.  Use the cmake_policy
[1.279s]   command to set the policy and suppress this warning.
[1.279s] 
[1.279s]   Use execute_process() instead.
[1.279s] Call Stack (most recent call first):
[1.279s]   CMakeLists.txt:84 (find_package)
[1.279s] This warning is for project developers.  Use -Wno-dev to suppress it.
[1.279s] [0m
[1.291s] [33mCMake Warning (dev) at /usr/local/zed/zed-config.cmake:95 (exec_program):
[1.292s]   Policy CMP0153 is not set: The exec_program command should not be called.
[1.292s]   Run "cmake --help-policy CMP0153" for policy details.  Use the cmake_policy
[1.292s]   command to set the policy and suppress this warning.
[1.292s] 
[1.292s]   Use execute_process() instead.
[1.292s] Call Stack (most recent call first):
[1.292s]   CMakeLists.txt:84 (find_package)
[1.292s] This warning is for project developers.  Use -Wno-dev to suppress it.
[1.293s] [0m
[1.310s] [33mCMake Warning (dev) at /usr/local/zed/zed-config.cmake:123 (exec_program):
[1.311s]   Policy CMP0153 is not set: The exec_program command should not be called.
[1.311s]   Run "cmake --help-policy CMP0153" for policy details.  Use the cmake_policy
[1.311s]   command to set the policy and suppress this warning.
[1.311s] 
[1.311s]   Use execute_process() instead.
[1.311s] Call Stack (most recent call first):
[1.312s]   CMakeLists.txt:84 (find_package)
[1.312s] This warning is for project developers.  Use -Wno-dev to suppress it.
[1.313s] [0m
[1.327s] [33mCMake Warning (dev) at CMakeLists.txt:86 (exec_program):
[1.327s]   Policy CMP0153 is not set: The exec_program command should not be called.
[1.327s]   Run "cmake --help-policy CMP0153" for policy details.  Use the cmake_policy
[1.327s]   command to set the policy and suppress this warning.
[1.327s] 
[1.328s]   Use execute_process() instead.
[1.328s] This warning is for project developers.  Use -Wno-dev to suppress it.
[1.328s] [0m
[1.340s] [33mCMake Warning (dev) at CMakeLists.txt:91 (find_package):
[1.340s]   Policy CMP0146 is not set: The FindCUDA module is removed.  Run "cmake
[1.340s]   --help-policy CMP0146" for policy details.  Use the cmake_policy command to
[1.341s]   set the policy and suppress this warning.
[1.341s] 
[1.341s] This warning is for project developers.  Use -Wno-dev to suppress it.
[1.341s] [0m
[1.362s] -- Found CUDA: /usr/local/cuda (found version "12.6")
[1.366s] -- Found ament_cmake_auto: 1.3.10 (/opt/ros/humble/install/share/ament_cmake_auto/cmake)
[1.977s] -- Override CMake install command with custom implementation using symlinks instead of copying resources
[2.429s] -- Found rosidl_generator_c: 3.1.5 (/opt/ros/humble/install/share/rosidl_generator_c/cmake)
[2.439s] -- Found rosidl_adapter: 3.1.5 (/opt/ros/humble/install/share/rosidl_adapter/cmake)
[2.466s] -- Found rosidl_generator_cpp: 3.1.5 (/opt/ros/humble/install/share/rosidl_generator_cpp/cmake)
[2.502s] -- Using all available rosidl_typesupport_c: rosidl_typesupport_fastrtps_c;rosidl_typesupport_introspection_c
[2.559s] -- Using all available rosidl_typesupport_cpp: rosidl_typesupport_fastrtps_cpp;rosidl_typesupport_introspection_cpp
[2.779s] -- Found rmw_implementation_cmake: 6.1.2 (/opt/ros/humble/install/share/rmw_implementation_cmake/cmake)
[2.792s] -- Found rmw_fastrtps_cpp: 6.2.7 (/opt/ros/humble/install/share/rmw_fastrtps_cpp/cmake)
[3.253s] -- Using RMW implementation 'rmw_fastrtps_cpp' as default
[4.016s] -- Found eigen3_cmake_module: 0.1.1 (/opt/ros/humble/install/share/eigen3_cmake_module/cmake)
[4.019s] -- Ensuring Eigen3 include directory is part of orocos-kdl CMake target
[4.470s] [33mCMake Warning at CMakeLists.txt:122 (find_package):
[4.470s]   By not providing "Findzed_msgs.cmake" in CMAKE_MODULE_PATH this project has
[4.470s]   asked CMake to find a package configuration file provided by "zed_msgs",
[4.471s]   but CMake did not find one.
[4.471s] 
[4.471s]   Could not find a package configuration file provided by "zed_msgs" with any
[4.471s]   of the following names:
[4.471s] 
[4.471s]     zed_msgsConfig.cmake
[4.471s]     zed_msgs-config.cmake
[4.471s] 
[4.472s]   Add the installation prefix of "zed_msgs" to CMAKE_PREFIX_PATH or set
[4.472s]   "zed_msgs_DIR" to a directory containing one of the above files.  If
[4.472s]   "zed_msgs" provides a separate development package or SDK, be sure it has
[4.472s]   been installed.
[4.472s] 
[4.472s] [0m
[4.507s] [31mCMake Error at CMakeLists.txt:132 (find_package):
[4.508s]   By not providing "Findnmea_msgs.cmake" in CMAKE_MODULE_PATH this project
[4.508s]   has asked CMake to find a package configuration file provided by
[4.508s]   "nmea_msgs", but CMake did not find one.
[4.508s] 
[4.508s]   Could not find a package configuration file provided by "nmea_msgs" with
[4.508s]   any of the following names:
[4.508s] 
[4.509s]     nmea_msgsConfig.cmake
[4.509s]     nmea_msgs-config.cmake
[4.509s] 
[4.509s]   Add the installation prefix of "nmea_msgs" to CMAKE_PREFIX_PATH or set
[4.509s]   "nmea_msgs_DIR" to a directory containing one of the above files.  If
[4.509s]   "nmea_msgs" provides a separate development package or SDK, be sure it has
[4.509s]   been installed.
[4.509s] 
[4.510s] [0m
[4.510s] -- Configuring incomplete, errors occurred!
[4.535s] gmake: *** [Makefile:412: cmake_check_build_system] Error 1
[4.805s] Invoked command in '/workspace/towen/build/zed_components' returned '2': BYOBU_DATE=%Y-%m-%d CMAKE_PREFIX_PATH=${CMAKE_PREFIX_PATH}:/opt/ros/humble /usr/local/bin/cmake --build /workspace/towen/build/zed_components -- -j6 -l6
