In file included from [01m[K/home/iclab/Desktop/humanoid/build/tku_msgs/rosidl_generator_c/tku_msgs/msg/detail/dio__functions.h:19[m[K,
                 from [01m[K/home/iclab/Desktop/humanoid/build/tku_msgs/rosidl_generator_c/tku_msgs/msg/detail/dio__functions.c:4[m[K:
[01m[K/home/iclab/Desktop/humanoid/build/tku_msgs/rosidl_generator_c/tku_msgs/msg/detail/dio__struct.h:22:10:[m[K [01;31m[Kfatal error: [m[Ktku_msgs/msg/detail/int16__struct.h: No such file or directory
   22 | #include [01;31m[K"tku_msgs/msg/detail/int16__struct.h"[m[K
      |          [01;31m[K^~~~~~~~~~~~~~~~~~~~~~~~~~~~~~~~~~~~~[m[K
compilation terminated.
gmake[2]: *** [CMakeFiles/tku_msgs__rosidl_generator_c.dir/build.make:805: CMakeFiles/tku_msgs__rosidl_generator_c.dir/rosidl_generator_c/tku_msgs/msg/detail/dio__functions.c.o] Error 1
gmake[2]: *** Waiting for unfinished jobs....
gmake[1]: *** [CMakeFiles/Makefile2:213: CMakeFiles/tku_msgs__rosidl_generator_c.dir/all] Error 2
gmake[1]: *** Waiting for unfinished jobs....
In file included from [01m[K/home/iclab/Desktop/humanoid/build/tku_msgs/rosidl_typesupport_cpp/tku_msgs/msg/dio__type_support.cpp:7[m[K:
[01m[K/home/iclab/Desktop/humanoid/build/tku_msgs/rosidl_generator_cpp/tku_msgs/msg/detail/dio__struct.hpp:20:10:[m[K [01;31m[Kfatal error: [m[Ktku_msgs/msg/detail/int16__struct.hpp: No such file or directory
   20 | #include [01;31m[K"tku_msgs/msg/detail/int16__struct.hpp"[m[K
      |          [01;31m[K^~~~~~~~~~~~~~~~~~~~~~~~~~~~~~~~~~~~~~~[m[K
compilation terminated.
gmake[2]: *** [CMakeFiles/tku_msgs__rosidl_typesupport_cpp.dir/build.make:390: CMakeFiles/tku_msgs__rosidl_typesupport_cpp.dir/rosidl_typesupport_cpp/tku_msgs/msg/dio__type_support.cpp.o] Error 1
gmake[2]: *** Waiting for unfinished jobs....
gmake[1]: *** [CMakeFiles/Makefile2:395: CMakeFiles/tku_msgs__rosidl_typesupport_cpp.dir/all] Error 2
In file included from [01m[K/home/iclab/Desktop/humanoid/build/tku_msgs/rosidl_typesupport_introspection_cpp/tku_msgs/msg/detail/dio__type_support.cpp:12[m[K:
[01m[K/home/iclab/Desktop/humanoid/build/tku_msgs/rosidl_generator_cpp/tku_msgs/msg/detail/dio__struct.hpp:20:10:[m[K [01;31m[Kfatal error: [m[Ktku_msgs/msg/detail/int16__struct.hpp: No such file or directory
   20 | #include [01;31m[K"tku_msgs/msg/detail/int16__struct.hpp"[m[K
      |          [01;31m[K^~~~~~~~~~~~~~~~~~~~~~~~~~~~~~~~~~~~~~~[m[K
compilation terminated.
gmake[2]: *** [CMakeFiles/tku_msgs__rosidl_typesupport_introspection_cpp.dir/build.make:494: CMakeFiles/tku_msgs__rosidl_typesupport_introspection_cpp.dir/rosidl_typesupport_introspection_cpp/tku_msgs/msg/detail/dio__type_support.cpp.o] Error 1
gmake[2]: *** Waiting for unfinished jobs....
gmake[1]: *** [CMakeFiles/Makefile2:369: CMakeFiles/tku_msgs__rosidl_typesupport_introspection_cpp.dir/all] Error 2
In file included from [01m[K/home/iclab/Desktop/humanoid/build/tku_msgs/rosidl_typesupport_fastrtps_cpp/tku_msgs/msg/detail/dio__rosidl_typesupport_fastrtps_cpp.hpp:11[m[K,
                 from [01m[K/home/iclab/Desktop/humanoid/build/tku_msgs/rosidl_typesupport_fastrtps_cpp/tku_msgs/msg/detail/dds_fastrtps/dio__type_support.cpp:4[m[K:
[01m[K/home/iclab/Desktop/humanoid/build/tku_msgs/rosidl_generator_cpp/tku_msgs/msg/detail/dio__struct.hpp:20:10:[m[K [01;31m[Kfatal error: [m[Ktku_msgs/msg/detail/int16__struct.hpp: No such file or directory
   20 | #include [01;31m[K"tku_msgs/msg/detail/int16__struct.hpp"[m[K
      |          [01;31m[K^~~~~~~~~~~~~~~~~~~~~~~~~~~~~~~~~~~~~~~[m[K
compilation terminated.
gmake[2]: *** [CMakeFiles/tku_msgs__rosidl_typesupport_fastrtps_cpp.dir/build.make:494: CMakeFiles/tku_msgs__rosidl_typesupport_fastrtps_cpp.dir/rosidl_typesupport_fastrtps_cpp/tku_msgs/msg/detail/dds_fastrtps/dio__type_support.cpp.o] Error 1
gmake[2]: *** Waiting for unfinished jobs....
gmake[1]: *** [CMakeFiles/Makefile2:343: CMakeFiles/tku_msgs__rosidl_typesupport_fastrtps_cpp.dir/all] Error 2
gmake: *** [Makefile:146: all] Error 2
