[0.076s] Invoking command in '/home/iclab/Desktop/humanoid/build/tku_msgs': BYOBU_DATE=%Y-%m-%d CMAKE_PREFIX_PATH=${CMAKE_PREFIX_PATH}:/home/iclab/Desktop/humanoid/install/wula:/home/iclab/Desktop/humanoid/install/motionpackage:/home/iclab/Desktop/humanoid/install/imageprocess:/opt/ros/humble /usr/bin/cmake --build /home/iclab/Desktop/humanoid/build/tku_msgs -- -j6 -l6
[1.410s] -- Found ament_cmake: 1.3.11 (/opt/ros/humble/share/ament_cmake/cmake)
[1.411s] -- Found rosidl_default_generators: 1.2.0 (/opt/ros/humble/share/rosidl_default_generators/cmake)
[1.411s] -- Using all available rosidl_typesupport_c: rosidl_typesupport_fastrtps_c;rosidl_typesupport_introspection_c
[1.411s] -- Found rosidl_adapter: 3.1.6 (/opt/ros/humble/share/rosidl_adapter/cmake)
[1.411s] -- Using all available rosidl_typesupport_cpp: rosidl_typesupport_fastrtps_cpp;rosidl_typesupport_introspection_cpp
[1.411s] -- Found std_msgs: 4.2.4 (/opt/ros/humble/share/std_msgs/cmake)
[1.896s] -- Found ament_cmake_ros: 0.10.0 (/opt/ros/humble/share/ament_cmake_ros/cmake)
[2.509s] -- Using all available rosidl_typesupport_c: rosidl_typesupport_fastrtps_c;rosidl_typesupport_introspection_c
[3.325s] -- Using all available rosidl_typesupport_cpp: rosidl_typesupport_fastrtps_cpp;rosidl_typesupport_introspection_cpp
[3.398s] -- Found python_cmake_module: 0.10.0 (/opt/ros/humble/share/python_cmake_module/cmake)
[3.459s] -- Using PYTHON_EXECUTABLE: /usr/bin/python3
[3.459s] -- Using PYTHON_INCLUDE_DIRS: /usr/include/python3.10
[3.459s] -- Using PYTHON_LIBRARIES: /usr/lib/aarch64-linux-gnu/libpython3.10.so
[3.539s] -- Found ament_lint_auto: 0.12.11 (/opt/ros/humble/share/ament_lint_auto/cmake)
[3.593s] -- Added test 'lint_cmake' to check CMake code style
[3.597s] -- Added test 'xmllint' to check XML markup files
[3.603s] -- Configuring done
[3.847s] -- Generating done
[3.891s] -- Build files have been written to: /home/iclab/Desktop/humanoid/build/tku_msgs
[3.992s] [  1%] [34m[1mGenerating C code for ROS interfaces[0m
[4.090s] [  1%] [34m[1mGenerating C++ code for ROS interfaces[0m
[4.104s] [  1%] Built target ament_cmake_python_copy_tku_msgs
[4.740s] running egg_info
[4.743s] writing tku_msgs.egg-info/PKG-INFO
[4.744s] writing dependency_links to tku_msgs.egg-info/dependency_links.txt
[4.744s] writing top-level names to tku_msgs.egg-info/top_level.txt
[4.755s] reading manifest file 'tku_msgs.egg-info/SOURCES.txt'
[4.757s] writing manifest file 'tku_msgs.egg-info/SOURCES.txt'
[4.850s] [  1%] Built target ament_cmake_python_build_tku_msgs_egg
[9.955s] [35m[1mConsolidate compiler generated dependencies of target tku_msgs__rosidl_generator_c[0m
[10.024s] [  1%] [32mBuilding C object CMakeFiles/tku_msgs__rosidl_generator_c.dir/rosidl_generator_c/tku_msgs/msg/detail/button_color_form__functions.c.o[0m
[10.076s] [  1%] [32mBuilding C object CMakeFiles/tku_msgs__rosidl_generator_c.dir/rosidl_generator_c/tku_msgs/msg/detail/color_array__functions.c.o[0m
[10.094s] [  2%] [32mBuilding C object CMakeFiles/tku_msgs__rosidl_generator_c.dir/rosidl_generator_c/tku_msgs/msg/detail/color_data__functions.c.o[0m
[10.132s] [  2%] [32mBuilding C object CMakeFiles/tku_msgs__rosidl_generator_c.dir/rosidl_generator_c/tku_msgs/msg/detail/draw_image__functions.c.o[0m
[10.155s] [  2%] [32mBuilding C object CMakeFiles/tku_msgs__rosidl_generator_c.dir/rosidl_generator_c/tku_msgs/msg/detail/hsv_value__functions.c.o[0m
[10.281s] [  2%] Built target tku_msgs__cpp
[10.315s] [  2%] [34m[1mGenerating C++ type support dispatch for ROS interfaces[0m
[10.382s] [  2%] [32mBuilding C object CMakeFiles/tku_msgs__rosidl_generator_c.dir/rosidl_generator_c/tku_msgs/msg/detail/object_list__functions.c.o[0m
[10.385s] [  4%] [32mBuilding C object CMakeFiles/tku_msgs__rosidl_generator_c.dir/rosidl_generator_c/tku_msgs/msg/detail/label_model_object_list__functions.c.o[0m
[10.385s] [  4%] [34m[1mGenerating C++ type support for eProsima Fast-RTPS[0m
[10.388s] [  4%] [32mBuilding C object CMakeFiles/tku_msgs__rosidl_generator_c.dir/rosidl_generator_c/tku_msgs/msg/detail/camera__functions.c.o[0m
[10.406s] [  5%] [32mBuilding C object CMakeFiles/tku_msgs__rosidl_generator_c.dir/rosidl_generator_c/tku_msgs/msg/detail/camera_save__functions.c.o[0m
[10.533s] [  5%] [32mBuilding C object CMakeFiles/tku_msgs__rosidl_generator_c.dir/rosidl_generator_c/tku_msgs/msg/detail/location__functions.c.o[0m
[10.576s] [  5%] [32mBuilding C object CMakeFiles/tku_msgs__rosidl_generator_c.dir/rosidl_generator_c/tku_msgs/msg/detail/dio__functions.c.o[0m
[10.577s] [  6%] [32mBuilding C object CMakeFiles/tku_msgs__rosidl_generator_c.dir/rosidl_generator_c/tku_msgs/msg/detail/parameter__functions.c.o[0m
[10.588s] [  6%] [32mBuilding C object CMakeFiles/tku_msgs__rosidl_generator_c.dir/rosidl_generator_c/tku_msgs/msg/detail/interface__functions.c.o[0m
[10.631s] In file included from [01m[K/home/iclab/Desktop/humanoid/build/tku_msgs/rosidl_generator_c/tku_msgs/msg/detail/dio__functions.h:19[m[K,
[10.632s]                  from [01m[K/home/iclab/Desktop/humanoid/build/tku_msgs/rosidl_generator_c/tku_msgs/msg/detail/dio__functions.c:4[m[K:
[10.632s] [01m[K/home/iclab/Desktop/humanoid/build/tku_msgs/rosidl_generator_c/tku_msgs/msg/detail/dio__struct.h:22:10:[m[K [01;31m[Kfatal error: [m[Ktku_msgs/msg/detail/int16__struct.h: No such file or directory
[10.632s]    22 | #include [01;31m[K"tku_msgs/msg/detail/int16__struct.h"[m[K
[10.632s]       |          [01;31m[K^~~~~~~~~~~~~~~~~~~~~~~~~~~~~~~~~~~~~[m[K
[10.633s] compilation terminated.
[10.636s] gmake[2]: *** [CMakeFiles/tku_msgs__rosidl_generator_c.dir/build.make:805: CMakeFiles/tku_msgs__rosidl_generator_c.dir/rosidl_generator_c/tku_msgs/msg/detail/dio__functions.c.o] Error 1
[10.637s] gmake[2]: *** Waiting for unfinished jobs....
[10.705s] [  7%] [34m[1mGenerating C++ introspection for ROS interfaces[0m
[10.724s] gmake[1]: *** [CMakeFiles/Makefile2:213: CMakeFiles/tku_msgs__rosidl_generator_c.dir/all] Error 2
[10.724s] gmake[1]: *** Waiting for unfinished jobs....
[13.025s] [35m[1mConsolidate compiler generated dependencies of target tku_msgs__rosidl_typesupport_cpp[0m
[13.104s] [  8%] [32mBuilding CXX object CMakeFiles/tku_msgs__rosidl_typesupport_cpp.dir/rosidl_typesupport_cpp/tku_msgs/msg/button_color_form__type_support.cpp.o[0m
[13.111s] [  8%] [32mBuilding CXX object CMakeFiles/tku_msgs__rosidl_typesupport_cpp.dir/rosidl_typesupport_cpp/tku_msgs/msg/color_array__type_support.cpp.o[0m
[13.114s] [  9%] [32mBuilding CXX object CMakeFiles/tku_msgs__rosidl_typesupport_cpp.dir/rosidl_typesupport_cpp/tku_msgs/msg/draw_image__type_support.cpp.o[0m
[13.122s] [  9%] [32mBuilding CXX object CMakeFiles/tku_msgs__rosidl_typesupport_cpp.dir/rosidl_typesupport_cpp/tku_msgs/msg/color_data__type_support.cpp.o[0m
[14.054s] [  9%] [32mBuilding CXX object CMakeFiles/tku_msgs__rosidl_typesupport_cpp.dir/rosidl_typesupport_cpp/tku_msgs/msg/hsv_value__type_support.cpp.o[0m
[14.077s] [ 10%] [32mBuilding CXX object CMakeFiles/tku_msgs__rosidl_typesupport_cpp.dir/rosidl_typesupport_cpp/tku_msgs/msg/label_model_object_list__type_support.cpp.o[0m
[14.139s] [ 10%] [32mBuilding CXX object CMakeFiles/tku_msgs__rosidl_typesupport_cpp.dir/rosidl_typesupport_cpp/tku_msgs/msg/object_list__type_support.cpp.o[0m
[14.167s] [ 10%] [32mBuilding CXX object CMakeFiles/tku_msgs__rosidl_typesupport_cpp.dir/rosidl_typesupport_cpp/tku_msgs/msg/camera__type_support.cpp.o[0m
[14.895s] [ 11%] [32mBuilding CXX object CMakeFiles/tku_msgs__rosidl_typesupport_cpp.dir/rosidl_typesupport_cpp/tku_msgs/msg/camera_save__type_support.cpp.o[0m
[14.910s] [ 11%] [32mBuilding CXX object CMakeFiles/tku_msgs__rosidl_typesupport_cpp.dir/rosidl_typesupport_cpp/tku_msgs/msg/location__type_support.cpp.o[0m
[15.037s] [ 11%] [32mBuilding CXX object CMakeFiles/tku_msgs__rosidl_typesupport_cpp.dir/rosidl_typesupport_cpp/tku_msgs/msg/dio__type_support.cpp.o[0m
[15.125s] [ 12%] [32mBuilding CXX object CMakeFiles/tku_msgs__rosidl_typesupport_cpp.dir/rosidl_typesupport_cpp/tku_msgs/msg/parameter__type_support.cpp.o[0m
[15.163s] In file included from [01m[K/home/iclab/Desktop/humanoid/build/tku_msgs/rosidl_typesupport_cpp/tku_msgs/msg/dio__type_support.cpp:7[m[K:
[15.163s] [01m[K/home/iclab/Desktop/humanoid/build/tku_msgs/rosidl_generator_cpp/tku_msgs/msg/detail/dio__struct.hpp:20:10:[m[K [01;31m[Kfatal error: [m[Ktku_msgs/msg/detail/int16__struct.hpp: No such file or directory
[15.164s]    20 | #include [01;31m[K"tku_msgs/msg/detail/int16__struct.hpp"[m[K
[15.164s]       |          [01;31m[K^~~~~~~~~~~~~~~~~~~~~~~~~~~~~~~~~~~~~~~[m[K
[15.164s] compilation terminated.
[15.169s] gmake[2]: *** [CMakeFiles/tku_msgs__rosidl_typesupport_cpp.dir/build.make:390: CMakeFiles/tku_msgs__rosidl_typesupport_cpp.dir/rosidl_typesupport_cpp/tku_msgs/msg/dio__type_support.cpp.o] Error 1
[15.170s] gmake[2]: *** Waiting for unfinished jobs....
[15.828s] [35m[1mConsolidate compiler generated dependencies of target tku_msgs__rosidl_typesupport_introspection_cpp[0m
[15.901s] gmake[1]: *** [CMakeFiles/Makefile2:395: CMakeFiles/tku_msgs__rosidl_typesupport_cpp.dir/all] Error 2
[15.918s] [ 12%] [32mBuilding CXX object CMakeFiles/tku_msgs__rosidl_typesupport_introspection_cpp.dir/rosidl_typesupport_introspection_cpp/tku_msgs/msg/detail/button_color_form__type_support.cpp.o[0m
[15.920s] [ 12%] [32mBuilding CXX object CMakeFiles/tku_msgs__rosidl_typesupport_introspection_cpp.dir/rosidl_typesupport_introspection_cpp/tku_msgs/msg/detail/draw_image__type_support.cpp.o[0m
[15.925s] [ 12%] [32mBuilding CXX object CMakeFiles/tku_msgs__rosidl_typesupport_introspection_cpp.dir/rosidl_typesupport_introspection_cpp/tku_msgs/msg/detail/color_array__type_support.cpp.o[0m
[15.934s] [ 13%] [32mBuilding CXX object CMakeFiles/tku_msgs__rosidl_typesupport_introspection_cpp.dir/rosidl_typesupport_introspection_cpp/tku_msgs/msg/detail/color_data__type_support.cpp.o[0m
[15.934s] [ 13%] [32mBuilding CXX object CMakeFiles/tku_msgs__rosidl_typesupport_introspection_cpp.dir/rosidl_typesupport_introspection_cpp/tku_msgs/msg/detail/hsv_value__type_support.cpp.o[0m
[15.987s] [35m[1mConsolidate compiler generated dependencies of target tku_msgs__rosidl_typesupport_fastrtps_cpp[0m
[16.126s] [ 13%] [32mBuilding CXX object CMakeFiles/tku_msgs__rosidl_typesupport_fastrtps_cpp.dir/rosidl_typesupport_fastrtps_cpp/tku_msgs/msg/detail/dds_fastrtps/button_color_form__type_support.cpp.o[0m
[16.963s] [ 14%] [32mBuilding CXX object CMakeFiles/tku_msgs__rosidl_typesupport_introspection_cpp.dir/rosidl_typesupport_introspection_cpp/tku_msgs/msg/detail/label_model_object_list__type_support.cpp.o[0m
[17.170s] [ 14%] [32mBuilding CXX object CMakeFiles/tku_msgs__rosidl_typesupport_introspection_cpp.dir/rosidl_typesupport_introspection_cpp/tku_msgs/msg/detail/object_list__type_support.cpp.o[0m
[17.190s] [ 14%] [32mBuilding CXX object CMakeFiles/tku_msgs__rosidl_typesupport_introspection_cpp.dir/rosidl_typesupport_introspection_cpp/tku_msgs/msg/detail/camera__type_support.cpp.o[0m
[17.282s] [ 14%] [32mBuilding CXX object CMakeFiles/tku_msgs__rosidl_typesupport_fastrtps_cpp.dir/rosidl_typesupport_fastrtps_cpp/tku_msgs/msg/detail/dds_fastrtps/color_array__type_support.cpp.o[0m
[17.340s] [ 15%] [32mBuilding CXX object CMakeFiles/tku_msgs__rosidl_typesupport_introspection_cpp.dir/rosidl_typesupport_introspection_cpp/tku_msgs/msg/detail/camera_save__type_support.cpp.o[0m
[17.384s] [ 15%] [32mBuilding CXX object CMakeFiles/tku_msgs__rosidl_typesupport_introspection_cpp.dir/rosidl_typesupport_introspection_cpp/tku_msgs/msg/detail/location__type_support.cpp.o[0m
[18.273s] [ 15%] [32mBuilding CXX object CMakeFiles/tku_msgs__rosidl_typesupport_introspection_cpp.dir/rosidl_typesupport_introspection_cpp/tku_msgs/msg/detail/dio__type_support.cpp.o[0m
[18.399s] [ 16%] [32mBuilding CXX object CMakeFiles/tku_msgs__rosidl_typesupport_introspection_cpp.dir/rosidl_typesupport_introspection_cpp/tku_msgs/msg/detail/parameter__type_support.cpp.o[0m
[18.435s] In file included from [01m[K/home/iclab/Desktop/humanoid/build/tku_msgs/rosidl_typesupport_introspection_cpp/tku_msgs/msg/detail/dio__type_support.cpp:12[m[K:
[18.435s] [01m[K/home/iclab/Desktop/humanoid/build/tku_msgs/rosidl_generator_cpp/tku_msgs/msg/detail/dio__struct.hpp:20:10:[m[K [01;31m[Kfatal error: [m[Ktku_msgs/msg/detail/int16__struct.hpp: No such file or directory
[18.436s]    20 | #include [01;31m[K"tku_msgs/msg/detail/int16__struct.hpp"[m[K
[18.436s]       |          [01;31m[K^~~~~~~~~~~~~~~~~~~~~~~~~~~~~~~~~~~~~~~[m[K
[18.436s] compilation terminated.
[18.439s] gmake[2]: *** [CMakeFiles/tku_msgs__rosidl_typesupport_introspection_cpp.dir/build.make:494: CMakeFiles/tku_msgs__rosidl_typesupport_introspection_cpp.dir/rosidl_typesupport_introspection_cpp/tku_msgs/msg/detail/dio__type_support.cpp.o] Error 1
[18.439s] gmake[2]: *** Waiting for unfinished jobs....
[18.487s] [ 16%] [32mBuilding CXX object CMakeFiles/tku_msgs__rosidl_typesupport_fastrtps_cpp.dir/rosidl_typesupport_fastrtps_cpp/tku_msgs/msg/detail/dds_fastrtps/draw_image__type_support.cpp.o[0m
[18.498s] [ 17%] [32mBuilding CXX object CMakeFiles/tku_msgs__rosidl_typesupport_fastrtps_cpp.dir/rosidl_typesupport_fastrtps_cpp/tku_msgs/msg/detail/dds_fastrtps/color_data__type_support.cpp.o[0m
[18.513s] [ 17%] [32mBuilding CXX object CMakeFiles/tku_msgs__rosidl_typesupport_fastrtps_cpp.dir/rosidl_typesupport_fastrtps_cpp/tku_msgs/msg/detail/dds_fastrtps/hsv_value__type_support.cpp.o[0m
[18.751s] [ 18%] [32mBuilding CXX object CMakeFiles/tku_msgs__rosidl_typesupport_fastrtps_cpp.dir/rosidl_typesupport_fastrtps_cpp/tku_msgs/msg/detail/dds_fastrtps/label_model_object_list__type_support.cpp.o[0m
[18.820s] [ 18%] [32mBuilding CXX object CMakeFiles/tku_msgs__rosidl_typesupport_fastrtps_cpp.dir/rosidl_typesupport_fastrtps_cpp/tku_msgs/msg/detail/dds_fastrtps/object_list__type_support.cpp.o[0m
[19.689s] [ 18%] [32mBuilding CXX object CMakeFiles/tku_msgs__rosidl_typesupport_fastrtps_cpp.dir/rosidl_typesupport_fastrtps_cpp/tku_msgs/msg/detail/dds_fastrtps/camera__type_support.cpp.o[0m
[19.694s] [ 19%] [32mBuilding CXX object CMakeFiles/tku_msgs__rosidl_typesupport_fastrtps_cpp.dir/rosidl_typesupport_fastrtps_cpp/tku_msgs/msg/detail/dds_fastrtps/camera_save__type_support.cpp.o[0m
[19.717s] [ 19%] [32mBuilding CXX object CMakeFiles/tku_msgs__rosidl_typesupport_fastrtps_cpp.dir/rosidl_typesupport_fastrtps_cpp/tku_msgs/msg/detail/dds_fastrtps/location__type_support.cpp.o[0m
[19.748s] gmake[1]: *** [CMakeFiles/Makefile2:369: CMakeFiles/tku_msgs__rosidl_typesupport_introspection_cpp.dir/all] Error 2
[19.776s] [ 19%] [32mBuilding CXX object CMakeFiles/tku_msgs__rosidl_typesupport_fastrtps_cpp.dir/rosidl_typesupport_fastrtps_cpp/tku_msgs/msg/detail/dds_fastrtps/dio__type_support.cpp.o[0m
[19.989s] In file included from [01m[K/home/iclab/Desktop/humanoid/build/tku_msgs/rosidl_typesupport_fastrtps_cpp/tku_msgs/msg/detail/dio__rosidl_typesupport_fastrtps_cpp.hpp:11[m[K,
[19.989s]                  from [01m[K/home/iclab/Desktop/humanoid/build/tku_msgs/rosidl_typesupport_fastrtps_cpp/tku_msgs/msg/detail/dds_fastrtps/dio__type_support.cpp:4[m[K:
[19.989s] [01m[K/home/iclab/Desktop/humanoid/build/tku_msgs/rosidl_generator_cpp/tku_msgs/msg/detail/dio__struct.hpp:20:10:[m[K [01;31m[Kfatal error: [m[Ktku_msgs/msg/detail/int16__struct.hpp: No such file or directory
[19.989s]    20 | #include [01;31m[K"tku_msgs/msg/detail/int16__struct.hpp"[m[K
[19.989s]       |          [01;31m[K^~~~~~~~~~~~~~~~~~~~~~~~~~~~~~~~~~~~~~~[m[K
[19.990s] compilation terminated.
[19.993s] gmake[2]: *** [CMakeFiles/tku_msgs__rosidl_typesupport_fastrtps_cpp.dir/build.make:494: CMakeFiles/tku_msgs__rosidl_typesupport_fastrtps_cpp.dir/rosidl_typesupport_fastrtps_cpp/tku_msgs/msg/detail/dds_fastrtps/dio__type_support.cpp.o] Error 1
[19.993s] gmake[2]: *** Waiting for unfinished jobs....
[20.787s] gmake[1]: *** [CMakeFiles/Makefile2:343: CMakeFiles/tku_msgs__rosidl_typesupport_fastrtps_cpp.dir/all] Error 2
[20.788s] gmake: *** [Makefile:146: all] Error 2
[20.795s] Invoked command in '/home/iclab/Desktop/humanoid/build/tku_msgs' returned '2': BYOBU_DATE=%Y-%m-%d CMAKE_PREFIX_PATH=${CMAKE_PREFIX_PATH}:/home/iclab/Desktop/humanoid/install/wula:/home/iclab/Desktop/humanoid/install/motionpackage:/home/iclab/Desktop/humanoid/install/imageprocess:/opt/ros/humble /usr/bin/cmake --build /home/iclab/Desktop/humanoid/build/tku_msgs -- -j6 -l6
