[0.679s] Invoking command in '/workspace/towen/build/image_geometry': BYOBU_DATE=%Y-%m-%d CMAKE_PREFIX_PATH=${CMAKE_PREFIX_PATH}:/workspace/towen/install/strategy:/workspace/towen/install/rosidl_cli:/workspace/towen/install/opencv_tests:/workspace/towen/install/motionpackage:/workspace/towen/install/imageprocess:/opt/ros/humble /usr/local/bin/cmake --build /workspace/towen/build/image_geometry -- -j6 -l6
[1.100s] [  0%] Built target ament_cmake_python_copy_image_geometry
[1.127s] [ 22%] Built target gtest_main
[1.133s] [ 55%] Built target image_geometry
[1.139s] [ 77%] Built target gtest
[1.242s] [100%] Built target image_geometry-utest
[2.046s] running egg_info
[2.118s] writing image_geometry.egg-info/PKG-INFO
[2.122s] writing dependency_links to image_geometry.egg-info/dependency_links.txt
[2.125s] writing top-level names to image_geometry.egg-info/top_level.txt
[2.280s] reading manifest file 'image_geometry.egg-info/SOURCES.txt'
[2.313s] writing manifest file 'image_geometry.egg-info/SOURCES.txt'
[2.396s] [100%] Built target ament_cmake_python_build_image_geometry_egg
[2.453s] Invoked command in '/workspace/towen/build/image_geometry' returned '0': BYOBU_DATE=%Y-%m-%d CMAKE_PREFIX_PATH=${CMAKE_PREFIX_PATH}:/workspace/towen/install/strategy:/workspace/towen/install/rosidl_cli:/workspace/towen/install/opencv_tests:/workspace/towen/install/motionpackage:/workspace/towen/install/imageprocess:/opt/ros/humble /usr/local/bin/cmake --build /workspace/towen/build/image_geometry -- -j6 -l6
[2.928s] Invoking command in '/workspace/towen/build/image_geometry': BYOBU_DATE=%Y-%m-%d CMAKE_PREFIX_PATH=${CMAKE_PREFIX_PATH}:/workspace/towen/install/strategy:/workspace/towen/install/rosidl_cli:/workspace/towen/install/opencv_tests:/workspace/towen/install/motionpackage:/workspace/towen/install/imageprocess:/opt/ros/humble /usr/local/bin/cmake --install /workspace/towen/build/image_geometry
[3.145s] -- Install configuration: ""
[3.145s] -- Up-to-date: /workspace/towen/install/image_geometry/share/image_geometry/environment/pythonpath.sh
[3.145s] -- Up-to-date: /workspace/towen/install/image_geometry/share/image_geometry/environment/pythonpath.dsv
[3.146s] -- Up-to-date: /workspace/towen/install/image_geometry/local/lib/python3.10/dist-packages/image_geometry-3.2.1-py3.10.egg-info
[3.146s] -- Installing: /workspace/towen/install/image_geometry/local/lib/python3.10/dist-packages/image_geometry-3.2.1-py3.10.egg-info/PKG-INFO
[3.148s] -- Installing: /workspace/towen/install/image_geometry/local/lib/python3.10/dist-packages/image_geometry-3.2.1-py3.10.egg-info/top_level.txt
[3.148s] -- Installing: /workspace/towen/install/image_geometry/local/lib/python3.10/dist-packages/image_geometry-3.2.1-py3.10.egg-info/SOURCES.txt
[3.148s] -- Installing: /workspace/towen/install/image_geometry/local/lib/python3.10/dist-packages/image_geometry-3.2.1-py3.10.egg-info/dependency_links.txt
[3.149s] -- Up-to-date: /workspace/towen/install/image_geometry/local/lib/python3.10/dist-packages/image_geometry
[3.152s] -- Up-to-date: /workspace/towen/install/image_geometry/local/lib/python3.10/dist-packages/image_geometry/__init__.py
[3.152s] -- Up-to-date: /workspace/towen/install/image_geometry/local/lib/python3.10/dist-packages/image_geometry/cameramodels.py
[3.272s] Listing '/workspace/towen/install/image_geometry/local/lib/python3.10/dist-packages/image_geometry'...
[3.305s] -- Up-to-date: /workspace/towen/install/image_geometry/include/image_geometry
[3.308s] -- Up-to-date: /workspace/towen/install/image_geometry/include/image_geometry/image_geometry
[3.310s] -- Up-to-date: /workspace/towen/install/image_geometry/include/image_geometry/image_geometry/visibility_control.hpp
[3.311s] -- Up-to-date: /workspace/towen/install/image_geometry/include/image_geometry/image_geometry/stereo_camera_model.h
[3.312s] -- Up-to-date: /workspace/towen/install/image_geometry/include/image_geometry/image_geometry/pinhole_camera_model.h
[3.313s] -- Up-to-date: /workspace/towen/install/image_geometry/lib/libimage_geometry.so
[3.315s] -- Up-to-date: /workspace/towen/install/image_geometry/share/ament_index/resource_index/package_run_dependencies/image_geometry
[3.316s] -- Up-to-date: /workspace/towen/install/image_geometry/share/ament_index/resource_index/parent_prefix_path/image_geometry
[3.317s] -- Up-to-date: /workspace/towen/install/image_geometry/share/image_geometry/environment/ament_prefix_path.sh
[3.318s] -- Up-to-date: /workspace/towen/install/image_geometry/share/image_geometry/environment/ament_prefix_path.dsv
[3.319s] -- Up-to-date: /workspace/towen/install/image_geometry/share/image_geometry/environment/path.sh
[3.320s] -- Up-to-date: /workspace/towen/install/image_geometry/share/image_geometry/environment/path.dsv
[3.321s] -- Up-to-date: /workspace/towen/install/image_geometry/share/image_geometry/local_setup.bash
[3.322s] -- Up-to-date: /workspace/towen/install/image_geometry/share/image_geometry/local_setup.sh
[3.323s] -- Up-to-date: /workspace/towen/install/image_geometry/share/image_geometry/local_setup.zsh
[3.324s] -- Up-to-date: /workspace/towen/install/image_geometry/share/image_geometry/local_setup.dsv
[3.325s] -- Installing: /workspace/towen/install/image_geometry/share/image_geometry/package.dsv
[3.336s] -- Up-to-date: /workspace/towen/install/image_geometry/share/ament_index/resource_index/packages/image_geometry
[3.341s] -- Up-to-date: /workspace/towen/install/image_geometry/share/image_geometry/cmake/export_image_geometryExport.cmake
[3.341s] -- Up-to-date: /workspace/towen/install/image_geometry/share/image_geometry/cmake/export_image_geometryExport-noconfig.cmake
[3.341s] -- Up-to-date: /workspace/towen/install/image_geometry/share/image_geometry/cmake/ament_cmake_export_targets-extras.cmake
[3.342s] -- Up-to-date: /workspace/towen/install/image_geometry/share/image_geometry/cmake/ament_cmake_export_dependencies-extras.cmake
[3.342s] -- Up-to-date: /workspace/towen/install/image_geometry/share/image_geometry/cmake/image_geometryConfig.cmake
[3.342s] -- Up-to-date: /workspace/towen/install/image_geometry/share/image_geometry/cmake/image_geometryConfig-version.cmake
[3.342s] -- Up-to-date: /workspace/towen/install/image_geometry/share/image_geometry/package.xml
[3.391s] Invoked command in '/workspace/towen/build/image_geometry' returned '0': BYOBU_DATE=%Y-%m-%d CMAKE_PREFIX_PATH=${CMAKE_PREFIX_PATH}:/workspace/towen/install/strategy:/workspace/towen/install/rosidl_cli:/workspace/towen/install/opencv_tests:/workspace/towen/install/motionpackage:/workspace/towen/install/imageprocess:/opt/ros/humble /usr/local/bin/cmake --install /workspace/towen/build/image_geometry
