gmake: Warning: File 'Makefile' has modification time 1748133381 s in the future
gmake[1]: Warning: File 'CMakeFiles/Makefile2' has modification time 1748133381 s in the future
gmake[2]: Warning: File 'CMakeFiles/usb_cam.dir/flags.make' has modification time 1748133381 s in the future
gmake[2]: Warning: File 'CMakeFiles/usb_cam_node_exe.dir/flags.make' has modification time 1748133381 s in the future
gmake[2]: Warning: File 'gtest/CMakeFiles/gtest_main.dir/flags.make' has modification time 1748133381 s in the future
gmake[2]: Warning: File 'gtest/CMakeFiles/gtest.dir/flags.make' has modification time 1748133381 s in the future
gmake[2]: warning:  Clock skew detected.  Your build may be incomplete.
gmake[2]: Warning: File 'CMakeFiles/usb_cam.dir/flags.make' has modification time 1748133381 s in the future
gmake[2]: warning:  Clock skew detected.  Your build may be incomplete.
gmake[2]: warning:  Clock skew detected.  Your build may be incomplete.
gmake[2]: warning:  Clock skew detected.  Your build may be incomplete.
gmake[2]: warning:  Clock skew detected.  Your build may be incomplete.
gmake[2]: Warning: File 'gtest/CMakeFiles/gtest_main.dir/flags.make' has modification time 1748133381 s in the future
gmake[2]: warning:  Clock skew detected.  Your build may be incomplete.
gmake[2]: Warning: File 'gtest/CMakeFiles/gtest.dir/flags.make' has modification time 1748133381 s in the future
gmake[2]: warning:  Clock skew detected.  Your build may be incomplete.
gmake[2]: Warning: File 'CMakeFiles/usb_cam_node_exe.dir/flags.make' has modification time 1748133381 s in the future
gmake[2]: warning:  Clock skew detected.  Your build may be incomplete.
gmake[2]: Warning: File 'CMakeFiles/usb_cam_node.dir/flags.make' has modification time 1748133380 s in the future
gmake[2]: warning:  Clock skew detected.  Your build may be incomplete.
gmake[2]: Warning: File 'CMakeFiles/test_usb_cam_utils.dir/flags.make' has modification time 1748133380 s in the future
gmake[2]: Warning: File 'CMakeFiles/test_pixel_formats.dir/flags.make' has modification time 1748133380 s in the future
gmake[2]: Warning: File 'CMakeFiles/usb_cam_node.dir/flags.make' has modification time 1748133380 s in the future
gmake[2]: warning:  Clock skew detected.  Your build may be incomplete.
gmake[2]: warning:  Clock skew detected.  Your build may be incomplete.
gmake[2]: Warning: File 'CMakeFiles/test_usb_cam_utils.dir/flags.make' has modification time 1748133380 s in the future
gmake[2]: warning:  Clock skew detected.  Your build may be incomplete.
gmake[2]: warning:  Clock skew detected.  Your build may be incomplete.
gmake[2]: Warning: File 'CMakeFiles/test_pixel_formats.dir/flags.make' has modification time 1748133380 s in the future
gmake[2]: warning:  Clock skew detected.  Your build may be incomplete.
gmake[1]: warning:  Clock skew detected.  Your build may be incomplete.
gmake: warning:  Clock skew detected.  Your build may be incomplete.
