[3.280s] Invoking command in '/home/iclab/Desktop/humanoid/src/motionpackage': BYOBU_DATE=%Y-%m-%d PYTHONPATH=/home/iclab/Desktop/humanoid/build/motionpackage/prefix_override:/usr/lib/python3/dist-packages/colcon_core/task/python/colcon_distutils_commands:/home/iclab/Desktop/humanoid/install/motionpackage/lib/python3.10/site-packages:${PYTHONPATH} /usr/bin/python3 -W ignore:setup.py install is deprecated -W ignore:easy_install command is deprecated setup.py egg_info --egg-base ../../build/motionpackage build --build-base /home/iclab/Desktop/humanoid/build/motionpackage/build install --record /home/iclab/Desktop/humanoid/build/motionpackage/install.log --single-version-externally-managed install_data
[3.965s] running egg_info
[3.966s] writing ../../build/motionpackage/motionpackage.egg-info/PKG-INFO
[3.967s] writing dependency_links to ../../build/motionpackage/motionpackage.egg-info/dependency_links.txt
[3.967s] writing entry points to ../../build/motionpackage/motionpackage.egg-info/entry_points.txt
[3.968s] writing requirements to ../../build/motionpackage/motionpackage.egg-info/requires.txt
[3.968s] writing top-level names to ../../build/motionpackage/motionpackage.egg-info/top_level.txt
[3.973s] reading manifest file '../../build/motionpackage/motionpackage.egg-info/SOURCES.txt'
[3.974s] writing manifest file '../../build/motionpackage/motionpackage.egg-info/SOURCES.txt'
[3.975s] running build
[3.975s] running build_py
[3.976s] copying motionpackage/motionpackage.py -> /home/iclab/Desktop/humanoid/build/motionpackage/build/lib/motionpackage
[3.976s] running install
[3.979s] running install_lib
[3.982s] copying /home/iclab/Desktop/humanoid/build/motionpackage/build/lib/motionpackage/motionpackage.py -> /home/iclab/Desktop/humanoid/install/motionpackage/lib/python3.10/site-packages/motionpackage
[3.983s] byte-compiling /home/iclab/Desktop/humanoid/install/motionpackage/lib/python3.10/site-packages/motionpackage/motionpackage.py to motionpackage.cpython-310.pyc
[3.992s] running install_data
[3.993s] running install_egg_info
[3.997s] removing '/home/iclab/Desktop/humanoid/install/motionpackage/lib/python3.10/site-packages/motionpackage-0.0.0-py3.10.egg-info' (and everything under it)
[3.998s] Copying ../../build/motionpackage/motionpackage.egg-info to /home/iclab/Desktop/humanoid/install/motionpackage/lib/python3.10/site-packages/motionpackage-0.0.0-py3.10.egg-info
[4.000s] running install_scripts
[4.046s] Installing motionpackage script to /home/iclab/Desktop/humanoid/install/motionpackage/lib/motionpackage
[4.047s] writing list of installed files to '/home/iclab/Desktop/humanoid/build/motionpackage/install.log'
[4.135s] Invoked command in '/home/iclab/Desktop/humanoid/src/motionpackage' returned '0': BYOBU_DATE=%Y-%m-%d PYTHONPATH=/home/iclab/Desktop/humanoid/build/motionpackage/prefix_override:/usr/lib/python3/dist-packages/colcon_core/task/python/colcon_distutils_commands:/home/iclab/Desktop/humanoid/install/motionpackage/lib/python3.10/site-packages:${PYTHONPATH} /usr/bin/python3 -W ignore:setup.py install is deprecated -W ignore:easy_install command is deprecated setup.py egg_info --egg-base ../../build/motionpackage build --build-base /home/iclab/Desktop/humanoid/build/motionpackage/build install --record /home/iclab/Desktop/humanoid/build/motionpackage/install.log --single-version-externally-managed install_data
