[3.248s] Invoking command in '/home/iclab/Desktop/humanoid/src/wula': BYOBU_DATE=%Y-%m-%d PYTHONPATH=/home/iclab/Desktop/humanoid/build/wula/prefix_override:/usr/lib/python3/dist-packages/colcon_core/task/python/colcon_distutils_commands:/home/iclab/Desktop/humanoid/install/wula/lib/python3.10/site-packages:${PYTHONPATH} /usr/bin/python3 -W ignore:setup.py install is deprecated -W ignore:easy_install command is deprecated setup.py egg_info --egg-base ../../build/wula build --build-base /home/iclab/Desktop/humanoid/build/wula/build install --record /home/iclab/Desktop/humanoid/build/wula/install.log --single-version-externally-managed install_data
[3.945s] running egg_info
[3.947s] writing ../../build/wula/wula.egg-info/PKG-INFO
[3.949s] writing dependency_links to ../../build/wula/wula.egg-info/dependency_links.txt
[3.951s] writing entry points to ../../build/wula/wula.egg-info/entry_points.txt
[3.953s] writing requirements to ../../build/wula/wula.egg-info/requires.txt
[3.954s] writing top-level names to ../../build/wula/wula.egg-info/top_level.txt
[3.963s] reading manifest file '../../build/wula/wula.egg-info/SOURCES.txt'
[3.966s] writing manifest file '../../build/wula/wula.egg-info/SOURCES.txt'
[3.967s] running build
[3.968s] running build_py
[3.970s] copying wula/mar/API.py -> /home/iclab/Desktop/humanoid/build/wula/build/lib/wula/mar
[3.972s] copying wula/sp/API.py -> /home/iclab/Desktop/humanoid/build/wula/build/lib/wula/sp
[3.976s] running install
[3.978s] running install_lib
[3.985s] copying /home/iclab/Desktop/humanoid/build/wula/build/lib/wula/mar/API.py -> /home/iclab/Desktop/humanoid/install/wula/lib/python3.10/site-packages/wula/mar
[3.987s] copying /home/iclab/Desktop/humanoid/build/wula/build/lib/wula/sp/API.py -> /home/iclab/Desktop/humanoid/install/wula/lib/python3.10/site-packages/wula/sp
[3.994s] byte-compiling /home/iclab/Desktop/humanoid/install/wula/lib/python3.10/site-packages/wula/mar/API.py to API.cpython-310.pyc
[3.998s] byte-compiling /home/iclab/Desktop/humanoid/install/wula/lib/python3.10/site-packages/wula/sp/API.py to API.cpython-310.pyc
[4.002s] running install_data
[4.003s] running install_egg_info
[4.012s] removing '/home/iclab/Desktop/humanoid/install/wula/lib/python3.10/site-packages/wula-0.1.0-py3.10.egg-info' (and everything under it)
[4.017s] Copying ../../build/wula/wula.egg-info to /home/iclab/Desktop/humanoid/install/wula/lib/python3.10/site-packages/wula-0.1.0-py3.10.egg-info
[4.020s] running install_scripts
[4.090s] Installing mar script to /home/iclab/Desktop/humanoid/install/wula/lib/wula
[4.090s] Installing sp_boson script to /home/iclab/Desktop/humanoid/install/wula/lib/wula
[4.093s] writing list of installed files to '/home/iclab/Desktop/humanoid/build/wula/install.log'
[4.204s] Invoked command in '/home/iclab/Desktop/humanoid/src/wula' returned '0': BYOBU_DATE=%Y-%m-%d PYTHONPATH=/home/iclab/Desktop/humanoid/build/wula/prefix_override:/usr/lib/python3/dist-packages/colcon_core/task/python/colcon_distutils_commands:/home/iclab/Desktop/humanoid/install/wula/lib/python3.10/site-packages:${PYTHONPATH} /usr/bin/python3 -W ignore:setup.py install is deprecated -W ignore:easy_install command is deprecated setup.py egg_info --egg-base ../../build/wula build --build-base /home/iclab/Desktop/humanoid/build/wula/build install --record /home/iclab/Desktop/humanoid/build/wula/install.log --single-version-externally-managed install_data
