[2.452s] Invoking command in '/workspace/towen/src/strategy': BYOBU_DATE=%Y-%m-%d PYTHONPATH=/workspace/towen/build/strategy/prefix_override:/usr/lib/python3/dist-packages/colcon_core/task/python/colcon_distutils_commands:/workspace/towen/install/strategy/lib/python3.10/site-packages:${PYTHONPATH} /usr/bin/python3 -W ignore:setup.py install is deprecated setup.py egg_info --egg-base ../../build/strategy build --build-base /workspace/towen/build/strategy/build install --record /workspace/towen/build/strategy/install.log --single-version-externally-managed install_data
[3.149s] running egg_info
[3.192s] writing ../../build/strategy/strategy.egg-info/PKG-INFO
[3.193s] writing dependency_links to ../../build/strategy/strategy.egg-info/dependency_links.txt
[3.197s] writing entry points to ../../build/strategy/strategy.egg-info/entry_points.txt
[3.199s] writing requirements to ../../build/strategy/strategy.egg-info/requires.txt
[3.201s] writing top-level names to ../../build/strategy/strategy.egg-info/top_level.txt
[3.277s] reading manifest file '../../build/strategy/strategy.egg-info/SOURCES.txt'
[3.278s] adding license file 'LICENSE'
[3.282s] writing manifest file '../../build/strategy/strategy.egg-info/SOURCES.txt'
[3.283s] running build
[3.283s] running build_py
[3.284s] copying strategy/__init__.py -> /workspace/towen/build/strategy/build/lib/strategy
[3.285s] copying strategy/API.py -> /workspace/towen/build/strategy/build/lib/strategy
[3.286s] copying strategy/mar/__init__.py -> /workspace/towen/build/strategy/build/lib/strategy/mar
[3.287s] copying strategy/mar/mar.py -> /workspace/towen/build/strategy/build/lib/strategy/mar
[3.288s] copying strategy/wl/wl.py -> /workspace/towen/build/strategy/build/lib/strategy/wl
[3.288s] copying strategy/wl/__init__.py -> /workspace/towen/build/strategy/build/lib/strategy/wl
[3.289s] copying strategy/sp/sp.py -> /workspace/towen/build/strategy/build/lib/strategy/sp
[3.290s] copying strategy/sp/__init__.py -> /workspace/towen/build/strategy/build/lib/strategy/sp
[3.291s] copying strategy/obs/__init__.py -> /workspace/towen/build/strategy/build/lib/strategy/obs
[3.291s] copying strategy/obs/obs.py -> /workspace/towen/build/strategy/build/lib/strategy/obs
[3.293s] copying strategy/sr/__init__.py -> /workspace/towen/build/strategy/build/lib/strategy/sr
[3.293s] copying strategy/sr/sr.py -> /workspace/towen/build/strategy/build/lib/strategy/sr
[3.294s] copying strategy/bb/__init__.py -> /workspace/towen/build/strategy/build/lib/strategy/bb
[3.295s] copying strategy/bb/bb.py -> /workspace/towen/build/strategy/build/lib/strategy/bb
[3.296s] copying strategy/ar/__init__.py -> /workspace/towen/build/strategy/build/lib/strategy/ar
[3.296s] copying strategy/ar/ar.py -> /workspace/towen/build/strategy/build/lib/strategy/ar
[3.300s] running install
[3.314s] running install_lib
[3.359s] running install_data
[3.361s] copying resource/strategy -> /workspace/towen/install/strategy/share/ament_index/resource_index/packages
[3.363s] copying package.xml -> /workspace/towen/install/strategy/share/strategy
[3.365s] running install_egg_info
[3.476s] removing '/workspace/towen/install/strategy/lib/python3.10/site-packages/strategy-0.0.0-py3.10.egg-info' (and everything under it)
[3.477s] Copying ../../build/strategy/strategy.egg-info to /workspace/towen/install/strategy/lib/python3.10/site-packages/strategy-0.0.0-py3.10.egg-info
[3.488s] running install_scripts
[3.870s] Installing ar script to /workspace/towen/install/strategy/lib/strategy
[3.871s] Installing bb script to /workspace/towen/install/strategy/lib/strategy
[3.873s] Installing mar script to /workspace/towen/install/strategy/lib/strategy
[3.874s] Installing obs script to /workspace/towen/install/strategy/lib/strategy
[3.876s] Installing sp script to /workspace/towen/install/strategy/lib/strategy
[3.877s] Installing sr script to /workspace/towen/install/strategy/lib/strategy
[3.879s] Installing wl script to /workspace/towen/install/strategy/lib/strategy
[3.882s] writing list of installed files to '/workspace/towen/build/strategy/install.log'
[3.989s] Invoked command in '/workspace/towen/src/strategy' returned '0': BYOBU_DATE=%Y-%m-%d PYTHONPATH=/workspace/towen/build/strategy/prefix_override:/usr/lib/python3/dist-packages/colcon_core/task/python/colcon_distutils_commands:/workspace/towen/install/strategy/lib/python3.10/site-packages:${PYTHONPATH} /usr/bin/python3 -W ignore:setup.py install is deprecated setup.py egg_info --egg-base ../../build/strategy build --build-base /workspace/towen/build/strategy/build install --record /workspace/towen/build/strategy/install.log --single-version-externally-managed install_data
