[2.939s] Invoking command in '/workspace/towen/src/imageprocess': BYOBU_DATE=%Y-%m-%d PYTHONPATH=/workspace/towen/build/imageprocess/prefix_override:/usr/lib/python3/dist-packages/colcon_core/task/python/colcon_distutils_commands:/workspace/towen/install/imageprocess/lib/python3.10/site-packages:${PYTHONPATH} /usr/bin/python3 -W ignore:setup.py install is deprecated setup.py egg_info --egg-base ../../build/imageprocess build --build-base /workspace/towen/build/imageprocess/build install --record /workspace/towen/build/imageprocess/install.log --single-version-externally-managed install_data
[3.953s] running egg_info
[4.004s] writing ../../build/imageprocess/imageprocess.egg-info/PKG-INFO
[4.006s] writing dependency_links to ../../build/imageprocess/imageprocess.egg-info/dependency_links.txt
[4.007s] writing entry points to ../../build/imageprocess/imageprocess.egg-info/entry_points.txt
[4.008s] writing requirements to ../../build/imageprocess/imageprocess.egg-info/requires.txt
[4.009s] writing top-level names to ../../build/imageprocess/imageprocess.egg-info/top_level.txt
[4.144s] reading manifest file '../../build/imageprocess/imageprocess.egg-info/SOURCES.txt'
[4.145s] adding license file 'LICENSE'
[4.148s] writing manifest file '../../build/imageprocess/imageprocess.egg-info/SOURCES.txt'
[4.149s] running build
[4.150s] running build_py
[4.151s] copying imageprocess/modelparameter.py -> /workspace/towen/build/imageprocess/build/lib/imageprocess
[4.152s] copying imageprocess/image_0417.py -> /workspace/towen/build/imageprocess/build/lib/imageprocess
[4.153s] copying imageprocess/dataunit.py -> /workspace/towen/build/imageprocess/build/lib/imageprocess
[4.154s] copying imageprocess/123123.py -> /workspace/towen/build/imageprocess/build/lib/imageprocess
[4.155s] copying imageprocess/image_test.py -> /workspace/towen/build/imageprocess/build/lib/imageprocess
[4.155s] copying imageprocess/image.py -> /workspace/towen/build/imageprocess/build/lib/imageprocess
[4.157s] copying imageprocess/__init__.py -> /workspace/towen/build/imageprocess/build/lib/imageprocess
[4.158s] copying imageprocess/imageprocess.py -> /workspace/towen/build/imageprocess/build/lib/imageprocess
[4.159s] copying imageprocess/camera_segment_headless.py -> /workspace/towen/build/imageprocess/build/lib/imageprocess
[4.160s] running install
[4.161s] running install_lib
[4.227s] running install_data
[4.228s] copying resource/imageprocess -> /workspace/towen/install/imageprocess/share/ament_index/resource_index/packages
[4.229s] copying package.xml -> /workspace/towen/install/imageprocess/share/imageprocess
[4.230s] running install_egg_info
[4.293s] removing '/workspace/towen/install/imageprocess/lib/python3.10/site-packages/imageprocess-0.0.0-py3.10.egg-info' (and everything under it)
[4.294s] Copying ../../build/imageprocess/imageprocess.egg-info to /workspace/towen/install/imageprocess/lib/python3.10/site-packages/imageprocess-0.0.0-py3.10.egg-info
[4.294s] running install_scripts
[4.789s] Installing image script to /workspace/towen/install/imageprocess/lib/imageprocess
[4.791s] Installing image_test script to /workspace/towen/install/imageprocess/lib/imageprocess
[4.791s] Installing imageprocess script to /workspace/towen/install/imageprocess/lib/imageprocess
[4.791s] writing list of installed files to '/workspace/towen/build/imageprocess/install.log'
[4.974s] Invoked command in '/workspace/towen/src/imageprocess' returned '0': BYOBU_DATE=%Y-%m-%d PYTHONPATH=/workspace/towen/build/imageprocess/prefix_override:/usr/lib/python3/dist-packages/colcon_core/task/python/colcon_distutils_commands:/workspace/towen/install/imageprocess/lib/python3.10/site-packages:${PYTHONPATH} /usr/bin/python3 -W ignore:setup.py install is deprecated setup.py egg_info --egg-base ../../build/imageprocess build --build-base /workspace/towen/build/imageprocess/build install --record /workspace/towen/build/imageprocess/install.log --single-version-externally-managed install_data
