[2.846s] Invoking command in '/workspace/towen/src/strategy': BYOBU_DATE=%Y-%m-%d PYTHONPATH=/workspace/towen/build/strategy/prefix_override:/usr/lib/python3/dist-packages/colcon_core/task/python/colcon_distutils_commands:/workspace/towen/install/strategy/lib/python3.10/site-packages:${PYTHONPATH} /usr/bin/python3 -W ignore:setup.py install is deprecated setup.py egg_info --egg-base ../../build/strategy build --build-base /workspace/towen/build/strategy/build install --record /workspace/towen/build/strategy/install.log --single-version-externally-managed install_data
[3.288s] /home/work/.local/lib/python3.10/site-packages/setuptools/_distutils/dist.py:289: UserWarning: Unknown distribution option: 'tests_require'
[3.289s]   warnings.warn(msg)
[3.573s] running egg_info
[3.620s] writing ../../build/strategy/strategy.egg-info/PKG-INFO
[3.621s] writing dependency_links to ../../build/strategy/strategy.egg-info/dependency_links.txt
[3.622s] writing entry points to ../../build/strategy/strategy.egg-info/entry_points.txt
[3.624s] writing requirements to ../../build/strategy/strategy.egg-info/requires.txt
[3.624s] writing top-level names to ../../build/strategy/strategy.egg-info/top_level.txt
[3.722s] reading manifest file '../../build/strategy/strategy.egg-info/SOURCES.txt'
[3.723s] adding license file 'LICENSE'
[3.726s] writing manifest file '../../build/strategy/strategy.egg-info/SOURCES.txt'
[3.726s] running build
[3.726s] running build_py
[3.727s] copying strategy/__init__.py -> /workspace/towen/build/strategy/build/lib/strategy
[3.727s] copying strategy/API.py -> /workspace/towen/build/strategy/build/lib/strategy
[3.728s] copying strategy/mar/__init__.py -> /workspace/towen/build/strategy/build/lib/strategy/mar
[3.729s] copying strategy/mar/mar.py -> /workspace/towen/build/strategy/build/lib/strategy/mar
[3.730s] copying strategy/wl/wl.py -> /workspace/towen/build/strategy/build/lib/strategy/wl
[3.730s] copying strategy/wl/__init__.py -> /workspace/towen/build/strategy/build/lib/strategy/wl
[3.731s] copying strategy/sp/sp.py -> /workspace/towen/build/strategy/build/lib/strategy/sp
[3.732s] copying strategy/sp/__init__.py -> /workspace/towen/build/strategy/build/lib/strategy/sp
[3.732s] copying strategy/obs/__init__.py -> /workspace/towen/build/strategy/build/lib/strategy/obs
[3.733s] copying strategy/obs/obs.py -> /workspace/towen/build/strategy/build/lib/strategy/obs
[3.734s] copying strategy/sr/__init__.py -> /workspace/towen/build/strategy/build/lib/strategy/sr
[3.734s] copying strategy/sr/sr.py -> /workspace/towen/build/strategy/build/lib/strategy/sr
[3.735s] copying strategy/bb/__init__.py -> /workspace/towen/build/strategy/build/lib/strategy/bb
[3.735s] copying strategy/bb/bb.py -> /workspace/towen/build/strategy/build/lib/strategy/bb
[3.736s] copying strategy/ar/__init__.py -> /workspace/towen/build/strategy/build/lib/strategy/ar
[3.737s] copying strategy/ar/ar.py -> /workspace/towen/build/strategy/build/lib/strategy/ar
[3.740s] running install
[3.751s] running install_lib
[3.804s] running install_data
[3.804s] copying resource/strategy -> /workspace/towen/install/strategy/share/ament_index/resource_index/packages
[3.805s] copying package.xml -> /workspace/towen/install/strategy/share/strategy
[3.805s] running install_egg_info
[3.859s] removing '/workspace/towen/install/strategy/lib/python3.10/site-packages/strategy-0.0.0-py3.10.egg-info' (and everything under it)
[3.860s] Copying ../../build/strategy/strategy.egg-info to /workspace/towen/install/strategy/lib/python3.10/site-packages/strategy-0.0.0-py3.10.egg-info
[3.861s] running install_scripts
[3.970s] Installing ar script to /workspace/towen/install/strategy/lib/strategy
[3.973s] Installing bb script to /workspace/towen/install/strategy/lib/strategy
[3.973s] Installing mar script to /workspace/towen/install/strategy/lib/strategy
[3.973s] Installing obs script to /workspace/towen/install/strategy/lib/strategy
[3.973s] Installing sp script to /workspace/towen/install/strategy/lib/strategy
[3.973s] Installing sr script to /workspace/towen/install/strategy/lib/strategy
[3.974s] Installing wl script to /workspace/towen/install/strategy/lib/strategy
[3.976s] writing list of installed files to '/workspace/towen/build/strategy/install.log'
[4.063s] Invoked command in '/workspace/towen/src/strategy' returned '0': BYOBU_DATE=%Y-%m-%d PYTHONPATH=/workspace/towen/build/strategy/prefix_override:/usr/lib/python3/dist-packages/colcon_core/task/python/colcon_distutils_commands:/workspace/towen/install/strategy/lib/python3.10/site-packages:${PYTHONPATH} /usr/bin/python3 -W ignore:setup.py install is deprecated setup.py egg_info --egg-base ../../build/strategy build --build-base /workspace/towen/build/strategy/build install --record /workspace/towen/build/strategy/install.log --single-version-externally-managed install_data
