[2.792s] Invoking command in '/home/iclab/Desktop/humanoid/src/wula': BYOBU_DATE=%Y-%m-%d PYTHONPATH=/home/iclab/Desktop/humanoid/build/wula/prefix_override:/usr/lib/python3/dist-packages/colcon_core/task/python/colcon_distutils_commands:/home/iclab/Desktop/humanoid/install/wula/lib/python3.10/site-packages:${PYTHONPATH} /usr/bin/python3 -W ignore:setup.py install is deprecated -W ignore:easy_install command is deprecated setup.py egg_info --egg-base ../../build/wula build --build-base /home/iclab/Desktop/humanoid/build/wula/build install --record /home/iclab/Desktop/humanoid/build/wula/install.log --single-version-externally-managed install_data
[3.379s] running egg_info
[3.379s] creating ../../build/wula/wula.egg-info
[3.380s] writing ../../build/wula/wula.egg-info/PKG-INFO
[3.381s] writing dependency_links to ../../build/wula/wula.egg-info/dependency_links.txt
[3.381s] writing entry points to ../../build/wula/wula.egg-info/entry_points.txt
[3.382s] writing requirements to ../../build/wula/wula.egg-info/requires.txt
[3.382s] writing top-level names to ../../build/wula/wula.egg-info/top_level.txt
[3.383s] writing manifest file '../../build/wula/wula.egg-info/SOURCES.txt'
[3.388s] reading manifest file '../../build/wula/wula.egg-info/SOURCES.txt'
[3.391s] writing manifest file '../../build/wula/wula.egg-info/SOURCES.txt'
[3.391s] running build
[3.391s] running build_py
[3.391s] creating /home/iclab/Desktop/humanoid/build/wula/build
[3.391s] creating /home/iclab/Desktop/humanoid/build/wula/build/lib
[3.392s] creating /home/iclab/Desktop/humanoid/build/wula/build/lib/wula
[3.393s] copying wula/__init__.py -> /home/iclab/Desktop/humanoid/build/wula/build/lib/wula
[3.394s] creating /home/iclab/Desktop/humanoid/build/wula/build/lib/wula/wl
[3.395s] copying wula/wl/__init__.py -> /home/iclab/Desktop/humanoid/build/wula/build/lib/wula/wl
[3.395s] creating /home/iclab/Desktop/humanoid/build/wula/build/lib/wula/mar
[3.395s] copying wula/mar/__init__.py -> /home/iclab/Desktop/humanoid/build/wula/build/lib/wula/mar
[3.395s] creating /home/iclab/Desktop/humanoid/build/wula/build/lib/wula/sp
[3.395s] copying wula/sp/__init__.py -> /home/iclab/Desktop/humanoid/build/wula/build/lib/wula/sp
[3.396s] copying wula/sp/SP_boson.py -> /home/iclab/Desktop/humanoid/build/wula/build/lib/wula/sp
[3.397s] copying wula/sp/API.py -> /home/iclab/Desktop/humanoid/build/wula/build/lib/wula/sp
[3.398s] creating /home/iclab/Desktop/humanoid/build/wula/build/lib/wula/bb
[3.398s] copying wula/bb/__init__.py -> /home/iclab/Desktop/humanoid/build/wula/build/lib/wula/bb
[3.398s] creating /home/iclab/Desktop/humanoid/build/wula/build/lib/wula/us
[3.398s] copying wula/us/__init__.py -> /home/iclab/Desktop/humanoid/build/wula/build/lib/wula/us
[3.398s] creating /home/iclab/Desktop/humanoid/build/wula/build/lib/wula/obs
[3.399s] copying wula/obs/__init__.py -> /home/iclab/Desktop/humanoid/build/wula/build/lib/wula/obs
[3.399s] creating /home/iclab/Desktop/humanoid/build/wula/build/lib/wula/sr
[3.399s] copying wula/sr/__init__.py -> /home/iclab/Desktop/humanoid/build/wula/build/lib/wula/sr
[3.399s] creating /home/iclab/Desktop/humanoid/build/wula/build/lib/wula/ar
[3.399s] copying wula/ar/__init__.py -> /home/iclab/Desktop/humanoid/build/wula/build/lib/wula/ar
[3.399s] running install
[3.400s] running install_lib
[3.404s] running install_data
[3.404s] running install_egg_info
[3.408s] removing '/home/iclab/Desktop/humanoid/install/wula/lib/python3.10/site-packages/wula-0.1.0-py3.10.egg-info' (and everything under it)
[3.409s] Copying ../../build/wula/wula.egg-info to /home/iclab/Desktop/humanoid/install/wula/lib/python3.10/site-packages/wula-0.1.0-py3.10.egg-info
[3.411s] running install_scripts
[3.459s] Installing sp_boson script to /home/iclab/Desktop/humanoid/install/wula/lib/wula
[3.461s] writing list of installed files to '/home/iclab/Desktop/humanoid/build/wula/install.log'
[3.580s] Invoked command in '/home/iclab/Desktop/humanoid/src/wula' returned '0': BYOBU_DATE=%Y-%m-%d PYTHONPATH=/home/iclab/Desktop/humanoid/build/wula/prefix_override:/usr/lib/python3/dist-packages/colcon_core/task/python/colcon_distutils_commands:/home/iclab/Desktop/humanoid/install/wula/lib/python3.10/site-packages:${PYTHONPATH} /usr/bin/python3 -W ignore:setup.py install is deprecated -W ignore:easy_install command is deprecated setup.py egg_info --egg-base ../../build/wula build --build-base /home/iclab/Desktop/humanoid/build/wula/build install --record /home/iclab/Desktop/humanoid/build/wula/install.log --single-version-externally-managed install_data
