[3.956s] Invoking command in '/workspace/towen/src/motionpackage': BYOBU_DATE=%Y-%m-%d PYTHONPATH=/workspace/towen/build/motionpackage/prefix_override:/usr/lib/python3/dist-packages/colcon_core/task/python/colcon_distutils_commands:/workspace/towen/install/motionpackage/lib/python3.10/site-packages:${PYTHONPATH} /usr/bin/python3 -W ignore:setup.py install is deprecated setup.py egg_info --egg-base ../../build/motionpackage build --build-base /workspace/towen/build/motionpackage/build install --record /workspace/towen/build/motionpackage/install.log --single-version-externally-managed install_data
[4.802s] running egg_info
[4.849s] writing ../../build/motionpackage/motionpackage.egg-info/PKG-INFO
[4.850s] writing dependency_links to ../../build/motionpackage/motionpackage.egg-info/dependency_links.txt
[4.851s] writing entry points to ../../build/motionpackage/motionpackage.egg-info/entry_points.txt
[4.851s] writing requirements to ../../build/motionpackage/motionpackage.egg-info/requires.txt
[4.851s] writing top-level names to ../../build/motionpackage/motionpackage.egg-info/top_level.txt
[4.956s] reading manifest file '../../build/motionpackage/motionpackage.egg-info/SOURCES.txt'
[4.957s] adding license file 'LICENSE'
[4.962s] writing manifest file '../../build/motionpackage/motionpackage.egg-info/SOURCES.txt'
[4.962s] running build
[4.962s] running build_py
[4.963s] copying motionpackage/opencr_imu.py -> /workspace/towen/build/motionpackage/build/lib/motionpackage
[4.964s] copying motionpackage/test.py -> /workspace/towen/build/motionpackage/build/lib/motionpackage
[4.966s] copying motionpackage/__init__.py -> /workspace/towen/build/motionpackage/build/lib/motionpackage
[4.967s] copying motionpackage/import struct.py -> /workspace/towen/build/motionpackage/build/lib/motionpackage
[4.968s] copying motionpackage/walking.py -> /workspace/towen/build/motionpackage/build/lib/motionpackage
[4.969s] copying motionpackage/motionpackage.py -> /workspace/towen/build/motionpackage/build/lib/motionpackage
[4.971s] running install
[4.984s] running install_lib
[5.033s] copying /workspace/towen/build/motionpackage/build/lib/motionpackage/motionpackage.py -> /workspace/towen/install/motionpackage/lib/python3.10/site-packages/motionpackage
[5.037s] byte-compiling /workspace/towen/install/motionpackage/lib/python3.10/site-packages/motionpackage/motionpackage.py to motionpackage.cpython-310.pyc
[5.054s] running install_data
[5.055s] copying resource/motionpackage -> /workspace/towen/install/motionpackage/share/ament_index/resource_index/packages
[5.055s] copying package.xml -> /workspace/towen/install/motionpackage/share/motionpackage
[5.056s] running install_egg_info
[5.113s] removing '/workspace/towen/install/motionpackage/lib/python3.10/site-packages/motionpackage-0.0.0-py3.10.egg-info' (and everything under it)
[5.114s] Copying ../../build/motionpackage/motionpackage.egg-info to /workspace/towen/install/motionpackage/lib/python3.10/site-packages/motionpackage-0.0.0-py3.10.egg-info
[5.114s] running install_scripts
[5.272s] Installing motionpackage script to /workspace/towen/install/motionpackage/lib/motionpackage
[5.272s] writing list of installed files to '/workspace/towen/build/motionpackage/install.log'
[5.400s] Invoked command in '/workspace/towen/src/motionpackage' returned '0': BYOBU_DATE=%Y-%m-%d PYTHONPATH=/workspace/towen/build/motionpackage/prefix_override:/usr/lib/python3/dist-packages/colcon_core/task/python/colcon_distutils_commands:/workspace/towen/install/motionpackage/lib/python3.10/site-packages:${PYTHONPATH} /usr/bin/python3 -W ignore:setup.py install is deprecated setup.py egg_info --egg-base ../../build/motionpackage build --build-base /workspace/towen/build/motionpackage/build install --record /workspace/towen/build/motionpackage/install.log --single-version-externally-managed install_data
