running egg_info
writing ../../build/imageprocess/imageprocess.egg-info/PKG-INFO
writing dependency_links to ../../build/imageprocess/imageprocess.egg-info/dependency_links.txt
writing entry points to ../../build/imageprocess/imageprocess.egg-info/entry_points.txt
writing requirements to ../../build/imageprocess/imageprocess.egg-info/requires.txt
writing top-level names to ../../build/imageprocess/imageprocess.egg-info/top_level.txt
reading manifest file '../../build/imageprocess/imageprocess.egg-info/SOURCES.txt'
adding license file 'LICENSE'
writing manifest file '../../build/imageprocess/imageprocess.egg-info/SOURCES.txt'
running build
running build_py
running install
running install_lib
running install_data
running install_egg_info
removing '/home/iclab/Desktop/humanoid/install/imageprocess/lib/python3.10/site-packages/imageprocess-0.0.0-py3.10.egg-info' (and everything under it)
Copying ../../build/imageprocess/imageprocess.egg-info to /home/iclab/Desktop/humanoid/install/imageprocess/lib/python3.10/site-packages/imageprocess-0.0.0-py3.10.egg-info
running install_scripts
Installing image script to /home/iclab/Desktop/humanoid/install/imageprocess/lib/imageprocess
Installing image_test script to /home/iclab/Desktop/humanoid/install/imageprocess/lib/imageprocess
Installing imageprocess script to /home/iclab/Desktop/humanoid/install/imageprocess/lib/imageprocess
writing list of installed files to '/home/iclab/Desktop/humanoid/build/imageprocess/install.log'
