[0.701s] Invoking command in '/workspace/towen/build/zed_components': BYOBU_DATE=%Y-%m-%d CMAKE_PREFIX_PATH=${CMAKE_PREFIX_PATH}:/workspace/towen/install/strategy:/workspace/towen/install/rosidl_cli:/workspace/towen/install/opencv_tests:/workspace/towen/install/motionpackage:/workspace/towen/install/imageprocess:/workspace/towen/src/motionpackage/install/motionpackage:/opt/ros/humble /usr/local/bin/cmake --build /workspace/towen/build/zed_components -- -j6 -l6
[1.142s] [ 50%] Built target zed_camera_component
[1.147s] [100%] Built target zed_camera_one_component
[1.239s] Invoked command in '/workspace/towen/build/zed_components' returned '0': BYOBU_DATE=%Y-%m-%d CMAKE_PREFIX_PATH=${CMAKE_PREFIX_PATH}:/workspace/towen/install/strategy:/workspace/towen/install/rosidl_cli:/workspace/towen/install/opencv_tests:/workspace/towen/install/motionpackage:/workspace/towen/install/imageprocess:/workspace/towen/src/motionpackage/install/motionpackage:/opt/ros/humble /usr/local/bin/cmake --build /workspace/towen/build/zed_components -- -j6 -l6
[2.135s] Invoking command in '/workspace/towen/build/zed_components': BYOBU_DATE=%Y-%m-%d CMAKE_PREFIX_PATH=${CMAKE_PREFIX_PATH}:/workspace/towen/install/strategy:/workspace/towen/install/rosidl_cli:/workspace/towen/install/opencv_tests:/workspace/towen/install/motionpackage:/workspace/towen/install/imageprocess:/workspace/towen/src/motionpackage/install/motionpackage:/opt/ros/humble /usr/local/bin/cmake --install /workspace/towen/build/zed_components
[2.443s] -- Install configuration: "Release"
[2.464s] -- Execute custom install script
[2.466s] -- Up-to-date symlink: /workspace/towen/install/zed_components/lib/libzed_camera_component.so
[2.469s] -- Up-to-date symlink: /workspace/towen/install/zed_components/lib/libzed_camera_one_component.so
[2.484s] -- Up-to-date symlink: /workspace/towen/install/zed_components/include/zed_components//cost_traversability.hpp
[2.484s] -- Up-to-date symlink: /workspace/towen/install/zed_components/include/zed_components//sl_types.hpp
[2.485s] -- Up-to-date symlink: /workspace/towen/install/zed_components/include/zed_components//zed_camera_component.hpp
[2.485s] -- Up-to-date symlink: /workspace/towen/install/zed_components/include/zed_components//zed_camera_one_component.hpp
[2.485s] -- Up-to-date symlink: /workspace/towen/install/zed_components/include/zed_components//gnss_replay.hpp
[2.485s] -- Up-to-date symlink: /workspace/towen/install/zed_components/include/zed_components//json.hpp
[2.485s] -- Up-to-date symlink: /workspace/towen/install/zed_components/include/zed_components//sl_logging.hpp
[2.485s] -- Up-to-date symlink: /workspace/towen/install/zed_components/include/zed_components//sl_tools.hpp
[2.486s] -- Up-to-date symlink: /workspace/towen/install/zed_components/include/zed_components//sl_win_avg.hpp
[2.486s] -- Up-to-date symlink: /workspace/towen/install/zed_components/include/zed_components//visibility_control.hpp
[2.486s] -- Up-to-date symlink: /workspace/towen/install/zed_components/share/zed_components/environment/library_path.sh
[2.486s] -- Up-to-date symlink: /workspace/towen/install/zed_components/share/zed_components/environment/library_path.dsv
[2.486s] -- Up-to-date symlink: /workspace/towen/install/zed_components/share/ament_index/resource_index/package_run_dependencies/zed_components
[2.486s] -- Up-to-date symlink: /workspace/towen/install/zed_components/share/ament_index/resource_index/parent_prefix_path/zed_components
[2.490s] -- Up-to-date symlink: /workspace/towen/install/zed_components/share/zed_components/environment/ament_prefix_path.sh
[2.490s] -- Up-to-date symlink: /workspace/towen/install/zed_components/share/zed_components/environment/ament_prefix_path.dsv
[2.490s] -- Up-to-date symlink: /workspace/towen/install/zed_components/share/zed_components/environment/path.sh
[2.490s] -- Up-to-date symlink: /workspace/towen/install/zed_components/share/zed_components/environment/path.dsv
[2.491s] -- Up-to-date symlink: /workspace/towen/install/zed_components/share/zed_components/local_setup.bash
[2.491s] -- Up-to-date symlink: /workspace/towen/install/zed_components/share/zed_components/local_setup.sh
[2.491s] -- Up-to-date symlink: /workspace/towen/install/zed_components/share/zed_components/local_setup.zsh
[2.491s] -- Up-to-date symlink: /workspace/towen/install/zed_components/share/zed_components/local_setup.dsv
[2.491s] -- Symlinking: /workspace/towen/install/zed_components/share/zed_components/package.dsv
[2.508s] -- Up-to-date symlink: /workspace/towen/install/zed_components/share/ament_index/resource_index/packages/zed_components
[2.509s] -- Up-to-date symlink: /workspace/towen/install/zed_components/share/ament_index/resource_index/rclcpp_components/zed_components
[2.511s] -- Up-to-date symlink: /workspace/towen/install/zed_components/share/zed_components/cmake/ament_cmake_export_include_directories-extras.cmake
[2.512s] -- Up-to-date symlink: /workspace/towen/install/zed_components/share/zed_components/cmake/ament_cmake_export_libraries-extras.cmake
[2.513s] -- Up-to-date symlink: /workspace/towen/install/zed_components/share/zed_components/cmake/ament_cmake_export_dependencies-extras.cmake
[2.515s] -- Up-to-date symlink: /workspace/towen/install/zed_components/share/zed_components/cmake/zed_componentsConfig.cmake
[2.516s] -- Up-to-date symlink: /workspace/towen/install/zed_components/share/zed_components/cmake/zed_componentsConfig-version.cmake
[2.517s] -- Up-to-date symlink: /workspace/towen/install/zed_components/share/zed_components/package.xml
[2.558s] Invoked command in '/workspace/towen/build/zed_components' returned '0': BYOBU_DATE=%Y-%m-%d CMAKE_PREFIX_PATH=${CMAKE_PREFIX_PATH}:/workspace/towen/install/strategy:/workspace/towen/install/rosidl_cli:/workspace/towen/install/opencv_tests:/workspace/towen/install/motionpackage:/workspace/towen/install/imageprocess:/workspace/towen/src/motionpackage/install/motionpackage:/opt/ros/humble /usr/local/bin/cmake --install /workspace/towen/build/zed_components
