[3.984s] Invoking command in '/workspace/towen/src/strategy': BYOBU_DATE=%Y-%m-%d PYTHONPATH=/workspace/towen/build/strategy/prefix_override:/usr/lib/python3/dist-packages/colcon_core/task/python/colcon_distutils_commands:/workspace/towen/install/strategy/lib/python3.10/site-packages:${PYTHONPATH} /usr/bin/python3 -W ignore:setup.py install is deprecated setup.py egg_info --egg-base ../../build/strategy build --build-base /workspace/towen/build/strategy/build install --record /workspace/towen/build/strategy/install.log --single-version-externally-managed install_data
[4.895s] running egg_info
[4.955s] writing ../../build/strategy/strategy.egg-info/PKG-INFO
[4.958s] writing dependency_links to ../../build/strategy/strategy.egg-info/dependency_links.txt
[4.959s] writing entry points to ../../build/strategy/strategy.egg-info/entry_points.txt
[4.960s] writing requirements to ../../build/strategy/strategy.egg-info/requires.txt
[4.961s] writing top-level names to ../../build/strategy/strategy.egg-info/top_level.txt
[5.070s] reading manifest file '../../build/strategy/strategy.egg-info/SOURCES.txt'
[5.071s] adding license file 'LICENSE'
[5.074s] writing manifest file '../../build/strategy/strategy.egg-info/SOURCES.txt'
[5.076s] running build
[5.077s] running build_py
[5.080s] copying strategy/__init__.py -> /workspace/towen/build/strategy/build/lib/strategy
[5.082s] copying strategy/API.py -> /workspace/towen/build/strategy/build/lib/strategy
[5.086s] copying strategy/mar/__init__.py -> /workspace/towen/build/strategy/build/lib/strategy/mar
[5.087s] copying strategy/mar/mar.py -> /workspace/towen/build/strategy/build/lib/strategy/mar
[5.088s] copying strategy/wl/wl.py -> /workspace/towen/build/strategy/build/lib/strategy/wl
[5.089s] copying strategy/wl/__init__.py -> /workspace/towen/build/strategy/build/lib/strategy/wl
[5.090s] copying strategy/sp/sp.py -> /workspace/towen/build/strategy/build/lib/strategy/sp
[5.091s] copying strategy/sp/__init__.py -> /workspace/towen/build/strategy/build/lib/strategy/sp
[5.092s] copying strategy/obs/__init__.py -> /workspace/towen/build/strategy/build/lib/strategy/obs
[5.093s] copying strategy/obs/obs.py -> /workspace/towen/build/strategy/build/lib/strategy/obs
[5.094s] copying strategy/sr/__init__.py -> /workspace/towen/build/strategy/build/lib/strategy/sr
[5.095s] copying strategy/sr/sr.py -> /workspace/towen/build/strategy/build/lib/strategy/sr
[5.096s] copying strategy/bb/__init__.py -> /workspace/towen/build/strategy/build/lib/strategy/bb
[5.097s] copying strategy/bb/bb.py -> /workspace/towen/build/strategy/build/lib/strategy/bb
[5.098s] copying strategy/ar/__init__.py -> /workspace/towen/build/strategy/build/lib/strategy/ar
[5.099s] copying strategy/ar/ar.py -> /workspace/towen/build/strategy/build/lib/strategy/ar
[5.100s] running install
[5.101s] running install_lib
[5.177s] running install_data
[5.178s] copying resource/strategy -> /workspace/towen/install/strategy/share/ament_index/resource_index/packages
[5.178s] copying package.xml -> /workspace/towen/install/strategy/share/strategy
[5.178s] running install_egg_info
[5.240s] removing '/workspace/towen/install/strategy/lib/python3.10/site-packages/strategy-0.0.0-py3.10.egg-info' (and everything under it)
[5.240s] Copying ../../build/strategy/strategy.egg-info to /workspace/towen/install/strategy/lib/python3.10/site-packages/strategy-0.0.0-py3.10.egg-info
[5.245s] running install_scripts
[5.730s] Installing ar script to /workspace/towen/install/strategy/lib/strategy
[5.731s] Installing bb script to /workspace/towen/install/strategy/lib/strategy
[5.733s] Installing mar script to /workspace/towen/install/strategy/lib/strategy
[5.734s] Installing obs script to /workspace/towen/install/strategy/lib/strategy
[5.735s] Installing sp script to /workspace/towen/install/strategy/lib/strategy
[5.736s] Installing sr script to /workspace/towen/install/strategy/lib/strategy
[5.742s] Installing wl script to /workspace/towen/install/strategy/lib/strategy
[5.743s] writing list of installed files to '/workspace/towen/build/strategy/install.log'
[5.891s] Invoked command in '/workspace/towen/src/strategy' returned '0': BYOBU_DATE=%Y-%m-%d PYTHONPATH=/workspace/towen/build/strategy/prefix_override:/usr/lib/python3/dist-packages/colcon_core/task/python/colcon_distutils_commands:/workspace/towen/install/strategy/lib/python3.10/site-packages:${PYTHONPATH} /usr/bin/python3 -W ignore:setup.py install is deprecated setup.py egg_info --egg-base ../../build/strategy build --build-base /workspace/towen/build/strategy/build install --record /workspace/towen/build/strategy/install.log --single-version-externally-managed install_data
