[4.563s] Invoking command in '/workspace/towen/src/strategy': BYOBU_DATE=%Y-%m-%d PYTHONPATH=/workspace/towen/build/strategy/prefix_override:/usr/lib/python3/dist-packages/colcon_core/task/python/colcon_distutils_commands:/workspace/towen/install/strategy/lib/python3.10/site-packages:${PYTHONPATH} /usr/bin/python3 -W ignore:setup.py install is deprecated setup.py egg_info --egg-base ../../build/strategy build --build-base /workspace/towen/build/strategy/build install --record /workspace/towen/build/strategy/install.log --single-version-externally-managed install_data
[5.528s] running egg_info
[5.579s] writing ../../build/strategy/strategy.egg-info/PKG-INFO
[5.582s] writing dependency_links to ../../build/strategy/strategy.egg-info/dependency_links.txt
[5.585s] writing entry points to ../../build/strategy/strategy.egg-info/entry_points.txt
[5.585s] writing requirements to ../../build/strategy/strategy.egg-info/requires.txt
[5.585s] writing top-level names to ../../build/strategy/strategy.egg-info/top_level.txt
[5.709s] reading manifest file '../../build/strategy/strategy.egg-info/SOURCES.txt'
[5.711s] adding license file 'LICENSE'
[5.712s] writing manifest file '../../build/strategy/strategy.egg-info/SOURCES.txt'
[5.712s] running build
[5.712s] running build_py
[5.712s] copying strategy/__init__.py -> /workspace/towen/build/strategy/build/lib/strategy
[5.712s] copying strategy/API.py -> /workspace/towen/build/strategy/build/lib/strategy
[5.713s] copying strategy/mar/__init__.py -> /workspace/towen/build/strategy/build/lib/strategy/mar
[5.713s] copying strategy/mar/mar.py -> /workspace/towen/build/strategy/build/lib/strategy/mar
[5.713s] copying strategy/wl/wl.py -> /workspace/towen/build/strategy/build/lib/strategy/wl
[5.720s] copying strategy/wl/__init__.py -> /workspace/towen/build/strategy/build/lib/strategy/wl
[5.720s] copying strategy/sp/sp.py -> /workspace/towen/build/strategy/build/lib/strategy/sp
[5.721s] copying strategy/sp/__init__.py -> /workspace/towen/build/strategy/build/lib/strategy/sp
[5.721s] copying strategy/obs/__init__.py -> /workspace/towen/build/strategy/build/lib/strategy/obs
[5.721s] copying strategy/obs/obs.py -> /workspace/towen/build/strategy/build/lib/strategy/obs
[5.721s] copying strategy/sr/__init__.py -> /workspace/towen/build/strategy/build/lib/strategy/sr
[5.728s] copying strategy/sr/sr.py -> /workspace/towen/build/strategy/build/lib/strategy/sr
[5.729s] copying strategy/bb/__init__.py -> /workspace/towen/build/strategy/build/lib/strategy/bb
[5.729s] copying strategy/bb/bb.py -> /workspace/towen/build/strategy/build/lib/strategy/bb
[5.729s] copying strategy/ar/__init__.py -> /workspace/towen/build/strategy/build/lib/strategy/ar
[5.729s] copying strategy/ar/ar.py -> /workspace/towen/build/strategy/build/lib/strategy/ar
[5.729s] running install
[5.739s] running install_lib
[5.813s] running install_data
[5.813s] copying resource/strategy -> /workspace/towen/install/strategy/share/ament_index/resource_index/packages
[5.814s] copying package.xml -> /workspace/towen/install/strategy/share/strategy
[5.819s] running install_egg_info
[5.886s] removing '/workspace/towen/install/strategy/lib/python3.10/site-packages/strategy-0.0.0-py3.10.egg-info' (and everything under it)
[5.886s] Copying ../../build/strategy/strategy.egg-info to /workspace/towen/install/strategy/lib/python3.10/site-packages/strategy-0.0.0-py3.10.egg-info
[5.886s] running install_scripts
[6.051s] Installing ar script to /workspace/towen/install/strategy/lib/strategy
[6.051s] Installing bb script to /workspace/towen/install/strategy/lib/strategy
[6.051s] Installing mar script to /workspace/towen/install/strategy/lib/strategy
[6.051s] Installing obs script to /workspace/towen/install/strategy/lib/strategy
[6.051s] Installing sp script to /workspace/towen/install/strategy/lib/strategy
[6.052s] Installing sr script to /workspace/towen/install/strategy/lib/strategy
[6.052s] Installing wl script to /workspace/towen/install/strategy/lib/strategy
[6.059s] writing list of installed files to '/workspace/towen/build/strategy/install.log'
[6.189s] Invoked command in '/workspace/towen/src/strategy' returned '0': BYOBU_DATE=%Y-%m-%d PYTHONPATH=/workspace/towen/build/strategy/prefix_override:/usr/lib/python3/dist-packages/colcon_core/task/python/colcon_distutils_commands:/workspace/towen/install/strategy/lib/python3.10/site-packages:${PYTHONPATH} /usr/bin/python3 -W ignore:setup.py install is deprecated setup.py egg_info --egg-base ../../build/strategy build --build-base /workspace/towen/build/strategy/build install --record /workspace/towen/build/strategy/install.log --single-version-externally-managed install_data
