[2.877s] Invoking command in '/home/iclab/Desktop/humanoid/src/imageprocess': BYOBU_DATE=%Y-%m-%d PYTHONPATH=/home/iclab/Desktop/humanoid/build/imageprocess/prefix_override:/usr/lib/python3/dist-packages/colcon_core/task/python/colcon_distutils_commands:/home/iclab/Desktop/humanoid/install/imageprocess/lib/python3.10/site-packages:${PYTHONPATH} /usr/bin/python3 -W ignore:setup.py install is deprecated -W ignore:easy_install command is deprecated setup.py egg_info --egg-base ../../build/imageprocess build --build-base /home/iclab/Desktop/humanoid/build/imageprocess/build install --record /home/iclab/Desktop/humanoid/build/imageprocess/install.log --single-version-externally-managed install_data
[3.437s] running egg_info
[3.438s] writing ../../build/imageprocess/imageprocess.egg-info/PKG-INFO
[3.439s] writing dependency_links to ../../build/imageprocess/imageprocess.egg-info/dependency_links.txt
[3.439s] writing entry points to ../../build/imageprocess/imageprocess.egg-info/entry_points.txt
[3.440s] writing requirements to ../../build/imageprocess/imageprocess.egg-info/requires.txt
[3.440s] writing top-level names to ../../build/imageprocess/imageprocess.egg-info/top_level.txt
[3.444s] reading manifest file '../../build/imageprocess/imageprocess.egg-info/SOURCES.txt'
[3.444s] adding license file 'LICENSE'
[3.446s] writing manifest file '../../build/imageprocess/imageprocess.egg-info/SOURCES.txt'
[3.446s] running build
[3.446s] running build_py
[3.447s] running install
[3.448s] running install_lib
[3.452s] running install_data
[3.452s] running install_egg_info
[3.456s] removing '/home/iclab/Desktop/humanoid/install/imageprocess/lib/python3.10/site-packages/imageprocess-0.0.0-py3.10.egg-info' (and everything under it)
[3.457s] Copying ../../build/imageprocess/imageprocess.egg-info to /home/iclab/Desktop/humanoid/install/imageprocess/lib/python3.10/site-packages/imageprocess-0.0.0-py3.10.egg-info
[3.459s] running install_scripts
[3.503s] Installing image script to /home/iclab/Desktop/humanoid/install/imageprocess/lib/imageprocess
[3.503s] Installing image_test script to /home/iclab/Desktop/humanoid/install/imageprocess/lib/imageprocess
[3.503s] Installing imageprocess script to /home/iclab/Desktop/humanoid/install/imageprocess/lib/imageprocess
[3.504s] writing list of installed files to '/home/iclab/Desktop/humanoid/build/imageprocess/install.log'
[3.584s] Invoked command in '/home/iclab/Desktop/humanoid/src/imageprocess' returned '0': BYOBU_DATE=%Y-%m-%d PYTHONPATH=/home/iclab/Desktop/humanoid/build/imageprocess/prefix_override:/usr/lib/python3/dist-packages/colcon_core/task/python/colcon_distutils_commands:/home/iclab/Desktop/humanoid/install/imageprocess/lib/python3.10/site-packages:${PYTHONPATH} /usr/bin/python3 -W ignore:setup.py install is deprecated -W ignore:easy_install command is deprecated setup.py egg_info --egg-base ../../build/imageprocess build --build-base /home/iclab/Desktop/humanoid/build/imageprocess/build install --record /home/iclab/Desktop/humanoid/build/imageprocess/install.log --single-version-externally-managed install_data
