[0.266s] DEBUG:colcon:Command line arguments: ['/usr/bin/colcon', 'build', '--packages-select', 'tku_msgs']
[0.266s] DEBUG:colcon:Parsed command line arguments: Namespace(log_base=None, log_level=None, verb_name='build', build_base='build', install_base='install', merge_install=False, symlink_install=False, test_result_base=None, continue_on_error=False, executor='parallel', parallel_workers=6, event_handlers=None, ignore_user_meta=False, metas=['./colcon.meta'], base_paths=['.'], packages_ignore=None, packages_ignore_regex=None, paths=None, packages_up_to=None, packages_up_to_regex=None, packages_above=None, packages_above_and_dependencies=None, packages_above_depth=None, packages_select_by_dep=None, packages_skip_by_dep=None, packages_skip_up_to=None, packages_select_build_failed=False, packages_skip_build_finished=False, packages_select_test_failures=False, packages_skip_test_passed=False, packages_select=['tku_msgs'], packages_skip=None, packages_select_regex=None, packages_skip_regex=None, packages_start=None, packages_end=None, cmake_args=None, cmake_target=None, cmake_target_skip_unavailable=False, cmake_clean_cache=False, cmake_clean_first=False, cmake_force_configure=False, ament_cmake_args=None, catkin_cmake_args=None, catkin_skip_building_tests=False, verb_parser=<colcon_defaults.argument_parser.defaults.DefaultArgumentsDecorator object at 0xffff7e63b520>, verb_extension=<colcon_core.verb.build.BuildVerb object at 0xffff7e798370>, main=<bound method BuildVerb.main of <colcon_core.verb.build.BuildVerb object at 0xffff7e798370>>)
[0.364s] Level 1:colcon.colcon_core.package_discovery:discover_packages(colcon_meta) check parameters
[0.364s] Level 1:colcon.colcon_core.package_discovery:discover_packages(recursive) check parameters
[0.364s] Level 1:colcon.colcon_core.package_discovery:discover_packages(ignore) check parameters
[0.364s] Level 1:colcon.colcon_core.package_discovery:discover_packages(path) check parameters
[0.364s] Level 1:colcon.colcon_core.package_discovery:discover_packages(colcon_meta) discover
[0.364s] Level 1:colcon.colcon_core.package_discovery:discover_packages(recursive) discover
[0.365s] INFO:colcon.colcon_core.package_discovery:Crawling recursively for packages in '/workspace/towen'
[0.365s] Level 1:colcon.colcon_core.package_identification:_identify(.) by extensions ['ignore', 'ignore_ament_install']
[0.365s] Level 1:colcon.colcon_core.package_identification:_identify(.) by extension 'ignore'
[0.365s] Level 1:colcon.colcon_core.package_identification:_identify(.) by extension 'ignore_ament_install'
[0.365s] Level 1:colcon.colcon_core.package_identification:_identify(.) by extensions ['colcon_pkg']
[0.365s] Level 1:colcon.colcon_core.package_identification:_identify(.) by extension 'colcon_pkg'
[0.366s] Level 1:colcon.colcon_core.package_identification:_identify(.) by extensions ['colcon_meta']
[0.366s] Level 1:colcon.colcon_core.package_identification:_identify(.) by extension 'colcon_meta'
[0.366s] Level 1:colcon.colcon_core.package_identification:_identify(.) by extensions ['ros']
[0.366s] Level 1:colcon.colcon_core.package_identification:_identify(.) by extension 'ros'
[0.401s] Level 1:colcon.colcon_core.package_identification:_identify(.) by extensions ['cmake', 'python']
[0.401s] Level 1:colcon.colcon_core.package_identification:_identify(.) by extension 'cmake'
[0.401s] Level 1:colcon.colcon_core.package_identification:_identify(.) by extension 'python'
[0.402s] Level 1:colcon.colcon_core.package_identification:_identify(.) by extensions ['python_setup_py']
[0.402s] Level 1:colcon.colcon_core.package_identification:_identify(.) by extension 'python_setup_py'
[0.402s] Level 1:colcon.colcon_core.package_identification:_identify(build) by extensions ['ignore', 'ignore_ament_install']
[0.402s] Level 1:colcon.colcon_core.package_identification:_identify(build) by extension 'ignore'
[0.402s] Level 1:colcon.colcon_core.package_identification:_identify(build) ignored
[0.403s] Level 1:colcon.colcon_core.package_identification:_identify(hurocup_interface) by extensions ['ignore', 'ignore_ament_install']
[0.403s] Level 1:colcon.colcon_core.package_identification:_identify(hurocup_interface) by extension 'ignore'
[0.403s] Level 1:colcon.colcon_core.package_identification:_identify(hurocup_interface) by extension 'ignore_ament_install'
[0.403s] Level 1:colcon.colcon_core.package_identification:_identify(hurocup_interface) by extensions ['colcon_pkg']
[0.403s] Level 1:colcon.colcon_core.package_identification:_identify(hurocup_interface) by extension 'colcon_pkg'
[0.404s] Level 1:colcon.colcon_core.package_identification:_identify(hurocup_interface) by extensions ['colcon_meta']
[0.404s] Level 1:colcon.colcon_core.package_identification:_identify(hurocup_interface) by extension 'colcon_meta'
[0.404s] Level 1:colcon.colcon_core.package_identification:_identify(hurocup_interface) by extensions ['ros']
[0.404s] Level 1:colcon.colcon_core.package_identification:_identify(hurocup_interface) by extension 'ros'
[0.404s] Level 1:colcon.colcon_core.package_identification:_identify(hurocup_interface) by extensions ['cmake', 'python']
[0.404s] Level 1:colcon.colcon_core.package_identification:_identify(hurocup_interface) by extension 'cmake'
[0.404s] Level 1:colcon.colcon_core.package_identification:_identify(hurocup_interface) by extension 'python'
[0.404s] Level 1:colcon.colcon_core.package_identification:_identify(hurocup_interface) by extensions ['python_setup_py']
[0.404s] Level 1:colcon.colcon_core.package_identification:_identify(hurocup_interface) by extension 'python_setup_py'
[0.405s] Level 1:colcon.colcon_core.package_identification:_identify(hurocup_interface/css) by extensions ['ignore', 'ignore_ament_install']
[0.405s] Level 1:colcon.colcon_core.package_identification:_identify(hurocup_interface/css) by extension 'ignore'
[0.405s] Level 1:colcon.colcon_core.package_identification:_identify(hurocup_interface/css) by extension 'ignore_ament_install'
[0.405s] Level 1:colcon.colcon_core.package_identification:_identify(hurocup_interface/css) by extensions ['colcon_pkg']
[0.405s] Level 1:colcon.colcon_core.package_identification:_identify(hurocup_interface/css) by extension 'colcon_pkg'
[0.405s] Level 1:colcon.colcon_core.package_identification:_identify(hurocup_interface/css) by extensions ['colcon_meta']
[0.405s] Level 1:colcon.colcon_core.package_identification:_identify(hurocup_interface/css) by extension 'colcon_meta'
[0.405s] Level 1:colcon.colcon_core.package_identification:_identify(hurocup_interface/css) by extensions ['ros']
[0.406s] Level 1:colcon.colcon_core.package_identification:_identify(hurocup_interface/css) by extension 'ros'
[0.406s] Level 1:colcon.colcon_core.package_identification:_identify(hurocup_interface/css) by extensions ['cmake', 'python']
[0.406s] Level 1:colcon.colcon_core.package_identification:_identify(hurocup_interface/css) by extension 'cmake'
[0.406s] Level 1:colcon.colcon_core.package_identification:_identify(hurocup_interface/css) by extension 'python'
[0.406s] Level 1:colcon.colcon_core.package_identification:_identify(hurocup_interface/css) by extensions ['python_setup_py']
[0.406s] Level 1:colcon.colcon_core.package_identification:_identify(hurocup_interface/css) by extension 'python_setup_py'
[0.406s] Level 1:colcon.colcon_core.package_identification:_identify(hurocup_interface/jquery-ui-1.11.4) by extensions ['ignore', 'ignore_ament_install']
[0.407s] Level 1:colcon.colcon_core.package_identification:_identify(hurocup_interface/jquery-ui-1.11.4) by extension 'ignore'
[0.407s] Level 1:colcon.colcon_core.package_identification:_identify(hurocup_interface/jquery-ui-1.11.4) by extension 'ignore_ament_install'
[0.407s] Level 1:colcon.colcon_core.package_identification:_identify(hurocup_interface/jquery-ui-1.11.4) by extensions ['colcon_pkg']
[0.407s] Level 1:colcon.colcon_core.package_identification:_identify(hurocup_interface/jquery-ui-1.11.4) by extension 'colcon_pkg'
[0.407s] Level 1:colcon.colcon_core.package_identification:_identify(hurocup_interface/jquery-ui-1.11.4) by extensions ['colcon_meta']
[0.407s] Level 1:colcon.colcon_core.package_identification:_identify(hurocup_interface/jquery-ui-1.11.4) by extension 'colcon_meta'
[0.407s] Level 1:colcon.colcon_core.package_identification:_identify(hurocup_interface/jquery-ui-1.11.4) by extensions ['ros']
[0.407s] Level 1:colcon.colcon_core.package_identification:_identify(hurocup_interface/jquery-ui-1.11.4) by extension 'ros'
[0.407s] Level 1:colcon.colcon_core.package_identification:_identify(hurocup_interface/jquery-ui-1.11.4) by extensions ['cmake', 'python']
[0.408s] Level 1:colcon.colcon_core.package_identification:_identify(hurocup_interface/jquery-ui-1.11.4) by extension 'cmake'
[0.408s] Level 1:colcon.colcon_core.package_identification:_identify(hurocup_interface/jquery-ui-1.11.4) by extension 'python'
[0.408s] Level 1:colcon.colcon_core.package_identification:_identify(hurocup_interface/jquery-ui-1.11.4) by extensions ['python_setup_py']
[0.408s] Level 1:colcon.colcon_core.package_identification:_identify(hurocup_interface/jquery-ui-1.11.4) by extension 'python_setup_py'
[0.408s] Level 1:colcon.colcon_core.package_identification:_identify(hurocup_interface/jquery-ui-1.11.4/external) by extensions ['ignore', 'ignore_ament_install']
[0.408s] Level 1:colcon.colcon_core.package_identification:_identify(hurocup_interface/jquery-ui-1.11.4/external) by extension 'ignore'
[0.408s] Level 1:colcon.colcon_core.package_identification:_identify(hurocup_interface/jquery-ui-1.11.4/external) by extension 'ignore_ament_install'
[0.409s] Level 1:colcon.colcon_core.package_identification:_identify(hurocup_interface/jquery-ui-1.11.4/external) by extensions ['colcon_pkg']
[0.409s] Level 1:colcon.colcon_core.package_identification:_identify(hurocup_interface/jquery-ui-1.11.4/external) by extension 'colcon_pkg'
[0.409s] Level 1:colcon.colcon_core.package_identification:_identify(hurocup_interface/jquery-ui-1.11.4/external) by extensions ['colcon_meta']
[0.409s] Level 1:colcon.colcon_core.package_identification:_identify(hurocup_interface/jquery-ui-1.11.4/external) by extension 'colcon_meta'
[0.409s] Level 1:colcon.colcon_core.package_identification:_identify(hurocup_interface/jquery-ui-1.11.4/external) by extensions ['ros']
[0.409s] Level 1:colcon.colcon_core.package_identification:_identify(hurocup_interface/jquery-ui-1.11.4/external) by extension 'ros'
[0.409s] Level 1:colcon.colcon_core.package_identification:_identify(hurocup_interface/jquery-ui-1.11.4/external) by extensions ['cmake', 'python']
[0.409s] Level 1:colcon.colcon_core.package_identification:_identify(hurocup_interface/jquery-ui-1.11.4/external) by extension 'cmake'
[0.409s] Level 1:colcon.colcon_core.package_identification:_identify(hurocup_interface/jquery-ui-1.11.4/external) by extension 'python'
[0.409s] Level 1:colcon.colcon_core.package_identification:_identify(hurocup_interface/jquery-ui-1.11.4/external) by extensions ['python_setup_py']
[0.410s] Level 1:colcon.colcon_core.package_identification:_identify(hurocup_interface/jquery-ui-1.11.4/external) by extension 'python_setup_py'
[0.410s] Level 1:colcon.colcon_core.package_identification:_identify(hurocup_interface/jquery-ui-1.11.4/external/jquery) by extensions ['ignore', 'ignore_ament_install']
[0.410s] Level 1:colcon.colcon_core.package_identification:_identify(hurocup_interface/jquery-ui-1.11.4/external/jquery) by extension 'ignore'
[0.410s] Level 1:colcon.colcon_core.package_identification:_identify(hurocup_interface/jquery-ui-1.11.4/external/jquery) by extension 'ignore_ament_install'
[0.410s] Level 1:colcon.colcon_core.package_identification:_identify(hurocup_interface/jquery-ui-1.11.4/external/jquery) by extensions ['colcon_pkg']
[0.410s] Level 1:colcon.colcon_core.package_identification:_identify(hurocup_interface/jquery-ui-1.11.4/external/jquery) by extension 'colcon_pkg'
[0.410s] Level 1:colcon.colcon_core.package_identification:_identify(hurocup_interface/jquery-ui-1.11.4/external/jquery) by extensions ['colcon_meta']
[0.410s] Level 1:colcon.colcon_core.package_identification:_identify(hurocup_interface/jquery-ui-1.11.4/external/jquery) by extension 'colcon_meta'
[0.411s] Level 1:colcon.colcon_core.package_identification:_identify(hurocup_interface/jquery-ui-1.11.4/external/jquery) by extensions ['ros']
[0.411s] Level 1:colcon.colcon_core.package_identification:_identify(hurocup_interface/jquery-ui-1.11.4/external/jquery) by extension 'ros'
[0.411s] Level 1:colcon.colcon_core.package_identification:_identify(hurocup_interface/jquery-ui-1.11.4/external/jquery) by extensions ['cmake', 'python']
[0.411s] Level 1:colcon.colcon_core.package_identification:_identify(hurocup_interface/jquery-ui-1.11.4/external/jquery) by extension 'cmake'
[0.411s] Level 1:colcon.colcon_core.package_identification:_identify(hurocup_interface/jquery-ui-1.11.4/external/jquery) by extension 'python'
[0.411s] Level 1:colcon.colcon_core.package_identification:_identify(hurocup_interface/jquery-ui-1.11.4/external/jquery) by extensions ['python_setup_py']
[0.411s] Level 1:colcon.colcon_core.package_identification:_identify(hurocup_interface/jquery-ui-1.11.4/external/jquery) by extension 'python_setup_py'
[0.412s] Level 1:colcon.colcon_core.package_identification:_identify(hurocup_interface/jquery-ui-1.11.4/images) by extensions ['ignore', 'ignore_ament_install']
[0.412s] Level 1:colcon.colcon_core.package_identification:_identify(hurocup_interface/jquery-ui-1.11.4/images) by extension 'ignore'
[0.412s] Level 1:colcon.colcon_core.package_identification:_identify(hurocup_interface/jquery-ui-1.11.4/images) by extension 'ignore_ament_install'
[0.412s] Level 1:colcon.colcon_core.package_identification:_identify(hurocup_interface/jquery-ui-1.11.4/images) by extensions ['colcon_pkg']
[0.412s] Level 1:colcon.colcon_core.package_identification:_identify(hurocup_interface/jquery-ui-1.11.4/images) by extension 'colcon_pkg'
[0.412s] Level 1:colcon.colcon_core.package_identification:_identify(hurocup_interface/jquery-ui-1.11.4/images) by extensions ['colcon_meta']
[0.412s] Level 1:colcon.colcon_core.package_identification:_identify(hurocup_interface/jquery-ui-1.11.4/images) by extension 'colcon_meta'
[0.412s] Level 1:colcon.colcon_core.package_identification:_identify(hurocup_interface/jquery-ui-1.11.4/images) by extensions ['ros']
[0.412s] Level 1:colcon.colcon_core.package_identification:_identify(hurocup_interface/jquery-ui-1.11.4/images) by extension 'ros'
[0.413s] Level 1:colcon.colcon_core.package_identification:_identify(hurocup_interface/jquery-ui-1.11.4/images) by extensions ['cmake', 'python']
[0.413s] Level 1:colcon.colcon_core.package_identification:_identify(hurocup_interface/jquery-ui-1.11.4/images) by extension 'cmake'
[0.413s] Level 1:colcon.colcon_core.package_identification:_identify(hurocup_interface/jquery-ui-1.11.4/images) by extension 'python'
[0.413s] Level 1:colcon.colcon_core.package_identification:_identify(hurocup_interface/jquery-ui-1.11.4/images) by extensions ['python_setup_py']
[0.413s] Level 1:colcon.colcon_core.package_identification:_identify(hurocup_interface/jquery-ui-1.11.4/images) by extension 'python_setup_py'
[0.413s] Level 1:colcon.colcon_core.package_identification:_identify(hurocup_interface/js) by extensions ['ignore', 'ignore_ament_install']
[0.413s] Level 1:colcon.colcon_core.package_identification:_identify(hurocup_interface/js) by extension 'ignore'
[0.414s] Level 1:colcon.colcon_core.package_identification:_identify(hurocup_interface/js) by extension 'ignore_ament_install'
[0.414s] Level 1:colcon.colcon_core.package_identification:_identify(hurocup_interface/js) by extensions ['colcon_pkg']
[0.414s] Level 1:colcon.colcon_core.package_identification:_identify(hurocup_interface/js) by extension 'colcon_pkg'
[0.414s] Level 1:colcon.colcon_core.package_identification:_identify(hurocup_interface/js) by extensions ['colcon_meta']
[0.414s] Level 1:colcon.colcon_core.package_identification:_identify(hurocup_interface/js) by extension 'colcon_meta'
[0.414s] Level 1:colcon.colcon_core.package_identification:_identify(hurocup_interface/js) by extensions ['ros']
[0.414s] Level 1:colcon.colcon_core.package_identification:_identify(hurocup_interface/js) by extension 'ros'
[0.414s] Level 1:colcon.colcon_core.package_identification:_identify(hurocup_interface/js) by extensions ['cmake', 'python']
[0.414s] Level 1:colcon.colcon_core.package_identification:_identify(hurocup_interface/js) by extension 'cmake'
[0.415s] Level 1:colcon.colcon_core.package_identification:_identify(hurocup_interface/js) by extension 'python'
[0.415s] Level 1:colcon.colcon_core.package_identification:_identify(hurocup_interface/js) by extensions ['python_setup_py']
[0.415s] Level 1:colcon.colcon_core.package_identification:_identify(hurocup_interface/js) by extension 'python_setup_py'
[0.415s] Level 1:colcon.colcon_core.package_identification:_identify(hurocup_interface/js/roslib) by extensions ['ignore', 'ignore_ament_install']
[0.415s] Level 1:colcon.colcon_core.package_identification:_identify(hurocup_interface/js/roslib) by extension 'ignore'
[0.415s] Level 1:colcon.colcon_core.package_identification:_identify(hurocup_interface/js/roslib) by extension 'ignore_ament_install'
[0.415s] Level 1:colcon.colcon_core.package_identification:_identify(hurocup_interface/js/roslib) by extensions ['colcon_pkg']
[0.416s] Level 1:colcon.colcon_core.package_identification:_identify(hurocup_interface/js/roslib) by extension 'colcon_pkg'
[0.416s] Level 1:colcon.colcon_core.package_identification:_identify(hurocup_interface/js/roslib) by extensions ['colcon_meta']
[0.416s] Level 1:colcon.colcon_core.package_identification:_identify(hurocup_interface/js/roslib) by extension 'colcon_meta'
[0.416s] Level 1:colcon.colcon_core.package_identification:_identify(hurocup_interface/js/roslib) by extensions ['ros']
[0.416s] Level 1:colcon.colcon_core.package_identification:_identify(hurocup_interface/js/roslib) by extension 'ros'
[0.416s] Level 1:colcon.colcon_core.package_identification:_identify(hurocup_interface/js/roslib) by extensions ['cmake', 'python']
[0.416s] Level 1:colcon.colcon_core.package_identification:_identify(hurocup_interface/js/roslib) by extension 'cmake'
[0.416s] Level 1:colcon.colcon_core.package_identification:_identify(hurocup_interface/js/roslib) by extension 'python'
[0.416s] Level 1:colcon.colcon_core.package_identification:_identify(hurocup_interface/js/roslib) by extensions ['python_setup_py']
[0.416s] Level 1:colcon.colcon_core.package_identification:_identify(hurocup_interface/js/roslib) by extension 'python_setup_py'
[0.417s] Level 1:colcon.colcon_core.package_identification:_identify(hurocup_interface/picture) by extensions ['ignore', 'ignore_ament_install']
[0.417s] Level 1:colcon.colcon_core.package_identification:_identify(hurocup_interface/picture) by extension 'ignore'
[0.417s] Level 1:colcon.colcon_core.package_identification:_identify(hurocup_interface/picture) by extension 'ignore_ament_install'
[0.417s] Level 1:colcon.colcon_core.package_identification:_identify(hurocup_interface/picture) by extensions ['colcon_pkg']
[0.417s] Level 1:colcon.colcon_core.package_identification:_identify(hurocup_interface/picture) by extension 'colcon_pkg'
[0.417s] Level 1:colcon.colcon_core.package_identification:_identify(hurocup_interface/picture) by extensions ['colcon_meta']
[0.417s] Level 1:colcon.colcon_core.package_identification:_identify(hurocup_interface/picture) by extension 'colcon_meta'
[0.417s] Level 1:colcon.colcon_core.package_identification:_identify(hurocup_interface/picture) by extensions ['ros']
[0.418s] Level 1:colcon.colcon_core.package_identification:_identify(hurocup_interface/picture) by extension 'ros'
[0.418s] Level 1:colcon.colcon_core.package_identification:_identify(hurocup_interface/picture) by extensions ['cmake', 'python']
[0.418s] Level 1:colcon.colcon_core.package_identification:_identify(hurocup_interface/picture) by extension 'cmake'
[0.418s] Level 1:colcon.colcon_core.package_identification:_identify(hurocup_interface/picture) by extension 'python'
[0.418s] Level 1:colcon.colcon_core.package_identification:_identify(hurocup_interface/picture) by extensions ['python_setup_py']
[0.418s] Level 1:colcon.colcon_core.package_identification:_identify(hurocup_interface/picture) by extension 'python_setup_py'
[0.418s] Level 1:colcon.colcon_core.package_identification:_identify(hurocup_interface/resources) by extensions ['ignore', 'ignore_ament_install']
[0.419s] Level 1:colcon.colcon_core.package_identification:_identify(hurocup_interface/resources) by extension 'ignore'
[0.419s] Level 1:colcon.colcon_core.package_identification:_identify(hurocup_interface/resources) by extension 'ignore_ament_install'
[0.419s] Level 1:colcon.colcon_core.package_identification:_identify(hurocup_interface/resources) by extensions ['colcon_pkg']
[0.419s] Level 1:colcon.colcon_core.package_identification:_identify(hurocup_interface/resources) by extension 'colcon_pkg'
[0.419s] Level 1:colcon.colcon_core.package_identification:_identify(hurocup_interface/resources) by extensions ['colcon_meta']
[0.419s] Level 1:colcon.colcon_core.package_identification:_identify(hurocup_interface/resources) by extension 'colcon_meta'
[0.419s] Level 1:colcon.colcon_core.package_identification:_identify(hurocup_interface/resources) by extensions ['ros']
[0.419s] Level 1:colcon.colcon_core.package_identification:_identify(hurocup_interface/resources) by extension 'ros'
[0.419s] Level 1:colcon.colcon_core.package_identification:_identify(hurocup_interface/resources) by extensions ['cmake', 'python']
[0.420s] Level 1:colcon.colcon_core.package_identification:_identify(hurocup_interface/resources) by extension 'cmake'
[0.420s] Level 1:colcon.colcon_core.package_identification:_identify(hurocup_interface/resources) by extension 'python'
[0.420s] Level 1:colcon.colcon_core.package_identification:_identify(hurocup_interface/resources) by extensions ['python_setup_py']
[0.420s] Level 1:colcon.colcon_core.package_identification:_identify(hurocup_interface/resources) by extension 'python_setup_py'
[0.420s] Level 1:colcon.colcon_core.package_identification:_identify(hurocup_interface/resources/TKU_ICLab) by extensions ['ignore', 'ignore_ament_install']
[0.420s] Level 1:colcon.colcon_core.package_identification:_identify(hurocup_interface/resources/TKU_ICLab) by extension 'ignore'
[0.420s] Level 1:colcon.colcon_core.package_identification:_identify(hurocup_interface/resources/TKU_ICLab) by extension 'ignore_ament_install'
[0.420s] Level 1:colcon.colcon_core.package_identification:_identify(hurocup_interface/resources/TKU_ICLab) by extensions ['colcon_pkg']
[0.421s] Level 1:colcon.colcon_core.package_identification:_identify(hurocup_interface/resources/TKU_ICLab) by extension 'colcon_pkg'
[0.421s] Level 1:colcon.colcon_core.package_identification:_identify(hurocup_interface/resources/TKU_ICLab) by extensions ['colcon_meta']
[0.421s] Level 1:colcon.colcon_core.package_identification:_identify(hurocup_interface/resources/TKU_ICLab) by extension 'colcon_meta'
[0.421s] Level 1:colcon.colcon_core.package_identification:_identify(hurocup_interface/resources/TKU_ICLab) by extensions ['ros']
[0.421s] Level 1:colcon.colcon_core.package_identification:_identify(hurocup_interface/resources/TKU_ICLab) by extension 'ros'
[0.421s] Level 1:colcon.colcon_core.package_identification:_identify(hurocup_interface/resources/TKU_ICLab) by extensions ['cmake', 'python']
[0.421s] Level 1:colcon.colcon_core.package_identification:_identify(hurocup_interface/resources/TKU_ICLab) by extension 'cmake'
[0.421s] Level 1:colcon.colcon_core.package_identification:_identify(hurocup_interface/resources/TKU_ICLab) by extension 'python'
[0.421s] Level 1:colcon.colcon_core.package_identification:_identify(hurocup_interface/resources/TKU_ICLab) by extensions ['python_setup_py']
[0.421s] Level 1:colcon.colcon_core.package_identification:_identify(hurocup_interface/resources/TKU_ICLab) by extension 'python_setup_py'
[0.422s] Level 1:colcon.colcon_core.package_identification:_identify(hurocup_interface/roslibjs) by extensions ['ignore', 'ignore_ament_install']
[0.422s] Level 1:colcon.colcon_core.package_identification:_identify(hurocup_interface/roslibjs) by extension 'ignore'
[0.422s] Level 1:colcon.colcon_core.package_identification:_identify(hurocup_interface/roslibjs) by extension 'ignore_ament_install'
[0.422s] Level 1:colcon.colcon_core.package_identification:_identify(hurocup_interface/roslibjs) by extensions ['colcon_pkg']
[0.422s] Level 1:colcon.colcon_core.package_identification:_identify(hurocup_interface/roslibjs) by extension 'colcon_pkg'
[0.422s] Level 1:colcon.colcon_core.package_identification:_identify(hurocup_interface/roslibjs) by extensions ['colcon_meta']
[0.422s] Level 1:colcon.colcon_core.package_identification:_identify(hurocup_interface/roslibjs) by extension 'colcon_meta'
[0.423s] Level 1:colcon.colcon_core.package_identification:_identify(hurocup_interface/roslibjs) by extensions ['ros']
[0.423s] Level 1:colcon.colcon_core.package_identification:_identify(hurocup_interface/roslibjs) by extension 'ros'
[0.423s] Level 1:colcon.colcon_core.package_identification:_identify(hurocup_interface/roslibjs) by extensions ['cmake', 'python']
[0.423s] Level 1:colcon.colcon_core.package_identification:_identify(hurocup_interface/roslibjs) by extension 'cmake'
[0.423s] Level 1:colcon.colcon_core.package_identification:_identify(hurocup_interface/roslibjs) by extension 'python'
[0.423s] Level 1:colcon.colcon_core.package_identification:_identify(hurocup_interface/roslibjs) by extensions ['python_setup_py']
[0.423s] Level 1:colcon.colcon_core.package_identification:_identify(hurocup_interface/roslibjs) by extension 'python_setup_py'
[0.423s] Level 1:colcon.colcon_core.package_identification:_identify(install) by extensions ['ignore', 'ignore_ament_install']
[0.424s] Level 1:colcon.colcon_core.package_identification:_identify(install) by extension 'ignore'
[0.424s] Level 1:colcon.colcon_core.package_identification:_identify(install) ignored
[0.424s] Level 1:colcon.colcon_core.package_identification:_identify(log) by extensions ['ignore', 'ignore_ament_install']
[0.424s] Level 1:colcon.colcon_core.package_identification:_identify(log) by extension 'ignore'
[0.424s] Level 1:colcon.colcon_core.package_identification:_identify(log) ignored
[0.424s] Level 1:colcon.colcon_core.package_identification:_identify(src) by extensions ['ignore', 'ignore_ament_install']
[0.425s] Level 1:colcon.colcon_core.package_identification:_identify(src) by extension 'ignore'
[0.425s] Level 1:colcon.colcon_core.package_identification:_identify(src) by extension 'ignore_ament_install'
[0.425s] Level 1:colcon.colcon_core.package_identification:_identify(src) by extensions ['colcon_pkg']
[0.425s] Level 1:colcon.colcon_core.package_identification:_identify(src) by extension 'colcon_pkg'
[0.425s] Level 1:colcon.colcon_core.package_identification:_identify(src) by extensions ['colcon_meta']
[0.425s] Level 1:colcon.colcon_core.package_identification:_identify(src) by extension 'colcon_meta'
[0.425s] Level 1:colcon.colcon_core.package_identification:_identify(src) by extensions ['ros']
[0.425s] Level 1:colcon.colcon_core.package_identification:_identify(src) by extension 'ros'
[0.425s] Level 1:colcon.colcon_core.package_identification:_identify(src) by extensions ['cmake', 'python']
[0.426s] Level 1:colcon.colcon_core.package_identification:_identify(src) by extension 'cmake'
[0.426s] Level 1:colcon.colcon_core.package_identification:_identify(src) by extension 'python'
[0.426s] Level 1:colcon.colcon_core.package_identification:_identify(src) by extensions ['python_setup_py']
[0.426s] Level 1:colcon.colcon_core.package_identification:_identify(src) by extension 'python_setup_py'
[0.426s] Level 1:colcon.colcon_core.package_identification:_identify(src/imageprocess) by extensions ['ignore', 'ignore_ament_install']
[0.426s] Level 1:colcon.colcon_core.package_identification:_identify(src/imageprocess) by extension 'ignore'
[0.426s] Level 1:colcon.colcon_core.package_identification:_identify(src/imageprocess) by extension 'ignore_ament_install'
[0.426s] Level 1:colcon.colcon_core.package_identification:_identify(src/imageprocess) by extensions ['colcon_pkg']
[0.427s] Level 1:colcon.colcon_core.package_identification:_identify(src/imageprocess) by extension 'colcon_pkg'
[0.427s] Level 1:colcon.colcon_core.package_identification:_identify(src/imageprocess) by extensions ['colcon_meta']
[0.427s] Level 1:colcon.colcon_core.package_identification:_identify(src/imageprocess) by extension 'colcon_meta'
[0.427s] Level 1:colcon.colcon_core.package_identification:_identify(src/imageprocess) by extensions ['ros']
[0.427s] Level 1:colcon.colcon_core.package_identification:_identify(src/imageprocess) by extension 'ros'
[0.432s] DEBUG:colcon.colcon_core.package_identification:Package 'src/imageprocess' with type 'ros.ament_python' and name 'imageprocess'
[0.433s] Level 1:colcon.colcon_core.package_identification:_identify(src/motionpackage) by extensions ['ignore', 'ignore_ament_install']
[0.433s] Level 1:colcon.colcon_core.package_identification:_identify(src/motionpackage) by extension 'ignore'
[0.433s] Level 1:colcon.colcon_core.package_identification:_identify(src/motionpackage) by extension 'ignore_ament_install'
[0.433s] Level 1:colcon.colcon_core.package_identification:_identify(src/motionpackage) by extensions ['colcon_pkg']
[0.433s] Level 1:colcon.colcon_core.package_identification:_identify(src/motionpackage) by extension 'colcon_pkg'
[0.434s] Level 1:colcon.colcon_core.package_identification:_identify(src/motionpackage) by extensions ['colcon_meta']
[0.434s] Level 1:colcon.colcon_core.package_identification:_identify(src/motionpackage) by extension 'colcon_meta'
[0.434s] Level 1:colcon.colcon_core.package_identification:_identify(src/motionpackage) by extensions ['ros']
[0.434s] Level 1:colcon.colcon_core.package_identification:_identify(src/motionpackage) by extension 'ros'
[0.435s] DEBUG:colcon.colcon_core.package_identification:Package 'src/motionpackage' with type 'ros.ament_python' and name 'motionpackage'
[0.436s] Level 1:colcon.colcon_core.package_identification:_identify(src/strategy) by extensions ['ignore', 'ignore_ament_install']
[0.436s] Level 1:colcon.colcon_core.package_identification:_identify(src/strategy) by extension 'ignore'
[0.436s] Level 1:colcon.colcon_core.package_identification:_identify(src/strategy) by extension 'ignore_ament_install'
[0.436s] Level 1:colcon.colcon_core.package_identification:_identify(src/strategy) by extensions ['colcon_pkg']
[0.436s] Level 1:colcon.colcon_core.package_identification:_identify(src/strategy) by extension 'colcon_pkg'
[0.436s] Level 1:colcon.colcon_core.package_identification:_identify(src/strategy) by extensions ['colcon_meta']
[0.436s] Level 1:colcon.colcon_core.package_identification:_identify(src/strategy) by extension 'colcon_meta'
[0.436s] Level 1:colcon.colcon_core.package_identification:_identify(src/strategy) by extensions ['ros']
[0.437s] Level 1:colcon.colcon_core.package_identification:_identify(src/strategy) by extension 'ros'
[0.438s] DEBUG:colcon.colcon_core.package_identification:Package 'src/strategy' with type 'ros.ament_python' and name 'strategy'
[0.438s] Level 1:colcon.colcon_core.package_identification:_identify(src/tku_msgs) by extensions ['ignore', 'ignore_ament_install']
[0.438s] Level 1:colcon.colcon_core.package_identification:_identify(src/tku_msgs) by extension 'ignore'
[0.438s] Level 1:colcon.colcon_core.package_identification:_identify(src/tku_msgs) by extension 'ignore_ament_install'
[0.438s] Level 1:colcon.colcon_core.package_identification:_identify(src/tku_msgs) by extensions ['colcon_pkg']
[0.438s] Level 1:colcon.colcon_core.package_identification:_identify(src/tku_msgs) by extension 'colcon_pkg'
[0.439s] Level 1:colcon.colcon_core.package_identification:_identify(src/tku_msgs) by extensions ['colcon_meta']
[0.439s] Level 1:colcon.colcon_core.package_identification:_identify(src/tku_msgs) by extension 'colcon_meta'
[0.439s] Level 1:colcon.colcon_core.package_identification:_identify(src/tku_msgs) by extensions ['ros']
[0.439s] Level 1:colcon.colcon_core.package_identification:_identify(src/tku_msgs) by extension 'ros'
[0.440s] DEBUG:colcon.colcon_core.package_identification:Package 'src/tku_msgs' with type 'ros.ament_cmake' and name 'tku_msgs'
[0.441s] Level 1:colcon.colcon_core.package_identification:_identify(src/usb_cam) by extensions ['ignore', 'ignore_ament_install']
[0.441s] Level 1:colcon.colcon_core.package_identification:_identify(src/usb_cam) by extension 'ignore'
[0.441s] Level 1:colcon.colcon_core.package_identification:_identify(src/usb_cam) by extension 'ignore_ament_install'
[0.441s] Level 1:colcon.colcon_core.package_identification:_identify(src/usb_cam) by extensions ['colcon_pkg']
[0.441s] Level 1:colcon.colcon_core.package_identification:_identify(src/usb_cam) by extension 'colcon_pkg'
[0.441s] Level 1:colcon.colcon_core.package_identification:_identify(src/usb_cam) by extensions ['colcon_meta']
[0.441s] Level 1:colcon.colcon_core.package_identification:_identify(src/usb_cam) by extension 'colcon_meta'
[0.442s] Level 1:colcon.colcon_core.package_identification:_identify(src/usb_cam) by extensions ['ros']
[0.442s] Level 1:colcon.colcon_core.package_identification:_identify(src/usb_cam) by extension 'ros'
[0.445s] DEBUG:colcon.colcon_core.package_identification:Package 'src/usb_cam' with type 'ros.ament_cmake' and name 'usb_cam'
[0.446s] Level 1:colcon.colcon_core.package_identification:_identify(src/vision_opencv) by extensions ['ignore', 'ignore_ament_install']
[0.446s] Level 1:colcon.colcon_core.package_identification:_identify(src/vision_opencv) by extension 'ignore'
[0.446s] Level 1:colcon.colcon_core.package_identification:_identify(src/vision_opencv) by extension 'ignore_ament_install'
[0.446s] Level 1:colcon.colcon_core.package_identification:_identify(src/vision_opencv) by extensions ['colcon_pkg']
[0.446s] Level 1:colcon.colcon_core.package_identification:_identify(src/vision_opencv) by extension 'colcon_pkg'
[0.446s] Level 1:colcon.colcon_core.package_identification:_identify(src/vision_opencv) by extensions ['colcon_meta']
[0.446s] Level 1:colcon.colcon_core.package_identification:_identify(src/vision_opencv) by extension 'colcon_meta'
[0.447s] Level 1:colcon.colcon_core.package_identification:_identify(src/vision_opencv) by extensions ['ros']
[0.447s] Level 1:colcon.colcon_core.package_identification:_identify(src/vision_opencv) by extension 'ros'
[0.447s] Level 1:colcon.colcon_core.package_identification:_identify(src/vision_opencv) by extensions ['cmake', 'python']
[0.447s] Level 1:colcon.colcon_core.package_identification:_identify(src/vision_opencv) by extension 'cmake'
[0.447s] Level 1:colcon.colcon_core.package_identification:_identify(src/vision_opencv) by extension 'python'
[0.447s] Level 1:colcon.colcon_core.package_identification:_identify(src/vision_opencv) by extensions ['python_setup_py']
[0.447s] Level 1:colcon.colcon_core.package_identification:_identify(src/vision_opencv) by extension 'python_setup_py'
[0.448s] Level 1:colcon.colcon_core.package_identification:_identify(src/vision_opencv/cv_bridge) by extensions ['ignore', 'ignore_ament_install']
[0.448s] Level 1:colcon.colcon_core.package_identification:_identify(src/vision_opencv/cv_bridge) by extension 'ignore'
[0.448s] Level 1:colcon.colcon_core.package_identification:_identify(src/vision_opencv/cv_bridge) by extension 'ignore_ament_install'
[0.448s] Level 1:colcon.colcon_core.package_identification:_identify(src/vision_opencv/cv_bridge) by extensions ['colcon_pkg']
[0.448s] Level 1:colcon.colcon_core.package_identification:_identify(src/vision_opencv/cv_bridge) by extension 'colcon_pkg'
[0.448s] Level 1:colcon.colcon_core.package_identification:_identify(src/vision_opencv/cv_bridge) by extensions ['colcon_meta']
[0.448s] Level 1:colcon.colcon_core.package_identification:_identify(src/vision_opencv/cv_bridge) by extension 'colcon_meta'
[0.448s] Level 1:colcon.colcon_core.package_identification:_identify(src/vision_opencv/cv_bridge) by extensions ['ros']
[0.449s] Level 1:colcon.colcon_core.package_identification:_identify(src/vision_opencv/cv_bridge) by extension 'ros'
[0.451s] DEBUG:colcon.colcon_core.package_identification:Package 'src/vision_opencv/cv_bridge' with type 'ros.ament_cmake' and name 'cv_bridge'
[0.451s] Level 1:colcon.colcon_core.package_identification:_identify(src/vision_opencv/image_geometry) by extensions ['ignore', 'ignore_ament_install']
[0.451s] Level 1:colcon.colcon_core.package_identification:_identify(src/vision_opencv/image_geometry) by extension 'ignore'
[0.452s] Level 1:colcon.colcon_core.package_identification:_identify(src/vision_opencv/image_geometry) by extension 'ignore_ament_install'
[0.452s] Level 1:colcon.colcon_core.package_identification:_identify(src/vision_opencv/image_geometry) by extensions ['colcon_pkg']
[0.452s] Level 1:colcon.colcon_core.package_identification:_identify(src/vision_opencv/image_geometry) by extension 'colcon_pkg'
[0.452s] Level 1:colcon.colcon_core.package_identification:_identify(src/vision_opencv/image_geometry) by extensions ['colcon_meta']
[0.452s] Level 1:colcon.colcon_core.package_identification:_identify(src/vision_opencv/image_geometry) by extension 'colcon_meta'
[0.452s] Level 1:colcon.colcon_core.package_identification:_identify(src/vision_opencv/image_geometry) by extensions ['ros']
[0.452s] Level 1:colcon.colcon_core.package_identification:_identify(src/vision_opencv/image_geometry) by extension 'ros'
[0.454s] DEBUG:colcon.colcon_core.package_identification:Package 'src/vision_opencv/image_geometry' with type 'ros.ament_cmake' and name 'image_geometry'
[0.454s] Level 1:colcon.colcon_core.package_identification:_identify(src/vision_opencv/opencv_tests) by extensions ['ignore', 'ignore_ament_install']
[0.454s] Level 1:colcon.colcon_core.package_identification:_identify(src/vision_opencv/opencv_tests) by extension 'ignore'
[0.455s] Level 1:colcon.colcon_core.package_identification:_identify(src/vision_opencv/opencv_tests) by extension 'ignore_ament_install'
[0.455s] Level 1:colcon.colcon_core.package_identification:_identify(src/vision_opencv/opencv_tests) by extensions ['colcon_pkg']
[0.455s] Level 1:colcon.colcon_core.package_identification:_identify(src/vision_opencv/opencv_tests) by extension 'colcon_pkg'
[0.455s] Level 1:colcon.colcon_core.package_identification:_identify(src/vision_opencv/opencv_tests) by extensions ['colcon_meta']
[0.455s] Level 1:colcon.colcon_core.package_identification:_identify(src/vision_opencv/opencv_tests) by extension 'colcon_meta'
[0.455s] Level 1:colcon.colcon_core.package_identification:_identify(src/vision_opencv/opencv_tests) by extensions ['ros']
[0.455s] Level 1:colcon.colcon_core.package_identification:_identify(src/vision_opencv/opencv_tests) by extension 'ros'
[0.457s] DEBUG:colcon.colcon_core.package_identification:Package 'src/vision_opencv/opencv_tests' with type 'ros.ament_python' and name 'opencv_tests'
[0.457s] Level 1:colcon.colcon_core.package_identification:_identify(src/vision_opencv/vision_opencv) by extensions ['ignore', 'ignore_ament_install']
[0.457s] Level 1:colcon.colcon_core.package_identification:_identify(src/vision_opencv/vision_opencv) by extension 'ignore'
[0.457s] Level 1:colcon.colcon_core.package_identification:_identify(src/vision_opencv/vision_opencv) by extension 'ignore_ament_install'
[0.457s] Level 1:colcon.colcon_core.package_identification:_identify(src/vision_opencv/vision_opencv) by extensions ['colcon_pkg']
[0.458s] Level 1:colcon.colcon_core.package_identification:_identify(src/vision_opencv/vision_opencv) by extension 'colcon_pkg'
[0.458s] Level 1:colcon.colcon_core.package_identification:_identify(src/vision_opencv/vision_opencv) by extensions ['colcon_meta']
[0.458s] Level 1:colcon.colcon_core.package_identification:_identify(src/vision_opencv/vision_opencv) by extension 'colcon_meta'
[0.458s] Level 1:colcon.colcon_core.package_identification:_identify(src/vision_opencv/vision_opencv) by extensions ['ros']
[0.458s] Level 1:colcon.colcon_core.package_identification:_identify(src/vision_opencv/vision_opencv) by extension 'ros'
[0.459s] DEBUG:colcon.colcon_core.package_identification:Package 'src/vision_opencv/vision_opencv' with type 'ros.ament_cmake' and name 'vision_opencv'
[0.460s] Level 1:colcon.colcon_core.package_identification:_identify(src/web_video_sever) by extensions ['ignore', 'ignore_ament_install']
[0.460s] Level 1:colcon.colcon_core.package_identification:_identify(src/web_video_sever) by extension 'ignore'
[0.460s] Level 1:colcon.colcon_core.package_identification:_identify(src/web_video_sever) by extension 'ignore_ament_install'
[0.460s] Level 1:colcon.colcon_core.package_identification:_identify(src/web_video_sever) by extensions ['colcon_pkg']
[0.460s] Level 1:colcon.colcon_core.package_identification:_identify(src/web_video_sever) by extension 'colcon_pkg'
[0.461s] Level 1:colcon.colcon_core.package_identification:_identify(src/web_video_sever) by extensions ['colcon_meta']
[0.461s] Level 1:colcon.colcon_core.package_identification:_identify(src/web_video_sever) by extension 'colcon_meta'
[0.461s] Level 1:colcon.colcon_core.package_identification:_identify(src/web_video_sever) by extensions ['ros']
[0.461s] Level 1:colcon.colcon_core.package_identification:_identify(src/web_video_sever) by extension 'ros'
[0.463s] DEBUG:colcon.colcon_core.package_identification:Package 'src/web_video_sever' with type 'ros.ament_cmake' and name 'web_video_server'
[0.463s] Level 1:colcon.colcon_core.package_identification:_identify(src/zed-ros2-wrapper) by extensions ['ignore', 'ignore_ament_install']
[0.463s] Level 1:colcon.colcon_core.package_identification:_identify(src/zed-ros2-wrapper) by extension 'ignore'
[0.463s] Level 1:colcon.colcon_core.package_identification:_identify(src/zed-ros2-wrapper) by extension 'ignore_ament_install'
[0.464s] Level 1:colcon.colcon_core.package_identification:_identify(src/zed-ros2-wrapper) by extensions ['colcon_pkg']
[0.464s] Level 1:colcon.colcon_core.package_identification:_identify(src/zed-ros2-wrapper) by extension 'colcon_pkg'
[0.464s] Level 1:colcon.colcon_core.package_identification:_identify(src/zed-ros2-wrapper) by extensions ['colcon_meta']
[0.464s] Level 1:colcon.colcon_core.package_identification:_identify(src/zed-ros2-wrapper) by extension 'colcon_meta'
[0.464s] Level 1:colcon.colcon_core.package_identification:_identify(src/zed-ros2-wrapper) by extensions ['ros']
[0.464s] Level 1:colcon.colcon_core.package_identification:_identify(src/zed-ros2-wrapper) by extension 'ros'
[0.464s] Level 1:colcon.colcon_core.package_identification:_identify(src/zed-ros2-wrapper) by extensions ['cmake', 'python']
[0.464s] Level 1:colcon.colcon_core.package_identification:_identify(src/zed-ros2-wrapper) by extension 'cmake'
[0.464s] Level 1:colcon.colcon_core.package_identification:_identify(src/zed-ros2-wrapper) by extension 'python'
[0.465s] Level 1:colcon.colcon_core.package_identification:_identify(src/zed-ros2-wrapper) by extensions ['python_setup_py']
[0.465s] Level 1:colcon.colcon_core.package_identification:_identify(src/zed-ros2-wrapper) by extension 'python_setup_py'
[0.465s] Level 1:colcon.colcon_core.package_identification:_identify(src/zed-ros2-wrapper/docker) by extensions ['ignore', 'ignore_ament_install']
[0.465s] Level 1:colcon.colcon_core.package_identification:_identify(src/zed-ros2-wrapper/docker) by extension 'ignore'
[0.465s] Level 1:colcon.colcon_core.package_identification:_identify(src/zed-ros2-wrapper/docker) by extension 'ignore_ament_install'
[0.465s] Level 1:colcon.colcon_core.package_identification:_identify(src/zed-ros2-wrapper/docker) by extensions ['colcon_pkg']
[0.465s] Level 1:colcon.colcon_core.package_identification:_identify(src/zed-ros2-wrapper/docker) by extension 'colcon_pkg'
[0.466s] Level 1:colcon.colcon_core.package_identification:_identify(src/zed-ros2-wrapper/docker) by extensions ['colcon_meta']
[0.466s] Level 1:colcon.colcon_core.package_identification:_identify(src/zed-ros2-wrapper/docker) by extension 'colcon_meta'
[0.466s] Level 1:colcon.colcon_core.package_identification:_identify(src/zed-ros2-wrapper/docker) by extensions ['ros']
[0.466s] Level 1:colcon.colcon_core.package_identification:_identify(src/zed-ros2-wrapper/docker) by extension 'ros'
[0.466s] Level 1:colcon.colcon_core.package_identification:_identify(src/zed-ros2-wrapper/docker) by extensions ['cmake', 'python']
[0.466s] Level 1:colcon.colcon_core.package_identification:_identify(src/zed-ros2-wrapper/docker) by extension 'cmake'
[0.466s] Level 1:colcon.colcon_core.package_identification:_identify(src/zed-ros2-wrapper/docker) by extension 'python'
[0.466s] Level 1:colcon.colcon_core.package_identification:_identify(src/zed-ros2-wrapper/docker) by extensions ['python_setup_py']
[0.466s] Level 1:colcon.colcon_core.package_identification:_identify(src/zed-ros2-wrapper/docker) by extension 'python_setup_py'
[0.467s] Level 1:colcon.colcon_core.package_identification:_identify(src/zed-ros2-wrapper/images) by extensions ['ignore', 'ignore_ament_install']
[0.467s] Level 1:colcon.colcon_core.package_identification:_identify(src/zed-ros2-wrapper/images) by extension 'ignore'
[0.467s] Level 1:colcon.colcon_core.package_identification:_identify(src/zed-ros2-wrapper/images) by extension 'ignore_ament_install'
[0.467s] Level 1:colcon.colcon_core.package_identification:_identify(src/zed-ros2-wrapper/images) by extensions ['colcon_pkg']
[0.467s] Level 1:colcon.colcon_core.package_identification:_identify(src/zed-ros2-wrapper/images) by extension 'colcon_pkg'
[0.467s] Level 1:colcon.colcon_core.package_identification:_identify(src/zed-ros2-wrapper/images) by extensions ['colcon_meta']
[0.467s] Level 1:colcon.colcon_core.package_identification:_identify(src/zed-ros2-wrapper/images) by extension 'colcon_meta'
[0.467s] Level 1:colcon.colcon_core.package_identification:_identify(src/zed-ros2-wrapper/images) by extensions ['ros']
[0.468s] Level 1:colcon.colcon_core.package_identification:_identify(src/zed-ros2-wrapper/images) by extension 'ros'
[0.468s] Level 1:colcon.colcon_core.package_identification:_identify(src/zed-ros2-wrapper/images) by extensions ['cmake', 'python']
[0.468s] Level 1:colcon.colcon_core.package_identification:_identify(src/zed-ros2-wrapper/images) by extension 'cmake'
[0.468s] Level 1:colcon.colcon_core.package_identification:_identify(src/zed-ros2-wrapper/images) by extension 'python'
[0.468s] Level 1:colcon.colcon_core.package_identification:_identify(src/zed-ros2-wrapper/images) by extensions ['python_setup_py']
[0.468s] Level 1:colcon.colcon_core.package_identification:_identify(src/zed-ros2-wrapper/images) by extension 'python_setup_py'
[0.468s] Level 1:colcon.colcon_core.package_identification:_identify(src/zed-ros2-wrapper/zed_components) by extensions ['ignore', 'ignore_ament_install']
[0.469s] Level 1:colcon.colcon_core.package_identification:_identify(src/zed-ros2-wrapper/zed_components) by extension 'ignore'
[0.469s] Level 1:colcon.colcon_core.package_identification:_identify(src/zed-ros2-wrapper/zed_components) by extension 'ignore_ament_install'
[0.469s] Level 1:colcon.colcon_core.package_identification:_identify(src/zed-ros2-wrapper/zed_components) by extensions ['colcon_pkg']
[0.469s] Level 1:colcon.colcon_core.package_identification:_identify(src/zed-ros2-wrapper/zed_components) by extension 'colcon_pkg'
[0.469s] Level 1:colcon.colcon_core.package_identification:_identify(src/zed-ros2-wrapper/zed_components) by extensions ['colcon_meta']
[0.469s] Level 1:colcon.colcon_core.package_identification:_identify(src/zed-ros2-wrapper/zed_components) by extension 'colcon_meta'
[0.469s] Level 1:colcon.colcon_core.package_identification:_identify(src/zed-ros2-wrapper/zed_components) by extensions ['ros']
[0.469s] Level 1:colcon.colcon_core.package_identification:_identify(src/zed-ros2-wrapper/zed_components) by extension 'ros'
[0.472s] DEBUG:colcon.colcon_core.package_identification:Package 'src/zed-ros2-wrapper/zed_components' with type 'ros.ament_cmake' and name 'zed_components'
[0.472s] Level 1:colcon.colcon_core.package_identification:_identify(src/zed-ros2-wrapper/zed_ros2) by extensions ['ignore', 'ignore_ament_install']
[0.472s] Level 1:colcon.colcon_core.package_identification:_identify(src/zed-ros2-wrapper/zed_ros2) by extension 'ignore'
[0.473s] Level 1:colcon.colcon_core.package_identification:_identify(src/zed-ros2-wrapper/zed_ros2) by extension 'ignore_ament_install'
[0.473s] Level 1:colcon.colcon_core.package_identification:_identify(src/zed-ros2-wrapper/zed_ros2) by extensions ['colcon_pkg']
[0.473s] Level 1:colcon.colcon_core.package_identification:_identify(src/zed-ros2-wrapper/zed_ros2) by extension 'colcon_pkg'
[0.473s] Level 1:colcon.colcon_core.package_identification:_identify(src/zed-ros2-wrapper/zed_ros2) by extensions ['colcon_meta']
[0.473s] Level 1:colcon.colcon_core.package_identification:_identify(src/zed-ros2-wrapper/zed_ros2) by extension 'colcon_meta'
[0.473s] Level 1:colcon.colcon_core.package_identification:_identify(src/zed-ros2-wrapper/zed_ros2) by extensions ['ros']
[0.473s] Level 1:colcon.colcon_core.package_identification:_identify(src/zed-ros2-wrapper/zed_ros2) by extension 'ros'
[0.475s] DEBUG:colcon.colcon_core.package_identification:Package 'src/zed-ros2-wrapper/zed_ros2' with type 'ros.ament_cmake' and name 'zed_ros2'
[0.475s] Level 1:colcon.colcon_core.package_identification:_identify(src/zed-ros2-wrapper/zed_wrapper) by extensions ['ignore', 'ignore_ament_install']
[0.476s] Level 1:colcon.colcon_core.package_identification:_identify(src/zed-ros2-wrapper/zed_wrapper) by extension 'ignore'
[0.476s] Level 1:colcon.colcon_core.package_identification:_identify(src/zed-ros2-wrapper/zed_wrapper) by extension 'ignore_ament_install'
[0.476s] Level 1:colcon.colcon_core.package_identification:_identify(src/zed-ros2-wrapper/zed_wrapper) by extensions ['colcon_pkg']
[0.476s] Level 1:colcon.colcon_core.package_identification:_identify(src/zed-ros2-wrapper/zed_wrapper) by extension 'colcon_pkg'
[0.476s] Level 1:colcon.colcon_core.package_identification:_identify(src/zed-ros2-wrapper/zed_wrapper) by extensions ['colcon_meta']
[0.476s] Level 1:colcon.colcon_core.package_identification:_identify(src/zed-ros2-wrapper/zed_wrapper) by extension 'colcon_meta'
[0.476s] Level 1:colcon.colcon_core.package_identification:_identify(src/zed-ros2-wrapper/zed_wrapper) by extensions ['ros']
[0.476s] Level 1:colcon.colcon_core.package_identification:_identify(src/zed-ros2-wrapper/zed_wrapper) by extension 'ros'
[0.478s] DEBUG:colcon.colcon_core.package_identification:Package 'src/zed-ros2-wrapper/zed_wrapper' with type 'ros.ament_cmake' and name 'zed_wrapper'
[0.478s] Level 1:colcon.colcon_core.package_discovery:discover_packages(recursive) using defaults
[0.478s] Level 1:colcon.colcon_core.package_discovery:discover_packages(ignore) discover
[0.479s] Level 1:colcon.colcon_core.package_discovery:discover_packages(ignore) using defaults
[0.479s] Level 1:colcon.colcon_core.package_discovery:discover_packages(path) discover
[0.479s] Level 1:colcon.colcon_core.package_discovery:discover_packages(path) using defaults
[0.534s] INFO:colcon.colcon_core.package_selection:Skipping not selected package 'cv_bridge' in 'src/vision_opencv/cv_bridge'
[0.534s] INFO:colcon.colcon_core.package_selection:Skipping not selected package 'image_geometry' in 'src/vision_opencv/image_geometry'
[0.535s] INFO:colcon.colcon_core.package_selection:Skipping not selected package 'imageprocess' in 'src/imageprocess'
[0.535s] INFO:colcon.colcon_core.package_selection:Skipping not selected package 'motionpackage' in 'src/motionpackage'
[0.535s] INFO:colcon.colcon_core.package_selection:Skipping not selected package 'strategy' in 'src/strategy'
[0.535s] INFO:colcon.colcon_core.package_selection:Skipping not selected package 'zed_components' in 'src/zed-ros2-wrapper/zed_components'
[0.535s] INFO:colcon.colcon_core.package_selection:Skipping not selected package 'opencv_tests' in 'src/vision_opencv/opencv_tests'
[0.535s] INFO:colcon.colcon_core.package_selection:Skipping not selected package 'usb_cam' in 'src/usb_cam'
[0.535s] INFO:colcon.colcon_core.package_selection:Skipping not selected package 'vision_opencv' in 'src/vision_opencv/vision_opencv'
[0.535s] INFO:colcon.colcon_core.package_selection:Skipping not selected package 'web_video_server' in 'src/web_video_sever'
[0.535s] INFO:colcon.colcon_core.package_selection:Skipping not selected package 'zed_wrapper' in 'src/zed-ros2-wrapper/zed_wrapper'
[0.535s] INFO:colcon.colcon_core.package_selection:Skipping not selected package 'zed_ros2' in 'src/zed-ros2-wrapper/zed_ros2'
[0.536s] Level 5:colcon.colcon_core.verb:set package 'tku_msgs' build argument 'cmake_args' from command line to 'None'
[0.536s] Level 5:colcon.colcon_core.verb:set package 'tku_msgs' build argument 'cmake_target' from command line to 'None'
[0.536s] Level 5:colcon.colcon_core.verb:set package 'tku_msgs' build argument 'cmake_target_skip_unavailable' from command line to 'False'
[0.536s] Level 5:colcon.colcon_core.verb:set package 'tku_msgs' build argument 'cmake_clean_cache' from command line to 'False'
[0.536s] Level 5:colcon.colcon_core.verb:set package 'tku_msgs' build argument 'cmake_clean_first' from command line to 'False'
[0.537s] Level 5:colcon.colcon_core.verb:set package 'tku_msgs' build argument 'cmake_force_configure' from command line to 'False'
[0.537s] Level 5:colcon.colcon_core.verb:set package 'tku_msgs' build argument 'ament_cmake_args' from command line to 'None'
[0.537s] Level 5:colcon.colcon_core.verb:set package 'tku_msgs' build argument 'catkin_cmake_args' from command line to 'None'
[0.537s] Level 5:colcon.colcon_core.verb:set package 'tku_msgs' build argument 'catkin_skip_building_tests' from command line to 'False'
[0.537s] DEBUG:colcon.colcon_core.verb:Building package 'tku_msgs' with the following arguments: {'ament_cmake_args': None, 'build_base': '/workspace/towen/build/tku_msgs', 'catkin_cmake_args': None, 'catkin_skip_building_tests': False, 'cmake_args': None, 'cmake_clean_cache': False, 'cmake_clean_first': False, 'cmake_force_configure': False, 'cmake_target': None, 'cmake_target_skip_unavailable': False, 'install_base': '/workspace/towen/install/tku_msgs', 'merge_install': False, 'path': '/workspace/towen/src/tku_msgs', 'symlink_install': False, 'test_result_base': None}
[0.537s] INFO:colcon.colcon_core.executor:Executing jobs using 'parallel' executor
[0.539s] DEBUG:colcon.colcon_parallel_executor.executor.parallel:run_until_complete
[0.540s] INFO:colcon.colcon_ros.task.ament_cmake.build:Building ROS package in '/workspace/towen/src/tku_msgs' with build type 'ament_cmake'
[0.540s] INFO:colcon.colcon_cmake.task.cmake.build:Building CMake package in '/workspace/towen/src/tku_msgs'
[0.546s] INFO:colcon.colcon_core.plugin_system:Skipping extension 'colcon_core.shell.bat': Not used on non-Windows systems
[0.547s] INFO:colcon.colcon_core.shell:Skip shell extension 'powershell' for command environment: Not usable outside of PowerShell
[0.547s] DEBUG:colcon.colcon_core.shell:Skip shell extension 'dsv' for command environment
[0.550s] WARNING:colcon.colcon_ros.prefix_path.ament:The path '/workspace/towen/install/web_video_server' in the environment variable AMENT_PREFIX_PATH doesn't exist
[0.550s] WARNING:colcon.colcon_ros.prefix_path.catkin:The path '/workspace/towen/install/web_video_server' in the environment variable CMAKE_PREFIX_PATH doesn't exist
[0.583s] DEBUG:colcon.colcon_core.event_handler.log_command:Invoking command in '/workspace/towen/build/tku_msgs': BYOBU_DATE=%Y-%m-%d CMAKE_PREFIX_PATH=${CMAKE_PREFIX_PATH}:/workspace/towen/install/strategy:/workspace/towen/install/motionpackage:/workspace/towen/install/imageprocess:/opt/ros/humble /usr/local/bin/cmake /workspace/towen/src/tku_msgs -DCMAKE_INSTALL_PREFIX=/workspace/towen/install/tku_msgs
[7.365s] DEBUG:colcon.colcon_core.event_handler.log_command:Invoked command in '/workspace/towen/build/tku_msgs' returned '0': BYOBU_DATE=%Y-%m-%d CMAKE_PREFIX_PATH=${CMAKE_PREFIX_PATH}:/workspace/towen/install/strategy:/workspace/towen/install/motionpackage:/workspace/towen/install/imageprocess:/opt/ros/humble /usr/local/bin/cmake /workspace/towen/src/tku_msgs -DCMAKE_INSTALL_PREFIX=/workspace/towen/install/tku_msgs
[7.371s] DEBUG:colcon.colcon_core.event_handler.log_command:Invoking command in '/workspace/towen/build/tku_msgs': BYOBU_DATE=%Y-%m-%d CMAKE_PREFIX_PATH=${CMAKE_PREFIX_PATH}:/workspace/towen/install/strategy:/workspace/towen/install/motionpackage:/workspace/towen/install/imageprocess:/opt/ros/humble /usr/local/bin/cmake --build /workspace/towen/build/tku_msgs -- -j6 -l6
[13.586s] DEBUG:colcon.colcon_core.event_handler.log_command:Invoked command in '/workspace/towen/build/tku_msgs' returned '2': BYOBU_DATE=%Y-%m-%d CMAKE_PREFIX_PATH=${CMAKE_PREFIX_PATH}:/workspace/towen/install/strategy:/workspace/towen/install/motionpackage:/workspace/towen/install/imageprocess:/opt/ros/humble /usr/local/bin/cmake --build /workspace/towen/build/tku_msgs -- -j6 -l6
[15.599s] Level 1:colcon.colcon_core.environment:create_environment_scripts_only(tku_msgs)
[15.609s] Level 1:colcon.colcon_core.environment:checking '/workspace/towen/install/tku_msgs' for CMake module files
[15.610s] Level 1:colcon.colcon_core.environment:checking '/workspace/towen/install/tku_msgs' for CMake config files
[15.612s] Level 1:colcon.colcon_core.environment:checking '/workspace/towen/install/tku_msgs/bin'
[15.612s] Level 1:colcon.colcon_core.environment:checking '/workspace/towen/install/tku_msgs/lib/pkgconfig/tku_msgs.pc'
[15.617s] Level 1:colcon.colcon_core.environment:checking '/workspace/towen/install/tku_msgs/lib/python3.10/site-packages'
[15.618s] Level 1:colcon.colcon_core.environment:checking '/workspace/towen/install/tku_msgs/bin'
[15.619s] INFO:colcon.colcon_core.shell:Creating package script '/workspace/towen/install/tku_msgs/share/tku_msgs/package.ps1'
[15.623s] INFO:colcon.colcon_core.shell:Creating package descriptor '/workspace/towen/install/tku_msgs/share/tku_msgs/package.dsv'
[15.625s] INFO:colcon.colcon_core.shell:Creating package script '/workspace/towen/install/tku_msgs/share/tku_msgs/package.sh'
[15.628s] INFO:colcon.colcon_core.shell:Creating package script '/workspace/towen/install/tku_msgs/share/tku_msgs/package.bash'
[15.631s] INFO:colcon.colcon_core.shell:Creating package script '/workspace/towen/install/tku_msgs/share/tku_msgs/package.zsh'
[15.634s] Level 1:colcon.colcon_core.environment:create_file_with_runtime_dependencies(/workspace/towen/install/tku_msgs/share/colcon-core/packages/tku_msgs)
[15.646s] DEBUG:colcon.colcon_parallel_executor.executor.parallel:closing loop
[15.646s] DEBUG:colcon.colcon_parallel_executor.executor.parallel:loop closed
[15.646s] DEBUG:colcon.colcon_parallel_executor.executor.parallel:run_until_complete finished with '2'
[15.647s] DEBUG:colcon.colcon_core.event_reactor:joining thread
[15.669s] INFO:colcon.colcon_core.plugin_system:Skipping extension 'colcon_notification.desktop_notification.notify_send': Could not find 'notify-send'
[15.670s] INFO:colcon.colcon_core.plugin_system:Skipping extension 'colcon_notification.desktop_notification.terminal_notifier': Not used on non-Darwin systems
[15.670s] INFO:colcon.colcon_core.plugin_system:Skipping extension 'colcon_notification.desktop_notification.win32': Not used on non-Windows systems
[15.670s] INFO:colcon.colcon_notification.desktop_notification:Sending desktop notification using 'notify2'
[15.677s] DEBUG:colcon.colcon_notification.desktop_notification.notify2:Failed to initialize notify2: org.freedesktop.DBus.Error.Spawn.ExecFailed: /usr/bin/dbus-launch terminated abnormally without any error message
[15.678s] DEBUG:colcon.colcon_core.event_reactor:joined thread
[15.680s] INFO:colcon.colcon_core.shell:Creating prefix script '/workspace/towen/install/local_setup.ps1'
[15.685s] INFO:colcon.colcon_core.shell:Creating prefix util module '/workspace/towen/install/_local_setup_util_ps1.py'
[15.690s] INFO:colcon.colcon_core.shell:Creating prefix chain script '/workspace/towen/install/setup.ps1'
[15.696s] INFO:colcon.colcon_core.shell:Creating prefix script '/workspace/towen/install/local_setup.sh'
[15.698s] INFO:colcon.colcon_core.shell:Creating prefix util module '/workspace/towen/install/_local_setup_util_sh.py'
[15.701s] INFO:colcon.colcon_core.shell:Creating prefix chain script '/workspace/towen/install/setup.sh'
[15.706s] INFO:colcon.colcon_core.shell:Creating prefix script '/workspace/towen/install/local_setup.bash'
[15.708s] INFO:colcon.colcon_core.shell:Creating prefix chain script '/workspace/towen/install/setup.bash'
[15.713s] INFO:colcon.colcon_core.shell:Creating prefix script '/workspace/towen/install/local_setup.zsh'
[15.715s] INFO:colcon.colcon_core.shell:Creating prefix chain script '/workspace/towen/install/setup.zsh'
