[3.324s] Invoking command in '/home/iclab/Desktop/humanoid/src/wula': BYOBU_DATE=%Y-%m-%d PYTHONPATH=/home/iclab/Desktop/humanoid/build/wula/prefix_override:/usr/lib/python3/dist-packages/colcon_core/task/python/colcon_distutils_commands:/home/iclab/Desktop/humanoid/install/wula/lib/python3.10/site-packages:${PYTHONPATH} /usr/bin/python3 -W ignore:setup.py install is deprecated -W ignore:easy_install command is deprecated setup.py egg_info --egg-base ../../build/wula build --build-base /home/iclab/Desktop/humanoid/build/wula/build install --record /home/iclab/Desktop/humanoid/build/wula/install.log --single-version-externally-managed install_data
[4.002s] running egg_info
[4.004s] writing ../../build/wula/wula.egg-info/PKG-INFO
[4.005s] writing dependency_links to ../../build/wula/wula.egg-info/dependency_links.txt
[4.005s] writing entry points to ../../build/wula/wula.egg-info/entry_points.txt
[4.005s] writing requirements to ../../build/wula/wula.egg-info/requires.txt
[4.006s] writing top-level names to ../../build/wula/wula.egg-info/top_level.txt
[4.012s] reading manifest file '../../build/wula/wula.egg-info/SOURCES.txt'
[4.014s] writing manifest file '../../build/wula/wula.egg-info/SOURCES.txt'
[4.014s] running build
[4.015s] running build_py
[4.015s] copying wula/mar/API.py -> /home/iclab/Desktop/humanoid/build/wula/build/lib/wula/mar
[4.016s] copying wula/mar/mar.py -> /home/iclab/Desktop/humanoid/build/wula/build/lib/wula/mar
[4.019s] running install
[4.020s] running install_lib
[4.023s] copying /home/iclab/Desktop/humanoid/build/wula/build/lib/wula/mar/API.py -> /home/iclab/Desktop/humanoid/install/wula/lib/python3.10/site-packages/wula/mar
[4.026s] copying /home/iclab/Desktop/humanoid/build/wula/build/lib/wula/mar/mar.py -> /home/iclab/Desktop/humanoid/install/wula/lib/python3.10/site-packages/wula/mar
[4.026s] byte-compiling /home/iclab/Desktop/humanoid/install/wula/lib/python3.10/site-packages/wula/mar/API.py to API.cpython-310.pyc
[4.028s] byte-compiling /home/iclab/Desktop/humanoid/install/wula/lib/python3.10/site-packages/wula/mar/mar.py to mar.cpython-310.pyc
[4.032s] running install_data
[4.032s] running install_egg_info
[4.037s] removing '/home/iclab/Desktop/humanoid/install/wula/lib/python3.10/site-packages/wula-0.1.0-py3.10.egg-info' (and everything under it)
[4.038s] Copying ../../build/wula/wula.egg-info to /home/iclab/Desktop/humanoid/install/wula/lib/python3.10/site-packages/wula-0.1.0-py3.10.egg-info
[4.041s] running install_scripts
[4.095s] Installing mar script to /home/iclab/Desktop/humanoid/install/wula/lib/wula
[4.096s] Installing sp_boson script to /home/iclab/Desktop/humanoid/install/wula/lib/wula
[4.097s] writing list of installed files to '/home/iclab/Desktop/humanoid/build/wula/install.log'
[4.201s] Invoked command in '/home/iclab/Desktop/humanoid/src/wula' returned '0': BYOBU_DATE=%Y-%m-%d PYTHONPATH=/home/iclab/Desktop/humanoid/build/wula/prefix_override:/usr/lib/python3/dist-packages/colcon_core/task/python/colcon_distutils_commands:/home/iclab/Desktop/humanoid/install/wula/lib/python3.10/site-packages:${PYTHONPATH} /usr/bin/python3 -W ignore:setup.py install is deprecated -W ignore:easy_install command is deprecated setup.py egg_info --egg-base ../../build/wula build --build-base /home/iclab/Desktop/humanoid/build/wula/build install --record /home/iclab/Desktop/humanoid/build/wula/install.log --single-version-externally-managed install_data
