[2.832s] Invoking command in '/workspace/towen/src/motionpackage': BYOBU_DATE=%Y-%m-%d PYTHONPATH=/workspace/towen/build/motionpackage/prefix_override:/usr/lib/python3/dist-packages/colcon_core/task/python/colcon_distutils_commands:/workspace/towen/install/motionpackage/lib/python3.10/site-packages:${PYTHONPATH} /usr/bin/python3 -W ignore:setup.py install is deprecated setup.py egg_info --egg-base ../../build/motionpackage build --build-base /workspace/towen/build/motionpackage/build install --record /workspace/towen/build/motionpackage/install.log --single-version-externally-managed install_data
[3.354s] /home/work/.local/lib/python3.10/site-packages/setuptools/_distutils/dist.py:289: UserWarning: Unknown distribution option: 'tests_require'
[3.354s]   warnings.warn(msg)
[3.696s] running egg_info
[3.753s] writing ../../build/motionpackage/motionpackage.egg-info/PKG-INFO
[3.768s] writing dependency_links to ../../build/motionpackage/motionpackage.egg-info/dependency_links.txt
[3.775s] writing entry points to ../../build/motionpackage/motionpackage.egg-info/entry_points.txt
[3.775s] writing requirements to ../../build/motionpackage/motionpackage.egg-info/requires.txt
[3.775s] writing top-level names to ../../build/motionpackage/motionpackage.egg-info/top_level.txt
[3.920s] reading manifest file '../../build/motionpackage/motionpackage.egg-info/SOURCES.txt'
[3.921s] adding license file 'LICENSE'
[3.924s] writing manifest file '../../build/motionpackage/motionpackage.egg-info/SOURCES.txt'
[3.925s] running build
[3.925s] running build_py
[3.926s] copying motionpackage/opencr_imu.py -> /workspace/towen/build/motionpackage/build/lib/motionpackage
[3.927s] copying motionpackage/test.py -> /workspace/towen/build/motionpackage/build/lib/motionpackage
[3.928s] copying motionpackage/__init__.py -> /workspace/towen/build/motionpackage/build/lib/motionpackage
[3.929s] copying motionpackage/import struct.py -> /workspace/towen/build/motionpackage/build/lib/motionpackage
[3.929s] copying motionpackage/walking.py -> /workspace/towen/build/motionpackage/build/lib/motionpackage
[3.930s] copying motionpackage/motionpackage.py -> /workspace/towen/build/motionpackage/build/lib/motionpackage
[3.932s] running install
[3.943s] running install_lib
[3.997s] running install_data
[3.999s] copying resource/motionpackage -> /workspace/towen/install/motionpackage/share/ament_index/resource_index/packages
[4.000s] copying package.xml -> /workspace/towen/install/motionpackage/share/motionpackage
[4.001s] running install_egg_info
[4.056s] removing '/workspace/towen/install/motionpackage/lib/python3.10/site-packages/motionpackage-0.0.0-py3.10.egg-info' (and everything under it)
[4.057s] Copying ../../build/motionpackage/motionpackage.egg-info to /workspace/towen/install/motionpackage/lib/python3.10/site-packages/motionpackage-0.0.0-py3.10.egg-info
[4.058s] running install_scripts
[4.153s] Installing motionpackage script to /workspace/towen/install/motionpackage/lib/motionpackage
[4.154s] writing list of installed files to '/workspace/towen/build/motionpackage/install.log'
[4.329s] Invoked command in '/workspace/towen/src/motionpackage' returned '0': BYOBU_DATE=%Y-%m-%d PYTHONPATH=/workspace/towen/build/motionpackage/prefix_override:/usr/lib/python3/dist-packages/colcon_core/task/python/colcon_distutils_commands:/workspace/towen/install/motionpackage/lib/python3.10/site-packages:${PYTHONPATH} /usr/bin/python3 -W ignore:setup.py install is deprecated setup.py egg_info --egg-base ../../build/motionpackage build --build-base /workspace/towen/build/motionpackage/build install --record /workspace/towen/build/motionpackage/install.log --single-version-externally-managed install_data
