[4.436s] Invoking command in '/workspace/towen/src/imageprocess': BYOBU_DATE=%Y-%m-%d PYTHONPATH=/workspace/towen/build/imageprocess/prefix_override:/usr/lib/python3/dist-packages/colcon_core/task/python/colcon_distutils_commands:/workspace/towen/install/imageprocess/lib/python3.10/site-packages:${PYTHONPATH} /usr/bin/python3 -W ignore:setup.py install is deprecated setup.py egg_info --egg-base ../../build/imageprocess build --build-base /workspace/towen/build/imageprocess/build install --record /workspace/towen/build/imageprocess/install.log --single-version-externally-managed install_data
[5.460s] /home/work/.local/lib/python3.10/site-packages/setuptools/_distutils/dist.py:289: UserWarning: Unknown distribution option: 'tests_require'
[5.460s]   warnings.warn(msg)
[5.785s] running egg_info
[5.839s] writing ../../build/imageprocess/imageprocess.egg-info/PKG-INFO
[5.840s] writing dependency_links to ../../build/imageprocess/imageprocess.egg-info/dependency_links.txt
[5.842s] writing entry points to ../../build/imageprocess/imageprocess.egg-info/entry_points.txt
[5.842s] writing requirements to ../../build/imageprocess/imageprocess.egg-info/requires.txt
[5.842s] writing top-level names to ../../build/imageprocess/imageprocess.egg-info/top_level.txt
[5.963s] reading manifest file '../../build/imageprocess/imageprocess.egg-info/SOURCES.txt'
[5.969s] adding license file 'LICENSE'
[5.971s] writing manifest file '../../build/imageprocess/imageprocess.egg-info/SOURCES.txt'
[5.972s] running build
[5.976s] running build_py
[5.977s] copying imageprocess/modelparameter.py -> /workspace/towen/build/imageprocess/build/lib/imageprocess
[5.978s] copying imageprocess/image_0417.py -> /workspace/towen/build/imageprocess/build/lib/imageprocess
[5.979s] copying imageprocess/dataunit.py -> /workspace/towen/build/imageprocess/build/lib/imageprocess
[5.980s] copying imageprocess/123123.py -> /workspace/towen/build/imageprocess/build/lib/imageprocess
[5.980s] copying imageprocess/image_test.py -> /workspace/towen/build/imageprocess/build/lib/imageprocess
[5.980s] copying imageprocess/image.py -> /workspace/towen/build/imageprocess/build/lib/imageprocess
[5.982s] copying imageprocess/__init__.py -> /workspace/towen/build/imageprocess/build/lib/imageprocess
[5.982s] copying imageprocess/imageprocess.py -> /workspace/towen/build/imageprocess/build/lib/imageprocess
[5.982s] copying imageprocess/camera_segment_headless.py -> /workspace/towen/build/imageprocess/build/lib/imageprocess
[5.984s] running install
[5.994s] running install_lib
[6.061s] running install_data
[6.063s] copying resource/imageprocess -> /workspace/towen/install/imageprocess/share/ament_index/resource_index/packages
[6.064s] copying package.xml -> /workspace/towen/install/imageprocess/share/imageprocess
[6.067s] running install_egg_info
[6.110s] removing '/workspace/towen/install/imageprocess/lib/python3.10/site-packages/imageprocess-0.0.0-py3.10.egg-info' (and everything under it)
[6.111s] Copying ../../build/imageprocess/imageprocess.egg-info to /workspace/towen/install/imageprocess/lib/python3.10/site-packages/imageprocess-0.0.0-py3.10.egg-info
[6.115s] running install_scripts
[6.224s] Installing image script to /workspace/towen/install/imageprocess/lib/imageprocess
[6.224s] Installing image_test script to /workspace/towen/install/imageprocess/lib/imageprocess
[6.226s] Installing imageprocess script to /workspace/towen/install/imageprocess/lib/imageprocess
[6.226s] writing list of installed files to '/workspace/towen/build/imageprocess/install.log'
[6.570s] Invoked command in '/workspace/towen/src/imageprocess' returned '0': BYOBU_DATE=%Y-%m-%d PYTHONPATH=/workspace/towen/build/imageprocess/prefix_override:/usr/lib/python3/dist-packages/colcon_core/task/python/colcon_distutils_commands:/workspace/towen/install/imageprocess/lib/python3.10/site-packages:${PYTHONPATH} /usr/bin/python3 -W ignore:setup.py install is deprecated setup.py egg_info --egg-base ../../build/imageprocess build --build-base /workspace/towen/build/imageprocess/build install --record /workspace/towen/build/imageprocess/install.log --single-version-externally-managed install_data
