[4.007s] Invoking command in '/workspace/towen/src/motionpackage': BYOBU_DATE=%Y-%m-%d PYTHONPATH=/workspace/towen/build/motionpackage/prefix_override:/usr/lib/python3/dist-packages/colcon_core/task/python/colcon_distutils_commands:/workspace/towen/install/motionpackage/lib/python3.10/site-packages:${PYTHONPATH} /usr/bin/python3 -W ignore:setup.py install is deprecated setup.py egg_info --egg-base ../../build/motionpackage build --build-base /workspace/towen/build/motionpackage/build install --record /workspace/towen/build/motionpackage/install.log --single-version-externally-managed install_data
[5.350s] running egg_info
[5.403s] writing ../../build/motionpackage/motionpackage.egg-info/PKG-INFO
[5.406s] writing dependency_links to ../../build/motionpackage/motionpackage.egg-info/dependency_links.txt
[5.407s] writing entry points to ../../build/motionpackage/motionpackage.egg-info/entry_points.txt
[5.408s] writing requirements to ../../build/motionpackage/motionpackage.egg-info/requires.txt
[5.418s] writing top-level names to ../../build/motionpackage/motionpackage.egg-info/top_level.txt
[5.564s] reading manifest file '../../build/motionpackage/motionpackage.egg-info/SOURCES.txt'
[5.565s] adding license file 'LICENSE'
[5.568s] writing manifest file '../../build/motionpackage/motionpackage.egg-info/SOURCES.txt'
[5.569s] running build
[5.569s] running build_py
[5.569s] copying motionpackage/opencr_imu.py -> /workspace/towen/build/motionpackage/build/lib/motionpackage
[5.570s] copying motionpackage/test.py -> /workspace/towen/build/motionpackage/build/lib/motionpackage
[5.570s] copying motionpackage/__init__.py -> /workspace/towen/build/motionpackage/build/lib/motionpackage
[5.571s] copying motionpackage/import struct.py -> /workspace/towen/build/motionpackage/build/lib/motionpackage
[5.571s] copying motionpackage/walking.py -> /workspace/towen/build/motionpackage/build/lib/motionpackage
[5.574s] copying motionpackage/motionpackage.py -> /workspace/towen/build/motionpackage/build/lib/motionpackage
[5.574s] running install
[5.591s] running install_lib
[5.663s] running install_data
[5.664s] copying resource/motionpackage -> /workspace/towen/install/motionpackage/share/ament_index/resource_index/packages
[5.667s] copying package.xml -> /workspace/towen/install/motionpackage/share/motionpackage
[5.668s] running install_egg_info
[5.751s] removing '/workspace/towen/install/motionpackage/lib/python3.10/site-packages/motionpackage-0.0.0-py3.10.egg-info' (and everything under it)
[5.752s] Copying ../../build/motionpackage/motionpackage.egg-info to /workspace/towen/install/motionpackage/lib/python3.10/site-packages/motionpackage-0.0.0-py3.10.egg-info
[5.756s] running install_scripts
[6.529s] Installing motionpackage script to /workspace/towen/install/motionpackage/lib/motionpackage
[6.543s] writing list of installed files to '/workspace/towen/build/motionpackage/install.log'
[6.696s] Invoked command in '/workspace/towen/src/motionpackage' returned '0': BYOBU_DATE=%Y-%m-%d PYTHONPATH=/workspace/towen/build/motionpackage/prefix_override:/usr/lib/python3/dist-packages/colcon_core/task/python/colcon_distutils_commands:/workspace/towen/install/motionpackage/lib/python3.10/site-packages:${PYTHONPATH} /usr/bin/python3 -W ignore:setup.py install is deprecated setup.py egg_info --egg-base ../../build/motionpackage build --build-base /workspace/towen/build/motionpackage/build install --record /workspace/towen/build/motionpackage/install.log --single-version-externally-managed install_data
