[0.710s] Invoking command in '/workspace/towen/build/rosidl_typesupport_interface': BYOBU_DATE=%Y-%m-%d CMAKE_PREFIX_PATH=${CMAKE_PREFIX_PATH}:/workspace/towen/src/motionpackage/install/motionpackage:/workspace/towen/install/strategy:/workspace/towen/install/rosidl_cli:/workspace/towen/install/opencv_tests:/workspace/towen/install/motionpackage:/workspace/towen/install/imageprocess:/opt/ros/humble /usr/local/bin/cmake --build /workspace/towen/build/rosidl_typesupport_interface -- -j6 -l6
[1.123s] [ 33%] Built target gtest_main
[1.135s] [ 66%] Built target gtest
[1.273s] [100%] Built target test_macros
[1.351s] Invoked command in '/workspace/towen/build/rosidl_typesupport_interface' returned '0': BYOBU_DATE=%Y-%m-%d CMAKE_PREFIX_PATH=${CMAKE_PREFIX_PATH}:/workspace/towen/src/motionpackage/install/motionpackage:/workspace/towen/install/strategy:/workspace/towen/install/rosidl_cli:/workspace/towen/install/opencv_tests:/workspace/towen/install/motionpackage:/workspace/towen/install/imageprocess:/opt/ros/humble /usr/local/bin/cmake --build /workspace/towen/build/rosidl_typesupport_interface -- -j6 -l6
[1.996s] Invoking command in '/workspace/towen/build/rosidl_typesupport_interface': BYOBU_DATE=%Y-%m-%d CMAKE_PREFIX_PATH=${CMAKE_PREFIX_PATH}:/workspace/towen/src/motionpackage/install/motionpackage:/workspace/towen/install/strategy:/workspace/towen/install/rosidl_cli:/workspace/towen/install/opencv_tests:/workspace/towen/install/motionpackage:/workspace/towen/install/imageprocess:/opt/ros/humble /usr/local/bin/cmake --install /workspace/towen/build/rosidl_typesupport_interface
[2.245s] -- Install configuration: "Release"
[2.249s] -- Execute custom install script
[2.251s] -- Up-to-date symlink: /workspace/towen/install/rosidl_typesupport_interface/share/ament_index/resource_index/package_run_dependencies/rosidl_typesupport_interface
[2.255s] -- Up-to-date symlink: /workspace/towen/install/rosidl_typesupport_interface/share/ament_index/resource_index/parent_prefix_path/rosidl_typesupport_interface
[2.257s] -- Up-to-date symlink: /workspace/towen/install/rosidl_typesupport_interface/share/rosidl_typesupport_interface/environment/ament_prefix_path.sh
[2.259s] -- Up-to-date symlink: /workspace/towen/install/rosidl_typesupport_interface/share/rosidl_typesupport_interface/environment/ament_prefix_path.dsv
[2.263s] -- Up-to-date symlink: /workspace/towen/install/rosidl_typesupport_interface/share/rosidl_typesupport_interface/environment/path.sh
[2.264s] -- Up-to-date symlink: /workspace/towen/install/rosidl_typesupport_interface/share/rosidl_typesupport_interface/environment/path.dsv
[2.265s] -- Up-to-date symlink: /workspace/towen/install/rosidl_typesupport_interface/share/rosidl_typesupport_interface/local_setup.bash
[2.267s] -- Up-to-date symlink: /workspace/towen/install/rosidl_typesupport_interface/share/rosidl_typesupport_interface/local_setup.sh
[2.269s] -- Up-to-date symlink: /workspace/towen/install/rosidl_typesupport_interface/share/rosidl_typesupport_interface/local_setup.zsh
[2.269s] -- Up-to-date symlink: /workspace/towen/install/rosidl_typesupport_interface/share/rosidl_typesupport_interface/local_setup.dsv
[2.281s] -- Symlinking: /workspace/towen/install/rosidl_typesupport_interface/share/rosidl_typesupport_interface/package.dsv
[2.317s] -- Up-to-date symlink: /workspace/towen/install/rosidl_typesupport_interface/share/ament_index/resource_index/packages/rosidl_typesupport_interface
[2.318s] -- Up-to-date symlink: /workspace/towen/install/rosidl_typesupport_interface/share/rosidl_typesupport_interface/cmake/ament_cmake_export_include_directories-extras.cmake
[2.320s] -- Up-to-date symlink: /workspace/towen/install/rosidl_typesupport_interface/share/rosidl_typesupport_interface/cmake/ament_cmake_export_targets-extras.cmake
[2.321s] -- Up-to-date symlink: /workspace/towen/install/rosidl_typesupport_interface/share/rosidl_typesupport_interface/cmake/rosidl_typesupport_interfaceConfig.cmake
[2.322s] -- Up-to-date symlink: /workspace/towen/install/rosidl_typesupport_interface/share/rosidl_typesupport_interface/cmake/rosidl_typesupport_interfaceConfig-version.cmake
[2.324s] -- Up-to-date symlink: /workspace/towen/install/rosidl_typesupport_interface/share/rosidl_typesupport_interface/package.xml
[2.325s] -- Up-to-date symlink: /workspace/towen/install/rosidl_typesupport_interface/include/rosidl_typesupport_interface/rosidl_typesupport_interface/macros.h
[2.327s] -- Up-to-date: /workspace/towen/install/rosidl_typesupport_interface/share/rosidl_typesupport_interface/cmake/rosidl_typesupport_interfaceExport.cmake
[2.349s] Invoked command in '/workspace/towen/build/rosidl_typesupport_interface' returned '0': BYOBU_DATE=%Y-%m-%d CMAKE_PREFIX_PATH=${CMAKE_PREFIX_PATH}:/workspace/towen/src/motionpackage/install/motionpackage:/workspace/towen/install/strategy:/workspace/towen/install/rosidl_cli:/workspace/towen/install/opencv_tests:/workspace/towen/install/motionpackage:/workspace/towen/install/imageprocess:/opt/ros/humble /usr/local/bin/cmake --install /workspace/towen/build/rosidl_typesupport_interface
