[0.880s] Invoking command in '/workspace/towen/build/cv_bridge': BYOBU_DATE=%Y-%m-%d CMAKE_PREFIX_PATH=/opt/ros/humble /usr/local/bin/cmake /workspace/towen/src/vision_opencv/cv_bridge -DCMAKE_INSTALL_PREFIX=/workspace/towen/install/cv_bridge
[1.611s] -- Found ament_cmake_ros: 0.10.0 (/opt/ros/humble/install/share/ament_cmake_ros/cmake)
[1.799s] -- Found Python3: /usr/local/bin/python3 (found version "3.10.12") found components: Interpreter
[2.825s] -- Override CMake install command with custom implementation using symlinks instead of copying resources
[5.405s] -- Found Python3: /usr/include/python3.10 (found version "3.10.12") found components: Development NumPy Interpreter Development.Module Development.Embed
[5.408s] [33mCMake Warning (dev) at CMakeLists.txt:20 (find_package):
[5.409s]   Policy CMP0167 is not set: The FindBoost module is removed.  Run "cmake
[5.411s]   --help-policy CMP0167" for policy details.  Use the cmake_policy command to
[5.412s]   set the policy and suppress this warning.
[5.413s] 
[5.414s] This warning is for project developers.  Use -Wno-dev to suppress it.
[5.415s] [0m
[5.460s] [33mCMake Warning (dev) at CMakeLists.txt:31 (find_package):
[5.460s]   Policy CMP0167 is not set: The FindBoost module is removed.  Run "cmake
[5.460s]   --help-policy CMP0167" for policy details.  Use the cmake_policy command to
[5.460s]   set the policy and suppress this warning.
[5.461s] 
[5.461s] This warning is for project developers.  Use -Wno-dev to suppress it.
[5.461s] [0m
[5.553s] -- Found rcpputils: 2.4.3 (/opt/ros/humble/install/share/rcpputils/cmake)
[5.768s] -- Found sensor_msgs: 4.2.4 (/opt/ros/humble/install/share/sensor_msgs/cmake)
[6.049s] -- Found rosidl_generator_c: 3.1.7 (/workspace/towen/install/rosidl_generator_c/share/rosidl_generator_c/cmake)
[6.186s] -- Found rosidl_adapter: 3.1.7 (/workspace/towen/install/rosidl_adapter/share/rosidl_adapter/cmake)
[6.459s] -- Found rosidl_generator_cpp: 3.1.7 (/workspace/towen/install/rosidl_generator_cpp/share/rosidl_generator_cpp/cmake)
[6.519s] -- Using all available rosidl_typesupport_c: rosidl_typesupport_fastrtps_c;rosidl_typesupport_introspection_c
[6.625s] -- Using all available rosidl_typesupport_cpp: rosidl_typesupport_fastrtps_cpp;rosidl_typesupport_introspection_cpp
[7.823s] -- Found ament_lint_auto: 0.12.11 (/opt/ros/humble/install/share/ament_lint_auto/cmake)
[8.614s] -- Found gtest sources under '/opt/ros/humble/install/src/gtest_vendor': C++ tests using 'Google Test' will be built
[18.139s] -- Configuring done (16.6s)
[18.393s] -- Generating done (0.2s)
[18.397s] -- Build files have been written to: /workspace/towen/build/cv_bridge
[18.560s] Invoked command in '/workspace/towen/build/cv_bridge' returned '0': BYOBU_DATE=%Y-%m-%d CMAKE_PREFIX_PATH=/opt/ros/humble /usr/local/bin/cmake /workspace/towen/src/vision_opencv/cv_bridge -DCMAKE_INSTALL_PREFIX=/workspace/towen/install/cv_bridge
[18.607s] Invoking command in '/workspace/towen/build/cv_bridge': BYOBU_DATE=%Y-%m-%d CMAKE_PREFIX_PATH=/opt/ros/humble /usr/local/bin/cmake --build /workspace/towen/build/cv_bridge -- -j6 -l6
[19.366s] [  0%] Built target ament_cmake_python_symlink_cv_bridge
[19.487s] [ 12%] Built target gtest
[21.082s] running egg_info
[21.231s] writing cv_bridge.egg-info/PKG-INFO
[21.232s] writing dependency_links to cv_bridge.egg-info/dependency_links.txt
[21.234s] writing top-level names to cv_bridge.egg-info/top_level.txt
[21.624s] reading manifest file 'cv_bridge.egg-info/SOURCES.txt'
[21.643s] writing manifest file 'cv_bridge.egg-info/SOURCES.txt'
[21.857s] [ 12%] Built target ament_cmake_python_build_cv_bridge_egg
[22.218s] [ 25%] Built target gtest_main
[22.536s] [ 43%] Built target cv_bridge
[23.378s] [ 62%] Built target cv_bridge_boost
[23.612s] [100%] Built target cv_bridge-utest
[23.855s] Invoked command in '/workspace/towen/build/cv_bridge' returned '0': BYOBU_DATE=%Y-%m-%d CMAKE_PREFIX_PATH=/opt/ros/humble /usr/local/bin/cmake --build /workspace/towen/build/cv_bridge -- -j6 -l6
[25.439s] Invoking command in '/workspace/towen/build/cv_bridge': BYOBU_DATE=%Y-%m-%d CMAKE_PREFIX_PATH=/opt/ros/humble /usr/local/bin/cmake --install /workspace/towen/build/cv_bridge
[25.994s] -- Install configuration: "Release"
[25.999s] -- Execute custom install script
[26.013s] -- Up-to-date symlink: /workspace/towen/install/cv_bridge/share/cv_bridge/environment/pythonpath.sh
[26.013s] -- Up-to-date symlink: /workspace/towen/install/cv_bridge/share/cv_bridge/environment/pythonpath.dsv
[26.013s] -- Up-to-date symlink: /workspace/towen/install/cv_bridge/local/lib/python3.10/dist-packages/cv_bridge-3.2.1-py3.10.egg-info/PKG-INFO
[26.014s] -- Up-to-date symlink: /workspace/towen/install/cv_bridge/local/lib/python3.10/dist-packages/cv_bridge-3.2.1-py3.10.egg-info/SOURCES.txt
[26.016s] -- Up-to-date symlink: /workspace/towen/install/cv_bridge/local/lib/python3.10/dist-packages/cv_bridge-3.2.1-py3.10.egg-info/dependency_links.txt
[26.016s] -- Up-to-date symlink: /workspace/towen/install/cv_bridge/local/lib/python3.10/dist-packages/cv_bridge-3.2.1-py3.10.egg-info/top_level.txt
[26.017s] -- Up-to-date symlink: /workspace/towen/install/cv_bridge/local/lib/python3.10/dist-packages/cv_bridge/__init__.py
[26.017s] -- Up-to-date symlink: /workspace/towen/install/cv_bridge/local/lib/python3.10/dist-packages/cv_bridge/core.py
[26.017s] -- Up-to-date symlink: /workspace/towen/install/cv_bridge/include/cv_bridge/cv_bridge/cv_bridge_export.h
[26.069s] -- Up-to-date symlink: /workspace/towen/install/cv_bridge/local/lib/python3.10/dist-packages/cv_bridge/boost//cv_bridge_boost.so
[26.099s] -- Up-to-date symlink: /workspace/towen/install/cv_bridge/include/cv_bridge/cv_bridge/cv_bridge.h
[26.114s] -- Up-to-date symlink: /workspace/towen/install/cv_bridge/include/cv_bridge/cv_bridge/rgb_colors.h
[26.144s] -- Up-to-date symlink: /workspace/towen/install/cv_bridge/lib/libcv_bridge.so
[26.145s] -- Up-to-date symlink: /workspace/towen/install/cv_bridge/share/ament_index/resource_index/package_run_dependencies/cv_bridge
[26.146s] -- Up-to-date symlink: /workspace/towen/install/cv_bridge/share/ament_index/resource_index/parent_prefix_path/cv_bridge
[26.147s] -- Up-to-date symlink: /workspace/towen/install/cv_bridge/share/cv_bridge/environment/ament_prefix_path.sh
[26.147s] -- Up-to-date symlink: /workspace/towen/install/cv_bridge/share/cv_bridge/environment/ament_prefix_path.dsv
[26.147s] -- Up-to-date symlink: /workspace/towen/install/cv_bridge/share/cv_bridge/environment/path.sh
[26.147s] -- Up-to-date symlink: /workspace/towen/install/cv_bridge/share/cv_bridge/environment/path.dsv
[26.147s] -- Up-to-date symlink: /workspace/towen/install/cv_bridge/share/cv_bridge/local_setup.bash
[26.148s] -- Up-to-date symlink: /workspace/towen/install/cv_bridge/share/cv_bridge/local_setup.sh
[26.148s] -- Up-to-date symlink: /workspace/towen/install/cv_bridge/share/cv_bridge/local_setup.zsh
[26.148s] -- Up-to-date symlink: /workspace/towen/install/cv_bridge/share/cv_bridge/local_setup.dsv
[26.148s] -- Symlinking: /workspace/towen/install/cv_bridge/share/cv_bridge/package.dsv
[26.178s] -- Up-to-date symlink: /workspace/towen/install/cv_bridge/share/ament_index/resource_index/packages/cv_bridge
[26.178s] -- Up-to-date symlink: /workspace/towen/install/cv_bridge/share/cv_bridge/cmake/cv_bridge-extras.cmake
[26.178s] -- Up-to-date symlink: /workspace/towen/install/cv_bridge/share/cv_bridge/cmake/ament_cmake_export_dependencies-extras.cmake
[26.178s] -- Up-to-date symlink: /workspace/towen/install/cv_bridge/share/cv_bridge/cmake/ament_cmake_export_targets-extras.cmake
[26.179s] -- Up-to-date symlink: /workspace/towen/install/cv_bridge/share/cv_bridge/cmake/cv_bridgeConfig.cmake
[26.179s] -- Up-to-date symlink: /workspace/towen/install/cv_bridge/share/cv_bridge/cmake/cv_bridgeConfig-version.cmake
[26.190s] -- Up-to-date symlink: /workspace/towen/install/cv_bridge/share/cv_bridge/package.xml
[26.554s] Listing '/workspace/towen/install/cv_bridge/local/lib/python3.10/dist-packages/cv_bridge'...
[26.555s] Listing '/workspace/towen/install/cv_bridge/local/lib/python3.10/dist-packages/cv_bridge/boost'...
[26.647s] -- Up-to-date: /workspace/towen/install/cv_bridge/share/cv_bridge/cmake/export_cv_bridgeExport.cmake
[26.647s] -- Installing: /workspace/towen/install/cv_bridge/share/cv_bridge/cmake/export_cv_bridgeExport-release.cmake
[27.006s] Invoked command in '/workspace/towen/build/cv_bridge' returned '0': BYOBU_DATE=%Y-%m-%d CMAKE_PREFIX_PATH=/opt/ros/humble /usr/local/bin/cmake --install /workspace/towen/build/cv_bridge
