[3.589s] Invoking command in '/workspace/towen/src/imageprocess': BYOBU_DATE=%Y-%m-%d PYTHONPATH=/workspace/towen/build/imageprocess/prefix_override:/usr/lib/python3/dist-packages/colcon_core/task/python/colcon_distutils_commands:/workspace/towen/install/imageprocess/lib/python3.10/site-packages:${PYTHONPATH} /usr/bin/python3 -W ignore:setup.py install is deprecated setup.py egg_info --egg-base ../../build/imageprocess build --build-base /workspace/towen/build/imageprocess/build install --record /workspace/towen/build/imageprocess/install.log --single-version-externally-managed install_data
[5.031s] running egg_info
[5.099s] writing ../../build/imageprocess/imageprocess.egg-info/PKG-INFO
[5.099s] writing dependency_links to ../../build/imageprocess/imageprocess.egg-info/dependency_links.txt
[5.100s] writing entry points to ../../build/imageprocess/imageprocess.egg-info/entry_points.txt
[5.101s] writing requirements to ../../build/imageprocess/imageprocess.egg-info/requires.txt
[5.102s] writing top-level names to ../../build/imageprocess/imageprocess.egg-info/top_level.txt
[5.313s] reading manifest file '../../build/imageprocess/imageprocess.egg-info/SOURCES.txt'
[5.321s] adding license file 'LICENSE'
[5.326s] writing manifest file '../../build/imageprocess/imageprocess.egg-info/SOURCES.txt'
[5.329s] running build
[5.329s] running build_py
[5.335s] copying imageprocess/modelparameter.py -> /workspace/towen/build/imageprocess/build/lib/imageprocess
[5.336s] copying imageprocess/image_0417.py -> /workspace/towen/build/imageprocess/build/lib/imageprocess
[5.338s] copying imageprocess/dataunit.py -> /workspace/towen/build/imageprocess/build/lib/imageprocess
[5.346s] copying imageprocess/123123.py -> /workspace/towen/build/imageprocess/build/lib/imageprocess
[5.346s] copying imageprocess/image_test.py -> /workspace/towen/build/imageprocess/build/lib/imageprocess
[5.354s] copying imageprocess/image.py -> /workspace/towen/build/imageprocess/build/lib/imageprocess
[5.354s] copying imageprocess/__init__.py -> /workspace/towen/build/imageprocess/build/lib/imageprocess
[5.368s] copying imageprocess/imageprocess.py -> /workspace/towen/build/imageprocess/build/lib/imageprocess
[5.369s] copying imageprocess/camera_segment_headless.py -> /workspace/towen/build/imageprocess/build/lib/imageprocess
[5.369s] running install
[5.380s] running install_lib
[5.498s] running install_data
[5.500s] copying resource/imageprocess -> /workspace/towen/install/imageprocess/share/ament_index/resource_index/packages
[5.507s] copying package.xml -> /workspace/towen/install/imageprocess/share/imageprocess
[5.508s] running install_egg_info
[5.561s] removing '/workspace/towen/install/imageprocess/lib/python3.10/site-packages/imageprocess-0.0.0-py3.10.egg-info' (and everything under it)
[5.566s] Copying ../../build/imageprocess/imageprocess.egg-info to /workspace/towen/install/imageprocess/lib/python3.10/site-packages/imageprocess-0.0.0-py3.10.egg-info
[5.568s] running install_scripts
[5.691s] Installing image script to /workspace/towen/install/imageprocess/lib/imageprocess
[5.691s] Installing image_test script to /workspace/towen/install/imageprocess/lib/imageprocess
[5.691s] Installing imageprocess script to /workspace/towen/install/imageprocess/lib/imageprocess
[5.692s] writing list of installed files to '/workspace/towen/build/imageprocess/install.log'
[5.818s] Invoked command in '/workspace/towen/src/imageprocess' returned '0': BYOBU_DATE=%Y-%m-%d PYTHONPATH=/workspace/towen/build/imageprocess/prefix_override:/usr/lib/python3/dist-packages/colcon_core/task/python/colcon_distutils_commands:/workspace/towen/install/imageprocess/lib/python3.10/site-packages:${PYTHONPATH} /usr/bin/python3 -W ignore:setup.py install is deprecated setup.py egg_info --egg-base ../../build/imageprocess build --build-base /workspace/towen/build/imageprocess/build install --record /workspace/towen/build/imageprocess/install.log --single-version-externally-managed install_data
