[  4%] [32mBuilding C object CMakeFiles/rosidl_runtime_c.dir/src/message_type_support.c.o[0m
[  8%] [32mBuilding CXX object gtest/CMakeFiles/gtest.dir/src/gtest-all.cc.o[0m
[ 12%] [32mBuilding C object CMakeFiles/rosidl_runtime_c.dir/src/primitives_sequence_functions.c.o[0m
[ 16%] [32mBuilding C object CMakeFiles/rosidl_runtime_c.dir/src/service_type_support.c.o[0m
[ 20%] [32mBuilding C object CMakeFiles/rosidl_runtime_c.dir/src/sequence_bound.c.o[0m
[ 24%] [32mBuilding CXX object gtest/CMakeFiles/gtest_main.dir/src/gtest_main.cc.o[0m
[ 28%] [32mBuilding C object CMakeFiles/rosidl_runtime_c.dir/src/string_functions.c.o[0m
[ 32%] [32mBuilding C object CMakeFiles/rosidl_runtime_c.dir/src/u16string_functions.c.o[0m
[ 36%] [32m[1mLinking C shared library librosidl_runtime_c.so[0m
[ 36%] Built target rosidl_runtime_c
[ 40%] [32mBuilding CXX object CMakeFiles/benchmark_string_conversion.dir/test/benchmark/benchmark_string_conversion.cpp.o[0m
[ 44%] [32m[1mLinking CXX static library libgtest_main.a[0m
[ 44%] Built target gtest_main
[ 48%] [32m[1mLinking CXX executable benchmark_string_conversion[0m
[ 48%] Built target benchmark_string_conversion
[ 52%] [32m[1mLinking CXX static library libgtest.a[0m
[ 52%] Built target gtest
[ 56%] [32mBuilding CXX object CMakeFiles/test_message_type_support.dir/test/test_message_type_support.cpp.o[0m
[ 60%] [32mBuilding CXX object CMakeFiles/test_string_functions.dir/test/test_string_functions.cpp.o[0m
[ 64%] [32mBuilding CXX object CMakeFiles/test_service_type_support.dir/test/test_service_type_support.cpp.o[0m
[ 68%] [32mBuilding CXX object CMakeFiles/test_sequence_bound.dir/test/test_sequence_bound.cpp.o[0m
[ 76%] [32mBuilding CXX object CMakeFiles/test_u16string_functions.dir/test/test_u16string_functions.cpp.o[0m
[ 76%] [32mBuilding CXX object CMakeFiles/test_primitives_sequence_functions.dir/test/test_primitives_sequence_functions.cpp.o[0m
[ 80%] [32m[1mLinking CXX executable test_message_type_support[0m
[ 84%] [32m[1mLinking CXX executable test_service_type_support[0m
[ 88%] [32m[1mLinking CXX executable test_sequence_bound[0m
[ 88%] Built target test_message_type_support
[ 88%] Built target test_service_type_support
[ 88%] Built target test_sequence_bound
[ 92%] [32m[1mLinking CXX executable test_string_functions[0m
[ 96%] [32m[1mLinking CXX executable test_u16string_functions[0m
[ 96%] Built target test_string_functions
[ 96%] Built target test_u16string_functions
[100%] [32m[1mLinking CXX executable test_primitives_sequence_functions[0m
[100%] Built target test_primitives_sequence_functions
