[0.099s] Invoking command in '/workspace/towen/build/rosidl_runtime_c': AMENT_PREFIX_PATH=/workspace/towen/install/rosidl_typesupport_interface:${AMENT_PREFIX_PATH} BYOBU_DATE=%Y-%m-%d CMAKE_PREFIX_PATH=/workspace/towen/install/rosidl_typesupport_interface:/workspace/towen/install/image_geometry:/workspace/towen/install/web_video_server:/workspace/towen/install/cv_bridge:/opt/ros/humble/install:/workspace/towen/install/strategy:/workspace/towen/install/motionpackage:/workspace/towen/install/imageprocess:/opt/ros/humble /usr/local/bin/cmake --build /workspace/towen/build/rosidl_runtime_c -- -j6 -l6
[0.551s] [  4%] [32mBuilding C object CMakeFiles/rosidl_runtime_c.dir/src/message_type_support.c.o[0m
[0.568s] [  8%] [32mBuilding CXX object gtest/CMakeFiles/gtest.dir/src/gtest-all.cc.o[0m
[0.570s] [ 12%] [32mBuilding C object CMakeFiles/rosidl_runtime_c.dir/src/primitives_sequence_functions.c.o[0m
[0.584s] [ 16%] [32mBuilding C object CMakeFiles/rosidl_runtime_c.dir/src/service_type_support.c.o[0m
[0.612s] [ 20%] [32mBuilding C object CMakeFiles/rosidl_runtime_c.dir/src/sequence_bound.c.o[0m
[0.615s] [ 24%] [32mBuilding CXX object gtest/CMakeFiles/gtest_main.dir/src/gtest_main.cc.o[0m
[0.722s] [ 28%] [32mBuilding C object CMakeFiles/rosidl_runtime_c.dir/src/string_functions.c.o[0m
[0.746s] [ 32%] [32mBuilding C object CMakeFiles/rosidl_runtime_c.dir/src/u16string_functions.c.o[0m
[1.300s] [ 36%] [32m[1mLinking C shared library librosidl_runtime_c.so[0m
[1.482s] [ 36%] Built target rosidl_runtime_c
[1.609s] [ 40%] [32mBuilding CXX object CMakeFiles/benchmark_string_conversion.dir/test/benchmark/benchmark_string_conversion.cpp.o[0m
[4.916s] [ 44%] [32m[1mLinking CXX static library libgtest_main.a[0m
[5.075s] [ 44%] Built target gtest_main
[5.363s] [ 48%] [32m[1mLinking CXX executable benchmark_string_conversion[0m
[5.803s] [ 48%] Built target benchmark_string_conversion
[16.589s] [ 52%] [32m[1mLinking CXX static library libgtest.a[0m
[16.713s] [ 52%] Built target gtest
[16.746s] [ 56%] [32mBuilding CXX object CMakeFiles/test_message_type_support.dir/test/test_message_type_support.cpp.o[0m
[16.759s] [ 60%] [32mBuilding CXX object CMakeFiles/test_string_functions.dir/test/test_string_functions.cpp.o[0m
[16.767s] [ 64%] [32mBuilding CXX object CMakeFiles/test_service_type_support.dir/test/test_service_type_support.cpp.o[0m
[16.772s] [ 68%] [32mBuilding CXX object CMakeFiles/test_sequence_bound.dir/test/test_sequence_bound.cpp.o[0m
[16.780s] [ 76%] [32mBuilding CXX object CMakeFiles/test_u16string_functions.dir/test/test_u16string_functions.cpp.o[0m
[16.780s] [ 76%] [32mBuilding CXX object CMakeFiles/test_primitives_sequence_functions.dir/test/test_primitives_sequence_functions.cpp.o[0m
[20.113s] [ 80%] [32m[1mLinking CXX executable test_message_type_support[0m
[20.183s] [ 84%] [32m[1mLinking CXX executable test_service_type_support[0m
[20.240s] [ 88%] [32m[1mLinking CXX executable test_sequence_bound[0m
[20.468s] [ 88%] Built target test_message_type_support
[20.563s] [ 88%] Built target test_service_type_support
[20.640s] [ 88%] Built target test_sequence_bound
[21.178s] [ 92%] [32m[1mLinking CXX executable test_string_functions[0m
[21.358s] [ 96%] [32m[1mLinking CXX executable test_u16string_functions[0m
[21.494s] [ 96%] Built target test_string_functions
[21.678s] [ 96%] Built target test_u16string_functions
[23.153s] [100%] [32m[1mLinking CXX executable test_primitives_sequence_functions[0m
[23.482s] [100%] Built target test_primitives_sequence_functions
