[3.486s] Invoking command in '/home/iclab/Desktop/humanoid/src/wula': BYOBU_DATE=%Y-%m-%d PYTHONPATH=/home/iclab/Desktop/humanoid/build/wula/prefix_override:/usr/lib/python3/dist-packages/colcon_core/task/python/colcon_distutils_commands:/home/iclab/Desktop/humanoid/install/wula/lib/python3.10/site-packages:${PYTHONPATH} /usr/bin/python3 -W ignore:setup.py install is deprecated -W ignore:easy_install command is deprecated setup.py egg_info --egg-base ../../build/wula build --build-base /home/iclab/Desktop/humanoid/build/wula/build install --record /home/iclab/Desktop/humanoid/build/wula/install.log --single-version-externally-managed install_data
[4.148s] running egg_info
[4.150s] writing ../../build/wula/wula.egg-info/PKG-INFO
[4.150s] writing dependency_links to ../../build/wula/wula.egg-info/dependency_links.txt
[4.151s] writing entry points to ../../build/wula/wula.egg-info/entry_points.txt
[4.151s] writing requirements to ../../build/wula/wula.egg-info/requires.txt
[4.152s] writing top-level names to ../../build/wula/wula.egg-info/top_level.txt
[4.157s] reading manifest file '../../build/wula/wula.egg-info/SOURCES.txt'
[4.160s] writing manifest file '../../build/wula/wula.egg-info/SOURCES.txt'
[4.160s] running build
[4.160s] running build_py
[4.163s] running install
[4.165s] running install_lib
[4.171s] running install_data
[4.172s] running install_egg_info
[4.177s] removing '/home/iclab/Desktop/humanoid/install/wula/lib/python3.10/site-packages/wula-0.1.0-py3.10.egg-info' (and everything under it)
[4.177s] Copying ../../build/wula/wula.egg-info to /home/iclab/Desktop/humanoid/install/wula/lib/python3.10/site-packages/wula-0.1.0-py3.10.egg-info
[4.179s] running install_scripts
[4.232s] Installing mar script to /home/iclab/Desktop/humanoid/install/wula/lib/wula
[4.233s] Installing sp_boson script to /home/iclab/Desktop/humanoid/install/wula/lib/wula
[4.236s] writing list of installed files to '/home/iclab/Desktop/humanoid/build/wula/install.log'
[4.340s] Invoked command in '/home/iclab/Desktop/humanoid/src/wula' returned '0': BYOBU_DATE=%Y-%m-%d PYTHONPATH=/home/iclab/Desktop/humanoid/build/wula/prefix_override:/usr/lib/python3/dist-packages/colcon_core/task/python/colcon_distutils_commands:/home/iclab/Desktop/humanoid/install/wula/lib/python3.10/site-packages:${PYTHONPATH} /usr/bin/python3 -W ignore:setup.py install is deprecated -W ignore:easy_install command is deprecated setup.py egg_info --egg-base ../../build/wula build --build-base /home/iclab/Desktop/humanoid/build/wula/build install --record /home/iclab/Desktop/humanoid/build/wula/install.log --single-version-externally-managed install_data
