[2.730s] Invoking command in '/workspace/towen/src/motionpackage': BYOBU_DATE=%Y-%m-%d PYTHONPATH=/workspace/towen/build/motionpackage/prefix_override:/usr/lib/python3/dist-packages/colcon_core/task/python/colcon_distutils_commands:/workspace/towen/install/motionpackage/lib/python3.10/site-packages:${PYTHONPATH} /usr/bin/python3 -W ignore:setup.py install is deprecated setup.py egg_info --egg-base ../../build/motionpackage build --build-base /workspace/towen/build/motionpackage/build install --record /workspace/towen/build/motionpackage/install.log --single-version-externally-managed install_data
[3.435s] running egg_info
[3.484s] writing ../../build/motionpackage/motionpackage.egg-info/PKG-INFO
[3.484s] writing dependency_links to ../../build/motionpackage/motionpackage.egg-info/dependency_links.txt
[3.485s] writing entry points to ../../build/motionpackage/motionpackage.egg-info/entry_points.txt
[3.485s] writing requirements to ../../build/motionpackage/motionpackage.egg-info/requires.txt
[3.485s] writing top-level names to ../../build/motionpackage/motionpackage.egg-info/top_level.txt
[3.561s] reading manifest file '../../build/motionpackage/motionpackage.egg-info/SOURCES.txt'
[3.562s] adding license file 'LICENSE'
[3.564s] writing manifest file '../../build/motionpackage/motionpackage.egg-info/SOURCES.txt'
[3.565s] running build
[3.565s] running build_py
[3.566s] copying motionpackage/opencr_imu.py -> /workspace/towen/build/motionpackage/build/lib/motionpackage
[3.567s] copying motionpackage/test.py -> /workspace/towen/build/motionpackage/build/lib/motionpackage
[3.568s] copying motionpackage/__init__.py -> /workspace/towen/build/motionpackage/build/lib/motionpackage
[3.568s] copying motionpackage/import struct.py -> /workspace/towen/build/motionpackage/build/lib/motionpackage
[3.568s] copying motionpackage/walking.py -> /workspace/towen/build/motionpackage/build/lib/motionpackage
[3.569s] copying motionpackage/motionpackage.py -> /workspace/towen/build/motionpackage/build/lib/motionpackage
[3.570s] running install
[3.581s] running install_lib
[3.619s] running install_data
[3.621s] copying resource/motionpackage -> /workspace/towen/install/motionpackage/share/ament_index/resource_index/packages
[3.622s] copying package.xml -> /workspace/towen/install/motionpackage/share/motionpackage
[3.622s] running install_egg_info
[3.683s] removing '/workspace/towen/install/motionpackage/lib/python3.10/site-packages/motionpackage-0.0.0-py3.10.egg-info' (and everything under it)
[3.684s] Copying ../../build/motionpackage/motionpackage.egg-info to /workspace/towen/install/motionpackage/lib/python3.10/site-packages/motionpackage-0.0.0-py3.10.egg-info
[3.688s] running install_scripts
[4.035s] Installing motionpackage script to /workspace/towen/install/motionpackage/lib/motionpackage
[4.037s] writing list of installed files to '/workspace/towen/build/motionpackage/install.log'
[4.168s] Invoked command in '/workspace/towen/src/motionpackage' returned '0': BYOBU_DATE=%Y-%m-%d PYTHONPATH=/workspace/towen/build/motionpackage/prefix_override:/usr/lib/python3/dist-packages/colcon_core/task/python/colcon_distutils_commands:/workspace/towen/install/motionpackage/lib/python3.10/site-packages:${PYTHONPATH} /usr/bin/python3 -W ignore:setup.py install is deprecated setup.py egg_info --egg-base ../../build/motionpackage build --build-base /workspace/towen/build/motionpackage/build install --record /workspace/towen/build/motionpackage/install.log --single-version-externally-managed install_data
