[3.148s] Invoking command in '/workspace/towen/src/strategy': BYOBU_DATE=%Y-%m-%d PYTHONPATH=/workspace/towen/build/strategy/prefix_override:/usr/lib/python3/dist-packages/colcon_core/task/python/colcon_distutils_commands:/workspace/towen/install/strategy/lib/python3.10/site-packages:${PYTHONPATH} /usr/bin/python3 -W ignore:setup.py install is deprecated setup.py egg_info --egg-base ../../build/strategy build --build-base /workspace/towen/build/strategy/build install --record /workspace/towen/build/strategy/install.log --single-version-externally-managed install_data
[3.968s] running egg_info
[4.008s] writing ../../build/strategy/strategy.egg-info/PKG-INFO
[4.010s] writing dependency_links to ../../build/strategy/strategy.egg-info/dependency_links.txt
[4.011s] writing entry points to ../../build/strategy/strategy.egg-info/entry_points.txt
[4.011s] writing requirements to ../../build/strategy/strategy.egg-info/requires.txt
[4.012s] writing top-level names to ../../build/strategy/strategy.egg-info/top_level.txt
[4.111s] reading manifest file '../../build/strategy/strategy.egg-info/SOURCES.txt'
[4.112s] adding license file 'LICENSE'
[4.116s] writing manifest file '../../build/strategy/strategy.egg-info/SOURCES.txt'
[4.119s] running build
[4.123s] running build_py
[4.132s] copying strategy/__init__.py -> /workspace/towen/build/strategy/build/lib/strategy
[4.135s] copying strategy/API.py -> /workspace/towen/build/strategy/build/lib/strategy
[4.139s] copying strategy/mar/__init__.py -> /workspace/towen/build/strategy/build/lib/strategy/mar
[4.140s] copying strategy/mar/mar.py -> /workspace/towen/build/strategy/build/lib/strategy/mar
[4.141s] copying strategy/wl/wl.py -> /workspace/towen/build/strategy/build/lib/strategy/wl
[4.143s] copying strategy/wl/__init__.py -> /workspace/towen/build/strategy/build/lib/strategy/wl
[4.144s] copying strategy/sp/sp.py -> /workspace/towen/build/strategy/build/lib/strategy/sp
[4.144s] copying strategy/sp/__init__.py -> /workspace/towen/build/strategy/build/lib/strategy/sp
[4.145s] copying strategy/obs/__init__.py -> /workspace/towen/build/strategy/build/lib/strategy/obs
[4.146s] copying strategy/obs/obs.py -> /workspace/towen/build/strategy/build/lib/strategy/obs
[4.147s] copying strategy/sr/__init__.py -> /workspace/towen/build/strategy/build/lib/strategy/sr
[4.149s] copying strategy/sr/sr.py -> /workspace/towen/build/strategy/build/lib/strategy/sr
[4.151s] copying strategy/bb/__init__.py -> /workspace/towen/build/strategy/build/lib/strategy/bb
[4.153s] copying strategy/bb/bb.py -> /workspace/towen/build/strategy/build/lib/strategy/bb
[4.154s] copying strategy/ar/__init__.py -> /workspace/towen/build/strategy/build/lib/strategy/ar
[4.155s] copying strategy/ar/ar.py -> /workspace/towen/build/strategy/build/lib/strategy/ar
[4.156s] running install
[4.167s] running install_lib
[4.232s] running install_data
[4.236s] copying resource/strategy -> /workspace/towen/install/strategy/share/ament_index/resource_index/packages
[4.237s] copying package.xml -> /workspace/towen/install/strategy/share/strategy
[4.238s] running install_egg_info
[4.289s] removing '/workspace/towen/install/strategy/lib/python3.10/site-packages/strategy-0.0.0-py3.10.egg-info' (and everything under it)
[4.289s] Copying ../../build/strategy/strategy.egg-info to /workspace/towen/install/strategy/lib/python3.10/site-packages/strategy-0.0.0-py3.10.egg-info
[4.289s] running install_scripts
[4.762s] Installing ar script to /workspace/towen/install/strategy/lib/strategy
[4.763s] Installing bb script to /workspace/towen/install/strategy/lib/strategy
[4.765s] Installing mar script to /workspace/towen/install/strategy/lib/strategy
[4.766s] Installing obs script to /workspace/towen/install/strategy/lib/strategy
[4.768s] Installing sp script to /workspace/towen/install/strategy/lib/strategy
[4.769s] Installing sr script to /workspace/towen/install/strategy/lib/strategy
[4.770s] Installing wl script to /workspace/towen/install/strategy/lib/strategy
[4.771s] writing list of installed files to '/workspace/towen/build/strategy/install.log'
[4.864s] Invoked command in '/workspace/towen/src/strategy' returned '0': BYOBU_DATE=%Y-%m-%d PYTHONPATH=/workspace/towen/build/strategy/prefix_override:/usr/lib/python3/dist-packages/colcon_core/task/python/colcon_distutils_commands:/workspace/towen/install/strategy/lib/python3.10/site-packages:${PYTHONPATH} /usr/bin/python3 -W ignore:setup.py install is deprecated setup.py egg_info --egg-base ../../build/strategy build --build-base /workspace/towen/build/strategy/build install --record /workspace/towen/build/strategy/install.log --single-version-externally-managed install_data
