[0.050s] Invoking command in '/workspace/towen/build/web_video_server': AMENT_PREFIX_PATH=/workspace/towen/install/cv_bridge:${AMENT_PREFIX_PATH} BYOBU_DATE=%Y-%m-%d CMAKE_PREFIX_PATH=/workspace/towen/install/cv_bridge:/opt/ros/humble LD_LIBRARY_PATH=/workspace/towen/install/cv_bridge/lib:/opt/ros/humble/opt/rviz_ogre_vendor/lib:/opt/ros/humble/lib/aarch64-linux-gnu:/opt/ros/humble/lib:/usr/local/cuda/compat:/usr/local/cuda/lib64 PYTHONPATH=/workspace/towen/install/cv_bridge/local/lib/python3.10/dist-packages:${PYTHONPATH} /usr/local/bin/cmake --build /workspace/towen/build/web_video_server -- -j6 -l6
[0.457s] [100%] Built target web_video_server
[0.551s] Invoked command in '/workspace/towen/build/web_video_server' returned '0': AMENT_PREFIX_PATH=/workspace/towen/install/cv_bridge:${AMENT_PREFIX_PATH} BYOBU_DATE=%Y-%m-%d CMAKE_PREFIX_PATH=/workspace/towen/install/cv_bridge:/opt/ros/humble LD_LIBRARY_PATH=/workspace/towen/install/cv_bridge/lib:/opt/ros/humble/opt/rviz_ogre_vendor/lib:/opt/ros/humble/lib/aarch64-linux-gnu:/opt/ros/humble/lib:/usr/local/cuda/compat:/usr/local/cuda/lib64 PYTHONPATH=/workspace/towen/install/cv_bridge/local/lib/python3.10/dist-packages:${PYTHONPATH} /usr/local/bin/cmake --build /workspace/towen/build/web_video_server -- -j6 -l6
[0.919s] Invoking command in '/workspace/towen/build/web_video_server': AMENT_PREFIX_PATH=/workspace/towen/install/cv_bridge:${AMENT_PREFIX_PATH} BYOBU_DATE=%Y-%m-%d CMAKE_PREFIX_PATH=/workspace/towen/install/cv_bridge:/opt/ros/humble LD_LIBRARY_PATH=/workspace/towen/install/cv_bridge/lib:/opt/ros/humble/opt/rviz_ogre_vendor/lib:/opt/ros/humble/lib/aarch64-linux-gnu:/opt/ros/humble/lib:/usr/local/cuda/compat:/usr/local/cuda/lib64 PYTHONPATH=/workspace/towen/install/cv_bridge/local/lib/python3.10/dist-packages:${PYTHONPATH} /usr/local/bin/cmake --install /workspace/towen/build/web_video_server
[1.123s] -- Install configuration: ""
[1.130s] -- Installing: /workspace/towen/install/web_video_server/lib/web_video_server/web_video_server
[1.169s] -- Set non-toolchain portion of runtime path of "/workspace/towen/install/web_video_server/lib/web_video_server/web_video_server" to ""
[1.169s] -- Up-to-date: /workspace/towen/install/web_video_server/include/web_video_server
[1.169s] -- Up-to-date: /workspace/towen/install/web_video_server/include/web_video_server/vp8_streamer.h
[1.170s] -- Up-to-date: /workspace/towen/install/web_video_server/include/web_video_server/vp9_streamer.h
[1.170s] -- Up-to-date: /workspace/towen/install/web_video_server/include/web_video_server/h264_streamer.h
[1.170s] -- Up-to-date: /workspace/towen/install/web_video_server/include/web_video_server/png_streamers.h
[1.170s] -- Up-to-date: /workspace/towen/install/web_video_server/include/web_video_server/libav_streamer.h
[1.171s] -- Up-to-date: /workspace/towen/install/web_video_server/include/web_video_server/jpeg_streamers.h
[1.171s] -- Up-to-date: /workspace/towen/install/web_video_server/include/web_video_server/web_video_server.h
[1.171s] -- Up-to-date: /workspace/towen/install/web_video_server/include/web_video_server/image_streamer.h
[1.171s] -- Up-to-date: /workspace/towen/install/web_video_server/include/web_video_server/ros_compressed_streamer.h
[1.171s] -- Up-to-date: /workspace/towen/install/web_video_server/include/web_video_server/multipart_stream.h
[1.172s] -- Up-to-date: /workspace/towen/install/web_video_server/share/ament_index/resource_index/package_run_dependencies/web_video_server
[1.172s] -- Up-to-date: /workspace/towen/install/web_video_server/share/ament_index/resource_index/parent_prefix_path/web_video_server
[1.172s] -- Up-to-date: /workspace/towen/install/web_video_server/share/web_video_server/environment/ament_prefix_path.sh
[1.172s] -- Up-to-date: /workspace/towen/install/web_video_server/share/web_video_server/environment/ament_prefix_path.dsv
[1.172s] -- Up-to-date: /workspace/towen/install/web_video_server/share/web_video_server/environment/path.sh
[1.172s] -- Up-to-date: /workspace/towen/install/web_video_server/share/web_video_server/environment/path.dsv
[1.172s] -- Up-to-date: /workspace/towen/install/web_video_server/share/web_video_server/local_setup.bash
[1.173s] -- Up-to-date: /workspace/towen/install/web_video_server/share/web_video_server/local_setup.sh
[1.173s] -- Up-to-date: /workspace/towen/install/web_video_server/share/web_video_server/local_setup.zsh
[1.173s] -- Up-to-date: /workspace/towen/install/web_video_server/share/web_video_server/local_setup.dsv
[1.173s] -- Installing: /workspace/towen/install/web_video_server/share/web_video_server/package.dsv
[1.173s] -- Up-to-date: /workspace/towen/install/web_video_server/share/ament_index/resource_index/packages/web_video_server
[1.173s] -- Up-to-date: /workspace/towen/install/web_video_server/share/web_video_server/cmake/web_video_serverConfig.cmake
[1.173s] -- Up-to-date: /workspace/towen/install/web_video_server/share/web_video_server/cmake/web_video_serverConfig-version.cmake
[1.173s] -- Up-to-date: /workspace/towen/install/web_video_server/share/web_video_server/package.xml
[1.212s] Invoked command in '/workspace/towen/build/web_video_server' returned '0': AMENT_PREFIX_PATH=/workspace/towen/install/cv_bridge:${AMENT_PREFIX_PATH} BYOBU_DATE=%Y-%m-%d CMAKE_PREFIX_PATH=/workspace/towen/install/cv_bridge:/opt/ros/humble LD_LIBRARY_PATH=/workspace/towen/install/cv_bridge/lib:/opt/ros/humble/opt/rviz_ogre_vendor/lib:/opt/ros/humble/lib/aarch64-linux-gnu:/opt/ros/humble/lib:/usr/local/cuda/compat:/usr/local/cuda/lib64 PYTHONPATH=/workspace/towen/install/cv_bridge/local/lib/python3.10/dist-packages:${PYTHONPATH} /usr/local/bin/cmake --install /workspace/towen/build/web_video_server
