[6.377s] Invoking command in '/workspace/towen/src/strategy': BYOBU_DATE=%Y-%m-%d PYTHONPATH=/workspace/towen/build/strategy/prefix_override:/usr/lib/python3/dist-packages/colcon_core/task/python/colcon_distutils_commands:/workspace/towen/install/strategy/lib/python3.10/site-packages:${PYTHONPATH} /usr/bin/python3 -W ignore:setup.py install is deprecated setup.py egg_info --egg-base ../../build/strategy build --build-base /workspace/towen/build/strategy/build install --record /workspace/towen/build/strategy/install.log --single-version-externally-managed install_data
[7.260s] /home/work/.local/lib/python3.10/site-packages/setuptools/_distutils/dist.py:289: UserWarning: Unknown distribution option: 'tests_require'
[7.260s]   warnings.warn(msg)
[7.663s] running egg_info
[7.738s] writing ../../build/strategy/strategy.egg-info/PKG-INFO
[7.743s] writing dependency_links to ../../build/strategy/strategy.egg-info/dependency_links.txt
[7.746s] writing entry points to ../../build/strategy/strategy.egg-info/entry_points.txt
[7.749s] writing requirements to ../../build/strategy/strategy.egg-info/requires.txt
[7.756s] writing top-level names to ../../build/strategy/strategy.egg-info/top_level.txt
[8.077s] reading manifest file '../../build/strategy/strategy.egg-info/SOURCES.txt'
[8.078s] adding license file 'LICENSE'
[8.093s] writing manifest file '../../build/strategy/strategy.egg-info/SOURCES.txt'
[8.093s] running build
[8.093s] running build_py
[8.094s] copying strategy/__init__.py -> /workspace/towen/build/strategy/build/lib/strategy
[8.094s] copying strategy/API.py -> /workspace/towen/build/strategy/build/lib/strategy
[8.094s] copying strategy/mar/__init__.py -> /workspace/towen/build/strategy/build/lib/strategy/mar
[8.094s] copying strategy/mar/mar.py -> /workspace/towen/build/strategy/build/lib/strategy/mar
[8.094s] copying strategy/wl/wl.py -> /workspace/towen/build/strategy/build/lib/strategy/wl
[8.094s] copying strategy/wl/__init__.py -> /workspace/towen/build/strategy/build/lib/strategy/wl
[8.095s] copying strategy/sp/sp.py -> /workspace/towen/build/strategy/build/lib/strategy/sp
[8.095s] copying strategy/sp/__init__.py -> /workspace/towen/build/strategy/build/lib/strategy/sp
[8.095s] copying strategy/obs/__init__.py -> /workspace/towen/build/strategy/build/lib/strategy/obs
[8.095s] copying strategy/obs/obs.py -> /workspace/towen/build/strategy/build/lib/strategy/obs
[8.095s] copying strategy/sr/__init__.py -> /workspace/towen/build/strategy/build/lib/strategy/sr
[8.095s] copying strategy/sr/sr.py -> /workspace/towen/build/strategy/build/lib/strategy/sr
[8.095s] copying strategy/bb/__init__.py -> /workspace/towen/build/strategy/build/lib/strategy/bb
[8.096s] copying strategy/bb/bb.py -> /workspace/towen/build/strategy/build/lib/strategy/bb
[8.096s] copying strategy/ar/__init__.py -> /workspace/towen/build/strategy/build/lib/strategy/ar
[8.096s] copying strategy/ar/ar.py -> /workspace/towen/build/strategy/build/lib/strategy/ar
[8.096s] running install
[8.104s] running install_lib
[8.177s] running install_data
[8.178s] copying resource/strategy -> /workspace/towen/install/strategy/share/ament_index/resource_index/packages
[8.180s] copying package.xml -> /workspace/towen/install/strategy/share/strategy
[8.180s] running install_egg_info
[8.433s] removing '/workspace/towen/install/strategy/lib/python3.10/site-packages/strategy-0.0.0-py3.10.egg-info' (and everything under it)
[8.450s] Copying ../../build/strategy/strategy.egg-info to /workspace/towen/install/strategy/lib/python3.10/site-packages/strategy-0.0.0-py3.10.egg-info
[8.452s] running install_scripts
[8.875s] Installing ar script to /workspace/towen/install/strategy/lib/strategy
[8.876s] Installing bb script to /workspace/towen/install/strategy/lib/strategy
[8.877s] Installing mar script to /workspace/towen/install/strategy/lib/strategy
[8.880s] Installing obs script to /workspace/towen/install/strategy/lib/strategy
[8.880s] Installing sp script to /workspace/towen/install/strategy/lib/strategy
[8.880s] Installing sr script to /workspace/towen/install/strategy/lib/strategy
[8.881s] Installing wl script to /workspace/towen/install/strategy/lib/strategy
[8.884s] writing list of installed files to '/workspace/towen/build/strategy/install.log'
[8.972s] Invoked command in '/workspace/towen/src/strategy' returned '0': BYOBU_DATE=%Y-%m-%d PYTHONPATH=/workspace/towen/build/strategy/prefix_override:/usr/lib/python3/dist-packages/colcon_core/task/python/colcon_distutils_commands:/workspace/towen/install/strategy/lib/python3.10/site-packages:${PYTHONPATH} /usr/bin/python3 -W ignore:setup.py install is deprecated setup.py egg_info --egg-base ../../build/strategy build --build-base /workspace/towen/build/strategy/build install --record /workspace/towen/build/strategy/install.log --single-version-externally-managed install_data
