[3.294s] Invoking command in '/workspace/towen/src/rosidl/rosidl_cli': BYOBU_DATE=%Y-%m-%d PYTHONPATH=/workspace/towen/build/rosidl_cli/prefix_override:/usr/lib/python3/dist-packages/colcon_core/task/python/colcon_distutils_commands:/workspace/towen/install/rosidl_cli/lib/python3.10/site-packages:${PYTHONPATH} /usr/bin/python3 -W ignore:setup.py install is deprecated setup.py egg_info --egg-base ../../../build/rosidl_cli build --build-base /workspace/towen/build/rosidl_cli/build install --record /workspace/towen/build/rosidl_cli/install.log --single-version-externally-managed install_data
[4.209s] running egg_info
[4.240s] writing ../../../build/rosidl_cli/rosidl_cli.egg-info/PKG-INFO
[4.241s] writing dependency_links to ../../../build/rosidl_cli/rosidl_cli.egg-info/dependency_links.txt
[4.242s] writing entry points to ../../../build/rosidl_cli/rosidl_cli.egg-info/entry_points.txt
[4.243s] writing requirements to ../../../build/rosidl_cli/rosidl_cli.egg-info/requires.txt
[4.244s] writing top-level names to ../../../build/rosidl_cli/rosidl_cli.egg-info/top_level.txt
[4.343s] reading manifest file '../../../build/rosidl_cli/rosidl_cli.egg-info/SOURCES.txt'
[4.346s] writing manifest file '../../../build/rosidl_cli/rosidl_cli.egg-info/SOURCES.txt'
[4.347s] running build
[4.347s] running build_py
[4.353s] copying rosidl_cli/entry_points.py -> /workspace/towen/build/rosidl_cli/build/lib/rosidl_cli
[4.353s] copying rosidl_cli/extensions.py -> /workspace/towen/build/rosidl_cli/build/lib/rosidl_cli
[4.354s] copying rosidl_cli/__init__.py -> /workspace/towen/build/rosidl_cli/build/lib/rosidl_cli
[4.354s] copying rosidl_cli/cli.py -> /workspace/towen/build/rosidl_cli/build/lib/rosidl_cli
[4.354s] copying rosidl_cli/common.py -> /workspace/towen/build/rosidl_cli/build/lib/rosidl_cli
[4.355s] copying rosidl_cli/command/__init__.py -> /workspace/towen/build/rosidl_cli/build/lib/rosidl_cli/command
[4.355s] copying rosidl_cli/command/helpers.py -> /workspace/towen/build/rosidl_cli/build/lib/rosidl_cli/command
[4.355s] copying rosidl_cli/command/translate/extensions.py -> /workspace/towen/build/rosidl_cli/build/lib/rosidl_cli/command/translate
[4.355s] copying rosidl_cli/command/translate/__init__.py -> /workspace/towen/build/rosidl_cli/build/lib/rosidl_cli/command/translate
[4.355s] copying rosidl_cli/command/translate/api.py -> /workspace/towen/build/rosidl_cli/build/lib/rosidl_cli/command/translate
[4.355s] copying rosidl_cli/command/generate/extensions.py -> /workspace/towen/build/rosidl_cli/build/lib/rosidl_cli/command/generate
[4.356s] copying rosidl_cli/command/generate/__init__.py -> /workspace/towen/build/rosidl_cli/build/lib/rosidl_cli/command/generate
[4.356s] copying rosidl_cli/command/generate/api.py -> /workspace/towen/build/rosidl_cli/build/lib/rosidl_cli/command/generate
[4.356s] running install
[4.376s] running install_lib
[4.422s] running install_data
[4.422s] copying resource/rosidl_cli -> /workspace/towen/install/rosidl_cli/share/ament_index/resource_index/packages
[4.422s] copying package.xml -> /workspace/towen/install/rosidl_cli/share/rosidl_cli
[4.423s] copying completion/rosidl-argcomplete.bash -> /workspace/towen/install/rosidl_cli/share/rosidl_cli/environment
[4.427s] copying completion/rosidl-argcomplete.zsh -> /workspace/towen/install/rosidl_cli/share/rosidl_cli/environment
[4.427s] running install_egg_info
[4.480s] removing '/workspace/towen/install/rosidl_cli/lib/python3.10/site-packages/rosidl_cli-3.1.7-py3.10.egg-info' (and everything under it)
[4.480s] Copying ../../../build/rosidl_cli/rosidl_cli.egg-info to /workspace/towen/install/rosidl_cli/lib/python3.10/site-packages/rosidl_cli-3.1.7-py3.10.egg-info
[4.483s] running install_scripts
[4.906s] Installing rosidl script to /workspace/towen/install/rosidl_cli/bin
[4.908s] writing list of installed files to '/workspace/towen/build/rosidl_cli/install.log'
[5.638s] Invoked command in '/workspace/towen/src/rosidl/rosidl_cli' returned '0': BYOBU_DATE=%Y-%m-%d PYTHONPATH=/workspace/towen/build/rosidl_cli/prefix_override:/usr/lib/python3/dist-packages/colcon_core/task/python/colcon_distutils_commands:/workspace/towen/install/rosidl_cli/lib/python3.10/site-packages:${PYTHONPATH} /usr/bin/python3 -W ignore:setup.py install is deprecated setup.py egg_info --egg-base ../../../build/rosidl_cli build --build-base /workspace/towen/build/rosidl_cli/build install --record /workspace/towen/build/rosidl_cli/install.log --single-version-externally-managed install_data
