[2.949s] Invoking command in '/workspace/towen/src/imageprocess': BYOBU_DATE=%Y-%m-%d PYTHONPATH=/workspace/towen/build/imageprocess/prefix_override:/usr/lib/python3/dist-packages/colcon_core/task/python/colcon_distutils_commands:/workspace/towen/install/imageprocess/lib/python3.10/site-packages:${PYTHONPATH} /usr/bin/python3 -W ignore:setup.py install is deprecated setup.py egg_info --egg-base ../../build/imageprocess build --build-base /workspace/towen/build/imageprocess/build install --record /workspace/towen/build/imageprocess/install.log --single-version-externally-managed install_data
[4.158s] /home/work/.local/lib/python3.10/site-packages/setuptools/dist.py:759: SetuptoolsDeprecationWarning: License classifiers are deprecated.
[4.159s] !!
[4.159s] 
[4.159s]         ********************************************************************************
[4.159s]         Please consider removing the following classifiers in favor of a SPDX license expression:
[4.159s] 
[4.159s]         License :: OSI Approved :: Apache Software License
[4.159s] 
[4.160s]         See https://packaging.python.org/en/latest/guides/writing-pyproject-toml/#license for details.
[4.160s]         ********************************************************************************
[4.160s] 
[4.160s] !!
[4.160s]   self._finalize_license_expression()
[4.570s] running egg_info
[4.643s] writing ../../build/imageprocess/imageprocess.egg-info/PKG-INFO
[4.645s] writing dependency_links to ../../build/imageprocess/imageprocess.egg-info/dependency_links.txt
[4.646s] writing entry points to ../../build/imageprocess/imageprocess.egg-info/entry_points.txt
[4.647s] writing requirements to ../../build/imageprocess/imageprocess.egg-info/requires.txt
[4.647s] writing top-level names to ../../build/imageprocess/imageprocess.egg-info/top_level.txt
[4.814s] reading manifest file '../../build/imageprocess/imageprocess.egg-info/SOURCES.txt'
[4.819s] adding license file 'LICENSE'
[4.822s] writing manifest file '../../build/imageprocess/imageprocess.egg-info/SOURCES.txt'
[4.826s] running build
[4.827s] running build_py
[4.829s] copying imageprocess/modelparameter.py -> /workspace/towen/build/imageprocess/build/lib/imageprocess
[4.831s] copying imageprocess/image_0417.py -> /workspace/towen/build/imageprocess/build/lib/imageprocess
[4.832s] copying imageprocess/dataunit.py -> /workspace/towen/build/imageprocess/build/lib/imageprocess
[4.836s] copying imageprocess/123123.py -> /workspace/towen/build/imageprocess/build/lib/imageprocess
[4.838s] copying imageprocess/image_test.py -> /workspace/towen/build/imageprocess/build/lib/imageprocess
[4.839s] copying imageprocess/image.py -> /workspace/towen/build/imageprocess/build/lib/imageprocess
[4.846s] copying imageprocess/__init__.py -> /workspace/towen/build/imageprocess/build/lib/imageprocess
[4.846s] copying imageprocess/imageprocess.py -> /workspace/towen/build/imageprocess/build/lib/imageprocess
[4.846s] copying imageprocess/camera_segment_headless.py -> /workspace/towen/build/imageprocess/build/lib/imageprocess
[4.846s] running install
[4.874s] running install_lib
[4.987s] running install_data
[4.988s] copying resource/imageprocess -> /workspace/towen/install/imageprocess/share/ament_index/resource_index/packages
[4.989s] copying package.xml -> /workspace/towen/install/imageprocess/share/imageprocess
[4.989s] running install_egg_info
[5.049s] removing '/workspace/towen/install/imageprocess/lib/python3.10/site-packages/imageprocess-0.0.0-py3.10.egg-info' (and everything under it)
[5.050s] Copying ../../build/imageprocess/imageprocess.egg-info to /workspace/towen/install/imageprocess/lib/python3.10/site-packages/imageprocess-0.0.0-py3.10.egg-info
[5.057s] running install_scripts
[5.177s] Installing image script to /workspace/towen/install/imageprocess/lib/imageprocess
[5.178s] Installing image_test script to /workspace/towen/install/imageprocess/lib/imageprocess
[5.178s] Installing imageprocess script to /workspace/towen/install/imageprocess/lib/imageprocess
[5.178s] writing list of installed files to '/workspace/towen/build/imageprocess/install.log'
[5.354s] Invoked command in '/workspace/towen/src/imageprocess' returned '0': BYOBU_DATE=%Y-%m-%d PYTHONPATH=/workspace/towen/build/imageprocess/prefix_override:/usr/lib/python3/dist-packages/colcon_core/task/python/colcon_distutils_commands:/workspace/towen/install/imageprocess/lib/python3.10/site-packages:${PYTHONPATH} /usr/bin/python3 -W ignore:setup.py install is deprecated setup.py egg_info --egg-base ../../build/imageprocess build --build-base /workspace/towen/build/imageprocess/build install --record /workspace/towen/build/imageprocess/install.log --single-version-externally-managed install_data
