[ 25%] Built target gtest
[ 50%] Built target gtest_main
[ 75%] Built target benchmark_bounded_vector
[100%] Built target test_bounded_vector
-- Install configuration: ""
-- Installing: /workspace/towen/install/rosidl_runtime_cpp/share/ament_index/resource_index/rosidl_runtime_packages/rosidl_runtime_cpp
-- Installing: /workspace/towen/install/rosidl_runtime_cpp/include/rosidl_runtime_cpp
-- Installing: /workspace/towen/install/rosidl_runtime_cpp/include/rosidl_runtime_cpp/rosidl_typesupport_cpp
-- Installing: /workspace/towen/install/rosidl_runtime_cpp/include/rosidl_runtime_cpp/rosidl_typesupport_cpp/message_type_support.hpp
-- Installing: /workspace/towen/install/rosidl_runtime_cpp/include/rosidl_runtime_cpp/rosidl_typesupport_cpp/action_type_support.hpp
-- Installing: /workspace/towen/install/rosidl_runtime_cpp/include/rosidl_runtime_cpp/rosidl_typesupport_cpp/service_type_support.hpp
-- Installing: /workspace/towen/install/rosidl_runtime_cpp/include/rosidl_runtime_cpp/rosidl_runtime_cpp
-- Installing: /workspace/towen/install/rosidl_runtime_cpp/include/rosidl_runtime_cpp/rosidl_runtime_cpp/traits.hpp
-- Installing: /workspace/towen/install/rosidl_runtime_cpp/include/rosidl_runtime_cpp/rosidl_runtime_cpp/message_initialization.hpp
-- Installing: /workspace/towen/install/rosidl_runtime_cpp/include/rosidl_runtime_cpp/rosidl_runtime_cpp/service_type_support_decl.hpp
-- Installing: /workspace/towen/install/rosidl_runtime_cpp/include/rosidl_runtime_cpp/rosidl_runtime_cpp/action_type_support_decl.hpp
-- Installing: /workspace/towen/install/rosidl_runtime_cpp/include/rosidl_runtime_cpp/rosidl_runtime_cpp/message_type_support_decl.hpp
-- Installing: /workspace/towen/install/rosidl_runtime_cpp/include/rosidl_runtime_cpp/rosidl_runtime_cpp/bounded_vector.hpp
-- Installing: /workspace/towen/install/rosidl_runtime_cpp/share/ament_index/resource_index/package_run_dependencies/rosidl_runtime_cpp
-- Installing: /workspace/towen/install/rosidl_runtime_cpp/share/ament_index/resource_index/parent_prefix_path/rosidl_runtime_cpp
-- Installing: /workspace/towen/install/rosidl_runtime_cpp/share/rosidl_runtime_cpp/environment/ament_prefix_path.sh
-- Installing: /workspace/towen/install/rosidl_runtime_cpp/share/rosidl_runtime_cpp/environment/ament_prefix_path.dsv
-- Installing: /workspace/towen/install/rosidl_runtime_cpp/share/rosidl_runtime_cpp/environment/path.sh
-- Installing: /workspace/towen/install/rosidl_runtime_cpp/share/rosidl_runtime_cpp/environment/path.dsv
-- Installing: /workspace/towen/install/rosidl_runtime_cpp/share/rosidl_runtime_cpp/local_setup.bash
-- Installing: /workspace/towen/install/rosidl_runtime_cpp/share/rosidl_runtime_cpp/local_setup.sh
-- Installing: /workspace/towen/install/rosidl_runtime_cpp/share/rosidl_runtime_cpp/local_setup.zsh
-- Installing: /workspace/towen/install/rosidl_runtime_cpp/share/rosidl_runtime_cpp/local_setup.dsv
-- Installing: /workspace/towen/install/rosidl_runtime_cpp/share/rosidl_runtime_cpp/package.dsv
-- Installing: /workspace/towen/install/rosidl_runtime_cpp/share/ament_index/resource_index/packages/rosidl_runtime_cpp
-- Installing: /workspace/towen/install/rosidl_runtime_cpp/share/rosidl_runtime_cpp/cmake/rosidl_runtime_cppExport.cmake
-- Installing: /workspace/towen/install/rosidl_runtime_cpp/share/rosidl_runtime_cpp/cmake/ament_cmake_export_include_directories-extras.cmake
-- Installing: /workspace/towen/install/rosidl_runtime_cpp/share/rosidl_runtime_cpp/cmake/ament_cmake_export_targets-extras.cmake
-- Installing: /workspace/towen/install/rosidl_runtime_cpp/share/rosidl_runtime_cpp/cmake/ament_cmake_export_dependencies-extras.cmake
-- Installing: /workspace/towen/install/rosidl_runtime_cpp/share/rosidl_runtime_cpp/cmake/rosidl_runtime_cppConfig.cmake
-- Installing: /workspace/towen/install/rosidl_runtime_cpp/share/rosidl_runtime_cpp/cmake/rosidl_runtime_cppConfig-version.cmake
-- Installing: /workspace/towen/install/rosidl_runtime_cpp/share/rosidl_runtime_cpp/package.xml
