[0.736s] Invoking command in '/workspace/towen/build/cv_bridge': BYOBU_DATE=%Y-%m-%d CMAKE_PREFIX_PATH=${CMAKE_PREFIX_PATH}:/workspace/towen/src/motionpackage/install/motionpackage:/workspace/towen/install/strategy:/workspace/towen/install/rosidl_cli:/workspace/towen/install/opencv_tests:/workspace/towen/install/motionpackage:/workspace/towen/install/imageprocess:/opt/ros/humble /usr/local/bin/cmake --build /workspace/towen/build/cv_bridge -- -j6 -l6
[1.322s] [ 12%] Built target gtest_main
[1.329s] [ 12%] Built target ament_cmake_python_symlink_cv_bridge
[1.333s] [ 31%] Built target cv_bridge
[1.385s] [ 43%] Built target gtest
[1.497s] [ 62%] Built target cv_bridge_boost
[1.509s] [100%] Built target cv_bridge-utest
[2.396s] running egg_info
[2.448s] writing cv_bridge.egg-info/PKG-INFO
[2.450s] writing dependency_links to cv_bridge.egg-info/dependency_links.txt
[2.454s] writing top-level names to cv_bridge.egg-info/top_level.txt
[2.619s] reading manifest file 'cv_bridge.egg-info/SOURCES.txt'
[2.619s] writing manifest file 'cv_bridge.egg-info/SOURCES.txt'
[2.713s] [100%] Built target ament_cmake_python_build_cv_bridge_egg
[2.792s] Invoked command in '/workspace/towen/build/cv_bridge' returned '0': BYOBU_DATE=%Y-%m-%d CMAKE_PREFIX_PATH=${CMAKE_PREFIX_PATH}:/workspace/towen/src/motionpackage/install/motionpackage:/workspace/towen/install/strategy:/workspace/towen/install/rosidl_cli:/workspace/towen/install/opencv_tests:/workspace/towen/install/motionpackage:/workspace/towen/install/imageprocess:/opt/ros/humble /usr/local/bin/cmake --build /workspace/towen/build/cv_bridge -- -j6 -l6
[3.276s] Invoking command in '/workspace/towen/build/cv_bridge': BYOBU_DATE=%Y-%m-%d CMAKE_PREFIX_PATH=${CMAKE_PREFIX_PATH}:/workspace/towen/src/motionpackage/install/motionpackage:/workspace/towen/install/strategy:/workspace/towen/install/rosidl_cli:/workspace/towen/install/opencv_tests:/workspace/towen/install/motionpackage:/workspace/towen/install/imageprocess:/opt/ros/humble /usr/local/bin/cmake --install /workspace/towen/build/cv_bridge
[3.559s] -- Install configuration: "Release"
[3.565s] -- Execute custom install script
[3.567s] -- Up-to-date symlink: /workspace/towen/install/cv_bridge/share/cv_bridge/environment/pythonpath.sh
[3.572s] -- Up-to-date symlink: /workspace/towen/install/cv_bridge/share/cv_bridge/environment/pythonpath.dsv
[3.573s] -- Up-to-date symlink: /workspace/towen/install/cv_bridge/local/lib/python3.10/dist-packages/cv_bridge-3.2.1-py3.10.egg-info/PKG-INFO
[3.573s] -- Up-to-date symlink: /workspace/towen/install/cv_bridge/local/lib/python3.10/dist-packages/cv_bridge-3.2.1-py3.10.egg-info/SOURCES.txt
[3.573s] -- Up-to-date symlink: /workspace/towen/install/cv_bridge/local/lib/python3.10/dist-packages/cv_bridge-3.2.1-py3.10.egg-info/dependency_links.txt
[3.574s] -- Up-to-date symlink: /workspace/towen/install/cv_bridge/local/lib/python3.10/dist-packages/cv_bridge-3.2.1-py3.10.egg-info/top_level.txt
[3.577s] -- Up-to-date symlink: /workspace/towen/install/cv_bridge/local/lib/python3.10/dist-packages/cv_bridge/__init__.py
[3.579s] -- Up-to-date symlink: /workspace/towen/install/cv_bridge/local/lib/python3.10/dist-packages/cv_bridge/core.py
[3.581s] -- Up-to-date symlink: /workspace/towen/install/cv_bridge/include/cv_bridge/cv_bridge/cv_bridge_export.h
[3.583s] -- Up-to-date symlink: /workspace/towen/install/cv_bridge/local/lib/python3.10/dist-packages/cv_bridge/boost//cv_bridge_boost.so
[3.587s] -- Up-to-date symlink: /workspace/towen/install/cv_bridge/include/cv_bridge/cv_bridge/cv_bridge.h
[3.587s] -- Up-to-date symlink: /workspace/towen/install/cv_bridge/include/cv_bridge/cv_bridge/rgb_colors.h
[3.587s] -- Up-to-date symlink: /workspace/towen/install/cv_bridge/lib/libcv_bridge.so
[3.587s] -- Up-to-date symlink: /workspace/towen/install/cv_bridge/share/ament_index/resource_index/package_run_dependencies/cv_bridge
[3.587s] -- Up-to-date symlink: /workspace/towen/install/cv_bridge/share/ament_index/resource_index/parent_prefix_path/cv_bridge
[3.587s] -- Up-to-date symlink: /workspace/towen/install/cv_bridge/share/cv_bridge/environment/ament_prefix_path.sh
[3.588s] -- Up-to-date symlink: /workspace/towen/install/cv_bridge/share/cv_bridge/environment/ament_prefix_path.dsv
[3.588s] -- Up-to-date symlink: /workspace/towen/install/cv_bridge/share/cv_bridge/environment/path.sh
[3.588s] -- Up-to-date symlink: /workspace/towen/install/cv_bridge/share/cv_bridge/environment/path.dsv
[3.588s] -- Up-to-date symlink: /workspace/towen/install/cv_bridge/share/cv_bridge/local_setup.bash
[3.588s] -- Up-to-date symlink: /workspace/towen/install/cv_bridge/share/cv_bridge/local_setup.sh
[3.588s] -- Up-to-date symlink: /workspace/towen/install/cv_bridge/share/cv_bridge/local_setup.zsh
[3.588s] -- Up-to-date symlink: /workspace/towen/install/cv_bridge/share/cv_bridge/local_setup.dsv
[3.588s] -- Symlinking: /workspace/towen/install/cv_bridge/share/cv_bridge/package.dsv
[3.600s] -- Up-to-date symlink: /workspace/towen/install/cv_bridge/share/ament_index/resource_index/packages/cv_bridge
[3.600s] -- Up-to-date symlink: /workspace/towen/install/cv_bridge/share/cv_bridge/cmake/cv_bridge-extras.cmake
[3.600s] -- Up-to-date symlink: /workspace/towen/install/cv_bridge/share/cv_bridge/cmake/ament_cmake_export_dependencies-extras.cmake
[3.601s] -- Up-to-date symlink: /workspace/towen/install/cv_bridge/share/cv_bridge/cmake/ament_cmake_export_targets-extras.cmake
[3.601s] -- Up-to-date symlink: /workspace/towen/install/cv_bridge/share/cv_bridge/cmake/cv_bridgeConfig.cmake
[3.601s] -- Up-to-date symlink: /workspace/towen/install/cv_bridge/share/cv_bridge/cmake/cv_bridgeConfig-version.cmake
[3.606s] -- Up-to-date symlink: /workspace/towen/install/cv_bridge/share/cv_bridge/package.xml
[3.770s] Listing '/workspace/towen/install/cv_bridge/local/lib/python3.10/dist-packages/cv_bridge'...
[3.770s] Listing '/workspace/towen/install/cv_bridge/local/lib/python3.10/dist-packages/cv_bridge/boost'...
[3.792s] -- Up-to-date: /workspace/towen/install/cv_bridge/share/cv_bridge/cmake/export_cv_bridgeExport.cmake
[3.792s] -- Up-to-date: /workspace/towen/install/cv_bridge/share/cv_bridge/cmake/export_cv_bridgeExport-release.cmake
[3.844s] Invoked command in '/workspace/towen/build/cv_bridge' returned '0': BYOBU_DATE=%Y-%m-%d CMAKE_PREFIX_PATH=${CMAKE_PREFIX_PATH}:/workspace/towen/src/motionpackage/install/motionpackage:/workspace/towen/install/strategy:/workspace/towen/install/rosidl_cli:/workspace/towen/install/opencv_tests:/workspace/towen/install/motionpackage:/workspace/towen/install/imageprocess:/opt/ros/humble /usr/local/bin/cmake --install /workspace/towen/build/cv_bridge
