[1.888s] Invoking command in '/home/iclab/Desktop/humanoid/build/web_video_server': BYOBU_DATE=%Y-%m-%d CMAKE_PREFIX_PATH=/opt/ros/humble /usr/bin/cmake --build /home/iclab/Desktop/humanoid/build/web_video_server -- -j6 -l6
[2.009s] [35m[1mConsolidate compiler generated dependencies of target web_video_server[0m
[2.198s] [100%] Built target web_video_server
[2.556s] Invoked command in '/home/iclab/Desktop/humanoid/build/web_video_server' returned '0': BYOBU_DATE=%Y-%m-%d CMAKE_PREFIX_PATH=/opt/ros/humble /usr/bin/cmake --build /home/iclab/Desktop/humanoid/build/web_video_server -- -j6 -l6
[2.559s] Invoking command in '/home/iclab/Desktop/humanoid/build/web_video_server': BYOBU_DATE=%Y-%m-%d CMAKE_PREFIX_PATH=/opt/ros/humble /usr/bin/cmake --install /home/iclab/Desktop/humanoid/build/web_video_server
[2.579s] -- Install configuration: ""
[2.593s] -- Installing: /home/iclab/Desktop/humanoid/install/web_video_server/lib/web_video_server/web_video_server
[2.609s] -- Set runtime path of "/home/iclab/Desktop/humanoid/install/web_video_server/lib/web_video_server/web_video_server" to ""
[2.609s] -- Installing: /home/iclab/Desktop/humanoid/install/web_video_server/include/web_video_server
[2.610s] -- Installing: /home/iclab/Desktop/humanoid/install/web_video_server/include/web_video_server/multipart_stream.h
[2.610s] -- Installing: /home/iclab/Desktop/humanoid/install/web_video_server/include/web_video_server/h264_streamer.h
[2.610s] -- Installing: /home/iclab/Desktop/humanoid/install/web_video_server/include/web_video_server/libav_streamer.h
[2.610s] -- Installing: /home/iclab/Desktop/humanoid/install/web_video_server/include/web_video_server/web_video_server.h
[2.610s] -- Installing: /home/iclab/Desktop/humanoid/install/web_video_server/include/web_video_server/ros_compressed_streamer.h
[2.611s] -- Installing: /home/iclab/Desktop/humanoid/install/web_video_server/include/web_video_server/png_streamers.h
[2.611s] -- Installing: /home/iclab/Desktop/humanoid/install/web_video_server/include/web_video_server/vp8_streamer.h
[2.611s] -- Installing: /home/iclab/Desktop/humanoid/install/web_video_server/include/web_video_server/vp9_streamer.h
[2.611s] -- Installing: /home/iclab/Desktop/humanoid/install/web_video_server/include/web_video_server/jpeg_streamers.h
[2.611s] -- Installing: /home/iclab/Desktop/humanoid/install/web_video_server/include/web_video_server/image_streamer.h
[2.613s] -- Installing: /home/iclab/Desktop/humanoid/install/web_video_server/share/ament_index/resource_index/package_run_dependencies/web_video_server
[2.615s] -- Installing: /home/iclab/Desktop/humanoid/install/web_video_server/share/ament_index/resource_index/parent_prefix_path/web_video_server
[2.616s] -- Installing: /home/iclab/Desktop/humanoid/install/web_video_server/share/web_video_server/environment/ament_prefix_path.sh
[2.617s] -- Installing: /home/iclab/Desktop/humanoid/install/web_video_server/share/web_video_server/environment/ament_prefix_path.dsv
[2.617s] -- Installing: /home/iclab/Desktop/humanoid/install/web_video_server/share/web_video_server/environment/path.sh
[2.619s] -- Installing: /home/iclab/Desktop/humanoid/install/web_video_server/share/web_video_server/environment/path.dsv
[2.619s] -- Installing: /home/iclab/Desktop/humanoid/install/web_video_server/share/web_video_server/local_setup.bash
[2.620s] -- Installing: /home/iclab/Desktop/humanoid/install/web_video_server/share/web_video_server/local_setup.sh
[2.620s] -- Installing: /home/iclab/Desktop/humanoid/install/web_video_server/share/web_video_server/local_setup.zsh
[2.620s] -- Installing: /home/iclab/Desktop/humanoid/install/web_video_server/share/web_video_server/local_setup.dsv
[2.626s] -- Installing: /home/iclab/Desktop/humanoid/install/web_video_server/share/web_video_server/package.dsv
[2.627s] -- Installing: /home/iclab/Desktop/humanoid/install/web_video_server/share/ament_index/resource_index/packages/web_video_server
[2.627s] -- Installing: /home/iclab/Desktop/humanoid/install/web_video_server/share/web_video_server/cmake/web_video_serverConfig.cmake
[2.627s] -- Installing: /home/iclab/Desktop/humanoid/install/web_video_server/share/web_video_server/cmake/web_video_serverConfig-version.cmake
[2.629s] -- Installing: /home/iclab/Desktop/humanoid/install/web_video_server/share/web_video_server/package.xml
[2.634s] Invoked command in '/home/iclab/Desktop/humanoid/build/web_video_server' returned '0': BYOBU_DATE=%Y-%m-%d CMAKE_PREFIX_PATH=/opt/ros/humble /usr/bin/cmake --install /home/iclab/Desktop/humanoid/build/web_video_server
