[33mCMake Warning (dev) at /usr/local/zed/zed-config.cmake:73 (find_package):
  Policy CMP0146 is not set: The FindCUDA module is removed.  Run "cmake
  --help-policy CMP0146" for policy details.  Use the cmake_policy command to
  set the policy and suppress this warning.

Call Stack (most recent call first):
  CMakeLists.txt:84 (find_package)
This warning is for project developers.  Use -Wno-dev to suppress it.
[0m
[33mCMake Warning (dev) at /usr/local/zed/zed-config.cmake:78 (exec_program):
  Policy CMP0153 is not set: The exec_program command should not be called.
  Run "cmake --help-policy CMP0153" for policy details.  Use the cmake_policy
  command to set the policy and suppress this warning.

  Use execute_process() instead.
Call Stack (most recent call first):
  CMakeLists.txt:84 (find_package)
This warning is for project developers.  Use -Wno-dev to suppress it.
[0m
[33mCMake Warning (dev) at /usr/local/zed/zed-config.cmake:79 (exec_program):
  Policy CMP0153 is not set: The exec_program command should not be called.
  Run "cmake --help-policy CMP0153" for policy details.  Use the cmake_policy
  command to set the policy and suppress this warning.

  Use execute_process() instead.
Call Stack (most recent call first):
  CMakeLists.txt:84 (find_package)
This warning is for project developers.  Use -Wno-dev to suppress it.
[0m
[33mCMake Warning (dev) at /usr/local/zed/zed-config.cmake:95 (exec_program):
  Policy CMP0153 is not set: The exec_program command should not be called.
  Run "cmake --help-policy CMP0153" for policy details.  Use the cmake_policy
  command to set the policy and suppress this warning.

  Use execute_process() instead.
Call Stack (most recent call first):
  CMakeLists.txt:84 (find_package)
This warning is for project developers.  Use -Wno-dev to suppress it.
[0m
[33mCMake Warning (dev) at /usr/local/zed/zed-config.cmake:123 (exec_program):
  Policy CMP0153 is not set: The exec_program command should not be called.
  Run "cmake --help-policy CMP0153" for policy details.  Use the cmake_policy
  command to set the policy and suppress this warning.

  Use execute_process() instead.
Call Stack (most recent call first):
  CMakeLists.txt:84 (find_package)
This warning is for project developers.  Use -Wno-dev to suppress it.
[0m
[33mCMake Warning (dev) at CMakeLists.txt:86 (exec_program):
  Policy CMP0153 is not set: The exec_program command should not be called.
  Run "cmake --help-policy CMP0153" for policy details.  Use the cmake_policy
  command to set the policy and suppress this warning.

  Use execute_process() instead.
This warning is for project developers.  Use -Wno-dev to suppress it.
[0m
[33mCMake Warning (dev) at CMakeLists.txt:91 (find_package):
  Policy CMP0146 is not set: The FindCUDA module is removed.  Run "cmake
  --help-policy CMP0146" for policy details.  Use the cmake_policy command to
  set the policy and suppress this warning.

This warning is for project developers.  Use -Wno-dev to suppress it.
[0m
[33mCMake Warning at CMakeLists.txt:122 (find_package):
  By not providing "Findzed_msgs.cmake" in CMAKE_MODULE_PATH this project has
  asked CMake to find a package configuration file provided by "zed_msgs",
  but CMake did not find one.

  Could not find a package configuration file provided by "zed_msgs" with any
  of the following names:

    zed_msgsConfig.cmake
    zed_msgs-config.cmake

  Add the installation prefix of "zed_msgs" to CMAKE_PREFIX_PATH or set
  "zed_msgs_DIR" to a directory containing one of the above files.  If
  "zed_msgs" provides a separate development package or SDK, be sure it has
  been installed.

[0m
[31mCMake Error at CMakeLists.txt:132 (find_package):
  By not providing "Findnmea_msgs.cmake" in CMAKE_MODULE_PATH this project
  has asked CMake to find a package configuration file provided by
  "nmea_msgs", but CMake did not find one.

  Could not find a package configuration file provided by "nmea_msgs" with
  any of the following names:

    nmea_msgsConfig.cmake
    nmea_msgs-config.cmake

  Add the installation prefix of "nmea_msgs" to CMAKE_PREFIX_PATH or set
  "nmea_msgs_DIR" to a directory containing one of the above files.  If
  "nmea_msgs" provides a separate development package or SDK, be sure it has
  been installed.

[0m
gmake: *** [Makefile:412: cmake_check_build_system] Error 1
