[3.130s] Invoking command in '/workspace/towen/src/imageprocess': BYOBU_DATE=%Y-%m-%d PYTHONPATH=/workspace/towen/build/imageprocess/prefix_override:/usr/lib/python3/dist-packages/colcon_core/task/python/colcon_distutils_commands:/workspace/towen/install/imageprocess/lib/python3.10/site-packages:${PYTHONPATH} /usr/bin/python3 -W ignore:setup.py install is deprecated setup.py egg_info --egg-base ../../build/imageprocess build --build-base /workspace/towen/build/imageprocess/build install --record /workspace/towen/build/imageprocess/install.log --single-version-externally-managed install_data
[3.917s] running egg_info
[3.965s] writing ../../build/imageprocess/imageprocess.egg-info/PKG-INFO
[3.967s] writing dependency_links to ../../build/imageprocess/imageprocess.egg-info/dependency_links.txt
[3.968s] writing entry points to ../../build/imageprocess/imageprocess.egg-info/entry_points.txt
[3.969s] writing requirements to ../../build/imageprocess/imageprocess.egg-info/requires.txt
[3.970s] writing top-level names to ../../build/imageprocess/imageprocess.egg-info/top_level.txt
[4.076s] reading manifest file '../../build/imageprocess/imageprocess.egg-info/SOURCES.txt'
[4.079s] adding license file 'LICENSE'
[4.081s] writing manifest file '../../build/imageprocess/imageprocess.egg-info/SOURCES.txt'
[4.086s] running build
[4.088s] running build_py
[4.090s] copying imageprocess/modelparameter.py -> /workspace/towen/build/imageprocess/build/lib/imageprocess
[4.091s] copying imageprocess/image_0417.py -> /workspace/towen/build/imageprocess/build/lib/imageprocess
[4.092s] copying imageprocess/dataunit.py -> /workspace/towen/build/imageprocess/build/lib/imageprocess
[4.093s] copying imageprocess/123123.py -> /workspace/towen/build/imageprocess/build/lib/imageprocess
[4.094s] copying imageprocess/image_test.py -> /workspace/towen/build/imageprocess/build/lib/imageprocess
[4.095s] copying imageprocess/image.py -> /workspace/towen/build/imageprocess/build/lib/imageprocess
[4.096s] copying imageprocess/__init__.py -> /workspace/towen/build/imageprocess/build/lib/imageprocess
[4.097s] copying imageprocess/imageprocess.py -> /workspace/towen/build/imageprocess/build/lib/imageprocess
[4.098s] copying imageprocess/camera_segment_headless.py -> /workspace/towen/build/imageprocess/build/lib/imageprocess
[4.099s] running install
[4.102s] running install_lib
[4.155s] running install_data
[4.157s] copying resource/imageprocess -> /workspace/towen/install/imageprocess/share/ament_index/resource_index/packages
[4.157s] copying package.xml -> /workspace/towen/install/imageprocess/share/imageprocess
[4.157s] running install_egg_info
[4.206s] removing '/workspace/towen/install/imageprocess/lib/python3.10/site-packages/imageprocess-0.0.0-py3.10.egg-info' (and everything under it)
[4.206s] Copying ../../build/imageprocess/imageprocess.egg-info to /workspace/towen/install/imageprocess/lib/python3.10/site-packages/imageprocess-0.0.0-py3.10.egg-info
[4.209s] running install_scripts
[4.687s] Installing image script to /workspace/towen/install/imageprocess/lib/imageprocess
[4.690s] Installing image_test script to /workspace/towen/install/imageprocess/lib/imageprocess
[4.691s] Installing imageprocess script to /workspace/towen/install/imageprocess/lib/imageprocess
[4.692s] writing list of installed files to '/workspace/towen/build/imageprocess/install.log'
[5.376s] Invoked command in '/workspace/towen/src/imageprocess' returned '0': BYOBU_DATE=%Y-%m-%d PYTHONPATH=/workspace/towen/build/imageprocess/prefix_override:/usr/lib/python3/dist-packages/colcon_core/task/python/colcon_distutils_commands:/workspace/towen/install/imageprocess/lib/python3.10/site-packages:${PYTHONPATH} /usr/bin/python3 -W ignore:setup.py install is deprecated setup.py egg_info --egg-base ../../build/imageprocess build --build-base /workspace/towen/build/imageprocess/build install --record /workspace/towen/build/imageprocess/install.log --single-version-externally-managed install_data
