[0.853s] Invoking command in '/workspace/towen/build/image_geometry': BYOBU_DATE=%Y-%m-%d CMAKE_PREFIX_PATH=${CMAKE_PREFIX_PATH}:/workspace/towen/install/strategy:/workspace/towen/install/rosidl_cli:/workspace/towen/install/opencv_tests:/workspace/towen/install/motionpackage:/workspace/towen/install/imageprocess:/workspace/towen/src/motionpackage/install/motionpackage:/opt/ros/humble /usr/local/bin/cmake --build /workspace/towen/build/image_geometry -- -j6 -l6
[1.290s] [ 22%] Built target gtest_main
[1.312s] [ 22%] Built target ament_cmake_python_symlink_image_geometry
[1.338s] [ 44%] Built target gtest
[1.350s] [ 77%] Built target image_geometry
[1.431s] [100%] Built target image_geometry-utest
[2.192s] running egg_info
[2.236s] writing image_geometry.egg-info/PKG-INFO
[2.236s] writing dependency_links to image_geometry.egg-info/dependency_links.txt
[2.237s] writing top-level names to image_geometry.egg-info/top_level.txt
[2.485s] reading manifest file 'image_geometry.egg-info/SOURCES.txt'
[2.489s] writing manifest file 'image_geometry.egg-info/SOURCES.txt'
[2.606s] [100%] Built target ament_cmake_python_build_image_geometry_egg
[2.727s] Invoked command in '/workspace/towen/build/image_geometry' returned '0': BYOBU_DATE=%Y-%m-%d CMAKE_PREFIX_PATH=${CMAKE_PREFIX_PATH}:/workspace/towen/install/strategy:/workspace/towen/install/rosidl_cli:/workspace/towen/install/opencv_tests:/workspace/towen/install/motionpackage:/workspace/towen/install/imageprocess:/workspace/towen/src/motionpackage/install/motionpackage:/opt/ros/humble /usr/local/bin/cmake --build /workspace/towen/build/image_geometry -- -j6 -l6
[3.361s] Invoking command in '/workspace/towen/build/image_geometry': BYOBU_DATE=%Y-%m-%d CMAKE_PREFIX_PATH=${CMAKE_PREFIX_PATH}:/workspace/towen/install/strategy:/workspace/towen/install/rosidl_cli:/workspace/towen/install/opencv_tests:/workspace/towen/install/motionpackage:/workspace/towen/install/imageprocess:/workspace/towen/src/motionpackage/install/motionpackage:/opt/ros/humble /usr/local/bin/cmake --install /workspace/towen/build/image_geometry
[3.639s] -- Install configuration: "Release"
[3.640s] -- Execute custom install script
[3.641s] -- Up-to-date symlink: /workspace/towen/install/image_geometry/share/image_geometry/environment/pythonpath.sh
[3.641s] -- Up-to-date symlink: /workspace/towen/install/image_geometry/share/image_geometry/environment/pythonpath.dsv
[3.642s] -- Up-to-date symlink: /workspace/towen/install/image_geometry/local/lib/python3.10/dist-packages/image_geometry-3.2.1-py3.10.egg-info/PKG-INFO
[3.642s] -- Up-to-date symlink: /workspace/towen/install/image_geometry/local/lib/python3.10/dist-packages/image_geometry-3.2.1-py3.10.egg-info/SOURCES.txt
[3.643s] -- Up-to-date symlink: /workspace/towen/install/image_geometry/local/lib/python3.10/dist-packages/image_geometry-3.2.1-py3.10.egg-info/dependency_links.txt
[3.643s] -- Up-to-date symlink: /workspace/towen/install/image_geometry/local/lib/python3.10/dist-packages/image_geometry-3.2.1-py3.10.egg-info/top_level.txt
[3.644s] -- Up-to-date symlink: /workspace/towen/install/image_geometry/local/lib/python3.10/dist-packages/image_geometry/__init__.py
[3.644s] -- Up-to-date symlink: /workspace/towen/install/image_geometry/local/lib/python3.10/dist-packages/image_geometry/cameramodels.py
[3.645s] -- Up-to-date symlink: /workspace/towen/install/image_geometry/include/image_geometry/image_geometry/pinhole_camera_model.h
[3.645s] -- Up-to-date symlink: /workspace/towen/install/image_geometry/include/image_geometry/image_geometry/stereo_camera_model.h
[3.645s] -- Up-to-date symlink: /workspace/towen/install/image_geometry/include/image_geometry/image_geometry/visibility_control.hpp
[3.645s] -- Up-to-date symlink: /workspace/towen/install/image_geometry/share/ament_index/resource_index/package_run_dependencies/image_geometry
[3.646s] -- Up-to-date symlink: /workspace/towen/install/image_geometry/share/ament_index/resource_index/parent_prefix_path/image_geometry
[3.646s] -- Up-to-date symlink: /workspace/towen/install/image_geometry/share/image_geometry/environment/ament_prefix_path.sh
[3.647s] -- Up-to-date symlink: /workspace/towen/install/image_geometry/share/image_geometry/environment/ament_prefix_path.dsv
[3.647s] -- Up-to-date symlink: /workspace/towen/install/image_geometry/share/image_geometry/environment/path.sh
[3.647s] -- Up-to-date symlink: /workspace/towen/install/image_geometry/share/image_geometry/environment/path.dsv
[3.648s] -- Up-to-date symlink: /workspace/towen/install/image_geometry/share/image_geometry/local_setup.bash
[3.648s] -- Up-to-date symlink: /workspace/towen/install/image_geometry/share/image_geometry/local_setup.sh
[3.648s] -- Up-to-date symlink: /workspace/towen/install/image_geometry/share/image_geometry/local_setup.zsh
[3.649s] -- Up-to-date symlink: /workspace/towen/install/image_geometry/share/image_geometry/local_setup.dsv
[3.649s] -- Symlinking: /workspace/towen/install/image_geometry/share/image_geometry/package.dsv
[3.663s] -- Up-to-date symlink: /workspace/towen/install/image_geometry/share/ament_index/resource_index/packages/image_geometry
[3.664s] -- Up-to-date symlink: /workspace/towen/install/image_geometry/share/image_geometry/cmake/ament_cmake_export_targets-extras.cmake
[3.664s] -- Up-to-date symlink: /workspace/towen/install/image_geometry/share/image_geometry/cmake/ament_cmake_export_dependencies-extras.cmake
[3.664s] -- Up-to-date symlink: /workspace/towen/install/image_geometry/share/image_geometry/cmake/image_geometryConfig.cmake
[3.664s] -- Up-to-date symlink: /workspace/towen/install/image_geometry/share/image_geometry/cmake/image_geometryConfig-version.cmake
[3.665s] -- Up-to-date symlink: /workspace/towen/install/image_geometry/share/image_geometry/package.xml
[3.832s] Listing '/workspace/towen/install/image_geometry/local/lib/python3.10/dist-packages/image_geometry'...
[3.851s] -- Up-to-date: /workspace/towen/install/image_geometry/lib/libimage_geometry.so
[3.862s] -- Up-to-date: /workspace/towen/install/image_geometry/share/image_geometry/cmake/export_image_geometryExport.cmake
[3.866s] -- Up-to-date: /workspace/towen/install/image_geometry/share/image_geometry/cmake/export_image_geometryExport-release.cmake
[3.922s] Invoked command in '/workspace/towen/build/image_geometry' returned '0': BYOBU_DATE=%Y-%m-%d CMAKE_PREFIX_PATH=${CMAKE_PREFIX_PATH}:/workspace/towen/install/strategy:/workspace/towen/install/rosidl_cli:/workspace/towen/install/opencv_tests:/workspace/towen/install/motionpackage:/workspace/towen/install/imageprocess:/workspace/towen/src/motionpackage/install/motionpackage:/opt/ros/humble /usr/local/bin/cmake --install /workspace/towen/build/image_geometry
