[0.078s] Invoking command in '/workspace/towen/build/rosidl_runtime_c': BYOBU_DATE=%Y-%m-%d CMAKE_PREFIX_PATH=/workspace/towen/install/rosidl_typesupport_interface:/workspace/towen/install/zed_ros2:/workspace/towen/install/zed_wrapper:/workspace/towen/install/zed_components:/workspace/towen/install/webrtc_ros_msgs:/workspace/towen/install/web_video_server:/workspace/towen/install/vision_opencv:/workspace/towen/install/usb_cam:/workspace/towen/install/tku_msgs:/workspace/towen/install/rosidl_typesupport_introspection_tests:/workspace/towen/install/rosidl_typesupport_introspection_cpp:/workspace/towen/install/rosidl_typesupport_introspection_c:/workspace/towen/install/rosidl_generator_cpp:/workspace/towen/install/rosidl_runtime_cpp:/workspace/towen/install/rosidl_runtime_c:/workspace/towen/install/rosidl_generator_c:/workspace/towen/install/rosidl_cmake:/workspace/towen/install/rosidl_parser:/workspace/towen/install/rosidl_adapter:/workspace/towen/install/image_geometry:/workspace/towen/install/cv_bridge:/workspace/towen/install/strategy:/workspace/towen/install/rosidl_cli:/workspace/towen/install/opencv_tests:/workspace/towen/install/motionpackage:/workspace/towen/install/imageprocess:/opt/ros/humble /usr/local/bin/cmake /workspace/towen/src/rosidl/rosidl_runtime_c -DCMAKE_BUILD_TYPE=Release -DAMENT_CMAKE_SYMLINK_INSTALL=1 -DCMAKE_INSTALL_PREFIX=/workspace/towen/install/rosidl_runtime_c
[1.697s] -- Found ament_cmake_ros: 0.10.0 (/opt/ros/humble/install/share/ament_cmake_ros/cmake)
[2.901s] -- Override CMake install command with custom implementation using symlinks instead of copying resources
[3.211s] -- Found rcutils: 5.1.6 (/opt/ros/humble/install/share/rcutils/cmake)
[3.280s] -- Found rosidl_typesupport_interface: 3.1.7 (/workspace/towen/install/rosidl_typesupport_interface/share/rosidl_typesupport_interface/cmake)
[3.330s] -- Found ament_lint_auto: 0.12.11 (/opt/ros/humble/install/share/ament_lint_auto/cmake)
[3.345s] -- Found performance_test_fixture: 0.0.9 (/opt/ros/humble/install/share/performance_test_fixture/cmake)
[4.627s] -- Found gtest sources under '/opt/ros/humble/install/src/gtest_vendor': C++ tests using 'Google Test' will be built
[4.885s] -- Performance tests are disabled by default, so Google Benchmark tests will be skipped. To enable these tests, set the CMake variable 'AMENT_RUN_PERFORMANCE_TESTS'.
[4.927s] -- Added test 'copyright' to check source files copyright and LICENSE
[4.935s] -- Added test 'cppcheck' to perform static code analysis on C / C++ code
[4.936s] -- Configured cppcheck include dirs: /opt/ros/humble/install/include;$<BUILD_INTERFACE:/workspace/towen/src/rosidl/rosidl_runtime_c/include>
[4.936s] -- Configured cppcheck exclude dirs and/or files: 
[4.940s] -- Added test 'cpplint' to check C / C++ code against the Google style
[4.940s] -- Configured cpplint exclude dirs and/or files: 
[4.944s] -- Added test 'lint_cmake' to check CMake code style
[4.951s] -- Added test 'uncrustify' to check C / C++ code style
[4.957s] -- Configured uncrustify additional arguments: 
[4.960s] -- Added test 'xmllint' to check XML markup files
[4.977s] -- Configuring done (4.5s)
[5.175s] -- Generating done (0.2s)
[5.176s] -- Build files have been written to: /workspace/towen/build/rosidl_runtime_c
[5.322s] Invoked command in '/workspace/towen/build/rosidl_runtime_c' returned '0': BYOBU_DATE=%Y-%m-%d CMAKE_PREFIX_PATH=/workspace/towen/install/rosidl_typesupport_interface:/workspace/towen/install/zed_ros2:/workspace/towen/install/zed_wrapper:/workspace/towen/install/zed_components:/workspace/towen/install/webrtc_ros_msgs:/workspace/towen/install/web_video_server:/workspace/towen/install/vision_opencv:/workspace/towen/install/usb_cam:/workspace/towen/install/tku_msgs:/workspace/towen/install/rosidl_typesupport_introspection_tests:/workspace/towen/install/rosidl_typesupport_introspection_cpp:/workspace/towen/install/rosidl_typesupport_introspection_c:/workspace/towen/install/rosidl_generator_cpp:/workspace/towen/install/rosidl_runtime_cpp:/workspace/towen/install/rosidl_runtime_c:/workspace/towen/install/rosidl_generator_c:/workspace/towen/install/rosidl_cmake:/workspace/towen/install/rosidl_parser:/workspace/towen/install/rosidl_adapter:/workspace/towen/install/image_geometry:/workspace/towen/install/cv_bridge:/workspace/towen/install/strategy:/workspace/towen/install/rosidl_cli:/workspace/towen/install/opencv_tests:/workspace/towen/install/motionpackage:/workspace/towen/install/imageprocess:/opt/ros/humble /usr/local/bin/cmake /workspace/towen/src/rosidl/rosidl_runtime_c -DCMAKE_BUILD_TYPE=Release -DAMENT_CMAKE_SYMLINK_INSTALL=1 -DCMAKE_INSTALL_PREFIX=/workspace/towen/install/rosidl_runtime_c
[5.329s] Invoking command in '/workspace/towen/build/rosidl_runtime_c': BYOBU_DATE=%Y-%m-%d CMAKE_PREFIX_PATH=/workspace/towen/install/rosidl_typesupport_interface:/workspace/towen/install/zed_ros2:/workspace/towen/install/zed_wrapper:/workspace/towen/install/zed_components:/workspace/towen/install/webrtc_ros_msgs:/workspace/towen/install/web_video_server:/workspace/towen/install/vision_opencv:/workspace/towen/install/usb_cam:/workspace/towen/install/tku_msgs:/workspace/towen/install/rosidl_typesupport_introspection_tests:/workspace/towen/install/rosidl_typesupport_introspection_cpp:/workspace/towen/install/rosidl_typesupport_introspection_c:/workspace/towen/install/rosidl_generator_cpp:/workspace/towen/install/rosidl_runtime_cpp:/workspace/towen/install/rosidl_runtime_c:/workspace/towen/install/rosidl_generator_c:/workspace/towen/install/rosidl_cmake:/workspace/towen/install/rosidl_parser:/workspace/towen/install/rosidl_adapter:/workspace/towen/install/image_geometry:/workspace/towen/install/cv_bridge:/workspace/towen/install/strategy:/workspace/towen/install/rosidl_cli:/workspace/towen/install/opencv_tests:/workspace/towen/install/motionpackage:/workspace/towen/install/imageprocess:/opt/ros/humble /usr/local/bin/cmake --build /workspace/towen/build/rosidl_runtime_c -- -j6 -l6
[6.150s] [  4%] [32mBuilding C object CMakeFiles/rosidl_runtime_c.dir/src/message_type_support.c.o[0m
[6.515s] [  8%] [32mBuilding C object CMakeFiles/rosidl_runtime_c.dir/src/service_type_support.c.o[0m
[6.723s] [ 12%] [32mBuilding C object CMakeFiles/rosidl_runtime_c.dir/src/string_functions.c.o[0m
[7.261s] [ 16%] [32mBuilding C object CMakeFiles/rosidl_runtime_c.dir/src/u16string_functions.c.o[0m
[7.740s] [ 20%] [32mBuilding C object CMakeFiles/rosidl_runtime_c.dir/src/sequence_bound.c.o[0m
[7.924s] [ 24%] [32mBuilding C object CMakeFiles/rosidl_runtime_c.dir/src/primitives_sequence_functions.c.o[0m
[9.598s] [ 28%] [32m[1mLinking C shared library librosidl_runtime_c.so[0m
[9.843s] [ 28%] Built target rosidl_runtime_c
[9.992s] [ 32%] [32mBuilding CXX object gtest/CMakeFiles/gtest.dir/src/gtest-all.cc.o[0m
[47.045s] [ 36%] [32m[1mLinking CXX static library libgtest.a[0m
[47.160s] [ 36%] Built target gtest
[47.225s] [ 40%] [32mBuilding CXX object CMakeFiles/benchmark_string_conversion.dir/test/benchmark/benchmark_string_conversion.cpp.o[0m
[50.178s] [ 44%] [32m[1mLinking CXX executable benchmark_string_conversion[0m
[50.681s] [ 44%] Built target benchmark_string_conversion
[50.795s] [ 48%] [32mBuilding CXX object gtest/CMakeFiles/gtest_main.dir/src/gtest_main.cc.o[0m
[54.268s] [ 52%] [32m[1mLinking CXX static library libgtest_main.a[0m
[54.369s] [ 52%] Built target gtest_main
[54.497s] [ 56%] [32mBuilding CXX object CMakeFiles/test_message_type_support.dir/test/test_message_type_support.cpp.o[0m
[58.438s] [ 60%] [32m[1mLinking CXX executable test_message_type_support[0m
[58.935s] [ 60%] Built target test_message_type_support
[59.019s] [ 64%] [32mBuilding CXX object CMakeFiles/test_u16string_functions.dir/test/test_u16string_functions.cpp.o[0m
[70.030s] [ 68%] [32m[1mLinking CXX executable test_u16string_functions[0m
[70.313s] [ 68%] Built target test_u16string_functions
[70.480s] [ 72%] [32mBuilding CXX object CMakeFiles/test_string_functions.dir/test/test_string_functions.cpp.o[0m
[78.969s] [ 76%] [32m[1mLinking CXX executable test_string_functions[0m
[79.495s] [ 76%] Built target test_string_functions
[79.573s] [ 80%] [32mBuilding CXX object CMakeFiles/test_service_type_support.dir/test/test_service_type_support.cpp.o[0m
[83.346s] [ 84%] [32m[1mLinking CXX executable test_service_type_support[0m
[83.762s] [ 84%] Built target test_service_type_support
[83.845s] [ 88%] [32mBuilding CXX object CMakeFiles/test_sequence_bound.dir/test/test_sequence_bound.cpp.o[0m
[88.171s] [ 92%] [32m[1mLinking CXX executable test_sequence_bound[0m
[88.529s] [ 92%] Built target test_sequence_bound
[88.616s] [ 96%] [32mBuilding CXX object CMakeFiles/test_primitives_sequence_functions.dir/test/test_primitives_sequence_functions.cpp.o[0m
[121.719s] [100%] [32m[1mLinking CXX executable test_primitives_sequence_functions[0m
[122.207s] [100%] Built target test_primitives_sequence_functions
