[4.017s] Invoking command in '/workspace/towen/src/strategy': BYOBU_DATE=%Y-%m-%d PYTHONPATH=/workspace/towen/build/strategy/prefix_override:/usr/lib/python3/dist-packages/colcon_core/task/python/colcon_distutils_commands:/workspace/towen/install/strategy/lib/python3.10/site-packages:${PYTHONPATH} /usr/bin/python3 -W ignore:setup.py install is deprecated setup.py egg_info --egg-base ../../build/strategy build --build-base /workspace/towen/build/strategy/build install --record /workspace/towen/build/strategy/install.log --single-version-externally-managed install_data
[5.201s] running egg_info
[5.273s] writing ../../build/strategy/strategy.egg-info/PKG-INFO
[5.291s] writing dependency_links to ../../build/strategy/strategy.egg-info/dependency_links.txt
[5.291s] writing entry points to ../../build/strategy/strategy.egg-info/entry_points.txt
[5.291s] writing requirements to ../../build/strategy/strategy.egg-info/requires.txt
[5.291s] writing top-level names to ../../build/strategy/strategy.egg-info/top_level.txt
[5.432s] reading manifest file '../../build/strategy/strategy.egg-info/SOURCES.txt'
[5.433s] adding license file 'LICENSE'
[5.444s] writing manifest file '../../build/strategy/strategy.egg-info/SOURCES.txt'
[5.444s] running build
[5.445s] running build_py
[5.445s] copying strategy/__init__.py -> /workspace/towen/build/strategy/build/lib/strategy
[5.446s] copying strategy/API.py -> /workspace/towen/build/strategy/build/lib/strategy
[5.447s] copying strategy/mar/__init__.py -> /workspace/towen/build/strategy/build/lib/strategy/mar
[5.447s] copying strategy/mar/mar.py -> /workspace/towen/build/strategy/build/lib/strategy/mar
[5.452s] copying strategy/wl/wl.py -> /workspace/towen/build/strategy/build/lib/strategy/wl
[5.453s] copying strategy/wl/__init__.py -> /workspace/towen/build/strategy/build/lib/strategy/wl
[5.455s] copying strategy/sp/sp.py -> /workspace/towen/build/strategy/build/lib/strategy/sp
[5.456s] copying strategy/sp/__init__.py -> /workspace/towen/build/strategy/build/lib/strategy/sp
[5.458s] copying strategy/obs/__init__.py -> /workspace/towen/build/strategy/build/lib/strategy/obs
[5.459s] copying strategy/obs/obs.py -> /workspace/towen/build/strategy/build/lib/strategy/obs
[5.461s] copying strategy/sr/__init__.py -> /workspace/towen/build/strategy/build/lib/strategy/sr
[5.462s] copying strategy/sr/sr.py -> /workspace/towen/build/strategy/build/lib/strategy/sr
[5.463s] copying strategy/bb/__init__.py -> /workspace/towen/build/strategy/build/lib/strategy/bb
[5.465s] copying strategy/bb/bb.py -> /workspace/towen/build/strategy/build/lib/strategy/bb
[5.466s] copying strategy/ar/__init__.py -> /workspace/towen/build/strategy/build/lib/strategy/ar
[5.467s] copying strategy/ar/ar.py -> /workspace/towen/build/strategy/build/lib/strategy/ar
[5.471s] running install
[5.485s] running install_lib
[5.571s] running install_data
[5.576s] copying resource/strategy -> /workspace/towen/install/strategy/share/ament_index/resource_index/packages
[5.576s] copying package.xml -> /workspace/towen/install/strategy/share/strategy
[5.576s] running install_egg_info
[5.670s] removing '/workspace/towen/install/strategy/lib/python3.10/site-packages/strategy-0.0.0-py3.10.egg-info' (and everything under it)
[5.670s] Copying ../../build/strategy/strategy.egg-info to /workspace/towen/install/strategy/lib/python3.10/site-packages/strategy-0.0.0-py3.10.egg-info
[5.670s] running install_scripts
[5.873s] Installing ar script to /workspace/towen/install/strategy/lib/strategy
[5.873s] Installing bb script to /workspace/towen/install/strategy/lib/strategy
[5.873s] Installing mar script to /workspace/towen/install/strategy/lib/strategy
[5.873s] Installing obs script to /workspace/towen/install/strategy/lib/strategy
[5.874s] Installing sp script to /workspace/towen/install/strategy/lib/strategy
[5.874s] Installing sr script to /workspace/towen/install/strategy/lib/strategy
[5.874s] Installing wl script to /workspace/towen/install/strategy/lib/strategy
[5.874s] writing list of installed files to '/workspace/towen/build/strategy/install.log'
[6.048s] Invoked command in '/workspace/towen/src/strategy' returned '0': BYOBU_DATE=%Y-%m-%d PYTHONPATH=/workspace/towen/build/strategy/prefix_override:/usr/lib/python3/dist-packages/colcon_core/task/python/colcon_distutils_commands:/workspace/towen/install/strategy/lib/python3.10/site-packages:${PYTHONPATH} /usr/bin/python3 -W ignore:setup.py install is deprecated setup.py egg_info --egg-base ../../build/strategy build --build-base /workspace/towen/build/strategy/build install --record /workspace/towen/build/strategy/install.log --single-version-externally-managed install_data
