running develop
/usr/local/lib/python3.10/dist-packages/setuptools/command/develop.py:41: EasyInstallDeprecationWarning: easy_install command is deprecated.
!!

        ********************************************************************************
        Please avoid running ``setup.py`` and ``easy_install``.
        Instead, use pypa/build, pypa/installer or other
        standards-based tools.

        See https://github.com/pypa/setuptools/issues/917 for details.
        ********************************************************************************

!!
  easy_install.initialize_options(self)
running egg_info
writing strategy.egg-info/PKG-INFO
writing dependency_links to strategy.egg-info/dependency_links.txt
writing entry points to strategy.egg-info/entry_points.txt
writing requirements to strategy.egg-info/requires.txt
writing top-level names to strategy.egg-info/top_level.txt
reading manifest file 'strategy.egg-info/SOURCES.txt'
writing manifest file 'strategy.egg-info/SOURCES.txt'
running build_ext
Creating /workspace/towen/install/strategy/lib/python3.10/site-packages/strategy.egg-link (link to .)
Installing ar script to /workspace/towen/install/strategy/lib/strategy
Installing bb script to /workspace/towen/install/strategy/lib/strategy
Installing mar script to /workspace/towen/install/strategy/lib/strategy
Installing obs script to /workspace/towen/install/strategy/lib/strategy
Installing sp script to /workspace/towen/install/strategy/lib/strategy
Installing sr script to /workspace/towen/install/strategy/lib/strategy
Installing wl script to /workspace/towen/install/strategy/lib/strategy

Installed /workspace/towen/build/strategy
running symlink_data
