[4.024s] Invoking command in '/workspace/towen/build/strategy': BYOBU_DATE=%Y-%m-%d PYTHONPATH=/workspace/towen/build/strategy/prefix_override:/usr/lib/python3/dist-packages/colcon_core/task/python/colcon_distutils_commands:/workspace/towen/install/strategy/lib/python3.10/site-packages:${PYTHONPATH} /usr/bin/python3 -W ignore:setup.py install is deprecated setup.py develop --editable --build-directory /workspace/towen/build/strategy/build --no-deps symlink_data
[5.298s] running develop
[5.299s] /usr/local/lib/python3.10/dist-packages/setuptools/command/develop.py:41: EasyInstallDeprecationWarning: easy_install command is deprecated.
[5.300s] !!
[5.301s] 
[5.302s]         ********************************************************************************
[5.303s]         Please avoid running ``setup.py`` and ``easy_install``.
[5.304s]         Instead, use pypa/build, pypa/installer or other
[5.305s]         standards-based tools.
[5.306s] 
[5.307s]         See https://github.com/pypa/setuptools/issues/917 for details.
[5.316s]         ********************************************************************************
[5.317s] 
[5.317s] !!
[5.317s]   easy_install.initialize_options(self)
[6.198s] running egg_info
[6.250s] writing strategy.egg-info/PKG-INFO
[6.253s] writing dependency_links to strategy.egg-info/dependency_links.txt
[6.254s] writing entry points to strategy.egg-info/entry_points.txt
[6.256s] writing requirements to strategy.egg-info/requires.txt
[6.256s] writing top-level names to strategy.egg-info/top_level.txt
[6.353s] reading manifest file 'strategy.egg-info/SOURCES.txt'
[6.361s] writing manifest file 'strategy.egg-info/SOURCES.txt'
[6.536s] running build_ext
[6.537s] Creating /workspace/towen/install/strategy/lib/python3.10/site-packages/strategy.egg-link (link to .)
[6.538s] Installing ar script to /workspace/towen/install/strategy/lib/strategy
[6.539s] Installing bb script to /workspace/towen/install/strategy/lib/strategy
[6.544s] Installing mar script to /workspace/towen/install/strategy/lib/strategy
[6.544s] Installing obs script to /workspace/towen/install/strategy/lib/strategy
[6.544s] Installing sp script to /workspace/towen/install/strategy/lib/strategy
[6.545s] Installing sr script to /workspace/towen/install/strategy/lib/strategy
[6.546s] Installing wl script to /workspace/towen/install/strategy/lib/strategy
[6.546s] 
[6.547s] Installed /workspace/towen/build/strategy
[6.547s] running symlink_data
[6.698s] Invoked command in '/workspace/towen/build/strategy' returned '0': BYOBU_DATE=%Y-%m-%d PYTHONPATH=/workspace/towen/build/strategy/prefix_override:/usr/lib/python3/dist-packages/colcon_core/task/python/colcon_distutils_commands:/workspace/towen/install/strategy/lib/python3.10/site-packages:${PYTHONPATH} /usr/bin/python3 -W ignore:setup.py install is deprecated setup.py develop --editable --build-directory /workspace/towen/build/strategy/build --no-deps symlink_data
