running develop
/usr/local/lib/python3.10/dist-packages/setuptools/command/develop.py:41: EasyInstallDeprecationWarning: easy_install command is deprecated.
!!

        ********************************************************************************
        Please avoid running ``setup.py`` and ``easy_install``.
        Instead, use pypa/build, pypa/installer or other
        standards-based tools.

        See https://github.com/pypa/setuptools/issues/917 for details.
        ********************************************************************************

!!
  easy_install.initialize_options(self)
running egg_info
writing motionpackage.egg-info/PKG-INFO
writing dependency_links to motionpackage.egg-info/dependency_links.txt
writing entry points to motionpackage.egg-info/entry_points.txt
writing requirements to motionpackage.egg-info/requires.txt
writing top-level names to motionpackage.egg-info/top_level.txt
reading manifest file 'motionpackage.egg-info/SOURCES.txt'
writing manifest file 'motionpackage.egg-info/SOURCES.txt'
running build_ext
Creating /workspace/towen/install/motionpackage/lib/python3.10/site-packages/motionpackage.egg-link (link to .)
Installing motionpackage script to /workspace/towen/install/motionpackage/lib/motionpackage

Installed /workspace/towen/build/motionpackage
running symlink_data
