[3.584s] Invoking command in '/workspace/towen/build/motionpackage': BYOBU_DATE=%Y-%m-%d PYTHONPATH=/workspace/towen/build/motionpackage/prefix_override:/usr/lib/python3/dist-packages/colcon_core/task/python/colcon_distutils_commands:/workspace/towen/install/motionpackage/lib/python3.10/site-packages:${PYTHONPATH} /usr/bin/python3 -W ignore:setup.py install is deprecated setup.py develop --editable --build-directory /workspace/towen/build/motionpackage/build --no-deps symlink_data
[4.752s] running develop
[4.752s] /usr/local/lib/python3.10/dist-packages/setuptools/command/develop.py:41: EasyInstallDeprecationWarning: easy_install command is deprecated.
[4.752s] !!
[4.752s] 
[4.753s]         ********************************************************************************
[4.753s]         Please avoid running ``setup.py`` and ``easy_install``.
[4.753s]         Instead, use pypa/build, pypa/installer or other
[4.753s]         standards-based tools.
[4.753s] 
[4.754s]         See https://github.com/pypa/setuptools/issues/917 for details.
[4.754s]         ********************************************************************************
[4.754s] 
[4.754s] !!
[4.754s]   easy_install.initialize_options(self)
[5.478s] running egg_info
[5.523s] writing motionpackage.egg-info/PKG-INFO
[5.525s] writing dependency_links to motionpackage.egg-info/dependency_links.txt
[5.525s] writing entry points to motionpackage.egg-info/entry_points.txt
[5.526s] writing requirements to motionpackage.egg-info/requires.txt
[5.526s] writing top-level names to motionpackage.egg-info/top_level.txt
[5.622s] reading manifest file 'motionpackage.egg-info/SOURCES.txt'
[5.625s] writing manifest file 'motionpackage.egg-info/SOURCES.txt'
[5.832s] running build_ext
[5.834s] Creating /workspace/towen/install/motionpackage/lib/python3.10/site-packages/motionpackage.egg-link (link to .)
[5.840s] Installing motionpackage script to /workspace/towen/install/motionpackage/lib/motionpackage
[5.841s] 
[5.842s] Installed /workspace/towen/build/motionpackage
[5.843s] running symlink_data
[6.030s] Invoked command in '/workspace/towen/build/motionpackage' returned '0': BYOBU_DATE=%Y-%m-%d PYTHONPATH=/workspace/towen/build/motionpackage/prefix_override:/usr/lib/python3/dist-packages/colcon_core/task/python/colcon_distutils_commands:/workspace/towen/install/motionpackage/lib/python3.10/site-packages:${PYTHONPATH} /usr/bin/python3 -W ignore:setup.py install is deprecated setup.py develop --editable --build-directory /workspace/towen/build/motionpackage/build --no-deps symlink_data
