[4.191s] Invoking command in '/workspace/towen/src/imageprocess': BYOBU_DATE=%Y-%m-%d PYTHONPATH=/workspace/towen/build/imageprocess/prefix_override:/usr/lib/python3/dist-packages/colcon_core/task/python/colcon_distutils_commands:/workspace/towen/install/imageprocess/lib/python3.10/site-packages:${PYTHONPATH} /usr/bin/python3 -W ignore:setup.py install is deprecated setup.py egg_info --egg-base ../../build/imageprocess build --build-base /workspace/towen/build/imageprocess/build install --record /workspace/towen/build/imageprocess/install.log --single-version-externally-managed install_data
[5.931s] running egg_info
[5.993s] writing ../../build/imageprocess/imageprocess.egg-info/PKG-INFO
[5.995s] writing dependency_links to ../../build/imageprocess/imageprocess.egg-info/dependency_links.txt
[5.997s] writing entry points to ../../build/imageprocess/imageprocess.egg-info/entry_points.txt
[5.998s] writing requirements to ../../build/imageprocess/imageprocess.egg-info/requires.txt
[6.000s] writing top-level names to ../../build/imageprocess/imageprocess.egg-info/top_level.txt
[6.151s] reading manifest file '../../build/imageprocess/imageprocess.egg-info/SOURCES.txt'
[6.153s] adding license file 'LICENSE'
[6.161s] writing manifest file '../../build/imageprocess/imageprocess.egg-info/SOURCES.txt'
[6.165s] running build
[6.166s] running build_py
[6.167s] copying imageprocess/modelparameter.py -> /workspace/towen/build/imageprocess/build/lib/imageprocess
[6.168s] copying imageprocess/image_0417.py -> /workspace/towen/build/imageprocess/build/lib/imageprocess
[6.169s] copying imageprocess/dataunit.py -> /workspace/towen/build/imageprocess/build/lib/imageprocess
[6.171s] copying imageprocess/123123.py -> /workspace/towen/build/imageprocess/build/lib/imageprocess
[6.172s] copying imageprocess/image_test.py -> /workspace/towen/build/imageprocess/build/lib/imageprocess
[6.176s] copying imageprocess/image.py -> /workspace/towen/build/imageprocess/build/lib/imageprocess
[6.178s] copying imageprocess/__init__.py -> /workspace/towen/build/imageprocess/build/lib/imageprocess
[6.179s] copying imageprocess/imageprocess.py -> /workspace/towen/build/imageprocess/build/lib/imageprocess
[6.181s] copying imageprocess/camera_segment_headless.py -> /workspace/towen/build/imageprocess/build/lib/imageprocess
[6.182s] running install
[6.202s] running install_lib
[6.315s] running install_data
[6.317s] copying resource/imageprocess -> /workspace/towen/install/imageprocess/share/ament_index/resource_index/packages
[6.318s] copying package.xml -> /workspace/towen/install/imageprocess/share/imageprocess
[6.319s] running install_egg_info
[6.415s] removing '/workspace/towen/install/imageprocess/lib/python3.10/site-packages/imageprocess-0.0.0-py3.10.egg-info' (and everything under it)
[6.418s] Copying ../../build/imageprocess/imageprocess.egg-info to /workspace/towen/install/imageprocess/lib/python3.10/site-packages/imageprocess-0.0.0-py3.10.egg-info
[6.426s] running install_scripts
[8.077s] Installing image script to /workspace/towen/install/imageprocess/lib/imageprocess
[8.082s] Installing image_test script to /workspace/towen/install/imageprocess/lib/imageprocess
[8.086s] Installing imageprocess script to /workspace/towen/install/imageprocess/lib/imageprocess
[8.089s] writing list of installed files to '/workspace/towen/build/imageprocess/install.log'
