[3.343s] Invoking command in '/workspace/towen/src/motionpackage': BYOBU_DATE=%Y-%m-%d PYTHONPATH=/workspace/towen/build/motionpackage/prefix_override:/usr/lib/python3/dist-packages/colcon_core/task/python/colcon_distutils_commands:/workspace/towen/install/motionpackage/lib/python3.10/site-packages:${PYTHONPATH} /usr/bin/python3 -W ignore:setup.py install is deprecated setup.py egg_info --egg-base ../../build/motionpackage build --build-base /workspace/towen/build/motionpackage/build install --record /workspace/towen/build/motionpackage/install.log --single-version-externally-managed install_data
[4.210s] running egg_info
[4.260s] writing ../../build/motionpackage/motionpackage.egg-info/PKG-INFO
[4.261s] writing dependency_links to ../../build/motionpackage/motionpackage.egg-info/dependency_links.txt
[4.261s] writing entry points to ../../build/motionpackage/motionpackage.egg-info/entry_points.txt
[4.261s] writing requirements to ../../build/motionpackage/motionpackage.egg-info/requires.txt
[4.262s] writing top-level names to ../../build/motionpackage/motionpackage.egg-info/top_level.txt
[4.354s] reading manifest file '../../build/motionpackage/motionpackage.egg-info/SOURCES.txt'
[4.355s] adding license file 'LICENSE'
[4.358s] writing manifest file '../../build/motionpackage/motionpackage.egg-info/SOURCES.txt'
[4.362s] running build
[4.363s] running build_py
[4.364s] copying motionpackage/opencr_imu.py -> /workspace/towen/build/motionpackage/build/lib/motionpackage
[4.365s] copying motionpackage/test.py -> /workspace/towen/build/motionpackage/build/lib/motionpackage
[4.366s] copying motionpackage/__init__.py -> /workspace/towen/build/motionpackage/build/lib/motionpackage
[4.367s] copying motionpackage/motion_0725.py -> /workspace/towen/build/motionpackage/build/lib/motionpackage
[4.368s] copying motionpackage/import struct.py -> /workspace/towen/build/motionpackage/build/lib/motionpackage
[4.369s] copying motionpackage/walking.py -> /workspace/towen/build/motionpackage/build/lib/motionpackage
[4.369s] copying motionpackage/motionpackage.py -> /workspace/towen/build/motionpackage/build/lib/motionpackage
[4.370s] running install
[4.373s] running install_lib
[4.421s] copying /workspace/towen/build/motionpackage/build/lib/motionpackage/motionpackage.py -> /workspace/towen/install/motionpackage/lib/python3.10/site-packages/motionpackage
[4.424s] byte-compiling /workspace/towen/install/motionpackage/lib/python3.10/site-packages/motionpackage/motionpackage.py to motionpackage.cpython-310.pyc
[4.439s] running install_data
[4.440s] copying resource/motionpackage -> /workspace/towen/install/motionpackage/share/ament_index/resource_index/packages
[4.441s] copying package.xml -> /workspace/towen/install/motionpackage/share/motionpackage
[4.442s] running install_egg_info
[4.497s] removing '/workspace/towen/install/motionpackage/lib/python3.10/site-packages/motionpackage-0.0.0-py3.10.egg-info' (and everything under it)
[4.497s] Copying ../../build/motionpackage/motionpackage.egg-info to /workspace/towen/install/motionpackage/lib/python3.10/site-packages/motionpackage-0.0.0-py3.10.egg-info
[4.497s] running install_scripts
[4.929s] Installing motionpackage script to /workspace/towen/install/motionpackage/lib/motionpackage
[4.930s] writing list of installed files to '/workspace/towen/build/motionpackage/install.log'
[5.025s] Invoked command in '/workspace/towen/src/motionpackage' returned '0': BYOBU_DATE=%Y-%m-%d PYTHONPATH=/workspace/towen/build/motionpackage/prefix_override:/usr/lib/python3/dist-packages/colcon_core/task/python/colcon_distutils_commands:/workspace/towen/install/motionpackage/lib/python3.10/site-packages:${PYTHONPATH} /usr/bin/python3 -W ignore:setup.py install is deprecated setup.py egg_info --egg-base ../../build/motionpackage build --build-base /workspace/towen/build/motionpackage/build install --record /workspace/towen/build/motionpackage/install.log --single-version-externally-managed install_data
