[3.609s] Invoking command in '/workspace/towen/src/motionpackage': BYOBU_DATE=%Y-%m-%d PYTHONPATH=/workspace/towen/build/motionpackage/prefix_override:/usr/lib/python3/dist-packages/colcon_core/task/python/colcon_distutils_commands:/workspace/towen/install/motionpackage/lib/python3.10/site-packages:${PYTHONPATH} /usr/bin/python3 -W ignore:setup.py install is deprecated setup.py egg_info --egg-base ../../build/motionpackage build --build-base /workspace/towen/build/motionpackage/build install --record /workspace/towen/build/motionpackage/install.log --single-version-externally-managed install_data
[4.114s] /home/work/.local/lib/python3.10/site-packages/setuptools/_distutils/dist.py:289: UserWarning: Unknown distribution option: 'tests_require'
[4.115s]   warnings.warn(msg)
[4.453s] running egg_info
[4.505s] writing ../../build/motionpackage/motionpackage.egg-info/PKG-INFO
[4.508s] writing dependency_links to ../../build/motionpackage/motionpackage.egg-info/dependency_links.txt
[4.509s] writing entry points to ../../build/motionpackage/motionpackage.egg-info/entry_points.txt
[4.510s] writing requirements to ../../build/motionpackage/motionpackage.egg-info/requires.txt
[4.512s] writing top-level names to ../../build/motionpackage/motionpackage.egg-info/top_level.txt
[4.610s] reading manifest file '../../build/motionpackage/motionpackage.egg-info/SOURCES.txt'
[4.612s] adding license file 'LICENSE'
[4.615s] writing manifest file '../../build/motionpackage/motionpackage.egg-info/SOURCES.txt'
[4.616s] running build
[4.617s] running build_py
[4.618s] copying motionpackage/opencr_imu.py -> /workspace/towen/build/motionpackage/build/lib/motionpackage
[4.619s] copying motionpackage/test.py -> /workspace/towen/build/motionpackage/build/lib/motionpackage
[4.620s] copying motionpackage/__init__.py -> /workspace/towen/build/motionpackage/build/lib/motionpackage
[4.621s] copying motionpackage/import struct.py -> /workspace/towen/build/motionpackage/build/lib/motionpackage
[4.623s] copying motionpackage/walking.py -> /workspace/towen/build/motionpackage/build/lib/motionpackage
[4.624s] copying motionpackage/motionpackage.py -> /workspace/towen/build/motionpackage/build/lib/motionpackage
[4.625s] running install
[4.632s] running install_lib
[4.685s] running install_data
[4.686s] copying resource/motionpackage -> /workspace/towen/install/motionpackage/share/ament_index/resource_index/packages
[4.688s] copying package.xml -> /workspace/towen/install/motionpackage/share/motionpackage
[4.689s] running install_egg_info
[4.739s] removing '/workspace/towen/install/motionpackage/lib/python3.10/site-packages/motionpackage-0.0.0-py3.10.egg-info' (and everything under it)
[4.740s] Copying ../../build/motionpackage/motionpackage.egg-info to /workspace/towen/install/motionpackage/lib/python3.10/site-packages/motionpackage-0.0.0-py3.10.egg-info
[4.743s] running install_scripts
[4.847s] Installing motionpackage script to /workspace/towen/install/motionpackage/lib/motionpackage
[4.848s] writing list of installed files to '/workspace/towen/build/motionpackage/install.log'
[4.966s] Invoked command in '/workspace/towen/src/motionpackage' returned '0': BYOBU_DATE=%Y-%m-%d PYTHONPATH=/workspace/towen/build/motionpackage/prefix_override:/usr/lib/python3/dist-packages/colcon_core/task/python/colcon_distutils_commands:/workspace/towen/install/motionpackage/lib/python3.10/site-packages:${PYTHONPATH} /usr/bin/python3 -W ignore:setup.py install is deprecated setup.py egg_info --egg-base ../../build/motionpackage build --build-base /workspace/towen/build/motionpackage/build install --record /workspace/towen/build/motionpackage/install.log --single-version-externally-managed install_data
