[2.406s] Invoking command in '/workspace/towen/src/imageprocess': BYOBU_DATE=%Y-%m-%d PYTHONPATH=/workspace/towen/build/imageprocess/prefix_override:/usr/lib/python3/dist-packages/colcon_core/task/python/colcon_distutils_commands:/workspace/towen/install/imageprocess/lib/python3.10/site-packages:${PYTHONPATH} /usr/bin/python3 -W ignore:setup.py install is deprecated setup.py egg_info --egg-base ../../build/imageprocess build --build-base /workspace/towen/build/imageprocess/build install --record /workspace/towen/build/imageprocess/install.log --single-version-externally-managed install_data
[3.224s] running egg_info
[3.279s] writing ../../build/imageprocess/imageprocess.egg-info/PKG-INFO
[3.281s] writing dependency_links to ../../build/imageprocess/imageprocess.egg-info/dependency_links.txt
[3.282s] writing entry points to ../../build/imageprocess/imageprocess.egg-info/entry_points.txt
[3.283s] writing requirements to ../../build/imageprocess/imageprocess.egg-info/requires.txt
[3.283s] writing top-level names to ../../build/imageprocess/imageprocess.egg-info/top_level.txt
[3.392s] reading manifest file '../../build/imageprocess/imageprocess.egg-info/SOURCES.txt'
[3.396s] adding license file 'LICENSE'
[3.400s] writing manifest file '../../build/imageprocess/imageprocess.egg-info/SOURCES.txt'
[3.401s] running build
[3.410s] running build_py
[3.419s] copying imageprocess/modelparameter.py -> /workspace/towen/build/imageprocess/build/lib/imageprocess
[3.419s] copying imageprocess/image_0417.py -> /workspace/towen/build/imageprocess/build/lib/imageprocess
[3.419s] copying imageprocess/dataunit.py -> /workspace/towen/build/imageprocess/build/lib/imageprocess
[3.420s] copying imageprocess/123123.py -> /workspace/towen/build/imageprocess/build/lib/imageprocess
[3.420s] copying imageprocess/image_test.py -> /workspace/towen/build/imageprocess/build/lib/imageprocess
[3.420s] copying imageprocess/image.py -> /workspace/towen/build/imageprocess/build/lib/imageprocess
[3.420s] copying imageprocess/__init__.py -> /workspace/towen/build/imageprocess/build/lib/imageprocess
[3.420s] copying imageprocess/imageprocess.py -> /workspace/towen/build/imageprocess/build/lib/imageprocess
[3.421s] copying imageprocess/camera_segment_headless.py -> /workspace/towen/build/imageprocess/build/lib/imageprocess
[3.423s] running install
[3.450s] running install_lib
[3.528s] running install_data
[3.530s] copying resource/imageprocess -> /workspace/towen/install/imageprocess/share/ament_index/resource_index/packages
[3.531s] copying package.xml -> /workspace/towen/install/imageprocess/share/imageprocess
[3.532s] running install_egg_info
[3.583s] removing '/workspace/towen/install/imageprocess/lib/python3.10/site-packages/imageprocess-0.0.0-py3.10.egg-info' (and everything under it)
[3.583s] Copying ../../build/imageprocess/imageprocess.egg-info to /workspace/towen/install/imageprocess/lib/python3.10/site-packages/imageprocess-0.0.0-py3.10.egg-info
[3.583s] running install_scripts
[3.910s] Installing image script to /workspace/towen/install/imageprocess/lib/imageprocess
[3.912s] Installing image_test script to /workspace/towen/install/imageprocess/lib/imageprocess
[3.913s] Installing imageprocess script to /workspace/towen/install/imageprocess/lib/imageprocess
[3.914s] writing list of installed files to '/workspace/towen/build/imageprocess/install.log'
[4.347s] Invoked command in '/workspace/towen/src/imageprocess' returned '0': BYOBU_DATE=%Y-%m-%d PYTHONPATH=/workspace/towen/build/imageprocess/prefix_override:/usr/lib/python3/dist-packages/colcon_core/task/python/colcon_distutils_commands:/workspace/towen/install/imageprocess/lib/python3.10/site-packages:${PYTHONPATH} /usr/bin/python3 -W ignore:setup.py install is deprecated setup.py egg_info --egg-base ../../build/imageprocess build --build-base /workspace/towen/build/imageprocess/build install --record /workspace/towen/build/imageprocess/install.log --single-version-externally-managed install_data
