[4.502s] Invoking command in '/workspace/towen/src/motionpackage': BYOBU_DATE=%Y-%m-%d PYTHONPATH=/workspace/towen/build/motionpackage/prefix_override:/usr/lib/python3/dist-packages/colcon_core/task/python/colcon_distutils_commands:/workspace/towen/install/motionpackage/lib/python3.10/site-packages:${PYTHONPATH} /usr/bin/python3 -W ignore:setup.py install is deprecated setup.py egg_info --egg-base ../../build/motionpackage build --build-base /workspace/towen/build/motionpackage/build install --record /workspace/towen/build/motionpackage/install.log --single-version-externally-managed install_data
[5.528s] running egg_info
[5.618s] writing ../../build/motionpackage/motionpackage.egg-info/PKG-INFO
[5.619s] writing dependency_links to ../../build/motionpackage/motionpackage.egg-info/dependency_links.txt
[5.619s] writing entry points to ../../build/motionpackage/motionpackage.egg-info/entry_points.txt
[5.619s] writing requirements to ../../build/motionpackage/motionpackage.egg-info/requires.txt
[5.619s] writing top-level names to ../../build/motionpackage/motionpackage.egg-info/top_level.txt
[5.773s] reading manifest file '../../build/motionpackage/motionpackage.egg-info/SOURCES.txt'
[5.774s] adding license file 'LICENSE'
[5.779s] writing manifest file '../../build/motionpackage/motionpackage.egg-info/SOURCES.txt'
[5.779s] running build
[5.779s] running build_py
[5.779s] copying motionpackage/opencr_imu.py -> /workspace/towen/build/motionpackage/build/lib/motionpackage
[5.780s] copying motionpackage/test.py -> /workspace/towen/build/motionpackage/build/lib/motionpackage
[5.780s] copying motionpackage/__init__.py -> /workspace/towen/build/motionpackage/build/lib/motionpackage
[5.781s] copying motionpackage/import struct.py -> /workspace/towen/build/motionpackage/build/lib/motionpackage
[5.781s] copying motionpackage/walking.py -> /workspace/towen/build/motionpackage/build/lib/motionpackage
[5.782s] copying motionpackage/motionpackage.py -> /workspace/towen/build/motionpackage/build/lib/motionpackage
[5.783s] running install
[5.794s] running install_lib
[5.864s] running install_data
[5.866s] copying resource/motionpackage -> /workspace/towen/install/motionpackage/share/ament_index/resource_index/packages
[5.866s] copying package.xml -> /workspace/towen/install/motionpackage/share/motionpackage
[5.869s] running install_egg_info
[5.932s] removing '/workspace/towen/install/motionpackage/lib/python3.10/site-packages/motionpackage-0.0.0-py3.10.egg-info' (and everything under it)
[5.938s] Copying ../../build/motionpackage/motionpackage.egg-info to /workspace/towen/install/motionpackage/lib/python3.10/site-packages/motionpackage-0.0.0-py3.10.egg-info
[5.938s] running install_scripts
[6.083s] Installing motionpackage script to /workspace/towen/install/motionpackage/lib/motionpackage
[6.083s] writing list of installed files to '/workspace/towen/build/motionpackage/install.log'
[6.261s] Invoked command in '/workspace/towen/src/motionpackage' returned '0': BYOBU_DATE=%Y-%m-%d PYTHONPATH=/workspace/towen/build/motionpackage/prefix_override:/usr/lib/python3/dist-packages/colcon_core/task/python/colcon_distutils_commands:/workspace/towen/install/motionpackage/lib/python3.10/site-packages:${PYTHONPATH} /usr/bin/python3 -W ignore:setup.py install is deprecated setup.py egg_info --egg-base ../../build/motionpackage build --build-base /workspace/towen/build/motionpackage/build install --record /workspace/towen/build/motionpackage/install.log --single-version-externally-managed install_data
