[0.706s] Invoking command in '/workspace/towen/build/image_geometry': BYOBU_DATE=%Y-%m-%d CMAKE_PREFIX_PATH=${CMAKE_PREFIX_PATH}:/workspace/towen/install/strategy:/workspace/towen/install/rosidl_cli:/workspace/towen/install/opencv_tests:/workspace/towen/install/motionpackage:/workspace/towen/install/imageprocess:/opt/ros/humble /usr/local/bin/cmake --build /workspace/towen/build/image_geometry -- -j6 -l6
[1.035s] [  0%] Built target ament_cmake_python_copy_image_geometry
[1.094s] [ 22%] Built target gtest
[1.830s] running egg_info
[1.874s] writing image_geometry.egg-info/PKG-INFO
[1.877s] writing dependency_links to image_geometry.egg-info/dependency_links.txt
[1.878s] writing top-level names to image_geometry.egg-info/top_level.txt
[2.021s] reading manifest file 'image_geometry.egg-info/SOURCES.txt'
[2.027s] writing manifest file 'image_geometry.egg-info/SOURCES.txt'
[2.180s] [ 22%] Built target ament_cmake_python_build_image_geometry_egg
[2.258s] [ 44%] Built target gtest_main
[2.296s] [ 77%] Built target image_geometry
[2.337s] [100%] Built target image_geometry-utest
[2.401s] Invoked command in '/workspace/towen/build/image_geometry' returned '0': BYOBU_DATE=%Y-%m-%d CMAKE_PREFIX_PATH=${CMAKE_PREFIX_PATH}:/workspace/towen/install/strategy:/workspace/towen/install/rosidl_cli:/workspace/towen/install/opencv_tests:/workspace/towen/install/motionpackage:/workspace/towen/install/imageprocess:/opt/ros/humble /usr/local/bin/cmake --build /workspace/towen/build/image_geometry -- -j6 -l6
[2.835s] Invoking command in '/workspace/towen/build/image_geometry': BYOBU_DATE=%Y-%m-%d CMAKE_PREFIX_PATH=${CMAKE_PREFIX_PATH}:/workspace/towen/install/strategy:/workspace/towen/install/rosidl_cli:/workspace/towen/install/opencv_tests:/workspace/towen/install/motionpackage:/workspace/towen/install/imageprocess:/opt/ros/humble /usr/local/bin/cmake --install /workspace/towen/build/image_geometry
[3.055s] -- Install configuration: ""
[3.055s] -- Up-to-date: /workspace/towen/install/image_geometry/share/image_geometry/environment/pythonpath.sh
[3.056s] -- Up-to-date: /workspace/towen/install/image_geometry/share/image_geometry/environment/pythonpath.dsv
[3.056s] -- Up-to-date: /workspace/towen/install/image_geometry/local/lib/python3.10/dist-packages/image_geometry-3.2.1-py3.10.egg-info
[3.056s] -- Installing: /workspace/towen/install/image_geometry/local/lib/python3.10/dist-packages/image_geometry-3.2.1-py3.10.egg-info/PKG-INFO
[3.056s] -- Installing: /workspace/towen/install/image_geometry/local/lib/python3.10/dist-packages/image_geometry-3.2.1-py3.10.egg-info/top_level.txt
[3.056s] -- Installing: /workspace/towen/install/image_geometry/local/lib/python3.10/dist-packages/image_geometry-3.2.1-py3.10.egg-info/SOURCES.txt
[3.056s] -- Installing: /workspace/towen/install/image_geometry/local/lib/python3.10/dist-packages/image_geometry-3.2.1-py3.10.egg-info/dependency_links.txt
[3.057s] -- Up-to-date: /workspace/towen/install/image_geometry/local/lib/python3.10/dist-packages/image_geometry
[3.057s] -- Up-to-date: /workspace/towen/install/image_geometry/local/lib/python3.10/dist-packages/image_geometry/__init__.py
[3.057s] -- Up-to-date: /workspace/towen/install/image_geometry/local/lib/python3.10/dist-packages/image_geometry/cameramodels.py
[3.178s] Listing '/workspace/towen/install/image_geometry/local/lib/python3.10/dist-packages/image_geometry'...
[3.205s] -- Up-to-date: /workspace/towen/install/image_geometry/include/image_geometry
[3.213s] -- Up-to-date: /workspace/towen/install/image_geometry/include/image_geometry/image_geometry
[3.220s] -- Up-to-date: /workspace/towen/install/image_geometry/include/image_geometry/image_geometry/visibility_control.hpp
[3.220s] -- Up-to-date: /workspace/towen/install/image_geometry/include/image_geometry/image_geometry/stereo_camera_model.h
[3.220s] -- Up-to-date: /workspace/towen/install/image_geometry/include/image_geometry/image_geometry/pinhole_camera_model.h
[3.221s] -- Up-to-date: /workspace/towen/install/image_geometry/lib/libimage_geometry.so
[3.222s] -- Up-to-date: /workspace/towen/install/image_geometry/share/ament_index/resource_index/package_run_dependencies/image_geometry
[3.222s] -- Up-to-date: /workspace/towen/install/image_geometry/share/ament_index/resource_index/parent_prefix_path/image_geometry
[3.223s] -- Up-to-date: /workspace/towen/install/image_geometry/share/image_geometry/environment/ament_prefix_path.sh
[3.223s] -- Up-to-date: /workspace/towen/install/image_geometry/share/image_geometry/environment/ament_prefix_path.dsv
[3.223s] -- Up-to-date: /workspace/towen/install/image_geometry/share/image_geometry/environment/path.sh
[3.223s] -- Up-to-date: /workspace/towen/install/image_geometry/share/image_geometry/environment/path.dsv
[3.223s] -- Up-to-date: /workspace/towen/install/image_geometry/share/image_geometry/local_setup.bash
[3.223s] -- Up-to-date: /workspace/towen/install/image_geometry/share/image_geometry/local_setup.sh
[3.223s] -- Up-to-date: /workspace/towen/install/image_geometry/share/image_geometry/local_setup.zsh
[3.224s] -- Up-to-date: /workspace/towen/install/image_geometry/share/image_geometry/local_setup.dsv
[3.224s] -- Installing: /workspace/towen/install/image_geometry/share/image_geometry/package.dsv
[3.225s] -- Up-to-date: /workspace/towen/install/image_geometry/share/ament_index/resource_index/packages/image_geometry
[3.225s] -- Up-to-date: /workspace/towen/install/image_geometry/share/image_geometry/cmake/export_image_geometryExport.cmake
[3.225s] -- Up-to-date: /workspace/towen/install/image_geometry/share/image_geometry/cmake/export_image_geometryExport-noconfig.cmake
[3.225s] -- Up-to-date: /workspace/towen/install/image_geometry/share/image_geometry/cmake/ament_cmake_export_targets-extras.cmake
[3.225s] -- Up-to-date: /workspace/towen/install/image_geometry/share/image_geometry/cmake/ament_cmake_export_dependencies-extras.cmake
[3.226s] -- Up-to-date: /workspace/towen/install/image_geometry/share/image_geometry/cmake/image_geometryConfig.cmake
[3.226s] -- Up-to-date: /workspace/towen/install/image_geometry/share/image_geometry/cmake/image_geometryConfig-version.cmake
[3.226s] -- Up-to-date: /workspace/towen/install/image_geometry/share/image_geometry/package.xml
[3.275s] Invoked command in '/workspace/towen/build/image_geometry' returned '0': BYOBU_DATE=%Y-%m-%d CMAKE_PREFIX_PATH=${CMAKE_PREFIX_PATH}:/workspace/towen/install/strategy:/workspace/towen/install/rosidl_cli:/workspace/towen/install/opencv_tests:/workspace/towen/install/motionpackage:/workspace/towen/install/imageprocess:/opt/ros/humble /usr/local/bin/cmake --install /workspace/towen/build/image_geometry
