[0.693s] Invoking command in '/workspace/towen/build/cv_bridge': BYOBU_DATE=%Y-%m-%d CMAKE_PREFIX_PATH=${CMAKE_PREFIX_PATH}:/workspace/towen/src/motionpackage/install/motionpackage:/workspace/towen/install/strategy:/workspace/towen/install/rosidl_cli:/workspace/towen/install/opencv_tests:/workspace/towen/install/motionpackage:/workspace/towen/install/imageprocess:/opt/ros/humble /usr/local/bin/cmake --build /workspace/towen/build/cv_bridge -- -j6 -l6
[1.007s] [ 12%] Built target gtest_main
[1.012s] [ 25%] Built target gtest
[1.020s] [ 25%] Built target ament_cmake_python_symlink_cv_bridge
[1.025s] [ 43%] Built target cv_bridge
[1.179s] [ 81%] Built target cv_bridge-utest
[1.226s] [100%] Built target cv_bridge_boost
[1.902s] running egg_info
[1.950s] writing cv_bridge.egg-info/PKG-INFO
[1.952s] writing dependency_links to cv_bridge.egg-info/dependency_links.txt
[1.953s] writing top-level names to cv_bridge.egg-info/top_level.txt
[2.146s] reading manifest file 'cv_bridge.egg-info/SOURCES.txt'
[2.148s] writing manifest file 'cv_bridge.egg-info/SOURCES.txt'
[2.233s] [100%] Built target ament_cmake_python_build_cv_bridge_egg
[2.308s] Invoked command in '/workspace/towen/build/cv_bridge' returned '0': BYOBU_DATE=%Y-%m-%d CMAKE_PREFIX_PATH=${CMAKE_PREFIX_PATH}:/workspace/towen/src/motionpackage/install/motionpackage:/workspace/towen/install/strategy:/workspace/towen/install/rosidl_cli:/workspace/towen/install/opencv_tests:/workspace/towen/install/motionpackage:/workspace/towen/install/imageprocess:/opt/ros/humble /usr/local/bin/cmake --build /workspace/towen/build/cv_bridge -- -j6 -l6
[2.705s] Invoking command in '/workspace/towen/build/cv_bridge': BYOBU_DATE=%Y-%m-%d CMAKE_PREFIX_PATH=${CMAKE_PREFIX_PATH}:/workspace/towen/src/motionpackage/install/motionpackage:/workspace/towen/install/strategy:/workspace/towen/install/rosidl_cli:/workspace/towen/install/opencv_tests:/workspace/towen/install/motionpackage:/workspace/towen/install/imageprocess:/opt/ros/humble /usr/local/bin/cmake --install /workspace/towen/build/cv_bridge
[2.948s] -- Install configuration: "Release"
[2.950s] -- Execute custom install script
[2.951s] -- Up-to-date symlink: /workspace/towen/install/cv_bridge/share/cv_bridge/environment/pythonpath.sh
[2.952s] -- Up-to-date symlink: /workspace/towen/install/cv_bridge/share/cv_bridge/environment/pythonpath.dsv
[2.953s] -- Up-to-date symlink: /workspace/towen/install/cv_bridge/local/lib/python3.10/dist-packages/cv_bridge-3.2.1-py3.10.egg-info/PKG-INFO
[2.954s] -- Up-to-date symlink: /workspace/towen/install/cv_bridge/local/lib/python3.10/dist-packages/cv_bridge-3.2.1-py3.10.egg-info/SOURCES.txt
[2.956s] -- Up-to-date symlink: /workspace/towen/install/cv_bridge/local/lib/python3.10/dist-packages/cv_bridge-3.2.1-py3.10.egg-info/dependency_links.txt
[2.957s] -- Up-to-date symlink: /workspace/towen/install/cv_bridge/local/lib/python3.10/dist-packages/cv_bridge-3.2.1-py3.10.egg-info/top_level.txt
[2.958s] -- Up-to-date symlink: /workspace/towen/install/cv_bridge/local/lib/python3.10/dist-packages/cv_bridge/__init__.py
[2.959s] -- Up-to-date symlink: /workspace/towen/install/cv_bridge/local/lib/python3.10/dist-packages/cv_bridge/core.py
[2.960s] -- Up-to-date symlink: /workspace/towen/install/cv_bridge/include/cv_bridge/cv_bridge/cv_bridge_export.h
[2.961s] -- Up-to-date symlink: /workspace/towen/install/cv_bridge/local/lib/python3.10/dist-packages/cv_bridge/boost//cv_bridge_boost.so
[2.963s] -- Up-to-date symlink: /workspace/towen/install/cv_bridge/include/cv_bridge/cv_bridge/cv_bridge.h
[2.964s] -- Up-to-date symlink: /workspace/towen/install/cv_bridge/include/cv_bridge/cv_bridge/rgb_colors.h
[2.965s] -- Up-to-date symlink: /workspace/towen/install/cv_bridge/lib/libcv_bridge.so
[2.965s] -- Up-to-date symlink: /workspace/towen/install/cv_bridge/share/ament_index/resource_index/package_run_dependencies/cv_bridge
[2.966s] -- Up-to-date symlink: /workspace/towen/install/cv_bridge/share/ament_index/resource_index/parent_prefix_path/cv_bridge
[2.967s] -- Up-to-date symlink: /workspace/towen/install/cv_bridge/share/cv_bridge/environment/ament_prefix_path.sh
[2.968s] -- Up-to-date symlink: /workspace/towen/install/cv_bridge/share/cv_bridge/environment/ament_prefix_path.dsv
[2.971s] -- Up-to-date symlink: /workspace/towen/install/cv_bridge/share/cv_bridge/environment/path.sh
[2.972s] -- Up-to-date symlink: /workspace/towen/install/cv_bridge/share/cv_bridge/environment/path.dsv
[2.973s] -- Up-to-date symlink: /workspace/towen/install/cv_bridge/share/cv_bridge/local_setup.bash
[2.974s] -- Up-to-date symlink: /workspace/towen/install/cv_bridge/share/cv_bridge/local_setup.sh
[2.975s] -- Up-to-date symlink: /workspace/towen/install/cv_bridge/share/cv_bridge/local_setup.zsh
[2.976s] -- Up-to-date symlink: /workspace/towen/install/cv_bridge/share/cv_bridge/local_setup.dsv
[2.979s] -- Symlinking: /workspace/towen/install/cv_bridge/share/cv_bridge/package.dsv
[2.979s] -- Up-to-date symlink: /workspace/towen/install/cv_bridge/share/ament_index/resource_index/packages/cv_bridge
[2.979s] -- Up-to-date symlink: /workspace/towen/install/cv_bridge/share/cv_bridge/cmake/cv_bridge-extras.cmake
[2.979s] -- Up-to-date symlink: /workspace/towen/install/cv_bridge/share/cv_bridge/cmake/ament_cmake_export_dependencies-extras.cmake
[2.979s] -- Up-to-date symlink: /workspace/towen/install/cv_bridge/share/cv_bridge/cmake/ament_cmake_export_targets-extras.cmake
[2.980s] -- Up-to-date symlink: /workspace/towen/install/cv_bridge/share/cv_bridge/cmake/cv_bridgeConfig.cmake
[2.980s] -- Up-to-date symlink: /workspace/towen/install/cv_bridge/share/cv_bridge/cmake/cv_bridgeConfig-version.cmake
[2.980s] -- Up-to-date symlink: /workspace/towen/install/cv_bridge/share/cv_bridge/package.xml
[3.107s] Listing '/workspace/towen/install/cv_bridge/local/lib/python3.10/dist-packages/cv_bridge'...
[3.112s] Listing '/workspace/towen/install/cv_bridge/local/lib/python3.10/dist-packages/cv_bridge/boost'...
[3.123s] -- Up-to-date: /workspace/towen/install/cv_bridge/share/cv_bridge/cmake/export_cv_bridgeExport.cmake
[3.123s] -- Up-to-date: /workspace/towen/install/cv_bridge/share/cv_bridge/cmake/export_cv_bridgeExport-release.cmake
[3.190s] Invoked command in '/workspace/towen/build/cv_bridge' returned '0': BYOBU_DATE=%Y-%m-%d CMAKE_PREFIX_PATH=${CMAKE_PREFIX_PATH}:/workspace/towen/src/motionpackage/install/motionpackage:/workspace/towen/install/strategy:/workspace/towen/install/rosidl_cli:/workspace/towen/install/opencv_tests:/workspace/towen/install/motionpackage:/workspace/towen/install/imageprocess:/opt/ros/humble /usr/local/bin/cmake --install /workspace/towen/build/cv_bridge
