/home/work/.local/lib/python3.10/site-packages/setuptools/dist.py:759: SetuptoolsDeprecationWarning: License classifiers are deprecated.
!!

        ********************************************************************************
        Please consider removing the following classifiers in favor of a SPDX license expression:

        License :: OSI Approved :: Apache Software License

        See https://packaging.python.org/en/latest/guides/writing-pyproject-toml/#license for details.
        ********************************************************************************

!!
  self._finalize_license_expression()
running egg_info
writing ../../build/strategy/strategy.egg-info/PKG-INFO
writing dependency_links to ../../build/strategy/strategy.egg-info/dependency_links.txt
writing entry points to ../../build/strategy/strategy.egg-info/entry_points.txt
writing requirements to ../../build/strategy/strategy.egg-info/requires.txt
writing top-level names to ../../build/strategy/strategy.egg-info/top_level.txt
reading manifest file '../../build/strategy/strategy.egg-info/SOURCES.txt'
adding license file 'LICENSE'
writing manifest file '../../build/strategy/strategy.egg-info/SOURCES.txt'
running build
running build_py
copying strategy/__init__.py -> /workspace/towen/build/strategy/build/lib/strategy
copying strategy/API.py -> /workspace/towen/build/strategy/build/lib/strategy
copying strategy/mar/__init__.py -> /workspace/towen/build/strategy/build/lib/strategy/mar
copying strategy/mar/mar.py -> /workspace/towen/build/strategy/build/lib/strategy/mar
copying strategy/wl/wl.py -> /workspace/towen/build/strategy/build/lib/strategy/wl
copying strategy/wl/__init__.py -> /workspace/towen/build/strategy/build/lib/strategy/wl
copying strategy/sp/sp.py -> /workspace/towen/build/strategy/build/lib/strategy/sp
copying strategy/sp/__init__.py -> /workspace/towen/build/strategy/build/lib/strategy/sp
copying strategy/obs/__init__.py -> /workspace/towen/build/strategy/build/lib/strategy/obs
copying strategy/obs/obs.py -> /workspace/towen/build/strategy/build/lib/strategy/obs
copying strategy/sr/__init__.py -> /workspace/towen/build/strategy/build/lib/strategy/sr
copying strategy/sr/sr.py -> /workspace/towen/build/strategy/build/lib/strategy/sr
copying strategy/bb/__init__.py -> /workspace/towen/build/strategy/build/lib/strategy/bb
copying strategy/bb/bb.py -> /workspace/towen/build/strategy/build/lib/strategy/bb
copying strategy/ar/__init__.py -> /workspace/towen/build/strategy/build/lib/strategy/ar
copying strategy/ar/ar.py -> /workspace/towen/build/strategy/build/lib/strategy/ar
running install
running install_lib
running install_data
copying resource/strategy -> /workspace/towen/install/strategy/share/ament_index/resource_index/packages
copying package.xml -> /workspace/towen/install/strategy/share/strategy
running install_egg_info
removing '/workspace/towen/install/strategy/lib/python3.10/site-packages/strategy-0.0.0-py3.10.egg-info' (and everything under it)
Copying ../../build/strategy/strategy.egg-info to /workspace/towen/install/strategy/lib/python3.10/site-packages/strategy-0.0.0-py3.10.egg-info
running install_scripts
Installing ar script to /workspace/towen/install/strategy/lib/strategy
Installing bb script to /workspace/towen/install/strategy/lib/strategy
Installing mar script to /workspace/towen/install/strategy/lib/strategy
Installing obs script to /workspace/towen/install/strategy/lib/strategy
Installing sp script to /workspace/towen/install/strategy/lib/strategy
Installing sr script to /workspace/towen/install/strategy/lib/strategy
Installing wl script to /workspace/towen/install/strategy/lib/strategy
writing list of installed files to '/workspace/towen/build/strategy/install.log'
