[6.199s] Invoking command in '/workspace/towen/src/motionpackage': BYOBU_DATE=%Y-%m-%d PYTHONPATH=/workspace/towen/build/motionpackage/prefix_override:/usr/lib/python3/dist-packages/colcon_core/task/python/colcon_distutils_commands:/workspace/towen/install/motionpackage/lib/python3.10/site-packages:${PYTHONPATH} /usr/bin/python3 -W ignore:setup.py install is deprecated setup.py egg_info --egg-base ../../build/motionpackage build --build-base /workspace/towen/build/motionpackage/build install --record /workspace/towen/build/motionpackage/install.log --single-version-externally-managed install_data
[7.547s] /home/work/.local/lib/python3.10/site-packages/setuptools/_distutils/dist.py:289: UserWarning: Unknown distribution option: 'tests_require'
[7.548s]   warnings.warn(msg)
[7.989s] running egg_info
[8.220s] writing ../../build/motionpackage/motionpackage.egg-info/PKG-INFO
[8.229s] writing dependency_links to ../../build/motionpackage/motionpackage.egg-info/dependency_links.txt
[8.236s] writing entry points to ../../build/motionpackage/motionpackage.egg-info/entry_points.txt
[8.239s] writing requirements to ../../build/motionpackage/motionpackage.egg-info/requires.txt
[8.253s] writing top-level names to ../../build/motionpackage/motionpackage.egg-info/top_level.txt
[8.548s] reading manifest file '../../build/motionpackage/motionpackage.egg-info/SOURCES.txt'
[8.556s] adding license file 'LICENSE'
[8.586s] writing manifest file '../../build/motionpackage/motionpackage.egg-info/SOURCES.txt'
[8.599s] running build
[8.613s] running build_py
[8.635s] copying motionpackage/opencr_imu.py -> /workspace/towen/build/motionpackage/build/lib/motionpackage
[8.654s] copying motionpackage/test.py -> /workspace/towen/build/motionpackage/build/lib/motionpackage
[8.654s] copying motionpackage/__init__.py -> /workspace/towen/build/motionpackage/build/lib/motionpackage
[8.660s] copying motionpackage/import struct.py -> /workspace/towen/build/motionpackage/build/lib/motionpackage
[8.677s] copying motionpackage/walking.py -> /workspace/towen/build/motionpackage/build/lib/motionpackage
[8.690s] copying motionpackage/motionpackage.py -> /workspace/towen/build/motionpackage/build/lib/motionpackage
[8.698s] running install
[8.790s] running install_lib
[8.894s] running install_data
[8.897s] copying resource/motionpackage -> /workspace/towen/install/motionpackage/share/ament_index/resource_index/packages
[8.897s] copying package.xml -> /workspace/towen/install/motionpackage/share/motionpackage
[8.898s] running install_egg_info
[8.906s] removing '/workspace/towen/install/motionpackage/lib/python3.10/site-packages/motionpackage-0.0.0-py3.10.egg-info' (and everything under it)
[8.906s] Copying ../../build/motionpackage/motionpackage.egg-info to /workspace/towen/install/motionpackage/lib/python3.10/site-packages/motionpackage-0.0.0-py3.10.egg-info
[8.907s] running install_scripts
[9.010s] Installing motionpackage script to /workspace/towen/install/motionpackage/lib/motionpackage
[9.010s] writing list of installed files to '/workspace/towen/build/motionpackage/install.log'
[9.095s] Invoked command in '/workspace/towen/src/motionpackage' returned '0': BYOBU_DATE=%Y-%m-%d PYTHONPATH=/workspace/towen/build/motionpackage/prefix_override:/usr/lib/python3/dist-packages/colcon_core/task/python/colcon_distutils_commands:/workspace/towen/install/motionpackage/lib/python3.10/site-packages:${PYTHONPATH} /usr/bin/python3 -W ignore:setup.py install is deprecated setup.py egg_info --egg-base ../../build/motionpackage build --build-base /workspace/towen/build/motionpackage/build install --record /workspace/towen/build/motionpackage/install.log --single-version-externally-managed install_data
