running egg_info
writing ../../build/imageprocess/imageprocess.egg-info/PKG-INFO
writing dependency_links to ../../build/imageprocess/imageprocess.egg-info/dependency_links.txt
writing entry points to ../../build/imageprocess/imageprocess.egg-info/entry_points.txt
writing requirements to ../../build/imageprocess/imageprocess.egg-info/requires.txt
writing top-level names to ../../build/imageprocess/imageprocess.egg-info/top_level.txt
reading manifest file '../../build/imageprocess/imageprocess.egg-info/SOURCES.txt'
adding license file 'LICENSE'
writing manifest file '../../build/imageprocess/imageprocess.egg-info/SOURCES.txt'
running build
running build_py
copying imageprocess/modelparameter.py -> /workspace/towen/build/imageprocess/build/lib/imageprocess
copying imageprocess/image_0417.py -> /workspace/towen/build/imageprocess/build/lib/imageprocess
copying imageprocess/dataunit.py -> /workspace/towen/build/imageprocess/build/lib/imageprocess
copying imageprocess/123123.py -> /workspace/towen/build/imageprocess/build/lib/imageprocess
copying imageprocess/image_test.py -> /workspace/towen/build/imageprocess/build/lib/imageprocess
copying imageprocess/image.py -> /workspace/towen/build/imageprocess/build/lib/imageprocess
copying imageprocess/__init__.py -> /workspace/towen/build/imageprocess/build/lib/imageprocess
copying imageprocess/imageprocess.py -> /workspace/towen/build/imageprocess/build/lib/imageprocess
copying imageprocess/camera_segment_headless.py -> /workspace/towen/build/imageprocess/build/lib/imageprocess
running install
running install_lib
copying /workspace/towen/build/imageprocess/build/lib/imageprocess/image.py -> /workspace/towen/install/imageprocess/lib/python3.10/site-packages/imageprocess
byte-compiling /workspace/towen/install/imageprocess/lib/python3.10/site-packages/imageprocess/image.py to image.cpython-310.pyc
running install_data
copying resource/imageprocess -> /workspace/towen/install/imageprocess/share/ament_index/resource_index/packages
copying package.xml -> /workspace/towen/install/imageprocess/share/imageprocess
running install_egg_info
removing '/workspace/towen/install/imageprocess/lib/python3.10/site-packages/imageprocess-0.0.0-py3.10.egg-info' (and everything under it)
Copying ../../build/imageprocess/imageprocess.egg-info to /workspace/towen/install/imageprocess/lib/python3.10/site-packages/imageprocess-0.0.0-py3.10.egg-info
running install_scripts
Installing image script to /workspace/towen/install/imageprocess/lib/imageprocess
Installing image_test script to /workspace/towen/install/imageprocess/lib/imageprocess
Installing imageprocess script to /workspace/towen/install/imageprocess/lib/imageprocess
writing list of installed files to '/workspace/towen/build/imageprocess/install.log'
