[4.242s] Invoking command in '/workspace/towen/src/motionpackage': BYOBU_DATE=%Y-%m-%d PYTHONPATH=/workspace/towen/build/motionpackage/prefix_override:/usr/lib/python3/dist-packages/colcon_core/task/python/colcon_distutils_commands:/workspace/towen/install/motionpackage/lib/python3.10/site-packages:${PYTHONPATH} /usr/bin/python3 -W ignore:setup.py install is deprecated setup.py egg_info --egg-base ../../build/motionpackage build --build-base /workspace/towen/build/motionpackage/build install --record /workspace/towen/build/motionpackage/install.log --single-version-externally-managed install_data
[6.854s] running egg_info
[6.907s] writing ../../build/motionpackage/motionpackage.egg-info/PKG-INFO
[6.913s] writing dependency_links to ../../build/motionpackage/motionpackage.egg-info/dependency_links.txt
[6.915s] writing entry points to ../../build/motionpackage/motionpackage.egg-info/entry_points.txt
[6.916s] writing requirements to ../../build/motionpackage/motionpackage.egg-info/requires.txt
[6.918s] writing top-level names to ../../build/motionpackage/motionpackage.egg-info/top_level.txt
[7.055s] reading manifest file '../../build/motionpackage/motionpackage.egg-info/SOURCES.txt'
[7.067s] adding license file 'LICENSE'
[7.068s] writing manifest file '../../build/motionpackage/motionpackage.egg-info/SOURCES.txt'
[7.072s] running build
[7.073s] running build_py
[7.075s] copying motionpackage/opencr_imu.py -> /workspace/towen/build/motionpackage/build/lib/motionpackage
[7.076s] copying motionpackage/test.py -> /workspace/towen/build/motionpackage/build/lib/motionpackage
[7.077s] copying motionpackage/__init__.py -> /workspace/towen/build/motionpackage/build/lib/motionpackage
[7.078s] copying motionpackage/import struct.py -> /workspace/towen/build/motionpackage/build/lib/motionpackage
[7.079s] copying motionpackage/walking.py -> /workspace/towen/build/motionpackage/build/lib/motionpackage
[7.080s] copying motionpackage/motionpackage.py -> /workspace/towen/build/motionpackage/build/lib/motionpackage
[7.081s] running install
[7.098s] running install_lib
[7.191s] running install_data
[7.193s] copying resource/motionpackage -> /workspace/towen/install/motionpackage/share/ament_index/resource_index/packages
[7.203s] copying package.xml -> /workspace/towen/install/motionpackage/share/motionpackage
[7.206s] running install_egg_info
[7.279s] removing '/workspace/towen/install/motionpackage/lib/python3.10/site-packages/motionpackage-0.0.0-py3.10.egg-info' (and everything under it)
[7.279s] Copying ../../build/motionpackage/motionpackage.egg-info to /workspace/towen/install/motionpackage/lib/python3.10/site-packages/motionpackage-0.0.0-py3.10.egg-info
[7.280s] running install_scripts
[7.781s] Installing motionpackage script to /workspace/towen/install/motionpackage/lib/motionpackage
[7.783s] writing list of installed files to '/workspace/towen/build/motionpackage/install.log'
