[3.793s] Invoking command in '/workspace/towen/src/imageprocess': BYOBU_DATE=%Y-%m-%d PYTHONPATH=/workspace/towen/build/imageprocess/prefix_override:/usr/lib/python3/dist-packages/colcon_core/task/python/colcon_distutils_commands:/workspace/towen/install/imageprocess/lib/python3.10/site-packages:${PYTHONPATH} /usr/bin/python3 -W ignore:setup.py install is deprecated setup.py egg_info --egg-base ../../build/imageprocess build --build-base /workspace/towen/build/imageprocess/build install --record /workspace/towen/build/imageprocess/install.log --single-version-externally-managed install_data
[4.752s] running egg_info
[4.802s] writing ../../build/imageprocess/imageprocess.egg-info/PKG-INFO
[4.806s] writing dependency_links to ../../build/imageprocess/imageprocess.egg-info/dependency_links.txt
[4.808s] writing entry points to ../../build/imageprocess/imageprocess.egg-info/entry_points.txt
[4.813s] writing requirements to ../../build/imageprocess/imageprocess.egg-info/requires.txt
[4.814s] writing top-level names to ../../build/imageprocess/imageprocess.egg-info/top_level.txt
[4.915s] reading manifest file '../../build/imageprocess/imageprocess.egg-info/SOURCES.txt'
[4.916s] adding license file 'LICENSE'
[4.921s] writing manifest file '../../build/imageprocess/imageprocess.egg-info/SOURCES.txt'
[4.922s] running build
[4.922s] running build_py
[4.923s] copying imageprocess/modelparameter.py -> /workspace/towen/build/imageprocess/build/lib/imageprocess
[4.924s] copying imageprocess/image_0417.py -> /workspace/towen/build/imageprocess/build/lib/imageprocess
[4.925s] copying imageprocess/dataunit.py -> /workspace/towen/build/imageprocess/build/lib/imageprocess
[4.926s] copying imageprocess/123123.py -> /workspace/towen/build/imageprocess/build/lib/imageprocess
[4.930s] copying imageprocess/image_test.py -> /workspace/towen/build/imageprocess/build/lib/imageprocess
[4.930s] copying imageprocess/image.py -> /workspace/towen/build/imageprocess/build/lib/imageprocess
[4.931s] copying imageprocess/__init__.py -> /workspace/towen/build/imageprocess/build/lib/imageprocess
[4.931s] copying imageprocess/imageprocess.py -> /workspace/towen/build/imageprocess/build/lib/imageprocess
[4.931s] copying imageprocess/camera_segment_headless.py -> /workspace/towen/build/imageprocess/build/lib/imageprocess
[4.931s] running install
[4.944s] running install_lib
[4.994s] running install_data
[4.996s] copying resource/imageprocess -> /workspace/towen/install/imageprocess/share/ament_index/resource_index/packages
[4.997s] copying package.xml -> /workspace/towen/install/imageprocess/share/imageprocess
[4.998s] running install_egg_info
[5.051s] removing '/workspace/towen/install/imageprocess/lib/python3.10/site-packages/imageprocess-0.0.0-py3.10.egg-info' (and everything under it)
[5.053s] Copying ../../build/imageprocess/imageprocess.egg-info to /workspace/towen/install/imageprocess/lib/python3.10/site-packages/imageprocess-0.0.0-py3.10.egg-info
[5.056s] running install_scripts
[5.521s] Installing image script to /workspace/towen/install/imageprocess/lib/imageprocess
[5.522s] Installing image_test script to /workspace/towen/install/imageprocess/lib/imageprocess
[5.523s] Installing imageprocess script to /workspace/towen/install/imageprocess/lib/imageprocess
[5.524s] writing list of installed files to '/workspace/towen/build/imageprocess/install.log'
[5.747s] Invoked command in '/workspace/towen/src/imageprocess' returned '0': BYOBU_DATE=%Y-%m-%d PYTHONPATH=/workspace/towen/build/imageprocess/prefix_override:/usr/lib/python3/dist-packages/colcon_core/task/python/colcon_distutils_commands:/workspace/towen/install/imageprocess/lib/python3.10/site-packages:${PYTHONPATH} /usr/bin/python3 -W ignore:setup.py install is deprecated setup.py egg_info --egg-base ../../build/imageprocess build --build-base /workspace/towen/build/imageprocess/build install --record /workspace/towen/build/imageprocess/install.log --single-version-externally-managed install_data
