[0.110s] Invoking command in '/workspace/towen/build/rosidl_runtime_cpp': AMENT_PREFIX_PATH=/workspace/towen/install/rosidl_runtime_c:/workspace/towen/install/rosidl_typesupport_interface:${AMENT_PREFIX_PATH} BYOBU_DATE=%Y-%m-%d CMAKE_PREFIX_PATH=/workspace/towen/install/rosidl_runtime_c:/workspace/towen/install/rosidl_typesupport_interface:/workspace/towen/install/image_geometry:/workspace/towen/install/web_video_server:/workspace/towen/install/cv_bridge:/opt/ros/humble/install:/workspace/towen/install/strategy:/workspace/towen/install/motionpackage:/workspace/towen/install/imageprocess:/opt/ros/humble LD_LIBRARY_PATH=/workspace/towen/install/rosidl_runtime_c/lib:/workspace/towen/install/image_geometry/lib:/workspace/towen/install/cv_bridge/lib:/opt/ros/humble/opt/rviz_ogre_vendor/lib:/opt/ros/humble/lib/aarch64-linux-gnu:/opt/ros/humble/lib:/opt/ros/humble/install/opt/rviz_ogre_vendor/lib:/opt/ros/humble/install/lib:/usr/local/cuda/compat:/usr/local/cuda/lib64 /usr/local/bin/cmake /workspace/towen/src/rosidl/rosidl_runtime_cpp -DCMAKE_INSTALL_PREFIX=/workspace/towen/install/rosidl_runtime_cpp
[0.453s] -- The C compiler identification is GNU 11.4.0
[0.623s] -- The CXX compiler identification is GNU 11.4.0
[0.657s] -- Detecting C compiler ABI info
[0.848s] -- Detecting C compiler ABI info - done
[0.885s] -- Check for working C compiler: /usr/bin/cc - skipped
[0.887s] -- Detecting C compile features
[0.892s] -- Detecting C compile features - done
[0.902s] -- Detecting CXX compiler ABI info
[1.153s] -- Detecting CXX compiler ABI info - done
[1.194s] -- Check for working CXX compiler: /usr/bin/c++ - skipped
[1.195s] -- Detecting CXX compile features
[1.197s] -- Detecting CXX compile features - done
[1.206s] -- Found ament_cmake: 1.3.10 (/opt/ros/humble/install/share/ament_cmake/cmake)
[1.661s] -- Found Python3: /usr/local/bin/python3 (found version "3.10.12") found components: Interpreter
[2.044s] -- Found rosidl_runtime_c: 3.1.7 (/workspace/towen/install/rosidl_runtime_c/share/rosidl_runtime_c/cmake)
[2.092s] -- Found ament_lint_auto: 0.12.11 (/opt/ros/humble/install/share/ament_lint_auto/cmake)
[2.101s] -- Found performance_test_fixture: 0.0.9 (/opt/ros/humble/install/share/performance_test_fixture/cmake)
[2.351s] -- Found gtest sources under '/opt/ros/humble/install/src/gtest_vendor': C++ tests using 'Google Test' will be built
[2.357s] -- Performing Test CMAKE_HAVE_LIBC_PTHREAD
[2.657s] -- Performing Test CMAKE_HAVE_LIBC_PTHREAD - Success
[2.660s] -- Found Threads: TRUE
[2.663s] -- Performance tests are disabled by default, so Google Benchmark tests will be skipped. To enable these tests, set the CMake variable 'AMENT_RUN_PERFORMANCE_TESTS'.
[2.701s] -- Added test 'copyright' to check source files copyright and LICENSE
[2.707s] -- Added test 'cppcheck' to perform static code analysis on C / C++ code
[2.708s] -- Configured cppcheck include dirs: /opt/ros/humble/install/include;$<BUILD_INTERFACE:/workspace/towen/src/rosidl/rosidl_runtime_cpp/include>
[2.708s] -- Configured cppcheck exclude dirs and/or files: 
[2.714s] -- Added test 'cpplint' to check C / C++ code against the Google style
[2.714s] -- Configured cpplint exclude dirs and/or files: 
[2.718s] -- Added test 'lint_cmake' to check CMake code style
[2.723s] -- Added test 'uncrustify' to check C / C++ code style
[2.724s] -- Configured uncrustify additional arguments: 
[2.727s] -- Added test 'xmllint' to check XML markup files
[2.747s] -- Configuring done (2.4s)
[2.843s] -- Generating done (0.1s)
[2.844s] -- Build files have been written to: /workspace/towen/build/rosidl_runtime_cpp
[2.891s] Invoked command in '/workspace/towen/build/rosidl_runtime_cpp' returned '0': AMENT_PREFIX_PATH=/workspace/towen/install/rosidl_runtime_c:/workspace/towen/install/rosidl_typesupport_interface:${AMENT_PREFIX_PATH} BYOBU_DATE=%Y-%m-%d CMAKE_PREFIX_PATH=/workspace/towen/install/rosidl_runtime_c:/workspace/towen/install/rosidl_typesupport_interface:/workspace/towen/install/image_geometry:/workspace/towen/install/web_video_server:/workspace/towen/install/cv_bridge:/opt/ros/humble/install:/workspace/towen/install/strategy:/workspace/towen/install/motionpackage:/workspace/towen/install/imageprocess:/opt/ros/humble LD_LIBRARY_PATH=/workspace/towen/install/rosidl_runtime_c/lib:/workspace/towen/install/image_geometry/lib:/workspace/towen/install/cv_bridge/lib:/opt/ros/humble/opt/rviz_ogre_vendor/lib:/opt/ros/humble/lib/aarch64-linux-gnu:/opt/ros/humble/lib:/opt/ros/humble/install/opt/rviz_ogre_vendor/lib:/opt/ros/humble/install/lib:/usr/local/cuda/compat:/usr/local/cuda/lib64 /usr/local/bin/cmake /workspace/towen/src/rosidl/rosidl_runtime_cpp -DCMAKE_INSTALL_PREFIX=/workspace/towen/install/rosidl_runtime_cpp
[2.892s] Invoking command in '/workspace/towen/build/rosidl_runtime_cpp': AMENT_PREFIX_PATH=/workspace/towen/install/rosidl_runtime_c:/workspace/towen/install/rosidl_typesupport_interface:${AMENT_PREFIX_PATH} BYOBU_DATE=%Y-%m-%d CMAKE_PREFIX_PATH=/workspace/towen/install/rosidl_runtime_c:/workspace/towen/install/rosidl_typesupport_interface:/workspace/towen/install/image_geometry:/workspace/towen/install/web_video_server:/workspace/towen/install/cv_bridge:/opt/ros/humble/install:/workspace/towen/install/strategy:/workspace/towen/install/motionpackage:/workspace/towen/install/imageprocess:/opt/ros/humble LD_LIBRARY_PATH=/workspace/towen/install/rosidl_runtime_c/lib:/workspace/towen/install/image_geometry/lib:/workspace/towen/install/cv_bridge/lib:/opt/ros/humble/opt/rviz_ogre_vendor/lib:/opt/ros/humble/lib/aarch64-linux-gnu:/opt/ros/humble/lib:/opt/ros/humble/install/opt/rviz_ogre_vendor/lib:/opt/ros/humble/install/lib:/usr/local/cuda/compat:/usr/local/cuda/lib64 /usr/local/bin/cmake --build /workspace/towen/build/rosidl_runtime_cpp -- -j6 -l6
[3.169s] [ 12%] [32mBuilding CXX object gtest/CMakeFiles/gtest_main.dir/src/gtest_main.cc.o[0m
[3.190s] [ 25%] [32mBuilding CXX object gtest/CMakeFiles/gtest.dir/src/gtest-all.cc.o[0m
[3.240s] [ 37%] [32mBuilding CXX object CMakeFiles/benchmark_bounded_vector.dir/test/benchmark/benchmark_bounded_vector.cpp.o[0m
[6.480s] [ 50%] [32m[1mLinking CXX static library libgtest_main.a[0m
[6.540s] [ 50%] Built target gtest_main
[6.679s] [ 62%] [32m[1mLinking CXX executable benchmark_bounded_vector[0m
[6.875s] [ 62%] Built target benchmark_bounded_vector
[11.817s] [ 75%] [32m[1mLinking CXX static library libgtest.a[0m
[11.923s] [ 75%] Built target gtest
[11.947s] [ 87%] [32mBuilding CXX object CMakeFiles/test_bounded_vector.dir/test/test_bounded_vector.cpp.o[0m
[15.135s] [100%] [32m[1mLinking CXX executable test_bounded_vector[0m
[15.423s] [100%] Built target test_bounded_vector
