[0.026s] Invoking command in '/home/iclab/Desktop/humanoid/build/usb_cam': BYOBU_DATE=%Y-%m-%d CMAKE_PREFIX_PATH=/home/iclab/Desktop/humanoid/install/tku_msgs:/home/iclab/Desktop/humanoid/install/web_video_server:/home/iclab/Desktop/humanoid/install/usb_cam:/home/iclab/Desktop/humanoid/install/wula:/home/iclab/Desktop/humanoid/install/motionpackage:/home/iclab/Desktop/humanoid/install/imageprocess:/opt/ros/humble LD_LIBRARY_PATH=/home/iclab/Desktop/humanoid/install/tku_msgs/lib:/usr/local/cuda-12.6/lib64:/home/iclab/Desktop/humanoid/install/usb_cam/lib:/opt/ros/humble/opt/rviz_ogre_vendor/lib:/opt/ros/humble/lib/aarch64-linux-gnu:/opt/ros/humble/lib:/usr/local/cuda-12.6/lib64 /usr/bin/cmake --build /home/iclab/Desktop/humanoid/build/usb_cam -- -j6 -l6
[0.187s] [ 14%] Built target gtest_main
[0.187s] [ 28%] Built target usb_cam
[0.202s] [ 42%] Built target gtest
[0.208s] [ 57%] Built target usb_cam_node_exe
[0.268s] [ 71%] Built target test_usb_cam_utils
[0.280s] [ 85%] Built target usb_cam_node
[0.289s] [100%] Built target test_pixel_formats
[0.321s] Invoked command in '/home/iclab/Desktop/humanoid/build/usb_cam' returned '0': BYOBU_DATE=%Y-%m-%d CMAKE_PREFIX_PATH=/home/iclab/Desktop/humanoid/install/tku_msgs:/home/iclab/Desktop/humanoid/install/web_video_server:/home/iclab/Desktop/humanoid/install/usb_cam:/home/iclab/Desktop/humanoid/install/wula:/home/iclab/Desktop/humanoid/install/motionpackage:/home/iclab/Desktop/humanoid/install/imageprocess:/opt/ros/humble LD_LIBRARY_PATH=/home/iclab/Desktop/humanoid/install/tku_msgs/lib:/usr/local/cuda-12.6/lib64:/home/iclab/Desktop/humanoid/install/usb_cam/lib:/opt/ros/humble/opt/rviz_ogre_vendor/lib:/opt/ros/humble/lib/aarch64-linux-gnu:/opt/ros/humble/lib:/usr/local/cuda-12.6/lib64 /usr/bin/cmake --build /home/iclab/Desktop/humanoid/build/usb_cam -- -j6 -l6
[0.326s] Invoking command in '/home/iclab/Desktop/humanoid/build/usb_cam': BYOBU_DATE=%Y-%m-%d CMAKE_PREFIX_PATH=/home/iclab/Desktop/humanoid/install/tku_msgs:/home/iclab/Desktop/humanoid/install/web_video_server:/home/iclab/Desktop/humanoid/install/usb_cam:/home/iclab/Desktop/humanoid/install/wula:/home/iclab/Desktop/humanoid/install/motionpackage:/home/iclab/Desktop/humanoid/install/imageprocess:/opt/ros/humble LD_LIBRARY_PATH=/home/iclab/Desktop/humanoid/install/tku_msgs/lib:/usr/local/cuda-12.6/lib64:/home/iclab/Desktop/humanoid/install/usb_cam/lib:/opt/ros/humble/opt/rviz_ogre_vendor/lib:/opt/ros/humble/lib/aarch64-linux-gnu:/opt/ros/humble/lib:/usr/local/cuda-12.6/lib64 /usr/bin/cmake --install /home/iclab/Desktop/humanoid/build/usb_cam
[0.346s] -- Install configuration: ""
[0.347s] -- Up-to-date: /home/iclab/Desktop/humanoid/install/usb_cam/share/usb_cam/environment/library_path.sh
[0.347s] -- Up-to-date: /home/iclab/Desktop/humanoid/install/usb_cam/share/usb_cam/environment/library_path.dsv
[0.347s] -- Up-to-date: /home/iclab/Desktop/humanoid/install/usb_cam/lib/usb_cam/usb_cam_node_exe
[0.348s] -- Up-to-date: /home/iclab/Desktop/humanoid/install/usb_cam/lib/usb_cam/show_image.py
[0.348s] -- Up-to-date: /home/iclab/Desktop/humanoid/install/usb_cam/lib/libusb_cam.so
[0.348s] -- Up-to-date: /home/iclab/Desktop/humanoid/install/usb_cam/lib/libusb_cam_node.so
[0.349s] -- Up-to-date: /home/iclab/Desktop/humanoid/install/usb_cam/include
[0.349s] -- Up-to-date: /home/iclab/Desktop/humanoid/install/usb_cam/include/usb_cam
[0.349s] -- Up-to-date: /home/iclab/Desktop/humanoid/install/usb_cam/include/usb_cam/formats
[0.349s] -- Up-to-date: /home/iclab/Desktop/humanoid/install/usb_cam/include/usb_cam/formats/m420.hpp
[0.349s] -- Up-to-date: /home/iclab/Desktop/humanoid/install/usb_cam/include/usb_cam/formats/mono.hpp
[0.350s] -- Up-to-date: /home/iclab/Desktop/humanoid/install/usb_cam/include/usb_cam/formats/yuyv.hpp
[0.352s] -- Up-to-date: /home/iclab/Desktop/humanoid/install/usb_cam/include/usb_cam/formats/pixel_format_base.hpp
[0.352s] -- Up-to-date: /home/iclab/Desktop/humanoid/install/usb_cam/include/usb_cam/formats/av_pixel_format_helper.hpp
[0.352s] -- Up-to-date: /home/iclab/Desktop/humanoid/install/usb_cam/include/usb_cam/formats/utils.hpp
[0.352s] -- Up-to-date: /home/iclab/Desktop/humanoid/install/usb_cam/include/usb_cam/formats/rgb.hpp
[0.353s] -- Up-to-date: /home/iclab/Desktop/humanoid/install/usb_cam/include/usb_cam/formats/uyvy.hpp
[0.353s] -- Up-to-date: /home/iclab/Desktop/humanoid/install/usb_cam/include/usb_cam/formats/mjpeg.hpp
[0.353s] -- Up-to-date: /home/iclab/Desktop/humanoid/install/usb_cam/include/usb_cam/constants.hpp
[0.353s] -- Up-to-date: /home/iclab/Desktop/humanoid/install/usb_cam/include/usb_cam/utils.hpp
[0.353s] -- Up-to-date: /home/iclab/Desktop/humanoid/install/usb_cam/include/usb_cam/conversions.hpp
[0.353s] -- Up-to-date: /home/iclab/Desktop/humanoid/install/usb_cam/include/usb_cam/usb_cam_node.hpp
[0.353s] -- Up-to-date: /home/iclab/Desktop/humanoid/install/usb_cam/include/usb_cam/usb_cam.hpp
[0.354s] -- Up-to-date: /home/iclab/Desktop/humanoid/install/usb_cam/lib/libusb_cam_node.so
[0.354s] -- Up-to-date: /home/iclab/Desktop/humanoid/install/usb_cam/share/usb_cam/launch
[0.354s] -- Up-to-date: /home/iclab/Desktop/humanoid/install/usb_cam/share/usb_cam/launch/camera.launch.py
[0.354s] -- Up-to-date: /home/iclab/Desktop/humanoid/install/usb_cam/share/usb_cam/launch/__init__.py
[0.354s] -- Up-to-date: /home/iclab/Desktop/humanoid/install/usb_cam/share/usb_cam/launch/camera_config.py
[0.354s] -- Up-to-date: /home/iclab/Desktop/humanoid/install/usb_cam/share/usb_cam/config
[0.355s] -- Up-to-date: /home/iclab/Desktop/humanoid/install/usb_cam/share/usb_cam/config/camera_info.yaml
[0.355s] -- Up-to-date: /home/iclab/Desktop/humanoid/install/usb_cam/share/usb_cam/config/params_1.yaml
[0.355s] -- Up-to-date: /home/iclab/Desktop/humanoid/install/usb_cam/share/usb_cam/config/params_2.yaml
[0.355s] -- Up-to-date: /home/iclab/Desktop/humanoid/install/usb_cam/share/ament_index/resource_index/package_run_dependencies/usb_cam
[0.355s] -- Up-to-date: /home/iclab/Desktop/humanoid/install/usb_cam/share/ament_index/resource_index/parent_prefix_path/usb_cam
[0.355s] -- Up-to-date: /home/iclab/Desktop/humanoid/install/usb_cam/share/usb_cam/environment/ament_prefix_path.sh
[0.355s] -- Up-to-date: /home/iclab/Desktop/humanoid/install/usb_cam/share/usb_cam/environment/ament_prefix_path.dsv
[0.355s] -- Up-to-date: /home/iclab/Desktop/humanoid/install/usb_cam/share/usb_cam/environment/path.sh
[0.355s] -- Up-to-date: /home/iclab/Desktop/humanoid/install/usb_cam/share/usb_cam/environment/path.dsv
[0.356s] -- Up-to-date: /home/iclab/Desktop/humanoid/install/usb_cam/share/usb_cam/local_setup.bash
[0.356s] -- Up-to-date: /home/iclab/Desktop/humanoid/install/usb_cam/share/usb_cam/local_setup.sh
[0.356s] -- Up-to-date: /home/iclab/Desktop/humanoid/install/usb_cam/share/usb_cam/local_setup.zsh
[0.357s] -- Up-to-date: /home/iclab/Desktop/humanoid/install/usb_cam/share/usb_cam/local_setup.dsv
[0.358s] -- Installing: /home/iclab/Desktop/humanoid/install/usb_cam/share/usb_cam/package.dsv
[0.358s] -- Up-to-date: /home/iclab/Desktop/humanoid/install/usb_cam/share/ament_index/resource_index/packages/usb_cam
[0.358s] -- Up-to-date: /home/iclab/Desktop/humanoid/install/usb_cam/share/ament_index/resource_index/rclcpp_components/usb_cam
[0.358s] -- Up-to-date: /home/iclab/Desktop/humanoid/install/usb_cam/share/usb_cam/cmake/ament_cmake_export_libraries-extras.cmake
[0.358s] -- Up-to-date: /home/iclab/Desktop/humanoid/install/usb_cam/share/usb_cam/cmake/ament_cmake_export_dependencies-extras.cmake
[0.358s] -- Up-to-date: /home/iclab/Desktop/humanoid/install/usb_cam/share/usb_cam/cmake/ament_cmake_export_include_directories-extras.cmake
[0.359s] -- Up-to-date: /home/iclab/Desktop/humanoid/install/usb_cam/share/usb_cam/cmake/usb_camConfig.cmake
[0.359s] -- Up-to-date: /home/iclab/Desktop/humanoid/install/usb_cam/share/usb_cam/cmake/usb_camConfig-version.cmake
[0.359s] -- Up-to-date: /home/iclab/Desktop/humanoid/install/usb_cam/share/usb_cam/package.xml
[0.362s] Invoked command in '/home/iclab/Desktop/humanoid/build/usb_cam' returned '0': BYOBU_DATE=%Y-%m-%d CMAKE_PREFIX_PATH=/home/iclab/Desktop/humanoid/install/tku_msgs:/home/iclab/Desktop/humanoid/install/web_video_server:/home/iclab/Desktop/humanoid/install/usb_cam:/home/iclab/Desktop/humanoid/install/wula:/home/iclab/Desktop/humanoid/install/motionpackage:/home/iclab/Desktop/humanoid/install/imageprocess:/opt/ros/humble LD_LIBRARY_PATH=/home/iclab/Desktop/humanoid/install/tku_msgs/lib:/usr/local/cuda-12.6/lib64:/home/iclab/Desktop/humanoid/install/usb_cam/lib:/opt/ros/humble/opt/rviz_ogre_vendor/lib:/opt/ros/humble/lib/aarch64-linux-gnu:/opt/ros/humble/lib:/usr/local/cuda-12.6/lib64 /usr/bin/cmake --install /home/iclab/Desktop/humanoid/build/usb_cam
