[5.126s] Invoking command in '/home/iclab/Desktop/humanoid/src/imageprocess': BYOBU_DATE=%Y-%m-%d PYTHONPATH=/home/iclab/Desktop/humanoid/build/imageprocess/prefix_override:/usr/lib/python3/dist-packages/colcon_core/task/python/colcon_distutils_commands:/home/iclab/Desktop/humanoid/install/imageprocess/lib/python3.10/site-packages:${PYTHONPATH} /usr/bin/python3 -W ignore:setup.py install is deprecated -W ignore:easy_install command is deprecated setup.py egg_info --egg-base ../../build/imageprocess build --build-base /home/iclab/Desktop/humanoid/build/imageprocess/build install --record /home/iclab/Desktop/humanoid/build/imageprocess/install.log --single-version-externally-managed install_data
[6.729s] running egg_info
[6.732s] writing ../../build/imageprocess/imageprocess.egg-info/PKG-INFO
[6.732s] writing dependency_links to ../../build/imageprocess/imageprocess.egg-info/dependency_links.txt
[6.733s] writing entry points to ../../build/imageprocess/imageprocess.egg-info/entry_points.txt
[6.734s] writing requirements to ../../build/imageprocess/imageprocess.egg-info/requires.txt
[6.734s] writing top-level names to ../../build/imageprocess/imageprocess.egg-info/top_level.txt
[6.740s] reading manifest file '../../build/imageprocess/imageprocess.egg-info/SOURCES.txt'
[6.741s] adding license file 'LICENSE'
[6.743s] writing manifest file '../../build/imageprocess/imageprocess.egg-info/SOURCES.txt'
[6.743s] running build
[6.744s] running build_py
[6.745s] running install
[6.746s] running install_lib
[6.751s] running install_data
[6.752s] running install_egg_info
[6.758s] removing '/home/iclab/Desktop/humanoid/install/imageprocess/lib/python3.10/site-packages/imageprocess-0.0.0-py3.10.egg-info' (and everything under it)
[6.759s] Copying ../../build/imageprocess/imageprocess.egg-info to /home/iclab/Desktop/humanoid/install/imageprocess/lib/python3.10/site-packages/imageprocess-0.0.0-py3.10.egg-info
[6.762s] running install_scripts
[6.840s] Installing image script to /home/iclab/Desktop/humanoid/install/imageprocess/lib/imageprocess
[6.841s] Installing image_test script to /home/iclab/Desktop/humanoid/install/imageprocess/lib/imageprocess
[6.844s] Installing imageprocess script to /home/iclab/Desktop/humanoid/install/imageprocess/lib/imageprocess
[6.847s] writing list of installed files to '/home/iclab/Desktop/humanoid/build/imageprocess/install.log'
[7.052s] Invoked command in '/home/iclab/Desktop/humanoid/src/imageprocess' returned '0': BYOBU_DATE=%Y-%m-%d PYTHONPATH=/home/iclab/Desktop/humanoid/build/imageprocess/prefix_override:/usr/lib/python3/dist-packages/colcon_core/task/python/colcon_distutils_commands:/home/iclab/Desktop/humanoid/install/imageprocess/lib/python3.10/site-packages:${PYTHONPATH} /usr/bin/python3 -W ignore:setup.py install is deprecated -W ignore:easy_install command is deprecated setup.py egg_info --egg-base ../../build/imageprocess build --build-base /home/iclab/Desktop/humanoid/build/imageprocess/build install --record /home/iclab/Desktop/humanoid/build/imageprocess/install.log --single-version-externally-managed install_data
