[3.234s] Invoking command in '/home/iclab/Desktop/humanoid/src/motionpackage': BYOBU_DATE=%Y-%m-%d PYTHONPATH=/home/iclab/Desktop/humanoid/build/motionpackage/prefix_override:/usr/lib/python3/dist-packages/colcon_core/task/python/colcon_distutils_commands:/home/iclab/Desktop/humanoid/install/motionpackage/lib/python3.10/site-packages:${PYTHONPATH} /usr/bin/python3 -W ignore:setup.py install is deprecated -W ignore:easy_install command is deprecated setup.py egg_info --egg-base ../../build/motionpackage build --build-base /home/iclab/Desktop/humanoid/build/motionpackage/build install --record /home/iclab/Desktop/humanoid/build/motionpackage/install.log --single-version-externally-managed install_data
[3.881s] running egg_info
[3.884s] writing ../../build/motionpackage/motionpackage.egg-info/PKG-INFO
[3.884s] writing dependency_links to ../../build/motionpackage/motionpackage.egg-info/dependency_links.txt
[3.886s] writing entry points to ../../build/motionpackage/motionpackage.egg-info/entry_points.txt
[3.887s] writing requirements to ../../build/motionpackage/motionpackage.egg-info/requires.txt
[3.889s] writing top-level names to ../../build/motionpackage/motionpackage.egg-info/top_level.txt
[3.891s] reading manifest file '../../build/motionpackage/motionpackage.egg-info/SOURCES.txt'
[3.895s] writing manifest file '../../build/motionpackage/motionpackage.egg-info/SOURCES.txt'
[3.895s] running build
[3.895s] running build_py
[3.897s] running install
[3.897s] running install_lib
[3.902s] running install_data
[3.902s] running install_egg_info
[3.908s] removing '/home/iclab/Desktop/humanoid/install/motionpackage/lib/python3.10/site-packages/motionpackage-0.0.0-py3.10.egg-info' (and everything under it)
[3.909s] Copying ../../build/motionpackage/motionpackage.egg-info to /home/iclab/Desktop/humanoid/install/motionpackage/lib/python3.10/site-packages/motionpackage-0.0.0-py3.10.egg-info
[3.913s] running install_scripts
[3.974s] Installing motionpackage script to /home/iclab/Desktop/humanoid/install/motionpackage/lib/motionpackage
[3.975s] writing list of installed files to '/home/iclab/Desktop/humanoid/build/motionpackage/install.log'
[4.063s] Invoked command in '/home/iclab/Desktop/humanoid/src/motionpackage' returned '0': BYOBU_DATE=%Y-%m-%d PYTHONPATH=/home/iclab/Desktop/humanoid/build/motionpackage/prefix_override:/usr/lib/python3/dist-packages/colcon_core/task/python/colcon_distutils_commands:/home/iclab/Desktop/humanoid/install/motionpackage/lib/python3.10/site-packages:${PYTHONPATH} /usr/bin/python3 -W ignore:setup.py install is deprecated -W ignore:easy_install command is deprecated setup.py egg_info --egg-base ../../build/motionpackage build --build-base /home/iclab/Desktop/humanoid/build/motionpackage/build install --record /home/iclab/Desktop/humanoid/build/motionpackage/install.log --single-version-externally-managed install_data
