[0.037s] Invoking command in '/home/iclab/Desktop/humanoid/build/usb_cam': BYOBU_DATE=%Y-%m-%d CMAKE_PREFIX_PATH=/home/iclab/Desktop/humanoid/install/tku_msgs:/home/iclab/Desktop/humanoid/install/web_video_server:/home/iclab/Desktop/humanoid/install/usb_cam:/home/iclab/Desktop/humanoid/install/wula:/home/iclab/Desktop/humanoid/install/motionpackage:/home/iclab/Desktop/humanoid/install/imageprocess:/opt/ros/humble LD_LIBRARY_PATH=/home/iclab/Desktop/humanoid/install/tku_msgs/lib:/home/iclab/Desktop/humanoid/install/usb_cam/lib:/usr/local/cuda-12.6/lib64:/opt/ros/humble/opt/rviz_ogre_vendor/lib:/opt/ros/humble/lib/aarch64-linux-gnu:/opt/ros/humble/lib:/usr/local/cuda-12.6/lib64 /usr/bin/cmake --build /home/iclab/Desktop/humanoid/build/usb_cam -- -j6 -l6
[0.055s] gmake: Warning: File 'Makefile' has modification time 1748087516 s in the future
[0.125s] gmake[1]: Warning: File 'CMakeFiles/Makefile2' has modification time 1748087516 s in the future
[0.130s] gmake[2]: Warning: File 'CMakeFiles/usb_cam.dir/flags.make' has modification time 1747899226 s in the future
[0.137s] gmake[2]: Warning: File 'gtest/CMakeFiles/gtest_main.dir/flags.make' has modification time 1747899226 s in the future
[0.141s] gmake[2]: Warning: File 'CMakeFiles/usb_cam_node_exe.dir/flags.make' has modification time 1747899226 s in the future
[0.151s] gmake[2]: Warning: File 'gtest/CMakeFiles/gtest.dir/flags.make' has modification time 1747899226 s in the future
[0.163s] gmake[2]: warning:  Clock skew detected.  Your build may be incomplete.
[0.164s] gmake[2]: warning:  Clock skew detected.  Your build may be incomplete.
[0.171s] gmake[2]: Warning: File 'CMakeFiles/usb_cam.dir/flags.make' has modification time 1747899226 s in the future
[0.173s] gmake[2]: warning:  Clock skew detected.  Your build may be incomplete.
[0.183s] gmake[2]: warning:  Clock skew detected.  Your build may be incomplete.
[0.183s] gmake[2]: Warning: File 'CMakeFiles/usb_cam_node_exe.dir/flags.make' has modification time 1747899226 s in the future
[0.187s] gmake[2]: warning:  Clock skew detected.  Your build may be incomplete.
[0.194s] [ 14%] Built target usb_cam
[0.196s] gmake[2]: Warning: File 'gtest/CMakeFiles/gtest_main.dir/flags.make' has modification time 1747899226 s in the future
[0.198s] gmake[2]: warning:  Clock skew detected.  Your build may be incomplete.
[0.199s] gmake[2]: warning:  Clock skew detected.  Your build may be incomplete.
[0.212s] gmake[2]: Warning: File 'gtest/CMakeFiles/gtest.dir/flags.make' has modification time 1747899226 s in the future
[0.214s] gmake[2]: warning:  Clock skew detected.  Your build may be incomplete.
[0.219s] [ 28%] Built target gtest_main
[0.227s] gmake[2]: Warning: File 'CMakeFiles/usb_cam_node.dir/flags.make' has modification time 1747899226 s in the future
[0.230s] [ 42%] Built target usb_cam_node_exe
[0.245s] [ 57%] Built target gtest
[0.251s] gmake[2]: Warning: File 'CMakeFiles/test_usb_cam_utils.dir/flags.make' has modification time 1747899226 s in the future
[0.253s] gmake[2]: warning:  Clock skew detected.  Your build may be incomplete.
[0.256s] gmake[2]: Warning: File 'CMakeFiles/test_pixel_formats.dir/flags.make' has modification time 1747899226 s in the future
[0.263s] gmake[2]: Warning: File 'CMakeFiles/usb_cam_node.dir/flags.make' has modification time 1747899226 s in the future
[0.269s] gmake[2]: warning:  Clock skew detected.  Your build may be incomplete.
[0.281s] gmake[2]: warning:  Clock skew detected.  Your build may be incomplete.
[0.286s] gmake[2]: Warning: File 'CMakeFiles/test_usb_cam_utils.dir/flags.make' has modification time 1747899226 s in the future
[0.287s] gmake[2]: warning:  Clock skew detected.  Your build may be incomplete.
[0.294s] [ 71%] Built target usb_cam_node
[0.309s] gmake[2]: warning:  Clock skew detected.  Your build may be incomplete.
[0.313s] gmake[2]: Warning: File 'CMakeFiles/test_pixel_formats.dir/flags.make' has modification time 1747899226 s in the future
[0.314s] [ 85%] Built target test_usb_cam_utils
[0.315s] gmake[2]: warning:  Clock skew detected.  Your build may be incomplete.
[0.334s] [100%] Built target test_pixel_formats
[0.336s] gmake[1]: warning:  Clock skew detected.  Your build may be incomplete.
[0.353s] gmake: warning:  Clock skew detected.  Your build may be incomplete.
[0.360s] Invoked command in '/home/iclab/Desktop/humanoid/build/usb_cam' returned '0': BYOBU_DATE=%Y-%m-%d CMAKE_PREFIX_PATH=/home/iclab/Desktop/humanoid/install/tku_msgs:/home/iclab/Desktop/humanoid/install/web_video_server:/home/iclab/Desktop/humanoid/install/usb_cam:/home/iclab/Desktop/humanoid/install/wula:/home/iclab/Desktop/humanoid/install/motionpackage:/home/iclab/Desktop/humanoid/install/imageprocess:/opt/ros/humble LD_LIBRARY_PATH=/home/iclab/Desktop/humanoid/install/tku_msgs/lib:/home/iclab/Desktop/humanoid/install/usb_cam/lib:/usr/local/cuda-12.6/lib64:/opt/ros/humble/opt/rviz_ogre_vendor/lib:/opt/ros/humble/lib/aarch64-linux-gnu:/opt/ros/humble/lib:/usr/local/cuda-12.6/lib64 /usr/bin/cmake --build /home/iclab/Desktop/humanoid/build/usb_cam -- -j6 -l6
[0.361s] Invoking command in '/home/iclab/Desktop/humanoid/build/usb_cam': BYOBU_DATE=%Y-%m-%d CMAKE_PREFIX_PATH=/home/iclab/Desktop/humanoid/install/tku_msgs:/home/iclab/Desktop/humanoid/install/web_video_server:/home/iclab/Desktop/humanoid/install/usb_cam:/home/iclab/Desktop/humanoid/install/wula:/home/iclab/Desktop/humanoid/install/motionpackage:/home/iclab/Desktop/humanoid/install/imageprocess:/opt/ros/humble LD_LIBRARY_PATH=/home/iclab/Desktop/humanoid/install/tku_msgs/lib:/home/iclab/Desktop/humanoid/install/usb_cam/lib:/usr/local/cuda-12.6/lib64:/opt/ros/humble/opt/rviz_ogre_vendor/lib:/opt/ros/humble/lib/aarch64-linux-gnu:/opt/ros/humble/lib:/usr/local/cuda-12.6/lib64 /usr/bin/cmake --install /home/iclab/Desktop/humanoid/build/usb_cam
[0.389s] -- Install configuration: ""
[0.389s] -- Up-to-date: /home/iclab/Desktop/humanoid/install/usb_cam/share/usb_cam/environment/library_path.sh
[0.389s] -- Up-to-date: /home/iclab/Desktop/humanoid/install/usb_cam/share/usb_cam/environment/library_path.dsv
[0.390s] -- Up-to-date: /home/iclab/Desktop/humanoid/install/usb_cam/lib/usb_cam/usb_cam_node_exe
[0.390s] -- Up-to-date: /home/iclab/Desktop/humanoid/install/usb_cam/lib/usb_cam/show_image.py
[0.390s] -- Up-to-date: /home/iclab/Desktop/humanoid/install/usb_cam/lib/libusb_cam.so
[0.391s] -- Up-to-date: /home/iclab/Desktop/humanoid/install/usb_cam/lib/libusb_cam_node.so
[0.391s] -- Up-to-date: /home/iclab/Desktop/humanoid/install/usb_cam/include
[0.391s] -- Up-to-date: /home/iclab/Desktop/humanoid/install/usb_cam/include/usb_cam
[0.391s] -- Up-to-date: /home/iclab/Desktop/humanoid/install/usb_cam/include/usb_cam/formats
[0.392s] -- Up-to-date: /home/iclab/Desktop/humanoid/install/usb_cam/include/usb_cam/formats/m420.hpp
[0.392s] -- Up-to-date: /home/iclab/Desktop/humanoid/install/usb_cam/include/usb_cam/formats/mono.hpp
[0.392s] -- Up-to-date: /home/iclab/Desktop/humanoid/install/usb_cam/include/usb_cam/formats/yuyv.hpp
[0.392s] -- Up-to-date: /home/iclab/Desktop/humanoid/install/usb_cam/include/usb_cam/formats/pixel_format_base.hpp
[0.392s] -- Up-to-date: /home/iclab/Desktop/humanoid/install/usb_cam/include/usb_cam/formats/av_pixel_format_helper.hpp
[0.392s] -- Up-to-date: /home/iclab/Desktop/humanoid/install/usb_cam/include/usb_cam/formats/utils.hpp
[0.393s] -- Up-to-date: /home/iclab/Desktop/humanoid/install/usb_cam/include/usb_cam/formats/rgb.hpp
[0.393s] -- Up-to-date: /home/iclab/Desktop/humanoid/install/usb_cam/include/usb_cam/formats/uyvy.hpp
[0.393s] -- Up-to-date: /home/iclab/Desktop/humanoid/install/usb_cam/include/usb_cam/formats/mjpeg.hpp
[0.393s] -- Up-to-date: /home/iclab/Desktop/humanoid/install/usb_cam/include/usb_cam/constants.hpp
[0.393s] -- Up-to-date: /home/iclab/Desktop/humanoid/install/usb_cam/include/usb_cam/utils.hpp
[0.393s] -- Up-to-date: /home/iclab/Desktop/humanoid/install/usb_cam/include/usb_cam/conversions.hpp
[0.394s] -- Up-to-date: /home/iclab/Desktop/humanoid/install/usb_cam/include/usb_cam/usb_cam_node.hpp
[0.394s] -- Up-to-date: /home/iclab/Desktop/humanoid/install/usb_cam/include/usb_cam/usb_cam.hpp
[0.394s] -- Up-to-date: /home/iclab/Desktop/humanoid/install/usb_cam/lib/libusb_cam_node.so
[0.394s] -- Up-to-date: /home/iclab/Desktop/humanoid/install/usb_cam/share/usb_cam/launch
[0.394s] -- Up-to-date: /home/iclab/Desktop/humanoid/install/usb_cam/share/usb_cam/launch/camera.launch.py
[0.395s] -- Up-to-date: /home/iclab/Desktop/humanoid/install/usb_cam/share/usb_cam/launch/__init__.py
[0.395s] -- Up-to-date: /home/iclab/Desktop/humanoid/install/usb_cam/share/usb_cam/launch/camera_config.py
[0.395s] -- Up-to-date: /home/iclab/Desktop/humanoid/install/usb_cam/share/usb_cam/config
[0.395s] -- Up-to-date: /home/iclab/Desktop/humanoid/install/usb_cam/share/usb_cam/config/camera_info.yaml
[0.396s] -- Up-to-date: /home/iclab/Desktop/humanoid/install/usb_cam/share/usb_cam/config/params_1.yaml
[0.396s] -- Up-to-date: /home/iclab/Desktop/humanoid/install/usb_cam/share/usb_cam/config/params_2.yaml
[0.396s] -- Up-to-date: /home/iclab/Desktop/humanoid/install/usb_cam/share/ament_index/resource_index/package_run_dependencies/usb_cam
[0.396s] -- Up-to-date: /home/iclab/Desktop/humanoid/install/usb_cam/share/ament_index/resource_index/parent_prefix_path/usb_cam
[0.396s] -- Up-to-date: /home/iclab/Desktop/humanoid/install/usb_cam/share/usb_cam/environment/ament_prefix_path.sh
[0.396s] -- Up-to-date: /home/iclab/Desktop/humanoid/install/usb_cam/share/usb_cam/environment/ament_prefix_path.dsv
[0.396s] -- Up-to-date: /home/iclab/Desktop/humanoid/install/usb_cam/share/usb_cam/environment/path.sh
[0.396s] -- Up-to-date: /home/iclab/Desktop/humanoid/install/usb_cam/share/usb_cam/environment/path.dsv
[0.397s] -- Up-to-date: /home/iclab/Desktop/humanoid/install/usb_cam/share/usb_cam/local_setup.bash
[0.397s] -- Up-to-date: /home/iclab/Desktop/humanoid/install/usb_cam/share/usb_cam/local_setup.sh
[0.397s] -- Up-to-date: /home/iclab/Desktop/humanoid/install/usb_cam/share/usb_cam/local_setup.zsh
[0.397s] -- Up-to-date: /home/iclab/Desktop/humanoid/install/usb_cam/share/usb_cam/local_setup.dsv
[0.397s] -- Installing: /home/iclab/Desktop/humanoid/install/usb_cam/share/usb_cam/package.dsv
[0.397s] -- Up-to-date: /home/iclab/Desktop/humanoid/install/usb_cam/share/ament_index/resource_index/packages/usb_cam
[0.397s] -- Up-to-date: /home/iclab/Desktop/humanoid/install/usb_cam/share/ament_index/resource_index/rclcpp_components/usb_cam
[0.398s] -- Up-to-date: /home/iclab/Desktop/humanoid/install/usb_cam/share/usb_cam/cmake/ament_cmake_export_libraries-extras.cmake
[0.398s] -- Up-to-date: /home/iclab/Desktop/humanoid/install/usb_cam/share/usb_cam/cmake/ament_cmake_export_dependencies-extras.cmake
[0.399s] -- Up-to-date: /home/iclab/Desktop/humanoid/install/usb_cam/share/usb_cam/cmake/ament_cmake_export_include_directories-extras.cmake
[0.399s] -- Up-to-date: /home/iclab/Desktop/humanoid/install/usb_cam/share/usb_cam/cmake/usb_camConfig.cmake
[0.399s] -- Up-to-date: /home/iclab/Desktop/humanoid/install/usb_cam/share/usb_cam/cmake/usb_camConfig-version.cmake
[0.399s] -- Up-to-date: /home/iclab/Desktop/humanoid/install/usb_cam/share/usb_cam/package.xml
[0.411s] Invoked command in '/home/iclab/Desktop/humanoid/build/usb_cam' returned '0': BYOBU_DATE=%Y-%m-%d CMAKE_PREFIX_PATH=/home/iclab/Desktop/humanoid/install/tku_msgs:/home/iclab/Desktop/humanoid/install/web_video_server:/home/iclab/Desktop/humanoid/install/usb_cam:/home/iclab/Desktop/humanoid/install/wula:/home/iclab/Desktop/humanoid/install/motionpackage:/home/iclab/Desktop/humanoid/install/imageprocess:/opt/ros/humble LD_LIBRARY_PATH=/home/iclab/Desktop/humanoid/install/tku_msgs/lib:/home/iclab/Desktop/humanoid/install/usb_cam/lib:/usr/local/cuda-12.6/lib64:/opt/ros/humble/opt/rviz_ogre_vendor/lib:/opt/ros/humble/lib/aarch64-linux-gnu:/opt/ros/humble/lib:/usr/local/cuda-12.6/lib64 /usr/bin/cmake --install /home/iclab/Desktop/humanoid/build/usb_cam
