-- The C compiler identification is GNU 11.4.0
-- The CXX compiler identification is GNU 11.4.0
-- Detecting C compiler ABI info
-- Detecting C compiler ABI info - done
-- Check for working C compiler: /usr/bin/cc - skipped
-- Detecting C compile features
-- Detecting C compile features - done
-- Detecting CXX compiler ABI info
-- Detecting CXX compiler ABI info - done
-- Check for working CXX compiler: /usr/bin/c++ - skipped
-- Detecting CXX compile features
-- Detecting CXX compile features - done
-- Found ament_cmake_auto: 1.3.10 (/opt/ros/humble/install/share/ament_cmake_auto/cmake)
-- Found Python3: /usr/local/bin/python3 (found version "3.10.12") found components: Interpreter
-- Override CMake install command with custom implementation using symlinks instead of copying resources
-- Found rosidl_generator_c: 3.1.7 (/workspace/towen/install/rosidl_generator_c/share/rosidl_generator_c/cmake)
-- Found rosidl_adapter: 3.1.5 (/opt/ros/humble/install/share/rosidl_adapter/cmake)
-- Found rosidl_generator_cpp: 3.1.7 (/workspace/towen/install/rosidl_generator_cpp/share/rosidl_generator_cpp/cmake)
-- Using all available rosidl_typesupport_c: rosidl_typesupport_introspection_c;rosidl_typesupport_fastrtps_c
-- Using all available rosidl_typesupport_cpp: rosidl_typesupport_introspection_cpp;rosidl_typesupport_fastrtps_cpp
-- Found rmw_implementation_cmake: 6.1.2 (/opt/ros/humble/install/share/rmw_implementation_cmake/cmake)
-- Found rmw_fastrtps_cpp: 6.2.7 (/opt/ros/humble/install/share/rmw_fastrtps_cpp/cmake)
-- Found OpenSSL: /usr/lib/aarch64-linux-gnu/libcrypto.so (found version "3.0.2")
-- Found FastRTPS: /opt/ros/humble/install/include
-- Using RMW implementation 'rmw_fastrtps_cpp' as default
-- Performing Test CMAKE_HAVE_LIBC_PTHREAD
-- Performing Test CMAKE_HAVE_LIBC_PTHREAD - Success
-- Found Threads: TRUE
-- Found eigen3_cmake_module: 0.1.1 (/opt/ros/humble/install/share/eigen3_cmake_module/cmake)
-- Found Eigen3: TRUE (found version "3.4.0")
-- Ensuring Eigen3 include directory is part of orocos-kdl CMake target
-- Configuring done (7.0s)
-- Generating done (0.0s)
-- Build files have been written to: /workspace/towen/build/zed_wrapper
-- Install configuration: ""
-- Execute custom install script
-- Symlinking: /workspace/towen/install/zed_wrapper/share/zed_wrapper/config/common_mono.yaml
-- Symlinking: /workspace/towen/install/zed_wrapper/share/zed_wrapper/config/common_stereo.yaml
-- Symlinking: /workspace/towen/install/zed_wrapper/share/zed_wrapper/config/ffmpeg.yaml
-- Symlinking: /workspace/towen/install/zed_wrapper/share/zed_wrapper/config/virtual.yaml
-- Symlinking: /workspace/towen/install/zed_wrapper/share/zed_wrapper/config/zed.yaml
-- Symlinking: /workspace/towen/install/zed_wrapper/share/zed_wrapper/config/zed2.yaml
-- Symlinking: /workspace/towen/install/zed_wrapper/share/zed_wrapper/config/zed2i.yaml
-- Symlinking: /workspace/towen/install/zed_wrapper/share/zed_wrapper/config/zedm.yaml
-- Symlinking: /workspace/towen/install/zed_wrapper/share/zed_wrapper/config/zedx.yaml
-- Symlinking: /workspace/towen/install/zed_wrapper/share/zed_wrapper/config/zedxm.yaml
-- Symlinking: /workspace/towen/install/zed_wrapper/share/zed_wrapper/config/zedxone4k.yaml
-- Symlinking: /workspace/towen/install/zed_wrapper/share/zed_wrapper/config/zedxonegs.yaml
-- Symlinking: /workspace/towen/install/zed_wrapper/share/zed_wrapper/urdf/include/materials.urdf.xacro
-- Symlinking: /workspace/towen/install/zed_wrapper/share/zed_wrapper/urdf/zed_descr.urdf.xacro
-- Symlinking: /workspace/towen/install/zed_wrapper/share/zed_wrapper/urdf/zed_macro.urdf.xacro
-- Symlinking: /workspace/towen/install/zed_wrapper/share/zed_wrapper/launch/zed_camera.launch.py
-- Symlinking: /workspace/towen/install/zed_wrapper/share/ament_index/resource_index/package_run_dependencies/zed_wrapper
-- Symlinking: /workspace/towen/install/zed_wrapper/share/ament_index/resource_index/parent_prefix_path/zed_wrapper
-- Symlinking: /workspace/towen/install/zed_wrapper/share/zed_wrapper/environment/ament_prefix_path.sh
-- Symlinking: /workspace/towen/install/zed_wrapper/share/zed_wrapper/environment/ament_prefix_path.dsv
-- Symlinking: /workspace/towen/install/zed_wrapper/share/zed_wrapper/environment/path.sh
-- Symlinking: /workspace/towen/install/zed_wrapper/share/zed_wrapper/environment/path.dsv
-- Symlinking: /workspace/towen/install/zed_wrapper/share/zed_wrapper/local_setup.bash
-- Symlinking: /workspace/towen/install/zed_wrapper/share/zed_wrapper/local_setup.sh
-- Symlinking: /workspace/towen/install/zed_wrapper/share/zed_wrapper/local_setup.zsh
-- Symlinking: /workspace/towen/install/zed_wrapper/share/zed_wrapper/local_setup.dsv
-- Symlinking: /workspace/towen/install/zed_wrapper/share/zed_wrapper/package.dsv
-- Symlinking: /workspace/towen/install/zed_wrapper/share/ament_index/resource_index/packages/zed_wrapper
-- Symlinking: /workspace/towen/install/zed_wrapper/share/zed_wrapper/cmake/zed_wrapperConfig.cmake
-- Symlinking: /workspace/towen/install/zed_wrapper/share/zed_wrapper/cmake/zed_wrapperConfig-version.cmake
-- Symlinking: /workspace/towen/install/zed_wrapper/share/zed_wrapper/package.xml
