[0.712s] Invoking command in '/workspace/towen/build/zed_wrapper': BYOBU_DATE=%Y-%m-%d CMAKE_PREFIX_PATH=/workspace/towen/install/zed_components:/workspace/towen/install/zed_ros2:/workspace/towen/install/zed_wrapper:/workspace/towen/install/webrtc_ros_msgs:/workspace/towen/install/web_video_server:/workspace/towen/install/vision_opencv:/workspace/towen/install/usb_cam:/workspace/towen/install/tku_msgs:/workspace/towen/install/rosidl_typesupport_introspection_tests:/workspace/towen/install/rosidl_typesupport_introspection_cpp:/workspace/towen/install/rosidl_typesupport_introspection_c:/workspace/towen/install/rosidl_generator_cpp:/workspace/towen/install/rosidl_runtime_cpp:/workspace/towen/install/rosidl_runtime_c:/workspace/towen/install/rosidl_generator_c:/workspace/towen/install/rosidl_typesupport_interface:/workspace/towen/install/rosidl_cmake:/workspace/towen/install/rosidl_parser:/workspace/towen/install/rosidl_adapter:/workspace/towen/install/image_geometry:/workspace/towen/install/cv_bridge:/opt/ros/humble/install:/workspace/towen/install/strategy:/workspace/towen/install/rosidl_cli:/workspace/towen/install/opencv_tests:/workspace/towen/install/motionpackage:/workspace/towen/install/imageprocess:/opt/ros/humble LD_LIBRARY_PATH=/workspace/towen/install/zed_components/lib:/workspace/towen/install/webrtc_ros_msgs/lib:/workspace/towen/install/usb_cam/lib:/workspace/towen/install/tku_msgs/lib:/workspace/towen/install/rosidl_typesupport_introspection_cpp/lib:/workspace/towen/install/rosidl_typesupport_introspection_c/lib:/workspace/towen/install/rosidl_runtime_c/lib:/workspace/towen/install/image_geometry/lib:/workspace/towen/install/cv_bridge/lib:/opt/ros/humble/opt/rviz_ogre_vendor/lib:/opt/ros/humble/lib/aarch64-linux-gnu:/opt/ros/humble/lib:/opt/ros/humble/install/opt/rviz_ogre_vendor/lib:/opt/ros/humble/install/lib:/usr/local/cuda/compat:/usr/local/cuda/lib64 /usr/local/bin/cmake /workspace/towen/src/zed-ros2-wrapper/zed_wrapper -DAMENT_CMAKE_SYMLINK_INSTALL=1 -DCMAKE_INSTALL_PREFIX=/workspace/towen/install/zed_wrapper
[1.112s] -- The C compiler identification is GNU 11.4.0
[1.320s] -- The CXX compiler identification is GNU 11.4.0
[1.369s] -- Detecting C compiler ABI info
[1.671s] -- Detecting C compiler ABI info - done
[1.764s] -- Check for working C compiler: /usr/bin/cc - skipped
[1.764s] -- Detecting C compile features
[1.767s] -- Detecting C compile features - done
[1.784s] -- Detecting CXX compiler ABI info
[2.057s] -- Detecting CXX compiler ABI info - done
[2.140s] -- Check for working CXX compiler: /usr/bin/c++ - skipped
[2.140s] -- Detecting CXX compile features
[2.149s] -- Detecting CXX compile features - done
[2.149s] -- Found ament_cmake_auto: 1.3.10 (/opt/ros/humble/install/share/ament_cmake_auto/cmake)
[2.712s] -- Found Python3: /usr/local/bin/python3 (found version "3.10.12") found components: Interpreter
[2.978s] -- Override CMake install command with custom implementation using symlinks instead of copying resources
[3.785s] -- Found rosidl_generator_c: 3.1.7 (/workspace/towen/install/rosidl_generator_c/share/rosidl_generator_c/cmake)
[3.801s] -- Found rosidl_adapter: 3.1.5 (/opt/ros/humble/install/share/rosidl_adapter/cmake)
[3.834s] -- Found rosidl_generator_cpp: 3.1.7 (/workspace/towen/install/rosidl_generator_cpp/share/rosidl_generator_cpp/cmake)
[3.901s] -- Using all available rosidl_typesupport_c: rosidl_typesupport_introspection_c;rosidl_typesupport_fastrtps_c
[3.977s] -- Using all available rosidl_typesupport_cpp: rosidl_typesupport_introspection_cpp;rosidl_typesupport_fastrtps_cpp
[4.333s] -- Found rmw_implementation_cmake: 6.1.2 (/opt/ros/humble/install/share/rmw_implementation_cmake/cmake)
[4.353s] -- Found rmw_fastrtps_cpp: 6.2.7 (/opt/ros/humble/install/share/rmw_fastrtps_cpp/cmake)
[4.989s] -- Found OpenSSL: /usr/lib/aarch64-linux-gnu/libcrypto.so (found version "3.0.2")
[5.133s] -- Found FastRTPS: /opt/ros/humble/install/include
[5.477s] -- Using RMW implementation 'rmw_fastrtps_cpp' as default
[5.526s] -- Performing Test CMAKE_HAVE_LIBC_PTHREAD
[6.037s] -- Performing Test CMAKE_HAVE_LIBC_PTHREAD - Success
[6.045s] -- Found Threads: TRUE
[7.143s] -- Found eigen3_cmake_module: 0.1.1 (/opt/ros/humble/install/share/eigen3_cmake_module/cmake)
[7.147s] -- Found Eigen3: TRUE (found version "3.4.0")
[7.148s] -- Ensuring Eigen3 include directory is part of orocos-kdl CMake target
[7.978s] -- Configuring done (7.0s)
[8.015s] -- Generating done (0.0s)
[8.015s] -- Build files have been written to: /workspace/towen/build/zed_wrapper
[8.093s] Invoked command in '/workspace/towen/build/zed_wrapper' returned '0': BYOBU_DATE=%Y-%m-%d CMAKE_PREFIX_PATH=/workspace/towen/install/zed_components:/workspace/towen/install/zed_ros2:/workspace/towen/install/zed_wrapper:/workspace/towen/install/webrtc_ros_msgs:/workspace/towen/install/web_video_server:/workspace/towen/install/vision_opencv:/workspace/towen/install/usb_cam:/workspace/towen/install/tku_msgs:/workspace/towen/install/rosidl_typesupport_introspection_tests:/workspace/towen/install/rosidl_typesupport_introspection_cpp:/workspace/towen/install/rosidl_typesupport_introspection_c:/workspace/towen/install/rosidl_generator_cpp:/workspace/towen/install/rosidl_runtime_cpp:/workspace/towen/install/rosidl_runtime_c:/workspace/towen/install/rosidl_generator_c:/workspace/towen/install/rosidl_typesupport_interface:/workspace/towen/install/rosidl_cmake:/workspace/towen/install/rosidl_parser:/workspace/towen/install/rosidl_adapter:/workspace/towen/install/image_geometry:/workspace/towen/install/cv_bridge:/opt/ros/humble/install:/workspace/towen/install/strategy:/workspace/towen/install/rosidl_cli:/workspace/towen/install/opencv_tests:/workspace/towen/install/motionpackage:/workspace/towen/install/imageprocess:/opt/ros/humble LD_LIBRARY_PATH=/workspace/towen/install/zed_components/lib:/workspace/towen/install/webrtc_ros_msgs/lib:/workspace/towen/install/usb_cam/lib:/workspace/towen/install/tku_msgs/lib:/workspace/towen/install/rosidl_typesupport_introspection_cpp/lib:/workspace/towen/install/rosidl_typesupport_introspection_c/lib:/workspace/towen/install/rosidl_runtime_c/lib:/workspace/towen/install/image_geometry/lib:/workspace/towen/install/cv_bridge/lib:/opt/ros/humble/opt/rviz_ogre_vendor/lib:/opt/ros/humble/lib/aarch64-linux-gnu:/opt/ros/humble/lib:/opt/ros/humble/install/opt/rviz_ogre_vendor/lib:/opt/ros/humble/install/lib:/usr/local/cuda/compat:/usr/local/cuda/lib64 /usr/local/bin/cmake /workspace/towen/src/zed-ros2-wrapper/zed_wrapper -DAMENT_CMAKE_SYMLINK_INSTALL=1 -DCMAKE_INSTALL_PREFIX=/workspace/towen/install/zed_wrapper
[8.099s] Invoking command in '/workspace/towen/build/zed_wrapper': BYOBU_DATE=%Y-%m-%d CMAKE_PREFIX_PATH=/workspace/towen/install/zed_components:/workspace/towen/install/zed_ros2:/workspace/towen/install/zed_wrapper:/workspace/towen/install/webrtc_ros_msgs:/workspace/towen/install/web_video_server:/workspace/towen/install/vision_opencv:/workspace/towen/install/usb_cam:/workspace/towen/install/tku_msgs:/workspace/towen/install/rosidl_typesupport_introspection_tests:/workspace/towen/install/rosidl_typesupport_introspection_cpp:/workspace/towen/install/rosidl_typesupport_introspection_c:/workspace/towen/install/rosidl_generator_cpp:/workspace/towen/install/rosidl_runtime_cpp:/workspace/towen/install/rosidl_runtime_c:/workspace/towen/install/rosidl_generator_c:/workspace/towen/install/rosidl_typesupport_interface:/workspace/towen/install/rosidl_cmake:/workspace/towen/install/rosidl_parser:/workspace/towen/install/rosidl_adapter:/workspace/towen/install/image_geometry:/workspace/towen/install/cv_bridge:/opt/ros/humble/install:/workspace/towen/install/strategy:/workspace/towen/install/rosidl_cli:/workspace/towen/install/opencv_tests:/workspace/towen/install/motionpackage:/workspace/towen/install/imageprocess:/opt/ros/humble LD_LIBRARY_PATH=/workspace/towen/install/zed_components/lib:/workspace/towen/install/webrtc_ros_msgs/lib:/workspace/towen/install/usb_cam/lib:/workspace/towen/install/tku_msgs/lib:/workspace/towen/install/rosidl_typesupport_introspection_cpp/lib:/workspace/towen/install/rosidl_typesupport_introspection_c/lib:/workspace/towen/install/rosidl_runtime_c/lib:/workspace/towen/install/image_geometry/lib:/workspace/towen/install/cv_bridge/lib:/opt/ros/humble/opt/rviz_ogre_vendor/lib:/opt/ros/humble/lib/aarch64-linux-gnu:/opt/ros/humble/lib:/opt/ros/humble/install/opt/rviz_ogre_vendor/lib:/opt/ros/humble/install/lib:/usr/local/cuda/compat:/usr/local/cuda/lib64 /usr/local/bin/cmake --build /workspace/towen/build/zed_wrapper -- -j6 -l6
[8.396s] Invoked command in '/workspace/towen/build/zed_wrapper' returned '0': BYOBU_DATE=%Y-%m-%d CMAKE_PREFIX_PATH=/workspace/towen/install/zed_components:/workspace/towen/install/zed_ros2:/workspace/towen/install/zed_wrapper:/workspace/towen/install/webrtc_ros_msgs:/workspace/towen/install/web_video_server:/workspace/towen/install/vision_opencv:/workspace/towen/install/usb_cam:/workspace/towen/install/tku_msgs:/workspace/towen/install/rosidl_typesupport_introspection_tests:/workspace/towen/install/rosidl_typesupport_introspection_cpp:/workspace/towen/install/rosidl_typesupport_introspection_c:/workspace/towen/install/rosidl_generator_cpp:/workspace/towen/install/rosidl_runtime_cpp:/workspace/towen/install/rosidl_runtime_c:/workspace/towen/install/rosidl_generator_c:/workspace/towen/install/rosidl_typesupport_interface:/workspace/towen/install/rosidl_cmake:/workspace/towen/install/rosidl_parser:/workspace/towen/install/rosidl_adapter:/workspace/towen/install/image_geometry:/workspace/towen/install/cv_bridge:/opt/ros/humble/install:/workspace/towen/install/strategy:/workspace/towen/install/rosidl_cli:/workspace/towen/install/opencv_tests:/workspace/towen/install/motionpackage:/workspace/towen/install/imageprocess:/opt/ros/humble LD_LIBRARY_PATH=/workspace/towen/install/zed_components/lib:/workspace/towen/install/webrtc_ros_msgs/lib:/workspace/towen/install/usb_cam/lib:/workspace/towen/install/tku_msgs/lib:/workspace/towen/install/rosidl_typesupport_introspection_cpp/lib:/workspace/towen/install/rosidl_typesupport_introspection_c/lib:/workspace/towen/install/rosidl_runtime_c/lib:/workspace/towen/install/image_geometry/lib:/workspace/towen/install/cv_bridge/lib:/opt/ros/humble/opt/rviz_ogre_vendor/lib:/opt/ros/humble/lib/aarch64-linux-gnu:/opt/ros/humble/lib:/opt/ros/humble/install/opt/rviz_ogre_vendor/lib:/opt/ros/humble/install/lib:/usr/local/cuda/compat:/usr/local/cuda/lib64 /usr/local/bin/cmake --build /workspace/towen/build/zed_wrapper -- -j6 -l6
[8.674s] Invoking command in '/workspace/towen/build/zed_wrapper': BYOBU_DATE=%Y-%m-%d CMAKE_PREFIX_PATH=/workspace/towen/install/zed_components:/workspace/towen/install/zed_ros2:/workspace/towen/install/zed_wrapper:/workspace/towen/install/webrtc_ros_msgs:/workspace/towen/install/web_video_server:/workspace/towen/install/vision_opencv:/workspace/towen/install/usb_cam:/workspace/towen/install/tku_msgs:/workspace/towen/install/rosidl_typesupport_introspection_tests:/workspace/towen/install/rosidl_typesupport_introspection_cpp:/workspace/towen/install/rosidl_typesupport_introspection_c:/workspace/towen/install/rosidl_generator_cpp:/workspace/towen/install/rosidl_runtime_cpp:/workspace/towen/install/rosidl_runtime_c:/workspace/towen/install/rosidl_generator_c:/workspace/towen/install/rosidl_typesupport_interface:/workspace/towen/install/rosidl_cmake:/workspace/towen/install/rosidl_parser:/workspace/towen/install/rosidl_adapter:/workspace/towen/install/image_geometry:/workspace/towen/install/cv_bridge:/opt/ros/humble/install:/workspace/towen/install/strategy:/workspace/towen/install/rosidl_cli:/workspace/towen/install/opencv_tests:/workspace/towen/install/motionpackage:/workspace/towen/install/imageprocess:/opt/ros/humble LD_LIBRARY_PATH=/workspace/towen/install/zed_components/lib:/workspace/towen/install/webrtc_ros_msgs/lib:/workspace/towen/install/usb_cam/lib:/workspace/towen/install/tku_msgs/lib:/workspace/towen/install/rosidl_typesupport_introspection_cpp/lib:/workspace/towen/install/rosidl_typesupport_introspection_c/lib:/workspace/towen/install/rosidl_runtime_c/lib:/workspace/towen/install/image_geometry/lib:/workspace/towen/install/cv_bridge/lib:/opt/ros/humble/opt/rviz_ogre_vendor/lib:/opt/ros/humble/lib/aarch64-linux-gnu:/opt/ros/humble/lib:/opt/ros/humble/install/opt/rviz_ogre_vendor/lib:/opt/ros/humble/install/lib:/usr/local/cuda/compat:/usr/local/cuda/lib64 /usr/local/bin/cmake --install /workspace/towen/build/zed_wrapper
[8.895s] -- Install configuration: ""
[8.895s] -- Execute custom install script
[8.899s] -- Symlinking: /workspace/towen/install/zed_wrapper/share/zed_wrapper/config/common_mono.yaml
[8.907s] -- Symlinking: /workspace/towen/install/zed_wrapper/share/zed_wrapper/config/common_stereo.yaml
[8.914s] -- Symlinking: /workspace/towen/install/zed_wrapper/share/zed_wrapper/config/ffmpeg.yaml
[8.922s] -- Symlinking: /workspace/towen/install/zed_wrapper/share/zed_wrapper/config/virtual.yaml
[8.929s] -- Symlinking: /workspace/towen/install/zed_wrapper/share/zed_wrapper/config/zed.yaml
[8.938s] -- Symlinking: /workspace/towen/install/zed_wrapper/share/zed_wrapper/config/zed2.yaml
[8.946s] -- Symlinking: /workspace/towen/install/zed_wrapper/share/zed_wrapper/config/zed2i.yaml
[8.956s] -- Symlinking: /workspace/towen/install/zed_wrapper/share/zed_wrapper/config/zedm.yaml
[8.963s] -- Symlinking: /workspace/towen/install/zed_wrapper/share/zed_wrapper/config/zedx.yaml
[8.970s] -- Symlinking: /workspace/towen/install/zed_wrapper/share/zed_wrapper/config/zedxm.yaml
[8.977s] -- Symlinking: /workspace/towen/install/zed_wrapper/share/zed_wrapper/config/zedxone4k.yaml
[8.985s] -- Symlinking: /workspace/towen/install/zed_wrapper/share/zed_wrapper/config/zedxonegs.yaml
[8.994s] -- Symlinking: /workspace/towen/install/zed_wrapper/share/zed_wrapper/urdf/include/materials.urdf.xacro
[9.005s] -- Symlinking: /workspace/towen/install/zed_wrapper/share/zed_wrapper/urdf/zed_descr.urdf.xacro
[9.013s] -- Symlinking: /workspace/towen/install/zed_wrapper/share/zed_wrapper/urdf/zed_macro.urdf.xacro
[9.021s] -- Symlinking: /workspace/towen/install/zed_wrapper/share/zed_wrapper/launch/zed_camera.launch.py
[9.030s] -- Symlinking: /workspace/towen/install/zed_wrapper/share/ament_index/resource_index/package_run_dependencies/zed_wrapper
[9.039s] -- Symlinking: /workspace/towen/install/zed_wrapper/share/ament_index/resource_index/parent_prefix_path/zed_wrapper
[9.049s] -- Symlinking: /workspace/towen/install/zed_wrapper/share/zed_wrapper/environment/ament_prefix_path.sh
[9.058s] -- Symlinking: /workspace/towen/install/zed_wrapper/share/zed_wrapper/environment/ament_prefix_path.dsv
[9.065s] -- Symlinking: /workspace/towen/install/zed_wrapper/share/zed_wrapper/environment/path.sh
[9.073s] -- Symlinking: /workspace/towen/install/zed_wrapper/share/zed_wrapper/environment/path.dsv
[9.080s] -- Symlinking: /workspace/towen/install/zed_wrapper/share/zed_wrapper/local_setup.bash
[9.088s] -- Symlinking: /workspace/towen/install/zed_wrapper/share/zed_wrapper/local_setup.sh
[9.096s] -- Symlinking: /workspace/towen/install/zed_wrapper/share/zed_wrapper/local_setup.zsh
[9.104s] -- Symlinking: /workspace/towen/install/zed_wrapper/share/zed_wrapper/local_setup.dsv
[9.112s] -- Symlinking: /workspace/towen/install/zed_wrapper/share/zed_wrapper/package.dsv
[9.121s] -- Symlinking: /workspace/towen/install/zed_wrapper/share/ament_index/resource_index/packages/zed_wrapper
[9.130s] -- Symlinking: /workspace/towen/install/zed_wrapper/share/zed_wrapper/cmake/zed_wrapperConfig.cmake
[9.138s] -- Symlinking: /workspace/towen/install/zed_wrapper/share/zed_wrapper/cmake/zed_wrapperConfig-version.cmake
[9.150s] -- Symlinking: /workspace/towen/install/zed_wrapper/share/zed_wrapper/package.xml
[9.199s] Invoked command in '/workspace/towen/build/zed_wrapper' returned '0': BYOBU_DATE=%Y-%m-%d CMAKE_PREFIX_PATH=/workspace/towen/install/zed_components:/workspace/towen/install/zed_ros2:/workspace/towen/install/zed_wrapper:/workspace/towen/install/webrtc_ros_msgs:/workspace/towen/install/web_video_server:/workspace/towen/install/vision_opencv:/workspace/towen/install/usb_cam:/workspace/towen/install/tku_msgs:/workspace/towen/install/rosidl_typesupport_introspection_tests:/workspace/towen/install/rosidl_typesupport_introspection_cpp:/workspace/towen/install/rosidl_typesupport_introspection_c:/workspace/towen/install/rosidl_generator_cpp:/workspace/towen/install/rosidl_runtime_cpp:/workspace/towen/install/rosidl_runtime_c:/workspace/towen/install/rosidl_generator_c:/workspace/towen/install/rosidl_typesupport_interface:/workspace/towen/install/rosidl_cmake:/workspace/towen/install/rosidl_parser:/workspace/towen/install/rosidl_adapter:/workspace/towen/install/image_geometry:/workspace/towen/install/cv_bridge:/opt/ros/humble/install:/workspace/towen/install/strategy:/workspace/towen/install/rosidl_cli:/workspace/towen/install/opencv_tests:/workspace/towen/install/motionpackage:/workspace/towen/install/imageprocess:/opt/ros/humble LD_LIBRARY_PATH=/workspace/towen/install/zed_components/lib:/workspace/towen/install/webrtc_ros_msgs/lib:/workspace/towen/install/usb_cam/lib:/workspace/towen/install/tku_msgs/lib:/workspace/towen/install/rosidl_typesupport_introspection_cpp/lib:/workspace/towen/install/rosidl_typesupport_introspection_c/lib:/workspace/towen/install/rosidl_runtime_c/lib:/workspace/towen/install/image_geometry/lib:/workspace/towen/install/cv_bridge/lib:/opt/ros/humble/opt/rviz_ogre_vendor/lib:/opt/ros/humble/lib/aarch64-linux-gnu:/opt/ros/humble/lib:/opt/ros/humble/install/opt/rviz_ogre_vendor/lib:/opt/ros/humble/install/lib:/usr/local/cuda/compat:/usr/local/cuda/lib64 /usr/local/bin/cmake --install /workspace/towen/build/zed_wrapper
