[0.018s] Invoking command in '/workspace/towen/build/rosidl_adapter': AMENT_PREFIX_PATH=/workspace/towen/install/rosidl_cli:${AMENT_PREFIX_PATH} BYOBU_DATE=%Y-%m-%d CMAKE_PREFIX_PATH=/opt/ros/humble PATH=/workspace/towen/install/rosidl_cli/bin:${PATH} PYTHONPATH=/workspace/towen/install/rosidl_cli/lib/python3.10/site-packages:${PYTHONPATH} /usr/local/bin/cmake --build /workspace/towen/build/rosidl_adapter -- -j6 -l6
[0.337s] Built target ament_cmake_python_symlink_rosidl_adapter_setup
[0.362s] Built target ament_cmake_python_symlink_rosidl_adapter
[0.947s] running egg_info
[0.989s] writing rosidl_adapter.egg-info/PKG-INFO
[0.990s] writing dependency_links to rosidl_adapter.egg-info/dependency_links.txt
[0.990s] writing entry points to rosidl_adapter.egg-info/entry_points.txt
[0.992s] writing top-level names to rosidl_adapter.egg-info/top_level.txt
[1.112s] reading manifest file 'rosidl_adapter.egg-info/SOURCES.txt'
[1.115s] writing manifest file 'rosidl_adapter.egg-info/SOURCES.txt'
[1.207s] Built target ament_cmake_python_build_rosidl_adapter_egg
[1.258s] Invoked command in '/workspace/towen/build/rosidl_adapter' returned '0': AMENT_PREFIX_PATH=/workspace/towen/install/rosidl_cli:${AMENT_PREFIX_PATH} BYOBU_DATE=%Y-%m-%d CMAKE_PREFIX_PATH=/opt/ros/humble PATH=/workspace/towen/install/rosidl_cli/bin:${PATH} PYTHONPATH=/workspace/towen/install/rosidl_cli/lib/python3.10/site-packages:${PYTHONPATH} /usr/local/bin/cmake --build /workspace/towen/build/rosidl_adapter -- -j6 -l6
[1.542s] Invoking command in '/workspace/towen/build/rosidl_adapter': AMENT_PREFIX_PATH=/workspace/towen/install/rosidl_cli:${AMENT_PREFIX_PATH} BYOBU_DATE=%Y-%m-%d CMAKE_PREFIX_PATH=/opt/ros/humble PATH=/workspace/towen/install/rosidl_cli/bin:${PATH} PYTHONPATH=/workspace/towen/install/rosidl_cli/lib/python3.10/site-packages:${PYTHONPATH} /usr/local/bin/cmake --install /workspace/towen/build/rosidl_adapter
[1.748s] -- Install configuration: "Release"
[1.752s] -- Execute custom install script
[1.753s] -- Up-to-date symlink: /workspace/towen/install/rosidl_adapter/share/rosidl_adapter/environment/pythonpath.sh
[1.754s] -- Up-to-date symlink: /workspace/towen/install/rosidl_adapter/share/rosidl_adapter/environment/pythonpath.dsv
[1.756s] -- Up-to-date symlink: /workspace/towen/install/rosidl_adapter/local/lib/python3.10/dist-packages/rosidl_adapter-3.1.7-py3.10.egg-info/PKG-INFO
[1.758s] -- Up-to-date symlink: /workspace/towen/install/rosidl_adapter/local/lib/python3.10/dist-packages/rosidl_adapter-3.1.7-py3.10.egg-info/SOURCES.txt
[1.759s] -- Up-to-date symlink: /workspace/towen/install/rosidl_adapter/local/lib/python3.10/dist-packages/rosidl_adapter-3.1.7-py3.10.egg-info/dependency_links.txt
[1.761s] -- Up-to-date symlink: /workspace/towen/install/rosidl_adapter/local/lib/python3.10/dist-packages/rosidl_adapter-3.1.7-py3.10.egg-info/entry_points.txt
[1.762s] -- Up-to-date symlink: /workspace/towen/install/rosidl_adapter/local/lib/python3.10/dist-packages/rosidl_adapter-3.1.7-py3.10.egg-info/top_level.txt
[1.763s] -- Up-to-date symlink: /workspace/towen/install/rosidl_adapter/local/lib/python3.10/dist-packages/rosidl_adapter/__init__.py
[1.764s] -- Up-to-date symlink: /workspace/towen/install/rosidl_adapter/local/lib/python3.10/dist-packages/rosidl_adapter/__main__.py
[1.765s] -- Up-to-date symlink: /workspace/towen/install/rosidl_adapter/local/lib/python3.10/dist-packages/rosidl_adapter/action/__init__.py
[1.765s] -- Up-to-date symlink: /workspace/towen/install/rosidl_adapter/local/lib/python3.10/dist-packages/rosidl_adapter/cli.py
[1.766s] -- Up-to-date symlink: /workspace/towen/install/rosidl_adapter/local/lib/python3.10/dist-packages/rosidl_adapter/main.py
[1.767s] -- Up-to-date symlink: /workspace/towen/install/rosidl_adapter/local/lib/python3.10/dist-packages/rosidl_adapter/msg/__init__.py
[1.768s] -- Up-to-date symlink: /workspace/towen/install/rosidl_adapter/local/lib/python3.10/dist-packages/rosidl_adapter/parser.py
[1.769s] -- Up-to-date symlink: /workspace/towen/install/rosidl_adapter/local/lib/python3.10/dist-packages/rosidl_adapter/resource/__init__.py
[1.770s] -- Up-to-date symlink: /workspace/towen/install/rosidl_adapter/local/lib/python3.10/dist-packages/rosidl_adapter/resource/action.idl.em
[1.771s] -- Up-to-date symlink: /workspace/towen/install/rosidl_adapter/local/lib/python3.10/dist-packages/rosidl_adapter/resource/msg.idl.em
[1.772s] -- Up-to-date symlink: /workspace/towen/install/rosidl_adapter/local/lib/python3.10/dist-packages/rosidl_adapter/resource/srv.idl.em
[1.774s] -- Up-to-date symlink: /workspace/towen/install/rosidl_adapter/local/lib/python3.10/dist-packages/rosidl_adapter/resource/struct.idl.em
[1.774s] -- Up-to-date symlink: /workspace/towen/install/rosidl_adapter/local/lib/python3.10/dist-packages/rosidl_adapter/srv/__init__.py
[1.775s] -- Up-to-date symlink: /workspace/towen/install/rosidl_adapter/share/ament_index/resource_index/package_run_dependencies/rosidl_adapter
[1.776s] -- Up-to-date symlink: /workspace/towen/install/rosidl_adapter/share/ament_index/resource_index/parent_prefix_path/rosidl_adapter
[1.777s] -- Up-to-date symlink: /workspace/towen/install/rosidl_adapter/share/rosidl_adapter/environment/ament_prefix_path.sh
[1.778s] -- Up-to-date symlink: /workspace/towen/install/rosidl_adapter/share/rosidl_adapter/environment/ament_prefix_path.dsv
[1.779s] -- Up-to-date symlink: /workspace/towen/install/rosidl_adapter/share/rosidl_adapter/environment/path.sh
[1.780s] -- Up-to-date symlink: /workspace/towen/install/rosidl_adapter/share/rosidl_adapter/environment/path.dsv
[1.780s] -- Up-to-date symlink: /workspace/towen/install/rosidl_adapter/share/rosidl_adapter/local_setup.bash
[1.789s] -- Up-to-date symlink: /workspace/towen/install/rosidl_adapter/share/rosidl_adapter/local_setup.sh
[1.790s] -- Up-to-date symlink: /workspace/towen/install/rosidl_adapter/share/rosidl_adapter/local_setup.zsh
[1.791s] -- Up-to-date symlink: /workspace/towen/install/rosidl_adapter/share/rosidl_adapter/local_setup.dsv
[1.792s] -- Symlinking: /workspace/towen/install/rosidl_adapter/share/rosidl_adapter/package.dsv
[1.793s] -- Up-to-date symlink: /workspace/towen/install/rosidl_adapter/share/ament_index/resource_index/packages/rosidl_adapter
[1.794s] -- Up-to-date symlink: /workspace/towen/install/rosidl_adapter/share/rosidl_adapter/cmake/rosidl_adapter-extras.cmake
[1.795s] -- Up-to-date symlink: /workspace/towen/install/rosidl_adapter/share/rosidl_adapter/cmake/rosidl_adapterConfig.cmake
[1.796s] -- Up-to-date symlink: /workspace/towen/install/rosidl_adapter/share/rosidl_adapter/cmake/rosidl_adapterConfig-version.cmake
[1.797s] -- Up-to-date symlink: /workspace/towen/install/rosidl_adapter/share/rosidl_adapter/package.xml
[1.798s] -- Up-to-date symlink: /workspace/towen/install/rosidl_adapter/share/rosidl_adapter/cmake/rosidl_adapt_interfaces.cmake
[1.799s] -- Up-to-date symlink: /workspace/towen/install/rosidl_adapter/lib/rosidl_adapter/msg2idl.py
[1.799s] -- Up-to-date symlink: /workspace/towen/install/rosidl_adapter/lib/rosidl_adapter/srv2idl.py
[1.856s] Listing '/workspace/towen/install/rosidl_adapter/local/lib/python3.10/dist-packages/rosidl_adapter'...
[1.857s] Listing '/workspace/towen/install/rosidl_adapter/local/lib/python3.10/dist-packages/rosidl_adapter/action'...
[1.858s] Listing '/workspace/towen/install/rosidl_adapter/local/lib/python3.10/dist-packages/rosidl_adapter/msg'...
[1.859s] Listing '/workspace/towen/install/rosidl_adapter/local/lib/python3.10/dist-packages/rosidl_adapter/resource'...
[1.860s] Listing '/workspace/towen/install/rosidl_adapter/local/lib/python3.10/dist-packages/rosidl_adapter/srv'...
[1.939s] Invoked command in '/workspace/towen/build/rosidl_adapter' returned '0': AMENT_PREFIX_PATH=/workspace/towen/install/rosidl_cli:${AMENT_PREFIX_PATH} BYOBU_DATE=%Y-%m-%d CMAKE_PREFIX_PATH=/opt/ros/humble PATH=/workspace/towen/install/rosidl_cli/bin:${PATH} PYTHONPATH=/workspace/towen/install/rosidl_cli/lib/python3.10/site-packages:${PYTHONPATH} /usr/local/bin/cmake --install /workspace/towen/build/rosidl_adapter
