[4.617s] Invoking command in '/workspace/towen/src/motionpackage': BYOBU_DATE=%Y-%m-%d PYTHONPATH=/workspace/towen/build/motionpackage/prefix_override:/usr/lib/python3/dist-packages/colcon_core/task/python/colcon_distutils_commands:/workspace/towen/install/motionpackage/lib/python3.10/site-packages:${PYTHONPATH} /usr/bin/python3 -W ignore:setup.py install is deprecated setup.py egg_info --egg-base ../../build/motionpackage build --build-base /workspace/towen/build/motionpackage/build install --record /workspace/towen/build/motionpackage/install.log --single-version-externally-managed install_data
[5.908s] running egg_info
[6.000s] writing ../../build/motionpackage/motionpackage.egg-info/PKG-INFO
[6.003s] writing dependency_links to ../../build/motionpackage/motionpackage.egg-info/dependency_links.txt
[6.005s] writing entry points to ../../build/motionpackage/motionpackage.egg-info/entry_points.txt
[6.006s] writing requirements to ../../build/motionpackage/motionpackage.egg-info/requires.txt
[6.007s] writing top-level names to ../../build/motionpackage/motionpackage.egg-info/top_level.txt
[6.198s] reading manifest file '../../build/motionpackage/motionpackage.egg-info/SOURCES.txt'
[6.206s] adding license file 'LICENSE'
[6.212s] writing manifest file '../../build/motionpackage/motionpackage.egg-info/SOURCES.txt'
[6.214s] running build
[6.215s] running build_py
[6.218s] copying motionpackage/opencr_imu.py -> /workspace/towen/build/motionpackage/build/lib/motionpackage
[6.223s] copying motionpackage/test.py -> /workspace/towen/build/motionpackage/build/lib/motionpackage
[6.226s] copying motionpackage/__init__.py -> /workspace/towen/build/motionpackage/build/lib/motionpackage
[6.228s] copying motionpackage/import struct.py -> /workspace/towen/build/motionpackage/build/lib/motionpackage
[6.228s] copying motionpackage/walking.py -> /workspace/towen/build/motionpackage/build/lib/motionpackage
[6.228s] copying motionpackage/motionpackage.py -> /workspace/towen/build/motionpackage/build/lib/motionpackage
[6.230s] running install
[6.253s] running install_lib
[6.339s] running install_data
[6.340s] copying resource/motionpackage -> /workspace/towen/install/motionpackage/share/ament_index/resource_index/packages
[6.356s] copying package.xml -> /workspace/towen/install/motionpackage/share/motionpackage
[6.356s] running install_egg_info
[6.457s] removing '/workspace/towen/install/motionpackage/lib/python3.10/site-packages/motionpackage-0.0.0-py3.10.egg-info' (and everything under it)
[6.459s] Copying ../../build/motionpackage/motionpackage.egg-info to /workspace/towen/install/motionpackage/lib/python3.10/site-packages/motionpackage-0.0.0-py3.10.egg-info
[6.459s] running install_scripts
[7.029s] Installing motionpackage script to /workspace/towen/install/motionpackage/lib/motionpackage
[7.032s] writing list of installed files to '/workspace/towen/build/motionpackage/install.log'
[7.370s] Invoked command in '/workspace/towen/src/motionpackage' returned '0': BYOBU_DATE=%Y-%m-%d PYTHONPATH=/workspace/towen/build/motionpackage/prefix_override:/usr/lib/python3/dist-packages/colcon_core/task/python/colcon_distutils_commands:/workspace/towen/install/motionpackage/lib/python3.10/site-packages:${PYTHONPATH} /usr/bin/python3 -W ignore:setup.py install is deprecated setup.py egg_info --egg-base ../../build/motionpackage build --build-base /workspace/towen/build/motionpackage/build install --record /workspace/towen/build/motionpackage/install.log --single-version-externally-managed install_data
