[3.634s] Invoking command in '/workspace/towen/src/strategy': BYOBU_DATE=%Y-%m-%d PYTHONPATH=/workspace/towen/build/strategy/prefix_override:/usr/lib/python3/dist-packages/colcon_core/task/python/colcon_distutils_commands:/workspace/towen/install/strategy/lib/python3.10/site-packages:${PYTHONPATH} /usr/bin/python3 -W ignore:setup.py install is deprecated setup.py egg_info --egg-base ../../build/strategy build --build-base /workspace/towen/build/strategy/build install --record /workspace/towen/build/strategy/install.log --single-version-externally-managed install_data
[4.525s] running egg_info
[4.630s] writing ../../build/strategy/strategy.egg-info/PKG-INFO
[4.634s] writing dependency_links to ../../build/strategy/strategy.egg-info/dependency_links.txt
[4.637s] writing entry points to ../../build/strategy/strategy.egg-info/entry_points.txt
[4.640s] writing requirements to ../../build/strategy/strategy.egg-info/requires.txt
[4.643s] writing top-level names to ../../build/strategy/strategy.egg-info/top_level.txt
[4.753s] reading manifest file '../../build/strategy/strategy.egg-info/SOURCES.txt'
[4.755s] adding license file 'LICENSE'
[4.759s] writing manifest file '../../build/strategy/strategy.egg-info/SOURCES.txt'
[4.760s] running build
[4.761s] running build_py
[4.763s] copying strategy/__init__.py -> /workspace/towen/build/strategy/build/lib/strategy
[4.765s] copying strategy/API.py -> /workspace/towen/build/strategy/build/lib/strategy
[4.768s] copying strategy/mar/__init__.py -> /workspace/towen/build/strategy/build/lib/strategy/mar
[4.769s] copying strategy/mar/mar.py -> /workspace/towen/build/strategy/build/lib/strategy/mar
[4.772s] copying strategy/wl/wl.py -> /workspace/towen/build/strategy/build/lib/strategy/wl
[4.774s] copying strategy/wl/__init__.py -> /workspace/towen/build/strategy/build/lib/strategy/wl
[4.776s] copying strategy/sp/sp.py -> /workspace/towen/build/strategy/build/lib/strategy/sp
[4.778s] copying strategy/sp/__init__.py -> /workspace/towen/build/strategy/build/lib/strategy/sp
[4.780s] copying strategy/obs/__init__.py -> /workspace/towen/build/strategy/build/lib/strategy/obs
[4.781s] copying strategy/obs/obs.py -> /workspace/towen/build/strategy/build/lib/strategy/obs
[4.782s] copying strategy/sr/__init__.py -> /workspace/towen/build/strategy/build/lib/strategy/sr
[4.783s] copying strategy/sr/sr.py -> /workspace/towen/build/strategy/build/lib/strategy/sr
[4.784s] copying strategy/bb/__init__.py -> /workspace/towen/build/strategy/build/lib/strategy/bb
[4.785s] copying strategy/bb/bb.py -> /workspace/towen/build/strategy/build/lib/strategy/bb
[4.786s] copying strategy/ar/__init__.py -> /workspace/towen/build/strategy/build/lib/strategy/ar
[4.786s] copying strategy/ar/ar.py -> /workspace/towen/build/strategy/build/lib/strategy/ar
[4.788s] running install
[4.800s] running install_lib
[4.858s] running install_data
[4.861s] copying resource/strategy -> /workspace/towen/install/strategy/share/ament_index/resource_index/packages
[4.863s] copying package.xml -> /workspace/towen/install/strategy/share/strategy
[4.865s] running install_egg_info
[4.952s] removing '/workspace/towen/install/strategy/lib/python3.10/site-packages/strategy-0.0.0-py3.10.egg-info' (and everything under it)
[4.952s] Copying ../../build/strategy/strategy.egg-info to /workspace/towen/install/strategy/lib/python3.10/site-packages/strategy-0.0.0-py3.10.egg-info
[4.952s] running install_scripts
[5.467s] Installing ar script to /workspace/towen/install/strategy/lib/strategy
[5.468s] Installing bb script to /workspace/towen/install/strategy/lib/strategy
[5.469s] Installing mar script to /workspace/towen/install/strategy/lib/strategy
[5.470s] Installing obs script to /workspace/towen/install/strategy/lib/strategy
[5.471s] Installing sp script to /workspace/towen/install/strategy/lib/strategy
[5.472s] Installing sr script to /workspace/towen/install/strategy/lib/strategy
[5.472s] Installing wl script to /workspace/towen/install/strategy/lib/strategy
[5.474s] writing list of installed files to '/workspace/towen/build/strategy/install.log'
[5.564s] Invoked command in '/workspace/towen/src/strategy' returned '0': BYOBU_DATE=%Y-%m-%d PYTHONPATH=/workspace/towen/build/strategy/prefix_override:/usr/lib/python3/dist-packages/colcon_core/task/python/colcon_distutils_commands:/workspace/towen/install/strategy/lib/python3.10/site-packages:${PYTHONPATH} /usr/bin/python3 -W ignore:setup.py install is deprecated setup.py egg_info --egg-base ../../build/strategy build --build-base /workspace/towen/build/strategy/build install --record /workspace/towen/build/strategy/install.log --single-version-externally-managed install_data
