[2.710s] Invoking command in '/workspace/towen/build/strategy': BYOBU_DATE=%Y-%m-%d PYTHONPATH=/workspace/towen/build/strategy/prefix_override:/usr/lib/python3/dist-packages/colcon_core/task/python/colcon_distutils_commands:/workspace/towen/install/strategy/lib/python3.10/site-packages:${PYTHONPATH} /usr/bin/python3 -W ignore:setup.py install is deprecated setup.py develop --editable --build-directory /workspace/towen/build/strategy/build --no-deps symlink_data --force
[3.780s] running develop
[3.781s] /usr/local/lib/python3.10/dist-packages/setuptools/command/develop.py:41: EasyInstallDeprecationWarning: easy_install command is deprecated.
[3.781s] !!
[3.781s] 
[3.781s]         ********************************************************************************
[3.781s]         Please avoid running ``setup.py`` and ``easy_install``.
[3.781s]         Instead, use pypa/build, pypa/installer or other
[3.781s]         standards-based tools.
[3.782s] 
[3.782s]         See https://github.com/pypa/setuptools/issues/917 for details.
[3.782s]         ********************************************************************************
[3.782s] 
[3.782s] !!
[3.782s]   easy_install.initialize_options(self)
[4.488s] running egg_info
[4.535s] writing strategy.egg-info/PKG-INFO
[4.539s] writing dependency_links to strategy.egg-info/dependency_links.txt
[4.540s] writing entry points to strategy.egg-info/entry_points.txt
[4.542s] writing requirements to strategy.egg-info/requires.txt
[4.542s] writing top-level names to strategy.egg-info/top_level.txt
[4.637s] reading manifest file 'strategy.egg-info/SOURCES.txt'
[4.642s] writing manifest file 'strategy.egg-info/SOURCES.txt'
[4.815s] running build_ext
[4.816s] Creating /workspace/towen/install/strategy/lib/python3.10/site-packages/strategy.egg-link (link to .)
[4.817s] Installing ar script to /workspace/towen/install/strategy/lib/strategy
[4.818s] Installing bb script to /workspace/towen/install/strategy/lib/strategy
[4.818s] Installing mar script to /workspace/towen/install/strategy/lib/strategy
[4.819s] Installing obs script to /workspace/towen/install/strategy/lib/strategy
[4.819s] Installing sp script to /workspace/towen/install/strategy/lib/strategy
[4.819s] Installing sr script to /workspace/towen/install/strategy/lib/strategy
[4.820s] Installing wl script to /workspace/towen/install/strategy/lib/strategy
[4.820s] 
[4.821s] Installed /workspace/towen/build/strategy
[4.821s] running symlink_data
[4.822s] symbolically linking /workspace/towen/build/strategy/resource/strategy -> /workspace/towen/install/strategy/share/ament_index/resource_index/packages
[4.823s] symbolically linking /workspace/towen/build/strategy/package.xml -> /workspace/towen/install/strategy/share/strategy
[4.992s] Invoked command in '/workspace/towen/build/strategy' returned '0': BYOBU_DATE=%Y-%m-%d PYTHONPATH=/workspace/towen/build/strategy/prefix_override:/usr/lib/python3/dist-packages/colcon_core/task/python/colcon_distutils_commands:/workspace/towen/install/strategy/lib/python3.10/site-packages:${PYTHONPATH} /usr/bin/python3 -W ignore:setup.py install is deprecated setup.py develop --editable --build-directory /workspace/towen/build/strategy/build --no-deps symlink_data --force
