[0.089s] Invoking command in '/workspace/towen/build/usb_cam': AMENT_PREFIX_PATH=/workspace/towen/install/tku_msgs:/workspace/towen/install/cv_bridge:${AMENT_PREFIX_PATH} BYOBU_DATE=%Y-%m-%d CMAKE_PREFIX_PATH=/workspace/towen/install/tku_msgs:/workspace/towen/install/cv_bridge:/opt/ros/humble LD_LIBRARY_PATH=/workspace/towen/install/tku_msgs/lib:/workspace/towen/install/cv_bridge/lib:/opt/ros/humble/opt/rviz_ogre_vendor/lib:/opt/ros/humble/lib/aarch64-linux-gnu:/opt/ros/humble/lib:/usr/local/cuda/compat:/usr/local/cuda/lib64 PYTHONPATH=/workspace/towen/install/tku_msgs/local/lib/python3.10/dist-packages:/workspace/towen/install/cv_bridge/local/lib/python3.10/dist-packages:${PYTHONPATH} /usr/local/bin/cmake --build /workspace/towen/build/usb_cam -- -j6 -l6
[0.359s] -- Found ament_cmake_auto: 1.3.10 (/opt/ros/humble/install/share/ament_cmake_auto/cmake)
[1.189s] -- Found rosidl_generator_c: 3.1.5 (/opt/ros/humble/install/share/rosidl_generator_c/cmake)
[1.198s] -- Found rosidl_adapter: 3.1.7 (/workspace/towen/install/rosidl_adapter/share/rosidl_adapter/cmake)
[1.222s] -- Found rosidl_generator_cpp: 3.1.7 (/workspace/towen/install/rosidl_generator_cpp/share/rosidl_generator_cpp/cmake)
[1.256s] -- Using all available rosidl_typesupport_c: rosidl_typesupport_fastrtps_c;rosidl_typesupport_introspection_c
[1.296s] -- Using all available rosidl_typesupport_cpp: rosidl_typesupport_fastrtps_cpp;rosidl_typesupport_introspection_cpp
[1.403s] -- Found rmw_implementation_cmake: 6.1.2 (/opt/ros/humble/install/share/rmw_implementation_cmake/cmake)
[1.408s] -- Found rmw_fastrtps_cpp: 6.2.7 (/opt/ros/humble/install/share/rmw_fastrtps_cpp/cmake)
[1.752s] -- Using RMW implementation 'rmw_fastrtps_cpp' as default
[2.396s] -- Found ament_lint_auto: 0.12.11 (/opt/ros/humble/install/share/ament_lint_auto/cmake)
[2.417s] -- Found gtest sources under '/opt/ros/humble/install/src/gtest_vendor': C++ tests using 'Google Test' will be built
[2.443s] -- Added test 'copyright' to check source files copyright and LICENSE
[2.448s] -- Added test 'cppcheck' to perform static code analysis on C / C++ code
[2.449s] -- Configured cppcheck include dirs: /workspace/towen/src/usb_cam/include
[2.449s] -- Configured cppcheck exclude dirs and/or files: 
[2.454s] -- Added test 'cpplint' to check C / C++ code against the Google style
[2.454s] -- Configured cpplint exclude dirs and/or files: 
[2.455s] -- Added test 'flake8' to check Python code syntax and style conventions
[2.457s] -- Added test 'lint_cmake' to check CMake code style
[2.458s] -- Added test 'pep257' to check Python code against some of the docstring style conventions in PEP 257
[2.463s] -- Added test 'uncrustify' to check C / C++ code style
[2.463s] -- Configured uncrustify additional arguments: 
[2.464s] -- Added test 'xmllint' to check XML markup files
[2.470s] -- Configuring done (2.1s)
[2.590s] -- Generating done (0.1s)
[2.592s] -- Build files have been written to: /workspace/towen/build/usb_cam
[2.687s] [ 14%] Built target usb_cam
[2.690s] [ 21%] [32m[1mLinking CXX executable usb_cam_node_exe[0m
[2.701s] [ 35%] Built target gtest_main
[2.701s] [ 50%] Built target gtest
[2.747s] [ 64%] Built target test_usb_cam_utils
[2.750s] [ 78%] Built target test_pixel_formats
[2.763s] [ 85%] [32m[1mLinking CXX shared library libusb_cam_node.so[0m
[3.613s] [ 92%] Built target usb_cam_node_exe
[6.394s] [100%] Built target usb_cam_node
[6.442s] Invoked command in '/workspace/towen/build/usb_cam' returned '0': AMENT_PREFIX_PATH=/workspace/towen/install/tku_msgs:/workspace/towen/install/cv_bridge:${AMENT_PREFIX_PATH} BYOBU_DATE=%Y-%m-%d CMAKE_PREFIX_PATH=/workspace/towen/install/tku_msgs:/workspace/towen/install/cv_bridge:/opt/ros/humble LD_LIBRARY_PATH=/workspace/towen/install/tku_msgs/lib:/workspace/towen/install/cv_bridge/lib:/opt/ros/humble/opt/rviz_ogre_vendor/lib:/opt/ros/humble/lib/aarch64-linux-gnu:/opt/ros/humble/lib:/usr/local/cuda/compat:/usr/local/cuda/lib64 PYTHONPATH=/workspace/towen/install/tku_msgs/local/lib/python3.10/dist-packages:/workspace/towen/install/cv_bridge/local/lib/python3.10/dist-packages:${PYTHONPATH} /usr/local/bin/cmake --build /workspace/towen/build/usb_cam -- -j6 -l6
[7.169s] Invoking command in '/workspace/towen/build/usb_cam': AMENT_PREFIX_PATH=/workspace/towen/install/tku_msgs:/workspace/towen/install/cv_bridge:${AMENT_PREFIX_PATH} BYOBU_DATE=%Y-%m-%d CMAKE_PREFIX_PATH=/workspace/towen/install/tku_msgs:/workspace/towen/install/cv_bridge:/opt/ros/humble LD_LIBRARY_PATH=/workspace/towen/install/tku_msgs/lib:/workspace/towen/install/cv_bridge/lib:/opt/ros/humble/opt/rviz_ogre_vendor/lib:/opt/ros/humble/lib/aarch64-linux-gnu:/opt/ros/humble/lib:/usr/local/cuda/compat:/usr/local/cuda/lib64 PYTHONPATH=/workspace/towen/install/tku_msgs/local/lib/python3.10/dist-packages:/workspace/towen/install/cv_bridge/local/lib/python3.10/dist-packages:${PYTHONPATH} /usr/local/bin/cmake --install /workspace/towen/build/usb_cam
[7.580s] -- Install configuration: ""
[7.580s] -- Up-to-date: /workspace/towen/install/usb_cam/share/usb_cam/environment/library_path.sh
[7.582s] -- Installing: /workspace/towen/install/usb_cam/share/usb_cam/environment/library_path.dsv
[7.584s] -- Installing: /workspace/towen/install/usb_cam/lib/usb_cam/usb_cam_node_exe
[7.587s] -- Set non-toolchain portion of runtime path of "/workspace/towen/install/usb_cam/lib/usb_cam/usb_cam_node_exe" to ""
[7.587s] -- Up-to-date: /workspace/towen/install/usb_cam/lib/usb_cam/show_image.py
[7.589s] -- Up-to-date: /workspace/towen/install/usb_cam/lib/libusb_cam.so
[7.591s] -- Installing: /workspace/towen/install/usb_cam/lib/libusb_cam_node.so
[7.653s] -- Set non-toolchain portion of runtime path of "/workspace/towen/install/usb_cam/lib/libusb_cam_node.so" to ""
[7.653s] -- Up-to-date: /workspace/towen/install/usb_cam/include
[7.654s] -- Up-to-date: /workspace/towen/install/usb_cam/include/usb_cam
[7.654s] -- Up-to-date: /workspace/towen/install/usb_cam/include/usb_cam/constants.hpp
[7.654s] -- Up-to-date: /workspace/towen/install/usb_cam/include/usb_cam/utils.hpp
[7.655s] -- Up-to-date: /workspace/towen/install/usb_cam/include/usb_cam/usb_cam.hpp
[7.655s] -- Up-to-date: /workspace/towen/install/usb_cam/include/usb_cam/usb_cam_node.hpp
[7.655s] -- Up-to-date: /workspace/towen/install/usb_cam/include/usb_cam/conversions.hpp
[7.656s] -- Up-to-date: /workspace/towen/install/usb_cam/include/usb_cam/formats
[7.656s] -- Up-to-date: /workspace/towen/install/usb_cam/include/usb_cam/formats/yuyv.hpp
[7.656s] -- Up-to-date: /workspace/towen/install/usb_cam/include/usb_cam/formats/av_pixel_format_helper.hpp
[7.656s] -- Up-to-date: /workspace/towen/install/usb_cam/include/usb_cam/formats/mjpeg.hpp
[7.656s] -- Up-to-date: /workspace/towen/install/usb_cam/include/usb_cam/formats/pixel_format_base.hpp
[7.657s] -- Up-to-date: /workspace/towen/install/usb_cam/include/usb_cam/formats/utils.hpp
[7.657s] -- Up-to-date: /workspace/towen/install/usb_cam/include/usb_cam/formats/mono.hpp
[7.657s] -- Up-to-date: /workspace/towen/install/usb_cam/include/usb_cam/formats/rgb.hpp
[7.657s] -- Up-to-date: /workspace/towen/install/usb_cam/include/usb_cam/formats/m420.hpp
[7.657s] -- Up-to-date: /workspace/towen/install/usb_cam/include/usb_cam/formats/uyvy.hpp
[7.657s] -- Up-to-date: /workspace/towen/install/usb_cam/lib/libusb_cam_node.so
[7.658s] -- Up-to-date: /workspace/towen/install/usb_cam/share/usb_cam/launch
[7.658s] -- Up-to-date: /workspace/towen/install/usb_cam/share/usb_cam/launch/camera_config.py
[7.658s] -- Up-to-date: /workspace/towen/install/usb_cam/share/usb_cam/launch/__init__.py
[7.658s] -- Up-to-date: /workspace/towen/install/usb_cam/share/usb_cam/launch/camera.launch.py
[7.658s] -- Up-to-date: /workspace/towen/install/usb_cam/share/usb_cam/config
[7.658s] -- Up-to-date: /workspace/towen/install/usb_cam/share/usb_cam/config/params_1.yaml
[7.658s] -- Up-to-date: /workspace/towen/install/usb_cam/share/usb_cam/config/params_2.yaml
[7.658s] -- Up-to-date: /workspace/towen/install/usb_cam/share/usb_cam/config/camera_info.yaml
[7.659s] -- Up-to-date: /workspace/towen/install/usb_cam/share/ament_index/resource_index/package_run_dependencies/usb_cam
[7.659s] -- Installing: /workspace/towen/install/usb_cam/share/ament_index/resource_index/parent_prefix_path/usb_cam
[7.659s] -- Up-to-date: /workspace/towen/install/usb_cam/share/usb_cam/environment/ament_prefix_path.sh
[7.659s] -- Installing: /workspace/towen/install/usb_cam/share/usb_cam/environment/ament_prefix_path.dsv
[7.659s] -- Up-to-date: /workspace/towen/install/usb_cam/share/usb_cam/environment/path.sh
[7.659s] -- Installing: /workspace/towen/install/usb_cam/share/usb_cam/environment/path.dsv
[7.660s] -- Up-to-date: /workspace/towen/install/usb_cam/share/usb_cam/local_setup.bash
[7.660s] -- Up-to-date: /workspace/towen/install/usb_cam/share/usb_cam/local_setup.sh
[7.660s] -- Up-to-date: /workspace/towen/install/usb_cam/share/usb_cam/local_setup.zsh
[7.660s] -- Installing: /workspace/towen/install/usb_cam/share/usb_cam/local_setup.dsv
[7.660s] -- Installing: /workspace/towen/install/usb_cam/share/usb_cam/package.dsv
[7.660s] -- Up-to-date: /workspace/towen/install/usb_cam/share/ament_index/resource_index/packages/usb_cam
[7.660s] -- Up-to-date: /workspace/towen/install/usb_cam/share/ament_index/resource_index/rclcpp_components/usb_cam
[7.660s] -- Up-to-date: /workspace/towen/install/usb_cam/share/usb_cam/cmake/ament_cmake_export_libraries-extras.cmake
[7.661s] -- Up-to-date: /workspace/towen/install/usb_cam/share/usb_cam/cmake/ament_cmake_export_dependencies-extras.cmake
[7.661s] -- Up-to-date: /workspace/towen/install/usb_cam/share/usb_cam/cmake/ament_cmake_export_include_directories-extras.cmake
[7.661s] -- Up-to-date: /workspace/towen/install/usb_cam/share/usb_cam/cmake/usb_camConfig.cmake
[7.661s] -- Up-to-date: /workspace/towen/install/usb_cam/share/usb_cam/cmake/usb_camConfig-version.cmake
[7.661s] -- Up-to-date: /workspace/towen/install/usb_cam/share/usb_cam/package.xml
[7.699s] Invoked command in '/workspace/towen/build/usb_cam' returned '0': AMENT_PREFIX_PATH=/workspace/towen/install/tku_msgs:/workspace/towen/install/cv_bridge:${AMENT_PREFIX_PATH} BYOBU_DATE=%Y-%m-%d CMAKE_PREFIX_PATH=/workspace/towen/install/tku_msgs:/workspace/towen/install/cv_bridge:/opt/ros/humble LD_LIBRARY_PATH=/workspace/towen/install/tku_msgs/lib:/workspace/towen/install/cv_bridge/lib:/opt/ros/humble/opt/rviz_ogre_vendor/lib:/opt/ros/humble/lib/aarch64-linux-gnu:/opt/ros/humble/lib:/usr/local/cuda/compat:/usr/local/cuda/lib64 PYTHONPATH=/workspace/towen/install/tku_msgs/local/lib/python3.10/dist-packages:/workspace/towen/install/cv_bridge/local/lib/python3.10/dist-packages:${PYTHONPATH} /usr/local/bin/cmake --install /workspace/towen/build/usb_cam
