[0.122s] Invoking command in '/workspace/towen/build/webrtc_ros_msgs': BYOBU_DATE=%Y-%m-%d CMAKE_PREFIX_PATH=${CMAKE_PREFIX_PATH}:/workspace/towen/install/strategy:/workspace/towen/install/rosidl_cli:/workspace/towen/install/opencv_tests:/workspace/towen/install/motionpackage:/workspace/towen/install/imageprocess:/opt/ros/humble /usr/local/bin/cmake /workspace/towen/src/webrtc_ros/webrtc_msgs -DCMAKE_INSTALL_PREFIX=/workspace/towen/install/webrtc_ros_msgs
[0.821s] -- The C compiler identification is GNU 11.4.0
[1.094s] -- The CXX compiler identification is GNU 11.4.0
[1.138s] -- Detecting C compiler ABI info
[1.493s] -- Detecting C compiler ABI info - done
[1.566s] -- Check for working C compiler: /usr/bin/cc - skipped
[1.566s] -- Detecting C compile features
[1.566s] -- Detecting C compile features - done
[1.598s] -- Detecting CXX compiler ABI info
[1.877s] -- Detecting CXX compiler ABI info - done
[1.947s] -- Check for working CXX compiler: /usr/bin/c++ - skipped
[1.947s] -- Detecting CXX compile features
[1.948s] -- Detecting CXX compile features - done
[1.990s] -- Found ament_cmake: 1.3.10 (/opt/ros/humble/install/share/ament_cmake/cmake)
[2.603s] -- Found Python3: /usr/local/bin/python3 (found version "3.10.12") found components: Interpreter
[3.040s] -- Found rosidl_default_generators: 1.2.0 (/opt/ros/humble/install/share/rosidl_default_generators/cmake)
[3.084s] -- Using all available rosidl_typesupport_c: rosidl_typesupport_introspection_c;rosidl_typesupport_fastrtps_c
[3.111s] -- Found rosidl_adapter: 3.1.7 (/workspace/towen/install/rosidl_adapter/share/rosidl_adapter/cmake)
[3.611s] -- Using all available rosidl_typesupport_cpp: rosidl_typesupport_introspection_cpp;rosidl_typesupport_fastrtps_cpp
[3.925s] -- Found builtin_interfaces: 1.2.1 (/opt/ros/humble/install/share/builtin_interfaces/cmake)
[7.359s] -- Found ament_cmake_ros: 0.10.0 (/opt/ros/humble/install/share/ament_cmake_ros/cmake)
[9.095s] -- Using all available rosidl_typesupport_c: rosidl_typesupport_introspection_c;rosidl_typesupport_fastrtps_c
[11.752s] -- Using all available rosidl_typesupport_cpp: rosidl_typesupport_introspection_cpp;rosidl_typesupport_fastrtps_cpp
[11.761s] [33mCMake Warning (dev) at /opt/ros/humble/install/share/rosidl_generator_py/cmake/rosidl_generator_py_generate_interfaces.cmake:20 (find_package):
[11.761s]   Policy CMP0148 is not set: The FindPythonInterp and FindPythonLibs modules
[11.761s]   are removed.  Run "cmake --help-policy CMP0148" for policy details.  Use
[11.762s]   the cmake_policy command to set the policy and suppress this warning.
[11.762s] 
[11.762s] Call Stack (most recent call first):
[11.762s]   /opt/ros/humble/install/share/ament_cmake_core/cmake/core/ament_execute_extensions.cmake:48 (include)
[11.762s]   /workspace/towen/install/rosidl_cmake/share/rosidl_cmake/cmake/rosidl_generate_interfaces.cmake:286 (ament_execute_extensions)
[11.762s]   CMakeLists.txt:8 (rosidl_generate_interfaces)
[11.762s] This warning is for project developers.  Use -Wno-dev to suppress it.
[11.763s] [0m
[11.856s] -- Found PythonInterp: /usr/local/bin/python3 (found suitable version "3.10.12", minimum required is "3.6")
[11.868s] -- Found python_cmake_module: 0.10.0 (/opt/ros/humble/install/share/python_cmake_module/cmake)
[11.869s] [33mCMake Warning (dev) at /opt/ros/humble/install/share/python_cmake_module/cmake/Modules/FindPythonExtra.cmake:52 (find_package):
[11.869s]   Policy CMP0148 is not set: The FindPythonInterp and FindPythonLibs modules
[11.869s]   are removed.  Run "cmake --help-policy CMP0148" for policy details.  Use
[11.870s]   the cmake_policy command to set the policy and suppress this warning.
[11.870s] 
[11.870s] Call Stack (most recent call first):
[11.870s]   /opt/ros/humble/install/share/rosidl_generator_py/cmake/rosidl_generator_py_generate_interfaces.cmake:23 (find_package)
[11.870s]   /opt/ros/humble/install/share/ament_cmake_core/cmake/core/ament_execute_extensions.cmake:48 (include)
[11.870s]   /workspace/towen/install/rosidl_cmake/share/rosidl_cmake/cmake/rosidl_generate_interfaces.cmake:286 (ament_execute_extensions)
[11.870s]   CMakeLists.txt:8 (rosidl_generate_interfaces)
[11.871s] This warning is for project developers.  Use -Wno-dev to suppress it.
[11.871s] [0m
[11.955s] [33mCMake Warning (dev) at /opt/ros/humble/install/share/python_cmake_module/cmake/Modules/FindPythonExtra.cmake:140 (find_package):
[11.955s]   Policy CMP0148 is not set: The FindPythonInterp and FindPythonLibs modules
[11.955s]   are removed.  Run "cmake --help-policy CMP0148" for policy details.  Use
[11.956s]   the cmake_policy command to set the policy and suppress this warning.
[11.956s] 
[11.956s] Call Stack (most recent call first):
[11.956s]   /opt/ros/humble/install/share/rosidl_generator_py/cmake/rosidl_generator_py_generate_interfaces.cmake:23 (find_package)
[11.956s]   /opt/ros/humble/install/share/ament_cmake_core/cmake/core/ament_execute_extensions.cmake:48 (include)
[11.956s]   /workspace/towen/install/rosidl_cmake/share/rosidl_cmake/cmake/rosidl_generate_interfaces.cmake:286 (ament_execute_extensions)
[11.956s]   CMakeLists.txt:8 (rosidl_generate_interfaces)
[11.957s] This warning is for project developers.  Use -Wno-dev to suppress it.
[11.957s] [0m
[11.979s] -- Found PythonLibs: /usr/lib/aarch64-linux-gnu/libpython3.10.so (found suitable version "3.10.12", minimum required is "3.5")
[11.980s] -- Using PYTHON_EXECUTABLE: /usr/local/bin/python3
[11.980s] -- Using PYTHON_INCLUDE_DIRS: /usr/include/python3.10
[11.981s] -- Using PYTHON_LIBRARIES: /usr/lib/aarch64-linux-gnu/libpython3.10.so
[12.082s] -- Found PythonExtra: .so
[12.356s] -- Configuring done (11.7s)
[12.516s] -- Generating done (0.2s)
[12.517s] -- Build files have been written to: /workspace/towen/build/webrtc_ros_msgs
[12.640s] Invoked command in '/workspace/towen/build/webrtc_ros_msgs' returned '0': BYOBU_DATE=%Y-%m-%d CMAKE_PREFIX_PATH=${CMAKE_PREFIX_PATH}:/workspace/towen/install/strategy:/workspace/towen/install/rosidl_cli:/workspace/towen/install/opencv_tests:/workspace/towen/install/motionpackage:/workspace/towen/install/imageprocess:/opt/ros/humble /usr/local/bin/cmake /workspace/towen/src/webrtc_ros/webrtc_msgs -DCMAKE_INSTALL_PREFIX=/workspace/towen/install/webrtc_ros_msgs
[12.656s] Invoking command in '/workspace/towen/build/webrtc_ros_msgs': BYOBU_DATE=%Y-%m-%d CMAKE_PREFIX_PATH=${CMAKE_PREFIX_PATH}:/workspace/towen/install/strategy:/workspace/towen/install/rosidl_cli:/workspace/towen/install/opencv_tests:/workspace/towen/install/motionpackage:/workspace/towen/install/imageprocess:/opt/ros/humble /usr/local/bin/cmake --build /workspace/towen/build/webrtc_ros_msgs -- -j6 -l6
[13.187s] [  2%] [34m[1mGenerating C++ code for ROS interfaces[0m
[14.369s] [  2%] Built target webrtc_ros_msgs__cpp
[14.407s] [  2%] Built target ament_cmake_python_copy_webrtc_ros_msgs
[14.427s] [  5%] [34m[1mGenerating C++ introspection for ROS interfaces[0m
[15.166s] [  7%] [32mBuilding CXX object CMakeFiles/webrtc_ros_msgs__rosidl_typesupport_introspection_cpp.dir/rosidl_typesupport_introspection_cpp/webrtc_ros_msgs/msg/detail/ice_server__type_support.cpp.o[0m
[16.363s] [ 10%] [32mBuilding CXX object CMakeFiles/webrtc_ros_msgs__rosidl_typesupport_introspection_cpp.dir/rosidl_typesupport_introspection_cpp/webrtc_ros_msgs/srv/detail/get_ice_servers__type_support.cpp.o[0m
[17.587s] [ 12%] [32m[1mLinking CXX shared library libwebrtc_ros_msgs__rosidl_typesupport_introspection_cpp.so[0m
[17.927s] [ 12%] Built target webrtc_ros_msgs__rosidl_typesupport_introspection_cpp
[18.663s] running egg_info
[18.716s] creating webrtc_ros_msgs.egg-info
[18.717s] writing webrtc_ros_msgs.egg-info/PKG-INFO
[18.718s] writing dependency_links to webrtc_ros_msgs.egg-info/dependency_links.txt
[18.718s] writing top-level names to webrtc_ros_msgs.egg-info/top_level.txt
[18.719s] writing manifest file 'webrtc_ros_msgs.egg-info/SOURCES.txt'
[18.873s] reading manifest file 'webrtc_ros_msgs.egg-info/SOURCES.txt'
[18.874s] writing manifest file 'webrtc_ros_msgs.egg-info/SOURCES.txt'
[18.957s] [ 12%] Built target ament_cmake_python_build_webrtc_ros_msgs_egg
[18.972s] [ 15%] [34m[1mGenerating C++ type support dispatch for ROS interfaces[0m
[19.630s] [ 17%] [32mBuilding CXX object CMakeFiles/webrtc_ros_msgs__rosidl_typesupport_cpp.dir/rosidl_typesupport_cpp/webrtc_ros_msgs/msg/ice_server__type_support.cpp.o[0m
[20.303s] [ 20%] [32mBuilding CXX object CMakeFiles/webrtc_ros_msgs__rosidl_typesupport_cpp.dir/rosidl_typesupport_cpp/webrtc_ros_msgs/srv/get_ice_servers__type_support.cpp.o[0m
[20.976s] [ 23%] [32m[1mLinking CXX shared library libwebrtc_ros_msgs__rosidl_typesupport_cpp.so[0m
[21.050s] [ 23%] Built target webrtc_ros_msgs__rosidl_typesupport_cpp
[21.064s] [ 25%] [34m[1mGenerating C++ type support for eProsima Fast-RTPS[0m
[21.814s] [ 28%] [32mBuilding CXX object CMakeFiles/webrtc_ros_msgs__rosidl_typesupport_fastrtps_cpp.dir/rosidl_typesupport_fastrtps_cpp/webrtc_ros_msgs/msg/detail/dds_fastrtps/ice_server__type_support.cpp.o[0m
[22.805s] [ 30%] [32mBuilding CXX object CMakeFiles/webrtc_ros_msgs__rosidl_typesupport_fastrtps_cpp.dir/rosidl_typesupport_fastrtps_cpp/webrtc_ros_msgs/srv/detail/dds_fastrtps/get_ice_servers__type_support.cpp.o[0m
[24.097s] [ 33%] [32m[1mLinking CXX shared library libwebrtc_ros_msgs__rosidl_typesupport_fastrtps_cpp.so[0m
[24.283s] [ 33%] Built target webrtc_ros_msgs__rosidl_typesupport_fastrtps_cpp
[24.300s] [ 35%] [34m[1mGenerating C code for ROS interfaces[0m
[25.169s] [ 38%] [32mBuilding C object CMakeFiles/webrtc_ros_msgs__rosidl_generator_c.dir/rosidl_generator_c/webrtc_ros_msgs/msg/detail/ice_server__functions.c.o[0m
[25.292s] [ 41%] [32mBuilding C object CMakeFiles/webrtc_ros_msgs__rosidl_generator_c.dir/rosidl_generator_c/webrtc_ros_msgs/srv/detail/get_ice_servers__functions.c.o[0m
[25.446s] [ 43%] [32m[1mLinking C shared library libwebrtc_ros_msgs__rosidl_generator_c.so[0m
[25.513s] [ 43%] Built target webrtc_ros_msgs__rosidl_generator_c
[25.528s] [ 46%] [34m[1mGenerating C introspection for ROS interfaces[0m
[26.229s] [ 48%] [32mBuilding C object CMakeFiles/webrtc_ros_msgs__rosidl_typesupport_introspection_c.dir/rosidl_typesupport_introspection_c/webrtc_ros_msgs/msg/detail/ice_server__type_support.c.o[0m
[26.306s] [ 51%] [32mBuilding C object CMakeFiles/webrtc_ros_msgs__rosidl_typesupport_introspection_c.dir/rosidl_typesupport_introspection_c/webrtc_ros_msgs/srv/detail/get_ice_servers__type_support.c.o[0m
[26.401s] [ 53%] [32m[1mLinking C shared library libwebrtc_ros_msgs__rosidl_typesupport_introspection_c.so[0m
[26.451s] [ 53%] Built target webrtc_ros_msgs__rosidl_typesupport_introspection_c
[26.465s] [ 56%] [34m[1mGenerating C type support dispatch for ROS interfaces[0m
[27.068s] [ 58%] [32mBuilding CXX object CMakeFiles/webrtc_ros_msgs__rosidl_typesupport_c.dir/rosidl_typesupport_c/webrtc_ros_msgs/msg/ice_server__type_support.cpp.o[0m
[27.142s] [ 61%] [32mBuilding CXX object CMakeFiles/webrtc_ros_msgs__rosidl_typesupport_c.dir/rosidl_typesupport_c/webrtc_ros_msgs/srv/get_ice_servers__type_support.cpp.o[0m
[27.230s] [ 64%] [32m[1mLinking CXX shared library libwebrtc_ros_msgs__rosidl_typesupport_c.so[0m
[27.304s] [ 64%] Built target webrtc_ros_msgs__rosidl_typesupport_c
[27.328s] [ 66%] [34m[1mGenerating C type support for eProsima Fast-RTPS[0m
[28.059s] [ 69%] [32mBuilding CXX object CMakeFiles/webrtc_ros_msgs__rosidl_typesupport_fastrtps_c.dir/rosidl_typesupport_fastrtps_c/webrtc_ros_msgs/msg/detail/ice_server__type_support_c.cpp.o[0m
[28.903s] [ 71%] [32mBuilding CXX object CMakeFiles/webrtc_ros_msgs__rosidl_typesupport_fastrtps_c.dir/rosidl_typesupport_fastrtps_c/webrtc_ros_msgs/srv/detail/get_ice_servers__type_support_c.cpp.o[0m
[29.728s] [ 74%] [32m[1mLinking CXX shared library libwebrtc_ros_msgs__rosidl_typesupport_fastrtps_c.so[0m
[29.873s] [ 74%] Built target webrtc_ros_msgs__rosidl_typesupport_fastrtps_c
[29.908s] [ 74%] Built target webrtc_ros_msgs
[29.940s] [ 76%] [34m[1mGenerating Python code for ROS interfaces[0m
[31.053s] [ 76%] Built target webrtc_ros_msgs__py
[31.086s] [ 79%] [32mBuilding C object CMakeFiles/webrtc_ros_msgs__rosidl_generator_py.dir/rosidl_generator_py/webrtc_ros_msgs/msg/_ice_server_s.c.o[0m
[31.351s] [ 82%] [32mBuilding C object CMakeFiles/webrtc_ros_msgs__rosidl_generator_py.dir/rosidl_generator_py/webrtc_ros_msgs/srv/_get_ice_servers_s.c.o[0m
[31.656s] [ 84%] [32m[1mLinking C shared library rosidl_generator_py/webrtc_ros_msgs/libwebrtc_ros_msgs__rosidl_generator_py.so[0m
[31.731s] [ 84%] Built target webrtc_ros_msgs__rosidl_generator_py
[31.783s] [ 87%] [32mBuilding C object CMakeFiles/webrtc_ros_msgs__rosidl_typesupport_introspection_c__pyext.dir/rosidl_generator_py/webrtc_ros_msgs/_webrtc_ros_msgs_s.ep.rosidl_typesupport_introspection_c.c.o[0m
[32.029s] [ 89%] [32m[1mLinking C shared library rosidl_generator_py/webrtc_ros_msgs/webrtc_ros_msgs_s__rosidl_typesupport_introspection_c.cpython-310-aarch64-linux-gnu.so[0m
[32.097s] [ 89%] Built target webrtc_ros_msgs__rosidl_typesupport_introspection_c__pyext
[32.124s] [ 92%] [32mBuilding C object CMakeFiles/webrtc_ros_msgs__rosidl_typesupport_c__pyext.dir/rosidl_generator_py/webrtc_ros_msgs/_webrtc_ros_msgs_s.ep.rosidl_typesupport_c.c.o[0m
[32.372s] [ 94%] [32m[1mLinking C shared library rosidl_generator_py/webrtc_ros_msgs/webrtc_ros_msgs_s__rosidl_typesupport_c.cpython-310-aarch64-linux-gnu.so[0m
[32.464s] [ 94%] Built target webrtc_ros_msgs__rosidl_typesupport_c__pyext
[32.493s] [ 97%] [32mBuilding C object CMakeFiles/webrtc_ros_msgs__rosidl_typesupport_fastrtps_c__pyext.dir/rosidl_generator_py/webrtc_ros_msgs/_webrtc_ros_msgs_s.ep.rosidl_typesupport_fastrtps_c.c.o[0m
[32.734s] [100%] [32m[1mLinking C shared library rosidl_generator_py/webrtc_ros_msgs/webrtc_ros_msgs_s__rosidl_typesupport_fastrtps_c.cpython-310-aarch64-linux-gnu.so[0m
[32.794s] [100%] Built target webrtc_ros_msgs__rosidl_typesupport_fastrtps_c__pyext
[32.844s] Invoked command in '/workspace/towen/build/webrtc_ros_msgs' returned '0': BYOBU_DATE=%Y-%m-%d CMAKE_PREFIX_PATH=${CMAKE_PREFIX_PATH}:/workspace/towen/install/strategy:/workspace/towen/install/rosidl_cli:/workspace/towen/install/opencv_tests:/workspace/towen/install/motionpackage:/workspace/towen/install/imageprocess:/opt/ros/humble /usr/local/bin/cmake --build /workspace/towen/build/webrtc_ros_msgs -- -j6 -l6
[33.285s] Invoking command in '/workspace/towen/build/webrtc_ros_msgs': BYOBU_DATE=%Y-%m-%d CMAKE_PREFIX_PATH=${CMAKE_PREFIX_PATH}:/workspace/towen/install/strategy:/workspace/towen/install/rosidl_cli:/workspace/towen/install/opencv_tests:/workspace/towen/install/motionpackage:/workspace/towen/install/imageprocess:/opt/ros/humble /usr/local/bin/cmake --install /workspace/towen/build/webrtc_ros_msgs
[33.489s] -- Install configuration: ""
[33.489s] -- Installing: /workspace/towen/install/webrtc_ros_msgs/share/ament_index/resource_index/rosidl_interfaces/webrtc_ros_msgs
[33.489s] -- Installing: /workspace/towen/install/webrtc_ros_msgs/include/webrtc_ros_msgs/webrtc_ros_msgs
[33.490s] -- Installing: /workspace/towen/install/webrtc_ros_msgs/include/webrtc_ros_msgs/webrtc_ros_msgs/srv
[33.490s] -- Installing: /workspace/towen/install/webrtc_ros_msgs/include/webrtc_ros_msgs/webrtc_ros_msgs/srv/detail
[33.491s] -- Installing: /workspace/towen/install/webrtc_ros_msgs/include/webrtc_ros_msgs/webrtc_ros_msgs/srv/detail/get_ice_servers__functions.c
[33.491s] -- Installing: /workspace/towen/install/webrtc_ros_msgs/include/webrtc_ros_msgs/webrtc_ros_msgs/srv/detail/get_ice_servers__type_support.h
[33.492s] -- Installing: /workspace/towen/install/webrtc_ros_msgs/include/webrtc_ros_msgs/webrtc_ros_msgs/srv/detail/get_ice_servers__functions.h
[33.492s] -- Installing: /workspace/towen/install/webrtc_ros_msgs/include/webrtc_ros_msgs/webrtc_ros_msgs/srv/detail/get_ice_servers__struct.h
[33.492s] -- Installing: /workspace/towen/install/webrtc_ros_msgs/include/webrtc_ros_msgs/webrtc_ros_msgs/srv/get_ice_servers.h
[33.492s] -- Installing: /workspace/towen/install/webrtc_ros_msgs/include/webrtc_ros_msgs/webrtc_ros_msgs/msg
[33.492s] -- Installing: /workspace/towen/install/webrtc_ros_msgs/include/webrtc_ros_msgs/webrtc_ros_msgs/msg/ice_server.h
[33.493s] -- Installing: /workspace/towen/install/webrtc_ros_msgs/include/webrtc_ros_msgs/webrtc_ros_msgs/msg/rosidl_generator_c__visibility_control.h
[33.493s] -- Installing: /workspace/towen/install/webrtc_ros_msgs/include/webrtc_ros_msgs/webrtc_ros_msgs/msg/detail
[33.493s] -- Installing: /workspace/towen/install/webrtc_ros_msgs/include/webrtc_ros_msgs/webrtc_ros_msgs/msg/detail/ice_server__type_support.h
[33.493s] -- Installing: /workspace/towen/install/webrtc_ros_msgs/include/webrtc_ros_msgs/webrtc_ros_msgs/msg/detail/ice_server__functions.h
[33.493s] -- Installing: /workspace/towen/install/webrtc_ros_msgs/include/webrtc_ros_msgs/webrtc_ros_msgs/msg/detail/ice_server__functions.c
[33.494s] -- Installing: /workspace/towen/install/webrtc_ros_msgs/include/webrtc_ros_msgs/webrtc_ros_msgs/msg/detail/ice_server__struct.h
[33.494s] -- Installing: /workspace/towen/install/webrtc_ros_msgs/share/webrtc_ros_msgs/environment/library_path.sh
[33.494s] -- Installing: /workspace/towen/install/webrtc_ros_msgs/share/webrtc_ros_msgs/environment/library_path.dsv
[33.494s] -- Installing: /workspace/towen/install/webrtc_ros_msgs/lib/libwebrtc_ros_msgs__rosidl_generator_c.so
[33.494s] -- Set non-toolchain portion of runtime path of "/workspace/towen/install/webrtc_ros_msgs/lib/libwebrtc_ros_msgs__rosidl_generator_c.so" to ""
[33.495s] -- Up-to-date: /workspace/towen/install/webrtc_ros_msgs/include/webrtc_ros_msgs/webrtc_ros_msgs
[33.495s] -- Up-to-date: /workspace/towen/install/webrtc_ros_msgs/include/webrtc_ros_msgs/webrtc_ros_msgs/srv
[33.495s] -- Up-to-date: /workspace/towen/install/webrtc_ros_msgs/include/webrtc_ros_msgs/webrtc_ros_msgs/srv/detail
[33.495s] -- Installing: /workspace/towen/install/webrtc_ros_msgs/include/webrtc_ros_msgs/webrtc_ros_msgs/srv/detail/get_ice_servers__rosidl_typesupport_introspection_c.h
[33.495s] -- Installing: /workspace/towen/install/webrtc_ros_msgs/include/webrtc_ros_msgs/webrtc_ros_msgs/srv/detail/get_ice_servers__type_support.c
[33.495s] -- Up-to-date: /workspace/towen/install/webrtc_ros_msgs/include/webrtc_ros_msgs/webrtc_ros_msgs/msg
[33.496s] -- Installing: /workspace/towen/install/webrtc_ros_msgs/include/webrtc_ros_msgs/webrtc_ros_msgs/msg/rosidl_typesupport_introspection_c__visibility_control.h
[33.496s] -- Up-to-date: /workspace/towen/install/webrtc_ros_msgs/include/webrtc_ros_msgs/webrtc_ros_msgs/msg/detail
[33.496s] -- Installing: /workspace/towen/install/webrtc_ros_msgs/include/webrtc_ros_msgs/webrtc_ros_msgs/msg/detail/ice_server__type_support.c
[33.496s] -- Installing: /workspace/towen/install/webrtc_ros_msgs/include/webrtc_ros_msgs/webrtc_ros_msgs/msg/detail/ice_server__rosidl_typesupport_introspection_c.h
[33.496s] -- Installing: /workspace/towen/install/webrtc_ros_msgs/lib/libwebrtc_ros_msgs__rosidl_typesupport_introspection_c.so
[33.497s] -- Set non-toolchain portion of runtime path of "/workspace/towen/install/webrtc_ros_msgs/lib/libwebrtc_ros_msgs__rosidl_typesupport_introspection_c.so" to ""
[33.497s] -- Up-to-date: /workspace/towen/install/webrtc_ros_msgs/include/webrtc_ros_msgs/webrtc_ros_msgs
[33.498s] -- Up-to-date: /workspace/towen/install/webrtc_ros_msgs/include/webrtc_ros_msgs/webrtc_ros_msgs/srv
[33.498s] -- Up-to-date: /workspace/towen/install/webrtc_ros_msgs/include/webrtc_ros_msgs/webrtc_ros_msgs/srv/detail
[33.498s] -- Installing: /workspace/towen/install/webrtc_ros_msgs/include/webrtc_ros_msgs/webrtc_ros_msgs/srv/detail/get_ice_servers__rosidl_typesupport_fastrtps_c.h
[33.498s] -- Up-to-date: /workspace/towen/install/webrtc_ros_msgs/include/webrtc_ros_msgs/webrtc_ros_msgs/msg
[33.498s] -- Installing: /workspace/towen/install/webrtc_ros_msgs/include/webrtc_ros_msgs/webrtc_ros_msgs/msg/rosidl_typesupport_fastrtps_c__visibility_control.h
[33.498s] -- Up-to-date: /workspace/towen/install/webrtc_ros_msgs/include/webrtc_ros_msgs/webrtc_ros_msgs/msg/detail
[33.499s] -- Installing: /workspace/towen/install/webrtc_ros_msgs/include/webrtc_ros_msgs/webrtc_ros_msgs/msg/detail/ice_server__rosidl_typesupport_fastrtps_c.h
[33.499s] -- Installing: /workspace/towen/install/webrtc_ros_msgs/lib/libwebrtc_ros_msgs__rosidl_typesupport_fastrtps_c.so
[33.499s] -- Set non-toolchain portion of runtime path of "/workspace/towen/install/webrtc_ros_msgs/lib/libwebrtc_ros_msgs__rosidl_typesupport_fastrtps_c.so" to ""
[33.500s] -- Installing: /workspace/towen/install/webrtc_ros_msgs/lib/libwebrtc_ros_msgs__rosidl_typesupport_c.so
[33.500s] -- Set non-toolchain portion of runtime path of "/workspace/towen/install/webrtc_ros_msgs/lib/libwebrtc_ros_msgs__rosidl_typesupport_c.so" to ""
[33.500s] -- Up-to-date: /workspace/towen/install/webrtc_ros_msgs/include/webrtc_ros_msgs/webrtc_ros_msgs
[33.501s] -- Up-to-date: /workspace/towen/install/webrtc_ros_msgs/include/webrtc_ros_msgs/webrtc_ros_msgs/srv
[33.501s] -- Installing: /workspace/towen/install/webrtc_ros_msgs/include/webrtc_ros_msgs/webrtc_ros_msgs/srv/get_ice_servers.hpp
[33.501s] -- Up-to-date: /workspace/towen/install/webrtc_ros_msgs/include/webrtc_ros_msgs/webrtc_ros_msgs/srv/detail
[33.501s] -- Installing: /workspace/towen/install/webrtc_ros_msgs/include/webrtc_ros_msgs/webrtc_ros_msgs/srv/detail/get_ice_servers__builder.hpp
[33.501s] -- Installing: /workspace/towen/install/webrtc_ros_msgs/include/webrtc_ros_msgs/webrtc_ros_msgs/srv/detail/get_ice_servers__traits.hpp
[33.501s] -- Installing: /workspace/towen/install/webrtc_ros_msgs/include/webrtc_ros_msgs/webrtc_ros_msgs/srv/detail/get_ice_servers__type_support.hpp
[33.502s] -- Installing: /workspace/towen/install/webrtc_ros_msgs/include/webrtc_ros_msgs/webrtc_ros_msgs/srv/detail/get_ice_servers__struct.hpp
[33.502s] -- Up-to-date: /workspace/towen/install/webrtc_ros_msgs/include/webrtc_ros_msgs/webrtc_ros_msgs/msg
[33.502s] -- Installing: /workspace/towen/install/webrtc_ros_msgs/include/webrtc_ros_msgs/webrtc_ros_msgs/msg/ice_server.hpp
[33.502s] -- Up-to-date: /workspace/towen/install/webrtc_ros_msgs/include/webrtc_ros_msgs/webrtc_ros_msgs/msg/detail
[33.502s] -- Installing: /workspace/towen/install/webrtc_ros_msgs/include/webrtc_ros_msgs/webrtc_ros_msgs/msg/detail/ice_server__traits.hpp
[33.502s] -- Installing: /workspace/towen/install/webrtc_ros_msgs/include/webrtc_ros_msgs/webrtc_ros_msgs/msg/detail/ice_server__builder.hpp
[33.503s] -- Installing: /workspace/towen/install/webrtc_ros_msgs/include/webrtc_ros_msgs/webrtc_ros_msgs/msg/detail/ice_server__type_support.hpp
[33.503s] -- Installing: /workspace/towen/install/webrtc_ros_msgs/include/webrtc_ros_msgs/webrtc_ros_msgs/msg/detail/ice_server__struct.hpp
[33.503s] -- Installing: /workspace/towen/install/webrtc_ros_msgs/include/webrtc_ros_msgs/webrtc_ros_msgs/msg/rosidl_generator_cpp__visibility_control.hpp
[33.504s] -- Up-to-date: /workspace/towen/install/webrtc_ros_msgs/include/webrtc_ros_msgs/webrtc_ros_msgs
[33.504s] -- Up-to-date: /workspace/towen/install/webrtc_ros_msgs/include/webrtc_ros_msgs/webrtc_ros_msgs/srv
[33.504s] -- Up-to-date: /workspace/towen/install/webrtc_ros_msgs/include/webrtc_ros_msgs/webrtc_ros_msgs/srv/detail
[33.504s] -- Installing: /workspace/towen/install/webrtc_ros_msgs/include/webrtc_ros_msgs/webrtc_ros_msgs/srv/detail/get_ice_servers__rosidl_typesupport_introspection_cpp.hpp
[33.504s] -- Installing: /workspace/towen/install/webrtc_ros_msgs/include/webrtc_ros_msgs/webrtc_ros_msgs/srv/detail/get_ice_servers__type_support.cpp
[33.505s] -- Up-to-date: /workspace/towen/install/webrtc_ros_msgs/include/webrtc_ros_msgs/webrtc_ros_msgs/msg
[33.505s] -- Up-to-date: /workspace/towen/install/webrtc_ros_msgs/include/webrtc_ros_msgs/webrtc_ros_msgs/msg/detail
[33.505s] -- Installing: /workspace/towen/install/webrtc_ros_msgs/include/webrtc_ros_msgs/webrtc_ros_msgs/msg/detail/ice_server__rosidl_typesupport_introspection_cpp.hpp
[33.505s] -- Installing: /workspace/towen/install/webrtc_ros_msgs/include/webrtc_ros_msgs/webrtc_ros_msgs/msg/detail/ice_server__type_support.cpp
[33.505s] -- Installing: /workspace/towen/install/webrtc_ros_msgs/lib/libwebrtc_ros_msgs__rosidl_typesupport_introspection_cpp.so
[33.506s] -- Set non-toolchain portion of runtime path of "/workspace/towen/install/webrtc_ros_msgs/lib/libwebrtc_ros_msgs__rosidl_typesupport_introspection_cpp.so" to ""
[33.506s] -- Up-to-date: /workspace/towen/install/webrtc_ros_msgs/include/webrtc_ros_msgs/webrtc_ros_msgs
[33.506s] -- Up-to-date: /workspace/towen/install/webrtc_ros_msgs/include/webrtc_ros_msgs/webrtc_ros_msgs/srv
[33.507s] -- Up-to-date: /workspace/towen/install/webrtc_ros_msgs/include/webrtc_ros_msgs/webrtc_ros_msgs/srv/detail
[33.507s] -- Installing: /workspace/towen/install/webrtc_ros_msgs/include/webrtc_ros_msgs/webrtc_ros_msgs/srv/detail/get_ice_servers__rosidl_typesupport_fastrtps_cpp.hpp
[33.507s] -- Installing: /workspace/towen/install/webrtc_ros_msgs/include/webrtc_ros_msgs/webrtc_ros_msgs/srv/detail/dds_fastrtps
[33.507s] -- Up-to-date: /workspace/towen/install/webrtc_ros_msgs/include/webrtc_ros_msgs/webrtc_ros_msgs/msg
[33.507s] -- Installing: /workspace/towen/install/webrtc_ros_msgs/include/webrtc_ros_msgs/webrtc_ros_msgs/msg/rosidl_typesupport_fastrtps_cpp__visibility_control.h
[33.507s] -- Up-to-date: /workspace/towen/install/webrtc_ros_msgs/include/webrtc_ros_msgs/webrtc_ros_msgs/msg/detail
[33.508s] -- Installing: /workspace/towen/install/webrtc_ros_msgs/include/webrtc_ros_msgs/webrtc_ros_msgs/msg/detail/dds_fastrtps
[33.508s] -- Installing: /workspace/towen/install/webrtc_ros_msgs/include/webrtc_ros_msgs/webrtc_ros_msgs/msg/detail/ice_server__rosidl_typesupport_fastrtps_cpp.hpp
[33.508s] -- Installing: /workspace/towen/install/webrtc_ros_msgs/lib/libwebrtc_ros_msgs__rosidl_typesupport_fastrtps_cpp.so
[33.509s] -- Set non-toolchain portion of runtime path of "/workspace/towen/install/webrtc_ros_msgs/lib/libwebrtc_ros_msgs__rosidl_typesupport_fastrtps_cpp.so" to ""
[33.509s] -- Installing: /workspace/towen/install/webrtc_ros_msgs/lib/libwebrtc_ros_msgs__rosidl_typesupport_cpp.so
[33.509s] -- Set non-toolchain portion of runtime path of "/workspace/towen/install/webrtc_ros_msgs/lib/libwebrtc_ros_msgs__rosidl_typesupport_cpp.so" to ""
[33.510s] -- Installing: /workspace/towen/install/webrtc_ros_msgs/share/webrtc_ros_msgs/environment/pythonpath.sh
[33.510s] -- Installing: /workspace/towen/install/webrtc_ros_msgs/share/webrtc_ros_msgs/environment/pythonpath.dsv
[33.510s] -- Installing: /workspace/towen/install/webrtc_ros_msgs/local/lib/python3.10/dist-packages/webrtc_ros_msgs-59.0.4-py3.10.egg-info
[33.511s] -- Installing: /workspace/towen/install/webrtc_ros_msgs/local/lib/python3.10/dist-packages/webrtc_ros_msgs-59.0.4-py3.10.egg-info/PKG-INFO
[33.512s] -- Installing: /workspace/towen/install/webrtc_ros_msgs/local/lib/python3.10/dist-packages/webrtc_ros_msgs-59.0.4-py3.10.egg-info/top_level.txt
[33.512s] -- Installing: /workspace/towen/install/webrtc_ros_msgs/local/lib/python3.10/dist-packages/webrtc_ros_msgs-59.0.4-py3.10.egg-info/SOURCES.txt
[33.512s] -- Installing: /workspace/towen/install/webrtc_ros_msgs/local/lib/python3.10/dist-packages/webrtc_ros_msgs-59.0.4-py3.10.egg-info/dependency_links.txt
[33.513s] -- Installing: /workspace/towen/install/webrtc_ros_msgs/local/lib/python3.10/dist-packages/webrtc_ros_msgs
[33.513s] -- Installing: /workspace/towen/install/webrtc_ros_msgs/local/lib/python3.10/dist-packages/webrtc_ros_msgs/srv
[33.513s] -- Installing: /workspace/towen/install/webrtc_ros_msgs/local/lib/python3.10/dist-packages/webrtc_ros_msgs/srv/_get_ice_servers_s.c
[33.513s] -- Installing: /workspace/towen/install/webrtc_ros_msgs/local/lib/python3.10/dist-packages/webrtc_ros_msgs/srv/__init__.py
[33.513s] -- Installing: /workspace/towen/install/webrtc_ros_msgs/local/lib/python3.10/dist-packages/webrtc_ros_msgs/srv/_get_ice_servers.py
[33.514s] -- Installing: /workspace/towen/install/webrtc_ros_msgs/local/lib/python3.10/dist-packages/webrtc_ros_msgs/webrtc_ros_msgs_s__rosidl_typesupport_introspection_c.cpython-310-aarch64-linux-gnu.so
[33.514s] -- Installing: /workspace/towen/install/webrtc_ros_msgs/local/lib/python3.10/dist-packages/webrtc_ros_msgs/msg
[33.514s] -- Installing: /workspace/towen/install/webrtc_ros_msgs/local/lib/python3.10/dist-packages/webrtc_ros_msgs/msg/_ice_server_s.c
[33.514s] -- Installing: /workspace/towen/install/webrtc_ros_msgs/local/lib/python3.10/dist-packages/webrtc_ros_msgs/msg/__init__.py
[33.514s] -- Installing: /workspace/towen/install/webrtc_ros_msgs/local/lib/python3.10/dist-packages/webrtc_ros_msgs/msg/_ice_server.py
[33.515s] -- Installing: /workspace/towen/install/webrtc_ros_msgs/local/lib/python3.10/dist-packages/webrtc_ros_msgs/__init__.py
[33.515s] -- Installing: /workspace/towen/install/webrtc_ros_msgs/local/lib/python3.10/dist-packages/webrtc_ros_msgs/_webrtc_ros_msgs_s.ep.rosidl_typesupport_c.c
[33.515s] -- Installing: /workspace/towen/install/webrtc_ros_msgs/local/lib/python3.10/dist-packages/webrtc_ros_msgs/libwebrtc_ros_msgs__rosidl_generator_py.so
[33.515s] -- Installing: /workspace/towen/install/webrtc_ros_msgs/local/lib/python3.10/dist-packages/webrtc_ros_msgs/webrtc_ros_msgs_s__rosidl_typesupport_fastrtps_c.cpython-310-aarch64-linux-gnu.so
[33.515s] -- Installing: /workspace/towen/install/webrtc_ros_msgs/local/lib/python3.10/dist-packages/webrtc_ros_msgs/_webrtc_ros_msgs_s.ep.rosidl_typesupport_fastrtps_c.c
[33.515s] -- Installing: /workspace/towen/install/webrtc_ros_msgs/local/lib/python3.10/dist-packages/webrtc_ros_msgs/webrtc_ros_msgs_s__rosidl_typesupport_c.cpython-310-aarch64-linux-gnu.so
[33.516s] -- Installing: /workspace/towen/install/webrtc_ros_msgs/local/lib/python3.10/dist-packages/webrtc_ros_msgs/_webrtc_ros_msgs_s.ep.rosidl_typesupport_introspection_c.c
[33.620s] Listing '/workspace/towen/install/webrtc_ros_msgs/local/lib/python3.10/dist-packages/webrtc_ros_msgs'...
[33.620s] Compiling '/workspace/towen/install/webrtc_ros_msgs/local/lib/python3.10/dist-packages/webrtc_ros_msgs/__init__.py'...
[33.622s] Listing '/workspace/towen/install/webrtc_ros_msgs/local/lib/python3.10/dist-packages/webrtc_ros_msgs/msg'...
[33.624s] Compiling '/workspace/towen/install/webrtc_ros_msgs/local/lib/python3.10/dist-packages/webrtc_ros_msgs/msg/__init__.py'...
[33.625s] Compiling '/workspace/towen/install/webrtc_ros_msgs/local/lib/python3.10/dist-packages/webrtc_ros_msgs/msg/_ice_server.py'...
[33.625s] Listing '/workspace/towen/install/webrtc_ros_msgs/local/lib/python3.10/dist-packages/webrtc_ros_msgs/srv'...
[33.626s] Compiling '/workspace/towen/install/webrtc_ros_msgs/local/lib/python3.10/dist-packages/webrtc_ros_msgs/srv/__init__.py'...
[33.627s] Compiling '/workspace/towen/install/webrtc_ros_msgs/local/lib/python3.10/dist-packages/webrtc_ros_msgs/srv/_get_ice_servers.py'...
[33.646s] -- Installing: /workspace/towen/install/webrtc_ros_msgs/local/lib/python3.10/dist-packages/webrtc_ros_msgs/webrtc_ros_msgs_s__rosidl_typesupport_introspection_c.cpython-310-aarch64-linux-gnu.so
[33.646s] -- Set non-toolchain portion of runtime path of "/workspace/towen/install/webrtc_ros_msgs/local/lib/python3.10/dist-packages/webrtc_ros_msgs/webrtc_ros_msgs_s__rosidl_typesupport_introspection_c.cpython-310-aarch64-linux-gnu.so" to ""
[33.646s] -- Installing: /workspace/towen/install/webrtc_ros_msgs/local/lib/python3.10/dist-packages/webrtc_ros_msgs/webrtc_ros_msgs_s__rosidl_typesupport_fastrtps_c.cpython-310-aarch64-linux-gnu.so
[33.647s] -- Set non-toolchain portion of runtime path of "/workspace/towen/install/webrtc_ros_msgs/local/lib/python3.10/dist-packages/webrtc_ros_msgs/webrtc_ros_msgs_s__rosidl_typesupport_fastrtps_c.cpython-310-aarch64-linux-gnu.so" to ""
[33.647s] -- Installing: /workspace/towen/install/webrtc_ros_msgs/local/lib/python3.10/dist-packages/webrtc_ros_msgs/webrtc_ros_msgs_s__rosidl_typesupport_c.cpython-310-aarch64-linux-gnu.so
[33.648s] -- Set non-toolchain portion of runtime path of "/workspace/towen/install/webrtc_ros_msgs/local/lib/python3.10/dist-packages/webrtc_ros_msgs/webrtc_ros_msgs_s__rosidl_typesupport_c.cpython-310-aarch64-linux-gnu.so" to ""
[33.648s] -- Installing: /workspace/towen/install/webrtc_ros_msgs/lib/libwebrtc_ros_msgs__rosidl_generator_py.so
[33.649s] -- Set non-toolchain portion of runtime path of "/workspace/towen/install/webrtc_ros_msgs/lib/libwebrtc_ros_msgs__rosidl_generator_py.so" to ""
[33.653s] -- Installing: /workspace/towen/install/webrtc_ros_msgs/share/webrtc_ros_msgs/msg/IceServer.idl
[33.654s] -- Installing: /workspace/towen/install/webrtc_ros_msgs/share/webrtc_ros_msgs/srv/GetIceServers.idl
[33.654s] -- Installing: /workspace/towen/install/webrtc_ros_msgs/share/webrtc_ros_msgs/msg/IceServer.msg
[33.654s] -- Installing: /workspace/towen/install/webrtc_ros_msgs/share/webrtc_ros_msgs/srv/GetIceServers.srv
[33.654s] -- Installing: /workspace/towen/install/webrtc_ros_msgs/share/webrtc_ros_msgs/srv/GetIceServers_Request.msg
[33.655s] -- Installing: /workspace/towen/install/webrtc_ros_msgs/share/webrtc_ros_msgs/srv/GetIceServers_Response.msg
[33.655s] -- Installing: /workspace/towen/install/webrtc_ros_msgs/share/ament_index/resource_index/package_run_dependencies/webrtc_ros_msgs
[33.655s] -- Installing: /workspace/towen/install/webrtc_ros_msgs/share/ament_index/resource_index/parent_prefix_path/webrtc_ros_msgs
[33.655s] -- Installing: /workspace/towen/install/webrtc_ros_msgs/share/webrtc_ros_msgs/environment/ament_prefix_path.sh
[33.655s] -- Installing: /workspace/towen/install/webrtc_ros_msgs/share/webrtc_ros_msgs/environment/ament_prefix_path.dsv
[33.656s] -- Installing: /workspace/towen/install/webrtc_ros_msgs/share/webrtc_ros_msgs/environment/path.sh
[33.656s] -- Installing: /workspace/towen/install/webrtc_ros_msgs/share/webrtc_ros_msgs/environment/path.dsv
[33.656s] -- Installing: /workspace/towen/install/webrtc_ros_msgs/share/webrtc_ros_msgs/local_setup.bash
[33.656s] -- Installing: /workspace/towen/install/webrtc_ros_msgs/share/webrtc_ros_msgs/local_setup.sh
[33.656s] -- Installing: /workspace/towen/install/webrtc_ros_msgs/share/webrtc_ros_msgs/local_setup.zsh
[33.657s] -- Installing: /workspace/towen/install/webrtc_ros_msgs/share/webrtc_ros_msgs/local_setup.dsv
[33.657s] -- Installing: /workspace/towen/install/webrtc_ros_msgs/share/webrtc_ros_msgs/package.dsv
[33.657s] -- Installing: /workspace/towen/install/webrtc_ros_msgs/share/ament_index/resource_index/packages/webrtc_ros_msgs
[33.657s] -- Installing: /workspace/towen/install/webrtc_ros_msgs/share/webrtc_ros_msgs/cmake/export_webrtc_ros_msgs__rosidl_generator_cExport.cmake
[33.658s] -- Installing: /workspace/towen/install/webrtc_ros_msgs/share/webrtc_ros_msgs/cmake/export_webrtc_ros_msgs__rosidl_generator_cExport-noconfig.cmake
[33.658s] -- Installing: /workspace/towen/install/webrtc_ros_msgs/share/webrtc_ros_msgs/cmake/webrtc_ros_msgs__rosidl_typesupport_introspection_cExport.cmake
[33.659s] -- Installing: /workspace/towen/install/webrtc_ros_msgs/share/webrtc_ros_msgs/cmake/webrtc_ros_msgs__rosidl_typesupport_introspection_cExport-noconfig.cmake
[33.659s] -- Installing: /workspace/towen/install/webrtc_ros_msgs/share/webrtc_ros_msgs/cmake/export_webrtc_ros_msgs__rosidl_typesupport_fastrtps_cExport.cmake
[33.660s] -- Installing: /workspace/towen/install/webrtc_ros_msgs/share/webrtc_ros_msgs/cmake/export_webrtc_ros_msgs__rosidl_typesupport_fastrtps_cExport-noconfig.cmake
[33.660s] -- Installing: /workspace/towen/install/webrtc_ros_msgs/share/webrtc_ros_msgs/cmake/webrtc_ros_msgs__rosidl_typesupport_cExport.cmake
[33.661s] -- Installing: /workspace/towen/install/webrtc_ros_msgs/share/webrtc_ros_msgs/cmake/webrtc_ros_msgs__rosidl_typesupport_cExport-noconfig.cmake
[33.661s] -- Installing: /workspace/towen/install/webrtc_ros_msgs/share/webrtc_ros_msgs/cmake/export_webrtc_ros_msgs__rosidl_generator_cppExport.cmake
[33.662s] -- Installing: /workspace/towen/install/webrtc_ros_msgs/share/webrtc_ros_msgs/cmake/webrtc_ros_msgs__rosidl_typesupport_introspection_cppExport.cmake
[33.662s] -- Installing: /workspace/towen/install/webrtc_ros_msgs/share/webrtc_ros_msgs/cmake/webrtc_ros_msgs__rosidl_typesupport_introspection_cppExport-noconfig.cmake
[33.663s] -- Installing: /workspace/towen/install/webrtc_ros_msgs/share/webrtc_ros_msgs/cmake/export_webrtc_ros_msgs__rosidl_typesupport_fastrtps_cppExport.cmake
[33.663s] -- Installing: /workspace/towen/install/webrtc_ros_msgs/share/webrtc_ros_msgs/cmake/export_webrtc_ros_msgs__rosidl_typesupport_fastrtps_cppExport-noconfig.cmake
[33.664s] -- Installing: /workspace/towen/install/webrtc_ros_msgs/share/webrtc_ros_msgs/cmake/webrtc_ros_msgs__rosidl_typesupport_cppExport.cmake
[33.664s] -- Installing: /workspace/towen/install/webrtc_ros_msgs/share/webrtc_ros_msgs/cmake/webrtc_ros_msgs__rosidl_typesupport_cppExport-noconfig.cmake
[33.665s] -- Installing: /workspace/towen/install/webrtc_ros_msgs/share/webrtc_ros_msgs/cmake/export_webrtc_ros_msgs__rosidl_generator_pyExport.cmake
[33.665s] -- Installing: /workspace/towen/install/webrtc_ros_msgs/share/webrtc_ros_msgs/cmake/export_webrtc_ros_msgs__rosidl_generator_pyExport-noconfig.cmake
[33.665s] -- Installing: /workspace/towen/install/webrtc_ros_msgs/share/webrtc_ros_msgs/cmake/rosidl_cmake-extras.cmake
[33.666s] -- Installing: /workspace/towen/install/webrtc_ros_msgs/share/webrtc_ros_msgs/cmake/ament_cmake_export_dependencies-extras.cmake
[33.666s] -- Installing: /workspace/towen/install/webrtc_ros_msgs/share/webrtc_ros_msgs/cmake/ament_cmake_export_include_directories-extras.cmake
[33.667s] -- Installing: /workspace/towen/install/webrtc_ros_msgs/share/webrtc_ros_msgs/cmake/ament_cmake_export_libraries-extras.cmake
[33.667s] -- Installing: /workspace/towen/install/webrtc_ros_msgs/share/webrtc_ros_msgs/cmake/ament_cmake_export_targets-extras.cmake
[33.668s] -- Installing: /workspace/towen/install/webrtc_ros_msgs/share/webrtc_ros_msgs/cmake/rosidl_cmake_export_typesupport_targets-extras.cmake
[33.668s] -- Installing: /workspace/towen/install/webrtc_ros_msgs/share/webrtc_ros_msgs/cmake/rosidl_cmake_export_typesupport_libraries-extras.cmake
[33.669s] -- Installing: /workspace/towen/install/webrtc_ros_msgs/share/webrtc_ros_msgs/cmake/webrtc_ros_msgsConfig.cmake
[33.669s] -- Installing: /workspace/towen/install/webrtc_ros_msgs/share/webrtc_ros_msgs/cmake/webrtc_ros_msgsConfig-version.cmake
[33.670s] -- Installing: /workspace/towen/install/webrtc_ros_msgs/share/webrtc_ros_msgs/package.xml
[33.712s] Invoked command in '/workspace/towen/build/webrtc_ros_msgs' returned '0': BYOBU_DATE=%Y-%m-%d CMAKE_PREFIX_PATH=${CMAKE_PREFIX_PATH}:/workspace/towen/install/strategy:/workspace/towen/install/rosidl_cli:/workspace/towen/install/opencv_tests:/workspace/towen/install/motionpackage:/workspace/towen/install/imageprocess:/opt/ros/humble /usr/local/bin/cmake --install /workspace/towen/build/webrtc_ros_msgs
