[4.486s] Invoking command in '/workspace/towen/src/strategy': BYOBU_DATE=%Y-%m-%d PYTHONPATH=/workspace/towen/build/strategy/prefix_override:/usr/lib/python3/dist-packages/colcon_core/task/python/colcon_distutils_commands:/workspace/towen/install/strategy/lib/python3.10/site-packages:${PYTHONPATH} /usr/bin/python3 -W ignore:setup.py install is deprecated setup.py egg_info --egg-base ../../build/strategy build --build-base /workspace/towen/build/strategy/build install --record /workspace/towen/build/strategy/install.log --single-version-externally-managed install_data
[5.251s] /home/work/.local/lib/python3.10/site-packages/setuptools/_distutils/dist.py:289: UserWarning: Unknown distribution option: 'tests_require'
[5.254s]   warnings.warn(msg)
[5.618s] running egg_info
[5.673s] writing ../../build/strategy/strategy.egg-info/PKG-INFO
[5.674s] writing dependency_links to ../../build/strategy/strategy.egg-info/dependency_links.txt
[5.676s] writing entry points to ../../build/strategy/strategy.egg-info/entry_points.txt
[5.676s] writing requirements to ../../build/strategy/strategy.egg-info/requires.txt
[5.676s] writing top-level names to ../../build/strategy/strategy.egg-info/top_level.txt
[5.807s] reading manifest file '../../build/strategy/strategy.egg-info/SOURCES.txt'
[5.819s] adding license file 'LICENSE'
[5.831s] writing manifest file '../../build/strategy/strategy.egg-info/SOURCES.txt'
[5.832s] running build
[5.834s] running build_py
[5.835s] copying strategy/__init__.py -> /workspace/towen/build/strategy/build/lib/strategy
[5.837s] copying strategy/API.py -> /workspace/towen/build/strategy/build/lib/strategy
[5.838s] copying strategy/mar/__init__.py -> /workspace/towen/build/strategy/build/lib/strategy/mar
[5.841s] copying strategy/mar/mar.py -> /workspace/towen/build/strategy/build/lib/strategy/mar
[5.841s] copying strategy/wl/wl.py -> /workspace/towen/build/strategy/build/lib/strategy/wl
[5.841s] copying strategy/wl/__init__.py -> /workspace/towen/build/strategy/build/lib/strategy/wl
[5.841s] copying strategy/sp/sp.py -> /workspace/towen/build/strategy/build/lib/strategy/sp
[5.844s] copying strategy/sp/__init__.py -> /workspace/towen/build/strategy/build/lib/strategy/sp
[5.846s] copying strategy/obs/__init__.py -> /workspace/towen/build/strategy/build/lib/strategy/obs
[5.847s] copying strategy/obs/obs.py -> /workspace/towen/build/strategy/build/lib/strategy/obs
[5.848s] copying strategy/sr/__init__.py -> /workspace/towen/build/strategy/build/lib/strategy/sr
[5.849s] copying strategy/sr/sr.py -> /workspace/towen/build/strategy/build/lib/strategy/sr
[5.851s] copying strategy/bb/__init__.py -> /workspace/towen/build/strategy/build/lib/strategy/bb
[5.852s] copying strategy/bb/bb.py -> /workspace/towen/build/strategy/build/lib/strategy/bb
[5.853s] copying strategy/ar/__init__.py -> /workspace/towen/build/strategy/build/lib/strategy/ar
[5.854s] copying strategy/ar/ar.py -> /workspace/towen/build/strategy/build/lib/strategy/ar
[5.857s] running install
[5.858s] running install_lib
[5.928s] running install_data
[5.931s] copying resource/strategy -> /workspace/towen/install/strategy/share/ament_index/resource_index/packages
[5.933s] copying package.xml -> /workspace/towen/install/strategy/share/strategy
[5.935s] running install_egg_info
[6.031s] removing '/workspace/towen/install/strategy/lib/python3.10/site-packages/strategy-0.0.0-py3.10.egg-info' (and everything under it)
[6.031s] Copying ../../build/strategy/strategy.egg-info to /workspace/towen/install/strategy/lib/python3.10/site-packages/strategy-0.0.0-py3.10.egg-info
[6.050s] running install_scripts
[6.195s] Installing ar script to /workspace/towen/install/strategy/lib/strategy
[6.198s] Installing bb script to /workspace/towen/install/strategy/lib/strategy
[6.198s] Installing mar script to /workspace/towen/install/strategy/lib/strategy
[6.200s] Installing obs script to /workspace/towen/install/strategy/lib/strategy
[6.200s] Installing sp script to /workspace/towen/install/strategy/lib/strategy
[6.200s] Installing sr script to /workspace/towen/install/strategy/lib/strategy
[6.200s] Installing wl script to /workspace/towen/install/strategy/lib/strategy
[6.202s] writing list of installed files to '/workspace/towen/build/strategy/install.log'
[6.326s] Invoked command in '/workspace/towen/src/strategy' returned '0': BYOBU_DATE=%Y-%m-%d PYTHONPATH=/workspace/towen/build/strategy/prefix_override:/usr/lib/python3/dist-packages/colcon_core/task/python/colcon_distutils_commands:/workspace/towen/install/strategy/lib/python3.10/site-packages:${PYTHONPATH} /usr/bin/python3 -W ignore:setup.py install is deprecated setup.py egg_info --egg-base ../../build/strategy build --build-base /workspace/towen/build/strategy/build install --record /workspace/towen/build/strategy/install.log --single-version-externally-managed install_data
