[3.208s] Invoking command in '/home/iclab/Desktop/humanoid/src/imageprocess': BYOBU_DATE=%Y-%m-%d PYTHONPATH=/home/iclab/Desktop/humanoid/build/imageprocess/prefix_override:/usr/lib/python3/dist-packages/colcon_core/task/python/colcon_distutils_commands:/home/iclab/Desktop/humanoid/install/imageprocess/lib/python3.10/site-packages:${PYTHONPATH} /usr/bin/python3 -W ignore:setup.py install is deprecated -W ignore:easy_install command is deprecated setup.py egg_info --egg-base ../../build/imageprocess build --build-base /home/iclab/Desktop/humanoid/build/imageprocess/build install --record /home/iclab/Desktop/humanoid/build/imageprocess/install.log --single-version-externally-managed install_data
[3.834s] running egg_info
[3.835s] writing ../../build/imageprocess/imageprocess.egg-info/PKG-INFO
[3.836s] writing dependency_links to ../../build/imageprocess/imageprocess.egg-info/dependency_links.txt
[3.836s] writing entry points to ../../build/imageprocess/imageprocess.egg-info/entry_points.txt
[3.836s] writing requirements to ../../build/imageprocess/imageprocess.egg-info/requires.txt
[3.837s] writing top-level names to ../../build/imageprocess/imageprocess.egg-info/top_level.txt
[3.841s] reading manifest file '../../build/imageprocess/imageprocess.egg-info/SOURCES.txt'
[3.842s] adding license file 'LICENSE'
[3.844s] writing manifest file '../../build/imageprocess/imageprocess.egg-info/SOURCES.txt'
[3.844s] running build
[3.844s] running build_py
[3.846s] running install
[3.846s] running install_lib
[3.850s] running install_data
[3.851s] running install_egg_info
[3.855s] removing '/home/iclab/Desktop/humanoid/install/imageprocess/lib/python3.10/site-packages/imageprocess-0.0.0-py3.10.egg-info' (and everything under it)
[3.855s] Copying ../../build/imageprocess/imageprocess.egg-info to /home/iclab/Desktop/humanoid/install/imageprocess/lib/python3.10/site-packages/imageprocess-0.0.0-py3.10.egg-info
[3.858s] running install_scripts
[3.905s] Installing image script to /home/iclab/Desktop/humanoid/install/imageprocess/lib/imageprocess
[3.906s] Installing image_test script to /home/iclab/Desktop/humanoid/install/imageprocess/lib/imageprocess
[3.906s] Installing imageprocess script to /home/iclab/Desktop/humanoid/install/imageprocess/lib/imageprocess
[3.907s] writing list of installed files to '/home/iclab/Desktop/humanoid/build/imageprocess/install.log'
[4.015s] Invoked command in '/home/iclab/Desktop/humanoid/src/imageprocess' returned '0': BYOBU_DATE=%Y-%m-%d PYTHONPATH=/home/iclab/Desktop/humanoid/build/imageprocess/prefix_override:/usr/lib/python3/dist-packages/colcon_core/task/python/colcon_distutils_commands:/home/iclab/Desktop/humanoid/install/imageprocess/lib/python3.10/site-packages:${PYTHONPATH} /usr/bin/python3 -W ignore:setup.py install is deprecated -W ignore:easy_install command is deprecated setup.py egg_info --egg-base ../../build/imageprocess build --build-base /home/iclab/Desktop/humanoid/build/imageprocess/build install --record /home/iclab/Desktop/humanoid/build/imageprocess/install.log --single-version-externally-managed install_data
