[0.678s] Invoking command in '/workspace/towen/build/zed_components': BYOBU_DATE=%Y-%m-%d CMAKE_PREFIX_PATH=${CMAKE_PREFIX_PATH}:/workspace/towen/install/strategy:/workspace/towen/install/rosidl_cli:/workspace/towen/install/opencv_tests:/workspace/towen/install/motionpackage:/workspace/towen/install/imageprocess:/opt/ros/humble /usr/local/bin/cmake --build /workspace/towen/build/zed_components -- -j6 -l6
[1.362s] [33mCMake Warning (dev) at /usr/local/zed/zed-config.cmake:73 (find_package):
[1.363s]   Policy CMP0146 is not set: The FindCUDA module is removed.  Run "cmake
[1.363s]   --help-policy CMP0146" for policy details.  Use the cmake_policy command to
[1.363s]   set the policy and suppress this warning.
[1.363s] 
[1.363s] Call Stack (most recent call first):
[1.363s]   CMakeLists.txt:84 (find_package)
[1.364s] This warning is for project developers.  Use -Wno-dev to suppress it.
[1.364s] [0m
[1.400s] -- Found CUDA: /usr/local/cuda (found suitable version "12.6", minimum required is "12.6")
[1.408s] [33mCMake Warning (dev) at /usr/local/zed/zed-config.cmake:78 (exec_program):
[1.409s]   Policy CMP0153 is not set: The exec_program command should not be called.
[1.409s]   Run "cmake --help-policy CMP0153" for policy details.  Use the cmake_policy
[1.409s]   command to set the policy and suppress this warning.
[1.409s] 
[1.409s]   Use execute_process() instead.
[1.409s] Call Stack (most recent call first):
[1.410s]   CMakeLists.txt:84 (find_package)
[1.410s] This warning is for project developers.  Use -Wno-dev to suppress it.
[1.410s] [0m
[1.456s] [33mCMake Warning (dev) at /usr/local/zed/zed-config.cmake:79 (exec_program):
[1.456s]   Policy CMP0153 is not set: The exec_program command should not be called.
[1.456s]   Run "cmake --help-policy CMP0153" for policy details.  Use the cmake_policy
[1.457s]   command to set the policy and suppress this warning.
[1.457s] 
[1.457s]   Use execute_process() instead.
[1.457s] Call Stack (most recent call first):
[1.457s]   CMakeLists.txt:84 (find_package)
[1.457s] This warning is for project developers.  Use -Wno-dev to suppress it.
[1.457s] [0m
[1.483s] [33mCMake Warning (dev) at /usr/local/zed/zed-config.cmake:95 (exec_program):
[1.483s]   Policy CMP0153 is not set: The exec_program command should not be called.
[1.483s]   Run "cmake --help-policy CMP0153" for policy details.  Use the cmake_policy
[1.483s]   command to set the policy and suppress this warning.
[1.483s] 
[1.484s]   Use execute_process() instead.
[1.484s] Call Stack (most recent call first):
[1.484s]   CMakeLists.txt:84 (find_package)
[1.484s] This warning is for project developers.  Use -Wno-dev to suppress it.
[1.484s] [0m
[1.511s] [33mCMake Warning (dev) at /usr/local/zed/zed-config.cmake:123 (exec_program):
[1.511s]   Policy CMP0153 is not set: The exec_program command should not be called.
[1.511s]   Run "cmake --help-policy CMP0153" for policy details.  Use the cmake_policy
[1.511s]   command to set the policy and suppress this warning.
[1.511s] 
[1.511s]   Use execute_process() instead.
[1.512s] Call Stack (most recent call first):
[1.515s]   CMakeLists.txt:84 (find_package)
[1.516s] This warning is for project developers.  Use -Wno-dev to suppress it.
[1.516s] [0m
[1.529s] [33mCMake Warning (dev) at CMakeLists.txt:86 (exec_program):
[1.530s]   Policy CMP0153 is not set: The exec_program command should not be called.
[1.530s]   Run "cmake --help-policy CMP0153" for policy details.  Use the cmake_policy
[1.530s]   command to set the policy and suppress this warning.
[1.530s] 
[1.530s]   Use execute_process() instead.
[1.530s] This warning is for project developers.  Use -Wno-dev to suppress it.
[1.530s] [0m
[1.552s] [33mCMake Warning (dev) at CMakeLists.txt:91 (find_package):
[1.552s]   Policy CMP0146 is not set: The FindCUDA module is removed.  Run "cmake
[1.553s]   --help-policy CMP0146" for policy details.  Use the cmake_policy command to
[1.553s]   set the policy and suppress this warning.
[1.553s] 
[1.553s] This warning is for project developers.  Use -Wno-dev to suppress it.
[1.553s] [0m
[1.577s] -- Found CUDA: /usr/local/cuda (found version "12.6")
[1.587s] -- Found ament_cmake_auto: 1.3.10 (/opt/ros/humble/install/share/ament_cmake_auto/cmake)
[2.945s] -- Found rosidl_generator_c: 3.1.5 (/opt/ros/humble/install/share/rosidl_generator_c/cmake)
[2.970s] -- Found rosidl_adapter: 3.1.5 (/opt/ros/humble/install/share/rosidl_adapter/cmake)
[3.033s] -- Found rosidl_generator_cpp: 3.1.5 (/opt/ros/humble/install/share/rosidl_generator_cpp/cmake)
[3.097s] -- Using all available rosidl_typesupport_c: rosidl_typesupport_introspection_c;rosidl_typesupport_fastrtps_c
[3.186s] -- Using all available rosidl_typesupport_cpp: rosidl_typesupport_introspection_cpp;rosidl_typesupport_fastrtps_cpp
[3.320s] -- Found rmw_implementation_cmake: 6.1.2 (/opt/ros/humble/install/share/rmw_implementation_cmake/cmake)
[3.330s] -- Found rmw_fastrtps_cpp: 6.2.7 (/opt/ros/humble/install/share/rmw_fastrtps_cpp/cmake)
[3.833s] -- Using RMW implementation 'rmw_fastrtps_cpp' as default
[4.697s] -- Found eigen3_cmake_module: 0.1.1 (/opt/ros/humble/install/share/eigen3_cmake_module/cmake)
[4.701s] -- Ensuring Eigen3 include directory is part of orocos-kdl CMake target
[5.092s] [33mCMake Warning at CMakeLists.txt:122 (find_package):
[5.093s]   By not providing "Findzed_msgs.cmake" in CMAKE_MODULE_PATH this project has
[5.093s]   asked CMake to find a package configuration file provided by "zed_msgs",
[5.093s]   but CMake did not find one.
[5.093s] 
[5.093s]   Could not find a package configuration file provided by "zed_msgs" with any
[5.094s]   of the following names:
[5.094s] 
[5.094s]     zed_msgsConfig.cmake
[5.094s]     zed_msgs-config.cmake
[5.094s] 
[5.094s]   Add the installation prefix of "zed_msgs" to CMAKE_PREFIX_PATH or set
[5.094s]   "zed_msgs_DIR" to a directory containing one of the above files.  If
[5.094s]   "zed_msgs" provides a separate development package or SDK, be sure it has
[5.095s]   been installed.
[5.095s] 
[5.095s] [0m
[5.138s] [31mCMake Error at CMakeLists.txt:132 (find_package):
[5.138s]   By not providing "Findnmea_msgs.cmake" in CMAKE_MODULE_PATH this project
[5.139s]   has asked CMake to find a package configuration file provided by
[5.139s]   "nmea_msgs", but CMake did not find one.
[5.139s] 
[5.139s]   Could not find a package configuration file provided by "nmea_msgs" with
[5.139s]   any of the following names:
[5.139s] 
[5.140s]     nmea_msgsConfig.cmake
[5.140s]     nmea_msgs-config.cmake
[5.140s] 
[5.140s]   Add the installation prefix of "nmea_msgs" to CMAKE_PREFIX_PATH or set
[5.140s]   "nmea_msgs_DIR" to a directory containing one of the above files.  If
[5.141s]   "nmea_msgs" provides a separate development package or SDK, be sure it has
[5.141s]   been installed.
[5.141s] 
[5.141s] [0m
[5.141s] -- Configuring incomplete, errors occurred!
[5.175s] gmake: *** [Makefile:412: cmake_check_build_system] Error 1
[5.479s] Invoked command in '/workspace/towen/build/zed_components' returned '2': BYOBU_DATE=%Y-%m-%d CMAKE_PREFIX_PATH=${CMAKE_PREFIX_PATH}:/workspace/towen/install/strategy:/workspace/towen/install/rosidl_cli:/workspace/towen/install/opencv_tests:/workspace/towen/install/motionpackage:/workspace/towen/install/imageprocess:/opt/ros/humble /usr/local/bin/cmake --build /workspace/towen/build/zed_components -- -j6 -l6
