[0.024s] Invoking command in '/home/iclab/Desktop/humanoid/build/usb_cam': AMENT_PREFIX_PATH=/home/iclab/Desktop/humanoid/install/tku_msgs:${AMENT_PREFIX_PATH} BYOBU_DATE=%Y-%m-%d CMAKE_PREFIX_PATH=/home/iclab/Desktop/humanoid/install/tku_msgs:/opt/ros/humble LD_LIBRARY_PATH=/home/iclab/Desktop/humanoid/install/tku_msgs/lib:/usr/local/cuda-12.6/lib64:/opt/ros/humble/opt/rviz_ogre_vendor/lib:/opt/ros/humble/lib/aarch64-linux-gnu:/opt/ros/humble/lib:/usr/local/cuda-12.6/lib64 PYTHONPATH=/home/iclab/Desktop/humanoid/install/tku_msgs/local/lib/python3.10/dist-packages:${PYTHONPATH} /usr/bin/cmake --build /home/iclab/Desktop/humanoid/build/usb_cam -- -j6 -l6
[0.050s] gmake: Warning: File 'Makefile' has modification time 1748087334 s in the future
[0.096s] gmake[1]: Warning: File 'CMakeFiles/Makefile2' has modification time 1748087334 s in the future
[0.099s] gmake[2]: Warning: File 'CMakeFiles/usb_cam.dir/flags.make' has modification time 1747899044 s in the future
[0.104s] gmake[2]: Warning: File 'CMakeFiles/usb_cam_node_exe.dir/flags.make' has modification time 1747899044 s in the future
[0.108s] gmake[2]: Warning: File 'gtest/CMakeFiles/gtest_main.dir/flags.make' has modification time 1747899044 s in the future
[0.109s] gmake[2]: Warning: File 'gtest/CMakeFiles/gtest.dir/flags.make' has modification time 1747899044 s in the future
[0.125s] gmake[2]: warning:  Clock skew detected.  Your build may be incomplete.
[0.130s] gmake[2]: warning:  Clock skew detected.  Your build may be incomplete.
[0.136s] gmake[2]: Warning: File 'CMakeFiles/usb_cam.dir/flags.make' has modification time 1747899044 s in the future
[0.137s] gmake[2]: warning:  Clock skew detected.  Your build may be incomplete.
[0.141s] gmake[2]: warning:  Clock skew detected.  Your build may be incomplete.
[0.144s] gmake[2]: Warning: File 'gtest/CMakeFiles/gtest_main.dir/flags.make' has modification time 1747899044 s in the future
[0.145s] gmake[2]: warning:  Clock skew detected.  Your build may be incomplete.
[0.147s] gmake[2]: warning:  Clock skew detected.  Your build may be incomplete.
[0.151s] gmake[2]: Warning: File 'CMakeFiles/usb_cam_node_exe.dir/flags.make' has modification time 1747899044 s in the future
[0.154s] gmake[2]: warning:  Clock skew detected.  Your build may be incomplete.
[0.158s] gmake[2]: Warning: File 'gtest/CMakeFiles/gtest.dir/flags.make' has modification time 1747899044 s in the future
[0.160s] gmake[2]: warning:  Clock skew detected.  Your build may be incomplete.
[0.175s] [ 14%] Built target usb_cam
[0.193s] gmake[2]: Warning: File 'CMakeFiles/usb_cam_node.dir/flags.make' has modification time 1747899044 s in the future
[0.199s] [ 28%] Built target gtest
[0.205s] [ 42%] Built target gtest_main
[0.211s] [ 57%] Built target usb_cam_node_exe
[0.224s] gmake[2]: Warning: File 'CMakeFiles/test_usb_cam_utils.dir/flags.make' has modification time 1747899044 s in the future
[0.228s] gmake[2]: warning:  Clock skew detected.  Your build may be incomplete.
[0.233s] gmake[2]: Warning: File 'CMakeFiles/test_pixel_formats.dir/flags.make' has modification time 1747899044 s in the future
[0.247s] gmake[2]: warning:  Clock skew detected.  Your build may be incomplete.
[0.254s] gmake[2]: warning:  Clock skew detected.  Your build may be incomplete.
[0.258s] gmake[2]: Warning: File 'CMakeFiles/usb_cam_node.dir/flags.make' has modification time 1747899044 s in the future
[0.258s] gmake[2]: Warning: File 'CMakeFiles/test_usb_cam_utils.dir/flags.make' has modification time 1747899044 s in the future
[0.260s] gmake[2]: warning:  Clock skew detected.  Your build may be incomplete.
[0.261s] gmake[2]: warning:  Clock skew detected.  Your build may be incomplete.
[0.265s] gmake[2]: Warning: File 'CMakeFiles/test_pixel_formats.dir/flags.make' has modification time 1747899044 s in the future
[0.267s] gmake[2]: warning:  Clock skew detected.  Your build may be incomplete.
[0.289s] [ 71%] Built target usb_cam_node
[0.302s] [ 85%] Built target test_usb_cam_utils
[0.312s] [100%] Built target test_pixel_formats
[0.314s] gmake[1]: warning:  Clock skew detected.  Your build may be incomplete.
[0.336s] gmake: warning:  Clock skew detected.  Your build may be incomplete.
[0.343s] Invoked command in '/home/iclab/Desktop/humanoid/build/usb_cam' returned '0': AMENT_PREFIX_PATH=/home/iclab/Desktop/humanoid/install/tku_msgs:${AMENT_PREFIX_PATH} BYOBU_DATE=%Y-%m-%d CMAKE_PREFIX_PATH=/home/iclab/Desktop/humanoid/install/tku_msgs:/opt/ros/humble LD_LIBRARY_PATH=/home/iclab/Desktop/humanoid/install/tku_msgs/lib:/usr/local/cuda-12.6/lib64:/opt/ros/humble/opt/rviz_ogre_vendor/lib:/opt/ros/humble/lib/aarch64-linux-gnu:/opt/ros/humble/lib:/usr/local/cuda-12.6/lib64 PYTHONPATH=/home/iclab/Desktop/humanoid/install/tku_msgs/local/lib/python3.10/dist-packages:${PYTHONPATH} /usr/bin/cmake --build /home/iclab/Desktop/humanoid/build/usb_cam -- -j6 -l6
[0.344s] Invoking command in '/home/iclab/Desktop/humanoid/build/usb_cam': AMENT_PREFIX_PATH=/home/iclab/Desktop/humanoid/install/tku_msgs:${AMENT_PREFIX_PATH} BYOBU_DATE=%Y-%m-%d CMAKE_PREFIX_PATH=/home/iclab/Desktop/humanoid/install/tku_msgs:/opt/ros/humble LD_LIBRARY_PATH=/home/iclab/Desktop/humanoid/install/tku_msgs/lib:/usr/local/cuda-12.6/lib64:/opt/ros/humble/opt/rviz_ogre_vendor/lib:/opt/ros/humble/lib/aarch64-linux-gnu:/opt/ros/humble/lib:/usr/local/cuda-12.6/lib64 PYTHONPATH=/home/iclab/Desktop/humanoid/install/tku_msgs/local/lib/python3.10/dist-packages:${PYTHONPATH} /usr/bin/cmake --install /home/iclab/Desktop/humanoid/build/usb_cam
[0.368s] -- Install configuration: ""
[0.368s] -- Up-to-date: /home/iclab/Desktop/humanoid/install/usb_cam/share/usb_cam/environment/library_path.sh
[0.369s] -- Up-to-date: /home/iclab/Desktop/humanoid/install/usb_cam/share/usb_cam/environment/library_path.dsv
[0.370s] -- Up-to-date: /home/iclab/Desktop/humanoid/install/usb_cam/lib/usb_cam/usb_cam_node_exe
[0.371s] -- Up-to-date: /home/iclab/Desktop/humanoid/install/usb_cam/lib/usb_cam/show_image.py
[0.371s] -- Up-to-date: /home/iclab/Desktop/humanoid/install/usb_cam/lib/libusb_cam.so
[0.373s] -- Up-to-date: /home/iclab/Desktop/humanoid/install/usb_cam/lib/libusb_cam_node.so
[0.373s] -- Up-to-date: /home/iclab/Desktop/humanoid/install/usb_cam/include
[0.374s] -- Up-to-date: /home/iclab/Desktop/humanoid/install/usb_cam/include/usb_cam
[0.374s] -- Up-to-date: /home/iclab/Desktop/humanoid/install/usb_cam/include/usb_cam/formats
[0.375s] -- Up-to-date: /home/iclab/Desktop/humanoid/install/usb_cam/include/usb_cam/formats/m420.hpp
[0.375s] -- Up-to-date: /home/iclab/Desktop/humanoid/install/usb_cam/include/usb_cam/formats/mono.hpp
[0.376s] -- Up-to-date: /home/iclab/Desktop/humanoid/install/usb_cam/include/usb_cam/formats/yuyv.hpp
[0.376s] -- Up-to-date: /home/iclab/Desktop/humanoid/install/usb_cam/include/usb_cam/formats/pixel_format_base.hpp
[0.376s] -- Up-to-date: /home/iclab/Desktop/humanoid/install/usb_cam/include/usb_cam/formats/av_pixel_format_helper.hpp
[0.377s] -- Up-to-date: /home/iclab/Desktop/humanoid/install/usb_cam/include/usb_cam/formats/utils.hpp
[0.377s] -- Up-to-date: /home/iclab/Desktop/humanoid/install/usb_cam/include/usb_cam/formats/rgb.hpp
[0.378s] -- Up-to-date: /home/iclab/Desktop/humanoid/install/usb_cam/include/usb_cam/formats/uyvy.hpp
[0.378s] -- Up-to-date: /home/iclab/Desktop/humanoid/install/usb_cam/include/usb_cam/formats/mjpeg.hpp
[0.378s] -- Up-to-date: /home/iclab/Desktop/humanoid/install/usb_cam/include/usb_cam/constants.hpp
[0.379s] -- Up-to-date: /home/iclab/Desktop/humanoid/install/usb_cam/include/usb_cam/utils.hpp
[0.379s] -- Up-to-date: /home/iclab/Desktop/humanoid/install/usb_cam/include/usb_cam/conversions.hpp
[0.379s] -- Up-to-date: /home/iclab/Desktop/humanoid/install/usb_cam/include/usb_cam/usb_cam_node.hpp
[0.380s] -- Up-to-date: /home/iclab/Desktop/humanoid/install/usb_cam/include/usb_cam/usb_cam.hpp
[0.381s] -- Up-to-date: /home/iclab/Desktop/humanoid/install/usb_cam/lib/libusb_cam_node.so
[0.382s] -- Up-to-date: /home/iclab/Desktop/humanoid/install/usb_cam/share/usb_cam/launch
[0.382s] -- Up-to-date: /home/iclab/Desktop/humanoid/install/usb_cam/share/usb_cam/launch/camera.launch.py
[0.383s] -- Up-to-date: /home/iclab/Desktop/humanoid/install/usb_cam/share/usb_cam/launch/__init__.py
[0.383s] -- Up-to-date: /home/iclab/Desktop/humanoid/install/usb_cam/share/usb_cam/launch/camera_config.py
[0.383s] -- Up-to-date: /home/iclab/Desktop/humanoid/install/usb_cam/share/usb_cam/config
[0.384s] -- Up-to-date: /home/iclab/Desktop/humanoid/install/usb_cam/share/usb_cam/config/camera_info.yaml
[0.384s] -- Up-to-date: /home/iclab/Desktop/humanoid/install/usb_cam/share/usb_cam/config/params_1.yaml
[0.385s] -- Up-to-date: /home/iclab/Desktop/humanoid/install/usb_cam/share/usb_cam/config/params_2.yaml
[0.385s] -- Up-to-date: /home/iclab/Desktop/humanoid/install/usb_cam/share/ament_index/resource_index/package_run_dependencies/usb_cam
[0.386s] -- Up-to-date: /home/iclab/Desktop/humanoid/install/usb_cam/share/ament_index/resource_index/parent_prefix_path/usb_cam
[0.386s] -- Up-to-date: /home/iclab/Desktop/humanoid/install/usb_cam/share/usb_cam/environment/ament_prefix_path.sh
[0.386s] -- Up-to-date: /home/iclab/Desktop/humanoid/install/usb_cam/share/usb_cam/environment/ament_prefix_path.dsv
[0.387s] -- Up-to-date: /home/iclab/Desktop/humanoid/install/usb_cam/share/usb_cam/environment/path.sh
[0.394s] -- Up-to-date: /home/iclab/Desktop/humanoid/install/usb_cam/share/usb_cam/environment/path.dsv
[0.394s] -- Up-to-date: /home/iclab/Desktop/humanoid/install/usb_cam/share/usb_cam/local_setup.bash
[0.395s] -- Up-to-date: /home/iclab/Desktop/humanoid/install/usb_cam/share/usb_cam/local_setup.sh
[0.395s] -- Up-to-date: /home/iclab/Desktop/humanoid/install/usb_cam/share/usb_cam/local_setup.zsh
[0.396s] -- Up-to-date: /home/iclab/Desktop/humanoid/install/usb_cam/share/usb_cam/local_setup.dsv
[0.396s] -- Installing: /home/iclab/Desktop/humanoid/install/usb_cam/share/usb_cam/package.dsv
[0.397s] -- Up-to-date: /home/iclab/Desktop/humanoid/install/usb_cam/share/ament_index/resource_index/packages/usb_cam
[0.398s] -- Up-to-date: /home/iclab/Desktop/humanoid/install/usb_cam/share/ament_index/resource_index/rclcpp_components/usb_cam
[0.398s] -- Up-to-date: /home/iclab/Desktop/humanoid/install/usb_cam/share/usb_cam/cmake/ament_cmake_export_libraries-extras.cmake
[0.399s] -- Up-to-date: /home/iclab/Desktop/humanoid/install/usb_cam/share/usb_cam/cmake/ament_cmake_export_dependencies-extras.cmake
[0.399s] -- Up-to-date: /home/iclab/Desktop/humanoid/install/usb_cam/share/usb_cam/cmake/ament_cmake_export_include_directories-extras.cmake
[0.400s] -- Up-to-date: /home/iclab/Desktop/humanoid/install/usb_cam/share/usb_cam/cmake/usb_camConfig.cmake
[0.400s] -- Up-to-date: /home/iclab/Desktop/humanoid/install/usb_cam/share/usb_cam/cmake/usb_camConfig-version.cmake
[0.401s] -- Up-to-date: /home/iclab/Desktop/humanoid/install/usb_cam/share/usb_cam/package.xml
[0.407s] Invoked command in '/home/iclab/Desktop/humanoid/build/usb_cam' returned '0': AMENT_PREFIX_PATH=/home/iclab/Desktop/humanoid/install/tku_msgs:${AMENT_PREFIX_PATH} BYOBU_DATE=%Y-%m-%d CMAKE_PREFIX_PATH=/home/iclab/Desktop/humanoid/install/tku_msgs:/opt/ros/humble LD_LIBRARY_PATH=/home/iclab/Desktop/humanoid/install/tku_msgs/lib:/usr/local/cuda-12.6/lib64:/opt/ros/humble/opt/rviz_ogre_vendor/lib:/opt/ros/humble/lib/aarch64-linux-gnu:/opt/ros/humble/lib:/usr/local/cuda-12.6/lib64 PYTHONPATH=/home/iclab/Desktop/humanoid/install/tku_msgs/local/lib/python3.10/dist-packages:${PYTHONPATH} /usr/bin/cmake --install /home/iclab/Desktop/humanoid/build/usb_cam
