[0.010s] Invoking command in '/home/iclab/Desktop/humanoid/build/usb_cam': BYOBU_DATE=%Y-%m-%d CMAKE_PREFIX_PATH=/home/iclab/Desktop/humanoid/install/tku_msgs:/home/iclab/Desktop/humanoid/install/web_video_server:/home/iclab/Desktop/humanoid/install/usb_cam:/home/iclab/Desktop/humanoid/install/wula:/home/iclab/Desktop/humanoid/install/motionpackage:/home/iclab/Desktop/humanoid/install/imageprocess:/opt/ros/humble LD_LIBRARY_PATH=/home/iclab/Desktop/humanoid/install/tku_msgs/lib:/home/iclab/Desktop/humanoid/install/usb_cam/lib:/usr/local/cuda-12.6/lib64:/opt/ros/humble/opt/rviz_ogre_vendor/lib:/opt/ros/humble/lib/aarch64-linux-gnu:/opt/ros/humble/lib:/usr/local/cuda-12.6/lib64 /usr/bin/cmake --build /home/iclab/Desktop/humanoid/build/usb_cam -- -j6 -l6
[0.078s] -- Found ament_cmake_auto: 1.3.11 (/opt/ros/humble/share/ament_cmake_auto/cmake)
[0.635s] -- Found rosidl_generator_c: 3.1.6 (/opt/ros/humble/share/rosidl_generator_c/cmake)
[0.640s] -- Found rosidl_adapter: 3.1.6 (/opt/ros/humble/share/rosidl_adapter/cmake)
[0.653s] -- Found rosidl_generator_cpp: 3.1.6 (/opt/ros/humble/share/rosidl_generator_cpp/cmake)
[0.670s] -- Using all available rosidl_typesupport_c: rosidl_typesupport_fastrtps_c;rosidl_typesupport_introspection_c
[0.694s] -- Using all available rosidl_typesupport_cpp: rosidl_typesupport_fastrtps_cpp;rosidl_typesupport_introspection_cpp
[0.775s] -- Found rmw_implementation_cmake: 6.1.2 (/opt/ros/humble/share/rmw_implementation_cmake/cmake)
[0.780s] -- Found rmw_fastrtps_cpp: 6.2.7 (/opt/ros/humble/share/rmw_fastrtps_cpp/cmake)
[0.999s] -- Using RMW implementation 'rmw_fastrtps_cpp' as default
[1.514s] -- Found ament_lint_auto: 0.12.11 (/opt/ros/humble/share/ament_lint_auto/cmake)
[1.528s] -- Found gtest sources under '/opt/ros/humble/src/gtest_vendor': C++ tests using 'Google Test' will be built
[1.551s] -- Added test 'copyright' to check source files copyright and LICENSE
[1.563s] -- Added test 'cppcheck' to perform static code analysis on C / C++ code
[1.564s] -- Configured cppcheck include dirs: /home/iclab/Desktop/humanoid/src/usb_cam/include
[1.564s] -- Configured cppcheck exclude dirs and/or files: 
[1.572s] -- Added test 'cpplint' to check C / C++ code against the Google style
[1.572s] -- Configured cpplint exclude dirs and/or files: 
[1.574s] -- Added test 'flake8' to check Python code syntax and style conventions
[1.576s] -- Added test 'lint_cmake' to check CMake code style
[1.578s] -- Added test 'pep257' to check Python code against some of the docstring style conventions in PEP 257
[1.586s] -- Added test 'uncrustify' to check C / C++ code style
[1.586s] -- Configured uncrustify additional arguments: 
[1.588s] -- Added test 'xmllint' to check XML markup files
[1.593s] -- Configuring done
[1.655s] -- Generating done
[1.674s] -- Build files have been written to: /home/iclab/Desktop/humanoid/build/usb_cam
[1.753s] [35m[1mConsolidate compiler generated dependencies of target gtest_main[0m
[1.754s] [35m[1mConsolidate compiler generated dependencies of target usb_cam_node_exe[0m
[1.756s] [35m[1mConsolidate compiler generated dependencies of target usb_cam[0m
[1.787s] [ 14%] Built target gtest_main
[1.798s] [ 35%] Built target usb_cam_node_exe
[1.799s] [ 42%] Built target usb_cam
[1.821s] [35m[1mConsolidate compiler generated dependencies of target gtest[0m
[1.821s] [35m[1mConsolidate compiler generated dependencies of target usb_cam_node[0m
[1.855s] [ 57%] Built target gtest
[1.870s] [ 64%] [32mBuilding CXX object CMakeFiles/usb_cam_node.dir/src/usb_cam_node.cpp.o[0m
[1.875s] [35m[1mConsolidate compiler generated dependencies of target test_usb_cam_utils[0m
[1.877s] [35m[1mConsolidate compiler generated dependencies of target test_pixel_formats[0m
[1.904s] [ 78%] Built target test_usb_cam_utils
[1.912s] [ 92%] Built target test_pixel_formats
[43.562s] [100%] [32m[1mLinking CXX shared library libusb_cam_node.so[0m
[45.987s] [100%] Built target usb_cam_node
[46.022s] Invoked command in '/home/iclab/Desktop/humanoid/build/usb_cam' returned '0': BYOBU_DATE=%Y-%m-%d CMAKE_PREFIX_PATH=/home/iclab/Desktop/humanoid/install/tku_msgs:/home/iclab/Desktop/humanoid/install/web_video_server:/home/iclab/Desktop/humanoid/install/usb_cam:/home/iclab/Desktop/humanoid/install/wula:/home/iclab/Desktop/humanoid/install/motionpackage:/home/iclab/Desktop/humanoid/install/imageprocess:/opt/ros/humble LD_LIBRARY_PATH=/home/iclab/Desktop/humanoid/install/tku_msgs/lib:/home/iclab/Desktop/humanoid/install/usb_cam/lib:/usr/local/cuda-12.6/lib64:/opt/ros/humble/opt/rviz_ogre_vendor/lib:/opt/ros/humble/lib/aarch64-linux-gnu:/opt/ros/humble/lib:/usr/local/cuda-12.6/lib64 /usr/bin/cmake --build /home/iclab/Desktop/humanoid/build/usb_cam -- -j6 -l6
[46.024s] Invoking command in '/home/iclab/Desktop/humanoid/build/usb_cam': BYOBU_DATE=%Y-%m-%d CMAKE_PREFIX_PATH=/home/iclab/Desktop/humanoid/install/tku_msgs:/home/iclab/Desktop/humanoid/install/web_video_server:/home/iclab/Desktop/humanoid/install/usb_cam:/home/iclab/Desktop/humanoid/install/wula:/home/iclab/Desktop/humanoid/install/motionpackage:/home/iclab/Desktop/humanoid/install/imageprocess:/opt/ros/humble LD_LIBRARY_PATH=/home/iclab/Desktop/humanoid/install/tku_msgs/lib:/home/iclab/Desktop/humanoid/install/usb_cam/lib:/usr/local/cuda-12.6/lib64:/opt/ros/humble/opt/rviz_ogre_vendor/lib:/opt/ros/humble/lib/aarch64-linux-gnu:/opt/ros/humble/lib:/usr/local/cuda-12.6/lib64 /usr/bin/cmake --install /home/iclab/Desktop/humanoid/build/usb_cam
[46.039s] -- Install configuration: ""
[46.040s] -- Up-to-date: /home/iclab/Desktop/humanoid/install/usb_cam/share/usb_cam/environment/library_path.sh
[46.040s] -- Installing: /home/iclab/Desktop/humanoid/install/usb_cam/share/usb_cam/environment/library_path.dsv
[46.040s] -- Up-to-date: /home/iclab/Desktop/humanoid/install/usb_cam/lib/usb_cam/usb_cam_node_exe
[46.041s] -- Up-to-date: /home/iclab/Desktop/humanoid/install/usb_cam/lib/usb_cam/show_image.py
[46.041s] -- Up-to-date: /home/iclab/Desktop/humanoid/install/usb_cam/lib/libusb_cam.so
[46.041s] -- Installing: /home/iclab/Desktop/humanoid/install/usb_cam/lib/libusb_cam_node.so
[46.091s] -- Set runtime path of "/home/iclab/Desktop/humanoid/install/usb_cam/lib/libusb_cam_node.so" to ""
[46.092s] -- Up-to-date: /home/iclab/Desktop/humanoid/install/usb_cam/include
[46.092s] -- Up-to-date: /home/iclab/Desktop/humanoid/install/usb_cam/include/usb_cam
[46.092s] -- Up-to-date: /home/iclab/Desktop/humanoid/install/usb_cam/include/usb_cam/formats
[46.092s] -- Up-to-date: /home/iclab/Desktop/humanoid/install/usb_cam/include/usb_cam/formats/m420.hpp
[46.093s] -- Up-to-date: /home/iclab/Desktop/humanoid/install/usb_cam/include/usb_cam/formats/mono.hpp
[46.093s] -- Up-to-date: /home/iclab/Desktop/humanoid/install/usb_cam/include/usb_cam/formats/yuyv.hpp
[46.093s] -- Up-to-date: /home/iclab/Desktop/humanoid/install/usb_cam/include/usb_cam/formats/pixel_format_base.hpp
[46.093s] -- Up-to-date: /home/iclab/Desktop/humanoid/install/usb_cam/include/usb_cam/formats/av_pixel_format_helper.hpp
[46.093s] -- Up-to-date: /home/iclab/Desktop/humanoid/install/usb_cam/include/usb_cam/formats/utils.hpp
[46.093s] -- Up-to-date: /home/iclab/Desktop/humanoid/install/usb_cam/include/usb_cam/formats/rgb.hpp
[46.094s] -- Up-to-date: /home/iclab/Desktop/humanoid/install/usb_cam/include/usb_cam/formats/uyvy.hpp
[46.094s] -- Up-to-date: /home/iclab/Desktop/humanoid/install/usb_cam/include/usb_cam/formats/mjpeg.hpp
[46.094s] -- Up-to-date: /home/iclab/Desktop/humanoid/install/usb_cam/include/usb_cam/constants.hpp
[46.094s] -- Up-to-date: /home/iclab/Desktop/humanoid/install/usb_cam/include/usb_cam/utils.hpp
[46.094s] -- Up-to-date: /home/iclab/Desktop/humanoid/install/usb_cam/include/usb_cam/conversions.hpp
[46.094s] -- Up-to-date: /home/iclab/Desktop/humanoid/install/usb_cam/include/usb_cam/usb_cam_node.hpp
[46.095s] -- Up-to-date: /home/iclab/Desktop/humanoid/install/usb_cam/include/usb_cam/usb_cam.hpp
[46.095s] -- Up-to-date: /home/iclab/Desktop/humanoid/install/usb_cam/lib/libusb_cam_node.so
[46.095s] -- Up-to-date: /home/iclab/Desktop/humanoid/install/usb_cam/share/usb_cam/launch
[46.095s] -- Up-to-date: /home/iclab/Desktop/humanoid/install/usb_cam/share/usb_cam/launch/camera.launch.py
[46.095s] -- Up-to-date: /home/iclab/Desktop/humanoid/install/usb_cam/share/usb_cam/launch/__init__.py
[46.095s] -- Up-to-date: /home/iclab/Desktop/humanoid/install/usb_cam/share/usb_cam/launch/camera_config.py
[46.096s] -- Up-to-date: /home/iclab/Desktop/humanoid/install/usb_cam/share/usb_cam/config
[46.096s] -- Up-to-date: /home/iclab/Desktop/humanoid/install/usb_cam/share/usb_cam/config/camera_info.yaml
[46.096s] -- Up-to-date: /home/iclab/Desktop/humanoid/install/usb_cam/share/usb_cam/config/params_1.yaml
[46.096s] -- Up-to-date: /home/iclab/Desktop/humanoid/install/usb_cam/share/usb_cam/config/params_2.yaml
[46.096s] -- Up-to-date: /home/iclab/Desktop/humanoid/install/usb_cam/share/ament_index/resource_index/package_run_dependencies/usb_cam
[46.097s] -- Installing: /home/iclab/Desktop/humanoid/install/usb_cam/share/ament_index/resource_index/parent_prefix_path/usb_cam
[46.097s] -- Up-to-date: /home/iclab/Desktop/humanoid/install/usb_cam/share/usb_cam/environment/ament_prefix_path.sh
[46.097s] -- Installing: /home/iclab/Desktop/humanoid/install/usb_cam/share/usb_cam/environment/ament_prefix_path.dsv
[46.097s] -- Up-to-date: /home/iclab/Desktop/humanoid/install/usb_cam/share/usb_cam/environment/path.sh
[46.097s] -- Installing: /home/iclab/Desktop/humanoid/install/usb_cam/share/usb_cam/environment/path.dsv
[46.097s] -- Up-to-date: /home/iclab/Desktop/humanoid/install/usb_cam/share/usb_cam/local_setup.bash
[46.097s] -- Up-to-date: /home/iclab/Desktop/humanoid/install/usb_cam/share/usb_cam/local_setup.sh
[46.097s] -- Up-to-date: /home/iclab/Desktop/humanoid/install/usb_cam/share/usb_cam/local_setup.zsh
[46.098s] -- Installing: /home/iclab/Desktop/humanoid/install/usb_cam/share/usb_cam/local_setup.dsv
[46.098s] -- Installing: /home/iclab/Desktop/humanoid/install/usb_cam/share/usb_cam/package.dsv
[46.098s] -- Up-to-date: /home/iclab/Desktop/humanoid/install/usb_cam/share/ament_index/resource_index/packages/usb_cam
[46.098s] -- Up-to-date: /home/iclab/Desktop/humanoid/install/usb_cam/share/ament_index/resource_index/rclcpp_components/usb_cam
[46.098s] -- Up-to-date: /home/iclab/Desktop/humanoid/install/usb_cam/share/usb_cam/cmake/ament_cmake_export_libraries-extras.cmake
[46.098s] -- Up-to-date: /home/iclab/Desktop/humanoid/install/usb_cam/share/usb_cam/cmake/ament_cmake_export_dependencies-extras.cmake
[46.098s] -- Up-to-date: /home/iclab/Desktop/humanoid/install/usb_cam/share/usb_cam/cmake/ament_cmake_export_include_directories-extras.cmake
[46.098s] -- Up-to-date: /home/iclab/Desktop/humanoid/install/usb_cam/share/usb_cam/cmake/usb_camConfig.cmake
[46.099s] -- Up-to-date: /home/iclab/Desktop/humanoid/install/usb_cam/share/usb_cam/cmake/usb_camConfig-version.cmake
[46.099s] -- Up-to-date: /home/iclab/Desktop/humanoid/install/usb_cam/share/usb_cam/package.xml
[46.103s] Invoked command in '/home/iclab/Desktop/humanoid/build/usb_cam' returned '0': BYOBU_DATE=%Y-%m-%d CMAKE_PREFIX_PATH=/home/iclab/Desktop/humanoid/install/tku_msgs:/home/iclab/Desktop/humanoid/install/web_video_server:/home/iclab/Desktop/humanoid/install/usb_cam:/home/iclab/Desktop/humanoid/install/wula:/home/iclab/Desktop/humanoid/install/motionpackage:/home/iclab/Desktop/humanoid/install/imageprocess:/opt/ros/humble LD_LIBRARY_PATH=/home/iclab/Desktop/humanoid/install/tku_msgs/lib:/home/iclab/Desktop/humanoid/install/usb_cam/lib:/usr/local/cuda-12.6/lib64:/opt/ros/humble/opt/rviz_ogre_vendor/lib:/opt/ros/humble/lib/aarch64-linux-gnu:/opt/ros/humble/lib:/usr/local/cuda-12.6/lib64 /usr/bin/cmake --install /home/iclab/Desktop/humanoid/build/usb_cam
