[0.240s] Invoking command in '/workspace/towen/build/rosidl_runtime_cpp': AMENT_PREFIX_PATH=/workspace/towen/install/rosidl_runtime_c:/workspace/towen/install/rosidl_typesupport_interface:${AMENT_PREFIX_PATH} BYOBU_DATE=%Y-%m-%d CMAKE_PREFIX_PATH=/workspace/towen/install/rosidl_runtime_c:/workspace/towen/install/rosidl_typesupport_interface:/opt/ros/humble LD_LIBRARY_PATH=/workspace/towen/install/rosidl_runtime_c/lib:/opt/ros/humble/opt/rviz_ogre_vendor/lib:/opt/ros/humble/lib/aarch64-linux-gnu:/opt/ros/humble/lib:/usr/local/cuda/compat:/usr/local/cuda/lib64 /usr/local/bin/cmake --build /workspace/towen/build/rosidl_runtime_cpp -- -j6 -l6
[2.419s] [ 25%] Built target gtest_main
[2.531s] [ 37%] [32m[1mLinking CXX executable benchmark_bounded_vector[0m
[3.975s] [ 50%] Built target benchmark_bounded_vector
[4.333s] [ 75%] Built target gtest
[4.553s] [ 87%] [32m[1mLinking CXX executable test_bounded_vector[0m
[5.652s] [100%] Built target test_bounded_vector
[6.938s] Invoked command in '/workspace/towen/build/rosidl_runtime_cpp' returned '0': AMENT_PREFIX_PATH=/workspace/towen/install/rosidl_runtime_c:/workspace/towen/install/rosidl_typesupport_interface:${AMENT_PREFIX_PATH} BYOBU_DATE=%Y-%m-%d CMAKE_PREFIX_PATH=/workspace/towen/install/rosidl_runtime_c:/workspace/towen/install/rosidl_typesupport_interface:/opt/ros/humble LD_LIBRARY_PATH=/workspace/towen/install/rosidl_runtime_c/lib:/opt/ros/humble/opt/rviz_ogre_vendor/lib:/opt/ros/humble/lib/aarch64-linux-gnu:/opt/ros/humble/lib:/usr/local/cuda/compat:/usr/local/cuda/lib64 /usr/local/bin/cmake --build /workspace/towen/build/rosidl_runtime_cpp -- -j6 -l6
[11.086s] Invoking command in '/workspace/towen/build/rosidl_runtime_cpp': AMENT_PREFIX_PATH=/workspace/towen/install/rosidl_runtime_c:/workspace/towen/install/rosidl_typesupport_interface:${AMENT_PREFIX_PATH} BYOBU_DATE=%Y-%m-%d CMAKE_PREFIX_PATH=/workspace/towen/install/rosidl_runtime_c:/workspace/towen/install/rosidl_typesupport_interface:/opt/ros/humble LD_LIBRARY_PATH=/workspace/towen/install/rosidl_runtime_c/lib:/opt/ros/humble/opt/rviz_ogre_vendor/lib:/opt/ros/humble/lib/aarch64-linux-gnu:/opt/ros/humble/lib:/usr/local/cuda/compat:/usr/local/cuda/lib64 /usr/local/bin/cmake --install /workspace/towen/build/rosidl_runtime_cpp
[11.747s] -- Install configuration: ""
[11.770s] -- Execute custom install script
[11.771s] -- Up-to-date symlink: /workspace/towen/install/rosidl_runtime_cpp/share/ament_index/resource_index/rosidl_runtime_packages/rosidl_runtime_cpp
[11.771s] -- Up-to-date symlink: /workspace/towen/install/rosidl_runtime_cpp/include/rosidl_runtime_cpp/rosidl_runtime_cpp/action_type_support_decl.hpp
[11.772s] -- Up-to-date symlink: /workspace/towen/install/rosidl_runtime_cpp/include/rosidl_runtime_cpp/rosidl_runtime_cpp/bounded_vector.hpp
[11.772s] -- Up-to-date symlink: /workspace/towen/install/rosidl_runtime_cpp/include/rosidl_runtime_cpp/rosidl_runtime_cpp/message_initialization.hpp
[11.773s] -- Up-to-date symlink: /workspace/towen/install/rosidl_runtime_cpp/include/rosidl_runtime_cpp/rosidl_runtime_cpp/message_type_support_decl.hpp
[11.817s] -- Up-to-date symlink: /workspace/towen/install/rosidl_runtime_cpp/include/rosidl_runtime_cpp/rosidl_runtime_cpp/service_type_support_decl.hpp
[11.824s] -- Up-to-date symlink: /workspace/towen/install/rosidl_runtime_cpp/include/rosidl_runtime_cpp/rosidl_runtime_cpp/traits.hpp
[11.834s] -- Up-to-date symlink: /workspace/towen/install/rosidl_runtime_cpp/include/rosidl_runtime_cpp/rosidl_typesupport_cpp/action_type_support.hpp
[11.840s] -- Up-to-date symlink: /workspace/towen/install/rosidl_runtime_cpp/include/rosidl_runtime_cpp/rosidl_typesupport_cpp/message_type_support.hpp
[11.865s] -- Up-to-date symlink: /workspace/towen/install/rosidl_runtime_cpp/include/rosidl_runtime_cpp/rosidl_typesupport_cpp/service_type_support.hpp
[11.873s] -- Up-to-date symlink: /workspace/towen/install/rosidl_runtime_cpp/share/ament_index/resource_index/package_run_dependencies/rosidl_runtime_cpp
[11.892s] -- Up-to-date symlink: /workspace/towen/install/rosidl_runtime_cpp/share/ament_index/resource_index/parent_prefix_path/rosidl_runtime_cpp
[11.903s] -- Up-to-date symlink: /workspace/towen/install/rosidl_runtime_cpp/share/rosidl_runtime_cpp/environment/ament_prefix_path.sh
[11.911s] -- Up-to-date symlink: /workspace/towen/install/rosidl_runtime_cpp/share/rosidl_runtime_cpp/environment/ament_prefix_path.dsv
[11.952s] -- Up-to-date symlink: /workspace/towen/install/rosidl_runtime_cpp/share/rosidl_runtime_cpp/environment/path.sh
[11.958s] -- Up-to-date symlink: /workspace/towen/install/rosidl_runtime_cpp/share/rosidl_runtime_cpp/environment/path.dsv
[11.972s] -- Up-to-date symlink: /workspace/towen/install/rosidl_runtime_cpp/share/rosidl_runtime_cpp/local_setup.bash
[11.986s] -- Up-to-date symlink: /workspace/towen/install/rosidl_runtime_cpp/share/rosidl_runtime_cpp/local_setup.sh
[11.998s] -- Up-to-date symlink: /workspace/towen/install/rosidl_runtime_cpp/share/rosidl_runtime_cpp/local_setup.zsh
[12.017s] -- Up-to-date symlink: /workspace/towen/install/rosidl_runtime_cpp/share/rosidl_runtime_cpp/local_setup.dsv
[12.030s] -- Symlinking: /workspace/towen/install/rosidl_runtime_cpp/share/rosidl_runtime_cpp/package.dsv
[12.106s] -- Up-to-date symlink: /workspace/towen/install/rosidl_runtime_cpp/share/ament_index/resource_index/packages/rosidl_runtime_cpp
[12.106s] -- Up-to-date symlink: /workspace/towen/install/rosidl_runtime_cpp/share/rosidl_runtime_cpp/cmake/ament_cmake_export_include_directories-extras.cmake
[12.106s] -- Up-to-date symlink: /workspace/towen/install/rosidl_runtime_cpp/share/rosidl_runtime_cpp/cmake/ament_cmake_export_targets-extras.cmake
[12.106s] -- Up-to-date symlink: /workspace/towen/install/rosidl_runtime_cpp/share/rosidl_runtime_cpp/cmake/ament_cmake_export_dependencies-extras.cmake
[12.107s] -- Up-to-date symlink: /workspace/towen/install/rosidl_runtime_cpp/share/rosidl_runtime_cpp/cmake/rosidl_runtime_cppConfig.cmake
[12.107s] -- Up-to-date symlink: /workspace/towen/install/rosidl_runtime_cpp/share/rosidl_runtime_cpp/cmake/rosidl_runtime_cppConfig-version.cmake
[12.107s] -- Up-to-date symlink: /workspace/towen/install/rosidl_runtime_cpp/share/rosidl_runtime_cpp/package.xml
[12.107s] -- Up-to-date: /workspace/towen/install/rosidl_runtime_cpp/share/rosidl_runtime_cpp/cmake/rosidl_runtime_cppExport.cmake
[12.797s] Invoked command in '/workspace/towen/build/rosidl_runtime_cpp' returned '0': AMENT_PREFIX_PATH=/workspace/towen/install/rosidl_runtime_c:/workspace/towen/install/rosidl_typesupport_interface:${AMENT_PREFIX_PATH} BYOBU_DATE=%Y-%m-%d CMAKE_PREFIX_PATH=/workspace/towen/install/rosidl_runtime_c:/workspace/towen/install/rosidl_typesupport_interface:/opt/ros/humble LD_LIBRARY_PATH=/workspace/towen/install/rosidl_runtime_c/lib:/opt/ros/humble/opt/rviz_ogre_vendor/lib:/opt/ros/humble/lib/aarch64-linux-gnu:/opt/ros/humble/lib:/usr/local/cuda/compat:/usr/local/cuda/lib64 /usr/local/bin/cmake --install /workspace/towen/build/rosidl_runtime_cpp
