[0.091s] Invoking command in '/workspace/towen/build/rosidl_runtime_c': BYOBU_DATE=%Y-%m-%d CMAKE_PREFIX_PATH=/workspace/towen/install/rosidl_typesupport_interface:/workspace/towen/install/zed_ros2:/workspace/towen/install/zed_wrapper:/workspace/towen/install/zed_components:/workspace/towen/install/webrtc_ros_msgs:/workspace/towen/install/web_video_server:/workspace/towen/install/vision_opencv:/workspace/towen/install/usb_cam:/workspace/towen/install/tku_msgs:/workspace/towen/install/rosidl_typesupport_introspection_tests:/workspace/towen/install/rosidl_typesupport_introspection_cpp:/workspace/towen/install/rosidl_typesupport_introspection_c:/workspace/towen/install/rosidl_generator_cpp:/workspace/towen/install/rosidl_runtime_cpp:/workspace/towen/install/rosidl_runtime_c:/workspace/towen/install/rosidl_generator_c:/workspace/towen/install/rosidl_cmake:/workspace/towen/install/rosidl_parser:/workspace/towen/install/rosidl_adapter:/workspace/towen/install/image_geometry:/workspace/towen/install/cv_bridge:/opt/ros/humble/install:/workspace/towen/install/strategy:/workspace/towen/install/rosidl_cli:/workspace/towen/install/opencv_tests:/workspace/towen/install/motionpackage:/workspace/towen/install/imageprocess:/opt/ros/humble /usr/local/bin/cmake /workspace/towen/src/rosidl/rosidl_runtime_c -DAMENT_CMAKE_SYMLINK_INSTALL=1 -DCMAKE_INSTALL_PREFIX=/workspace/towen/install/rosidl_runtime_c
[0.355s] -- Found ament_cmake_ros: 0.10.0 (/opt/ros/humble/install/share/ament_cmake_ros/cmake)
[1.020s] -- Override CMake install command with custom implementation using symlinks instead of copying resources
[1.056s] -- Found rcutils: 5.1.6 (/opt/ros/humble/install/share/rcutils/cmake)
[1.071s] -- Found rosidl_typesupport_interface: 3.1.7 (/workspace/towen/install/rosidl_typesupport_interface/share/rosidl_typesupport_interface/cmake)
[1.102s] -- Found ament_lint_auto: 0.12.11 (/opt/ros/humble/install/share/ament_lint_auto/cmake)
[1.110s] -- Found performance_test_fixture: 0.0.9 (/opt/ros/humble/install/share/performance_test_fixture/cmake)
[1.375s] -- Found gtest sources under '/opt/ros/humble/install/src/gtest_vendor': C++ tests using 'Google Test' will be built
[1.408s] -- Performance tests are disabled by default, so Google Benchmark tests will be skipped. To enable these tests, set the CMake variable 'AMENT_RUN_PERFORMANCE_TESTS'.
[1.436s] -- Added test 'copyright' to check source files copyright and LICENSE
[1.442s] -- Added test 'cppcheck' to perform static code analysis on C / C++ code
[1.443s] -- Configured cppcheck include dirs: /opt/ros/humble/install/include;$<BUILD_INTERFACE:/workspace/towen/src/rosidl/rosidl_runtime_c/include>
[1.444s] -- Configured cppcheck exclude dirs and/or files: 
[1.455s] -- Added test 'cpplint' to check C / C++ code against the Google style
[1.455s] -- Configured cpplint exclude dirs and/or files: 
[1.455s] -- Added test 'lint_cmake' to check CMake code style
[1.456s] -- Added test 'uncrustify' to check C / C++ code style
[1.456s] -- Configured uncrustify additional arguments: 
[1.457s] -- Added test 'xmllint' to check XML markup files
[1.464s] -- Configuring done (1.1s)
[1.547s] -- Generating done (0.1s)
[1.552s] -- Build files have been written to: /workspace/towen/build/rosidl_runtime_c
[1.613s] Invoked command in '/workspace/towen/build/rosidl_runtime_c' returned '0': BYOBU_DATE=%Y-%m-%d CMAKE_PREFIX_PATH=/workspace/towen/install/rosidl_typesupport_interface:/workspace/towen/install/zed_ros2:/workspace/towen/install/zed_wrapper:/workspace/towen/install/zed_components:/workspace/towen/install/webrtc_ros_msgs:/workspace/towen/install/web_video_server:/workspace/towen/install/vision_opencv:/workspace/towen/install/usb_cam:/workspace/towen/install/tku_msgs:/workspace/towen/install/rosidl_typesupport_introspection_tests:/workspace/towen/install/rosidl_typesupport_introspection_cpp:/workspace/towen/install/rosidl_typesupport_introspection_c:/workspace/towen/install/rosidl_generator_cpp:/workspace/towen/install/rosidl_runtime_cpp:/workspace/towen/install/rosidl_runtime_c:/workspace/towen/install/rosidl_generator_c:/workspace/towen/install/rosidl_cmake:/workspace/towen/install/rosidl_parser:/workspace/towen/install/rosidl_adapter:/workspace/towen/install/image_geometry:/workspace/towen/install/cv_bridge:/opt/ros/humble/install:/workspace/towen/install/strategy:/workspace/towen/install/rosidl_cli:/workspace/towen/install/opencv_tests:/workspace/towen/install/motionpackage:/workspace/towen/install/imageprocess:/opt/ros/humble /usr/local/bin/cmake /workspace/towen/src/rosidl/rosidl_runtime_c -DAMENT_CMAKE_SYMLINK_INSTALL=1 -DCMAKE_INSTALL_PREFIX=/workspace/towen/install/rosidl_runtime_c
[1.615s] Invoking command in '/workspace/towen/build/rosidl_runtime_c': BYOBU_DATE=%Y-%m-%d CMAKE_PREFIX_PATH=/workspace/towen/install/rosidl_typesupport_interface:/workspace/towen/install/zed_ros2:/workspace/towen/install/zed_wrapper:/workspace/towen/install/zed_components:/workspace/towen/install/webrtc_ros_msgs:/workspace/towen/install/web_video_server:/workspace/towen/install/vision_opencv:/workspace/towen/install/usb_cam:/workspace/towen/install/tku_msgs:/workspace/towen/install/rosidl_typesupport_introspection_tests:/workspace/towen/install/rosidl_typesupport_introspection_cpp:/workspace/towen/install/rosidl_typesupport_introspection_c:/workspace/towen/install/rosidl_generator_cpp:/workspace/towen/install/rosidl_runtime_cpp:/workspace/towen/install/rosidl_runtime_c:/workspace/towen/install/rosidl_generator_c:/workspace/towen/install/rosidl_cmake:/workspace/towen/install/rosidl_parser:/workspace/towen/install/rosidl_adapter:/workspace/towen/install/image_geometry:/workspace/towen/install/cv_bridge:/opt/ros/humble/install:/workspace/towen/install/strategy:/workspace/towen/install/rosidl_cli:/workspace/towen/install/opencv_tests:/workspace/towen/install/motionpackage:/workspace/towen/install/imageprocess:/opt/ros/humble /usr/local/bin/cmake --build /workspace/towen/build/rosidl_runtime_c -- -j6 -l6
[1.990s] [ 28%] Built target rosidl_runtime_c
[2.014s] [ 36%] Built target gtest
[2.016s] [ 44%] Built target gtest_main
[2.068s] [ 52%] Built target benchmark_string_conversion
[2.153s] [ 60%] Built target test_message_type_support
[2.173s] [ 68%] Built target test_sequence_bound
[2.175s] [ 76%] Built target test_service_type_support
[2.182s] [ 84%] Built target test_primitives_sequence_functions
[2.183s] [ 92%] Built target test_string_functions
[2.208s] [100%] Built target test_u16string_functions
[2.274s] Invoked command in '/workspace/towen/build/rosidl_runtime_c' returned '0': BYOBU_DATE=%Y-%m-%d CMAKE_PREFIX_PATH=/workspace/towen/install/rosidl_typesupport_interface:/workspace/towen/install/zed_ros2:/workspace/towen/install/zed_wrapper:/workspace/towen/install/zed_components:/workspace/towen/install/webrtc_ros_msgs:/workspace/towen/install/web_video_server:/workspace/towen/install/vision_opencv:/workspace/towen/install/usb_cam:/workspace/towen/install/tku_msgs:/workspace/towen/install/rosidl_typesupport_introspection_tests:/workspace/towen/install/rosidl_typesupport_introspection_cpp:/workspace/towen/install/rosidl_typesupport_introspection_c:/workspace/towen/install/rosidl_generator_cpp:/workspace/towen/install/rosidl_runtime_cpp:/workspace/towen/install/rosidl_runtime_c:/workspace/towen/install/rosidl_generator_c:/workspace/towen/install/rosidl_cmake:/workspace/towen/install/rosidl_parser:/workspace/towen/install/rosidl_adapter:/workspace/towen/install/image_geometry:/workspace/towen/install/cv_bridge:/opt/ros/humble/install:/workspace/towen/install/strategy:/workspace/towen/install/rosidl_cli:/workspace/towen/install/opencv_tests:/workspace/towen/install/motionpackage:/workspace/towen/install/imageprocess:/opt/ros/humble /usr/local/bin/cmake --build /workspace/towen/build/rosidl_runtime_c -- -j6 -l6
[2.911s] Invoking command in '/workspace/towen/build/rosidl_runtime_c': BYOBU_DATE=%Y-%m-%d CMAKE_PREFIX_PATH=/workspace/towen/install/rosidl_typesupport_interface:/workspace/towen/install/zed_ros2:/workspace/towen/install/zed_wrapper:/workspace/towen/install/zed_components:/workspace/towen/install/webrtc_ros_msgs:/workspace/towen/install/web_video_server:/workspace/towen/install/vision_opencv:/workspace/towen/install/usb_cam:/workspace/towen/install/tku_msgs:/workspace/towen/install/rosidl_typesupport_introspection_tests:/workspace/towen/install/rosidl_typesupport_introspection_cpp:/workspace/towen/install/rosidl_typesupport_introspection_c:/workspace/towen/install/rosidl_generator_cpp:/workspace/towen/install/rosidl_runtime_cpp:/workspace/towen/install/rosidl_runtime_c:/workspace/towen/install/rosidl_generator_c:/workspace/towen/install/rosidl_cmake:/workspace/towen/install/rosidl_parser:/workspace/towen/install/rosidl_adapter:/workspace/towen/install/image_geometry:/workspace/towen/install/cv_bridge:/opt/ros/humble/install:/workspace/towen/install/strategy:/workspace/towen/install/rosidl_cli:/workspace/towen/install/opencv_tests:/workspace/towen/install/motionpackage:/workspace/towen/install/imageprocess:/opt/ros/humble /usr/local/bin/cmake --install /workspace/towen/build/rosidl_runtime_c
[3.143s] -- Install configuration: ""
[3.151s] -- Execute custom install script
[3.152s] -- Symlinking: /workspace/towen/install/rosidl_runtime_c/share/rosidl_runtime_c/environment/library_path.sh
[3.175s] -- Symlinking: /workspace/towen/install/rosidl_runtime_c/share/rosidl_runtime_c/environment/library_path.dsv
[3.185s] -- Symlinking: /workspace/towen/install/rosidl_runtime_c/share/ament_index/resource_index/rosidl_runtime_packages/rosidl_runtime_c
[3.195s] -- Symlinking: /workspace/towen/install/rosidl_runtime_c/include/rosidl_runtime_c/rosidl_runtime_c/action_type_support_struct.h
[3.205s] -- Symlinking: /workspace/towen/install/rosidl_runtime_c/include/rosidl_runtime_c/rosidl_runtime_c/message_initialization.h
[3.214s] -- Symlinking: /workspace/towen/install/rosidl_runtime_c/include/rosidl_runtime_c/rosidl_runtime_c/message_type_support_struct.h
[3.225s] -- Symlinking: /workspace/towen/install/rosidl_runtime_c/include/rosidl_runtime_c/rosidl_runtime_c/primitives_sequence.h
[3.235s] -- Symlinking: /workspace/towen/install/rosidl_runtime_c/include/rosidl_runtime_c/rosidl_runtime_c/primitives_sequence_functions.h
[3.243s] -- Symlinking: /workspace/towen/install/rosidl_runtime_c/include/rosidl_runtime_c/rosidl_runtime_c/sequence_bound.h
[3.254s] -- Symlinking: /workspace/towen/install/rosidl_runtime_c/include/rosidl_runtime_c/rosidl_runtime_c/service_type_support_struct.h
[3.263s] -- Symlinking: /workspace/towen/install/rosidl_runtime_c/include/rosidl_runtime_c/rosidl_runtime_c/string.h
[3.272s] -- Symlinking: /workspace/towen/install/rosidl_runtime_c/include/rosidl_runtime_c/rosidl_runtime_c/string_bound.h
[3.282s] -- Symlinking: /workspace/towen/install/rosidl_runtime_c/include/rosidl_runtime_c/rosidl_runtime_c/string_functions.h
[3.291s] -- Symlinking: /workspace/towen/install/rosidl_runtime_c/include/rosidl_runtime_c/rosidl_runtime_c/u16string.h
[3.300s] -- Symlinking: /workspace/towen/install/rosidl_runtime_c/include/rosidl_runtime_c/rosidl_runtime_c/u16string_functions.h
[3.310s] -- Symlinking: /workspace/towen/install/rosidl_runtime_c/include/rosidl_runtime_c/rosidl_runtime_c/visibility_control.h
[3.321s] -- Symlinking: /workspace/towen/install/rosidl_runtime_c/share/ament_index/resource_index/package_run_dependencies/rosidl_runtime_c
[3.340s] -- Symlinking: /workspace/towen/install/rosidl_runtime_c/share/ament_index/resource_index/parent_prefix_path/rosidl_runtime_c
[3.353s] -- Symlinking: /workspace/towen/install/rosidl_runtime_c/share/rosidl_runtime_c/environment/ament_prefix_path.sh
[3.363s] -- Symlinking: /workspace/towen/install/rosidl_runtime_c/share/rosidl_runtime_c/environment/ament_prefix_path.dsv
[3.372s] -- Symlinking: /workspace/towen/install/rosidl_runtime_c/share/rosidl_runtime_c/environment/path.sh
[3.383s] -- Symlinking: /workspace/towen/install/rosidl_runtime_c/share/rosidl_runtime_c/environment/path.dsv
[3.393s] -- Symlinking: /workspace/towen/install/rosidl_runtime_c/share/rosidl_runtime_c/local_setup.bash
[3.403s] -- Symlinking: /workspace/towen/install/rosidl_runtime_c/share/rosidl_runtime_c/local_setup.sh
[3.421s] -- Symlinking: /workspace/towen/install/rosidl_runtime_c/share/rosidl_runtime_c/local_setup.zsh
[3.434s] -- Symlinking: /workspace/towen/install/rosidl_runtime_c/share/rosidl_runtime_c/local_setup.dsv
[3.444s] -- Symlinking: /workspace/towen/install/rosidl_runtime_c/share/rosidl_runtime_c/package.dsv
[3.473s] -- Symlinking: /workspace/towen/install/rosidl_runtime_c/share/ament_index/resource_index/packages/rosidl_runtime_c
[3.489s] -- Symlinking: /workspace/towen/install/rosidl_runtime_c/share/rosidl_runtime_c/cmake/ament_cmake_export_dependencies-extras.cmake
[3.499s] -- Symlinking: /workspace/towen/install/rosidl_runtime_c/share/rosidl_runtime_c/cmake/ament_cmake_export_include_directories-extras.cmake
[3.510s] -- Symlinking: /workspace/towen/install/rosidl_runtime_c/share/rosidl_runtime_c/cmake/ament_cmake_export_libraries-extras.cmake
[3.536s] -- Symlinking: /workspace/towen/install/rosidl_runtime_c/share/rosidl_runtime_c/cmake/ament_cmake_export_targets-extras.cmake
[3.545s] -- Symlinking: /workspace/towen/install/rosidl_runtime_c/share/rosidl_runtime_c/cmake/rosidl_runtime_cConfig.cmake
[3.570s] -- Symlinking: /workspace/towen/install/rosidl_runtime_c/share/rosidl_runtime_c/cmake/rosidl_runtime_cConfig-version.cmake
[3.595s] -- Symlinking: /workspace/towen/install/rosidl_runtime_c/share/rosidl_runtime_c/package.xml
[3.614s] -- Up-to-date: /workspace/towen/install/rosidl_runtime_c/lib/librosidl_runtime_c.so
[3.615s] -- Up-to-date: /workspace/towen/install/rosidl_runtime_c/share/rosidl_runtime_c/cmake/rosidl_runtime_cExport.cmake
[3.616s] -- Up-to-date: /workspace/towen/install/rosidl_runtime_c/share/rosidl_runtime_c/cmake/rosidl_runtime_cExport-noconfig.cmake
[3.650s] Invoked command in '/workspace/towen/build/rosidl_runtime_c' returned '0': BYOBU_DATE=%Y-%m-%d CMAKE_PREFIX_PATH=/workspace/towen/install/rosidl_typesupport_interface:/workspace/towen/install/zed_ros2:/workspace/towen/install/zed_wrapper:/workspace/towen/install/zed_components:/workspace/towen/install/webrtc_ros_msgs:/workspace/towen/install/web_video_server:/workspace/towen/install/vision_opencv:/workspace/towen/install/usb_cam:/workspace/towen/install/tku_msgs:/workspace/towen/install/rosidl_typesupport_introspection_tests:/workspace/towen/install/rosidl_typesupport_introspection_cpp:/workspace/towen/install/rosidl_typesupport_introspection_c:/workspace/towen/install/rosidl_generator_cpp:/workspace/towen/install/rosidl_runtime_cpp:/workspace/towen/install/rosidl_runtime_c:/workspace/towen/install/rosidl_generator_c:/workspace/towen/install/rosidl_cmake:/workspace/towen/install/rosidl_parser:/workspace/towen/install/rosidl_adapter:/workspace/towen/install/image_geometry:/workspace/towen/install/cv_bridge:/opt/ros/humble/install:/workspace/towen/install/strategy:/workspace/towen/install/rosidl_cli:/workspace/towen/install/opencv_tests:/workspace/towen/install/motionpackage:/workspace/towen/install/imageprocess:/opt/ros/humble /usr/local/bin/cmake --install /workspace/towen/build/rosidl_runtime_c
