[3.180s] Invoking command in '/workspace/towen/src/strategy': BYOBU_DATE=%Y-%m-%d PYTHONPATH=/workspace/towen/build/strategy/prefix_override:/usr/lib/python3/dist-packages/colcon_core/task/python/colcon_distutils_commands:/workspace/towen/install/strategy/lib/python3.10/site-packages:${PYTHONPATH} /usr/bin/python3 -W ignore:setup.py install is deprecated setup.py egg_info --egg-base ../../build/strategy build --build-base /workspace/towen/build/strategy/build install --record /workspace/towen/build/strategy/install.log --single-version-externally-managed install_data
[3.651s] /home/work/.local/lib/python3.10/site-packages/setuptools/_distutils/dist.py:289: UserWarning: Unknown distribution option: 'tests_require'
[3.651s]   warnings.warn(msg)
[3.985s] running egg_info
[4.022s] writing ../../build/strategy/strategy.egg-info/PKG-INFO
[4.023s] writing dependency_links to ../../build/strategy/strategy.egg-info/dependency_links.txt
[4.025s] writing entry points to ../../build/strategy/strategy.egg-info/entry_points.txt
[4.026s] writing requirements to ../../build/strategy/strategy.egg-info/requires.txt
[4.027s] writing top-level names to ../../build/strategy/strategy.egg-info/top_level.txt
[4.128s] reading manifest file '../../build/strategy/strategy.egg-info/SOURCES.txt'
[4.129s] adding license file 'LICENSE'
[4.132s] writing manifest file '../../build/strategy/strategy.egg-info/SOURCES.txt'
[4.133s] running build
[4.135s] running build_py
[4.136s] copying strategy/__init__.py -> /workspace/towen/build/strategy/build/lib/strategy
[4.137s] copying strategy/API.py -> /workspace/towen/build/strategy/build/lib/strategy
[4.138s] copying strategy/mar/__init__.py -> /workspace/towen/build/strategy/build/lib/strategy/mar
[4.139s] copying strategy/mar/mar.py -> /workspace/towen/build/strategy/build/lib/strategy/mar
[4.140s] copying strategy/wl/wl.py -> /workspace/towen/build/strategy/build/lib/strategy/wl
[4.141s] copying strategy/wl/__init__.py -> /workspace/towen/build/strategy/build/lib/strategy/wl
[4.143s] copying strategy/sp/sp.py -> /workspace/towen/build/strategy/build/lib/strategy/sp
[4.144s] copying strategy/sp/__init__.py -> /workspace/towen/build/strategy/build/lib/strategy/sp
[4.145s] copying strategy/obs/__init__.py -> /workspace/towen/build/strategy/build/lib/strategy/obs
[4.146s] copying strategy/obs/obs.py -> /workspace/towen/build/strategy/build/lib/strategy/obs
[4.147s] copying strategy/sr/__init__.py -> /workspace/towen/build/strategy/build/lib/strategy/sr
[4.148s] copying strategy/sr/sr.py -> /workspace/towen/build/strategy/build/lib/strategy/sr
[4.149s] copying strategy/bb/__init__.py -> /workspace/towen/build/strategy/build/lib/strategy/bb
[4.150s] copying strategy/bb/bb.py -> /workspace/towen/build/strategy/build/lib/strategy/bb
[4.151s] copying strategy/ar/__init__.py -> /workspace/towen/build/strategy/build/lib/strategy/ar
[4.152s] copying strategy/ar/ar.py -> /workspace/towen/build/strategy/build/lib/strategy/ar
[4.153s] running install
[4.156s] running install_lib
[4.237s] running install_data
[4.253s] copying resource/strategy -> /workspace/towen/install/strategy/share/ament_index/resource_index/packages
[4.254s] copying package.xml -> /workspace/towen/install/strategy/share/strategy
[4.255s] running install_egg_info
[4.283s] removing '/workspace/towen/install/strategy/lib/python3.10/site-packages/strategy-0.0.0-py3.10.egg-info' (and everything under it)
[4.290s] Copying ../../build/strategy/strategy.egg-info to /workspace/towen/install/strategy/lib/python3.10/site-packages/strategy-0.0.0-py3.10.egg-info
[4.291s] running install_scripts
[4.402s] Installing ar script to /workspace/towen/install/strategy/lib/strategy
[4.405s] Installing bb script to /workspace/towen/install/strategy/lib/strategy
[4.405s] Installing mar script to /workspace/towen/install/strategy/lib/strategy
[4.409s] Installing obs script to /workspace/towen/install/strategy/lib/strategy
[4.409s] Installing sp script to /workspace/towen/install/strategy/lib/strategy
[4.409s] Installing sr script to /workspace/towen/install/strategy/lib/strategy
[4.411s] Installing wl script to /workspace/towen/install/strategy/lib/strategy
[4.411s] writing list of installed files to '/workspace/towen/build/strategy/install.log'
[4.491s] Invoked command in '/workspace/towen/src/strategy' returned '0': BYOBU_DATE=%Y-%m-%d PYTHONPATH=/workspace/towen/build/strategy/prefix_override:/usr/lib/python3/dist-packages/colcon_core/task/python/colcon_distutils_commands:/workspace/towen/install/strategy/lib/python3.10/site-packages:${PYTHONPATH} /usr/bin/python3 -W ignore:setup.py install is deprecated setup.py egg_info --egg-base ../../build/strategy build --build-base /workspace/towen/build/strategy/build install --record /workspace/towen/build/strategy/install.log --single-version-externally-managed install_data
