[100%] Built target rosidl_typesupport_introspection_cpp
[100%] Built target ament_cmake_python_copy_rosidl_typesupport_introspection_cpp
[100%] Built target ament_cmake_python_copy_rosidl_typesupport_introspection_cpp_setup
running egg_info
writing rosidl_typesupport_introspection_cpp.egg-info/PKG-INFO
writing dependency_links to rosidl_typesupport_introspection_cpp.egg-info/dependency_links.txt
writing entry points to rosidl_typesupport_introspection_cpp.egg-info/entry_points.txt
writing top-level names to rosidl_typesupport_introspection_cpp.egg-info/top_level.txt
reading manifest file 'rosidl_typesupport_introspection_cpp.egg-info/SOURCES.txt'
writing manifest file 'rosidl_typesupport_introspection_cpp.egg-info/SOURCES.txt'
[100%] Built target ament_cmake_python_build_rosidl_typesupport_introspection_cpp_egg
-- Install configuration: ""
-- Up-to-date: /workspace/towen/install/rosidl_typesupport_introspection_cpp/share/rosidl_typesupport_introspection_cpp/environment/pythonpath.sh
-- Up-to-date: /workspace/towen/install/rosidl_typesupport_introspection_cpp/share/rosidl_typesupport_introspection_cpp/environment/pythonpath.dsv
-- Up-to-date: /workspace/towen/install/rosidl_typesupport_introspection_cpp/local/lib/python3.10/dist-packages/rosidl_typesupport_introspection_cpp-3.1.7-py3.10.egg-info
-- Installing: /workspace/towen/install/rosidl_typesupport_introspection_cpp/local/lib/python3.10/dist-packages/rosidl_typesupport_introspection_cpp-3.1.7-py3.10.egg-info/PKG-INFO
-- Installing: /workspace/towen/install/rosidl_typesupport_introspection_cpp/local/lib/python3.10/dist-packages/rosidl_typesupport_introspection_cpp-3.1.7-py3.10.egg-info/entry_points.txt
-- Installing: /workspace/towen/install/rosidl_typesupport_introspection_cpp/local/lib/python3.10/dist-packages/rosidl_typesupport_introspection_cpp-3.1.7-py3.10.egg-info/top_level.txt
-- Installing: /workspace/towen/install/rosidl_typesupport_introspection_cpp/local/lib/python3.10/dist-packages/rosidl_typesupport_introspection_cpp-3.1.7-py3.10.egg-info/SOURCES.txt
-- Installing: /workspace/towen/install/rosidl_typesupport_introspection_cpp/local/lib/python3.10/dist-packages/rosidl_typesupport_introspection_cpp-3.1.7-py3.10.egg-info/dependency_links.txt
-- Up-to-date: /workspace/towen/install/rosidl_typesupport_introspection_cpp/local/lib/python3.10/dist-packages/rosidl_typesupport_introspection_cpp
-- Up-to-date: /workspace/towen/install/rosidl_typesupport_introspection_cpp/local/lib/python3.10/dist-packages/rosidl_typesupport_introspection_cpp/__init__.py
-- Up-to-date: /workspace/towen/install/rosidl_typesupport_introspection_cpp/local/lib/python3.10/dist-packages/rosidl_typesupport_introspection_cpp/cli.py
Listing '/workspace/towen/install/rosidl_typesupport_introspection_cpp/local/lib/python3.10/dist-packages/rosidl_typesupport_introspection_cpp'...
-- Up-to-date: /workspace/towen/install/rosidl_typesupport_introspection_cpp/share/rosidl_typesupport_introspection_cpp/environment/library_path.sh
-- Up-to-date: /workspace/towen/install/rosidl_typesupport_introspection_cpp/share/rosidl_typesupport_introspection_cpp/environment/library_path.dsv
-- Up-to-date: /workspace/towen/install/rosidl_typesupport_introspection_cpp/share/ament_index/resource_index/rosidl_typesupport_cpp/rosidl_typesupport_introspection_cpp
-- Up-to-date: /workspace/towen/install/rosidl_typesupport_introspection_cpp/share/ament_index/resource_index/rosidl_runtime_packages/rosidl_typesupport_introspection_cpp
-- Up-to-date: /workspace/towen/install/rosidl_typesupport_introspection_cpp/share/ament_index/resource_index/package_run_dependencies/rosidl_typesupport_introspection_cpp
-- Up-to-date: /workspace/towen/install/rosidl_typesupport_introspection_cpp/share/ament_index/resource_index/parent_prefix_path/rosidl_typesupport_introspection_cpp
-- Up-to-date: /workspace/towen/install/rosidl_typesupport_introspection_cpp/share/rosidl_typesupport_introspection_cpp/environment/ament_prefix_path.sh
-- Up-to-date: /workspace/towen/install/rosidl_typesupport_introspection_cpp/share/rosidl_typesupport_introspection_cpp/environment/ament_prefix_path.dsv
-- Up-to-date: /workspace/towen/install/rosidl_typesupport_introspection_cpp/share/rosidl_typesupport_introspection_cpp/environment/path.sh
-- Up-to-date: /workspace/towen/install/rosidl_typesupport_introspection_cpp/share/rosidl_typesupport_introspection_cpp/environment/path.dsv
-- Up-to-date: /workspace/towen/install/rosidl_typesupport_introspection_cpp/share/rosidl_typesupport_introspection_cpp/local_setup.bash
-- Up-to-date: /workspace/towen/install/rosidl_typesupport_introspection_cpp/share/rosidl_typesupport_introspection_cpp/local_setup.sh
-- Up-to-date: /workspace/towen/install/rosidl_typesupport_introspection_cpp/share/rosidl_typesupport_introspection_cpp/local_setup.zsh
-- Up-to-date: /workspace/towen/install/rosidl_typesupport_introspection_cpp/share/rosidl_typesupport_introspection_cpp/local_setup.dsv
-- Installing: /workspace/towen/install/rosidl_typesupport_introspection_cpp/share/rosidl_typesupport_introspection_cpp/package.dsv
-- Up-to-date: /workspace/towen/install/rosidl_typesupport_introspection_cpp/share/ament_index/resource_index/packages/rosidl_typesupport_introspection_cpp
-- Up-to-date: /workspace/towen/install/rosidl_typesupport_introspection_cpp/share/rosidl_typesupport_introspection_cpp/cmake/rosidl_typesupport_introspection_cppExport.cmake
-- Up-to-date: /workspace/towen/install/rosidl_typesupport_introspection_cpp/share/rosidl_typesupport_introspection_cpp/cmake/rosidl_typesupport_introspection_cppExport-noconfig.cmake
-- Up-to-date: /workspace/towen/install/rosidl_typesupport_introspection_cpp/share/rosidl_typesupport_introspection_cpp/cmake/rosidl_typesupport_introspection_cpp-extras.cmake
-- Up-to-date: /workspace/towen/install/rosidl_typesupport_introspection_cpp/share/rosidl_typesupport_introspection_cpp/cmake/ament_cmake_export_dependencies-extras.cmake
-- Up-to-date: /workspace/towen/install/rosidl_typesupport_introspection_cpp/share/rosidl_typesupport_introspection_cpp/cmake/ament_cmake_export_include_directories-extras.cmake
-- Up-to-date: /workspace/towen/install/rosidl_typesupport_introspection_cpp/share/rosidl_typesupport_introspection_cpp/cmake/ament_cmake_export_libraries-extras.cmake
-- Up-to-date: /workspace/towen/install/rosidl_typesupport_introspection_cpp/share/rosidl_typesupport_introspection_cpp/cmake/ament_cmake_export_targets-extras.cmake
-- Up-to-date: /workspace/towen/install/rosidl_typesupport_introspection_cpp/share/rosidl_typesupport_introspection_cpp/cmake/rosidl_typesupport_introspection_cppConfig.cmake
-- Up-to-date: /workspace/towen/install/rosidl_typesupport_introspection_cpp/share/rosidl_typesupport_introspection_cpp/cmake/rosidl_typesupport_introspection_cppConfig-version.cmake
-- Up-to-date: /workspace/towen/install/rosidl_typesupport_introspection_cpp/share/rosidl_typesupport_introspection_cpp/package.xml
-- Up-to-date: /workspace/towen/install/rosidl_typesupport_introspection_cpp/lib/rosidl_typesupport_introspection_cpp/rosidl_typesupport_introspection_cpp
-- Up-to-date: /workspace/towen/install/rosidl_typesupport_introspection_cpp/share/rosidl_typesupport_introspection_cpp/cmake
-- Up-to-date: /workspace/towen/install/rosidl_typesupport_introspection_cpp/share/rosidl_typesupport_introspection_cpp/cmake/rosidl_typesupport_introspection_cpp_generate_interfaces.cmake
-- Up-to-date: /workspace/towen/install/rosidl_typesupport_introspection_cpp/share/rosidl_typesupport_introspection_cpp/resource
-- Up-to-date: /workspace/towen/install/rosidl_typesupport_introspection_cpp/share/rosidl_typesupport_introspection_cpp/resource/idl__type_support.cpp.em
-- Up-to-date: /workspace/towen/install/rosidl_typesupport_introspection_cpp/share/rosidl_typesupport_introspection_cpp/resource/idl__rosidl_typesupport_introspection_cpp.hpp.em
-- Up-to-date: /workspace/towen/install/rosidl_typesupport_introspection_cpp/share/rosidl_typesupport_introspection_cpp/resource/msg__rosidl_typesupport_introspection_cpp.hpp.em
-- Up-to-date: /workspace/towen/install/rosidl_typesupport_introspection_cpp/share/rosidl_typesupport_introspection_cpp/resource/msg__type_support.cpp.em
-- Up-to-date: /workspace/towen/install/rosidl_typesupport_introspection_cpp/share/rosidl_typesupport_introspection_cpp/resource/srv__type_support.cpp.em
-- Up-to-date: /workspace/towen/install/rosidl_typesupport_introspection_cpp/share/rosidl_typesupport_introspection_cpp/resource/srv__rosidl_typesupport_introspection_cpp.hpp.em
-- Up-to-date: /workspace/towen/install/rosidl_typesupport_introspection_cpp/include/rosidl_typesupport_introspection_cpp
-- Up-to-date: /workspace/towen/install/rosidl_typesupport_introspection_cpp/include/rosidl_typesupport_introspection_cpp/rosidl_typesupport_introspection_cpp
-- Up-to-date: /workspace/towen/install/rosidl_typesupport_introspection_cpp/include/rosidl_typesupport_introspection_cpp/rosidl_typesupport_introspection_cpp/message_introspection.hpp
-- Up-to-date: /workspace/towen/install/rosidl_typesupport_introspection_cpp/include/rosidl_typesupport_introspection_cpp/rosidl_typesupport_introspection_cpp/identifier.hpp
-- Up-to-date: /workspace/towen/install/rosidl_typesupport_introspection_cpp/include/rosidl_typesupport_introspection_cpp/rosidl_typesupport_introspection_cpp/visibility_control.h
-- Up-to-date: /workspace/towen/install/rosidl_typesupport_introspection_cpp/include/rosidl_typesupport_introspection_cpp/rosidl_typesupport_introspection_cpp/service_type_support_decl.hpp
-- Up-to-date: /workspace/towen/install/rosidl_typesupport_introspection_cpp/include/rosidl_typesupport_introspection_cpp/rosidl_typesupport_introspection_cpp/message_type_support_decl.hpp
-- Up-to-date: /workspace/towen/install/rosidl_typesupport_introspection_cpp/include/rosidl_typesupport_introspection_cpp/rosidl_typesupport_introspection_cpp/service_introspection.hpp
-- Up-to-date: /workspace/towen/install/rosidl_typesupport_introspection_cpp/include/rosidl_typesupport_introspection_cpp/rosidl_typesupport_introspection_cpp/field_types.hpp
-- Up-to-date: /workspace/towen/install/rosidl_typesupport_introspection_cpp/lib/librosidl_typesupport_introspection_cpp.so
