[0.044s] Invoking command in '/workspace/towen/build/usb_cam': BYOBU_DATE=%Y-%m-%d CMAKE_PREFIX_PATH=/workspace/towen/install/tku_msgs:/workspace/towen/install/cv_bridge:/workspace/towen/install/zed_ros2:/workspace/towen/install/zed_wrapper:/workspace/towen/install/zed_components:/workspace/towen/install/webrtc_ros_msgs:/workspace/towen/install/web_video_server:/workspace/towen/install/vision_opencv:/workspace/towen/install/usb_cam:/workspace/towen/install/rosidl_typesupport_introspection_tests:/workspace/towen/install/rosidl_typesupport_introspection_cpp:/workspace/towen/install/rosidl_typesupport_introspection_c:/workspace/towen/install/rosidl_generator_cpp:/workspace/towen/install/rosidl_runtime_cpp:/workspace/towen/install/rosidl_runtime_c:/workspace/towen/install/rosidl_generator_c:/workspace/towen/install/rosidl_typesupport_interface:/workspace/towen/install/rosidl_cmake:/workspace/towen/install/rosidl_parser:/workspace/towen/install/rosidl_adapter:/workspace/towen/install/image_geometry:/workspace/towen/install/strategy:/workspace/towen/install/rosidl_cli:/workspace/towen/install/opencv_tests:/workspace/towen/install/motionpackage:/workspace/towen/install/imageprocess:/opt/ros/humble LD_LIBRARY_PATH=/workspace/towen/install/tku_msgs/lib:/workspace/towen/install/cv_bridge/lib:/workspace/towen/install/zed_components/lib:/workspace/towen/install/webrtc_ros_msgs/lib:/workspace/towen/install/usb_cam/lib:/workspace/towen/install/rosidl_typesupport_introspection_cpp/lib:/workspace/towen/install/rosidl_typesupport_introspection_c/lib:/workspace/towen/install/rosidl_runtime_c/lib:/workspace/towen/install/image_geometry/lib:/opt/ros/humble/opt/rviz_ogre_vendor/lib:/opt/ros/humble/lib/aarch64-linux-gnu:/opt/ros/humble/lib:/usr/local/cuda/compat:/usr/local/cuda/lib64 /usr/local/bin/cmake --build /workspace/towen/build/usb_cam -- -j6 -l6
[0.344s] [ 14%] Built target usb_cam_node_exe
[0.354s] [ 28%] Built target gtest
[0.360s] [ 42%] Built target gtest_main
[0.363s] [ 57%] Built target usb_cam
[0.428s] [ 71%] Built target test_usb_cam_utils
[0.431s] [ 85%] Built target test_pixel_formats
[0.438s] [100%] Built target usb_cam_node
[0.484s] Invoked command in '/workspace/towen/build/usb_cam' returned '0': BYOBU_DATE=%Y-%m-%d CMAKE_PREFIX_PATH=/workspace/towen/install/tku_msgs:/workspace/towen/install/cv_bridge:/workspace/towen/install/zed_ros2:/workspace/towen/install/zed_wrapper:/workspace/towen/install/zed_components:/workspace/towen/install/webrtc_ros_msgs:/workspace/towen/install/web_video_server:/workspace/towen/install/vision_opencv:/workspace/towen/install/usb_cam:/workspace/towen/install/rosidl_typesupport_introspection_tests:/workspace/towen/install/rosidl_typesupport_introspection_cpp:/workspace/towen/install/rosidl_typesupport_introspection_c:/workspace/towen/install/rosidl_generator_cpp:/workspace/towen/install/rosidl_runtime_cpp:/workspace/towen/install/rosidl_runtime_c:/workspace/towen/install/rosidl_generator_c:/workspace/towen/install/rosidl_typesupport_interface:/workspace/towen/install/rosidl_cmake:/workspace/towen/install/rosidl_parser:/workspace/towen/install/rosidl_adapter:/workspace/towen/install/image_geometry:/workspace/towen/install/strategy:/workspace/towen/install/rosidl_cli:/workspace/towen/install/opencv_tests:/workspace/towen/install/motionpackage:/workspace/towen/install/imageprocess:/opt/ros/humble LD_LIBRARY_PATH=/workspace/towen/install/tku_msgs/lib:/workspace/towen/install/cv_bridge/lib:/workspace/towen/install/zed_components/lib:/workspace/towen/install/webrtc_ros_msgs/lib:/workspace/towen/install/usb_cam/lib:/workspace/towen/install/rosidl_typesupport_introspection_cpp/lib:/workspace/towen/install/rosidl_typesupport_introspection_c/lib:/workspace/towen/install/rosidl_runtime_c/lib:/workspace/towen/install/image_geometry/lib:/opt/ros/humble/opt/rviz_ogre_vendor/lib:/opt/ros/humble/lib/aarch64-linux-gnu:/opt/ros/humble/lib:/usr/local/cuda/compat:/usr/local/cuda/lib64 /usr/local/bin/cmake --build /workspace/towen/build/usb_cam -- -j6 -l6
[0.803s] Invoking command in '/workspace/towen/build/usb_cam': BYOBU_DATE=%Y-%m-%d CMAKE_PREFIX_PATH=/workspace/towen/install/tku_msgs:/workspace/towen/install/cv_bridge:/workspace/towen/install/zed_ros2:/workspace/towen/install/zed_wrapper:/workspace/towen/install/zed_components:/workspace/towen/install/webrtc_ros_msgs:/workspace/towen/install/web_video_server:/workspace/towen/install/vision_opencv:/workspace/towen/install/usb_cam:/workspace/towen/install/rosidl_typesupport_introspection_tests:/workspace/towen/install/rosidl_typesupport_introspection_cpp:/workspace/towen/install/rosidl_typesupport_introspection_c:/workspace/towen/install/rosidl_generator_cpp:/workspace/towen/install/rosidl_runtime_cpp:/workspace/towen/install/rosidl_runtime_c:/workspace/towen/install/rosidl_generator_c:/workspace/towen/install/rosidl_typesupport_interface:/workspace/towen/install/rosidl_cmake:/workspace/towen/install/rosidl_parser:/workspace/towen/install/rosidl_adapter:/workspace/towen/install/image_geometry:/workspace/towen/install/strategy:/workspace/towen/install/rosidl_cli:/workspace/towen/install/opencv_tests:/workspace/towen/install/motionpackage:/workspace/towen/install/imageprocess:/opt/ros/humble LD_LIBRARY_PATH=/workspace/towen/install/tku_msgs/lib:/workspace/towen/install/cv_bridge/lib:/workspace/towen/install/zed_components/lib:/workspace/towen/install/webrtc_ros_msgs/lib:/workspace/towen/install/usb_cam/lib:/workspace/towen/install/rosidl_typesupport_introspection_cpp/lib:/workspace/towen/install/rosidl_typesupport_introspection_c/lib:/workspace/towen/install/rosidl_runtime_c/lib:/workspace/towen/install/image_geometry/lib:/opt/ros/humble/opt/rviz_ogre_vendor/lib:/opt/ros/humble/lib/aarch64-linux-gnu:/opt/ros/humble/lib:/usr/local/cuda/compat:/usr/local/cuda/lib64 /usr/local/bin/cmake --install /workspace/towen/build/usb_cam
[0.986s] -- Install configuration: ""
[0.995s] -- Up-to-date: /workspace/towen/install/usb_cam/share/usb_cam/environment/library_path.sh
[0.995s] -- Up-to-date: /workspace/towen/install/usb_cam/share/usb_cam/environment/library_path.dsv
[0.996s] -- Up-to-date: /workspace/towen/install/usb_cam/lib/usb_cam/usb_cam_node_exe
[0.996s] -- Up-to-date: /workspace/towen/install/usb_cam/lib/usb_cam/show_image.py
[0.996s] -- Up-to-date: /workspace/towen/install/usb_cam/lib/libusb_cam.so
[0.996s] -- Up-to-date: /workspace/towen/install/usb_cam/lib/libusb_cam_node.so
[0.996s] -- Up-to-date: /workspace/towen/install/usb_cam/include
[0.996s] -- Up-to-date: /workspace/towen/install/usb_cam/include/usb_cam
[0.996s] -- Up-to-date: /workspace/towen/install/usb_cam/include/usb_cam/constants.hpp
[0.997s] -- Up-to-date: /workspace/towen/install/usb_cam/include/usb_cam/utils.hpp
[0.997s] -- Up-to-date: /workspace/towen/install/usb_cam/include/usb_cam/usb_cam.hpp
[0.997s] -- Up-to-date: /workspace/towen/install/usb_cam/include/usb_cam/usb_cam_node.hpp
[0.997s] -- Up-to-date: /workspace/towen/install/usb_cam/include/usb_cam/conversions.hpp
[0.997s] -- Up-to-date: /workspace/towen/install/usb_cam/include/usb_cam/formats
[1.003s] -- Up-to-date: /workspace/towen/install/usb_cam/include/usb_cam/formats/yuyv.hpp
[1.004s] -- Up-to-date: /workspace/towen/install/usb_cam/include/usb_cam/formats/av_pixel_format_helper.hpp
[1.005s] -- Up-to-date: /workspace/towen/install/usb_cam/include/usb_cam/formats/mjpeg.hpp
[1.006s] -- Up-to-date: /workspace/towen/install/usb_cam/include/usb_cam/formats/pixel_format_base.hpp
[1.007s] -- Up-to-date: /workspace/towen/install/usb_cam/include/usb_cam/formats/utils.hpp
[1.008s] -- Up-to-date: /workspace/towen/install/usb_cam/include/usb_cam/formats/mono.hpp
[1.009s] -- Up-to-date: /workspace/towen/install/usb_cam/include/usb_cam/formats/rgb.hpp
[1.010s] -- Up-to-date: /workspace/towen/install/usb_cam/include/usb_cam/formats/m420.hpp
[1.011s] -- Up-to-date: /workspace/towen/install/usb_cam/include/usb_cam/formats/uyvy.hpp
[1.011s] -- Up-to-date: /workspace/towen/install/usb_cam/lib/libusb_cam_node.so
[1.012s] -- Up-to-date: /workspace/towen/install/usb_cam/share/usb_cam/launch
[1.013s] -- Up-to-date: /workspace/towen/install/usb_cam/share/usb_cam/launch/camera_config.py
[1.014s] -- Up-to-date: /workspace/towen/install/usb_cam/share/usb_cam/launch/__init__.py
[1.015s] -- Up-to-date: /workspace/towen/install/usb_cam/share/usb_cam/launch/camera.launch.py
[1.016s] -- Up-to-date: /workspace/towen/install/usb_cam/share/usb_cam/config
[1.017s] -- Up-to-date: /workspace/towen/install/usb_cam/share/usb_cam/config/params_1.yaml
[1.017s] -- Up-to-date: /workspace/towen/install/usb_cam/share/usb_cam/config/params_2.yaml
[1.018s] -- Up-to-date: /workspace/towen/install/usb_cam/share/usb_cam/config/camera_info.yaml
[1.019s] -- Up-to-date: /workspace/towen/install/usb_cam/share/ament_index/resource_index/package_run_dependencies/usb_cam
[1.020s] -- Up-to-date: /workspace/towen/install/usb_cam/share/ament_index/resource_index/parent_prefix_path/usb_cam
[1.021s] -- Up-to-date: /workspace/towen/install/usb_cam/share/usb_cam/environment/ament_prefix_path.sh
[1.022s] -- Up-to-date: /workspace/towen/install/usb_cam/share/usb_cam/environment/ament_prefix_path.dsv
[1.023s] -- Up-to-date: /workspace/towen/install/usb_cam/share/usb_cam/environment/path.sh
[1.023s] -- Up-to-date: /workspace/towen/install/usb_cam/share/usb_cam/environment/path.dsv
[1.024s] -- Up-to-date: /workspace/towen/install/usb_cam/share/usb_cam/local_setup.bash
[1.025s] -- Up-to-date: /workspace/towen/install/usb_cam/share/usb_cam/local_setup.sh
[1.028s] -- Up-to-date: /workspace/towen/install/usb_cam/share/usb_cam/local_setup.zsh
[1.029s] -- Up-to-date: /workspace/towen/install/usb_cam/share/usb_cam/local_setup.dsv
[1.030s] -- Installing: /workspace/towen/install/usb_cam/share/usb_cam/package.dsv
[1.032s] -- Up-to-date: /workspace/towen/install/usb_cam/share/ament_index/resource_index/packages/usb_cam
[1.034s] -- Up-to-date: /workspace/towen/install/usb_cam/share/ament_index/resource_index/rclcpp_components/usb_cam
[1.035s] -- Up-to-date: /workspace/towen/install/usb_cam/share/usb_cam/cmake/ament_cmake_export_libraries-extras.cmake
[1.037s] -- Up-to-date: /workspace/towen/install/usb_cam/share/usb_cam/cmake/ament_cmake_export_dependencies-extras.cmake
[1.039s] -- Up-to-date: /workspace/towen/install/usb_cam/share/usb_cam/cmake/ament_cmake_export_include_directories-extras.cmake
[1.041s] -- Up-to-date: /workspace/towen/install/usb_cam/share/usb_cam/cmake/usb_camConfig.cmake
[1.043s] -- Up-to-date: /workspace/towen/install/usb_cam/share/usb_cam/cmake/usb_camConfig-version.cmake
[1.046s] -- Up-to-date: /workspace/towen/install/usb_cam/share/usb_cam/package.xml
[1.047s] Invoked command in '/workspace/towen/build/usb_cam' returned '0': BYOBU_DATE=%Y-%m-%d CMAKE_PREFIX_PATH=/workspace/towen/install/tku_msgs:/workspace/towen/install/cv_bridge:/workspace/towen/install/zed_ros2:/workspace/towen/install/zed_wrapper:/workspace/towen/install/zed_components:/workspace/towen/install/webrtc_ros_msgs:/workspace/towen/install/web_video_server:/workspace/towen/install/vision_opencv:/workspace/towen/install/usb_cam:/workspace/towen/install/rosidl_typesupport_introspection_tests:/workspace/towen/install/rosidl_typesupport_introspection_cpp:/workspace/towen/install/rosidl_typesupport_introspection_c:/workspace/towen/install/rosidl_generator_cpp:/workspace/towen/install/rosidl_runtime_cpp:/workspace/towen/install/rosidl_runtime_c:/workspace/towen/install/rosidl_generator_c:/workspace/towen/install/rosidl_typesupport_interface:/workspace/towen/install/rosidl_cmake:/workspace/towen/install/rosidl_parser:/workspace/towen/install/rosidl_adapter:/workspace/towen/install/image_geometry:/workspace/towen/install/strategy:/workspace/towen/install/rosidl_cli:/workspace/towen/install/opencv_tests:/workspace/towen/install/motionpackage:/workspace/towen/install/imageprocess:/opt/ros/humble LD_LIBRARY_PATH=/workspace/towen/install/tku_msgs/lib:/workspace/towen/install/cv_bridge/lib:/workspace/towen/install/zed_components/lib:/workspace/towen/install/webrtc_ros_msgs/lib:/workspace/towen/install/usb_cam/lib:/workspace/towen/install/rosidl_typesupport_introspection_cpp/lib:/workspace/towen/install/rosidl_typesupport_introspection_c/lib:/workspace/towen/install/rosidl_runtime_c/lib:/workspace/towen/install/image_geometry/lib:/opt/ros/humble/opt/rviz_ogre_vendor/lib:/opt/ros/humble/lib/aarch64-linux-gnu:/opt/ros/humble/lib:/usr/local/cuda/compat:/usr/local/cuda/lib64 /usr/local/bin/cmake --install /workspace/towen/build/usb_cam
