[0.065s] Invoking command in '/workspace/towen/build/zed_ros2': AMENT_PREFIX_PATH=/workspace/towen/install/zed_wrapper:/workspace/towen/install/zed_components:${AMENT_PREFIX_PATH} BYOBU_DATE=%Y-%m-%d CMAKE_PREFIX_PATH=/workspace/towen/install/zed_wrapper:/workspace/towen/install/zed_components:/workspace/towen/install/image_geometry:/workspace/towen/install/web_video_server:/workspace/towen/install/cv_bridge:/opt/ros/humble/install:/workspace/towen/install/strategy:/workspace/towen/install/motionpackage:/workspace/towen/install/imageprocess:/opt/ros/humble LD_LIBRARY_PATH=/workspace/towen/install/zed_components/lib:/workspace/towen/install/image_geometry/lib:/workspace/towen/install/cv_bridge/lib:/opt/ros/humble/opt/rviz_ogre_vendor/lib:/opt/ros/humble/lib/aarch64-linux-gnu:/opt/ros/humble/lib:/opt/ros/humble/install/opt/rviz_ogre_vendor/lib:/opt/ros/humble/install/lib:/usr/local/cuda/compat:/usr/local/cuda/lib64 /usr/local/bin/cmake --build /workspace/towen/build/zed_ros2 -- -j6 -l6
[0.457s] Invoked command in '/workspace/towen/build/zed_ros2' returned '0': AMENT_PREFIX_PATH=/workspace/towen/install/zed_wrapper:/workspace/towen/install/zed_components:${AMENT_PREFIX_PATH} BYOBU_DATE=%Y-%m-%d CMAKE_PREFIX_PATH=/workspace/towen/install/zed_wrapper:/workspace/towen/install/zed_components:/workspace/towen/install/image_geometry:/workspace/towen/install/web_video_server:/workspace/towen/install/cv_bridge:/opt/ros/humble/install:/workspace/towen/install/strategy:/workspace/towen/install/motionpackage:/workspace/towen/install/imageprocess:/opt/ros/humble LD_LIBRARY_PATH=/workspace/towen/install/zed_components/lib:/workspace/towen/install/image_geometry/lib:/workspace/towen/install/cv_bridge/lib:/opt/ros/humble/opt/rviz_ogre_vendor/lib:/opt/ros/humble/lib/aarch64-linux-gnu:/opt/ros/humble/lib:/opt/ros/humble/install/opt/rviz_ogre_vendor/lib:/opt/ros/humble/install/lib:/usr/local/cuda/compat:/usr/local/cuda/lib64 /usr/local/bin/cmake --build /workspace/towen/build/zed_ros2 -- -j6 -l6
[0.912s] Invoking command in '/workspace/towen/build/zed_ros2': AMENT_PREFIX_PATH=/workspace/towen/install/zed_wrapper:/workspace/towen/install/zed_components:${AMENT_PREFIX_PATH} BYOBU_DATE=%Y-%m-%d CMAKE_PREFIX_PATH=/workspace/towen/install/zed_wrapper:/workspace/towen/install/zed_components:/workspace/towen/install/image_geometry:/workspace/towen/install/web_video_server:/workspace/towen/install/cv_bridge:/opt/ros/humble/install:/workspace/towen/install/strategy:/workspace/towen/install/motionpackage:/workspace/towen/install/imageprocess:/opt/ros/humble LD_LIBRARY_PATH=/workspace/towen/install/zed_components/lib:/workspace/towen/install/image_geometry/lib:/workspace/towen/install/cv_bridge/lib:/opt/ros/humble/opt/rviz_ogre_vendor/lib:/opt/ros/humble/lib/aarch64-linux-gnu:/opt/ros/humble/lib:/opt/ros/humble/install/opt/rviz_ogre_vendor/lib:/opt/ros/humble/install/lib:/usr/local/cuda/compat:/usr/local/cuda/lib64 /usr/local/bin/cmake --install /workspace/towen/build/zed_ros2
[1.180s] -- Install configuration: ""
[1.182s] -- Up-to-date: /workspace/towen/install/zed_ros2/share/ament_index/resource_index/package_run_dependencies/zed_ros2
[1.184s] -- Up-to-date: /workspace/towen/install/zed_ros2/share/ament_index/resource_index/parent_prefix_path/zed_ros2
[1.187s] -- Up-to-date: /workspace/towen/install/zed_ros2/share/zed_ros2/environment/ament_prefix_path.sh
[1.189s] -- Up-to-date: /workspace/towen/install/zed_ros2/share/zed_ros2/environment/ament_prefix_path.dsv
[1.190s] -- Up-to-date: /workspace/towen/install/zed_ros2/share/zed_ros2/environment/path.sh
[1.192s] -- Up-to-date: /workspace/towen/install/zed_ros2/share/zed_ros2/environment/path.dsv
[1.193s] -- Up-to-date: /workspace/towen/install/zed_ros2/share/zed_ros2/local_setup.bash
[1.195s] -- Up-to-date: /workspace/towen/install/zed_ros2/share/zed_ros2/local_setup.sh
[1.196s] -- Up-to-date: /workspace/towen/install/zed_ros2/share/zed_ros2/local_setup.zsh
[1.198s] -- Up-to-date: /workspace/towen/install/zed_ros2/share/zed_ros2/local_setup.dsv
[1.201s] -- Installing: /workspace/towen/install/zed_ros2/share/zed_ros2/package.dsv
[1.205s] -- Up-to-date: /workspace/towen/install/zed_ros2/share/ament_index/resource_index/packages/zed_ros2
[1.207s] -- Up-to-date: /workspace/towen/install/zed_ros2/share/zed_ros2/cmake/zed_ros2Config.cmake
[1.212s] -- Up-to-date: /workspace/towen/install/zed_ros2/share/zed_ros2/cmake/zed_ros2Config-version.cmake
[1.215s] -- Up-to-date: /workspace/towen/install/zed_ros2/share/zed_ros2/package.xml
[1.268s] Invoked command in '/workspace/towen/build/zed_ros2' returned '0': AMENT_PREFIX_PATH=/workspace/towen/install/zed_wrapper:/workspace/towen/install/zed_components:${AMENT_PREFIX_PATH} BYOBU_DATE=%Y-%m-%d CMAKE_PREFIX_PATH=/workspace/towen/install/zed_wrapper:/workspace/towen/install/zed_components:/workspace/towen/install/image_geometry:/workspace/towen/install/web_video_server:/workspace/towen/install/cv_bridge:/opt/ros/humble/install:/workspace/towen/install/strategy:/workspace/towen/install/motionpackage:/workspace/towen/install/imageprocess:/opt/ros/humble LD_LIBRARY_PATH=/workspace/towen/install/zed_components/lib:/workspace/towen/install/image_geometry/lib:/workspace/towen/install/cv_bridge/lib:/opt/ros/humble/opt/rviz_ogre_vendor/lib:/opt/ros/humble/lib/aarch64-linux-gnu:/opt/ros/humble/lib:/opt/ros/humble/install/opt/rviz_ogre_vendor/lib:/opt/ros/humble/install/lib:/usr/local/cuda/compat:/usr/local/cuda/lib64 /usr/local/bin/cmake --install /workspace/towen/build/zed_ros2
