[3.493s] Invoking command in '/home/iclab/Desktop/humanoid/src/wula': BYOBU_DATE=%Y-%m-%d PYTHONPATH=/home/iclab/Desktop/humanoid/build/wula/prefix_override:/usr/lib/python3/dist-packages/colcon_core/task/python/colcon_distutils_commands:/home/iclab/Desktop/humanoid/install/wula/lib/python3.10/site-packages:${PYTHONPATH} /usr/bin/python3 -W ignore:setup.py install is deprecated -W ignore:easy_install command is deprecated setup.py egg_info --egg-base ../../build/wula build --build-base /home/iclab/Desktop/humanoid/build/wula/build install --record /home/iclab/Desktop/humanoid/build/wula/install.log --single-version-externally-managed install_data
[4.185s] running egg_info
[4.187s] writing ../../build/wula/wula.egg-info/PKG-INFO
[4.188s] writing dependency_links to ../../build/wula/wula.egg-info/dependency_links.txt
[4.190s] writing entry points to ../../build/wula/wula.egg-info/entry_points.txt
[4.190s] writing requirements to ../../build/wula/wula.egg-info/requires.txt
[4.190s] writing top-level names to ../../build/wula/wula.egg-info/top_level.txt
[4.196s] reading manifest file '../../build/wula/wula.egg-info/SOURCES.txt'
[4.199s] writing manifest file '../../build/wula/wula.egg-info/SOURCES.txt'
[4.199s] running build
[4.199s] running build_py
[4.200s] copying wula/mar/mar.py -> /home/iclab/Desktop/humanoid/build/wula/build/lib/wula/mar
[4.203s] running install
[4.204s] running install_lib
[4.207s] copying /home/iclab/Desktop/humanoid/build/wula/build/lib/wula/mar/mar.py -> /home/iclab/Desktop/humanoid/install/wula/lib/python3.10/site-packages/wula/mar
[4.209s] byte-compiling /home/iclab/Desktop/humanoid/install/wula/lib/python3.10/site-packages/wula/mar/mar.py to mar.cpython-310.pyc
[4.213s] running install_data
[4.213s] running install_egg_info
[4.218s] removing '/home/iclab/Desktop/humanoid/install/wula/lib/python3.10/site-packages/wula-0.1.0-py3.10.egg-info' (and everything under it)
[4.219s] Copying ../../build/wula/wula.egg-info to /home/iclab/Desktop/humanoid/install/wula/lib/python3.10/site-packages/wula-0.1.0-py3.10.egg-info
[4.222s] running install_scripts
[4.271s] Installing mar script to /home/iclab/Desktop/humanoid/install/wula/lib/wula
[4.271s] Installing sp_boson script to /home/iclab/Desktop/humanoid/install/wula/lib/wula
[4.273s] writing list of installed files to '/home/iclab/Desktop/humanoid/build/wula/install.log'
[4.357s] Invoked command in '/home/iclab/Desktop/humanoid/src/wula' returned '0': BYOBU_DATE=%Y-%m-%d PYTHONPATH=/home/iclab/Desktop/humanoid/build/wula/prefix_override:/usr/lib/python3/dist-packages/colcon_core/task/python/colcon_distutils_commands:/home/iclab/Desktop/humanoid/install/wula/lib/python3.10/site-packages:${PYTHONPATH} /usr/bin/python3 -W ignore:setup.py install is deprecated -W ignore:easy_install command is deprecated setup.py egg_info --egg-base ../../build/wula build --build-base /home/iclab/Desktop/humanoid/build/wula/build install --record /home/iclab/Desktop/humanoid/build/wula/install.log --single-version-externally-managed install_data
