-- Found ament_cmake_ros: 0.10.0 (/opt/ros/humble/share/ament_cmake_ros/cmake)
-- Found async_web_server_cpp: 2.0.0 (/opt/ros/humble/share/async_web_server_cpp/cmake)
-- Found Boost: /usr/lib/aarch64-linux-gnu/cmake/Boost-1.74.0/BoostConfig.cmake (found suitable version "1.74.0", minimum required is "1.74.0") found components: filesystem regex thread 
-- Found cv_bridge: 3.2.1 (/opt/ros/humble/share/cv_bridge/cmake)
-- Found rosidl_generator_c: 3.1.6 (/opt/ros/humble/share/rosidl_generator_c/cmake)
-- Found rosidl_adapter: 3.1.6 (/opt/ros/humble/share/rosidl_adapter/cmake)
-- Found rosidl_generator_cpp: 3.1.6 (/opt/ros/humble/share/rosidl_generator_cpp/cmake)
-- Using all available rosidl_typesupport_c: rosidl_typesupport_fastrtps_c;rosidl_typesupport_introspection_c
-- Using all available rosidl_typesupport_cpp: rosidl_typesupport_fastrtps_cpp;rosidl_typesupport_introspection_cpp
-- Found image_transport: 3.1.10 (/opt/ros/humble/share/image_transport/cmake)
-- Found rmw_implementation_cmake: 6.1.2 (/opt/ros/humble/share/rmw_implementation_cmake/cmake)
-- Found rmw_fastrtps_cpp: 6.2.7 (/opt/ros/humble/share/rmw_fastrtps_cpp/cmake)
-- Using RMW implementation 'rmw_fastrtps_cpp' as default
-- Found Boost: /usr/lib/aarch64-linux-gnu/cmake/Boost-1.74.0/BoostConfig.cmake (found version "1.74.0") found components: thread 
-- Configuring done
-- Generating done
-- Build files have been written to: /home/iclab/Desktop/humanoid/build/web_video_server
[35m[1mConsolidate compiler generated dependencies of target web_video_server[0m
[  9%] [32mBuilding CXX object CMakeFiles/web_video_server.dir/src/web_video_server.cpp.o[0m
[ 18%] [32mBuilding CXX object CMakeFiles/web_video_server.dir/src/vp8_streamer.cpp.o[0m
[ 27%] [32mBuilding CXX object CMakeFiles/web_video_server.dir/src/image_streamer.cpp.o[0m
[ 36%] [32mBuilding CXX object CMakeFiles/web_video_server.dir/src/libav_streamer.cpp.o[0m
[ 45%] [32mBuilding CXX object CMakeFiles/web_video_server.dir/src/h264_streamer.cpp.o[0m
[ 54%] [32mBuilding CXX object CMakeFiles/web_video_server.dir/src/vp9_streamer.cpp.o[0m
[ 63%] [32mBuilding CXX object CMakeFiles/web_video_server.dir/src/png_streamers.cpp.o[0m
[ 72%] [32mBuilding CXX object CMakeFiles/web_video_server.dir/src/jpeg_streamers.cpp.o[0m
[ 90%] [32mBuilding CXX object CMakeFiles/web_video_server.dir/src/multipart_stream.cpp.o[0m
[ 90%] [32mBuilding CXX object CMakeFiles/web_video_server.dir/src/ros_compressed_streamer.cpp.o[0m
[100%] [32m[1mLinking CXX executable web_video_server[0m
[100%] Built target web_video_server
-- Install configuration: ""
-- Installing: /home/iclab/Desktop/humanoid/install/web_video_server/lib/web_video_server/web_video_server
-- Set runtime path of "/home/iclab/Desktop/humanoid/install/web_video_server/lib/web_video_server/web_video_server" to ""
-- Up-to-date: /home/iclab/Desktop/humanoid/install/web_video_server/include/web_video_server
-- Up-to-date: /home/iclab/Desktop/humanoid/install/web_video_server/include/web_video_server/multipart_stream.h
-- Up-to-date: /home/iclab/Desktop/humanoid/install/web_video_server/include/web_video_server/h264_streamer.h
-- Up-to-date: /home/iclab/Desktop/humanoid/install/web_video_server/include/web_video_server/libav_streamer.h
-- Up-to-date: /home/iclab/Desktop/humanoid/install/web_video_server/include/web_video_server/web_video_server.h
-- Up-to-date: /home/iclab/Desktop/humanoid/install/web_video_server/include/web_video_server/ros_compressed_streamer.h
-- Up-to-date: /home/iclab/Desktop/humanoid/install/web_video_server/include/web_video_server/png_streamers.h
-- Up-to-date: /home/iclab/Desktop/humanoid/install/web_video_server/include/web_video_server/vp8_streamer.h
-- Up-to-date: /home/iclab/Desktop/humanoid/install/web_video_server/include/web_video_server/vp9_streamer.h
-- Up-to-date: /home/iclab/Desktop/humanoid/install/web_video_server/include/web_video_server/jpeg_streamers.h
-- Up-to-date: /home/iclab/Desktop/humanoid/install/web_video_server/include/web_video_server/image_streamer.h
-- Up-to-date: /home/iclab/Desktop/humanoid/install/web_video_server/share/ament_index/resource_index/package_run_dependencies/web_video_server
-- Up-to-date: /home/iclab/Desktop/humanoid/install/web_video_server/share/ament_index/resource_index/parent_prefix_path/web_video_server
-- Up-to-date: /home/iclab/Desktop/humanoid/install/web_video_server/share/web_video_server/environment/ament_prefix_path.sh
-- Installing: /home/iclab/Desktop/humanoid/install/web_video_server/share/web_video_server/environment/ament_prefix_path.dsv
-- Up-to-date: /home/iclab/Desktop/humanoid/install/web_video_server/share/web_video_server/environment/path.sh
-- Installing: /home/iclab/Desktop/humanoid/install/web_video_server/share/web_video_server/environment/path.dsv
-- Up-to-date: /home/iclab/Desktop/humanoid/install/web_video_server/share/web_video_server/local_setup.bash
-- Up-to-date: /home/iclab/Desktop/humanoid/install/web_video_server/share/web_video_server/local_setup.sh
-- Up-to-date: /home/iclab/Desktop/humanoid/install/web_video_server/share/web_video_server/local_setup.zsh
-- Installing: /home/iclab/Desktop/humanoid/install/web_video_server/share/web_video_server/local_setup.dsv
-- Installing: /home/iclab/Desktop/humanoid/install/web_video_server/share/web_video_server/package.dsv
-- Up-to-date: /home/iclab/Desktop/humanoid/install/web_video_server/share/ament_index/resource_index/packages/web_video_server
-- Up-to-date: /home/iclab/Desktop/humanoid/install/web_video_server/share/web_video_server/cmake/web_video_serverConfig.cmake
-- Up-to-date: /home/iclab/Desktop/humanoid/install/web_video_server/share/web_video_server/cmake/web_video_serverConfig-version.cmake
-- Up-to-date: /home/iclab/Desktop/humanoid/install/web_video_server/share/web_video_server/package.xml
