running egg_info
creating ../../build/wula/wula.egg-info
writing ../../build/wula/wula.egg-info/PKG-INFO
writing dependency_links to ../../build/wula/wula.egg-info/dependency_links.txt
writing entry points to ../../build/wula/wula.egg-info/entry_points.txt
writing requirements to ../../build/wula/wula.egg-info/requires.txt
writing top-level names to ../../build/wula/wula.egg-info/top_level.txt
writing manifest file '../../build/wula/wula.egg-info/SOURCES.txt'
reading manifest file '../../build/wula/wula.egg-info/SOURCES.txt'
writing manifest file '../../build/wula/wula.egg-info/SOURCES.txt'
running build
running build_py
creating /home/iclab/Desktop/humanoid/build/wula/build
creating /home/iclab/Desktop/humanoid/build/wula/build/lib
creating /home/iclab/Desktop/humanoid/build/wula/build/lib/wula
copying wula/__init__.py -> /home/iclab/Desktop/humanoid/build/wula/build/lib/wula
creating /home/iclab/Desktop/humanoid/build/wula/build/lib/wula/sp
copying wula/sp/__init__.py -> /home/iclab/Desktop/humanoid/build/wula/build/lib/wula/sp
copying wula/sp/SP_boson.py -> /home/iclab/Desktop/humanoid/build/wula/build/lib/wula/sp
copying wula/sp/API.py -> /home/iclab/Desktop/humanoid/build/wula/build/lib/wula/sp
running install
running install_lib
creating /home/iclab/Desktop/humanoid/install/wula/lib/python3.10/site-packages/wula
copying /home/iclab/Desktop/humanoid/build/wula/build/lib/wula/__init__.py -> /home/iclab/Desktop/humanoid/install/wula/lib/python3.10/site-packages/wula
creating /home/iclab/Desktop/humanoid/install/wula/lib/python3.10/site-packages/wula/sp
copying /home/iclab/Desktop/humanoid/build/wula/build/lib/wula/sp/__init__.py -> /home/iclab/Desktop/humanoid/install/wula/lib/python3.10/site-packages/wula/sp
copying /home/iclab/Desktop/humanoid/build/wula/build/lib/wula/sp/SP_boson.py -> /home/iclab/Desktop/humanoid/install/wula/lib/python3.10/site-packages/wula/sp
copying /home/iclab/Desktop/humanoid/build/wula/build/lib/wula/sp/API.py -> /home/iclab/Desktop/humanoid/install/wula/lib/python3.10/site-packages/wula/sp
byte-compiling /home/iclab/Desktop/humanoid/install/wula/lib/python3.10/site-packages/wula/__init__.py to __init__.cpython-310.pyc
byte-compiling /home/iclab/Desktop/humanoid/install/wula/lib/python3.10/site-packages/wula/sp/__init__.py to __init__.cpython-310.pyc
byte-compiling /home/iclab/Desktop/humanoid/install/wula/lib/python3.10/site-packages/wula/sp/SP_boson.py to SP_boson.cpython-310.pyc
byte-compiling /home/iclab/Desktop/humanoid/install/wula/lib/python3.10/site-packages/wula/sp/API.py to API.cpython-310.pyc
running install_data
creating /home/iclab/Desktop/humanoid/install/wula/share/ament_index
creating /home/iclab/Desktop/humanoid/install/wula/share/ament_index/resource_index
creating /home/iclab/Desktop/humanoid/install/wula/share/ament_index/resource_index/packages
copying resource/wula -> /home/iclab/Desktop/humanoid/install/wula/share/ament_index/resource_index/packages
copying package.xml -> /home/iclab/Desktop/humanoid/install/wula/share/wula
running install_egg_info
Copying ../../build/wula/wula.egg-info to /home/iclab/Desktop/humanoid/install/wula/lib/python3.10/site-packages/wula-0.1.0-py3.10.egg-info
running install_scripts
Installing sp_boson script to /home/iclab/Desktop/humanoid/install/wula/lib/wula
writing list of installed files to '/home/iclab/Desktop/humanoid/build/wula/install.log'
