[4.350s] Invoking command in '/workspace/towen/src/strategy': BYOBU_DATE=%Y-%m-%d PYTHONPATH=/workspace/towen/build/strategy/prefix_override:/usr/lib/python3/dist-packages/colcon_core/task/python/colcon_distutils_commands:/workspace/towen/install/strategy/lib/python3.10/site-packages:${PYTHONPATH} /usr/bin/python3 -W ignore:setup.py install is deprecated setup.py egg_info --egg-base ../../build/strategy build --build-base /workspace/towen/build/strategy/build install --record /workspace/towen/build/strategy/install.log --single-version-externally-managed install_data
[5.276s] running egg_info
[5.333s] writing ../../build/strategy/strategy.egg-info/PKG-INFO
[5.336s] writing dependency_links to ../../build/strategy/strategy.egg-info/dependency_links.txt
[5.342s] writing entry points to ../../build/strategy/strategy.egg-info/entry_points.txt
[5.342s] writing requirements to ../../build/strategy/strategy.egg-info/requires.txt
[5.342s] writing top-level names to ../../build/strategy/strategy.egg-info/top_level.txt
[5.466s] reading manifest file '../../build/strategy/strategy.egg-info/SOURCES.txt'
[5.467s] adding license file 'LICENSE'
[5.471s] writing manifest file '../../build/strategy/strategy.egg-info/SOURCES.txt'
[5.472s] running build
[5.472s] running build_py
[5.473s] copying strategy/__init__.py -> /workspace/towen/build/strategy/build/lib/strategy
[5.474s] copying strategy/API.py -> /workspace/towen/build/strategy/build/lib/strategy
[5.475s] copying strategy/mar/__init__.py -> /workspace/towen/build/strategy/build/lib/strategy/mar
[5.476s] copying strategy/mar/mar.py -> /workspace/towen/build/strategy/build/lib/strategy/mar
[5.477s] copying strategy/wl/wl.py -> /workspace/towen/build/strategy/build/lib/strategy/wl
[5.478s] copying strategy/wl/__init__.py -> /workspace/towen/build/strategy/build/lib/strategy/wl
[5.479s] copying strategy/sp/sp.py -> /workspace/towen/build/strategy/build/lib/strategy/sp
[5.479s] copying strategy/sp/__init__.py -> /workspace/towen/build/strategy/build/lib/strategy/sp
[5.480s] copying strategy/obs/__init__.py -> /workspace/towen/build/strategy/build/lib/strategy/obs
[5.481s] copying strategy/obs/obs.py -> /workspace/towen/build/strategy/build/lib/strategy/obs
[5.483s] copying strategy/sr/__init__.py -> /workspace/towen/build/strategy/build/lib/strategy/sr
[5.484s] copying strategy/sr/sr.py -> /workspace/towen/build/strategy/build/lib/strategy/sr
[5.485s] copying strategy/bb/__init__.py -> /workspace/towen/build/strategy/build/lib/strategy/bb
[5.485s] copying strategy/bb/bb.py -> /workspace/towen/build/strategy/build/lib/strategy/bb
[5.486s] copying strategy/ar/__init__.py -> /workspace/towen/build/strategy/build/lib/strategy/ar
[5.487s] copying strategy/ar/ar.py -> /workspace/towen/build/strategy/build/lib/strategy/ar
[5.490s] running install
[5.519s] running install_lib
[5.609s] running install_data
[5.611s] copying resource/strategy -> /workspace/towen/install/strategy/share/ament_index/resource_index/packages
[5.613s] copying package.xml -> /workspace/towen/install/strategy/share/strategy
[5.614s] running install_egg_info
[5.693s] removing '/workspace/towen/install/strategy/lib/python3.10/site-packages/strategy-0.0.0-py3.10.egg-info' (and everything under it)
[5.693s] Copying ../../build/strategy/strategy.egg-info to /workspace/towen/install/strategy/lib/python3.10/site-packages/strategy-0.0.0-py3.10.egg-info
[5.702s] running install_scripts
[5.815s] Installing ar script to /workspace/towen/install/strategy/lib/strategy
[5.817s] Installing bb script to /workspace/towen/install/strategy/lib/strategy
[5.818s] Installing mar script to /workspace/towen/install/strategy/lib/strategy
[5.818s] Installing obs script to /workspace/towen/install/strategy/lib/strategy
[5.818s] Installing sp script to /workspace/towen/install/strategy/lib/strategy
[5.818s] Installing sr script to /workspace/towen/install/strategy/lib/strategy
[5.818s] Installing wl script to /workspace/towen/install/strategy/lib/strategy
[5.822s] writing list of installed files to '/workspace/towen/build/strategy/install.log'
[5.930s] Invoked command in '/workspace/towen/src/strategy' returned '0': BYOBU_DATE=%Y-%m-%d PYTHONPATH=/workspace/towen/build/strategy/prefix_override:/usr/lib/python3/dist-packages/colcon_core/task/python/colcon_distutils_commands:/workspace/towen/install/strategy/lib/python3.10/site-packages:${PYTHONPATH} /usr/bin/python3 -W ignore:setup.py install is deprecated setup.py egg_info --egg-base ../../build/strategy build --build-base /workspace/towen/build/strategy/build install --record /workspace/towen/build/strategy/install.log --single-version-externally-managed install_data
