[3.462s] Invoking command in '/home/iclab/Desktop/humanoid/src/motionpackage': BYOBU_DATE=%Y-%m-%d PYTHONPATH=/home/iclab/Desktop/humanoid/build/motionpackage/prefix_override:/usr/lib/python3/dist-packages/colcon_core/task/python/colcon_distutils_commands:/home/iclab/Desktop/humanoid/install/motionpackage/lib/python3.10/site-packages:${PYTHONPATH} /usr/bin/python3 -W ignore:setup.py install is deprecated -W ignore:easy_install command is deprecated setup.py egg_info --egg-base ../../build/motionpackage build --build-base /home/iclab/Desktop/humanoid/build/motionpackage/build install --record /home/iclab/Desktop/humanoid/build/motionpackage/install.log --single-version-externally-managed install_data
[4.186s] running egg_info
[4.188s] writing ../../build/motionpackage/motionpackage.egg-info/PKG-INFO
[4.189s] writing dependency_links to ../../build/motionpackage/motionpackage.egg-info/dependency_links.txt
[4.189s] writing entry points to ../../build/motionpackage/motionpackage.egg-info/entry_points.txt
[4.190s] writing requirements to ../../build/motionpackage/motionpackage.egg-info/requires.txt
[4.190s] writing top-level names to ../../build/motionpackage/motionpackage.egg-info/top_level.txt
[4.195s] reading manifest file '../../build/motionpackage/motionpackage.egg-info/SOURCES.txt'
[4.197s] writing manifest file '../../build/motionpackage/motionpackage.egg-info/SOURCES.txt'
[4.197s] running build
[4.197s] running build_py
[4.198s] running install
[4.199s] running install_lib
[4.203s] running install_data
[4.204s] running install_egg_info
[4.209s] removing '/home/iclab/Desktop/humanoid/install/motionpackage/lib/python3.10/site-packages/motionpackage-0.0.0-py3.10.egg-info' (and everything under it)
[4.210s] Copying ../../build/motionpackage/motionpackage.egg-info to /home/iclab/Desktop/humanoid/install/motionpackage/lib/python3.10/site-packages/motionpackage-0.0.0-py3.10.egg-info
[4.212s] running install_scripts
[4.266s] Installing motionpackage script to /home/iclab/Desktop/humanoid/install/motionpackage/lib/motionpackage
[4.267s] writing list of installed files to '/home/iclab/Desktop/humanoid/build/motionpackage/install.log'
[4.352s] Invoked command in '/home/iclab/Desktop/humanoid/src/motionpackage' returned '0': BYOBU_DATE=%Y-%m-%d PYTHONPATH=/home/iclab/Desktop/humanoid/build/motionpackage/prefix_override:/usr/lib/python3/dist-packages/colcon_core/task/python/colcon_distutils_commands:/home/iclab/Desktop/humanoid/install/motionpackage/lib/python3.10/site-packages:${PYTHONPATH} /usr/bin/python3 -W ignore:setup.py install is deprecated -W ignore:easy_install command is deprecated setup.py egg_info --egg-base ../../build/motionpackage build --build-base /home/iclab/Desktop/humanoid/build/motionpackage/build install --record /home/iclab/Desktop/humanoid/build/motionpackage/install.log --single-version-externally-managed install_data
