[3.506s] Invoking command in '/home/iclab/Desktop/humanoid/src/imageprocess': BYOBU_DATE=%Y-%m-%d PYTHONPATH=/home/iclab/Desktop/humanoid/build/imageprocess/prefix_override:/usr/lib/python3/dist-packages/colcon_core/task/python/colcon_distutils_commands:/home/iclab/Desktop/humanoid/install/imageprocess/lib/python3.10/site-packages:${PYTHONPATH} /usr/bin/python3 -W ignore:setup.py install is deprecated -W ignore:easy_install command is deprecated setup.py egg_info --egg-base ../../build/imageprocess build --build-base /home/iclab/Desktop/humanoid/build/imageprocess/build install --record /home/iclab/Desktop/humanoid/build/imageprocess/install.log --single-version-externally-managed install_data
[4.365s] running egg_info
[4.369s] writing ../../build/imageprocess/imageprocess.egg-info/PKG-INFO
[4.369s] writing dependency_links to ../../build/imageprocess/imageprocess.egg-info/dependency_links.txt
[4.370s] writing entry points to ../../build/imageprocess/imageprocess.egg-info/entry_points.txt
[4.370s] writing requirements to ../../build/imageprocess/imageprocess.egg-info/requires.txt
[4.370s] writing top-level names to ../../build/imageprocess/imageprocess.egg-info/top_level.txt
[4.374s] reading manifest file '../../build/imageprocess/imageprocess.egg-info/SOURCES.txt'
[4.376s] adding license file 'LICENSE'
[4.381s] writing manifest file '../../build/imageprocess/imageprocess.egg-info/SOURCES.txt'
[4.382s] running build
[4.382s] running build_py
[4.385s] running install
[4.386s] running install_lib
[4.403s] running install_data
[4.403s] running install_egg_info
[4.408s] removing '/home/iclab/Desktop/humanoid/install/imageprocess/lib/python3.10/site-packages/imageprocess-0.0.0-py3.10.egg-info' (and everything under it)
[4.408s] Copying ../../build/imageprocess/imageprocess.egg-info to /home/iclab/Desktop/humanoid/install/imageprocess/lib/python3.10/site-packages/imageprocess-0.0.0-py3.10.egg-info
[4.411s] running install_scripts
[4.482s] Installing image script to /home/iclab/Desktop/humanoid/install/imageprocess/lib/imageprocess
[4.482s] Installing image_test script to /home/iclab/Desktop/humanoid/install/imageprocess/lib/imageprocess
[4.482s] Installing imageprocess script to /home/iclab/Desktop/humanoid/install/imageprocess/lib/imageprocess
[4.482s] writing list of installed files to '/home/iclab/Desktop/humanoid/build/imageprocess/install.log'
[4.589s] Invoked command in '/home/iclab/Desktop/humanoid/src/imageprocess' returned '0': BYOBU_DATE=%Y-%m-%d PYTHONPATH=/home/iclab/Desktop/humanoid/build/imageprocess/prefix_override:/usr/lib/python3/dist-packages/colcon_core/task/python/colcon_distutils_commands:/home/iclab/Desktop/humanoid/install/imageprocess/lib/python3.10/site-packages:${PYTHONPATH} /usr/bin/python3 -W ignore:setup.py install is deprecated -W ignore:easy_install command is deprecated setup.py egg_info --egg-base ../../build/imageprocess build --build-base /home/iclab/Desktop/humanoid/build/imageprocess/build install --record /home/iclab/Desktop/humanoid/build/imageprocess/install.log --single-version-externally-managed install_data
