[0.247s] DEBUG:colcon:Command line arguments: ['/usr/bin/colcon', 'build', '--packages-select', 'rosidl_parser']
[0.248s] DEBUG:colcon:Parsed command line arguments: Namespace(log_base=None, log_level=None, verb_name='build', build_base='build', install_base='install', merge_install=False, symlink_install=False, test_result_base=None, continue_on_error=False, executor='parallel', parallel_workers=6, event_handlers=None, ignore_user_meta=False, metas=['./colcon.meta'], base_paths=['.'], packages_ignore=None, packages_ignore_regex=None, paths=None, packages_up_to=None, packages_up_to_regex=None, packages_above=None, packages_above_and_dependencies=None, packages_above_depth=None, packages_select_by_dep=None, packages_skip_by_dep=None, packages_skip_up_to=None, packages_select_build_failed=False, packages_skip_build_finished=False, packages_select_test_failures=False, packages_skip_test_passed=False, packages_select=['rosidl_parser'], packages_skip=None, packages_select_regex=None, packages_skip_regex=None, packages_start=None, packages_end=None, cmake_args=None, cmake_target=None, cmake_target_skip_unavailable=False, cmake_clean_cache=False, cmake_clean_first=False, cmake_force_configure=False, ament_cmake_args=None, catkin_cmake_args=None, catkin_skip_building_tests=False, verb_parser=<colcon_defaults.argument_parser.defaults.DefaultArgumentsDecorator object at 0xffffa2d87c70>, verb_extension=<colcon_core.verb.build.BuildVerb object at 0xffffa2cc8ac0>, main=<bound method BuildVerb.main of <colcon_core.verb.build.BuildVerb object at 0xffffa2cc8ac0>>)
[0.341s] Level 1:colcon.colcon_core.package_discovery:discover_packages(colcon_meta) check parameters
[0.341s] Level 1:colcon.colcon_core.package_discovery:discover_packages(recursive) check parameters
[0.341s] Level 1:colcon.colcon_core.package_discovery:discover_packages(ignore) check parameters
[0.341s] Level 1:colcon.colcon_core.package_discovery:discover_packages(path) check parameters
[0.341s] Level 1:colcon.colcon_core.package_discovery:discover_packages(colcon_meta) discover
[0.342s] Level 1:colcon.colcon_core.package_discovery:discover_packages(recursive) discover
[0.342s] INFO:colcon.colcon_core.package_discovery:Crawling recursively for packages in '/workspace/towen'
[0.342s] Level 1:colcon.colcon_core.package_identification:_identify(.) by extensions ['ignore', 'ignore_ament_install']
[0.342s] Level 1:colcon.colcon_core.package_identification:_identify(.) by extension 'ignore'
[0.342s] Level 1:colcon.colcon_core.package_identification:_identify(.) by extension 'ignore_ament_install'
[0.343s] Level 1:colcon.colcon_core.package_identification:_identify(.) by extensions ['colcon_pkg']
[0.343s] Level 1:colcon.colcon_core.package_identification:_identify(.) by extension 'colcon_pkg'
[0.343s] Level 1:colcon.colcon_core.package_identification:_identify(.) by extensions ['colcon_meta']
[0.343s] Level 1:colcon.colcon_core.package_identification:_identify(.) by extension 'colcon_meta'
[0.343s] Level 1:colcon.colcon_core.package_identification:_identify(.) by extensions ['ros']
[0.343s] Level 1:colcon.colcon_core.package_identification:_identify(.) by extension 'ros'
[0.379s] Level 1:colcon.colcon_core.package_identification:_identify(.) by extensions ['cmake', 'python']
[0.379s] Level 1:colcon.colcon_core.package_identification:_identify(.) by extension 'cmake'
[0.379s] Level 1:colcon.colcon_core.package_identification:_identify(.) by extension 'python'
[0.379s] Level 1:colcon.colcon_core.package_identification:_identify(.) by extensions ['python_setup_py']
[0.379s] Level 1:colcon.colcon_core.package_identification:_identify(.) by extension 'python_setup_py'
[0.380s] Level 1:colcon.colcon_core.package_identification:_identify(build) by extensions ['ignore', 'ignore_ament_install']
[0.380s] Level 1:colcon.colcon_core.package_identification:_identify(build) by extension 'ignore'
[0.380s] Level 1:colcon.colcon_core.package_identification:_identify(build) ignored
[0.380s] Level 1:colcon.colcon_core.package_identification:_identify(hurocup_interface) by extensions ['ignore', 'ignore_ament_install']
[0.381s] Level 1:colcon.colcon_core.package_identification:_identify(hurocup_interface) by extension 'ignore'
[0.381s] Level 1:colcon.colcon_core.package_identification:_identify(hurocup_interface) by extension 'ignore_ament_install'
[0.381s] Level 1:colcon.colcon_core.package_identification:_identify(hurocup_interface) by extensions ['colcon_pkg']
[0.381s] Level 1:colcon.colcon_core.package_identification:_identify(hurocup_interface) by extension 'colcon_pkg'
[0.381s] Level 1:colcon.colcon_core.package_identification:_identify(hurocup_interface) by extensions ['colcon_meta']
[0.381s] Level 1:colcon.colcon_core.package_identification:_identify(hurocup_interface) by extension 'colcon_meta'
[0.381s] Level 1:colcon.colcon_core.package_identification:_identify(hurocup_interface) by extensions ['ros']
[0.381s] Level 1:colcon.colcon_core.package_identification:_identify(hurocup_interface) by extension 'ros'
[0.382s] Level 1:colcon.colcon_core.package_identification:_identify(hurocup_interface) by extensions ['cmake', 'python']
[0.382s] Level 1:colcon.colcon_core.package_identification:_identify(hurocup_interface) by extension 'cmake'
[0.382s] Level 1:colcon.colcon_core.package_identification:_identify(hurocup_interface) by extension 'python'
[0.382s] Level 1:colcon.colcon_core.package_identification:_identify(hurocup_interface) by extensions ['python_setup_py']
[0.382s] Level 1:colcon.colcon_core.package_identification:_identify(hurocup_interface) by extension 'python_setup_py'
[0.382s] Level 1:colcon.colcon_core.package_identification:_identify(hurocup_interface/css) by extensions ['ignore', 'ignore_ament_install']
[0.382s] Level 1:colcon.colcon_core.package_identification:_identify(hurocup_interface/css) by extension 'ignore'
[0.383s] Level 1:colcon.colcon_core.package_identification:_identify(hurocup_interface/css) by extension 'ignore_ament_install'
[0.383s] Level 1:colcon.colcon_core.package_identification:_identify(hurocup_interface/css) by extensions ['colcon_pkg']
[0.383s] Level 1:colcon.colcon_core.package_identification:_identify(hurocup_interface/css) by extension 'colcon_pkg'
[0.383s] Level 1:colcon.colcon_core.package_identification:_identify(hurocup_interface/css) by extensions ['colcon_meta']
[0.383s] Level 1:colcon.colcon_core.package_identification:_identify(hurocup_interface/css) by extension 'colcon_meta'
[0.383s] Level 1:colcon.colcon_core.package_identification:_identify(hurocup_interface/css) by extensions ['ros']
[0.383s] Level 1:colcon.colcon_core.package_identification:_identify(hurocup_interface/css) by extension 'ros'
[0.383s] Level 1:colcon.colcon_core.package_identification:_identify(hurocup_interface/css) by extensions ['cmake', 'python']
[0.383s] Level 1:colcon.colcon_core.package_identification:_identify(hurocup_interface/css) by extension 'cmake'
[0.383s] Level 1:colcon.colcon_core.package_identification:_identify(hurocup_interface/css) by extension 'python'
[0.384s] Level 1:colcon.colcon_core.package_identification:_identify(hurocup_interface/css) by extensions ['python_setup_py']
[0.384s] Level 1:colcon.colcon_core.package_identification:_identify(hurocup_interface/css) by extension 'python_setup_py'
[0.384s] Level 1:colcon.colcon_core.package_identification:_identify(hurocup_interface/jquery-ui-1.11.4) by extensions ['ignore', 'ignore_ament_install']
[0.384s] Level 1:colcon.colcon_core.package_identification:_identify(hurocup_interface/jquery-ui-1.11.4) by extension 'ignore'
[0.384s] Level 1:colcon.colcon_core.package_identification:_identify(hurocup_interface/jquery-ui-1.11.4) by extension 'ignore_ament_install'
[0.384s] Level 1:colcon.colcon_core.package_identification:_identify(hurocup_interface/jquery-ui-1.11.4) by extensions ['colcon_pkg']
[0.384s] Level 1:colcon.colcon_core.package_identification:_identify(hurocup_interface/jquery-ui-1.11.4) by extension 'colcon_pkg'
[0.385s] Level 1:colcon.colcon_core.package_identification:_identify(hurocup_interface/jquery-ui-1.11.4) by extensions ['colcon_meta']
[0.385s] Level 1:colcon.colcon_core.package_identification:_identify(hurocup_interface/jquery-ui-1.11.4) by extension 'colcon_meta'
[0.385s] Level 1:colcon.colcon_core.package_identification:_identify(hurocup_interface/jquery-ui-1.11.4) by extensions ['ros']
[0.385s] Level 1:colcon.colcon_core.package_identification:_identify(hurocup_interface/jquery-ui-1.11.4) by extension 'ros'
[0.385s] Level 1:colcon.colcon_core.package_identification:_identify(hurocup_interface/jquery-ui-1.11.4) by extensions ['cmake', 'python']
[0.385s] Level 1:colcon.colcon_core.package_identification:_identify(hurocup_interface/jquery-ui-1.11.4) by extension 'cmake'
[0.385s] Level 1:colcon.colcon_core.package_identification:_identify(hurocup_interface/jquery-ui-1.11.4) by extension 'python'
[0.385s] Level 1:colcon.colcon_core.package_identification:_identify(hurocup_interface/jquery-ui-1.11.4) by extensions ['python_setup_py']
[0.385s] Level 1:colcon.colcon_core.package_identification:_identify(hurocup_interface/jquery-ui-1.11.4) by extension 'python_setup_py'
[0.386s] Level 1:colcon.colcon_core.package_identification:_identify(hurocup_interface/jquery-ui-1.11.4/external) by extensions ['ignore', 'ignore_ament_install']
[0.386s] Level 1:colcon.colcon_core.package_identification:_identify(hurocup_interface/jquery-ui-1.11.4/external) by extension 'ignore'
[0.386s] Level 1:colcon.colcon_core.package_identification:_identify(hurocup_interface/jquery-ui-1.11.4/external) by extension 'ignore_ament_install'
[0.386s] Level 1:colcon.colcon_core.package_identification:_identify(hurocup_interface/jquery-ui-1.11.4/external) by extensions ['colcon_pkg']
[0.386s] Level 1:colcon.colcon_core.package_identification:_identify(hurocup_interface/jquery-ui-1.11.4/external) by extension 'colcon_pkg'
[0.386s] Level 1:colcon.colcon_core.package_identification:_identify(hurocup_interface/jquery-ui-1.11.4/external) by extensions ['colcon_meta']
[0.386s] Level 1:colcon.colcon_core.package_identification:_identify(hurocup_interface/jquery-ui-1.11.4/external) by extension 'colcon_meta'
[0.386s] Level 1:colcon.colcon_core.package_identification:_identify(hurocup_interface/jquery-ui-1.11.4/external) by extensions ['ros']
[0.387s] Level 1:colcon.colcon_core.package_identification:_identify(hurocup_interface/jquery-ui-1.11.4/external) by extension 'ros'
[0.387s] Level 1:colcon.colcon_core.package_identification:_identify(hurocup_interface/jquery-ui-1.11.4/external) by extensions ['cmake', 'python']
[0.387s] Level 1:colcon.colcon_core.package_identification:_identify(hurocup_interface/jquery-ui-1.11.4/external) by extension 'cmake'
[0.387s] Level 1:colcon.colcon_core.package_identification:_identify(hurocup_interface/jquery-ui-1.11.4/external) by extension 'python'
[0.387s] Level 1:colcon.colcon_core.package_identification:_identify(hurocup_interface/jquery-ui-1.11.4/external) by extensions ['python_setup_py']
[0.387s] Level 1:colcon.colcon_core.package_identification:_identify(hurocup_interface/jquery-ui-1.11.4/external) by extension 'python_setup_py'
[0.387s] Level 1:colcon.colcon_core.package_identification:_identify(hurocup_interface/jquery-ui-1.11.4/external/jquery) by extensions ['ignore', 'ignore_ament_install']
[0.388s] Level 1:colcon.colcon_core.package_identification:_identify(hurocup_interface/jquery-ui-1.11.4/external/jquery) by extension 'ignore'
[0.388s] Level 1:colcon.colcon_core.package_identification:_identify(hurocup_interface/jquery-ui-1.11.4/external/jquery) by extension 'ignore_ament_install'
[0.388s] Level 1:colcon.colcon_core.package_identification:_identify(hurocup_interface/jquery-ui-1.11.4/external/jquery) by extensions ['colcon_pkg']
[0.388s] Level 1:colcon.colcon_core.package_identification:_identify(hurocup_interface/jquery-ui-1.11.4/external/jquery) by extension 'colcon_pkg'
[0.388s] Level 1:colcon.colcon_core.package_identification:_identify(hurocup_interface/jquery-ui-1.11.4/external/jquery) by extensions ['colcon_meta']
[0.388s] Level 1:colcon.colcon_core.package_identification:_identify(hurocup_interface/jquery-ui-1.11.4/external/jquery) by extension 'colcon_meta'
[0.388s] Level 1:colcon.colcon_core.package_identification:_identify(hurocup_interface/jquery-ui-1.11.4/external/jquery) by extensions ['ros']
[0.388s] Level 1:colcon.colcon_core.package_identification:_identify(hurocup_interface/jquery-ui-1.11.4/external/jquery) by extension 'ros'
[0.388s] Level 1:colcon.colcon_core.package_identification:_identify(hurocup_interface/jquery-ui-1.11.4/external/jquery) by extensions ['cmake', 'python']
[0.389s] Level 1:colcon.colcon_core.package_identification:_identify(hurocup_interface/jquery-ui-1.11.4/external/jquery) by extension 'cmake'
[0.389s] Level 1:colcon.colcon_core.package_identification:_identify(hurocup_interface/jquery-ui-1.11.4/external/jquery) by extension 'python'
[0.389s] Level 1:colcon.colcon_core.package_identification:_identify(hurocup_interface/jquery-ui-1.11.4/external/jquery) by extensions ['python_setup_py']
[0.389s] Level 1:colcon.colcon_core.package_identification:_identify(hurocup_interface/jquery-ui-1.11.4/external/jquery) by extension 'python_setup_py'
[0.389s] Level 1:colcon.colcon_core.package_identification:_identify(hurocup_interface/jquery-ui-1.11.4/images) by extensions ['ignore', 'ignore_ament_install']
[0.389s] Level 1:colcon.colcon_core.package_identification:_identify(hurocup_interface/jquery-ui-1.11.4/images) by extension 'ignore'
[0.389s] Level 1:colcon.colcon_core.package_identification:_identify(hurocup_interface/jquery-ui-1.11.4/images) by extension 'ignore_ament_install'
[0.390s] Level 1:colcon.colcon_core.package_identification:_identify(hurocup_interface/jquery-ui-1.11.4/images) by extensions ['colcon_pkg']
[0.390s] Level 1:colcon.colcon_core.package_identification:_identify(hurocup_interface/jquery-ui-1.11.4/images) by extension 'colcon_pkg'
[0.390s] Level 1:colcon.colcon_core.package_identification:_identify(hurocup_interface/jquery-ui-1.11.4/images) by extensions ['colcon_meta']
[0.390s] Level 1:colcon.colcon_core.package_identification:_identify(hurocup_interface/jquery-ui-1.11.4/images) by extension 'colcon_meta'
[0.390s] Level 1:colcon.colcon_core.package_identification:_identify(hurocup_interface/jquery-ui-1.11.4/images) by extensions ['ros']
[0.390s] Level 1:colcon.colcon_core.package_identification:_identify(hurocup_interface/jquery-ui-1.11.4/images) by extension 'ros'
[0.390s] Level 1:colcon.colcon_core.package_identification:_identify(hurocup_interface/jquery-ui-1.11.4/images) by extensions ['cmake', 'python']
[0.390s] Level 1:colcon.colcon_core.package_identification:_identify(hurocup_interface/jquery-ui-1.11.4/images) by extension 'cmake'
[0.390s] Level 1:colcon.colcon_core.package_identification:_identify(hurocup_interface/jquery-ui-1.11.4/images) by extension 'python'
[0.390s] Level 1:colcon.colcon_core.package_identification:_identify(hurocup_interface/jquery-ui-1.11.4/images) by extensions ['python_setup_py']
[0.390s] Level 1:colcon.colcon_core.package_identification:_identify(hurocup_interface/jquery-ui-1.11.4/images) by extension 'python_setup_py'
[0.391s] Level 1:colcon.colcon_core.package_identification:_identify(hurocup_interface/js) by extensions ['ignore', 'ignore_ament_install']
[0.391s] Level 1:colcon.colcon_core.package_identification:_identify(hurocup_interface/js) by extension 'ignore'
[0.391s] Level 1:colcon.colcon_core.package_identification:_identify(hurocup_interface/js) by extension 'ignore_ament_install'
[0.391s] Level 1:colcon.colcon_core.package_identification:_identify(hurocup_interface/js) by extensions ['colcon_pkg']
[0.391s] Level 1:colcon.colcon_core.package_identification:_identify(hurocup_interface/js) by extension 'colcon_pkg'
[0.391s] Level 1:colcon.colcon_core.package_identification:_identify(hurocup_interface/js) by extensions ['colcon_meta']
[0.391s] Level 1:colcon.colcon_core.package_identification:_identify(hurocup_interface/js) by extension 'colcon_meta'
[0.392s] Level 1:colcon.colcon_core.package_identification:_identify(hurocup_interface/js) by extensions ['ros']
[0.392s] Level 1:colcon.colcon_core.package_identification:_identify(hurocup_interface/js) by extension 'ros'
[0.392s] Level 1:colcon.colcon_core.package_identification:_identify(hurocup_interface/js) by extensions ['cmake', 'python']
[0.392s] Level 1:colcon.colcon_core.package_identification:_identify(hurocup_interface/js) by extension 'cmake'
[0.392s] Level 1:colcon.colcon_core.package_identification:_identify(hurocup_interface/js) by extension 'python'
[0.392s] Level 1:colcon.colcon_core.package_identification:_identify(hurocup_interface/js) by extensions ['python_setup_py']
[0.392s] Level 1:colcon.colcon_core.package_identification:_identify(hurocup_interface/js) by extension 'python_setup_py'
[0.392s] Level 1:colcon.colcon_core.package_identification:_identify(hurocup_interface/js/roslib) by extensions ['ignore', 'ignore_ament_install']
[0.393s] Level 1:colcon.colcon_core.package_identification:_identify(hurocup_interface/js/roslib) by extension 'ignore'
[0.393s] Level 1:colcon.colcon_core.package_identification:_identify(hurocup_interface/js/roslib) by extension 'ignore_ament_install'
[0.393s] Level 1:colcon.colcon_core.package_identification:_identify(hurocup_interface/js/roslib) by extensions ['colcon_pkg']
[0.393s] Level 1:colcon.colcon_core.package_identification:_identify(hurocup_interface/js/roslib) by extension 'colcon_pkg'
[0.393s] Level 1:colcon.colcon_core.package_identification:_identify(hurocup_interface/js/roslib) by extensions ['colcon_meta']
[0.393s] Level 1:colcon.colcon_core.package_identification:_identify(hurocup_interface/js/roslib) by extension 'colcon_meta'
[0.393s] Level 1:colcon.colcon_core.package_identification:_identify(hurocup_interface/js/roslib) by extensions ['ros']
[0.393s] Level 1:colcon.colcon_core.package_identification:_identify(hurocup_interface/js/roslib) by extension 'ros'
[0.393s] Level 1:colcon.colcon_core.package_identification:_identify(hurocup_interface/js/roslib) by extensions ['cmake', 'python']
[0.394s] Level 1:colcon.colcon_core.package_identification:_identify(hurocup_interface/js/roslib) by extension 'cmake'
[0.394s] Level 1:colcon.colcon_core.package_identification:_identify(hurocup_interface/js/roslib) by extension 'python'
[0.394s] Level 1:colcon.colcon_core.package_identification:_identify(hurocup_interface/js/roslib) by extensions ['python_setup_py']
[0.394s] Level 1:colcon.colcon_core.package_identification:_identify(hurocup_interface/js/roslib) by extension 'python_setup_py'
[0.394s] Level 1:colcon.colcon_core.package_identification:_identify(hurocup_interface/picture) by extensions ['ignore', 'ignore_ament_install']
[0.394s] Level 1:colcon.colcon_core.package_identification:_identify(hurocup_interface/picture) by extension 'ignore'
[0.394s] Level 1:colcon.colcon_core.package_identification:_identify(hurocup_interface/picture) by extension 'ignore_ament_install'
[0.394s] Level 1:colcon.colcon_core.package_identification:_identify(hurocup_interface/picture) by extensions ['colcon_pkg']
[0.395s] Level 1:colcon.colcon_core.package_identification:_identify(hurocup_interface/picture) by extension 'colcon_pkg'
[0.395s] Level 1:colcon.colcon_core.package_identification:_identify(hurocup_interface/picture) by extensions ['colcon_meta']
[0.395s] Level 1:colcon.colcon_core.package_identification:_identify(hurocup_interface/picture) by extension 'colcon_meta'
[0.395s] Level 1:colcon.colcon_core.package_identification:_identify(hurocup_interface/picture) by extensions ['ros']
[0.395s] Level 1:colcon.colcon_core.package_identification:_identify(hurocup_interface/picture) by extension 'ros'
[0.395s] Level 1:colcon.colcon_core.package_identification:_identify(hurocup_interface/picture) by extensions ['cmake', 'python']
[0.395s] Level 1:colcon.colcon_core.package_identification:_identify(hurocup_interface/picture) by extension 'cmake'
[0.395s] Level 1:colcon.colcon_core.package_identification:_identify(hurocup_interface/picture) by extension 'python'
[0.395s] Level 1:colcon.colcon_core.package_identification:_identify(hurocup_interface/picture) by extensions ['python_setup_py']
[0.395s] Level 1:colcon.colcon_core.package_identification:_identify(hurocup_interface/picture) by extension 'python_setup_py'
[0.396s] Level 1:colcon.colcon_core.package_identification:_identify(hurocup_interface/resources) by extensions ['ignore', 'ignore_ament_install']
[0.396s] Level 1:colcon.colcon_core.package_identification:_identify(hurocup_interface/resources) by extension 'ignore'
[0.396s] Level 1:colcon.colcon_core.package_identification:_identify(hurocup_interface/resources) by extension 'ignore_ament_install'
[0.396s] Level 1:colcon.colcon_core.package_identification:_identify(hurocup_interface/resources) by extensions ['colcon_pkg']
[0.396s] Level 1:colcon.colcon_core.package_identification:_identify(hurocup_interface/resources) by extension 'colcon_pkg'
[0.396s] Level 1:colcon.colcon_core.package_identification:_identify(hurocup_interface/resources) by extensions ['colcon_meta']
[0.396s] Level 1:colcon.colcon_core.package_identification:_identify(hurocup_interface/resources) by extension 'colcon_meta'
[0.396s] Level 1:colcon.colcon_core.package_identification:_identify(hurocup_interface/resources) by extensions ['ros']
[0.396s] Level 1:colcon.colcon_core.package_identification:_identify(hurocup_interface/resources) by extension 'ros'
[0.397s] Level 1:colcon.colcon_core.package_identification:_identify(hurocup_interface/resources) by extensions ['cmake', 'python']
[0.397s] Level 1:colcon.colcon_core.package_identification:_identify(hurocup_interface/resources) by extension 'cmake'
[0.397s] Level 1:colcon.colcon_core.package_identification:_identify(hurocup_interface/resources) by extension 'python'
[0.397s] Level 1:colcon.colcon_core.package_identification:_identify(hurocup_interface/resources) by extensions ['python_setup_py']
[0.397s] Level 1:colcon.colcon_core.package_identification:_identify(hurocup_interface/resources) by extension 'python_setup_py'
[0.397s] Level 1:colcon.colcon_core.package_identification:_identify(hurocup_interface/resources/TKU_ICLab) by extensions ['ignore', 'ignore_ament_install']
[0.397s] Level 1:colcon.colcon_core.package_identification:_identify(hurocup_interface/resources/TKU_ICLab) by extension 'ignore'
[0.398s] Level 1:colcon.colcon_core.package_identification:_identify(hurocup_interface/resources/TKU_ICLab) by extension 'ignore_ament_install'
[0.398s] Level 1:colcon.colcon_core.package_identification:_identify(hurocup_interface/resources/TKU_ICLab) by extensions ['colcon_pkg']
[0.398s] Level 1:colcon.colcon_core.package_identification:_identify(hurocup_interface/resources/TKU_ICLab) by extension 'colcon_pkg'
[0.398s] Level 1:colcon.colcon_core.package_identification:_identify(hurocup_interface/resources/TKU_ICLab) by extensions ['colcon_meta']
[0.398s] Level 1:colcon.colcon_core.package_identification:_identify(hurocup_interface/resources/TKU_ICLab) by extension 'colcon_meta'
[0.398s] Level 1:colcon.colcon_core.package_identification:_identify(hurocup_interface/resources/TKU_ICLab) by extensions ['ros']
[0.398s] Level 1:colcon.colcon_core.package_identification:_identify(hurocup_interface/resources/TKU_ICLab) by extension 'ros'
[0.398s] Level 1:colcon.colcon_core.package_identification:_identify(hurocup_interface/resources/TKU_ICLab) by extensions ['cmake', 'python']
[0.398s] Level 1:colcon.colcon_core.package_identification:_identify(hurocup_interface/resources/TKU_ICLab) by extension 'cmake'
[0.398s] Level 1:colcon.colcon_core.package_identification:_identify(hurocup_interface/resources/TKU_ICLab) by extension 'python'
[0.399s] Level 1:colcon.colcon_core.package_identification:_identify(hurocup_interface/resources/TKU_ICLab) by extensions ['python_setup_py']
[0.399s] Level 1:colcon.colcon_core.package_identification:_identify(hurocup_interface/resources/TKU_ICLab) by extension 'python_setup_py'
[0.399s] Level 1:colcon.colcon_core.package_identification:_identify(hurocup_interface/roslibjs) by extensions ['ignore', 'ignore_ament_install']
[0.399s] Level 1:colcon.colcon_core.package_identification:_identify(hurocup_interface/roslibjs) by extension 'ignore'
[0.399s] Level 1:colcon.colcon_core.package_identification:_identify(hurocup_interface/roslibjs) by extension 'ignore_ament_install'
[0.399s] Level 1:colcon.colcon_core.package_identification:_identify(hurocup_interface/roslibjs) by extensions ['colcon_pkg']
[0.399s] Level 1:colcon.colcon_core.package_identification:_identify(hurocup_interface/roslibjs) by extension 'colcon_pkg'
[0.399s] Level 1:colcon.colcon_core.package_identification:_identify(hurocup_interface/roslibjs) by extensions ['colcon_meta']
[0.399s] Level 1:colcon.colcon_core.package_identification:_identify(hurocup_interface/roslibjs) by extension 'colcon_meta'
[0.400s] Level 1:colcon.colcon_core.package_identification:_identify(hurocup_interface/roslibjs) by extensions ['ros']
[0.400s] Level 1:colcon.colcon_core.package_identification:_identify(hurocup_interface/roslibjs) by extension 'ros'
[0.400s] Level 1:colcon.colcon_core.package_identification:_identify(hurocup_interface/roslibjs) by extensions ['cmake', 'python']
[0.400s] Level 1:colcon.colcon_core.package_identification:_identify(hurocup_interface/roslibjs) by extension 'cmake'
[0.400s] Level 1:colcon.colcon_core.package_identification:_identify(hurocup_interface/roslibjs) by extension 'python'
[0.400s] Level 1:colcon.colcon_core.package_identification:_identify(hurocup_interface/roslibjs) by extensions ['python_setup_py']
[0.400s] Level 1:colcon.colcon_core.package_identification:_identify(hurocup_interface/roslibjs) by extension 'python_setup_py'
[0.400s] Level 1:colcon.colcon_core.package_identification:_identify(install) by extensions ['ignore', 'ignore_ament_install']
[0.401s] Level 1:colcon.colcon_core.package_identification:_identify(install) by extension 'ignore'
[0.401s] Level 1:colcon.colcon_core.package_identification:_identify(install) ignored
[0.401s] Level 1:colcon.colcon_core.package_identification:_identify(log) by extensions ['ignore', 'ignore_ament_install']
[0.401s] Level 1:colcon.colcon_core.package_identification:_identify(log) by extension 'ignore'
[0.401s] Level 1:colcon.colcon_core.package_identification:_identify(log) ignored
[0.402s] Level 1:colcon.colcon_core.package_identification:_identify(src) by extensions ['ignore', 'ignore_ament_install']
[0.402s] Level 1:colcon.colcon_core.package_identification:_identify(src) by extension 'ignore'
[0.402s] Level 1:colcon.colcon_core.package_identification:_identify(src) by extension 'ignore_ament_install'
[0.402s] Level 1:colcon.colcon_core.package_identification:_identify(src) by extensions ['colcon_pkg']
[0.402s] Level 1:colcon.colcon_core.package_identification:_identify(src) by extension 'colcon_pkg'
[0.402s] Level 1:colcon.colcon_core.package_identification:_identify(src) by extensions ['colcon_meta']
[0.402s] Level 1:colcon.colcon_core.package_identification:_identify(src) by extension 'colcon_meta'
[0.402s] Level 1:colcon.colcon_core.package_identification:_identify(src) by extensions ['ros']
[0.402s] Level 1:colcon.colcon_core.package_identification:_identify(src) by extension 'ros'
[0.403s] Level 1:colcon.colcon_core.package_identification:_identify(src) by extensions ['cmake', 'python']
[0.403s] Level 1:colcon.colcon_core.package_identification:_identify(src) by extension 'cmake'
[0.403s] Level 1:colcon.colcon_core.package_identification:_identify(src) by extension 'python'
[0.403s] Level 1:colcon.colcon_core.package_identification:_identify(src) by extensions ['python_setup_py']
[0.403s] Level 1:colcon.colcon_core.package_identification:_identify(src) by extension 'python_setup_py'
[0.403s] Level 1:colcon.colcon_core.package_identification:_identify(src/imageprocess) by extensions ['ignore', 'ignore_ament_install']
[0.403s] Level 1:colcon.colcon_core.package_identification:_identify(src/imageprocess) by extension 'ignore'
[0.403s] Level 1:colcon.colcon_core.package_identification:_identify(src/imageprocess) by extension 'ignore_ament_install'
[0.404s] Level 1:colcon.colcon_core.package_identification:_identify(src/imageprocess) by extensions ['colcon_pkg']
[0.404s] Level 1:colcon.colcon_core.package_identification:_identify(src/imageprocess) by extension 'colcon_pkg'
[0.404s] Level 1:colcon.colcon_core.package_identification:_identify(src/imageprocess) by extensions ['colcon_meta']
[0.404s] Level 1:colcon.colcon_core.package_identification:_identify(src/imageprocess) by extension 'colcon_meta'
[0.404s] Level 1:colcon.colcon_core.package_identification:_identify(src/imageprocess) by extensions ['ros']
[0.404s] Level 1:colcon.colcon_core.package_identification:_identify(src/imageprocess) by extension 'ros'
[0.410s] DEBUG:colcon.colcon_core.package_identification:Package 'src/imageprocess' with type 'ros.ament_python' and name 'imageprocess'
[0.411s] Level 1:colcon.colcon_core.package_identification:_identify(src/motionpackage) by extensions ['ignore', 'ignore_ament_install']
[0.411s] Level 1:colcon.colcon_core.package_identification:_identify(src/motionpackage) by extension 'ignore'
[0.411s] Level 1:colcon.colcon_core.package_identification:_identify(src/motionpackage) by extension 'ignore_ament_install'
[0.411s] Level 1:colcon.colcon_core.package_identification:_identify(src/motionpackage) by extensions ['colcon_pkg']
[0.411s] Level 1:colcon.colcon_core.package_identification:_identify(src/motionpackage) by extension 'colcon_pkg'
[0.412s] Level 1:colcon.colcon_core.package_identification:_identify(src/motionpackage) by extensions ['colcon_meta']
[0.412s] Level 1:colcon.colcon_core.package_identification:_identify(src/motionpackage) by extension 'colcon_meta'
[0.412s] Level 1:colcon.colcon_core.package_identification:_identify(src/motionpackage) by extensions ['ros']
[0.412s] Level 1:colcon.colcon_core.package_identification:_identify(src/motionpackage) by extension 'ros'
[0.414s] DEBUG:colcon.colcon_core.package_identification:Package 'src/motionpackage' with type 'ros.ament_python' and name 'motionpackage'
[0.414s] Level 1:colcon.colcon_core.package_identification:_identify(src/rosidl) by extensions ['ignore', 'ignore_ament_install']
[0.414s] Level 1:colcon.colcon_core.package_identification:_identify(src/rosidl) by extension 'ignore'
[0.414s] Level 1:colcon.colcon_core.package_identification:_identify(src/rosidl) by extension 'ignore_ament_install'
[0.414s] Level 1:colcon.colcon_core.package_identification:_identify(src/rosidl) by extensions ['colcon_pkg']
[0.415s] Level 1:colcon.colcon_core.package_identification:_identify(src/rosidl) by extension 'colcon_pkg'
[0.415s] Level 1:colcon.colcon_core.package_identification:_identify(src/rosidl) by extensions ['colcon_meta']
[0.415s] Level 1:colcon.colcon_core.package_identification:_identify(src/rosidl) by extension 'colcon_meta'
[0.415s] Level 1:colcon.colcon_core.package_identification:_identify(src/rosidl) by extensions ['ros']
[0.415s] Level 1:colcon.colcon_core.package_identification:_identify(src/rosidl) by extension 'ros'
[0.415s] Level 1:colcon.colcon_core.package_identification:_identify(src/rosidl) by extensions ['cmake', 'python']
[0.415s] Level 1:colcon.colcon_core.package_identification:_identify(src/rosidl) by extension 'cmake'
[0.415s] Level 1:colcon.colcon_core.package_identification:_identify(src/rosidl) by extension 'python'
[0.415s] Level 1:colcon.colcon_core.package_identification:_identify(src/rosidl) by extensions ['python_setup_py']
[0.415s] Level 1:colcon.colcon_core.package_identification:_identify(src/rosidl) by extension 'python_setup_py'
[0.416s] Level 1:colcon.colcon_core.package_identification:_identify(src/rosidl/rosidl_adapter) by extensions ['ignore', 'ignore_ament_install']
[0.416s] Level 1:colcon.colcon_core.package_identification:_identify(src/rosidl/rosidl_adapter) by extension 'ignore'
[0.416s] Level 1:colcon.colcon_core.package_identification:_identify(src/rosidl/rosidl_adapter) by extension 'ignore_ament_install'
[0.416s] Level 1:colcon.colcon_core.package_identification:_identify(src/rosidl/rosidl_adapter) by extensions ['colcon_pkg']
[0.416s] Level 1:colcon.colcon_core.package_identification:_identify(src/rosidl/rosidl_adapter) by extension 'colcon_pkg'
[0.416s] Level 1:colcon.colcon_core.package_identification:_identify(src/rosidl/rosidl_adapter) by extensions ['colcon_meta']
[0.416s] Level 1:colcon.colcon_core.package_identification:_identify(src/rosidl/rosidl_adapter) by extension 'colcon_meta'
[0.417s] Level 1:colcon.colcon_core.package_identification:_identify(src/rosidl/rosidl_adapter) by extensions ['ros']
[0.417s] Level 1:colcon.colcon_core.package_identification:_identify(src/rosidl/rosidl_adapter) by extension 'ros'
[0.418s] DEBUG:colcon.colcon_core.package_identification:Package 'src/rosidl/rosidl_adapter' with type 'ros.ament_cmake' and name 'rosidl_adapter'
[0.419s] Level 1:colcon.colcon_core.package_identification:_identify(src/rosidl/rosidl_cli) by extensions ['ignore', 'ignore_ament_install']
[0.419s] Level 1:colcon.colcon_core.package_identification:_identify(src/rosidl/rosidl_cli) by extension 'ignore'
[0.419s] Level 1:colcon.colcon_core.package_identification:_identify(src/rosidl/rosidl_cli) by extension 'ignore_ament_install'
[0.419s] Level 1:colcon.colcon_core.package_identification:_identify(src/rosidl/rosidl_cli) by extensions ['colcon_pkg']
[0.419s] Level 1:colcon.colcon_core.package_identification:_identify(src/rosidl/rosidl_cli) by extension 'colcon_pkg'
[0.419s] Level 1:colcon.colcon_core.package_identification:_identify(src/rosidl/rosidl_cli) by extensions ['colcon_meta']
[0.420s] Level 1:colcon.colcon_core.package_identification:_identify(src/rosidl/rosidl_cli) by extension 'colcon_meta'
[0.420s] Level 1:colcon.colcon_core.package_identification:_identify(src/rosidl/rosidl_cli) by extensions ['ros']
[0.420s] Level 1:colcon.colcon_core.package_identification:_identify(src/rosidl/rosidl_cli) by extension 'ros'
[0.421s] DEBUG:colcon.colcon_core.package_identification:Package 'src/rosidl/rosidl_cli' with type 'ros.ament_python' and name 'rosidl_cli'
[0.422s] Level 1:colcon.colcon_core.package_identification:_identify(src/rosidl/rosidl_cmake) by extensions ['ignore', 'ignore_ament_install']
[0.422s] Level 1:colcon.colcon_core.package_identification:_identify(src/rosidl/rosidl_cmake) by extension 'ignore'
[0.422s] Level 1:colcon.colcon_core.package_identification:_identify(src/rosidl/rosidl_cmake) by extension 'ignore_ament_install'
[0.422s] Level 1:colcon.colcon_core.package_identification:_identify(src/rosidl/rosidl_cmake) by extensions ['colcon_pkg']
[0.422s] Level 1:colcon.colcon_core.package_identification:_identify(src/rosidl/rosidl_cmake) by extension 'colcon_pkg'
[0.422s] Level 1:colcon.colcon_core.package_identification:_identify(src/rosidl/rosidl_cmake) by extensions ['colcon_meta']
[0.422s] Level 1:colcon.colcon_core.package_identification:_identify(src/rosidl/rosidl_cmake) by extension 'colcon_meta'
[0.423s] Level 1:colcon.colcon_core.package_identification:_identify(src/rosidl/rosidl_cmake) by extensions ['ros']
[0.423s] Level 1:colcon.colcon_core.package_identification:_identify(src/rosidl/rosidl_cmake) by extension 'ros'
[0.424s] DEBUG:colcon.colcon_core.package_identification:Package 'src/rosidl/rosidl_cmake' with type 'ros.ament_cmake' and name 'rosidl_cmake'
[0.425s] Level 1:colcon.colcon_core.package_identification:_identify(src/rosidl/rosidl_generator_c) by extensions ['ignore', 'ignore_ament_install']
[0.425s] Level 1:colcon.colcon_core.package_identification:_identify(src/rosidl/rosidl_generator_c) by extension 'ignore'
[0.425s] Level 1:colcon.colcon_core.package_identification:_identify(src/rosidl/rosidl_generator_c) by extension 'ignore_ament_install'
[0.425s] Level 1:colcon.colcon_core.package_identification:_identify(src/rosidl/rosidl_generator_c) by extensions ['colcon_pkg']
[0.425s] Level 1:colcon.colcon_core.package_identification:_identify(src/rosidl/rosidl_generator_c) by extension 'colcon_pkg'
[0.425s] Level 1:colcon.colcon_core.package_identification:_identify(src/rosidl/rosidl_generator_c) by extensions ['colcon_meta']
[0.426s] Level 1:colcon.colcon_core.package_identification:_identify(src/rosidl/rosidl_generator_c) by extension 'colcon_meta'
[0.426s] Level 1:colcon.colcon_core.package_identification:_identify(src/rosidl/rosidl_generator_c) by extensions ['ros']
[0.426s] Level 1:colcon.colcon_core.package_identification:_identify(src/rosidl/rosidl_generator_c) by extension 'ros'
[0.427s] DEBUG:colcon.colcon_core.package_identification:Package 'src/rosidl/rosidl_generator_c' with type 'ros.ament_cmake' and name 'rosidl_generator_c'
[0.428s] Level 1:colcon.colcon_core.package_identification:_identify(src/rosidl/rosidl_generator_cpp) by extensions ['ignore', 'ignore_ament_install']
[0.428s] Level 1:colcon.colcon_core.package_identification:_identify(src/rosidl/rosidl_generator_cpp) by extension 'ignore'
[0.428s] Level 1:colcon.colcon_core.package_identification:_identify(src/rosidl/rosidl_generator_cpp) by extension 'ignore_ament_install'
[0.428s] Level 1:colcon.colcon_core.package_identification:_identify(src/rosidl/rosidl_generator_cpp) by extensions ['colcon_pkg']
[0.429s] Level 1:colcon.colcon_core.package_identification:_identify(src/rosidl/rosidl_generator_cpp) by extension 'colcon_pkg'
[0.429s] Level 1:colcon.colcon_core.package_identification:_identify(src/rosidl/rosidl_generator_cpp) by extensions ['colcon_meta']
[0.429s] Level 1:colcon.colcon_core.package_identification:_identify(src/rosidl/rosidl_generator_cpp) by extension 'colcon_meta'
[0.429s] Level 1:colcon.colcon_core.package_identification:_identify(src/rosidl/rosidl_generator_cpp) by extensions ['ros']
[0.429s] Level 1:colcon.colcon_core.package_identification:_identify(src/rosidl/rosidl_generator_cpp) by extension 'ros'
[0.431s] DEBUG:colcon.colcon_core.package_identification:Package 'src/rosidl/rosidl_generator_cpp' with type 'ros.ament_cmake' and name 'rosidl_generator_cpp'
[0.431s] Level 1:colcon.colcon_core.package_identification:_identify(src/rosidl/rosidl_parser) by extensions ['ignore', 'ignore_ament_install']
[0.431s] Level 1:colcon.colcon_core.package_identification:_identify(src/rosidl/rosidl_parser) by extension 'ignore'
[0.431s] Level 1:colcon.colcon_core.package_identification:_identify(src/rosidl/rosidl_parser) by extension 'ignore_ament_install'
[0.432s] Level 1:colcon.colcon_core.package_identification:_identify(src/rosidl/rosidl_parser) by extensions ['colcon_pkg']
[0.432s] Level 1:colcon.colcon_core.package_identification:_identify(src/rosidl/rosidl_parser) by extension 'colcon_pkg'
[0.432s] Level 1:colcon.colcon_core.package_identification:_identify(src/rosidl/rosidl_parser) by extensions ['colcon_meta']
[0.432s] Level 1:colcon.colcon_core.package_identification:_identify(src/rosidl/rosidl_parser) by extension 'colcon_meta'
[0.432s] Level 1:colcon.colcon_core.package_identification:_identify(src/rosidl/rosidl_parser) by extensions ['ros']
[0.432s] Level 1:colcon.colcon_core.package_identification:_identify(src/rosidl/rosidl_parser) by extension 'ros'
[0.434s] DEBUG:colcon.colcon_core.package_identification:Package 'src/rosidl/rosidl_parser' with type 'ros.ament_cmake' and name 'rosidl_parser'
[0.434s] Level 1:colcon.colcon_core.package_identification:_identify(src/rosidl/rosidl_runtime_c) by extensions ['ignore', 'ignore_ament_install']
[0.434s] Level 1:colcon.colcon_core.package_identification:_identify(src/rosidl/rosidl_runtime_c) by extension 'ignore'
[0.434s] Level 1:colcon.colcon_core.package_identification:_identify(src/rosidl/rosidl_runtime_c) by extension 'ignore_ament_install'
[0.435s] Level 1:colcon.colcon_core.package_identification:_identify(src/rosidl/rosidl_runtime_c) by extensions ['colcon_pkg']
[0.435s] Level 1:colcon.colcon_core.package_identification:_identify(src/rosidl/rosidl_runtime_c) by extension 'colcon_pkg'
[0.435s] Level 1:colcon.colcon_core.package_identification:_identify(src/rosidl/rosidl_runtime_c) by extensions ['colcon_meta']
[0.435s] Level 1:colcon.colcon_core.package_identification:_identify(src/rosidl/rosidl_runtime_c) by extension 'colcon_meta'
[0.435s] Level 1:colcon.colcon_core.package_identification:_identify(src/rosidl/rosidl_runtime_c) by extensions ['ros']
[0.435s] Level 1:colcon.colcon_core.package_identification:_identify(src/rosidl/rosidl_runtime_c) by extension 'ros'
[0.437s] DEBUG:colcon.colcon_core.package_identification:Package 'src/rosidl/rosidl_runtime_c' with type 'ros.ament_cmake' and name 'rosidl_runtime_c'
[0.437s] Level 1:colcon.colcon_core.package_identification:_identify(src/rosidl/rosidl_runtime_cpp) by extensions ['ignore', 'ignore_ament_install']
[0.438s] Level 1:colcon.colcon_core.package_identification:_identify(src/rosidl/rosidl_runtime_cpp) by extension 'ignore'
[0.438s] Level 1:colcon.colcon_core.package_identification:_identify(src/rosidl/rosidl_runtime_cpp) by extension 'ignore_ament_install'
[0.438s] Level 1:colcon.colcon_core.package_identification:_identify(src/rosidl/rosidl_runtime_cpp) by extensions ['colcon_pkg']
[0.438s] Level 1:colcon.colcon_core.package_identification:_identify(src/rosidl/rosidl_runtime_cpp) by extension 'colcon_pkg'
[0.438s] Level 1:colcon.colcon_core.package_identification:_identify(src/rosidl/rosidl_runtime_cpp) by extensions ['colcon_meta']
[0.438s] Level 1:colcon.colcon_core.package_identification:_identify(src/rosidl/rosidl_runtime_cpp) by extension 'colcon_meta'
[0.438s] Level 1:colcon.colcon_core.package_identification:_identify(src/rosidl/rosidl_runtime_cpp) by extensions ['ros']
[0.438s] Level 1:colcon.colcon_core.package_identification:_identify(src/rosidl/rosidl_runtime_cpp) by extension 'ros'
[0.440s] DEBUG:colcon.colcon_core.package_identification:Package 'src/rosidl/rosidl_runtime_cpp' with type 'ros.ament_cmake' and name 'rosidl_runtime_cpp'
[0.440s] Level 1:colcon.colcon_core.package_identification:_identify(src/rosidl/rosidl_typesupport_interface) by extensions ['ignore', 'ignore_ament_install']
[0.440s] Level 1:colcon.colcon_core.package_identification:_identify(src/rosidl/rosidl_typesupport_interface) by extension 'ignore'
[0.441s] Level 1:colcon.colcon_core.package_identification:_identify(src/rosidl/rosidl_typesupport_interface) by extension 'ignore_ament_install'
[0.441s] Level 1:colcon.colcon_core.package_identification:_identify(src/rosidl/rosidl_typesupport_interface) by extensions ['colcon_pkg']
[0.441s] Level 1:colcon.colcon_core.package_identification:_identify(src/rosidl/rosidl_typesupport_interface) by extension 'colcon_pkg'
[0.441s] Level 1:colcon.colcon_core.package_identification:_identify(src/rosidl/rosidl_typesupport_interface) by extensions ['colcon_meta']
[0.441s] Level 1:colcon.colcon_core.package_identification:_identify(src/rosidl/rosidl_typesupport_interface) by extension 'colcon_meta'
[0.441s] Level 1:colcon.colcon_core.package_identification:_identify(src/rosidl/rosidl_typesupport_interface) by extensions ['ros']
[0.441s] Level 1:colcon.colcon_core.package_identification:_identify(src/rosidl/rosidl_typesupport_interface) by extension 'ros'
[0.443s] DEBUG:colcon.colcon_core.package_identification:Package 'src/rosidl/rosidl_typesupport_interface' with type 'ros.ament_cmake' and name 'rosidl_typesupport_interface'
[0.443s] Level 1:colcon.colcon_core.package_identification:_identify(src/rosidl/rosidl_typesupport_introspection_c) by extensions ['ignore', 'ignore_ament_install']
[0.443s] Level 1:colcon.colcon_core.package_identification:_identify(src/rosidl/rosidl_typesupport_introspection_c) by extension 'ignore'
[0.443s] Level 1:colcon.colcon_core.package_identification:_identify(src/rosidl/rosidl_typesupport_introspection_c) by extension 'ignore_ament_install'
[0.444s] Level 1:colcon.colcon_core.package_identification:_identify(src/rosidl/rosidl_typesupport_introspection_c) by extensions ['colcon_pkg']
[0.444s] Level 1:colcon.colcon_core.package_identification:_identify(src/rosidl/rosidl_typesupport_introspection_c) by extension 'colcon_pkg'
[0.444s] Level 1:colcon.colcon_core.package_identification:_identify(src/rosidl/rosidl_typesupport_introspection_c) by extensions ['colcon_meta']
[0.444s] Level 1:colcon.colcon_core.package_identification:_identify(src/rosidl/rosidl_typesupport_introspection_c) by extension 'colcon_meta'
[0.444s] Level 1:colcon.colcon_core.package_identification:_identify(src/rosidl/rosidl_typesupport_introspection_c) by extensions ['ros']
[0.444s] Level 1:colcon.colcon_core.package_identification:_identify(src/rosidl/rosidl_typesupport_introspection_c) by extension 'ros'
[0.446s] DEBUG:colcon.colcon_core.package_identification:Package 'src/rosidl/rosidl_typesupport_introspection_c' with type 'ros.ament_cmake' and name 'rosidl_typesupport_introspection_c'
[0.446s] Level 1:colcon.colcon_core.package_identification:_identify(src/rosidl/rosidl_typesupport_introspection_cpp) by extensions ['ignore', 'ignore_ament_install']
[0.446s] Level 1:colcon.colcon_core.package_identification:_identify(src/rosidl/rosidl_typesupport_introspection_cpp) by extension 'ignore'
[0.446s] Level 1:colcon.colcon_core.package_identification:_identify(src/rosidl/rosidl_typesupport_introspection_cpp) by extension 'ignore_ament_install'
[0.447s] Level 1:colcon.colcon_core.package_identification:_identify(src/rosidl/rosidl_typesupport_introspection_cpp) by extensions ['colcon_pkg']
[0.447s] Level 1:colcon.colcon_core.package_identification:_identify(src/rosidl/rosidl_typesupport_introspection_cpp) by extension 'colcon_pkg'
[0.447s] Level 1:colcon.colcon_core.package_identification:_identify(src/rosidl/rosidl_typesupport_introspection_cpp) by extensions ['colcon_meta']
[0.447s] Level 1:colcon.colcon_core.package_identification:_identify(src/rosidl/rosidl_typesupport_introspection_cpp) by extension 'colcon_meta'
[0.447s] Level 1:colcon.colcon_core.package_identification:_identify(src/rosidl/rosidl_typesupport_introspection_cpp) by extensions ['ros']
[0.447s] Level 1:colcon.colcon_core.package_identification:_identify(src/rosidl/rosidl_typesupport_introspection_cpp) by extension 'ros'
[0.449s] DEBUG:colcon.colcon_core.package_identification:Package 'src/rosidl/rosidl_typesupport_introspection_cpp' with type 'ros.ament_cmake' and name 'rosidl_typesupport_introspection_cpp'
[0.449s] Level 1:colcon.colcon_core.package_identification:_identify(src/rosidl/rosidl_typesupport_introspection_tests) by extensions ['ignore', 'ignore_ament_install']
[0.449s] Level 1:colcon.colcon_core.package_identification:_identify(src/rosidl/rosidl_typesupport_introspection_tests) by extension 'ignore'
[0.450s] Level 1:colcon.colcon_core.package_identification:_identify(src/rosidl/rosidl_typesupport_introspection_tests) by extension 'ignore_ament_install'
[0.450s] Level 1:colcon.colcon_core.package_identification:_identify(src/rosidl/rosidl_typesupport_introspection_tests) by extensions ['colcon_pkg']
[0.450s] Level 1:colcon.colcon_core.package_identification:_identify(src/rosidl/rosidl_typesupport_introspection_tests) by extension 'colcon_pkg'
[0.450s] Level 1:colcon.colcon_core.package_identification:_identify(src/rosidl/rosidl_typesupport_introspection_tests) by extensions ['colcon_meta']
[0.450s] Level 1:colcon.colcon_core.package_identification:_identify(src/rosidl/rosidl_typesupport_introspection_tests) by extension 'colcon_meta'
[0.450s] Level 1:colcon.colcon_core.package_identification:_identify(src/rosidl/rosidl_typesupport_introspection_tests) by extensions ['ros']
[0.450s] Level 1:colcon.colcon_core.package_identification:_identify(src/rosidl/rosidl_typesupport_introspection_tests) by extension 'ros'
[0.452s] DEBUG:colcon.colcon_core.package_identification:Package 'src/rosidl/rosidl_typesupport_introspection_tests' with type 'ros.ament_cmake' and name 'rosidl_typesupport_introspection_tests'
[0.452s] Level 1:colcon.colcon_core.package_identification:_identify(src/strategy) by extensions ['ignore', 'ignore_ament_install']
[0.453s] Level 1:colcon.colcon_core.package_identification:_identify(src/strategy) by extension 'ignore'
[0.453s] Level 1:colcon.colcon_core.package_identification:_identify(src/strategy) by extension 'ignore_ament_install'
[0.453s] Level 1:colcon.colcon_core.package_identification:_identify(src/strategy) by extensions ['colcon_pkg']
[0.453s] Level 1:colcon.colcon_core.package_identification:_identify(src/strategy) by extension 'colcon_pkg'
[0.453s] Level 1:colcon.colcon_core.package_identification:_identify(src/strategy) by extensions ['colcon_meta']
[0.453s] Level 1:colcon.colcon_core.package_identification:_identify(src/strategy) by extension 'colcon_meta'
[0.453s] Level 1:colcon.colcon_core.package_identification:_identify(src/strategy) by extensions ['ros']
[0.453s] Level 1:colcon.colcon_core.package_identification:_identify(src/strategy) by extension 'ros'
[0.455s] DEBUG:colcon.colcon_core.package_identification:Package 'src/strategy' with type 'ros.ament_python' and name 'strategy'
[0.455s] Level 1:colcon.colcon_core.package_identification:_identify(src/tku_msgs) by extensions ['ignore', 'ignore_ament_install']
[0.455s] Level 1:colcon.colcon_core.package_identification:_identify(src/tku_msgs) by extension 'ignore'
[0.455s] Level 1:colcon.colcon_core.package_identification:_identify(src/tku_msgs) by extension 'ignore_ament_install'
[0.455s] Level 1:colcon.colcon_core.package_identification:_identify(src/tku_msgs) by extensions ['colcon_pkg']
[0.456s] Level 1:colcon.colcon_core.package_identification:_identify(src/tku_msgs) by extension 'colcon_pkg'
[0.456s] Level 1:colcon.colcon_core.package_identification:_identify(src/tku_msgs) by extensions ['colcon_meta']
[0.456s] Level 1:colcon.colcon_core.package_identification:_identify(src/tku_msgs) by extension 'colcon_meta'
[0.456s] Level 1:colcon.colcon_core.package_identification:_identify(src/tku_msgs) by extensions ['ros']
[0.456s] Level 1:colcon.colcon_core.package_identification:_identify(src/tku_msgs) by extension 'ros'
[0.457s] DEBUG:colcon.colcon_core.package_identification:Package 'src/tku_msgs' with type 'ros.ament_cmake' and name 'tku_msgs'
[0.458s] Level 1:colcon.colcon_core.package_identification:_identify(src/usb_cam) by extensions ['ignore', 'ignore_ament_install']
[0.458s] Level 1:colcon.colcon_core.package_identification:_identify(src/usb_cam) by extension 'ignore'
[0.458s] Level 1:colcon.colcon_core.package_identification:_identify(src/usb_cam) by extension 'ignore_ament_install'
[0.458s] Level 1:colcon.colcon_core.package_identification:_identify(src/usb_cam) by extensions ['colcon_pkg']
[0.458s] Level 1:colcon.colcon_core.package_identification:_identify(src/usb_cam) by extension 'colcon_pkg'
[0.459s] Level 1:colcon.colcon_core.package_identification:_identify(src/usb_cam) by extensions ['colcon_meta']
[0.459s] Level 1:colcon.colcon_core.package_identification:_identify(src/usb_cam) by extension 'colcon_meta'
[0.459s] Level 1:colcon.colcon_core.package_identification:_identify(src/usb_cam) by extensions ['ros']
[0.459s] Level 1:colcon.colcon_core.package_identification:_identify(src/usb_cam) by extension 'ros'
[0.462s] DEBUG:colcon.colcon_core.package_identification:Package 'src/usb_cam' with type 'ros.ament_cmake' and name 'usb_cam'
[0.463s] Level 1:colcon.colcon_core.package_identification:_identify(src/vision_opencv) by extensions ['ignore', 'ignore_ament_install']
[0.463s] Level 1:colcon.colcon_core.package_identification:_identify(src/vision_opencv) by extension 'ignore'
[0.463s] Level 1:colcon.colcon_core.package_identification:_identify(src/vision_opencv) by extension 'ignore_ament_install'
[0.463s] Level 1:colcon.colcon_core.package_identification:_identify(src/vision_opencv) by extensions ['colcon_pkg']
[0.463s] Level 1:colcon.colcon_core.package_identification:_identify(src/vision_opencv) by extension 'colcon_pkg'
[0.464s] Level 1:colcon.colcon_core.package_identification:_identify(src/vision_opencv) by extensions ['colcon_meta']
[0.464s] Level 1:colcon.colcon_core.package_identification:_identify(src/vision_opencv) by extension 'colcon_meta'
[0.464s] Level 1:colcon.colcon_core.package_identification:_identify(src/vision_opencv) by extensions ['ros']
[0.464s] Level 1:colcon.colcon_core.package_identification:_identify(src/vision_opencv) by extension 'ros'
[0.464s] Level 1:colcon.colcon_core.package_identification:_identify(src/vision_opencv) by extensions ['cmake', 'python']
[0.464s] Level 1:colcon.colcon_core.package_identification:_identify(src/vision_opencv) by extension 'cmake'
[0.464s] Level 1:colcon.colcon_core.package_identification:_identify(src/vision_opencv) by extension 'python'
[0.464s] Level 1:colcon.colcon_core.package_identification:_identify(src/vision_opencv) by extensions ['python_setup_py']
[0.464s] Level 1:colcon.colcon_core.package_identification:_identify(src/vision_opencv) by extension 'python_setup_py'
[0.465s] Level 1:colcon.colcon_core.package_identification:_identify(src/vision_opencv/cv_bridge) by extensions ['ignore', 'ignore_ament_install']
[0.465s] Level 1:colcon.colcon_core.package_identification:_identify(src/vision_opencv/cv_bridge) by extension 'ignore'
[0.465s] Level 1:colcon.colcon_core.package_identification:_identify(src/vision_opencv/cv_bridge) by extension 'ignore_ament_install'
[0.465s] Level 1:colcon.colcon_core.package_identification:_identify(src/vision_opencv/cv_bridge) by extensions ['colcon_pkg']
[0.465s] Level 1:colcon.colcon_core.package_identification:_identify(src/vision_opencv/cv_bridge) by extension 'colcon_pkg'
[0.465s] Level 1:colcon.colcon_core.package_identification:_identify(src/vision_opencv/cv_bridge) by extensions ['colcon_meta']
[0.466s] Level 1:colcon.colcon_core.package_identification:_identify(src/vision_opencv/cv_bridge) by extension 'colcon_meta'
[0.466s] Level 1:colcon.colcon_core.package_identification:_identify(src/vision_opencv/cv_bridge) by extensions ['ros']
[0.466s] Level 1:colcon.colcon_core.package_identification:_identify(src/vision_opencv/cv_bridge) by extension 'ros'
[0.468s] DEBUG:colcon.colcon_core.package_identification:Package 'src/vision_opencv/cv_bridge' with type 'ros.ament_cmake' and name 'cv_bridge'
[0.469s] Level 1:colcon.colcon_core.package_identification:_identify(src/vision_opencv/image_geometry) by extensions ['ignore', 'ignore_ament_install']
[0.469s] Level 1:colcon.colcon_core.package_identification:_identify(src/vision_opencv/image_geometry) by extension 'ignore'
[0.469s] Level 1:colcon.colcon_core.package_identification:_identify(src/vision_opencv/image_geometry) by extension 'ignore_ament_install'
[0.470s] Level 1:colcon.colcon_core.package_identification:_identify(src/vision_opencv/image_geometry) by extensions ['colcon_pkg']
[0.470s] Level 1:colcon.colcon_core.package_identification:_identify(src/vision_opencv/image_geometry) by extension 'colcon_pkg'
[0.470s] Level 1:colcon.colcon_core.package_identification:_identify(src/vision_opencv/image_geometry) by extensions ['colcon_meta']
[0.470s] Level 1:colcon.colcon_core.package_identification:_identify(src/vision_opencv/image_geometry) by extension 'colcon_meta'
[0.470s] Level 1:colcon.colcon_core.package_identification:_identify(src/vision_opencv/image_geometry) by extensions ['ros']
[0.470s] Level 1:colcon.colcon_core.package_identification:_identify(src/vision_opencv/image_geometry) by extension 'ros'
[0.472s] DEBUG:colcon.colcon_core.package_identification:Package 'src/vision_opencv/image_geometry' with type 'ros.ament_cmake' and name 'image_geometry'
[0.472s] Level 1:colcon.colcon_core.package_identification:_identify(src/vision_opencv/opencv_tests) by extensions ['ignore', 'ignore_ament_install']
[0.472s] Level 1:colcon.colcon_core.package_identification:_identify(src/vision_opencv/opencv_tests) by extension 'ignore'
[0.473s] Level 1:colcon.colcon_core.package_identification:_identify(src/vision_opencv/opencv_tests) by extension 'ignore_ament_install'
[0.473s] Level 1:colcon.colcon_core.package_identification:_identify(src/vision_opencv/opencv_tests) by extensions ['colcon_pkg']
[0.473s] Level 1:colcon.colcon_core.package_identification:_identify(src/vision_opencv/opencv_tests) by extension 'colcon_pkg'
[0.473s] Level 1:colcon.colcon_core.package_identification:_identify(src/vision_opencv/opencv_tests) by extensions ['colcon_meta']
[0.473s] Level 1:colcon.colcon_core.package_identification:_identify(src/vision_opencv/opencv_tests) by extension 'colcon_meta'
[0.473s] Level 1:colcon.colcon_core.package_identification:_identify(src/vision_opencv/opencv_tests) by extensions ['ros']
[0.473s] Level 1:colcon.colcon_core.package_identification:_identify(src/vision_opencv/opencv_tests) by extension 'ros'
[0.475s] DEBUG:colcon.colcon_core.package_identification:Package 'src/vision_opencv/opencv_tests' with type 'ros.ament_python' and name 'opencv_tests'
[0.475s] Level 1:colcon.colcon_core.package_identification:_identify(src/vision_opencv/vision_opencv) by extensions ['ignore', 'ignore_ament_install']
[0.475s] Level 1:colcon.colcon_core.package_identification:_identify(src/vision_opencv/vision_opencv) by extension 'ignore'
[0.476s] Level 1:colcon.colcon_core.package_identification:_identify(src/vision_opencv/vision_opencv) by extension 'ignore_ament_install'
[0.476s] Level 1:colcon.colcon_core.package_identification:_identify(src/vision_opencv/vision_opencv) by extensions ['colcon_pkg']
[0.476s] Level 1:colcon.colcon_core.package_identification:_identify(src/vision_opencv/vision_opencv) by extension 'colcon_pkg'
[0.476s] Level 1:colcon.colcon_core.package_identification:_identify(src/vision_opencv/vision_opencv) by extensions ['colcon_meta']
[0.476s] Level 1:colcon.colcon_core.package_identification:_identify(src/vision_opencv/vision_opencv) by extension 'colcon_meta'
[0.476s] Level 1:colcon.colcon_core.package_identification:_identify(src/vision_opencv/vision_opencv) by extensions ['ros']
[0.476s] Level 1:colcon.colcon_core.package_identification:_identify(src/vision_opencv/vision_opencv) by extension 'ros'
[0.478s] DEBUG:colcon.colcon_core.package_identification:Package 'src/vision_opencv/vision_opencv' with type 'ros.ament_cmake' and name 'vision_opencv'
[0.478s] Level 1:colcon.colcon_core.package_identification:_identify(src/web_video_sever) by extensions ['ignore', 'ignore_ament_install']
[0.478s] Level 1:colcon.colcon_core.package_identification:_identify(src/web_video_sever) by extension 'ignore'
[0.479s] Level 1:colcon.colcon_core.package_identification:_identify(src/web_video_sever) by extension 'ignore_ament_install'
[0.479s] Level 1:colcon.colcon_core.package_identification:_identify(src/web_video_sever) by extensions ['colcon_pkg']
[0.479s] Level 1:colcon.colcon_core.package_identification:_identify(src/web_video_sever) by extension 'colcon_pkg'
[0.479s] Level 1:colcon.colcon_core.package_identification:_identify(src/web_video_sever) by extensions ['colcon_meta']
[0.479s] Level 1:colcon.colcon_core.package_identification:_identify(src/web_video_sever) by extension 'colcon_meta'
[0.479s] Level 1:colcon.colcon_core.package_identification:_identify(src/web_video_sever) by extensions ['ros']
[0.479s] Level 1:colcon.colcon_core.package_identification:_identify(src/web_video_sever) by extension 'ros'
[0.481s] DEBUG:colcon.colcon_core.package_identification:Package 'src/web_video_sever' with type 'ros.ament_cmake' and name 'web_video_server'
[0.481s] Level 1:colcon.colcon_core.package_identification:_identify(src/zed-ros2-wrapper) by extensions ['ignore', 'ignore_ament_install']
[0.482s] Level 1:colcon.colcon_core.package_identification:_identify(src/zed-ros2-wrapper) by extension 'ignore'
[0.482s] Level 1:colcon.colcon_core.package_identification:_identify(src/zed-ros2-wrapper) by extension 'ignore_ament_install'
[0.482s] Level 1:colcon.colcon_core.package_identification:_identify(src/zed-ros2-wrapper) by extensions ['colcon_pkg']
[0.482s] Level 1:colcon.colcon_core.package_identification:_identify(src/zed-ros2-wrapper) by extension 'colcon_pkg'
[0.482s] Level 1:colcon.colcon_core.package_identification:_identify(src/zed-ros2-wrapper) by extensions ['colcon_meta']
[0.482s] Level 1:colcon.colcon_core.package_identification:_identify(src/zed-ros2-wrapper) by extension 'colcon_meta'
[0.482s] Level 1:colcon.colcon_core.package_identification:_identify(src/zed-ros2-wrapper) by extensions ['ros']
[0.482s] Level 1:colcon.colcon_core.package_identification:_identify(src/zed-ros2-wrapper) by extension 'ros'
[0.483s] Level 1:colcon.colcon_core.package_identification:_identify(src/zed-ros2-wrapper) by extensions ['cmake', 'python']
[0.483s] Level 1:colcon.colcon_core.package_identification:_identify(src/zed-ros2-wrapper) by extension 'cmake'
[0.483s] Level 1:colcon.colcon_core.package_identification:_identify(src/zed-ros2-wrapper) by extension 'python'
[0.483s] Level 1:colcon.colcon_core.package_identification:_identify(src/zed-ros2-wrapper) by extensions ['python_setup_py']
[0.483s] Level 1:colcon.colcon_core.package_identification:_identify(src/zed-ros2-wrapper) by extension 'python_setup_py'
[0.483s] Level 1:colcon.colcon_core.package_identification:_identify(src/zed-ros2-wrapper/docker) by extensions ['ignore', 'ignore_ament_install']
[0.484s] Level 1:colcon.colcon_core.package_identification:_identify(src/zed-ros2-wrapper/docker) by extension 'ignore'
[0.484s] Level 1:colcon.colcon_core.package_identification:_identify(src/zed-ros2-wrapper/docker) by extension 'ignore_ament_install'
[0.484s] Level 1:colcon.colcon_core.package_identification:_identify(src/zed-ros2-wrapper/docker) by extensions ['colcon_pkg']
[0.484s] Level 1:colcon.colcon_core.package_identification:_identify(src/zed-ros2-wrapper/docker) by extension 'colcon_pkg'
[0.484s] Level 1:colcon.colcon_core.package_identification:_identify(src/zed-ros2-wrapper/docker) by extensions ['colcon_meta']
[0.484s] Level 1:colcon.colcon_core.package_identification:_identify(src/zed-ros2-wrapper/docker) by extension 'colcon_meta'
[0.485s] Level 1:colcon.colcon_core.package_identification:_identify(src/zed-ros2-wrapper/docker) by extensions ['ros']
[0.485s] Level 1:colcon.colcon_core.package_identification:_identify(src/zed-ros2-wrapper/docker) by extension 'ros'
[0.485s] Level 1:colcon.colcon_core.package_identification:_identify(src/zed-ros2-wrapper/docker) by extensions ['cmake', 'python']
[0.485s] Level 1:colcon.colcon_core.package_identification:_identify(src/zed-ros2-wrapper/docker) by extension 'cmake'
[0.485s] Level 1:colcon.colcon_core.package_identification:_identify(src/zed-ros2-wrapper/docker) by extension 'python'
[0.485s] Level 1:colcon.colcon_core.package_identification:_identify(src/zed-ros2-wrapper/docker) by extensions ['python_setup_py']
[0.485s] Level 1:colcon.colcon_core.package_identification:_identify(src/zed-ros2-wrapper/docker) by extension 'python_setup_py'
[0.485s] Level 1:colcon.colcon_core.package_identification:_identify(src/zed-ros2-wrapper/images) by extensions ['ignore', 'ignore_ament_install']
[0.486s] Level 1:colcon.colcon_core.package_identification:_identify(src/zed-ros2-wrapper/images) by extension 'ignore'
[0.486s] Level 1:colcon.colcon_core.package_identification:_identify(src/zed-ros2-wrapper/images) by extension 'ignore_ament_install'
[0.486s] Level 1:colcon.colcon_core.package_identification:_identify(src/zed-ros2-wrapper/images) by extensions ['colcon_pkg']
[0.486s] Level 1:colcon.colcon_core.package_identification:_identify(src/zed-ros2-wrapper/images) by extension 'colcon_pkg'
[0.486s] Level 1:colcon.colcon_core.package_identification:_identify(src/zed-ros2-wrapper/images) by extensions ['colcon_meta']
[0.486s] Level 1:colcon.colcon_core.package_identification:_identify(src/zed-ros2-wrapper/images) by extension 'colcon_meta'
[0.486s] Level 1:colcon.colcon_core.package_identification:_identify(src/zed-ros2-wrapper/images) by extensions ['ros']
[0.486s] Level 1:colcon.colcon_core.package_identification:_identify(src/zed-ros2-wrapper/images) by extension 'ros'
[0.487s] Level 1:colcon.colcon_core.package_identification:_identify(src/zed-ros2-wrapper/images) by extensions ['cmake', 'python']
[0.487s] Level 1:colcon.colcon_core.package_identification:_identify(src/zed-ros2-wrapper/images) by extension 'cmake'
[0.487s] Level 1:colcon.colcon_core.package_identification:_identify(src/zed-ros2-wrapper/images) by extension 'python'
[0.487s] Level 1:colcon.colcon_core.package_identification:_identify(src/zed-ros2-wrapper/images) by extensions ['python_setup_py']
[0.487s] Level 1:colcon.colcon_core.package_identification:_identify(src/zed-ros2-wrapper/images) by extension 'python_setup_py'
[0.487s] Level 1:colcon.colcon_core.package_identification:_identify(src/zed-ros2-wrapper/zed_components) by extensions ['ignore', 'ignore_ament_install']
[0.487s] Level 1:colcon.colcon_core.package_identification:_identify(src/zed-ros2-wrapper/zed_components) by extension 'ignore'
[0.487s] Level 1:colcon.colcon_core.package_identification:_identify(src/zed-ros2-wrapper/zed_components) by extension 'ignore_ament_install'
[0.488s] Level 1:colcon.colcon_core.package_identification:_identify(src/zed-ros2-wrapper/zed_components) by extensions ['colcon_pkg']
[0.488s] Level 1:colcon.colcon_core.package_identification:_identify(src/zed-ros2-wrapper/zed_components) by extension 'colcon_pkg'
[0.488s] Level 1:colcon.colcon_core.package_identification:_identify(src/zed-ros2-wrapper/zed_components) by extensions ['colcon_meta']
[0.488s] Level 1:colcon.colcon_core.package_identification:_identify(src/zed-ros2-wrapper/zed_components) by extension 'colcon_meta'
[0.488s] Level 1:colcon.colcon_core.package_identification:_identify(src/zed-ros2-wrapper/zed_components) by extensions ['ros']
[0.488s] Level 1:colcon.colcon_core.package_identification:_identify(src/zed-ros2-wrapper/zed_components) by extension 'ros'
[0.491s] DEBUG:colcon.colcon_core.package_identification:Package 'src/zed-ros2-wrapper/zed_components' with type 'ros.ament_cmake' and name 'zed_components'
[0.491s] Level 1:colcon.colcon_core.package_identification:_identify(src/zed-ros2-wrapper/zed_ros2) by extensions ['ignore', 'ignore_ament_install']
[0.492s] Level 1:colcon.colcon_core.package_identification:_identify(src/zed-ros2-wrapper/zed_ros2) by extension 'ignore'
[0.492s] Level 1:colcon.colcon_core.package_identification:_identify(src/zed-ros2-wrapper/zed_ros2) by extension 'ignore_ament_install'
[0.492s] Level 1:colcon.colcon_core.package_identification:_identify(src/zed-ros2-wrapper/zed_ros2) by extensions ['colcon_pkg']
[0.492s] Level 1:colcon.colcon_core.package_identification:_identify(src/zed-ros2-wrapper/zed_ros2) by extension 'colcon_pkg'
[0.492s] Level 1:colcon.colcon_core.package_identification:_identify(src/zed-ros2-wrapper/zed_ros2) by extensions ['colcon_meta']
[0.492s] Level 1:colcon.colcon_core.package_identification:_identify(src/zed-ros2-wrapper/zed_ros2) by extension 'colcon_meta'
[0.492s] Level 1:colcon.colcon_core.package_identification:_identify(src/zed-ros2-wrapper/zed_ros2) by extensions ['ros']
[0.493s] Level 1:colcon.colcon_core.package_identification:_identify(src/zed-ros2-wrapper/zed_ros2) by extension 'ros'
[0.494s] DEBUG:colcon.colcon_core.package_identification:Package 'src/zed-ros2-wrapper/zed_ros2' with type 'ros.ament_cmake' and name 'zed_ros2'
[0.495s] Level 1:colcon.colcon_core.package_identification:_identify(src/zed-ros2-wrapper/zed_wrapper) by extensions ['ignore', 'ignore_ament_install']
[0.495s] Level 1:colcon.colcon_core.package_identification:_identify(src/zed-ros2-wrapper/zed_wrapper) by extension 'ignore'
[0.495s] Level 1:colcon.colcon_core.package_identification:_identify(src/zed-ros2-wrapper/zed_wrapper) by extension 'ignore_ament_install'
[0.495s] Level 1:colcon.colcon_core.package_identification:_identify(src/zed-ros2-wrapper/zed_wrapper) by extensions ['colcon_pkg']
[0.495s] Level 1:colcon.colcon_core.package_identification:_identify(src/zed-ros2-wrapper/zed_wrapper) by extension 'colcon_pkg'
[0.495s] Level 1:colcon.colcon_core.package_identification:_identify(src/zed-ros2-wrapper/zed_wrapper) by extensions ['colcon_meta']
[0.495s] Level 1:colcon.colcon_core.package_identification:_identify(src/zed-ros2-wrapper/zed_wrapper) by extension 'colcon_meta'
[0.496s] Level 1:colcon.colcon_core.package_identification:_identify(src/zed-ros2-wrapper/zed_wrapper) by extensions ['ros']
[0.496s] Level 1:colcon.colcon_core.package_identification:_identify(src/zed-ros2-wrapper/zed_wrapper) by extension 'ros'
[0.498s] DEBUG:colcon.colcon_core.package_identification:Package 'src/zed-ros2-wrapper/zed_wrapper' with type 'ros.ament_cmake' and name 'zed_wrapper'
[0.498s] Level 1:colcon.colcon_core.package_discovery:discover_packages(recursive) using defaults
[0.498s] Level 1:colcon.colcon_core.package_discovery:discover_packages(ignore) discover
[0.499s] Level 1:colcon.colcon_core.package_discovery:discover_packages(ignore) using defaults
[0.499s] Level 1:colcon.colcon_core.package_discovery:discover_packages(path) discover
[0.499s] Level 1:colcon.colcon_core.package_discovery:discover_packages(path) using defaults
[0.563s] INFO:colcon.colcon_core.package_selection:Skipping not selected package 'cv_bridge' in 'src/vision_opencv/cv_bridge'
[0.563s] INFO:colcon.colcon_core.package_selection:Skipping not selected package 'image_geometry' in 'src/vision_opencv/image_geometry'
[0.563s] INFO:colcon.colcon_core.package_selection:Skipping not selected package 'imageprocess' in 'src/imageprocess'
[0.563s] INFO:colcon.colcon_core.package_selection:Skipping not selected package 'motionpackage' in 'src/motionpackage'
[0.564s] INFO:colcon.colcon_core.package_selection:Skipping not selected package 'rosidl_cli' in 'src/rosidl/rosidl_cli'
[0.564s] INFO:colcon.colcon_core.package_selection:Skipping not selected package 'rosidl_typesupport_interface' in 'src/rosidl/rosidl_typesupport_interface'
[0.564s] INFO:colcon.colcon_core.package_selection:Skipping not selected package 'strategy' in 'src/strategy'
[0.564s] INFO:colcon.colcon_core.package_selection:Skipping not selected package 'tku_msgs' in 'src/tku_msgs'
[0.564s] INFO:colcon.colcon_core.package_selection:Skipping not selected package 'zed_components' in 'src/zed-ros2-wrapper/zed_components'
[0.564s] INFO:colcon.colcon_core.package_selection:Skipping not selected package 'opencv_tests' in 'src/vision_opencv/opencv_tests'
[0.564s] INFO:colcon.colcon_core.package_selection:Skipping not selected package 'rosidl_adapter' in 'src/rosidl/rosidl_adapter'
[0.564s] INFO:colcon.colcon_core.package_selection:Skipping not selected package 'rosidl_runtime_c' in 'src/rosidl/rosidl_runtime_c'
[0.564s] INFO:colcon.colcon_core.package_selection:Skipping not selected package 'usb_cam' in 'src/usb_cam'
[0.564s] INFO:colcon.colcon_core.package_selection:Skipping not selected package 'vision_opencv' in 'src/vision_opencv/vision_opencv'
[0.564s] INFO:colcon.colcon_core.package_selection:Skipping not selected package 'web_video_server' in 'src/web_video_sever'
[0.564s] INFO:colcon.colcon_core.package_selection:Skipping not selected package 'zed_wrapper' in 'src/zed-ros2-wrapper/zed_wrapper'
[0.564s] INFO:colcon.colcon_core.package_selection:Skipping not selected package 'rosidl_runtime_cpp' in 'src/rosidl/rosidl_runtime_cpp'
[0.564s] INFO:colcon.colcon_core.package_selection:Skipping not selected package 'zed_ros2' in 'src/zed-ros2-wrapper/zed_ros2'
[0.564s] INFO:colcon.colcon_core.package_selection:Skipping not selected package 'rosidl_cmake' in 'src/rosidl/rosidl_cmake'
[0.564s] INFO:colcon.colcon_core.package_selection:Skipping not selected package 'rosidl_generator_c' in 'src/rosidl/rosidl_generator_c'
[0.564s] INFO:colcon.colcon_core.package_selection:Skipping not selected package 'rosidl_typesupport_introspection_c' in 'src/rosidl/rosidl_typesupport_introspection_c'
[0.565s] INFO:colcon.colcon_core.package_selection:Skipping not selected package 'rosidl_generator_cpp' in 'src/rosidl/rosidl_generator_cpp'
[0.565s] INFO:colcon.colcon_core.package_selection:Skipping not selected package 'rosidl_typesupport_introspection_cpp' in 'src/rosidl/rosidl_typesupport_introspection_cpp'
[0.565s] INFO:colcon.colcon_core.package_selection:Skipping not selected package 'rosidl_typesupport_introspection_tests' in 'src/rosidl/rosidl_typesupport_introspection_tests'
[0.566s] Level 5:colcon.colcon_core.verb:set package 'rosidl_parser' build argument 'cmake_args' from command line to 'None'
[0.566s] Level 5:colcon.colcon_core.verb:set package 'rosidl_parser' build argument 'cmake_target' from command line to 'None'
[0.566s] Level 5:colcon.colcon_core.verb:set package 'rosidl_parser' build argument 'cmake_target_skip_unavailable' from command line to 'False'
[0.566s] Level 5:colcon.colcon_core.verb:set package 'rosidl_parser' build argument 'cmake_clean_cache' from command line to 'False'
[0.566s] Level 5:colcon.colcon_core.verb:set package 'rosidl_parser' build argument 'cmake_clean_first' from command line to 'False'
[0.566s] Level 5:colcon.colcon_core.verb:set package 'rosidl_parser' build argument 'cmake_force_configure' from command line to 'False'
[0.566s] Level 5:colcon.colcon_core.verb:set package 'rosidl_parser' build argument 'ament_cmake_args' from command line to 'None'
[0.566s] Level 5:colcon.colcon_core.verb:set package 'rosidl_parser' build argument 'catkin_cmake_args' from command line to 'None'
[0.567s] Level 5:colcon.colcon_core.verb:set package 'rosidl_parser' build argument 'catkin_skip_building_tests' from command line to 'False'
[0.567s] DEBUG:colcon.colcon_core.verb:Building package 'rosidl_parser' with the following arguments: {'ament_cmake_args': None, 'build_base': '/workspace/towen/build/rosidl_parser', 'catkin_cmake_args': None, 'catkin_skip_building_tests': False, 'cmake_args': None, 'cmake_clean_cache': False, 'cmake_clean_first': False, 'cmake_force_configure': False, 'cmake_target': None, 'cmake_target_skip_unavailable': False, 'install_base': '/workspace/towen/install/rosidl_parser', 'merge_install': False, 'path': '/workspace/towen/src/rosidl/rosidl_parser', 'symlink_install': False, 'test_result_base': None}
[0.567s] INFO:colcon.colcon_core.executor:Executing jobs using 'parallel' executor
[0.570s] DEBUG:colcon.colcon_parallel_executor.executor.parallel:run_until_complete
[0.571s] INFO:colcon.colcon_ros.task.ament_cmake.build:Building ROS package in '/workspace/towen/src/rosidl/rosidl_parser' with build type 'ament_cmake'
[0.572s] INFO:colcon.colcon_cmake.task.cmake.build:Building CMake package in '/workspace/towen/src/rosidl/rosidl_parser'
[0.579s] INFO:colcon.colcon_core.plugin_system:Skipping extension 'colcon_core.shell.bat': Not used on non-Windows systems
[0.579s] INFO:colcon.colcon_core.shell:Skip shell extension 'powershell' for command environment: Not usable outside of PowerShell
[0.580s] DEBUG:colcon.colcon_core.shell:Skip shell extension 'dsv' for command environment
[0.632s] DEBUG:colcon.colcon_core.event_handler.log_command:Invoking command in '/workspace/towen/build/rosidl_parser': AMENT_PREFIX_PATH=/workspace/towen/install/rosidl_adapter:/workspace/towen/install/rosidl_cli:${AMENT_PREFIX_PATH} BYOBU_DATE=%Y-%m-%d CMAKE_PREFIX_PATH=/workspace/towen/install/rosidl_adapter:/opt/ros/humble PATH=/workspace/towen/install/rosidl_cli/bin:${PATH} PYTHONPATH=/workspace/towen/install/rosidl_adapter/local/lib/python3.10/dist-packages:/workspace/towen/install/rosidl_cli/lib/python3.10/site-packages:${PYTHONPATH} /usr/local/bin/cmake /workspace/towen/src/rosidl/rosidl_parser -DCMAKE_INSTALL_PREFIX=/workspace/towen/install/rosidl_parser
[1.833s] DEBUG:colcon.colcon_core.event_handler.log_command:Invoked command in '/workspace/towen/build/rosidl_parser' returned '1': AMENT_PREFIX_PATH=/workspace/towen/install/rosidl_adapter:/workspace/towen/install/rosidl_cli:${AMENT_PREFIX_PATH} BYOBU_DATE=%Y-%m-%d CMAKE_PREFIX_PATH=/workspace/towen/install/rosidl_adapter:/opt/ros/humble PATH=/workspace/towen/install/rosidl_cli/bin:${PATH} PYTHONPATH=/workspace/towen/install/rosidl_adapter/local/lib/python3.10/dist-packages:/workspace/towen/install/rosidl_cli/lib/python3.10/site-packages:${PYTHONPATH} /usr/local/bin/cmake /workspace/towen/src/rosidl/rosidl_parser -DCMAKE_INSTALL_PREFIX=/workspace/towen/install/rosidl_parser
[2.054s] Level 1:colcon.colcon_core.environment:create_environment_scripts_only(rosidl_parser)
[2.061s] Level 1:colcon.colcon_core.environment:checking '/workspace/towen/install/rosidl_parser' for CMake module files
[2.063s] Level 1:colcon.colcon_core.environment:checking '/workspace/towen/install/rosidl_parser' for CMake config files
[2.064s] Level 1:colcon.colcon_core.shell:create_environment_hook('rosidl_parser', 'cmake_prefix_path')
[2.064s] INFO:colcon.colcon_core.shell:Creating environment hook '/workspace/towen/install/rosidl_parser/share/rosidl_parser/hook/cmake_prefix_path.ps1'
[2.067s] INFO:colcon.colcon_core.shell:Creating environment descriptor '/workspace/towen/install/rosidl_parser/share/rosidl_parser/hook/cmake_prefix_path.dsv'
[2.069s] INFO:colcon.colcon_core.shell:Creating environment hook '/workspace/towen/install/rosidl_parser/share/rosidl_parser/hook/cmake_prefix_path.sh'
[2.072s] Level 1:colcon.colcon_core.environment:checking '/workspace/towen/install/rosidl_parser/lib'
[2.072s] Level 1:colcon.colcon_core.environment:checking '/workspace/towen/install/rosidl_parser/bin'
[2.072s] Level 1:colcon.colcon_core.environment:checking '/workspace/towen/install/rosidl_parser/lib/pkgconfig/rosidl_parser.pc'
[2.076s] Level 1:colcon.colcon_core.environment:checking '/workspace/towen/install/rosidl_parser/lib/python3.10/site-packages'
[2.077s] Level 1:colcon.colcon_core.environment:checking '/workspace/towen/install/rosidl_parser/bin'
[2.078s] INFO:colcon.colcon_core.shell:Creating package script '/workspace/towen/install/rosidl_parser/share/rosidl_parser/package.ps1'
[2.080s] INFO:colcon.colcon_core.shell:Creating package descriptor '/workspace/towen/install/rosidl_parser/share/rosidl_parser/package.dsv'
[2.082s] INFO:colcon.colcon_core.shell:Creating package script '/workspace/towen/install/rosidl_parser/share/rosidl_parser/package.sh'
[2.084s] INFO:colcon.colcon_core.shell:Creating package script '/workspace/towen/install/rosidl_parser/share/rosidl_parser/package.bash'
[2.087s] INFO:colcon.colcon_core.shell:Creating package script '/workspace/towen/install/rosidl_parser/share/rosidl_parser/package.zsh'
[2.089s] Level 1:colcon.colcon_core.environment:create_file_with_runtime_dependencies(/workspace/towen/install/rosidl_parser/share/colcon-core/packages/rosidl_parser)
[2.101s] DEBUG:colcon.colcon_parallel_executor.executor.parallel:closing loop
[2.102s] DEBUG:colcon.colcon_parallel_executor.executor.parallel:loop closed
[2.102s] DEBUG:colcon.colcon_parallel_executor.executor.parallel:run_until_complete finished with '1'
[2.102s] DEBUG:colcon.colcon_core.event_reactor:joining thread
[2.130s] INFO:colcon.colcon_core.plugin_system:Skipping extension 'colcon_notification.desktop_notification.notify_send': Could not find 'notify-send'
[2.130s] INFO:colcon.colcon_core.plugin_system:Skipping extension 'colcon_notification.desktop_notification.terminal_notifier': Not used on non-Darwin systems
[2.135s] INFO:colcon.colcon_core.plugin_system:Skipping extension 'colcon_notification.desktop_notification.win32': Not used on non-Windows systems
[2.135s] INFO:colcon.colcon_notification.desktop_notification:Sending desktop notification using 'notify2'
[2.149s] DEBUG:colcon.colcon_notification.desktop_notification.notify2:Failed to initialize notify2: org.freedesktop.DBus.Error.Spawn.ExecFailed: /usr/bin/dbus-launch terminated abnormally without any error message
[2.149s] DEBUG:colcon.colcon_core.event_reactor:joined thread
[2.151s] INFO:colcon.colcon_core.shell:Creating prefix script '/workspace/towen/install/local_setup.ps1'
[2.155s] INFO:colcon.colcon_core.shell:Creating prefix util module '/workspace/towen/install/_local_setup_util_ps1.py'
[2.161s] INFO:colcon.colcon_core.shell:Creating prefix chain script '/workspace/towen/install/setup.ps1'
[2.165s] INFO:colcon.colcon_core.shell:Creating prefix script '/workspace/towen/install/local_setup.sh'
[2.175s] INFO:colcon.colcon_core.shell:Creating prefix util module '/workspace/towen/install/_local_setup_util_sh.py'
[2.177s] INFO:colcon.colcon_core.shell:Creating prefix chain script '/workspace/towen/install/setup.sh'
[2.183s] INFO:colcon.colcon_core.shell:Creating prefix script '/workspace/towen/install/local_setup.bash'
[2.185s] INFO:colcon.colcon_core.shell:Creating prefix chain script '/workspace/towen/install/setup.bash'
[2.189s] INFO:colcon.colcon_core.shell:Creating prefix script '/workspace/towen/install/local_setup.zsh'
[2.190s] INFO:colcon.colcon_core.shell:Creating prefix chain script '/workspace/towen/install/setup.zsh'
