[3.780s] Invoking command in '/workspace/towen/build/imageprocess': BYOBU_DATE=%Y-%m-%d PYTHONPATH=/workspace/towen/build/imageprocess/prefix_override:/usr/lib/python3/dist-packages/colcon_core/task/python/colcon_distutils_commands:/workspace/towen/install/imageprocess/lib/python3.10/site-packages:${PYTHONPATH} /usr/bin/python3 -W ignore:setup.py install is deprecated setup.py develop --editable --build-directory /workspace/towen/build/imageprocess/build --no-deps symlink_data --force
[6.647s] running develop
[6.648s] /usr/local/lib/python3.10/dist-packages/setuptools/command/develop.py:41: EasyInstallDeprecationWarning: easy_install command is deprecated.
[6.648s] !!
[6.648s] 
[6.648s]         ********************************************************************************
[6.648s]         Please avoid running ``setup.py`` and ``easy_install``.
[6.648s]         Instead, use pypa/build, pypa/installer or other
[6.649s]         standards-based tools.
[6.649s] 
[6.649s]         See https://github.com/pypa/setuptools/issues/917 for details.
[6.649s]         ********************************************************************************
[6.649s] 
[6.649s] !!
[6.649s]   easy_install.initialize_options(self)
[8.159s] running egg_info
[8.201s] writing imageprocess.egg-info/PKG-INFO
[8.211s] writing dependency_links to imageprocess.egg-info/dependency_links.txt
[8.211s] writing entry points to imageprocess.egg-info/entry_points.txt
[8.211s] writing requirements to imageprocess.egg-info/requires.txt
[8.211s] writing top-level names to imageprocess.egg-info/top_level.txt
[8.352s] reading manifest file 'imageprocess.egg-info/SOURCES.txt'
[8.358s] writing manifest file 'imageprocess.egg-info/SOURCES.txt'
[8.736s] running build_ext
[8.740s] Creating /workspace/towen/install/imageprocess/lib/python3.10/site-packages/imageprocess.egg-link (link to .)
[8.742s] Installing image script to /workspace/towen/install/imageprocess/lib/imageprocess
[8.815s] Installing image_test script to /workspace/towen/install/imageprocess/lib/imageprocess
[8.823s] Installing imageprocess script to /workspace/towen/install/imageprocess/lib/imageprocess
[8.828s] 
[8.829s] Installed /workspace/towen/build/imageprocess
[8.831s] running symlink_data
[8.833s] symbolically linking /workspace/towen/build/imageprocess/resource/imageprocess -> /workspace/towen/install/imageprocess/share/ament_index/resource_index/packages
[8.840s] symbolically linking /workspace/towen/build/imageprocess/package.xml -> /workspace/towen/install/imageprocess/share/imageprocess
[9.513s] Invoked command in '/workspace/towen/build/imageprocess' returned '0': BYOBU_DATE=%Y-%m-%d PYTHONPATH=/workspace/towen/build/imageprocess/prefix_override:/usr/lib/python3/dist-packages/colcon_core/task/python/colcon_distutils_commands:/workspace/towen/install/imageprocess/lib/python3.10/site-packages:${PYTHONPATH} /usr/bin/python3 -W ignore:setup.py install is deprecated setup.py develop --editable --build-directory /workspace/towen/build/imageprocess/build --no-deps symlink_data --force
