[2.845s] Invoking command in '/home/iclab/Desktop/humanoid/src/wula': BYOBU_DATE=%Y-%m-%d PYTHONPATH=/home/iclab/Desktop/humanoid/build/wula/prefix_override:/usr/lib/python3/dist-packages/colcon_core/task/python/colcon_distutils_commands:/home/iclab/Desktop/humanoid/install/wula/lib/python3.10/site-packages:${PYTHONPATH} /usr/bin/python3 -W ignore:setup.py install is deprecated -W ignore:easy_install command is deprecated setup.py egg_info --egg-base ../../build/wula build --build-base /home/iclab/Desktop/humanoid/build/wula/build install --record /home/iclab/Desktop/humanoid/build/wula/install.log --single-version-externally-managed install_data
[3.401s] running egg_info
[3.402s] writing ../../build/wula/wula.egg-info/PKG-INFO
[3.403s] writing dependency_links to ../../build/wula/wula.egg-info/dependency_links.txt
[3.403s] writing entry points to ../../build/wula/wula.egg-info/entry_points.txt
[3.403s] writing requirements to ../../build/wula/wula.egg-info/requires.txt
[3.404s] writing top-level names to ../../build/wula/wula.egg-info/top_level.txt
[3.409s] reading manifest file '../../build/wula/wula.egg-info/SOURCES.txt'
[3.411s] writing manifest file '../../build/wula/wula.egg-info/SOURCES.txt'
[3.411s] running build
[3.412s] running build_py
[3.415s] running install
[3.415s] running install_lib
[3.420s] running install_data
[3.420s] running install_egg_info
[3.425s] removing '/home/iclab/Desktop/humanoid/install/wula/lib/python3.10/site-packages/wula-0.1.0-py3.10.egg-info' (and everything under it)
[3.426s] Copying ../../build/wula/wula.egg-info to /home/iclab/Desktop/humanoid/install/wula/lib/python3.10/site-packages/wula-0.1.0-py3.10.egg-info
[3.431s] running install_scripts
[3.480s] Installing sp_boson script to /home/iclab/Desktop/humanoid/install/wula/lib/wula
[3.482s] writing list of installed files to '/home/iclab/Desktop/humanoid/build/wula/install.log'
[3.565s] Invoked command in '/home/iclab/Desktop/humanoid/src/wula' returned '0': BYOBU_DATE=%Y-%m-%d PYTHONPATH=/home/iclab/Desktop/humanoid/build/wula/prefix_override:/usr/lib/python3/dist-packages/colcon_core/task/python/colcon_distutils_commands:/home/iclab/Desktop/humanoid/install/wula/lib/python3.10/site-packages:${PYTHONPATH} /usr/bin/python3 -W ignore:setup.py install is deprecated -W ignore:easy_install command is deprecated setup.py egg_info --egg-base ../../build/wula build --build-base /home/iclab/Desktop/humanoid/build/wula/build install --record /home/iclab/Desktop/humanoid/build/wula/install.log --single-version-externally-managed install_data
