[0.104s] Invoking command in '/workspace/towen/build/rosidl_typesupport_introspection_cpp': AMENT_PREFIX_PATH=/workspace/towen/install/rosidl_typesupport_introspection_c:/workspace/towen/install/rosidl_cmake:/workspace/towen/install/rosidl_runtime_cpp:/workspace/towen/install/rosidl_parser:/workspace/towen/install/rosidl_runtime_c:/workspace/towen/install/rosidl_adapter:/workspace/towen/install/rosidl_typesupport_interface:/workspace/towen/install/rosidl_cli:${AMENT_PREFIX_PATH} BYOBU_DATE=%Y-%m-%d CMAKE_PREFIX_PATH=/workspace/towen/install/rosidl_typesupport_introspection_c:/workspace/towen/install/rosidl_cmake:/workspace/towen/install/rosidl_runtime_cpp:/workspace/towen/install/rosidl_parser:/workspace/towen/install/rosidl_runtime_c:/workspace/towen/install/rosidl_adapter:/workspace/towen/install/rosidl_typesupport_interface:/opt/ros/humble LD_LIBRARY_PATH=/workspace/towen/install/rosidl_typesupport_introspection_c/lib:/workspace/towen/install/rosidl_runtime_c/lib:/opt/ros/humble/opt/rviz_ogre_vendor/lib:/opt/ros/humble/lib/aarch64-linux-gnu:/opt/ros/humble/lib:/usr/local/cuda/compat:/usr/local/cuda/lib64 PATH=/workspace/towen/install/rosidl_cli/bin:${PATH} PYTHONPATH=/workspace/towen/install/rosidl_typesupport_introspection_c/local/lib/python3.10/dist-packages:/workspace/towen/install/rosidl_cmake/local/lib/python3.10/dist-packages:/workspace/towen/install/rosidl_parser/local/lib/python3.10/dist-packages:/workspace/towen/install/rosidl_adapter/local/lib/python3.10/dist-packages:/workspace/towen/install/rosidl_cli/lib/python3.10/site-packages:${PYTHONPATH} /usr/local/bin/cmake --build /workspace/towen/build/rosidl_typesupport_introspection_cpp -- -j6 -l6
[0.409s] [  0%] Built target ament_cmake_python_copy_rosidl_typesupport_introspection_cpp
[0.411s] [ 50%] [32m[1mLinking CXX shared library librosidl_typesupport_introspection_cpp.so[0m
[0.420s] [ 50%] Built target ament_cmake_python_copy_rosidl_typesupport_introspection_cpp_setup
[0.502s] [100%] Built target rosidl_typesupport_introspection_cpp
[1.117s] running egg_info
[1.160s] writing rosidl_typesupport_introspection_cpp.egg-info/PKG-INFO
[1.164s] writing dependency_links to rosidl_typesupport_introspection_cpp.egg-info/dependency_links.txt
[1.165s] writing entry points to rosidl_typesupport_introspection_cpp.egg-info/entry_points.txt
[1.168s] writing top-level names to rosidl_typesupport_introspection_cpp.egg-info/top_level.txt
[1.284s] reading manifest file 'rosidl_typesupport_introspection_cpp.egg-info/SOURCES.txt'
[1.288s] writing manifest file 'rosidl_typesupport_introspection_cpp.egg-info/SOURCES.txt'
[1.461s] [100%] Built target ament_cmake_python_build_rosidl_typesupport_introspection_cpp_egg
[1.570s] Invoked command in '/workspace/towen/build/rosidl_typesupport_introspection_cpp' returned '0': AMENT_PREFIX_PATH=/workspace/towen/install/rosidl_typesupport_introspection_c:/workspace/towen/install/rosidl_cmake:/workspace/towen/install/rosidl_runtime_cpp:/workspace/towen/install/rosidl_parser:/workspace/towen/install/rosidl_runtime_c:/workspace/towen/install/rosidl_adapter:/workspace/towen/install/rosidl_typesupport_interface:/workspace/towen/install/rosidl_cli:${AMENT_PREFIX_PATH} BYOBU_DATE=%Y-%m-%d CMAKE_PREFIX_PATH=/workspace/towen/install/rosidl_typesupport_introspection_c:/workspace/towen/install/rosidl_cmake:/workspace/towen/install/rosidl_runtime_cpp:/workspace/towen/install/rosidl_parser:/workspace/towen/install/rosidl_runtime_c:/workspace/towen/install/rosidl_adapter:/workspace/towen/install/rosidl_typesupport_interface:/opt/ros/humble LD_LIBRARY_PATH=/workspace/towen/install/rosidl_typesupport_introspection_c/lib:/workspace/towen/install/rosidl_runtime_c/lib:/opt/ros/humble/opt/rviz_ogre_vendor/lib:/opt/ros/humble/lib/aarch64-linux-gnu:/opt/ros/humble/lib:/usr/local/cuda/compat:/usr/local/cuda/lib64 PATH=/workspace/towen/install/rosidl_cli/bin:${PATH} PYTHONPATH=/workspace/towen/install/rosidl_typesupport_introspection_c/local/lib/python3.10/dist-packages:/workspace/towen/install/rosidl_cmake/local/lib/python3.10/dist-packages:/workspace/towen/install/rosidl_parser/local/lib/python3.10/dist-packages:/workspace/towen/install/rosidl_adapter/local/lib/python3.10/dist-packages:/workspace/towen/install/rosidl_cli/lib/python3.10/site-packages:${PYTHONPATH} /usr/local/bin/cmake --build /workspace/towen/build/rosidl_typesupport_introspection_cpp -- -j6 -l6
[2.206s] Invoking command in '/workspace/towen/build/rosidl_typesupport_introspection_cpp': AMENT_PREFIX_PATH=/workspace/towen/install/rosidl_typesupport_introspection_c:/workspace/towen/install/rosidl_cmake:/workspace/towen/install/rosidl_runtime_cpp:/workspace/towen/install/rosidl_parser:/workspace/towen/install/rosidl_runtime_c:/workspace/towen/install/rosidl_adapter:/workspace/towen/install/rosidl_typesupport_interface:/workspace/towen/install/rosidl_cli:${AMENT_PREFIX_PATH} BYOBU_DATE=%Y-%m-%d CMAKE_PREFIX_PATH=/workspace/towen/install/rosidl_typesupport_introspection_c:/workspace/towen/install/rosidl_cmake:/workspace/towen/install/rosidl_runtime_cpp:/workspace/towen/install/rosidl_parser:/workspace/towen/install/rosidl_runtime_c:/workspace/towen/install/rosidl_adapter:/workspace/towen/install/rosidl_typesupport_interface:/opt/ros/humble LD_LIBRARY_PATH=/workspace/towen/install/rosidl_typesupport_introspection_c/lib:/workspace/towen/install/rosidl_runtime_c/lib:/opt/ros/humble/opt/rviz_ogre_vendor/lib:/opt/ros/humble/lib/aarch64-linux-gnu:/opt/ros/humble/lib:/usr/local/cuda/compat:/usr/local/cuda/lib64 PATH=/workspace/towen/install/rosidl_cli/bin:${PATH} PYTHONPATH=/workspace/towen/install/rosidl_typesupport_introspection_c/local/lib/python3.10/dist-packages:/workspace/towen/install/rosidl_cmake/local/lib/python3.10/dist-packages:/workspace/towen/install/rosidl_parser/local/lib/python3.10/dist-packages:/workspace/towen/install/rosidl_adapter/local/lib/python3.10/dist-packages:/workspace/towen/install/rosidl_cli/lib/python3.10/site-packages:${PYTHONPATH} /usr/local/bin/cmake --install /workspace/towen/build/rosidl_typesupport_introspection_cpp
[2.390s] -- Install configuration: ""
[2.391s] -- Up-to-date: /workspace/towen/install/rosidl_typesupport_introspection_cpp/share/rosidl_typesupport_introspection_cpp/environment/pythonpath.sh
[2.391s] -- Up-to-date: /workspace/towen/install/rosidl_typesupport_introspection_cpp/share/rosidl_typesupport_introspection_cpp/environment/pythonpath.dsv
[2.391s] -- Up-to-date: /workspace/towen/install/rosidl_typesupport_introspection_cpp/local/lib/python3.10/dist-packages/rosidl_typesupport_introspection_cpp-3.1.7-py3.10.egg-info
[2.391s] -- Installing: /workspace/towen/install/rosidl_typesupport_introspection_cpp/local/lib/python3.10/dist-packages/rosidl_typesupport_introspection_cpp-3.1.7-py3.10.egg-info/PKG-INFO
[2.392s] -- Installing: /workspace/towen/install/rosidl_typesupport_introspection_cpp/local/lib/python3.10/dist-packages/rosidl_typesupport_introspection_cpp-3.1.7-py3.10.egg-info/entry_points.txt
[2.393s] -- Installing: /workspace/towen/install/rosidl_typesupport_introspection_cpp/local/lib/python3.10/dist-packages/rosidl_typesupport_introspection_cpp-3.1.7-py3.10.egg-info/top_level.txt
[2.393s] -- Installing: /workspace/towen/install/rosidl_typesupport_introspection_cpp/local/lib/python3.10/dist-packages/rosidl_typesupport_introspection_cpp-3.1.7-py3.10.egg-info/SOURCES.txt
[2.393s] -- Installing: /workspace/towen/install/rosidl_typesupport_introspection_cpp/local/lib/python3.10/dist-packages/rosidl_typesupport_introspection_cpp-3.1.7-py3.10.egg-info/dependency_links.txt
[2.397s] -- Up-to-date: /workspace/towen/install/rosidl_typesupport_introspection_cpp/local/lib/python3.10/dist-packages/rosidl_typesupport_introspection_cpp
[2.397s] -- Up-to-date: /workspace/towen/install/rosidl_typesupport_introspection_cpp/local/lib/python3.10/dist-packages/rosidl_typesupport_introspection_cpp/__init__.py
[2.397s] -- Up-to-date: /workspace/towen/install/rosidl_typesupport_introspection_cpp/local/lib/python3.10/dist-packages/rosidl_typesupport_introspection_cpp/cli.py
[2.502s] Listing '/workspace/towen/install/rosidl_typesupport_introspection_cpp/local/lib/python3.10/dist-packages/rosidl_typesupport_introspection_cpp'...
[2.522s] -- Up-to-date: /workspace/towen/install/rosidl_typesupport_introspection_cpp/share/rosidl_typesupport_introspection_cpp/environment/library_path.sh
[2.524s] -- Up-to-date: /workspace/towen/install/rosidl_typesupport_introspection_cpp/share/rosidl_typesupport_introspection_cpp/environment/library_path.dsv
[2.525s] -- Up-to-date: /workspace/towen/install/rosidl_typesupport_introspection_cpp/share/ament_index/resource_index/rosidl_typesupport_cpp/rosidl_typesupport_introspection_cpp
[2.527s] -- Up-to-date: /workspace/towen/install/rosidl_typesupport_introspection_cpp/share/ament_index/resource_index/rosidl_runtime_packages/rosidl_typesupport_introspection_cpp
[2.529s] -- Up-to-date: /workspace/towen/install/rosidl_typesupport_introspection_cpp/share/ament_index/resource_index/package_run_dependencies/rosidl_typesupport_introspection_cpp
[2.530s] -- Up-to-date: /workspace/towen/install/rosidl_typesupport_introspection_cpp/share/ament_index/resource_index/parent_prefix_path/rosidl_typesupport_introspection_cpp
[2.532s] -- Up-to-date: /workspace/towen/install/rosidl_typesupport_introspection_cpp/share/rosidl_typesupport_introspection_cpp/environment/ament_prefix_path.sh
[2.533s] -- Up-to-date: /workspace/towen/install/rosidl_typesupport_introspection_cpp/share/rosidl_typesupport_introspection_cpp/environment/ament_prefix_path.dsv
[2.537s] -- Up-to-date: /workspace/towen/install/rosidl_typesupport_introspection_cpp/share/rosidl_typesupport_introspection_cpp/environment/path.sh
[2.537s] -- Up-to-date: /workspace/towen/install/rosidl_typesupport_introspection_cpp/share/rosidl_typesupport_introspection_cpp/environment/path.dsv
[2.537s] -- Up-to-date: /workspace/towen/install/rosidl_typesupport_introspection_cpp/share/rosidl_typesupport_introspection_cpp/local_setup.bash
[2.538s] -- Up-to-date: /workspace/towen/install/rosidl_typesupport_introspection_cpp/share/rosidl_typesupport_introspection_cpp/local_setup.sh
[2.538s] -- Up-to-date: /workspace/towen/install/rosidl_typesupport_introspection_cpp/share/rosidl_typesupport_introspection_cpp/local_setup.zsh
[2.538s] -- Up-to-date: /workspace/towen/install/rosidl_typesupport_introspection_cpp/share/rosidl_typesupport_introspection_cpp/local_setup.dsv
[2.539s] -- Installing: /workspace/towen/install/rosidl_typesupport_introspection_cpp/share/rosidl_typesupport_introspection_cpp/package.dsv
[2.545s] -- Up-to-date: /workspace/towen/install/rosidl_typesupport_introspection_cpp/share/ament_index/resource_index/packages/rosidl_typesupport_introspection_cpp
[2.549s] -- Up-to-date: /workspace/towen/install/rosidl_typesupport_introspection_cpp/share/rosidl_typesupport_introspection_cpp/cmake/rosidl_typesupport_introspection_cppExport.cmake
[2.549s] -- Up-to-date: /workspace/towen/install/rosidl_typesupport_introspection_cpp/share/rosidl_typesupport_introspection_cpp/cmake/rosidl_typesupport_introspection_cppExport-noconfig.cmake
[2.550s] -- Up-to-date: /workspace/towen/install/rosidl_typesupport_introspection_cpp/share/rosidl_typesupport_introspection_cpp/cmake/rosidl_typesupport_introspection_cpp-extras.cmake
[2.550s] -- Up-to-date: /workspace/towen/install/rosidl_typesupport_introspection_cpp/share/rosidl_typesupport_introspection_cpp/cmake/ament_cmake_export_dependencies-extras.cmake
[2.550s] -- Up-to-date: /workspace/towen/install/rosidl_typesupport_introspection_cpp/share/rosidl_typesupport_introspection_cpp/cmake/ament_cmake_export_include_directories-extras.cmake
[2.551s] -- Up-to-date: /workspace/towen/install/rosidl_typesupport_introspection_cpp/share/rosidl_typesupport_introspection_cpp/cmake/ament_cmake_export_libraries-extras.cmake
[2.551s] -- Up-to-date: /workspace/towen/install/rosidl_typesupport_introspection_cpp/share/rosidl_typesupport_introspection_cpp/cmake/ament_cmake_export_targets-extras.cmake
[2.551s] -- Up-to-date: /workspace/towen/install/rosidl_typesupport_introspection_cpp/share/rosidl_typesupport_introspection_cpp/cmake/rosidl_typesupport_introspection_cppConfig.cmake
[2.551s] -- Up-to-date: /workspace/towen/install/rosidl_typesupport_introspection_cpp/share/rosidl_typesupport_introspection_cpp/cmake/rosidl_typesupport_introspection_cppConfig-version.cmake
[2.552s] -- Up-to-date: /workspace/towen/install/rosidl_typesupport_introspection_cpp/share/rosidl_typesupport_introspection_cpp/package.xml
[2.552s] -- Up-to-date: /workspace/towen/install/rosidl_typesupport_introspection_cpp/lib/rosidl_typesupport_introspection_cpp/rosidl_typesupport_introspection_cpp
[2.552s] -- Up-to-date: /workspace/towen/install/rosidl_typesupport_introspection_cpp/share/rosidl_typesupport_introspection_cpp/cmake
[2.552s] -- Up-to-date: /workspace/towen/install/rosidl_typesupport_introspection_cpp/share/rosidl_typesupport_introspection_cpp/cmake/rosidl_typesupport_introspection_cpp_generate_interfaces.cmake
[2.552s] -- Up-to-date: /workspace/towen/install/rosidl_typesupport_introspection_cpp/share/rosidl_typesupport_introspection_cpp/resource
[2.552s] -- Up-to-date: /workspace/towen/install/rosidl_typesupport_introspection_cpp/share/rosidl_typesupport_introspection_cpp/resource/idl__type_support.cpp.em
[2.552s] -- Up-to-date: /workspace/towen/install/rosidl_typesupport_introspection_cpp/share/rosidl_typesupport_introspection_cpp/resource/idl__rosidl_typesupport_introspection_cpp.hpp.em
[2.560s] -- Up-to-date: /workspace/towen/install/rosidl_typesupport_introspection_cpp/share/rosidl_typesupport_introspection_cpp/resource/msg__rosidl_typesupport_introspection_cpp.hpp.em
[2.561s] -- Up-to-date: /workspace/towen/install/rosidl_typesupport_introspection_cpp/share/rosidl_typesupport_introspection_cpp/resource/msg__type_support.cpp.em
[2.561s] -- Up-to-date: /workspace/towen/install/rosidl_typesupport_introspection_cpp/share/rosidl_typesupport_introspection_cpp/resource/srv__type_support.cpp.em
[2.561s] -- Up-to-date: /workspace/towen/install/rosidl_typesupport_introspection_cpp/share/rosidl_typesupport_introspection_cpp/resource/srv__rosidl_typesupport_introspection_cpp.hpp.em
[2.561s] -- Up-to-date: /workspace/towen/install/rosidl_typesupport_introspection_cpp/include/rosidl_typesupport_introspection_cpp
[2.561s] -- Up-to-date: /workspace/towen/install/rosidl_typesupport_introspection_cpp/include/rosidl_typesupport_introspection_cpp/rosidl_typesupport_introspection_cpp
[2.561s] -- Up-to-date: /workspace/towen/install/rosidl_typesupport_introspection_cpp/include/rosidl_typesupport_introspection_cpp/rosidl_typesupport_introspection_cpp/message_introspection.hpp
[2.562s] -- Up-to-date: /workspace/towen/install/rosidl_typesupport_introspection_cpp/include/rosidl_typesupport_introspection_cpp/rosidl_typesupport_introspection_cpp/identifier.hpp
[2.562s] -- Up-to-date: /workspace/towen/install/rosidl_typesupport_introspection_cpp/include/rosidl_typesupport_introspection_cpp/rosidl_typesupport_introspection_cpp/visibility_control.h
[2.562s] -- Up-to-date: /workspace/towen/install/rosidl_typesupport_introspection_cpp/include/rosidl_typesupport_introspection_cpp/rosidl_typesupport_introspection_cpp/service_type_support_decl.hpp
[2.562s] -- Up-to-date: /workspace/towen/install/rosidl_typesupport_introspection_cpp/include/rosidl_typesupport_introspection_cpp/rosidl_typesupport_introspection_cpp/message_type_support_decl.hpp
[2.562s] -- Up-to-date: /workspace/towen/install/rosidl_typesupport_introspection_cpp/include/rosidl_typesupport_introspection_cpp/rosidl_typesupport_introspection_cpp/service_introspection.hpp
[2.562s] -- Up-to-date: /workspace/towen/install/rosidl_typesupport_introspection_cpp/include/rosidl_typesupport_introspection_cpp/rosidl_typesupport_introspection_cpp/field_types.hpp
[2.562s] -- Installing: /workspace/towen/install/rosidl_typesupport_introspection_cpp/lib/librosidl_typesupport_introspection_cpp.so
[2.562s] -- Set non-toolchain portion of runtime path of "/workspace/towen/install/rosidl_typesupport_introspection_cpp/lib/librosidl_typesupport_introspection_cpp.so" to ""
[2.606s] Invoked command in '/workspace/towen/build/rosidl_typesupport_introspection_cpp' returned '0': AMENT_PREFIX_PATH=/workspace/towen/install/rosidl_typesupport_introspection_c:/workspace/towen/install/rosidl_cmake:/workspace/towen/install/rosidl_runtime_cpp:/workspace/towen/install/rosidl_parser:/workspace/towen/install/rosidl_runtime_c:/workspace/towen/install/rosidl_adapter:/workspace/towen/install/rosidl_typesupport_interface:/workspace/towen/install/rosidl_cli:${AMENT_PREFIX_PATH} BYOBU_DATE=%Y-%m-%d CMAKE_PREFIX_PATH=/workspace/towen/install/rosidl_typesupport_introspection_c:/workspace/towen/install/rosidl_cmake:/workspace/towen/install/rosidl_runtime_cpp:/workspace/towen/install/rosidl_parser:/workspace/towen/install/rosidl_runtime_c:/workspace/towen/install/rosidl_adapter:/workspace/towen/install/rosidl_typesupport_interface:/opt/ros/humble LD_LIBRARY_PATH=/workspace/towen/install/rosidl_typesupport_introspection_c/lib:/workspace/towen/install/rosidl_runtime_c/lib:/opt/ros/humble/opt/rviz_ogre_vendor/lib:/opt/ros/humble/lib/aarch64-linux-gnu:/opt/ros/humble/lib:/usr/local/cuda/compat:/usr/local/cuda/lib64 PATH=/workspace/towen/install/rosidl_cli/bin:${PATH} PYTHONPATH=/workspace/towen/install/rosidl_typesupport_introspection_c/local/lib/python3.10/dist-packages:/workspace/towen/install/rosidl_cmake/local/lib/python3.10/dist-packages:/workspace/towen/install/rosidl_parser/local/lib/python3.10/dist-packages:/workspace/towen/install/rosidl_adapter/local/lib/python3.10/dist-packages:/workspace/towen/install/rosidl_cli/lib/python3.10/site-packages:${PYTHONPATH} /usr/local/bin/cmake --install /workspace/towen/build/rosidl_typesupport_introspection_cpp
