[ 12%] Built target gtest_main
[ 16%] Built target gtest
[ 44%] Built target rosidl_runtime_c
[ 60%] Built target test_sequence_bound
[ 60%] Built target test_message_type_support
[ 68%] Built target test_primitives_sequence_functions
[ 76%] Built target test_u16string_functions
[ 84%] Built target test_string_functions
[ 92%] Built target benchmark_string_conversion
[100%] Built target test_service_type_support
-- Install configuration: ""
-- Up-to-date: /workspace/towen/install/rosidl_runtime_c/share/rosidl_runtime_c/environment/library_path.sh
-- Up-to-date: /workspace/towen/install/rosidl_runtime_c/share/rosidl_runtime_c/environment/library_path.dsv
-- Up-to-date: /workspace/towen/install/rosidl_runtime_c/share/ament_index/resource_index/rosidl_runtime_packages/rosidl_runtime_c
-- Up-to-date: /workspace/towen/install/rosidl_runtime_c/include/rosidl_runtime_c
-- Up-to-date: /workspace/towen/install/rosidl_runtime_c/include/rosidl_runtime_c/rosidl_runtime_c
-- Up-to-date: /workspace/towen/install/rosidl_runtime_c/include/rosidl_runtime_c/rosidl_runtime_c/primitives_sequence.h
-- Up-to-date: /workspace/towen/install/rosidl_runtime_c/include/rosidl_runtime_c/rosidl_runtime_c/u16string_functions.h
-- Up-to-date: /workspace/towen/install/rosidl_runtime_c/include/rosidl_runtime_c/rosidl_runtime_c/visibility_control.h
-- Up-to-date: /workspace/towen/install/rosidl_runtime_c/include/rosidl_runtime_c/rosidl_runtime_c/string_functions.h
-- Up-to-date: /workspace/towen/install/rosidl_runtime_c/include/rosidl_runtime_c/rosidl_runtime_c/string.h
-- Up-to-date: /workspace/towen/install/rosidl_runtime_c/include/rosidl_runtime_c/rosidl_runtime_c/action_type_support_struct.h
-- Up-to-date: /workspace/towen/install/rosidl_runtime_c/include/rosidl_runtime_c/rosidl_runtime_c/message_initialization.h
-- Up-to-date: /workspace/towen/install/rosidl_runtime_c/include/rosidl_runtime_c/rosidl_runtime_c/primitives_sequence_functions.h
-- Up-to-date: /workspace/towen/install/rosidl_runtime_c/include/rosidl_runtime_c/rosidl_runtime_c/message_type_support_struct.h
-- Up-to-date: /workspace/towen/install/rosidl_runtime_c/include/rosidl_runtime_c/rosidl_runtime_c/sequence_bound.h
-- Up-to-date: /workspace/towen/install/rosidl_runtime_c/include/rosidl_runtime_c/rosidl_runtime_c/u16string.h
-- Up-to-date: /workspace/towen/install/rosidl_runtime_c/include/rosidl_runtime_c/rosidl_runtime_c/string_bound.h
-- Up-to-date: /workspace/towen/install/rosidl_runtime_c/include/rosidl_runtime_c/rosidl_runtime_c/service_type_support_struct.h
-- Up-to-date: /workspace/towen/install/rosidl_runtime_c/lib/librosidl_runtime_c.so
-- Up-to-date: /workspace/towen/install/rosidl_runtime_c/share/ament_index/resource_index/package_run_dependencies/rosidl_runtime_c
-- Up-to-date: /workspace/towen/install/rosidl_runtime_c/share/ament_index/resource_index/parent_prefix_path/rosidl_runtime_c
-- Up-to-date: /workspace/towen/install/rosidl_runtime_c/share/rosidl_runtime_c/environment/ament_prefix_path.sh
-- Up-to-date: /workspace/towen/install/rosidl_runtime_c/share/rosidl_runtime_c/environment/ament_prefix_path.dsv
-- Up-to-date: /workspace/towen/install/rosidl_runtime_c/share/rosidl_runtime_c/environment/path.sh
-- Up-to-date: /workspace/towen/install/rosidl_runtime_c/share/rosidl_runtime_c/environment/path.dsv
-- Up-to-date: /workspace/towen/install/rosidl_runtime_c/share/rosidl_runtime_c/local_setup.bash
-- Up-to-date: /workspace/towen/install/rosidl_runtime_c/share/rosidl_runtime_c/local_setup.sh
-- Up-to-date: /workspace/towen/install/rosidl_runtime_c/share/rosidl_runtime_c/local_setup.zsh
-- Up-to-date: /workspace/towen/install/rosidl_runtime_c/share/rosidl_runtime_c/local_setup.dsv
-- Installing: /workspace/towen/install/rosidl_runtime_c/share/rosidl_runtime_c/package.dsv
-- Up-to-date: /workspace/towen/install/rosidl_runtime_c/share/ament_index/resource_index/packages/rosidl_runtime_c
-- Up-to-date: /workspace/towen/install/rosidl_runtime_c/share/rosidl_runtime_c/cmake/rosidl_runtime_cExport.cmake
-- Up-to-date: /workspace/towen/install/rosidl_runtime_c/share/rosidl_runtime_c/cmake/rosidl_runtime_cExport-noconfig.cmake
-- Up-to-date: /workspace/towen/install/rosidl_runtime_c/share/rosidl_runtime_c/cmake/ament_cmake_export_dependencies-extras.cmake
-- Up-to-date: /workspace/towen/install/rosidl_runtime_c/share/rosidl_runtime_c/cmake/ament_cmake_export_include_directories-extras.cmake
-- Up-to-date: /workspace/towen/install/rosidl_runtime_c/share/rosidl_runtime_c/cmake/ament_cmake_export_libraries-extras.cmake
-- Up-to-date: /workspace/towen/install/rosidl_runtime_c/share/rosidl_runtime_c/cmake/ament_cmake_export_targets-extras.cmake
-- Up-to-date: /workspace/towen/install/rosidl_runtime_c/share/rosidl_runtime_c/cmake/rosidl_runtime_cConfig.cmake
-- Up-to-date: /workspace/towen/install/rosidl_runtime_c/share/rosidl_runtime_c/cmake/rosidl_runtime_cConfig-version.cmake
-- Up-to-date: /workspace/towen/install/rosidl_runtime_c/share/rosidl_runtime_c/package.xml
