[0.202s] Invoking command in '/workspace/towen/build/vision_opencv': AMENT_PREFIX_PATH=/workspace/towen/install/image_geometry:/workspace/towen/install/cv_bridge:${AMENT_PREFIX_PATH} BYOBU_DATE=%Y-%m-%d CMAKE_PREFIX_PATH=/workspace/towen/install/image_geometry:/workspace/towen/install/cv_bridge:/opt/ros/humble LD_LIBRARY_PATH=/workspace/towen/install/image_geometry/lib:/workspace/towen/install/cv_bridge/lib:/opt/ros/humble/opt/rviz_ogre_vendor/lib:/opt/ros/humble/lib/aarch64-linux-gnu:/opt/ros/humble/lib:/usr/local/cuda/compat:/usr/local/cuda/lib64 PYTHONPATH=/workspace/towen/install/image_geometry/local/lib/python3.10/dist-packages:/workspace/towen/install/cv_bridge/local/lib/python3.10/dist-packages:${PYTHONPATH} /usr/local/bin/cmake --build /workspace/towen/build/vision_opencv -- -j6 -l6
[1.366s] Invoked command in '/workspace/towen/build/vision_opencv' returned '0': AMENT_PREFIX_PATH=/workspace/towen/install/image_geometry:/workspace/towen/install/cv_bridge:${AMENT_PREFIX_PATH} BYOBU_DATE=%Y-%m-%d CMAKE_PREFIX_PATH=/workspace/towen/install/image_geometry:/workspace/towen/install/cv_bridge:/opt/ros/humble LD_LIBRARY_PATH=/workspace/towen/install/image_geometry/lib:/workspace/towen/install/cv_bridge/lib:/opt/ros/humble/opt/rviz_ogre_vendor/lib:/opt/ros/humble/lib/aarch64-linux-gnu:/opt/ros/humble/lib:/usr/local/cuda/compat:/usr/local/cuda/lib64 PYTHONPATH=/workspace/towen/install/image_geometry/local/lib/python3.10/dist-packages:/workspace/towen/install/cv_bridge/local/lib/python3.10/dist-packages:${PYTHONPATH} /usr/local/bin/cmake --build /workspace/towen/build/vision_opencv -- -j6 -l6
[2.706s] Invoking command in '/workspace/towen/build/vision_opencv': AMENT_PREFIX_PATH=/workspace/towen/install/image_geometry:/workspace/towen/install/cv_bridge:${AMENT_PREFIX_PATH} BYOBU_DATE=%Y-%m-%d CMAKE_PREFIX_PATH=/workspace/towen/install/image_geometry:/workspace/towen/install/cv_bridge:/opt/ros/humble LD_LIBRARY_PATH=/workspace/towen/install/image_geometry/lib:/workspace/towen/install/cv_bridge/lib:/opt/ros/humble/opt/rviz_ogre_vendor/lib:/opt/ros/humble/lib/aarch64-linux-gnu:/opt/ros/humble/lib:/usr/local/cuda/compat:/usr/local/cuda/lib64 PYTHONPATH=/workspace/towen/install/image_geometry/local/lib/python3.10/dist-packages:/workspace/towen/install/cv_bridge/local/lib/python3.10/dist-packages:${PYTHONPATH} /usr/local/bin/cmake --install /workspace/towen/build/vision_opencv
[5.383s] -- Install configuration: ""
[5.383s] -- Up-to-date: /workspace/towen/install/vision_opencv/share/ament_index/resource_index/package_run_dependencies/vision_opencv
[5.383s] -- Up-to-date: /workspace/towen/install/vision_opencv/share/ament_index/resource_index/parent_prefix_path/vision_opencv
[5.384s] -- Up-to-date: /workspace/towen/install/vision_opencv/share/vision_opencv/environment/ament_prefix_path.sh
[5.384s] -- Up-to-date: /workspace/towen/install/vision_opencv/share/vision_opencv/environment/ament_prefix_path.dsv
[5.384s] -- Up-to-date: /workspace/towen/install/vision_opencv/share/vision_opencv/environment/path.sh
[5.384s] -- Up-to-date: /workspace/towen/install/vision_opencv/share/vision_opencv/environment/path.dsv
[5.384s] -- Up-to-date: /workspace/towen/install/vision_opencv/share/vision_opencv/local_setup.bash
[5.384s] -- Up-to-date: /workspace/towen/install/vision_opencv/share/vision_opencv/local_setup.sh
[5.384s] -- Up-to-date: /workspace/towen/install/vision_opencv/share/vision_opencv/local_setup.zsh
[5.384s] -- Up-to-date: /workspace/towen/install/vision_opencv/share/vision_opencv/local_setup.dsv
[5.385s] -- Installing: /workspace/towen/install/vision_opencv/share/vision_opencv/package.dsv
[5.385s] -- Up-to-date: /workspace/towen/install/vision_opencv/share/ament_index/resource_index/packages/vision_opencv
[5.385s] -- Up-to-date: /workspace/towen/install/vision_opencv/share/vision_opencv/cmake/vision_opencvConfig.cmake
[5.385s] -- Up-to-date: /workspace/towen/install/vision_opencv/share/vision_opencv/cmake/vision_opencvConfig-version.cmake
[5.385s] -- Up-to-date: /workspace/towen/install/vision_opencv/share/vision_opencv/package.xml
[5.523s] Invoked command in '/workspace/towen/build/vision_opencv' returned '0': AMENT_PREFIX_PATH=/workspace/towen/install/image_geometry:/workspace/towen/install/cv_bridge:${AMENT_PREFIX_PATH} BYOBU_DATE=%Y-%m-%d CMAKE_PREFIX_PATH=/workspace/towen/install/image_geometry:/workspace/towen/install/cv_bridge:/opt/ros/humble LD_LIBRARY_PATH=/workspace/towen/install/image_geometry/lib:/workspace/towen/install/cv_bridge/lib:/opt/ros/humble/opt/rviz_ogre_vendor/lib:/opt/ros/humble/lib/aarch64-linux-gnu:/opt/ros/humble/lib:/usr/local/cuda/compat:/usr/local/cuda/lib64 PYTHONPATH=/workspace/towen/install/image_geometry/local/lib/python3.10/dist-packages:/workspace/towen/install/cv_bridge/local/lib/python3.10/dist-packages:${PYTHONPATH} /usr/local/bin/cmake --install /workspace/towen/build/vision_opencv
