running egg_info
creating ../../build/imageprocess/imageprocess.egg-info
writing ../../build/imageprocess/imageprocess.egg-info/PKG-INFO
writing dependency_links to ../../build/imageprocess/imageprocess.egg-info/dependency_links.txt
writing entry points to ../../build/imageprocess/imageprocess.egg-info/entry_points.txt
writing requirements to ../../build/imageprocess/imageprocess.egg-info/requires.txt
writing top-level names to ../../build/imageprocess/imageprocess.egg-info/top_level.txt
writing manifest file '../../build/imageprocess/imageprocess.egg-info/SOURCES.txt'
reading manifest file '../../build/imageprocess/imageprocess.egg-info/SOURCES.txt'
adding license file 'LICENSE'
writing manifest file '../../build/imageprocess/imageprocess.egg-info/SOURCES.txt'
running build
running build_py
creating /home/iclab/Desktop/humanoid/build/imageprocess/build
creating /home/iclab/Desktop/humanoid/build/imageprocess/build/lib
creating /home/iclab/Desktop/humanoid/build/imageprocess/build/lib/imageprocess
copying imageprocess/__init__.py -> /home/iclab/Desktop/humanoid/build/imageprocess/build/lib/imageprocess
copying imageprocess/image_test.py -> /home/iclab/Desktop/humanoid/build/imageprocess/build/lib/imageprocess
copying imageprocess/123123.py -> /home/iclab/Desktop/humanoid/build/imageprocess/build/lib/imageprocess
copying imageprocess/camera_segment_headless.py -> /home/iclab/Desktop/humanoid/build/imageprocess/build/lib/imageprocess
copying imageprocess/dataunit.py -> /home/iclab/Desktop/humanoid/build/imageprocess/build/lib/imageprocess
copying imageprocess/image_0417.py -> /home/iclab/Desktop/humanoid/build/imageprocess/build/lib/imageprocess
copying imageprocess/imageprocess.py -> /home/iclab/Desktop/humanoid/build/imageprocess/build/lib/imageprocess
copying imageprocess/image.py -> /home/iclab/Desktop/humanoid/build/imageprocess/build/lib/imageprocess
copying imageprocess/modelparameter.py -> /home/iclab/Desktop/humanoid/build/imageprocess/build/lib/imageprocess
running install
running install_lib
running install_data
running install_egg_info
removing '/home/iclab/Desktop/humanoid/install/imageprocess/lib/python3.10/site-packages/imageprocess-0.0.0-py3.10.egg-info' (and everything under it)
Copying ../../build/imageprocess/imageprocess.egg-info to /home/iclab/Desktop/humanoid/install/imageprocess/lib/python3.10/site-packages/imageprocess-0.0.0-py3.10.egg-info
running install_scripts
Installing image script to /home/iclab/Desktop/humanoid/install/imageprocess/lib/imageprocess
Installing image_test script to /home/iclab/Desktop/humanoid/install/imageprocess/lib/imageprocess
Installing imageprocess script to /home/iclab/Desktop/humanoid/install/imageprocess/lib/imageprocess
writing list of installed files to '/home/iclab/Desktop/humanoid/build/imageprocess/install.log'
