[3.135s] Invoking command in '/workspace/towen/src/rosidl/rosidl_cli': BYOBU_DATE=%Y-%m-%d PYTHONPATH=/workspace/towen/build/rosidl_cli/prefix_override:/usr/lib/python3/dist-packages/colcon_core/task/python/colcon_distutils_commands:/workspace/towen/install/rosidl_cli/lib/python3.10/site-packages:${PYTHONPATH} /usr/bin/python3 -W ignore:setup.py install is deprecated setup.py egg_info --egg-base ../../../build/rosidl_cli build --build-base /workspace/towen/build/rosidl_cli/build install --record /workspace/towen/build/rosidl_cli/install.log --single-version-externally-managed install_data
[3.955s] running egg_info
[3.999s] writing ../../../build/rosidl_cli/rosidl_cli.egg-info/PKG-INFO
[4.001s] writing dependency_links to ../../../build/rosidl_cli/rosidl_cli.egg-info/dependency_links.txt
[4.003s] writing entry points to ../../../build/rosidl_cli/rosidl_cli.egg-info/entry_points.txt
[4.004s] writing requirements to ../../../build/rosidl_cli/rosidl_cli.egg-info/requires.txt
[4.005s] writing top-level names to ../../../build/rosidl_cli/rosidl_cli.egg-info/top_level.txt
[4.097s] reading manifest file '../../../build/rosidl_cli/rosidl_cli.egg-info/SOURCES.txt'
[4.101s] writing manifest file '../../../build/rosidl_cli/rosidl_cli.egg-info/SOURCES.txt'
[4.104s] running build
[4.109s] running build_py
[4.111s] copying rosidl_cli/entry_points.py -> /workspace/towen/build/rosidl_cli/build/lib/rosidl_cli
[4.112s] copying rosidl_cli/extensions.py -> /workspace/towen/build/rosidl_cli/build/lib/rosidl_cli
[4.113s] copying rosidl_cli/__init__.py -> /workspace/towen/build/rosidl_cli/build/lib/rosidl_cli
[4.114s] copying rosidl_cli/cli.py -> /workspace/towen/build/rosidl_cli/build/lib/rosidl_cli
[4.115s] copying rosidl_cli/common.py -> /workspace/towen/build/rosidl_cli/build/lib/rosidl_cli
[4.116s] copying rosidl_cli/command/__init__.py -> /workspace/towen/build/rosidl_cli/build/lib/rosidl_cli/command
[4.117s] copying rosidl_cli/command/helpers.py -> /workspace/towen/build/rosidl_cli/build/lib/rosidl_cli/command
[4.118s] copying rosidl_cli/command/translate/extensions.py -> /workspace/towen/build/rosidl_cli/build/lib/rosidl_cli/command/translate
[4.119s] copying rosidl_cli/command/translate/__init__.py -> /workspace/towen/build/rosidl_cli/build/lib/rosidl_cli/command/translate
[4.120s] copying rosidl_cli/command/translate/api.py -> /workspace/towen/build/rosidl_cli/build/lib/rosidl_cli/command/translate
[4.121s] copying rosidl_cli/command/generate/extensions.py -> /workspace/towen/build/rosidl_cli/build/lib/rosidl_cli/command/generate
[4.122s] copying rosidl_cli/command/generate/__init__.py -> /workspace/towen/build/rosidl_cli/build/lib/rosidl_cli/command/generate
[4.123s] copying rosidl_cli/command/generate/api.py -> /workspace/towen/build/rosidl_cli/build/lib/rosidl_cli/command/generate
[4.123s] running install
[4.124s] running install_lib
[4.173s] running install_data
[4.174s] copying resource/rosidl_cli -> /workspace/towen/install/rosidl_cli/share/ament_index/resource_index/packages
[4.175s] copying package.xml -> /workspace/towen/install/rosidl_cli/share/rosidl_cli
[4.176s] copying completion/rosidl-argcomplete.bash -> /workspace/towen/install/rosidl_cli/share/rosidl_cli/environment
[4.177s] copying completion/rosidl-argcomplete.zsh -> /workspace/towen/install/rosidl_cli/share/rosidl_cli/environment
[4.178s] running install_egg_info
[4.228s] removing '/workspace/towen/install/rosidl_cli/lib/python3.10/site-packages/rosidl_cli-3.1.7-py3.10.egg-info' (and everything under it)
[4.228s] Copying ../../../build/rosidl_cli/rosidl_cli.egg-info to /workspace/towen/install/rosidl_cli/lib/python3.10/site-packages/rosidl_cli-3.1.7-py3.10.egg-info
[4.229s] running install_scripts
[4.656s] Installing rosidl script to /workspace/towen/install/rosidl_cli/bin
[4.657s] writing list of installed files to '/workspace/towen/build/rosidl_cli/install.log'
[5.118s] Invoked command in '/workspace/towen/src/rosidl/rosidl_cli' returned '0': BYOBU_DATE=%Y-%m-%d PYTHONPATH=/workspace/towen/build/rosidl_cli/prefix_override:/usr/lib/python3/dist-packages/colcon_core/task/python/colcon_distutils_commands:/workspace/towen/install/rosidl_cli/lib/python3.10/site-packages:${PYTHONPATH} /usr/bin/python3 -W ignore:setup.py install is deprecated setup.py egg_info --egg-base ../../../build/rosidl_cli build --build-base /workspace/towen/build/rosidl_cli/build install --record /workspace/towen/build/rosidl_cli/install.log --single-version-externally-managed install_data
