[4.448s] Invoking command in '/home/iclab/Desktop/humanoid/src/motionpackage': BYOBU_DATE=%Y-%m-%d PYTHONPATH=/home/iclab/Desktop/humanoid/build/motionpackage/prefix_override:/usr/lib/python3/dist-packages/colcon_core/task/python/colcon_distutils_commands:/home/iclab/Desktop/humanoid/install/motionpackage/lib/python3.10/site-packages:${PYTHONPATH} /usr/bin/python3 -W ignore:setup.py install is deprecated -W ignore:easy_install command is deprecated setup.py egg_info --egg-base ../../build/motionpackage build --build-base /home/iclab/Desktop/humanoid/build/motionpackage/build install --record /home/iclab/Desktop/humanoid/build/motionpackage/install.log --single-version-externally-managed install_data
[5.978s] running egg_info
[5.987s] writing ../../build/motionpackage/motionpackage.egg-info/PKG-INFO
[5.989s] writing dependency_links to ../../build/motionpackage/motionpackage.egg-info/dependency_links.txt
[5.990s] writing entry points to ../../build/motionpackage/motionpackage.egg-info/entry_points.txt
[5.992s] writing requirements to ../../build/motionpackage/motionpackage.egg-info/requires.txt
[5.995s] writing top-level names to ../../build/motionpackage/motionpackage.egg-info/top_level.txt
[6.014s] reading manifest file '../../build/motionpackage/motionpackage.egg-info/SOURCES.txt'
[6.018s] writing manifest file '../../build/motionpackage/motionpackage.egg-info/SOURCES.txt'
[6.019s] running build
[6.019s] running build_py
[6.020s] running install
[6.022s] running install_lib
[6.027s] running install_data
[6.030s] running install_egg_info
[6.035s] removing '/home/iclab/Desktop/humanoid/install/motionpackage/lib/python3.10/site-packages/motionpackage-0.0.0-py3.10.egg-info' (and everything under it)
[6.047s] Copying ../../build/motionpackage/motionpackage.egg-info to /home/iclab/Desktop/humanoid/install/motionpackage/lib/python3.10/site-packages/motionpackage-0.0.0-py3.10.egg-info
[6.083s] running install_scripts
[6.136s] Installing motionpackage script to /home/iclab/Desktop/humanoid/install/motionpackage/lib/motionpackage
[6.137s] writing list of installed files to '/home/iclab/Desktop/humanoid/build/motionpackage/install.log'
[6.223s] Invoked command in '/home/iclab/Desktop/humanoid/src/motionpackage' returned '0': BYOBU_DATE=%Y-%m-%d PYTHONPATH=/home/iclab/Desktop/humanoid/build/motionpackage/prefix_override:/usr/lib/python3/dist-packages/colcon_core/task/python/colcon_distutils_commands:/home/iclab/Desktop/humanoid/install/motionpackage/lib/python3.10/site-packages:${PYTHONPATH} /usr/bin/python3 -W ignore:setup.py install is deprecated -W ignore:easy_install command is deprecated setup.py egg_info --egg-base ../../build/motionpackage build --build-base /home/iclab/Desktop/humanoid/build/motionpackage/build install --record /home/iclab/Desktop/humanoid/build/motionpackage/install.log --single-version-externally-managed install_data
