[3.554s] Invoking command in '/workspace/towen/src/motionpackage': BYOBU_DATE=%Y-%m-%d PYTHONPATH=/workspace/towen/build/motionpackage/prefix_override:/usr/lib/python3/dist-packages/colcon_core/task/python/colcon_distutils_commands:/workspace/towen/install/motionpackage/lib/python3.10/site-packages:${PYTHONPATH} /usr/bin/python3 -W ignore:setup.py install is deprecated setup.py egg_info --egg-base ../../build/motionpackage build --build-base /workspace/towen/build/motionpackage/build install --record /workspace/towen/build/motionpackage/install.log --single-version-externally-managed install_data
[4.363s] running egg_info
[4.419s] writing ../../build/motionpackage/motionpackage.egg-info/PKG-INFO
[4.421s] writing dependency_links to ../../build/motionpackage/motionpackage.egg-info/dependency_links.txt
[4.422s] writing entry points to ../../build/motionpackage/motionpackage.egg-info/entry_points.txt
[4.424s] writing requirements to ../../build/motionpackage/motionpackage.egg-info/requires.txt
[4.424s] writing top-level names to ../../build/motionpackage/motionpackage.egg-info/top_level.txt
[4.543s] reading manifest file '../../build/motionpackage/motionpackage.egg-info/SOURCES.txt'
[4.543s] adding license file 'LICENSE'
[4.548s] writing manifest file '../../build/motionpackage/motionpackage.egg-info/SOURCES.txt'
[4.549s] running build
[4.550s] running build_py
[4.552s] copying motionpackage/opencr_imu.py -> /workspace/towen/build/motionpackage/build/lib/motionpackage
[4.554s] copying motionpackage/test.py -> /workspace/towen/build/motionpackage/build/lib/motionpackage
[4.558s] copying motionpackage/__init__.py -> /workspace/towen/build/motionpackage/build/lib/motionpackage
[4.561s] copying motionpackage/import struct.py -> /workspace/towen/build/motionpackage/build/lib/motionpackage
[4.564s] copying motionpackage/walking.py -> /workspace/towen/build/motionpackage/build/lib/motionpackage
[4.566s] copying motionpackage/motionpackage.py -> /workspace/towen/build/motionpackage/build/lib/motionpackage
[4.569s] running install
[4.581s] running install_lib
[4.644s] copying /workspace/towen/build/motionpackage/build/lib/motionpackage/motionpackage.py -> /workspace/towen/install/motionpackage/lib/python3.10/site-packages/motionpackage
[4.649s] byte-compiling /workspace/towen/install/motionpackage/lib/python3.10/site-packages/motionpackage/motionpackage.py to motionpackage.cpython-310.pyc
[4.670s] running install_data
[4.673s] copying resource/motionpackage -> /workspace/towen/install/motionpackage/share/ament_index/resource_index/packages
[4.674s] copying package.xml -> /workspace/towen/install/motionpackage/share/motionpackage
[4.674s] running install_egg_info
[4.724s] removing '/workspace/towen/install/motionpackage/lib/python3.10/site-packages/motionpackage-0.0.0-py3.10.egg-info' (and everything under it)
[4.725s] Copying ../../build/motionpackage/motionpackage.egg-info to /workspace/towen/install/motionpackage/lib/python3.10/site-packages/motionpackage-0.0.0-py3.10.egg-info
[4.737s] running install_scripts
[5.169s] Installing motionpackage script to /workspace/towen/install/motionpackage/lib/motionpackage
[5.169s] writing list of installed files to '/workspace/towen/build/motionpackage/install.log'
[5.364s] Invoked command in '/workspace/towen/src/motionpackage' returned '0': BYOBU_DATE=%Y-%m-%d PYTHONPATH=/workspace/towen/build/motionpackage/prefix_override:/usr/lib/python3/dist-packages/colcon_core/task/python/colcon_distutils_commands:/workspace/towen/install/motionpackage/lib/python3.10/site-packages:${PYTHONPATH} /usr/bin/python3 -W ignore:setup.py install is deprecated setup.py egg_info --egg-base ../../build/motionpackage build --build-base /workspace/towen/build/motionpackage/build install --record /workspace/towen/build/motionpackage/install.log --single-version-externally-managed install_data
