[4.060s] Invoking command in '/workspace/towen/src/imageprocess': BYOBU_DATE=%Y-%m-%d PYTHONPATH=/workspace/towen/build/imageprocess/prefix_override:/usr/lib/python3/dist-packages/colcon_core/task/python/colcon_distutils_commands:/workspace/towen/install/imageprocess/lib/python3.10/site-packages:${PYTHONPATH} /usr/bin/python3 -W ignore:setup.py install is deprecated setup.py egg_info --egg-base ../../build/imageprocess build --build-base /workspace/towen/build/imageprocess/build install --record /workspace/towen/build/imageprocess/install.log --single-version-externally-managed install_data
[5.431s] running egg_info
[5.513s] writing ../../build/imageprocess/imageprocess.egg-info/PKG-INFO
[5.523s] writing dependency_links to ../../build/imageprocess/imageprocess.egg-info/dependency_links.txt
[5.532s] writing entry points to ../../build/imageprocess/imageprocess.egg-info/entry_points.txt
[5.532s] writing requirements to ../../build/imageprocess/imageprocess.egg-info/requires.txt
[5.532s] writing top-level names to ../../build/imageprocess/imageprocess.egg-info/top_level.txt
[5.696s] reading manifest file '../../build/imageprocess/imageprocess.egg-info/SOURCES.txt'
[5.697s] adding license file 'LICENSE'
[5.699s] writing manifest file '../../build/imageprocess/imageprocess.egg-info/SOURCES.txt'
[5.701s] running build
[5.701s] running build_py
[5.707s] copying imageprocess/modelparameter.py -> /workspace/towen/build/imageprocess/build/lib/imageprocess
[5.708s] copying imageprocess/image_0417.py -> /workspace/towen/build/imageprocess/build/lib/imageprocess
[5.709s] copying imageprocess/dataunit.py -> /workspace/towen/build/imageprocess/build/lib/imageprocess
[5.710s] copying imageprocess/123123.py -> /workspace/towen/build/imageprocess/build/lib/imageprocess
[5.713s] copying imageprocess/image_test.py -> /workspace/towen/build/imageprocess/build/lib/imageprocess
[5.714s] copying imageprocess/image.py -> /workspace/towen/build/imageprocess/build/lib/imageprocess
[5.715s] copying imageprocess/__init__.py -> /workspace/towen/build/imageprocess/build/lib/imageprocess
[5.716s] copying imageprocess/imageprocess.py -> /workspace/towen/build/imageprocess/build/lib/imageprocess
[5.717s] copying imageprocess/camera_segment_headless.py -> /workspace/towen/build/imageprocess/build/lib/imageprocess
[5.718s] running install
[5.730s] running install_lib
[5.795s] running install_data
[5.796s] copying resource/imageprocess -> /workspace/towen/install/imageprocess/share/ament_index/resource_index/packages
[5.797s] copying package.xml -> /workspace/towen/install/imageprocess/share/imageprocess
[5.797s] running install_egg_info
[5.865s] removing '/workspace/towen/install/imageprocess/lib/python3.10/site-packages/imageprocess-0.0.0-py3.10.egg-info' (and everything under it)
[5.871s] Copying ../../build/imageprocess/imageprocess.egg-info to /workspace/towen/install/imageprocess/lib/python3.10/site-packages/imageprocess-0.0.0-py3.10.egg-info
[5.871s] running install_scripts
[6.007s] Installing image script to /workspace/towen/install/imageprocess/lib/imageprocess
[6.008s] Installing image_test script to /workspace/towen/install/imageprocess/lib/imageprocess
[6.009s] Installing imageprocess script to /workspace/towen/install/imageprocess/lib/imageprocess
[6.017s] writing list of installed files to '/workspace/towen/build/imageprocess/install.log'
[6.957s] Invoked command in '/workspace/towen/src/imageprocess' returned '0': BYOBU_DATE=%Y-%m-%d PYTHONPATH=/workspace/towen/build/imageprocess/prefix_override:/usr/lib/python3/dist-packages/colcon_core/task/python/colcon_distutils_commands:/workspace/towen/install/imageprocess/lib/python3.10/site-packages:${PYTHONPATH} /usr/bin/python3 -W ignore:setup.py install is deprecated setup.py egg_info --egg-base ../../build/imageprocess build --build-base /workspace/towen/build/imageprocess/build install --record /workspace/towen/build/imageprocess/install.log --single-version-externally-managed install_data
