[3.209s] Invoking command in '/workspace/towen/src/motionpackage': BYOBU_DATE=%Y-%m-%d PYTHONPATH=/workspace/towen/build/motionpackage/prefix_override:/usr/lib/python3/dist-packages/colcon_core/task/python/colcon_distutils_commands:/workspace/towen/install/motionpackage/lib/python3.10/site-packages:${PYTHONPATH} /usr/bin/python3 -W ignore:setup.py install is deprecated setup.py egg_info --egg-base ../../build/motionpackage build --build-base /workspace/towen/build/motionpackage/build install --record /workspace/towen/build/motionpackage/install.log --single-version-externally-managed install_data
[4.400s] running egg_info
[4.466s] writing ../../build/motionpackage/motionpackage.egg-info/PKG-INFO
[4.468s] writing dependency_links to ../../build/motionpackage/motionpackage.egg-info/dependency_links.txt
[4.470s] writing entry points to ../../build/motionpackage/motionpackage.egg-info/entry_points.txt
[4.471s] writing requirements to ../../build/motionpackage/motionpackage.egg-info/requires.txt
[4.472s] writing top-level names to ../../build/motionpackage/motionpackage.egg-info/top_level.txt
[4.591s] reading manifest file '../../build/motionpackage/motionpackage.egg-info/SOURCES.txt'
[4.593s] adding license file 'LICENSE'
[4.596s] writing manifest file '../../build/motionpackage/motionpackage.egg-info/SOURCES.txt'
[4.597s] running build
[4.597s] running build_py
[4.597s] copying motionpackage/opencr_imu.py -> /workspace/towen/build/motionpackage/build/lib/motionpackage
[4.612s] copying motionpackage/test.py -> /workspace/towen/build/motionpackage/build/lib/motionpackage
[4.613s] copying motionpackage/__init__.py -> /workspace/towen/build/motionpackage/build/lib/motionpackage
[4.613s] copying motionpackage/motion_0725.py -> /workspace/towen/build/motionpackage/build/lib/motionpackage
[4.613s] copying motionpackage/import struct.py -> /workspace/towen/build/motionpackage/build/lib/motionpackage
[4.613s] copying motionpackage/walking.py -> /workspace/towen/build/motionpackage/build/lib/motionpackage
[4.613s] copying motionpackage/motionpackage.py -> /workspace/towen/build/motionpackage/build/lib/motionpackage
[4.613s] running install
[4.622s] running install_lib
[4.671s] copying /workspace/towen/build/motionpackage/build/lib/motionpackage/motionpackage.py -> /workspace/towen/install/motionpackage/lib/python3.10/site-packages/motionpackage
[4.672s] byte-compiling /workspace/towen/install/motionpackage/lib/python3.10/site-packages/motionpackage/motionpackage.py to motionpackage.cpython-310.pyc
[4.690s] running install_data
[4.691s] copying resource/motionpackage -> /workspace/towen/install/motionpackage/share/ament_index/resource_index/packages
[4.692s] copying package.xml -> /workspace/towen/install/motionpackage/share/motionpackage
[4.692s] running install_egg_info
[4.745s] removing '/workspace/towen/install/motionpackage/lib/python3.10/site-packages/motionpackage-0.0.0-py3.10.egg-info' (and everything under it)
[4.745s] Copying ../../build/motionpackage/motionpackage.egg-info to /workspace/towen/install/motionpackage/lib/python3.10/site-packages/motionpackage-0.0.0-py3.10.egg-info
[4.748s] running install_scripts
[5.337s] Installing motionpackage script to /workspace/towen/install/motionpackage/lib/motionpackage
[5.339s] writing list of installed files to '/workspace/towen/build/motionpackage/install.log'
[5.524s] Invoked command in '/workspace/towen/src/motionpackage' returned '0': BYOBU_DATE=%Y-%m-%d PYTHONPATH=/workspace/towen/build/motionpackage/prefix_override:/usr/lib/python3/dist-packages/colcon_core/task/python/colcon_distutils_commands:/workspace/towen/install/motionpackage/lib/python3.10/site-packages:${PYTHONPATH} /usr/bin/python3 -W ignore:setup.py install is deprecated setup.py egg_info --egg-base ../../build/motionpackage build --build-base /workspace/towen/build/motionpackage/build install --record /workspace/towen/build/motionpackage/install.log --single-version-externally-managed install_data
