[0.039s] Invoking command in '/workspace/towen/build/rosidl_generator_cpp': AMENT_PREFIX_PATH=/workspace/towen/install/rosidl_generator_c:/workspace/towen/install/rosidl_cmake:/workspace/towen/install/rosidl_runtime_cpp:/workspace/towen/install/rosidl_parser:/workspace/towen/install/rosidl_runtime_c:/workspace/towen/install/rosidl_adapter:/workspace/towen/install/rosidl_typesupport_interface:/workspace/towen/install/rosidl_cli:${AMENT_PREFIX_PATH} BYOBU_DATE=%Y-%m-%d CMAKE_PREFIX_PATH=/workspace/towen/install/rosidl_generator_c:/workspace/towen/install/rosidl_cmake:/workspace/towen/install/rosidl_runtime_cpp:/workspace/towen/install/rosidl_parser:/workspace/towen/install/rosidl_runtime_c:/workspace/towen/install/rosidl_adapter:/workspace/towen/install/rosidl_typesupport_interface:/opt/ros/humble LD_LIBRARY_PATH=/workspace/towen/install/rosidl_runtime_c/lib:/opt/ros/humble/opt/rviz_ogre_vendor/lib:/opt/ros/humble/lib/aarch64-linux-gnu:/opt/ros/humble/lib:/usr/local/cuda/compat:/usr/local/cuda/lib64 PATH=/workspace/towen/install/rosidl_cli/bin:${PATH} PYTHONPATH=/workspace/towen/install/rosidl_generator_c/local/lib/python3.10/dist-packages:/workspace/towen/install/rosidl_cmake/local/lib/python3.10/dist-packages:/workspace/towen/install/rosidl_parser/local/lib/python3.10/dist-packages:/workspace/towen/install/rosidl_adapter/local/lib/python3.10/dist-packages:/workspace/towen/install/rosidl_cli/lib/python3.10/site-packages:${PYTHONPATH} /usr/local/bin/cmake --build /workspace/towen/build/rosidl_generator_cpp -- -j6 -l6
[0.478s] [  0%] Built target ament_cmake_python_copy_rosidl_generator_cpp_setup
[0.592s] [ 10%] Built target gtest
[0.661s] [ 21%] Built target gtest_main
[0.762s] [ 26%] Built target rosidl_generator_cpp__cpp
[0.879s] [ 26%] Built target ament_cmake_python_copy_rosidl_generator_cpp
[0.976s] [ 26%] Built target rosidl_generator_cpp
[2.057s] running egg_info
[2.096s] writing rosidl_generator_cpp.egg-info/PKG-INFO
[2.096s] writing dependency_links to rosidl_generator_cpp.egg-info/dependency_links.txt
[2.102s] writing entry points to rosidl_generator_cpp.egg-info/entry_points.txt
[2.102s] writing top-level names to rosidl_generator_cpp.egg-info/top_level.txt
[2.208s] reading manifest file 'rosidl_generator_cpp.egg-info/SOURCES.txt'
[2.212s] writing manifest file 'rosidl_generator_cpp.egg-info/SOURCES.txt'
[2.369s] [ 26%] Built target ament_cmake_python_build_rosidl_generator_cpp_egg
[2.417s] [ 36%] Built target test_msg_datatype
[2.463s] [ 47%] Built target test_name
[2.554s] [ 57%] Built target test_traits
[2.650s] [ 68%] Built target test_interfaces_cpp
[2.711s] [ 78%] Built target test_srv_initialization
[2.751s] [ 89%] Built target test_msg_initialization
[2.797s] [100%] Built target test_msg_builder
[2.887s] Invoked command in '/workspace/towen/build/rosidl_generator_cpp' returned '0': AMENT_PREFIX_PATH=/workspace/towen/install/rosidl_generator_c:/workspace/towen/install/rosidl_cmake:/workspace/towen/install/rosidl_runtime_cpp:/workspace/towen/install/rosidl_parser:/workspace/towen/install/rosidl_runtime_c:/workspace/towen/install/rosidl_adapter:/workspace/towen/install/rosidl_typesupport_interface:/workspace/towen/install/rosidl_cli:${AMENT_PREFIX_PATH} BYOBU_DATE=%Y-%m-%d CMAKE_PREFIX_PATH=/workspace/towen/install/rosidl_generator_c:/workspace/towen/install/rosidl_cmake:/workspace/towen/install/rosidl_runtime_cpp:/workspace/towen/install/rosidl_parser:/workspace/towen/install/rosidl_runtime_c:/workspace/towen/install/rosidl_adapter:/workspace/towen/install/rosidl_typesupport_interface:/opt/ros/humble LD_LIBRARY_PATH=/workspace/towen/install/rosidl_runtime_c/lib:/opt/ros/humble/opt/rviz_ogre_vendor/lib:/opt/ros/humble/lib/aarch64-linux-gnu:/opt/ros/humble/lib:/usr/local/cuda/compat:/usr/local/cuda/lib64 PATH=/workspace/towen/install/rosidl_cli/bin:${PATH} PYTHONPATH=/workspace/towen/install/rosidl_generator_c/local/lib/python3.10/dist-packages:/workspace/towen/install/rosidl_cmake/local/lib/python3.10/dist-packages:/workspace/towen/install/rosidl_parser/local/lib/python3.10/dist-packages:/workspace/towen/install/rosidl_adapter/local/lib/python3.10/dist-packages:/workspace/towen/install/rosidl_cli/lib/python3.10/site-packages:${PYTHONPATH} /usr/local/bin/cmake --build /workspace/towen/build/rosidl_generator_cpp -- -j6 -l6
[3.599s] Invoking command in '/workspace/towen/build/rosidl_generator_cpp': AMENT_PREFIX_PATH=/workspace/towen/install/rosidl_generator_c:/workspace/towen/install/rosidl_cmake:/workspace/towen/install/rosidl_runtime_cpp:/workspace/towen/install/rosidl_parser:/workspace/towen/install/rosidl_runtime_c:/workspace/towen/install/rosidl_adapter:/workspace/towen/install/rosidl_typesupport_interface:/workspace/towen/install/rosidl_cli:${AMENT_PREFIX_PATH} BYOBU_DATE=%Y-%m-%d CMAKE_PREFIX_PATH=/workspace/towen/install/rosidl_generator_c:/workspace/towen/install/rosidl_cmake:/workspace/towen/install/rosidl_runtime_cpp:/workspace/towen/install/rosidl_parser:/workspace/towen/install/rosidl_runtime_c:/workspace/towen/install/rosidl_adapter:/workspace/towen/install/rosidl_typesupport_interface:/opt/ros/humble LD_LIBRARY_PATH=/workspace/towen/install/rosidl_runtime_c/lib:/opt/ros/humble/opt/rviz_ogre_vendor/lib:/opt/ros/humble/lib/aarch64-linux-gnu:/opt/ros/humble/lib:/usr/local/cuda/compat:/usr/local/cuda/lib64 PATH=/workspace/towen/install/rosidl_cli/bin:${PATH} PYTHONPATH=/workspace/towen/install/rosidl_generator_c/local/lib/python3.10/dist-packages:/workspace/towen/install/rosidl_cmake/local/lib/python3.10/dist-packages:/workspace/towen/install/rosidl_parser/local/lib/python3.10/dist-packages:/workspace/towen/install/rosidl_adapter/local/lib/python3.10/dist-packages:/workspace/towen/install/rosidl_cli/lib/python3.10/site-packages:${PYTHONPATH} /usr/local/bin/cmake --install /workspace/towen/build/rosidl_generator_cpp
[3.927s] -- Install configuration: ""
[3.929s] -- Up-to-date: /workspace/towen/install/rosidl_generator_cpp/share/ament_index/resource_index/rosidl_generator_packages/rosidl_generator_cpp
[3.929s] -- Up-to-date: /workspace/towen/install/rosidl_generator_cpp/share/rosidl_generator_cpp/environment/pythonpath.sh
[3.929s] -- Up-to-date: /workspace/towen/install/rosidl_generator_cpp/share/rosidl_generator_cpp/environment/pythonpath.dsv
[3.929s] -- Up-to-date: /workspace/towen/install/rosidl_generator_cpp/local/lib/python3.10/dist-packages/rosidl_generator_cpp-3.1.7-py3.10.egg-info
[3.930s] -- Installing: /workspace/towen/install/rosidl_generator_cpp/local/lib/python3.10/dist-packages/rosidl_generator_cpp-3.1.7-py3.10.egg-info/PKG-INFO
[3.930s] -- Installing: /workspace/towen/install/rosidl_generator_cpp/local/lib/python3.10/dist-packages/rosidl_generator_cpp-3.1.7-py3.10.egg-info/entry_points.txt
[3.930s] -- Installing: /workspace/towen/install/rosidl_generator_cpp/local/lib/python3.10/dist-packages/rosidl_generator_cpp-3.1.7-py3.10.egg-info/top_level.txt
[3.930s] -- Installing: /workspace/towen/install/rosidl_generator_cpp/local/lib/python3.10/dist-packages/rosidl_generator_cpp-3.1.7-py3.10.egg-info/SOURCES.txt
[3.930s] -- Installing: /workspace/towen/install/rosidl_generator_cpp/local/lib/python3.10/dist-packages/rosidl_generator_cpp-3.1.7-py3.10.egg-info/dependency_links.txt
[3.931s] -- Up-to-date: /workspace/towen/install/rosidl_generator_cpp/local/lib/python3.10/dist-packages/rosidl_generator_cpp
[3.931s] -- Up-to-date: /workspace/towen/install/rosidl_generator_cpp/local/lib/python3.10/dist-packages/rosidl_generator_cpp/__init__.py
[3.931s] -- Up-to-date: /workspace/towen/install/rosidl_generator_cpp/local/lib/python3.10/dist-packages/rosidl_generator_cpp/cli.py
[4.039s] Listing '/workspace/towen/install/rosidl_generator_cpp/local/lib/python3.10/dist-packages/rosidl_generator_cpp'...
[4.064s] -- Up-to-date: /workspace/towen/install/rosidl_generator_cpp/share/ament_index/resource_index/package_run_dependencies/rosidl_generator_cpp
[4.065s] -- Up-to-date: /workspace/towen/install/rosidl_generator_cpp/share/ament_index/resource_index/parent_prefix_path/rosidl_generator_cpp
[4.065s] -- Up-to-date: /workspace/towen/install/rosidl_generator_cpp/share/rosidl_generator_cpp/environment/ament_prefix_path.sh
[4.065s] -- Up-to-date: /workspace/towen/install/rosidl_generator_cpp/share/rosidl_generator_cpp/environment/ament_prefix_path.dsv
[4.065s] -- Up-to-date: /workspace/towen/install/rosidl_generator_cpp/share/rosidl_generator_cpp/environment/path.sh
[4.065s] -- Up-to-date: /workspace/towen/install/rosidl_generator_cpp/share/rosidl_generator_cpp/environment/path.dsv
[4.065s] -- Up-to-date: /workspace/towen/install/rosidl_generator_cpp/share/rosidl_generator_cpp/local_setup.bash
[4.066s] -- Up-to-date: /workspace/towen/install/rosidl_generator_cpp/share/rosidl_generator_cpp/local_setup.sh
[4.066s] -- Up-to-date: /workspace/towen/install/rosidl_generator_cpp/share/rosidl_generator_cpp/local_setup.zsh
[4.066s] -- Up-to-date: /workspace/towen/install/rosidl_generator_cpp/share/rosidl_generator_cpp/local_setup.dsv
[4.066s] -- Installing: /workspace/towen/install/rosidl_generator_cpp/share/rosidl_generator_cpp/package.dsv
[4.066s] -- Up-to-date: /workspace/towen/install/rosidl_generator_cpp/share/ament_index/resource_index/packages/rosidl_generator_cpp
[4.066s] -- Up-to-date: /workspace/towen/install/rosidl_generator_cpp/share/rosidl_generator_cpp/cmake/rosidl_generator_cpp-extras.cmake
[4.066s] -- Up-to-date: /workspace/towen/install/rosidl_generator_cpp/share/rosidl_generator_cpp/cmake/ament_cmake_export_dependencies-extras.cmake
[4.069s] -- Up-to-date: /workspace/towen/install/rosidl_generator_cpp/share/rosidl_generator_cpp/cmake/rosidl_cmake-extras.cmake
[4.069s] -- Up-to-date: /workspace/towen/install/rosidl_generator_cpp/share/rosidl_generator_cpp/cmake/rosidl_generator_cppConfig.cmake
[4.070s] -- Up-to-date: /workspace/towen/install/rosidl_generator_cpp/share/rosidl_generator_cpp/cmake/rosidl_generator_cppConfig-version.cmake
[4.070s] -- Up-to-date: /workspace/towen/install/rosidl_generator_cpp/share/rosidl_generator_cpp/package.xml
[4.070s] -- Up-to-date: /workspace/towen/install/rosidl_generator_cpp/lib/rosidl_generator_cpp/rosidl_generator_cpp
[4.070s] -- Up-to-date: /workspace/towen/install/rosidl_generator_cpp/share/rosidl_generator_cpp/cmake
[4.070s] -- Up-to-date: /workspace/towen/install/rosidl_generator_cpp/share/rosidl_generator_cpp/cmake/rosidl_generator_cpp_generate_interfaces.cmake
[4.070s] -- Up-to-date: /workspace/towen/install/rosidl_generator_cpp/share/rosidl_generator_cpp/cmake/register_cpp.cmake
[4.070s] -- Up-to-date: /workspace/towen/install/rosidl_generator_cpp/share/rosidl_generator_cpp/resource
[4.071s] -- Up-to-date: /workspace/towen/install/rosidl_generator_cpp/share/rosidl_generator_cpp/resource/idl.hpp.em
[4.071s] -- Up-to-date: /workspace/towen/install/rosidl_generator_cpp/share/rosidl_generator_cpp/resource/msg__type_support.hpp.em
[4.071s] -- Up-to-date: /workspace/towen/install/rosidl_generator_cpp/share/rosidl_generator_cpp/resource/action__struct.hpp.em
[4.071s] -- Up-to-date: /workspace/towen/install/rosidl_generator_cpp/share/rosidl_generator_cpp/resource/action__traits.hpp.em
[4.071s] -- Up-to-date: /workspace/towen/install/rosidl_generator_cpp/share/rosidl_generator_cpp/resource/idl__struct.hpp.em
[4.071s] -- Up-to-date: /workspace/towen/install/rosidl_generator_cpp/share/rosidl_generator_cpp/resource/rosidl_generator_cpp__visibility_control.hpp.in
[4.071s] -- Up-to-date: /workspace/towen/install/rosidl_generator_cpp/share/rosidl_generator_cpp/resource/msg__builder.hpp.em
[4.081s] -- Up-to-date: /workspace/towen/install/rosidl_generator_cpp/share/rosidl_generator_cpp/resource/action__builder.hpp.em
[4.082s] -- Up-to-date: /workspace/towen/install/rosidl_generator_cpp/share/rosidl_generator_cpp/resource/idl__traits.hpp.em
[4.082s] -- Up-to-date: /workspace/towen/install/rosidl_generator_cpp/share/rosidl_generator_cpp/resource/action__type_support.hpp.em
[4.082s] -- Up-to-date: /workspace/towen/install/rosidl_generator_cpp/share/rosidl_generator_cpp/resource/srv__type_support.hpp.em
[4.082s] -- Up-to-date: /workspace/towen/install/rosidl_generator_cpp/share/rosidl_generator_cpp/resource/idl__type_support.hpp.em
[4.082s] -- Up-to-date: /workspace/towen/install/rosidl_generator_cpp/share/rosidl_generator_cpp/resource/msg__traits.hpp.em
[4.083s] -- Up-to-date: /workspace/towen/install/rosidl_generator_cpp/share/rosidl_generator_cpp/resource/srv__struct.hpp.em
[4.083s] -- Up-to-date: /workspace/towen/install/rosidl_generator_cpp/share/rosidl_generator_cpp/resource/idl__builder.hpp.em
[4.083s] -- Up-to-date: /workspace/towen/install/rosidl_generator_cpp/share/rosidl_generator_cpp/resource/srv__builder.hpp.em
[4.083s] -- Up-to-date: /workspace/towen/install/rosidl_generator_cpp/share/rosidl_generator_cpp/resource/msg__struct.hpp.em
[4.083s] -- Up-to-date: /workspace/towen/install/rosidl_generator_cpp/share/rosidl_generator_cpp/resource/srv__traits.hpp.em
[4.159s] Invoked command in '/workspace/towen/build/rosidl_generator_cpp' returned '0': AMENT_PREFIX_PATH=/workspace/towen/install/rosidl_generator_c:/workspace/towen/install/rosidl_cmake:/workspace/towen/install/rosidl_runtime_cpp:/workspace/towen/install/rosidl_parser:/workspace/towen/install/rosidl_runtime_c:/workspace/towen/install/rosidl_adapter:/workspace/towen/install/rosidl_typesupport_interface:/workspace/towen/install/rosidl_cli:${AMENT_PREFIX_PATH} BYOBU_DATE=%Y-%m-%d CMAKE_PREFIX_PATH=/workspace/towen/install/rosidl_generator_c:/workspace/towen/install/rosidl_cmake:/workspace/towen/install/rosidl_runtime_cpp:/workspace/towen/install/rosidl_parser:/workspace/towen/install/rosidl_runtime_c:/workspace/towen/install/rosidl_adapter:/workspace/towen/install/rosidl_typesupport_interface:/opt/ros/humble LD_LIBRARY_PATH=/workspace/towen/install/rosidl_runtime_c/lib:/opt/ros/humble/opt/rviz_ogre_vendor/lib:/opt/ros/humble/lib/aarch64-linux-gnu:/opt/ros/humble/lib:/usr/local/cuda/compat:/usr/local/cuda/lib64 PATH=/workspace/towen/install/rosidl_cli/bin:${PATH} PYTHONPATH=/workspace/towen/install/rosidl_generator_c/local/lib/python3.10/dist-packages:/workspace/towen/install/rosidl_cmake/local/lib/python3.10/dist-packages:/workspace/towen/install/rosidl_parser/local/lib/python3.10/dist-packages:/workspace/towen/install/rosidl_adapter/local/lib/python3.10/dist-packages:/workspace/towen/install/rosidl_cli/lib/python3.10/site-packages:${PYTHONPATH} /usr/local/bin/cmake --install /workspace/towen/build/rosidl_generator_cpp
