[2.829s] Invoking command in '/workspace/towen/build/imageprocess': BYOBU_DATE=%Y-%m-%d PYTHONPATH=/workspace/towen/build/imageprocess/prefix_override:/usr/lib/python3/dist-packages/colcon_core/task/python/colcon_distutils_commands:/workspace/towen/install/imageprocess/lib/python3.10/site-packages:${PYTHONPATH} /usr/bin/python3 -W ignore:setup.py install is deprecated setup.py develop --uninstall --editable --build-directory /workspace/towen/build/imageprocess/build
[4.186s] running develop
[4.187s] /usr/local/lib/python3.10/dist-packages/setuptools/command/develop.py:41: EasyInstallDeprecationWarning: easy_install command is deprecated.
[4.187s] !!
[4.187s] 
[4.187s]         ********************************************************************************
[4.187s]         Please avoid running ``setup.py`` and ``easy_install``.
[4.187s]         Instead, use pypa/build, pypa/installer or other
[4.188s]         standards-based tools.
[4.188s] 
[4.188s]         See https://github.com/pypa/setuptools/issues/917 for details.
[4.188s]         ********************************************************************************
[4.188s] 
[4.188s] !!
[4.188s]   easy_install.initialize_options(self)
[5.078s] Removing /workspace/towen/install/imageprocess/lib/python3.10/site-packages/imageprocess.egg-link (link to .)
[5.226s] Invoked command in '/workspace/towen/build/imageprocess' returned '0': BYOBU_DATE=%Y-%m-%d PYTHONPATH=/workspace/towen/build/imageprocess/prefix_override:/usr/lib/python3/dist-packages/colcon_core/task/python/colcon_distutils_commands:/workspace/towen/install/imageprocess/lib/python3.10/site-packages:${PYTHONPATH} /usr/bin/python3 -W ignore:setup.py install is deprecated setup.py develop --uninstall --editable --build-directory /workspace/towen/build/imageprocess/build
[5.227s] Invoking command in '/workspace/towen/src/imageprocess': BYOBU_DATE=%Y-%m-%d PYTHONPATH=/workspace/towen/build/imageprocess/prefix_override:/usr/lib/python3/dist-packages/colcon_core/task/python/colcon_distutils_commands:/workspace/towen/install/imageprocess/lib/python3.10/site-packages:${PYTHONPATH} /usr/bin/python3 -W ignore:setup.py install is deprecated setup.py egg_info --egg-base ../../build/imageprocess build --build-base /workspace/towen/build/imageprocess/build install --record /workspace/towen/build/imageprocess/install.log --single-version-externally-managed install_data --force
[6.249s] running egg_info
[6.292s] writing ../../build/imageprocess/imageprocess.egg-info/PKG-INFO
[6.293s] writing dependency_links to ../../build/imageprocess/imageprocess.egg-info/dependency_links.txt
[6.294s] writing entry points to ../../build/imageprocess/imageprocess.egg-info/entry_points.txt
[6.294s] writing requirements to ../../build/imageprocess/imageprocess.egg-info/requires.txt
[6.295s] writing top-level names to ../../build/imageprocess/imageprocess.egg-info/top_level.txt
[6.389s] reading manifest file '../../build/imageprocess/imageprocess.egg-info/SOURCES.txt'
[6.390s] adding license file 'LICENSE'
[6.392s] writing manifest file '../../build/imageprocess/imageprocess.egg-info/SOURCES.txt'
[6.393s] running build
[6.393s] running build_py
[6.393s] creating /workspace/towen/build/imageprocess/build/lib/imageprocess
[6.394s] copying imageprocess/modelparameter.py -> /workspace/towen/build/imageprocess/build/lib/imageprocess
[6.394s] copying imageprocess/image_0417.py -> /workspace/towen/build/imageprocess/build/lib/imageprocess
[6.395s] copying imageprocess/dataunit.py -> /workspace/towen/build/imageprocess/build/lib/imageprocess
[6.395s] copying imageprocess/123123.py -> /workspace/towen/build/imageprocess/build/lib/imageprocess
[6.395s] copying imageprocess/image_test.py -> /workspace/towen/build/imageprocess/build/lib/imageprocess
[6.396s] copying imageprocess/image.py -> /workspace/towen/build/imageprocess/build/lib/imageprocess
[6.396s] copying imageprocess/__init__.py -> /workspace/towen/build/imageprocess/build/lib/imageprocess
[6.397s] copying imageprocess/imageprocess.py -> /workspace/towen/build/imageprocess/build/lib/imageprocess
[6.397s] copying imageprocess/camera_segment_headless.py -> /workspace/towen/build/imageprocess/build/lib/imageprocess
[6.398s] running install
[6.409s] running install_lib
[6.454s] creating /workspace/towen/install/imageprocess/lib/python3.10/site-packages/imageprocess
[6.454s] copying /workspace/towen/build/imageprocess/build/lib/imageprocess/modelparameter.py -> /workspace/towen/install/imageprocess/lib/python3.10/site-packages/imageprocess
[6.454s] copying /workspace/towen/build/imageprocess/build/lib/imageprocess/image_0417.py -> /workspace/towen/install/imageprocess/lib/python3.10/site-packages/imageprocess
[6.456s] copying /workspace/towen/build/imageprocess/build/lib/imageprocess/dataunit.py -> /workspace/towen/install/imageprocess/lib/python3.10/site-packages/imageprocess
[6.456s] copying /workspace/towen/build/imageprocess/build/lib/imageprocess/123123.py -> /workspace/towen/install/imageprocess/lib/python3.10/site-packages/imageprocess
[6.456s] copying /workspace/towen/build/imageprocess/build/lib/imageprocess/image_test.py -> /workspace/towen/install/imageprocess/lib/python3.10/site-packages/imageprocess
[6.456s] copying /workspace/towen/build/imageprocess/build/lib/imageprocess/image.py -> /workspace/towen/install/imageprocess/lib/python3.10/site-packages/imageprocess
[6.457s] copying /workspace/towen/build/imageprocess/build/lib/imageprocess/__init__.py -> /workspace/towen/install/imageprocess/lib/python3.10/site-packages/imageprocess
[6.457s] copying /workspace/towen/build/imageprocess/build/lib/imageprocess/imageprocess.py -> /workspace/towen/install/imageprocess/lib/python3.10/site-packages/imageprocess
[6.457s] copying /workspace/towen/build/imageprocess/build/lib/imageprocess/camera_segment_headless.py -> /workspace/towen/install/imageprocess/lib/python3.10/site-packages/imageprocess
[6.459s] byte-compiling /workspace/towen/install/imageprocess/lib/python3.10/site-packages/imageprocess/modelparameter.py to modelparameter.cpython-310.pyc
[6.465s] byte-compiling /workspace/towen/install/imageprocess/lib/python3.10/site-packages/imageprocess/image_0417.py to image_0417.cpython-310.pyc
[6.468s] byte-compiling /workspace/towen/install/imageprocess/lib/python3.10/site-packages/imageprocess/dataunit.py to dataunit.cpython-310.pyc
[6.471s] byte-compiling /workspace/towen/install/imageprocess/lib/python3.10/site-packages/imageprocess/123123.py to 123123.cpython-310.pyc
[6.472s] byte-compiling /workspace/towen/install/imageprocess/lib/python3.10/site-packages/imageprocess/image_test.py to image_test.cpython-310.pyc
[6.482s] byte-compiling /workspace/towen/install/imageprocess/lib/python3.10/site-packages/imageprocess/image.py to image.cpython-310.pyc
[6.488s] byte-compiling /workspace/towen/install/imageprocess/lib/python3.10/site-packages/imageprocess/__init__.py to __init__.cpython-310.pyc
[6.489s] byte-compiling /workspace/towen/install/imageprocess/lib/python3.10/site-packages/imageprocess/imageprocess.py to imageprocess.cpython-310.pyc
[6.493s] byte-compiling /workspace/towen/install/imageprocess/lib/python3.10/site-packages/imageprocess/camera_segment_headless.py to camera_segment_headless.cpython-310.pyc
[6.494s] running install_data
[6.496s] copying resource/imageprocess -> /workspace/towen/install/imageprocess/share/ament_index/resource_index/packages
[6.497s] copying package.xml -> /workspace/towen/install/imageprocess/share/imageprocess
[6.497s] running install_egg_info
[6.561s] Copying ../../build/imageprocess/imageprocess.egg-info to /workspace/towen/install/imageprocess/lib/python3.10/site-packages/imageprocess-0.0.0-py3.10.egg-info
[6.561s] running install_scripts
[6.956s] Installing image script to /workspace/towen/install/imageprocess/lib/imageprocess
[6.957s] Installing image_test script to /workspace/towen/install/imageprocess/lib/imageprocess
[6.957s] Installing imageprocess script to /workspace/towen/install/imageprocess/lib/imageprocess
[6.961s] writing list of installed files to '/workspace/towen/build/imageprocess/install.log'
[7.082s] Invoked command in '/workspace/towen/src/imageprocess' returned '0': BYOBU_DATE=%Y-%m-%d PYTHONPATH=/workspace/towen/build/imageprocess/prefix_override:/usr/lib/python3/dist-packages/colcon_core/task/python/colcon_distutils_commands:/workspace/towen/install/imageprocess/lib/python3.10/site-packages:${PYTHONPATH} /usr/bin/python3 -W ignore:setup.py install is deprecated setup.py egg_info --egg-base ../../build/imageprocess build --build-base /workspace/towen/build/imageprocess/build install --record /workspace/towen/build/imageprocess/install.log --single-version-externally-managed install_data --force
