[0.041s] Invoking command in '/home/iclab/Desktop/humanoid/build/usb_cam': AMENT_PREFIX_PATH=/home/iclab/Desktop/humanoid/install/tku_msgs:${AMENT_PREFIX_PATH} BYOBU_DATE=%Y-%m-%d CMAKE_PREFIX_PATH=/home/iclab/Desktop/humanoid/install/tku_msgs:/opt/ros/humble LD_LIBRARY_PATH=/home/iclab/Desktop/humanoid/install/tku_msgs/lib:/usr/local/cuda-12.6/lib64:/opt/ros/humble/opt/rviz_ogre_vendor/lib:/opt/ros/humble/lib/aarch64-linux-gnu:/opt/ros/humble/lib:/usr/local/cuda-12.6/lib64 PYTHONPATH=/home/iclab/Desktop/humanoid/install/tku_msgs/local/lib/python3.10/dist-packages:${PYTHONPATH} /usr/bin/cmake /home/iclab/Desktop/humanoid/src/usb_cam -DCMAKE_INSTALL_PREFIX=/home/iclab/Desktop/humanoid/install/usb_cam
[0.199s] -- The C compiler identification is GNU 11.4.0
[0.330s] -- The CXX compiler identification is GNU 11.4.0
[0.363s] -- Detecting C compiler ABI info
[0.507s] -- Detecting C compiler ABI info - done
[0.525s] -- Check for working C compiler: /usr/bin/cc - skipped
[0.536s] -- Detecting C compile features
[0.538s] -- Detecting C compile features - done
[0.550s] -- Detecting CXX compiler ABI info
[0.711s] -- Detecting CXX compiler ABI info - done
[0.731s] -- Check for working CXX compiler: /usr/bin/c++ - skipped
[0.731s] -- Detecting CXX compile features
[0.733s] -- Detecting CXX compile features - done
[0.740s] -- Found ament_cmake_auto: 1.3.11 (/opt/ros/humble/share/ament_cmake_auto/cmake)
[1.069s] -- Found Python3: /usr/bin/python3 (found version "3.10.12") found components: Interpreter 
[1.553s] -- Found rosidl_generator_c: 3.1.6 (/opt/ros/humble/share/rosidl_generator_c/cmake)
[1.563s] -- Found rosidl_adapter: 3.1.6 (/opt/ros/humble/share/rosidl_adapter/cmake)
[1.583s] -- Found rosidl_generator_cpp: 3.1.6 (/opt/ros/humble/share/rosidl_generator_cpp/cmake)
[1.611s] -- Using all available rosidl_typesupport_c: rosidl_typesupport_fastrtps_c;rosidl_typesupport_introspection_c
[1.645s] -- Using all available rosidl_typesupport_cpp: rosidl_typesupport_fastrtps_cpp;rosidl_typesupport_introspection_cpp
[1.740s] -- Found rmw_implementation_cmake: 6.1.2 (/opt/ros/humble/share/rmw_implementation_cmake/cmake)
[1.746s] -- Found rmw_fastrtps_cpp: 6.2.7 (/opt/ros/humble/share/rmw_fastrtps_cpp/cmake)
[1.924s] -- Found OpenSSL: /usr/lib/aarch64-linux-gnu/libcrypto.so (found version "3.0.2")  
[1.985s] -- Found FastRTPS: /opt/ros/humble/include  
[2.063s] -- Using RMW implementation 'rmw_fastrtps_cpp' as default
[2.082s] -- Looking for pthread.h
[2.223s] -- Looking for pthread.h - found
[2.223s] -- Performing Test CMAKE_HAVE_LIBC_PTHREAD
[2.372s] -- Performing Test CMAKE_HAVE_LIBC_PTHREAD - Success
[2.376s] -- Found Threads: TRUE  
[2.918s] -- Found OpenCV: /usr/local (found version "4.8.0") 
[2.927s] -- Found PkgConfig: /usr/bin/pkg-config (found version "0.29.2") 
[2.928s] -- Checking for module 'libavcodec'
[2.951s] --   Found libavcodec, version 58.134.100
[3.008s] -- Checking for module 'libavutil'
[3.032s] --   Found libavutil, version 56.70.100
[3.091s] -- Checking for module 'libswscale'
[3.115s] --   Found libswscale, version 5.9.100
[3.190s] -- Found ament_lint_auto: 0.12.11 (/opt/ros/humble/share/ament_lint_auto/cmake)
[3.243s] -- Found gtest sources under '/opt/ros/humble/src/gtest_vendor': C++ tests using 'Google Test' will be built
[3.269s] -- Added test 'copyright' to check source files copyright and LICENSE
[3.286s] -- Added test 'cppcheck' to perform static code analysis on C / C++ code
[3.287s] -- Configured cppcheck include dirs: /home/iclab/Desktop/humanoid/src/usb_cam/include
[3.287s] -- Configured cppcheck exclude dirs and/or files: 
[3.297s] -- Added test 'cpplint' to check C / C++ code against the Google style
[3.297s] -- Configured cpplint exclude dirs and/or files: 
[3.299s] -- Added test 'flake8' to check Python code syntax and style conventions
[3.302s] -- Added test 'lint_cmake' to check CMake code style
[3.308s] -- Added test 'pep257' to check Python code against some of the docstring style conventions in PEP 257
[3.320s] -- Added test 'uncrustify' to check C / C++ code style
[3.320s] -- Configured uncrustify additional arguments: 
[3.324s] -- Added test 'xmllint' to check XML markup files
[3.331s] -- Configuring done
[3.392s] -- Generating done
[3.410s] -- Build files have been written to: /home/iclab/Desktop/humanoid/build/usb_cam
