[0.704s] Invoking command in '/workspace/towen/build/rosidl_runtime_cpp': BYOBU_DATE=%Y-%m-%d CMAKE_PREFIX_PATH=/workspace/towen/install/rosidl_runtime_c:/workspace/towen/install/rosidl_typesupport_interface:/workspace/towen/install/zed_ros2:/workspace/towen/install/zed_wrapper:/workspace/towen/install/zed_components:/workspace/towen/install/webrtc_ros_msgs:/workspace/towen/install/web_video_server:/workspace/towen/install/vision_opencv:/workspace/towen/install/usb_cam:/workspace/towen/install/tku_msgs:/workspace/towen/install/rosidl_typesupport_introspection_tests:/workspace/towen/install/rosidl_typesupport_introspection_cpp:/workspace/towen/install/rosidl_typesupport_introspection_c:/workspace/towen/install/rosidl_generator_cpp:/workspace/towen/install/rosidl_runtime_cpp:/workspace/towen/install/rosidl_generator_c:/workspace/towen/install/rosidl_cmake:/workspace/towen/install/rosidl_parser:/workspace/towen/install/rosidl_adapter:/workspace/towen/install/image_geometry:/workspace/towen/install/cv_bridge:/opt/ros/humble/install:/workspace/towen/install/strategy:/workspace/towen/install/rosidl_cli:/workspace/towen/install/opencv_tests:/workspace/towen/install/motionpackage:/workspace/towen/install/imageprocess:/opt/ros/humble LD_LIBRARY_PATH=/workspace/towen/install/rosidl_runtime_c/lib:/workspace/towen/install/zed_components/lib:/workspace/towen/install/webrtc_ros_msgs/lib:/workspace/towen/install/usb_cam/lib:/workspace/towen/install/tku_msgs/lib:/workspace/towen/install/rosidl_typesupport_introspection_cpp/lib:/workspace/towen/install/rosidl_typesupport_introspection_c/lib:/workspace/towen/install/image_geometry/lib:/workspace/towen/install/cv_bridge/lib:/opt/ros/humble/opt/rviz_ogre_vendor/lib:/opt/ros/humble/lib/aarch64-linux-gnu:/opt/ros/humble/lib:/opt/ros/humble/install/opt/rviz_ogre_vendor/lib:/opt/ros/humble/install/lib:/usr/local/cuda/compat:/usr/local/cuda/lib64 /usr/local/bin/cmake /workspace/towen/src/rosidl/rosidl_runtime_cpp -DAMENT_CMAKE_SYMLINK_INSTALL=1 -DCMAKE_INSTALL_PREFIX=/workspace/towen/install/rosidl_runtime_cpp
[1.074s] -- The C compiler identification is GNU 11.4.0
[1.369s] -- The CXX compiler identification is GNU 11.4.0
[1.405s] -- Detecting C compiler ABI info
[1.631s] -- Detecting C compiler ABI info - done
[1.676s] -- Check for working C compiler: /usr/bin/cc - skipped
[1.677s] -- Detecting C compile features
[1.677s] -- Detecting C compile features - done
[1.688s] -- Detecting CXX compiler ABI info
[2.046s] -- Detecting CXX compiler ABI info - done
[2.084s] -- Check for working CXX compiler: /usr/bin/c++ - skipped
[2.085s] -- Detecting CXX compile features
[2.094s] -- Detecting CXX compile features - done
[2.097s] -- Found ament_cmake: 1.3.10 (/opt/ros/humble/install/share/ament_cmake/cmake)
[2.691s] -- Found Python3: /usr/local/bin/python3 (found version "3.10.12") found components: Interpreter
[3.027s] -- Override CMake install command with custom implementation using symlinks instead of copying resources
[3.252s] -- Found rosidl_runtime_c: 3.1.7 (/workspace/towen/install/rosidl_runtime_c/share/rosidl_runtime_c/cmake)
[3.331s] -- Found ament_lint_auto: 0.12.11 (/opt/ros/humble/install/share/ament_lint_auto/cmake)
[3.342s] -- Found performance_test_fixture: 0.0.9 (/opt/ros/humble/install/share/performance_test_fixture/cmake)
[3.706s] -- Found gtest sources under '/opt/ros/humble/install/src/gtest_vendor': C++ tests using 'Google Test' will be built
[3.716s] -- Performing Test CMAKE_HAVE_LIBC_PTHREAD
[4.067s] -- Performing Test CMAKE_HAVE_LIBC_PTHREAD - Success
[4.068s] -- Found Threads: TRUE
[4.068s] -- Performance tests are disabled by default, so Google Benchmark tests will be skipped. To enable these tests, set the CMake variable 'AMENT_RUN_PERFORMANCE_TESTS'.
[4.085s] -- Added test 'copyright' to check source files copyright and LICENSE
[4.092s] -- Added test 'cppcheck' to perform static code analysis on C / C++ code
[4.092s] -- Configured cppcheck include dirs: /opt/ros/humble/install/include;$<BUILD_INTERFACE:/workspace/towen/src/rosidl/rosidl_runtime_cpp/include>
[4.092s] -- Configured cppcheck exclude dirs and/or files: 
[4.099s] -- Added test 'cpplint' to check C / C++ code against the Google style
[4.099s] -- Configured cpplint exclude dirs and/or files: 
[4.099s] -- Added test 'lint_cmake' to check CMake code style
[4.104s] -- Added test 'uncrustify' to check C / C++ code style
[4.104s] -- Configured uncrustify additional arguments: 
[4.106s] -- Added test 'xmllint' to check XML markup files
[4.118s] -- Configuring done (3.2s)
[4.154s] -- Generating done (0.0s)
[4.155s] -- Build files have been written to: /workspace/towen/build/rosidl_runtime_cpp
[4.219s] Invoked command in '/workspace/towen/build/rosidl_runtime_cpp' returned '0': BYOBU_DATE=%Y-%m-%d CMAKE_PREFIX_PATH=/workspace/towen/install/rosidl_runtime_c:/workspace/towen/install/rosidl_typesupport_interface:/workspace/towen/install/zed_ros2:/workspace/towen/install/zed_wrapper:/workspace/towen/install/zed_components:/workspace/towen/install/webrtc_ros_msgs:/workspace/towen/install/web_video_server:/workspace/towen/install/vision_opencv:/workspace/towen/install/usb_cam:/workspace/towen/install/tku_msgs:/workspace/towen/install/rosidl_typesupport_introspection_tests:/workspace/towen/install/rosidl_typesupport_introspection_cpp:/workspace/towen/install/rosidl_typesupport_introspection_c:/workspace/towen/install/rosidl_generator_cpp:/workspace/towen/install/rosidl_runtime_cpp:/workspace/towen/install/rosidl_generator_c:/workspace/towen/install/rosidl_cmake:/workspace/towen/install/rosidl_parser:/workspace/towen/install/rosidl_adapter:/workspace/towen/install/image_geometry:/workspace/towen/install/cv_bridge:/opt/ros/humble/install:/workspace/towen/install/strategy:/workspace/towen/install/rosidl_cli:/workspace/towen/install/opencv_tests:/workspace/towen/install/motionpackage:/workspace/towen/install/imageprocess:/opt/ros/humble LD_LIBRARY_PATH=/workspace/towen/install/rosidl_runtime_c/lib:/workspace/towen/install/zed_components/lib:/workspace/towen/install/webrtc_ros_msgs/lib:/workspace/towen/install/usb_cam/lib:/workspace/towen/install/tku_msgs/lib:/workspace/towen/install/rosidl_typesupport_introspection_cpp/lib:/workspace/towen/install/rosidl_typesupport_introspection_c/lib:/workspace/towen/install/image_geometry/lib:/workspace/towen/install/cv_bridge/lib:/opt/ros/humble/opt/rviz_ogre_vendor/lib:/opt/ros/humble/lib/aarch64-linux-gnu:/opt/ros/humble/lib:/opt/ros/humble/install/opt/rviz_ogre_vendor/lib:/opt/ros/humble/install/lib:/usr/local/cuda/compat:/usr/local/cuda/lib64 /usr/local/bin/cmake /workspace/towen/src/rosidl/rosidl_runtime_cpp -DAMENT_CMAKE_SYMLINK_INSTALL=1 -DCMAKE_INSTALL_PREFIX=/workspace/towen/install/rosidl_runtime_cpp
[4.228s] Invoking command in '/workspace/towen/build/rosidl_runtime_cpp': BYOBU_DATE=%Y-%m-%d CMAKE_PREFIX_PATH=/workspace/towen/install/rosidl_runtime_c:/workspace/towen/install/rosidl_typesupport_interface:/workspace/towen/install/zed_ros2:/workspace/towen/install/zed_wrapper:/workspace/towen/install/zed_components:/workspace/towen/install/webrtc_ros_msgs:/workspace/towen/install/web_video_server:/workspace/towen/install/vision_opencv:/workspace/towen/install/usb_cam:/workspace/towen/install/tku_msgs:/workspace/towen/install/rosidl_typesupport_introspection_tests:/workspace/towen/install/rosidl_typesupport_introspection_cpp:/workspace/towen/install/rosidl_typesupport_introspection_c:/workspace/towen/install/rosidl_generator_cpp:/workspace/towen/install/rosidl_runtime_cpp:/workspace/towen/install/rosidl_generator_c:/workspace/towen/install/rosidl_cmake:/workspace/towen/install/rosidl_parser:/workspace/towen/install/rosidl_adapter:/workspace/towen/install/image_geometry:/workspace/towen/install/cv_bridge:/opt/ros/humble/install:/workspace/towen/install/strategy:/workspace/towen/install/rosidl_cli:/workspace/towen/install/opencv_tests:/workspace/towen/install/motionpackage:/workspace/towen/install/imageprocess:/opt/ros/humble LD_LIBRARY_PATH=/workspace/towen/install/rosidl_runtime_c/lib:/workspace/towen/install/zed_components/lib:/workspace/towen/install/webrtc_ros_msgs/lib:/workspace/towen/install/usb_cam/lib:/workspace/towen/install/tku_msgs/lib:/workspace/towen/install/rosidl_typesupport_introspection_cpp/lib:/workspace/towen/install/rosidl_typesupport_introspection_c/lib:/workspace/towen/install/image_geometry/lib:/workspace/towen/install/cv_bridge/lib:/opt/ros/humble/opt/rviz_ogre_vendor/lib:/opt/ros/humble/lib/aarch64-linux-gnu:/opt/ros/humble/lib:/opt/ros/humble/install/opt/rviz_ogre_vendor/lib:/opt/ros/humble/install/lib:/usr/local/cuda/compat:/usr/local/cuda/lib64 /usr/local/bin/cmake --build /workspace/towen/build/rosidl_runtime_cpp -- -j6 -l6
[4.593s] [ 25%] [32mBuilding CXX object CMakeFiles/benchmark_bounded_vector.dir/test/benchmark/benchmark_bounded_vector.cpp.o[0m
[4.594s] [ 25%] [32mBuilding CXX object gtest/CMakeFiles/gtest.dir/src/gtest-all.cc.o[0m
[4.598s] [ 37%] [32mBuilding CXX object gtest/CMakeFiles/gtest_main.dir/src/gtest_main.cc.o[0m
[7.838s] [ 50%] [32m[1mLinking CXX executable benchmark_bounded_vector[0m
[7.911s] [ 62%] [32m[1mLinking CXX static library libgtest_main.a[0m
[7.996s] [ 62%] Built target gtest_main
[8.142s] [ 62%] Built target benchmark_bounded_vector
[13.161s] [ 75%] [32m[1mLinking CXX static library libgtest.a[0m
[13.333s] [ 75%] Built target gtest
[13.377s] [ 87%] [32mBuilding CXX object CMakeFiles/test_bounded_vector.dir/test/test_bounded_vector.cpp.o[0m
[17.073s] [100%] [32m[1mLinking CXX executable test_bounded_vector[0m
[17.508s] [100%] Built target test_bounded_vector
[17.609s] Invoked command in '/workspace/towen/build/rosidl_runtime_cpp' returned '0': BYOBU_DATE=%Y-%m-%d CMAKE_PREFIX_PATH=/workspace/towen/install/rosidl_runtime_c:/workspace/towen/install/rosidl_typesupport_interface:/workspace/towen/install/zed_ros2:/workspace/towen/install/zed_wrapper:/workspace/towen/install/zed_components:/workspace/towen/install/webrtc_ros_msgs:/workspace/towen/install/web_video_server:/workspace/towen/install/vision_opencv:/workspace/towen/install/usb_cam:/workspace/towen/install/tku_msgs:/workspace/towen/install/rosidl_typesupport_introspection_tests:/workspace/towen/install/rosidl_typesupport_introspection_cpp:/workspace/towen/install/rosidl_typesupport_introspection_c:/workspace/towen/install/rosidl_generator_cpp:/workspace/towen/install/rosidl_runtime_cpp:/workspace/towen/install/rosidl_generator_c:/workspace/towen/install/rosidl_cmake:/workspace/towen/install/rosidl_parser:/workspace/towen/install/rosidl_adapter:/workspace/towen/install/image_geometry:/workspace/towen/install/cv_bridge:/opt/ros/humble/install:/workspace/towen/install/strategy:/workspace/towen/install/rosidl_cli:/workspace/towen/install/opencv_tests:/workspace/towen/install/motionpackage:/workspace/towen/install/imageprocess:/opt/ros/humble LD_LIBRARY_PATH=/workspace/towen/install/rosidl_runtime_c/lib:/workspace/towen/install/zed_components/lib:/workspace/towen/install/webrtc_ros_msgs/lib:/workspace/towen/install/usb_cam/lib:/workspace/towen/install/tku_msgs/lib:/workspace/towen/install/rosidl_typesupport_introspection_cpp/lib:/workspace/towen/install/rosidl_typesupport_introspection_c/lib:/workspace/towen/install/image_geometry/lib:/workspace/towen/install/cv_bridge/lib:/opt/ros/humble/opt/rviz_ogre_vendor/lib:/opt/ros/humble/lib/aarch64-linux-gnu:/opt/ros/humble/lib:/opt/ros/humble/install/opt/rviz_ogre_vendor/lib:/opt/ros/humble/install/lib:/usr/local/cuda/compat:/usr/local/cuda/lib64 /usr/local/bin/cmake --build /workspace/towen/build/rosidl_runtime_cpp -- -j6 -l6
[18.082s] Invoking command in '/workspace/towen/build/rosidl_runtime_cpp': BYOBU_DATE=%Y-%m-%d CMAKE_PREFIX_PATH=/workspace/towen/install/rosidl_runtime_c:/workspace/towen/install/rosidl_typesupport_interface:/workspace/towen/install/zed_ros2:/workspace/towen/install/zed_wrapper:/workspace/towen/install/zed_components:/workspace/towen/install/webrtc_ros_msgs:/workspace/towen/install/web_video_server:/workspace/towen/install/vision_opencv:/workspace/towen/install/usb_cam:/workspace/towen/install/tku_msgs:/workspace/towen/install/rosidl_typesupport_introspection_tests:/workspace/towen/install/rosidl_typesupport_introspection_cpp:/workspace/towen/install/rosidl_typesupport_introspection_c:/workspace/towen/install/rosidl_generator_cpp:/workspace/towen/install/rosidl_runtime_cpp:/workspace/towen/install/rosidl_generator_c:/workspace/towen/install/rosidl_cmake:/workspace/towen/install/rosidl_parser:/workspace/towen/install/rosidl_adapter:/workspace/towen/install/image_geometry:/workspace/towen/install/cv_bridge:/opt/ros/humble/install:/workspace/towen/install/strategy:/workspace/towen/install/rosidl_cli:/workspace/towen/install/opencv_tests:/workspace/towen/install/motionpackage:/workspace/towen/install/imageprocess:/opt/ros/humble LD_LIBRARY_PATH=/workspace/towen/install/rosidl_runtime_c/lib:/workspace/towen/install/zed_components/lib:/workspace/towen/install/webrtc_ros_msgs/lib:/workspace/towen/install/usb_cam/lib:/workspace/towen/install/tku_msgs/lib:/workspace/towen/install/rosidl_typesupport_introspection_cpp/lib:/workspace/towen/install/rosidl_typesupport_introspection_c/lib:/workspace/towen/install/image_geometry/lib:/workspace/towen/install/cv_bridge/lib:/opt/ros/humble/opt/rviz_ogre_vendor/lib:/opt/ros/humble/lib/aarch64-linux-gnu:/opt/ros/humble/lib:/opt/ros/humble/install/opt/rviz_ogre_vendor/lib:/opt/ros/humble/install/lib:/usr/local/cuda/compat:/usr/local/cuda/lib64 /usr/local/bin/cmake --install /workspace/towen/build/rosidl_runtime_cpp
[18.288s] -- Install configuration: ""
[18.291s] -- Execute custom install script
[18.292s] -- Symlinking: /workspace/towen/install/rosidl_runtime_cpp/share/ament_index/resource_index/rosidl_runtime_packages/rosidl_runtime_cpp
[18.304s] -- Symlinking: /workspace/towen/install/rosidl_runtime_cpp/include/rosidl_runtime_cpp/rosidl_runtime_cpp/action_type_support_decl.hpp
[18.316s] -- Symlinking: /workspace/towen/install/rosidl_runtime_cpp/include/rosidl_runtime_cpp/rosidl_runtime_cpp/bounded_vector.hpp
[18.323s] -- Symlinking: /workspace/towen/install/rosidl_runtime_cpp/include/rosidl_runtime_cpp/rosidl_runtime_cpp/message_initialization.hpp
[18.332s] -- Symlinking: /workspace/towen/install/rosidl_runtime_cpp/include/rosidl_runtime_cpp/rosidl_runtime_cpp/message_type_support_decl.hpp
[18.342s] -- Symlinking: /workspace/towen/install/rosidl_runtime_cpp/include/rosidl_runtime_cpp/rosidl_runtime_cpp/service_type_support_decl.hpp
[18.354s] -- Symlinking: /workspace/towen/install/rosidl_runtime_cpp/include/rosidl_runtime_cpp/rosidl_runtime_cpp/traits.hpp
[18.363s] -- Symlinking: /workspace/towen/install/rosidl_runtime_cpp/include/rosidl_runtime_cpp/rosidl_typesupport_cpp/action_type_support.hpp
[18.372s] -- Symlinking: /workspace/towen/install/rosidl_runtime_cpp/include/rosidl_runtime_cpp/rosidl_typesupport_cpp/message_type_support.hpp
[18.386s] -- Symlinking: /workspace/towen/install/rosidl_runtime_cpp/include/rosidl_runtime_cpp/rosidl_typesupport_cpp/service_type_support.hpp
[18.417s] -- Symlinking: /workspace/towen/install/rosidl_runtime_cpp/share/ament_index/resource_index/package_run_dependencies/rosidl_runtime_cpp
[18.448s] -- Symlinking: /workspace/towen/install/rosidl_runtime_cpp/share/ament_index/resource_index/parent_prefix_path/rosidl_runtime_cpp
[18.481s] -- Symlinking: /workspace/towen/install/rosidl_runtime_cpp/share/rosidl_runtime_cpp/environment/ament_prefix_path.sh
[18.512s] -- Symlinking: /workspace/towen/install/rosidl_runtime_cpp/share/rosidl_runtime_cpp/environment/ament_prefix_path.dsv
[18.528s] -- Symlinking: /workspace/towen/install/rosidl_runtime_cpp/share/rosidl_runtime_cpp/environment/path.sh
[18.566s] -- Symlinking: /workspace/towen/install/rosidl_runtime_cpp/share/rosidl_runtime_cpp/environment/path.dsv
[18.583s] -- Symlinking: /workspace/towen/install/rosidl_runtime_cpp/share/rosidl_runtime_cpp/local_setup.bash
[18.603s] -- Symlinking: /workspace/towen/install/rosidl_runtime_cpp/share/rosidl_runtime_cpp/local_setup.sh
[18.627s] -- Symlinking: /workspace/towen/install/rosidl_runtime_cpp/share/rosidl_runtime_cpp/local_setup.zsh
[18.650s] -- Symlinking: /workspace/towen/install/rosidl_runtime_cpp/share/rosidl_runtime_cpp/local_setup.dsv
[18.687s] -- Symlinking: /workspace/towen/install/rosidl_runtime_cpp/share/rosidl_runtime_cpp/package.dsv
[18.720s] -- Symlinking: /workspace/towen/install/rosidl_runtime_cpp/share/ament_index/resource_index/packages/rosidl_runtime_cpp
[18.741s] -- Symlinking: /workspace/towen/install/rosidl_runtime_cpp/share/rosidl_runtime_cpp/cmake/ament_cmake_export_include_directories-extras.cmake
[18.762s] -- Symlinking: /workspace/towen/install/rosidl_runtime_cpp/share/rosidl_runtime_cpp/cmake/ament_cmake_export_targets-extras.cmake
[18.792s] -- Symlinking: /workspace/towen/install/rosidl_runtime_cpp/share/rosidl_runtime_cpp/cmake/ament_cmake_export_dependencies-extras.cmake
[18.807s] -- Symlinking: /workspace/towen/install/rosidl_runtime_cpp/share/rosidl_runtime_cpp/cmake/rosidl_runtime_cppConfig.cmake
[18.835s] -- Symlinking: /workspace/towen/install/rosidl_runtime_cpp/share/rosidl_runtime_cpp/cmake/rosidl_runtime_cppConfig-version.cmake
[18.859s] -- Symlinking: /workspace/towen/install/rosidl_runtime_cpp/share/rosidl_runtime_cpp/package.xml
[18.883s] -- Installing: /workspace/towen/install/rosidl_runtime_cpp/share/rosidl_runtime_cpp/cmake/rosidl_runtime_cppExport.cmake
[18.927s] Invoked command in '/workspace/towen/build/rosidl_runtime_cpp' returned '0': BYOBU_DATE=%Y-%m-%d CMAKE_PREFIX_PATH=/workspace/towen/install/rosidl_runtime_c:/workspace/towen/install/rosidl_typesupport_interface:/workspace/towen/install/zed_ros2:/workspace/towen/install/zed_wrapper:/workspace/towen/install/zed_components:/workspace/towen/install/webrtc_ros_msgs:/workspace/towen/install/web_video_server:/workspace/towen/install/vision_opencv:/workspace/towen/install/usb_cam:/workspace/towen/install/tku_msgs:/workspace/towen/install/rosidl_typesupport_introspection_tests:/workspace/towen/install/rosidl_typesupport_introspection_cpp:/workspace/towen/install/rosidl_typesupport_introspection_c:/workspace/towen/install/rosidl_generator_cpp:/workspace/towen/install/rosidl_runtime_cpp:/workspace/towen/install/rosidl_generator_c:/workspace/towen/install/rosidl_cmake:/workspace/towen/install/rosidl_parser:/workspace/towen/install/rosidl_adapter:/workspace/towen/install/image_geometry:/workspace/towen/install/cv_bridge:/opt/ros/humble/install:/workspace/towen/install/strategy:/workspace/towen/install/rosidl_cli:/workspace/towen/install/opencv_tests:/workspace/towen/install/motionpackage:/workspace/towen/install/imageprocess:/opt/ros/humble LD_LIBRARY_PATH=/workspace/towen/install/rosidl_runtime_c/lib:/workspace/towen/install/zed_components/lib:/workspace/towen/install/webrtc_ros_msgs/lib:/workspace/towen/install/usb_cam/lib:/workspace/towen/install/tku_msgs/lib:/workspace/towen/install/rosidl_typesupport_introspection_cpp/lib:/workspace/towen/install/rosidl_typesupport_introspection_c/lib:/workspace/towen/install/image_geometry/lib:/workspace/towen/install/cv_bridge/lib:/opt/ros/humble/opt/rviz_ogre_vendor/lib:/opt/ros/humble/lib/aarch64-linux-gnu:/opt/ros/humble/lib:/opt/ros/humble/install/opt/rviz_ogre_vendor/lib:/opt/ros/humble/install/lib:/usr/local/cuda/compat:/usr/local/cuda/lib64 /usr/local/bin/cmake --install /workspace/towen/build/rosidl_runtime_cpp
