[3.300s] Invoking command in '/workspace/towen/src/rosidl/rosidl_cli': BYOBU_DATE=%Y-%m-%d PYTHONPATH=/workspace/towen/build/rosidl_cli/prefix_override:/usr/lib/python3/dist-packages/colcon_core/task/python/colcon_distutils_commands:/workspace/towen/install/rosidl_cli/lib/python3.10/site-packages:${PYTHONPATH} /usr/bin/python3 -W ignore:setup.py install is deprecated setup.py egg_info --egg-base ../../../build/rosidl_cli build --build-base /workspace/towen/build/rosidl_cli/build install --record /workspace/towen/build/rosidl_cli/install.log --single-version-externally-managed install_data
[3.852s] /home/work/.local/lib/python3.10/site-packages/setuptools/_distutils/dist.py:289: UserWarning: Unknown distribution option: 'tests_require'
[3.853s]   warnings.warn(msg)
[3.965s] /home/work/.local/lib/python3.10/site-packages/setuptools/dist.py:759: SetuptoolsDeprecationWarning: License classifiers are deprecated.
[3.966s] !!
[3.966s] 
[3.966s]         ********************************************************************************
[3.966s]         Please consider removing the following classifiers in favor of a SPDX license expression:
[3.966s] 
[3.966s]         License :: OSI Approved :: Apache Software License
[3.966s] 
[3.967s]         See https://packaging.python.org/en/latest/guides/writing-pyproject-toml/#license for details.
[3.967s]         ********************************************************************************
[3.967s] 
[3.967s] !!
[3.967s]   self._finalize_license_expression()
[4.184s] running egg_info
[4.234s] writing ../../../build/rosidl_cli/rosidl_cli.egg-info/PKG-INFO
[4.235s] writing dependency_links to ../../../build/rosidl_cli/rosidl_cli.egg-info/dependency_links.txt
[4.236s] writing entry points to ../../../build/rosidl_cli/rosidl_cli.egg-info/entry_points.txt
[4.237s] writing requirements to ../../../build/rosidl_cli/rosidl_cli.egg-info/requires.txt
[4.237s] writing top-level names to ../../../build/rosidl_cli/rosidl_cli.egg-info/top_level.txt
[4.342s] reading manifest file '../../../build/rosidl_cli/rosidl_cli.egg-info/SOURCES.txt'
[4.348s] writing manifest file '../../../build/rosidl_cli/rosidl_cli.egg-info/SOURCES.txt'
[4.349s] running build
[4.349s] running build_py
[4.349s] copying rosidl_cli/entry_points.py -> /workspace/towen/build/rosidl_cli/build/lib/rosidl_cli
[4.349s] copying rosidl_cli/extensions.py -> /workspace/towen/build/rosidl_cli/build/lib/rosidl_cli
[4.350s] copying rosidl_cli/__init__.py -> /workspace/towen/build/rosidl_cli/build/lib/rosidl_cli
[4.350s] copying rosidl_cli/cli.py -> /workspace/towen/build/rosidl_cli/build/lib/rosidl_cli
[4.350s] copying rosidl_cli/common.py -> /workspace/towen/build/rosidl_cli/build/lib/rosidl_cli
[4.350s] copying rosidl_cli/command/__init__.py -> /workspace/towen/build/rosidl_cli/build/lib/rosidl_cli/command
[4.350s] copying rosidl_cli/command/helpers.py -> /workspace/towen/build/rosidl_cli/build/lib/rosidl_cli/command
[4.351s] copying rosidl_cli/command/translate/extensions.py -> /workspace/towen/build/rosidl_cli/build/lib/rosidl_cli/command/translate
[4.352s] copying rosidl_cli/command/translate/__init__.py -> /workspace/towen/build/rosidl_cli/build/lib/rosidl_cli/command/translate
[4.352s] copying rosidl_cli/command/translate/api.py -> /workspace/towen/build/rosidl_cli/build/lib/rosidl_cli/command/translate
[4.353s] copying rosidl_cli/command/generate/extensions.py -> /workspace/towen/build/rosidl_cli/build/lib/rosidl_cli/command/generate
[4.354s] copying rosidl_cli/command/generate/__init__.py -> /workspace/towen/build/rosidl_cli/build/lib/rosidl_cli/command/generate
[4.355s] copying rosidl_cli/command/generate/api.py -> /workspace/towen/build/rosidl_cli/build/lib/rosidl_cli/command/generate
[4.356s] running install
[4.370s] running install_lib
[4.421s] running install_data
[4.421s] copying resource/rosidl_cli -> /workspace/towen/install/rosidl_cli/share/ament_index/resource_index/packages
[4.424s] copying package.xml -> /workspace/towen/install/rosidl_cli/share/rosidl_cli
[4.425s] copying completion/rosidl-argcomplete.bash -> /workspace/towen/install/rosidl_cli/share/rosidl_cli/environment
[4.425s] copying completion/rosidl-argcomplete.zsh -> /workspace/towen/install/rosidl_cli/share/rosidl_cli/environment
[4.425s] running install_egg_info
[4.480s] removing '/workspace/towen/install/rosidl_cli/lib/python3.10/site-packages/rosidl_cli-3.1.7-py3.10.egg-info' (and everything under it)
[4.480s] Copying ../../../build/rosidl_cli/rosidl_cli.egg-info to /workspace/towen/install/rosidl_cli/lib/python3.10/site-packages/rosidl_cli-3.1.7-py3.10.egg-info
[4.482s] running install_scripts
[4.590s] Installing rosidl script to /workspace/towen/install/rosidl_cli/bin
[4.594s] writing list of installed files to '/workspace/towen/build/rosidl_cli/install.log'
[5.270s] Invoked command in '/workspace/towen/src/rosidl/rosidl_cli' returned '0': BYOBU_DATE=%Y-%m-%d PYTHONPATH=/workspace/towen/build/rosidl_cli/prefix_override:/usr/lib/python3/dist-packages/colcon_core/task/python/colcon_distutils_commands:/workspace/towen/install/rosidl_cli/lib/python3.10/site-packages:${PYTHONPATH} /usr/bin/python3 -W ignore:setup.py install is deprecated setup.py egg_info --egg-base ../../../build/rosidl_cli build --build-base /workspace/towen/build/rosidl_cli/build install --record /workspace/towen/build/rosidl_cli/install.log --single-version-externally-managed install_data
