[0.069s] Invoking command in '/home/iclab/Desktop/humanoid/build/tku_msgs': BYOBU_DATE=%Y-%m-%d CMAKE_PREFIX_PATH=${CMAKE_PREFIX_PATH}:/home/iclab/Desktop/humanoid/install/motionpackage:/home/iclab/Desktop/humanoid/install/imageprocess:/opt/ros/humble /usr/bin/cmake /home/iclab/Desktop/humanoid/src/tku_msgs -DCMAKE_INSTALL_PREFIX=/home/iclab/Desktop/humanoid/install/tku_msgs
[1.999s] -- The C compiler identification is GNU 11.4.0
[1.999s] -- The CXX compiler identification is GNU 11.4.0
[1.999s] -- Detecting C compiler ABI info
[1.999s] -- Detecting C compiler ABI info - done
[1.999s] -- Check for working C compiler: /usr/bin/cc - skipped
[1.999s] -- Detecting C compile features
[2.000s] -- Detecting C compile features - done
[2.000s] -- Detecting CXX compiler ABI info
[2.000s] -- Detecting CXX compiler ABI info - done
[2.000s] -- Check for working CXX compiler: /usr/bin/c++ - skipped
[2.000s] -- Detecting CXX compile features
[2.000s] -- Detecting CXX compile features - done
[2.000s] -- Found ament_cmake: 1.3.11 (/opt/ros/humble/share/ament_cmake/cmake)
[2.000s] -- Found Python3: /usr/bin/python3 (found version "3.10.12") found components: Interpreter 
[2.001s] -- Found rosidl_default_generators: 1.2.0 (/opt/ros/humble/share/rosidl_default_generators/cmake)
[2.001s] -- Using all available rosidl_typesupport_c: rosidl_typesupport_fastrtps_c;rosidl_typesupport_introspection_c
[2.001s] -- Found rosidl_adapter: 3.1.6 (/opt/ros/humble/share/rosidl_adapter/cmake)
[2.001s] -- Using all available rosidl_typesupport_cpp: rosidl_typesupport_fastrtps_cpp;rosidl_typesupport_introspection_cpp
[2.001s] -- Found std_msgs: 4.2.4 (/opt/ros/humble/share/std_msgs/cmake)
[3.436s] -- Found ament_cmake_ros: 0.10.0 (/opt/ros/humble/share/ament_cmake_ros/cmake)
[4.151s] -- Using all available rosidl_typesupport_c: rosidl_typesupport_fastrtps_c;rosidl_typesupport_introspection_c
[4.888s] -- Using all available rosidl_typesupport_cpp: rosidl_typesupport_fastrtps_cpp;rosidl_typesupport_introspection_cpp
[4.946s] -- Found PythonInterp: /usr/bin/python3 (found suitable version "3.10.12", minimum required is "3.6") 
[4.949s] -- Found python_cmake_module: 0.10.0 (/opt/ros/humble/share/python_cmake_module/cmake)
[5.012s] -- Found PythonLibs: /usr/lib/aarch64-linux-gnu/libpython3.10.so (found suitable version "3.10.12", minimum required is "3.5") 
[5.012s] -- Using PYTHON_EXECUTABLE: /usr/bin/python3
[5.012s] -- Using PYTHON_INCLUDE_DIRS: /usr/include/python3.10
[5.013s] -- Using PYTHON_LIBRARIES: /usr/lib/aarch64-linux-gnu/libpython3.10.so
[5.061s] -- Found PythonExtra: .so  
[5.206s] -- Found ament_lint_auto: 0.12.11 (/opt/ros/humble/share/ament_lint_auto/cmake)
[5.321s] -- Added test 'lint_cmake' to check CMake code style
[5.330s] -- Added test 'xmllint' to check XML markup files
[5.340s] -- Configuring done
[5.563s] -- Generating done
[5.599s] -- Build files have been written to: /home/iclab/Desktop/humanoid/build/tku_msgs
