[0.819s] Invoking command in '/workspace/towen/build/zed_components': BYOBU_DATE=%Y-%m-%d CMAKE_PREFIX_PATH=${CMAKE_PREFIX_PATH}:/workspace/towen/install/strategy:/workspace/towen/install/rosidl_cli:/workspace/towen/install/opencv_tests:/workspace/towen/install/motionpackage:/workspace/towen/install/imageprocess:/opt/ros/humble /usr/local/bin/cmake --build /workspace/towen/build/zed_components -- -j6 -l6
[1.842s] [ 50%] Built target zed_camera_component
[1.935s] [100%] Built target zed_camera_one_component
[2.038s] Invoked command in '/workspace/towen/build/zed_components' returned '0': BYOBU_DATE=%Y-%m-%d CMAKE_PREFIX_PATH=${CMAKE_PREFIX_PATH}:/workspace/towen/install/strategy:/workspace/towen/install/rosidl_cli:/workspace/towen/install/opencv_tests:/workspace/towen/install/motionpackage:/workspace/towen/install/imageprocess:/opt/ros/humble /usr/local/bin/cmake --build /workspace/towen/build/zed_components -- -j6 -l6
[3.202s] Invoking command in '/workspace/towen/build/zed_components': BYOBU_DATE=%Y-%m-%d CMAKE_PREFIX_PATH=${CMAKE_PREFIX_PATH}:/workspace/towen/install/strategy:/workspace/towen/install/rosidl_cli:/workspace/towen/install/opencv_tests:/workspace/towen/install/motionpackage:/workspace/towen/install/imageprocess:/opt/ros/humble /usr/local/bin/cmake --install /workspace/towen/build/zed_components
[3.670s] -- Install configuration: "Release"
[3.670s] -- Up-to-date: /workspace/towen/install/zed_components/lib/libzed_camera_component.so
[3.672s] -- Up-to-date: /workspace/towen/install/zed_components/lib/libzed_camera_one_component.so
[3.673s] -- Up-to-date: /workspace/towen/install/zed_components/include/zed_components/
[3.673s] -- Up-to-date: /workspace/towen/install/zed_components/include/zed_components//sl_types.hpp
[3.673s] -- Up-to-date: /workspace/towen/install/zed_components/include/zed_components//cost_traversability.hpp
[3.673s] -- Up-to-date: /workspace/towen/install/zed_components/include/zed_components//zed_camera_one_component.hpp
[3.673s] -- Up-to-date: /workspace/towen/install/zed_components/include/zed_components//zed_camera_component.hpp
[3.674s] -- Up-to-date: /workspace/towen/install/zed_components/include/zed_components/
[3.674s] -- Up-to-date: /workspace/towen/install/zed_components/include/zed_components//sl_tools.hpp
[3.674s] -- Up-to-date: /workspace/towen/install/zed_components/include/zed_components//gnss_replay.hpp
[3.674s] -- Up-to-date: /workspace/towen/install/zed_components/include/zed_components//sl_win_avg.hpp
[3.674s] -- Up-to-date: /workspace/towen/install/zed_components/include/zed_components//json.hpp
[3.675s] -- Up-to-date: /workspace/towen/install/zed_components/include/zed_components//sl_logging.hpp
[3.675s] -- Up-to-date: /workspace/towen/install/zed_components/include/zed_components/
[3.675s] -- Up-to-date: /workspace/towen/install/zed_components/include/zed_components//visibility_control.hpp
[3.676s] -- Up-to-date: /workspace/towen/install/zed_components/share/zed_components/environment/library_path.sh
[3.676s] -- Up-to-date: /workspace/towen/install/zed_components/share/zed_components/environment/library_path.dsv
[3.677s] -- Up-to-date: /workspace/towen/install/zed_components/share/ament_index/resource_index/package_run_dependencies/zed_components
[3.678s] -- Up-to-date: /workspace/towen/install/zed_components/share/ament_index/resource_index/parent_prefix_path/zed_components
[3.678s] -- Up-to-date: /workspace/towen/install/zed_components/share/zed_components/environment/ament_prefix_path.sh
[3.679s] -- Up-to-date: /workspace/towen/install/zed_components/share/zed_components/environment/ament_prefix_path.dsv
[3.683s] -- Up-to-date: /workspace/towen/install/zed_components/share/zed_components/environment/path.sh
[3.683s] -- Up-to-date: /workspace/towen/install/zed_components/share/zed_components/environment/path.dsv
[3.683s] -- Up-to-date: /workspace/towen/install/zed_components/share/zed_components/local_setup.bash
[3.683s] -- Up-to-date: /workspace/towen/install/zed_components/share/zed_components/local_setup.sh
[3.683s] -- Up-to-date: /workspace/towen/install/zed_components/share/zed_components/local_setup.zsh
[3.683s] -- Up-to-date: /workspace/towen/install/zed_components/share/zed_components/local_setup.dsv
[3.684s] -- Installing: /workspace/towen/install/zed_components/share/zed_components/package.dsv
[3.685s] -- Up-to-date: /workspace/towen/install/zed_components/share/ament_index/resource_index/packages/zed_components
[3.686s] -- Up-to-date: /workspace/towen/install/zed_components/share/ament_index/resource_index/rclcpp_components/zed_components
[3.686s] -- Up-to-date: /workspace/towen/install/zed_components/share/zed_components/cmake/ament_cmake_export_include_directories-extras.cmake
[3.687s] -- Up-to-date: /workspace/towen/install/zed_components/share/zed_components/cmake/ament_cmake_export_libraries-extras.cmake
[3.688s] -- Up-to-date: /workspace/towen/install/zed_components/share/zed_components/cmake/ament_cmake_export_dependencies-extras.cmake
[3.688s] -- Up-to-date: /workspace/towen/install/zed_components/share/zed_components/cmake/zed_componentsConfig.cmake
[3.688s] -- Up-to-date: /workspace/towen/install/zed_components/share/zed_components/cmake/zed_componentsConfig-version.cmake
[3.689s] -- Up-to-date: /workspace/towen/install/zed_components/share/zed_components/package.xml
[3.766s] Invoked command in '/workspace/towen/build/zed_components' returned '0': BYOBU_DATE=%Y-%m-%d CMAKE_PREFIX_PATH=${CMAKE_PREFIX_PATH}:/workspace/towen/install/strategy:/workspace/towen/install/rosidl_cli:/workspace/towen/install/opencv_tests:/workspace/towen/install/motionpackage:/workspace/towen/install/imageprocess:/opt/ros/humble /usr/local/bin/cmake --install /workspace/towen/build/zed_components
