[3.419s] Invoking command in '/workspace/towen/src/imageprocess': BYOBU_DATE=%Y-%m-%d PYTHONPATH=/workspace/towen/build/imageprocess/prefix_override:/usr/lib/python3/dist-packages/colcon_core/task/python/colcon_distutils_commands:/workspace/towen/install/imageprocess/lib/python3.10/site-packages:${PYTHONPATH} /usr/bin/python3 -W ignore:setup.py install is deprecated setup.py egg_info --egg-base ../../build/imageprocess build --build-base /workspace/towen/build/imageprocess/build install --record /workspace/towen/build/imageprocess/install.log --single-version-externally-managed install_data
[4.183s] running egg_info
[4.235s] writing ../../build/imageprocess/imageprocess.egg-info/PKG-INFO
[4.236s] writing dependency_links to ../../build/imageprocess/imageprocess.egg-info/dependency_links.txt
[4.237s] writing entry points to ../../build/imageprocess/imageprocess.egg-info/entry_points.txt
[4.239s] writing requirements to ../../build/imageprocess/imageprocess.egg-info/requires.txt
[4.241s] writing top-level names to ../../build/imageprocess/imageprocess.egg-info/top_level.txt
[4.329s] reading manifest file '../../build/imageprocess/imageprocess.egg-info/SOURCES.txt'
[4.331s] adding license file 'LICENSE'
[4.333s] writing manifest file '../../build/imageprocess/imageprocess.egg-info/SOURCES.txt'
[4.338s] running build
[4.339s] running build_py
[4.340s] copying imageprocess/modelparameter.py -> /workspace/towen/build/imageprocess/build/lib/imageprocess
[4.341s] copying imageprocess/image_0417.py -> /workspace/towen/build/imageprocess/build/lib/imageprocess
[4.342s] copying imageprocess/dataunit.py -> /workspace/towen/build/imageprocess/build/lib/imageprocess
[4.343s] copying imageprocess/123123.py -> /workspace/towen/build/imageprocess/build/lib/imageprocess
[4.344s] copying imageprocess/image_test.py -> /workspace/towen/build/imageprocess/build/lib/imageprocess
[4.345s] copying imageprocess/image.py -> /workspace/towen/build/imageprocess/build/lib/imageprocess
[4.346s] copying imageprocess/__init__.py -> /workspace/towen/build/imageprocess/build/lib/imageprocess
[4.347s] copying imageprocess/imageprocess.py -> /workspace/towen/build/imageprocess/build/lib/imageprocess
[4.348s] copying imageprocess/camera_segment_headless.py -> /workspace/towen/build/imageprocess/build/lib/imageprocess
[4.349s] running install
[4.350s] running install_lib
[4.398s] running install_data
[4.400s] copying resource/imageprocess -> /workspace/towen/install/imageprocess/share/ament_index/resource_index/packages
[4.401s] copying package.xml -> /workspace/towen/install/imageprocess/share/imageprocess
[4.402s] running install_egg_info
[4.458s] removing '/workspace/towen/install/imageprocess/lib/python3.10/site-packages/imageprocess-0.0.0-py3.10.egg-info' (and everything under it)
[4.459s] Copying ../../build/imageprocess/imageprocess.egg-info to /workspace/towen/install/imageprocess/lib/python3.10/site-packages/imageprocess-0.0.0-py3.10.egg-info
[4.459s] running install_scripts
[4.868s] Installing image script to /workspace/towen/install/imageprocess/lib/imageprocess
[4.871s] Installing image_test script to /workspace/towen/install/imageprocess/lib/imageprocess
[4.872s] Installing imageprocess script to /workspace/towen/install/imageprocess/lib/imageprocess
[4.872s] writing list of installed files to '/workspace/towen/build/imageprocess/install.log'
[4.965s] Invoked command in '/workspace/towen/src/imageprocess' returned '0': BYOBU_DATE=%Y-%m-%d PYTHONPATH=/workspace/towen/build/imageprocess/prefix_override:/usr/lib/python3/dist-packages/colcon_core/task/python/colcon_distutils_commands:/workspace/towen/install/imageprocess/lib/python3.10/site-packages:${PYTHONPATH} /usr/bin/python3 -W ignore:setup.py install is deprecated setup.py egg_info --egg-base ../../build/imageprocess build --build-base /workspace/towen/build/imageprocess/build install --record /workspace/towen/build/imageprocess/install.log --single-version-externally-managed install_data
