[4.045s] Invoking command in '/workspace/towen/src/strategy': BYOBU_DATE=%Y-%m-%d PYTHONPATH=/workspace/towen/build/strategy/prefix_override:/usr/lib/python3/dist-packages/colcon_core/task/python/colcon_distutils_commands:/workspace/towen/install/strategy/lib/python3.10/site-packages:${PYTHONPATH} /usr/bin/python3 -W ignore:setup.py install is deprecated setup.py egg_info --egg-base ../../build/strategy build --build-base /workspace/towen/build/strategy/build install --record /workspace/towen/build/strategy/install.log --single-version-externally-managed install_data
[5.028s] running egg_info
[5.154s] writing ../../build/strategy/strategy.egg-info/PKG-INFO
[5.155s] writing dependency_links to ../../build/strategy/strategy.egg-info/dependency_links.txt
[5.158s] writing entry points to ../../build/strategy/strategy.egg-info/entry_points.txt
[5.164s] writing requirements to ../../build/strategy/strategy.egg-info/requires.txt
[5.164s] writing top-level names to ../../build/strategy/strategy.egg-info/top_level.txt
[5.356s] reading manifest file '../../build/strategy/strategy.egg-info/SOURCES.txt'
[5.366s] adding license file 'LICENSE'
[5.366s] writing manifest file '../../build/strategy/strategy.egg-info/SOURCES.txt'
[5.367s] running build
[5.367s] running build_py
[5.368s] copying strategy/__init__.py -> /workspace/towen/build/strategy/build/lib/strategy
[5.368s] copying strategy/API.py -> /workspace/towen/build/strategy/build/lib/strategy
[5.382s] copying strategy/mar/__init__.py -> /workspace/towen/build/strategy/build/lib/strategy/mar
[5.382s] copying strategy/mar/mar.py -> /workspace/towen/build/strategy/build/lib/strategy/mar
[5.383s] copying strategy/wl/wl.py -> /workspace/towen/build/strategy/build/lib/strategy/wl
[5.383s] copying strategy/wl/__init__.py -> /workspace/towen/build/strategy/build/lib/strategy/wl
[5.383s] copying strategy/sp/sp.py -> /workspace/towen/build/strategy/build/lib/strategy/sp
[5.383s] copying strategy/sp/__init__.py -> /workspace/towen/build/strategy/build/lib/strategy/sp
[5.383s] copying strategy/obs/__init__.py -> /workspace/towen/build/strategy/build/lib/strategy/obs
[5.383s] copying strategy/obs/obs.py -> /workspace/towen/build/strategy/build/lib/strategy/obs
[5.384s] copying strategy/sr/__init__.py -> /workspace/towen/build/strategy/build/lib/strategy/sr
[5.384s] copying strategy/sr/sr.py -> /workspace/towen/build/strategy/build/lib/strategy/sr
[5.384s] copying strategy/bb/__init__.py -> /workspace/towen/build/strategy/build/lib/strategy/bb
[5.392s] copying strategy/bb/bb.py -> /workspace/towen/build/strategy/build/lib/strategy/bb
[5.393s] copying strategy/ar/__init__.py -> /workspace/towen/build/strategy/build/lib/strategy/ar
[5.393s] copying strategy/ar/ar.py -> /workspace/towen/build/strategy/build/lib/strategy/ar
[5.393s] running install
[5.437s] running install_lib
[5.514s] running install_data
[5.514s] copying resource/strategy -> /workspace/towen/install/strategy/share/ament_index/resource_index/packages
[5.514s] copying package.xml -> /workspace/towen/install/strategy/share/strategy
[5.514s] running install_egg_info
[5.578s] removing '/workspace/towen/install/strategy/lib/python3.10/site-packages/strategy-0.0.0-py3.10.egg-info' (and everything under it)
[5.585s] Copying ../../build/strategy/strategy.egg-info to /workspace/towen/install/strategy/lib/python3.10/site-packages/strategy-0.0.0-py3.10.egg-info
[5.602s] running install_scripts
[5.753s] Installing ar script to /workspace/towen/install/strategy/lib/strategy
[5.757s] Installing bb script to /workspace/towen/install/strategy/lib/strategy
[5.757s] Installing mar script to /workspace/towen/install/strategy/lib/strategy
[5.757s] Installing obs script to /workspace/towen/install/strategy/lib/strategy
[5.757s] Installing sp script to /workspace/towen/install/strategy/lib/strategy
[5.758s] Installing sr script to /workspace/towen/install/strategy/lib/strategy
[5.758s] Installing wl script to /workspace/towen/install/strategy/lib/strategy
[5.758s] writing list of installed files to '/workspace/towen/build/strategy/install.log'
[5.878s] Invoked command in '/workspace/towen/src/strategy' returned '0': BYOBU_DATE=%Y-%m-%d PYTHONPATH=/workspace/towen/build/strategy/prefix_override:/usr/lib/python3/dist-packages/colcon_core/task/python/colcon_distutils_commands:/workspace/towen/install/strategy/lib/python3.10/site-packages:${PYTHONPATH} /usr/bin/python3 -W ignore:setup.py install is deprecated setup.py egg_info --egg-base ../../build/strategy build --build-base /workspace/towen/build/strategy/build install --record /workspace/towen/build/strategy/install.log --single-version-externally-managed install_data
