[0.125s] Invoking command in '/workspace/towen/build/image_geometry': BYOBU_DATE=%Y-%m-%d CMAKE_PREFIX_PATH=${CMAKE_PREFIX_PATH}:/opt/ros/humble /usr/local/bin/cmake /workspace/towen/src/vision_opencv/image_geometry -DCMAKE_INSTALL_PREFIX=/workspace/towen/install/image_geometry
[0.898s] -- The C compiler identification is GNU 11.4.0
[0.899s] -- The CXX compiler identification is GNU 11.4.0
[0.899s] -- Detecting C compiler ABI info
[1.070s] -- Detecting C compiler ABI info - done
[1.107s] -- Check for working C compiler: /usr/bin/cc - skipped
[1.113s] -- Detecting C compile features
[1.113s] -- Detecting C compile features - done
[1.120s] -- Detecting CXX compiler ABI info
[1.347s] -- Detecting CXX compiler ABI info - done
[1.385s] -- Check for working CXX compiler: /usr/bin/c++ - skipped
[1.387s] -- Detecting CXX compile features
[1.389s] -- Detecting CXX compile features - done
[1.396s] -- Found ament_cmake_python: 1.3.10 (/opt/ros/humble/install/share/ament_cmake_python/cmake)
[1.401s] -- Found ament_cmake_ros: 0.10.0 (/opt/ros/humble/install/share/ament_cmake_ros/cmake)
[1.804s] -- Found Python3: /usr/local/bin/python3 (found version "3.10.12") found components: Interpreter
[2.369s] -- Found OpenCV: /usr (found version "4.5.4") found components: calib3d core highgui imgproc
[2.375s] -- Found sensor_msgs: 4.2.4 (/opt/ros/humble/install/share/sensor_msgs/cmake)
[2.504s] -- Found rosidl_generator_c: 3.1.5 (/opt/ros/humble/install/share/rosidl_generator_c/cmake)
[2.517s] -- Found rosidl_adapter: 3.1.5 (/opt/ros/humble/install/share/rosidl_adapter/cmake)
[2.540s] -- Found rosidl_generator_cpp: 3.1.5 (/opt/ros/humble/install/share/rosidl_generator_cpp/cmake)
[2.577s] -- Using all available rosidl_typesupport_c: rosidl_typesupport_fastrtps_c;rosidl_typesupport_introspection_c
[2.632s] -- Using all available rosidl_typesupport_cpp: rosidl_typesupport_fastrtps_cpp;rosidl_typesupport_introspection_cpp
[2.883s] -- Found gtest sources under '/opt/ros/humble/install/src/gtest_vendor': C++ tests using 'Google Test' will be built
[2.894s] -- Performing Test CMAKE_HAVE_LIBC_PTHREAD
[3.076s] -- Performing Test CMAKE_HAVE_LIBC_PTHREAD - Success
[3.079s] -- Found Threads: TRUE
[3.337s] -- Configuring done (2.9s)
[3.452s] -- Generating done (0.1s)
[3.454s] -- Build files have been written to: /workspace/towen/build/image_geometry
[3.532s] Invoked command in '/workspace/towen/build/image_geometry' returned '0': BYOBU_DATE=%Y-%m-%d CMAKE_PREFIX_PATH=${CMAKE_PREFIX_PATH}:/opt/ros/humble /usr/local/bin/cmake /workspace/towen/src/vision_opencv/image_geometry -DCMAKE_INSTALL_PREFIX=/workspace/towen/install/image_geometry
[3.534s] Invoking command in '/workspace/towen/build/image_geometry': BYOBU_DATE=%Y-%m-%d CMAKE_PREFIX_PATH=${CMAKE_PREFIX_PATH}:/opt/ros/humble /usr/local/bin/cmake --build /workspace/towen/build/image_geometry -- -j6 -l6
[3.844s] [ 11%] [32mBuilding CXX object CMakeFiles/image_geometry.dir/src/stereo_camera_model.cpp.o[0m
[3.869s] [ 33%] Built target ament_cmake_python_copy_image_geometry
[3.869s] [ 33%] [32mBuilding CXX object gtest/CMakeFiles/gtest.dir/src/gtest-all.cc.o[0m
[3.871s] [ 33%] [32mBuilding CXX object CMakeFiles/image_geometry.dir/src/pinhole_camera_model.cpp.o[0m
[3.884s] [ 44%] [32mBuilding CXX object gtest/CMakeFiles/gtest_main.dir/src/gtest_main.cc.o[0m
[4.741s] running egg_info
[4.794s] creating image_geometry.egg-info
[4.795s] writing image_geometry.egg-info/PKG-INFO
[4.798s] writing dependency_links to image_geometry.egg-info/dependency_links.txt
[4.799s] writing top-level names to image_geometry.egg-info/top_level.txt
[4.800s] writing manifest file 'image_geometry.egg-info/SOURCES.txt'
[4.985s] reading manifest file 'image_geometry.egg-info/SOURCES.txt'
[4.992s] writing manifest file 'image_geometry.egg-info/SOURCES.txt'
[5.207s] [ 44%] Built target ament_cmake_python_build_image_geometry_egg
[6.755s] [ 55%] [32m[1mLinking CXX static library libgtest_main.a[0m
[6.826s] [ 55%] Built target gtest_main
[8.965s] [ 66%] [32m[1mLinking CXX shared library libimage_geometry.so[0m
[9.284s] [ 66%] Built target image_geometry
[15.784s] [ 77%] [32m[1mLinking CXX static library libgtest.a[0m
[16.278s] [ 77%] Built target gtest
[16.376s] [ 88%] [32mBuilding CXX object CMakeFiles/image_geometry-utest.dir/test/utest.cpp.o[0m
[26.909s] [100%] [32m[1mLinking CXX executable image_geometry-utest[0m
[28.002s] [100%] Built target image_geometry-utest
[28.114s] Invoked command in '/workspace/towen/build/image_geometry' returned '0': BYOBU_DATE=%Y-%m-%d CMAKE_PREFIX_PATH=${CMAKE_PREFIX_PATH}:/opt/ros/humble /usr/local/bin/cmake --build /workspace/towen/build/image_geometry -- -j6 -l6
[29.121s] Invoking command in '/workspace/towen/build/image_geometry': BYOBU_DATE=%Y-%m-%d CMAKE_PREFIX_PATH=${CMAKE_PREFIX_PATH}:/opt/ros/humble /usr/local/bin/cmake --install /workspace/towen/build/image_geometry
[29.456s] -- Install configuration: ""
[29.470s] -- Installing: /workspace/towen/install/image_geometry/share/image_geometry/environment/pythonpath.sh
[29.472s] -- Installing: /workspace/towen/install/image_geometry/share/image_geometry/environment/pythonpath.dsv
[29.475s] -- Installing: /workspace/towen/install/image_geometry/local/lib/python3.10/dist-packages/image_geometry-3.2.1-py3.10.egg-info
[29.476s] -- Installing: /workspace/towen/install/image_geometry/local/lib/python3.10/dist-packages/image_geometry-3.2.1-py3.10.egg-info/PKG-INFO
[29.479s] -- Installing: /workspace/towen/install/image_geometry/local/lib/python3.10/dist-packages/image_geometry-3.2.1-py3.10.egg-info/top_level.txt
[29.482s] -- Installing: /workspace/towen/install/image_geometry/local/lib/python3.10/dist-packages/image_geometry-3.2.1-py3.10.egg-info/SOURCES.txt
[29.486s] -- Installing: /workspace/towen/install/image_geometry/local/lib/python3.10/dist-packages/image_geometry-3.2.1-py3.10.egg-info/dependency_links.txt
[29.489s] -- Installing: /workspace/towen/install/image_geometry/local/lib/python3.10/dist-packages/image_geometry
[29.490s] -- Installing: /workspace/towen/install/image_geometry/local/lib/python3.10/dist-packages/image_geometry/__init__.py
[29.493s] -- Installing: /workspace/towen/install/image_geometry/local/lib/python3.10/dist-packages/image_geometry/cameramodels.py
[29.590s] Listing '/workspace/towen/install/image_geometry/local/lib/python3.10/dist-packages/image_geometry'...
[29.590s] Compiling '/workspace/towen/install/image_geometry/local/lib/python3.10/dist-packages/image_geometry/__init__.py'...
[29.593s] Compiling '/workspace/towen/install/image_geometry/local/lib/python3.10/dist-packages/image_geometry/cameramodels.py'...
[29.613s] -- Installing: /workspace/towen/install/image_geometry/include/image_geometry
[29.615s] -- Installing: /workspace/towen/install/image_geometry/include/image_geometry/image_geometry
[29.615s] -- Installing: /workspace/towen/install/image_geometry/include/image_geometry/image_geometry/visibility_control.hpp
[29.618s] -- Installing: /workspace/towen/install/image_geometry/include/image_geometry/image_geometry/stereo_camera_model.h
[29.621s] -- Installing: /workspace/towen/install/image_geometry/include/image_geometry/image_geometry/pinhole_camera_model.h
[29.624s] -- Installing: /workspace/towen/install/image_geometry/lib/libimage_geometry.so
[29.638s] -- Set non-toolchain portion of runtime path of "/workspace/towen/install/image_geometry/lib/libimage_geometry.so" to ""
[29.639s] -- Installing: /workspace/towen/install/image_geometry/share/ament_index/resource_index/package_run_dependencies/image_geometry
[29.654s] -- Installing: /workspace/towen/install/image_geometry/share/ament_index/resource_index/parent_prefix_path/image_geometry
[29.656s] -- Installing: /workspace/towen/install/image_geometry/share/image_geometry/environment/ament_prefix_path.sh
[29.659s] -- Installing: /workspace/towen/install/image_geometry/share/image_geometry/environment/ament_prefix_path.dsv
[29.662s] -- Installing: /workspace/towen/install/image_geometry/share/image_geometry/environment/path.sh
[29.664s] -- Installing: /workspace/towen/install/image_geometry/share/image_geometry/environment/path.dsv
[29.667s] -- Installing: /workspace/towen/install/image_geometry/share/image_geometry/local_setup.bash
[29.669s] -- Installing: /workspace/towen/install/image_geometry/share/image_geometry/local_setup.sh
[29.671s] -- Installing: /workspace/towen/install/image_geometry/share/image_geometry/local_setup.zsh
[29.674s] -- Installing: /workspace/towen/install/image_geometry/share/image_geometry/local_setup.dsv
[29.676s] -- Installing: /workspace/towen/install/image_geometry/share/image_geometry/package.dsv
[29.681s] -- Installing: /workspace/towen/install/image_geometry/share/ament_index/resource_index/packages/image_geometry
[29.684s] -- Installing: /workspace/towen/install/image_geometry/share/image_geometry/cmake/export_image_geometryExport.cmake
[29.687s] -- Installing: /workspace/towen/install/image_geometry/share/image_geometry/cmake/export_image_geometryExport-noconfig.cmake
[29.689s] -- Installing: /workspace/towen/install/image_geometry/share/image_geometry/cmake/ament_cmake_export_targets-extras.cmake
[29.692s] -- Installing: /workspace/towen/install/image_geometry/share/image_geometry/cmake/ament_cmake_export_dependencies-extras.cmake
[29.695s] -- Installing: /workspace/towen/install/image_geometry/share/image_geometry/cmake/image_geometryConfig.cmake
[29.697s] -- Installing: /workspace/towen/install/image_geometry/share/image_geometry/cmake/image_geometryConfig-version.cmake
[29.700s] -- Installing: /workspace/towen/install/image_geometry/share/image_geometry/package.xml
[29.756s] Invoked command in '/workspace/towen/build/image_geometry' returned '0': BYOBU_DATE=%Y-%m-%d CMAKE_PREFIX_PATH=${CMAKE_PREFIX_PATH}:/opt/ros/humble /usr/local/bin/cmake --install /workspace/towen/build/image_geometry
