[3.694s] Invoking command in '/workspace/towen/src/motionpackage': BYOBU_DATE=%Y-%m-%d PYTHONPATH=/workspace/towen/build/motionpackage/prefix_override:/usr/lib/python3/dist-packages/colcon_core/task/python/colcon_distutils_commands:/workspace/towen/install/motionpackage/lib/python3.10/site-packages:${PYTHONPATH} /usr/bin/python3 -W ignore:setup.py install is deprecated setup.py egg_info --egg-base ../../build/motionpackage build --build-base /workspace/towen/build/motionpackage/build install --record /workspace/towen/build/motionpackage/install.log --single-version-externally-managed install_data
[4.337s] /home/work/.local/lib/python3.10/site-packages/setuptools/_distutils/dist.py:289: UserWarning: Unknown distribution option: 'tests_require'
[4.337s]   warnings.warn(msg)
[4.714s] running egg_info
[4.771s] writing ../../build/motionpackage/motionpackage.egg-info/PKG-INFO
[4.772s] writing dependency_links to ../../build/motionpackage/motionpackage.egg-info/dependency_links.txt
[4.773s] writing entry points to ../../build/motionpackage/motionpackage.egg-info/entry_points.txt
[4.774s] writing requirements to ../../build/motionpackage/motionpackage.egg-info/requires.txt
[4.774s] writing top-level names to ../../build/motionpackage/motionpackage.egg-info/top_level.txt
[4.899s] reading manifest file '../../build/motionpackage/motionpackage.egg-info/SOURCES.txt'
[4.901s] adding license file 'LICENSE'
[4.905s] writing manifest file '../../build/motionpackage/motionpackage.egg-info/SOURCES.txt'
[4.905s] running build
[4.905s] running build_py
[4.906s] copying motionpackage/opencr_imu.py -> /workspace/towen/build/motionpackage/build/lib/motionpackage
[4.906s] copying motionpackage/test.py -> /workspace/towen/build/motionpackage/build/lib/motionpackage
[4.907s] copying motionpackage/__init__.py -> /workspace/towen/build/motionpackage/build/lib/motionpackage
[4.908s] copying motionpackage/import struct.py -> /workspace/towen/build/motionpackage/build/lib/motionpackage
[4.908s] copying motionpackage/walking.py -> /workspace/towen/build/motionpackage/build/lib/motionpackage
[4.908s] copying motionpackage/motionpackage.py -> /workspace/towen/build/motionpackage/build/lib/motionpackage
[4.909s] running install
[4.920s] running install_lib
[5.011s] running install_data
[5.011s] copying resource/motionpackage -> /workspace/towen/install/motionpackage/share/ament_index/resource_index/packages
[5.012s] copying package.xml -> /workspace/towen/install/motionpackage/share/motionpackage
[5.012s] running install_egg_info
[5.083s] removing '/workspace/towen/install/motionpackage/lib/python3.10/site-packages/motionpackage-0.0.0-py3.10.egg-info' (and everything under it)
[5.088s] Copying ../../build/motionpackage/motionpackage.egg-info to /workspace/towen/install/motionpackage/lib/python3.10/site-packages/motionpackage-0.0.0-py3.10.egg-info
[5.088s] running install_scripts
[5.201s] Installing motionpackage script to /workspace/towen/install/motionpackage/lib/motionpackage
[5.203s] writing list of installed files to '/workspace/towen/build/motionpackage/install.log'
[5.294s] Invoked command in '/workspace/towen/src/motionpackage' returned '0': BYOBU_DATE=%Y-%m-%d PYTHONPATH=/workspace/towen/build/motionpackage/prefix_override:/usr/lib/python3/dist-packages/colcon_core/task/python/colcon_distutils_commands:/workspace/towen/install/motionpackage/lib/python3.10/site-packages:${PYTHONPATH} /usr/bin/python3 -W ignore:setup.py install is deprecated setup.py egg_info --egg-base ../../build/motionpackage build --build-base /workspace/towen/build/motionpackage/build install --record /workspace/towen/build/motionpackage/install.log --single-version-externally-managed install_data
