[6.146s] Invoking command in '/home/iclab/Desktop/humanoid/src/wula': BYOBU_DATE=%Y-%m-%d PYTHONPATH=/home/iclab/Desktop/humanoid/build/wula/prefix_override:/usr/lib/python3/dist-packages/colcon_core/task/python/colcon_distutils_commands:/home/iclab/Desktop/humanoid/install/wula/lib/python3.10/site-packages:${PYTHONPATH} /usr/bin/python3 -W ignore:setup.py install is deprecated -W ignore:easy_install command is deprecated setup.py egg_info --egg-base ../../build/wula build --build-base /home/iclab/Desktop/humanoid/build/wula/build install --record /home/iclab/Desktop/humanoid/build/wula/install.log --single-version-externally-managed install_data
[7.016s] running egg_info
[7.017s] writing ../../build/wula/wula.egg-info/PKG-INFO
[7.018s] writing dependency_links to ../../build/wula/wula.egg-info/dependency_links.txt
[7.018s] writing entry points to ../../build/wula/wula.egg-info/entry_points.txt
[7.018s] writing requirements to ../../build/wula/wula.egg-info/requires.txt
[7.019s] writing top-level names to ../../build/wula/wula.egg-info/top_level.txt
[7.025s] reading manifest file '../../build/wula/wula.egg-info/SOURCES.txt'
[7.027s] writing manifest file '../../build/wula/wula.egg-info/SOURCES.txt'
[7.028s] running build
[7.028s] running build_py
[7.030s] running install
[7.031s] running install_lib
[7.036s] running install_data
[7.037s] running install_egg_info
[7.042s] removing '/home/iclab/Desktop/humanoid/install/wula/lib/python3.10/site-packages/wula-0.1.0-py3.10.egg-info' (and everything under it)
[7.042s] Copying ../../build/wula/wula.egg-info to /home/iclab/Desktop/humanoid/install/wula/lib/python3.10/site-packages/wula-0.1.0-py3.10.egg-info
[7.045s] running install_scripts
[7.100s] Installing sp_boson script to /home/iclab/Desktop/humanoid/install/wula/lib/wula
[7.102s] writing list of installed files to '/home/iclab/Desktop/humanoid/build/wula/install.log'
[7.183s] Invoked command in '/home/iclab/Desktop/humanoid/src/wula' returned '0': BYOBU_DATE=%Y-%m-%d PYTHONPATH=/home/iclab/Desktop/humanoid/build/wula/prefix_override:/usr/lib/python3/dist-packages/colcon_core/task/python/colcon_distutils_commands:/home/iclab/Desktop/humanoid/install/wula/lib/python3.10/site-packages:${PYTHONPATH} /usr/bin/python3 -W ignore:setup.py install is deprecated -W ignore:easy_install command is deprecated setup.py egg_info --egg-base ../../build/wula build --build-base /home/iclab/Desktop/humanoid/build/wula/build install --record /home/iclab/Desktop/humanoid/build/wula/install.log --single-version-externally-managed install_data
