[ 10%] Built target webrtc_ros_msgs__rosidl_generator_c
[ 12%] Built target webrtc_ros_msgs__cpp
[ 12%] Built target ament_cmake_python_copy_webrtc_ros_msgs
[ 23%] Built target webrtc_ros_msgs__rosidl_typesupport_introspection_c
[ 33%] Built target webrtc_ros_msgs__rosidl_typesupport_fastrtps_c
[ 43%] Built target webrtc_ros_msgs__rosidl_typesupport_c
[ 53%] Built target webrtc_ros_msgs__rosidl_typesupport_introspection_cpp
[ 64%] Built target webrtc_ros_msgs__rosidl_typesupport_cpp
[ 74%] Built target webrtc_ros_msgs__rosidl_typesupport_fastrtps_cpp
[ 74%] Built target webrtc_ros_msgs
[ 76%] Built target webrtc_ros_msgs__py
[ 84%] Built target webrtc_ros_msgs__rosidl_generator_py
[ 89%] Built target webrtc_ros_msgs__rosidl_typesupport_introspection_c__pyext
[ 94%] Built target webrtc_ros_msgs__rosidl_typesupport_fastrtps_c__pyext
[100%] Built target webrtc_ros_msgs__rosidl_typesupport_c__pyext
running egg_info
writing webrtc_ros_msgs.egg-info/PKG-INFO
writing dependency_links to webrtc_ros_msgs.egg-info/dependency_links.txt
writing top-level names to webrtc_ros_msgs.egg-info/top_level.txt
reading manifest file 'webrtc_ros_msgs.egg-info/SOURCES.txt'
writing manifest file 'webrtc_ros_msgs.egg-info/SOURCES.txt'
[100%] Built target ament_cmake_python_build_webrtc_ros_msgs_egg
-- Install configuration: ""
-- Up-to-date: /workspace/towen/install/webrtc_ros_msgs/share/ament_index/resource_index/rosidl_interfaces/webrtc_ros_msgs
-- Up-to-date: /workspace/towen/install/webrtc_ros_msgs/include/webrtc_ros_msgs/webrtc_ros_msgs
-- Up-to-date: /workspace/towen/install/webrtc_ros_msgs/include/webrtc_ros_msgs/webrtc_ros_msgs/srv
-- Up-to-date: /workspace/towen/install/webrtc_ros_msgs/include/webrtc_ros_msgs/webrtc_ros_msgs/srv/detail
-- Up-to-date: /workspace/towen/install/webrtc_ros_msgs/include/webrtc_ros_msgs/webrtc_ros_msgs/srv/detail/get_ice_servers__functions.c
-- Up-to-date: /workspace/towen/install/webrtc_ros_msgs/include/webrtc_ros_msgs/webrtc_ros_msgs/srv/detail/get_ice_servers__type_support.h
-- Up-to-date: /workspace/towen/install/webrtc_ros_msgs/include/webrtc_ros_msgs/webrtc_ros_msgs/srv/detail/get_ice_servers__functions.h
-- Up-to-date: /workspace/towen/install/webrtc_ros_msgs/include/webrtc_ros_msgs/webrtc_ros_msgs/srv/detail/get_ice_servers__struct.h
-- Up-to-date: /workspace/towen/install/webrtc_ros_msgs/include/webrtc_ros_msgs/webrtc_ros_msgs/srv/get_ice_servers.h
-- Up-to-date: /workspace/towen/install/webrtc_ros_msgs/include/webrtc_ros_msgs/webrtc_ros_msgs/msg
-- Up-to-date: /workspace/towen/install/webrtc_ros_msgs/include/webrtc_ros_msgs/webrtc_ros_msgs/msg/ice_server.h
-- Up-to-date: /workspace/towen/install/webrtc_ros_msgs/include/webrtc_ros_msgs/webrtc_ros_msgs/msg/rosidl_generator_c__visibility_control.h
-- Up-to-date: /workspace/towen/install/webrtc_ros_msgs/include/webrtc_ros_msgs/webrtc_ros_msgs/msg/detail
-- Up-to-date: /workspace/towen/install/webrtc_ros_msgs/include/webrtc_ros_msgs/webrtc_ros_msgs/msg/detail/ice_server__type_support.h
-- Up-to-date: /workspace/towen/install/webrtc_ros_msgs/include/webrtc_ros_msgs/webrtc_ros_msgs/msg/detail/ice_server__functions.h
-- Up-to-date: /workspace/towen/install/webrtc_ros_msgs/include/webrtc_ros_msgs/webrtc_ros_msgs/msg/detail/ice_server__functions.c
-- Up-to-date: /workspace/towen/install/webrtc_ros_msgs/include/webrtc_ros_msgs/webrtc_ros_msgs/msg/detail/ice_server__struct.h
-- Up-to-date: /workspace/towen/install/webrtc_ros_msgs/share/webrtc_ros_msgs/environment/library_path.sh
-- Up-to-date: /workspace/towen/install/webrtc_ros_msgs/share/webrtc_ros_msgs/environment/library_path.dsv
-- Up-to-date: /workspace/towen/install/webrtc_ros_msgs/lib/libwebrtc_ros_msgs__rosidl_generator_c.so
-- Up-to-date: /workspace/towen/install/webrtc_ros_msgs/include/webrtc_ros_msgs/webrtc_ros_msgs
-- Up-to-date: /workspace/towen/install/webrtc_ros_msgs/include/webrtc_ros_msgs/webrtc_ros_msgs/srv
-- Up-to-date: /workspace/towen/install/webrtc_ros_msgs/include/webrtc_ros_msgs/webrtc_ros_msgs/srv/detail
-- Up-to-date: /workspace/towen/install/webrtc_ros_msgs/include/webrtc_ros_msgs/webrtc_ros_msgs/srv/detail/get_ice_servers__rosidl_typesupport_introspection_c.h
-- Up-to-date: /workspace/towen/install/webrtc_ros_msgs/include/webrtc_ros_msgs/webrtc_ros_msgs/srv/detail/get_ice_servers__type_support.c
-- Up-to-date: /workspace/towen/install/webrtc_ros_msgs/include/webrtc_ros_msgs/webrtc_ros_msgs/msg
-- Up-to-date: /workspace/towen/install/webrtc_ros_msgs/include/webrtc_ros_msgs/webrtc_ros_msgs/msg/rosidl_typesupport_introspection_c__visibility_control.h
-- Up-to-date: /workspace/towen/install/webrtc_ros_msgs/include/webrtc_ros_msgs/webrtc_ros_msgs/msg/detail
-- Up-to-date: /workspace/towen/install/webrtc_ros_msgs/include/webrtc_ros_msgs/webrtc_ros_msgs/msg/detail/ice_server__type_support.c
-- Up-to-date: /workspace/towen/install/webrtc_ros_msgs/include/webrtc_ros_msgs/webrtc_ros_msgs/msg/detail/ice_server__rosidl_typesupport_introspection_c.h
-- Up-to-date: /workspace/towen/install/webrtc_ros_msgs/lib/libwebrtc_ros_msgs__rosidl_typesupport_introspection_c.so
-- Up-to-date: /workspace/towen/install/webrtc_ros_msgs/include/webrtc_ros_msgs/webrtc_ros_msgs
-- Up-to-date: /workspace/towen/install/webrtc_ros_msgs/include/webrtc_ros_msgs/webrtc_ros_msgs/srv
-- Up-to-date: /workspace/towen/install/webrtc_ros_msgs/include/webrtc_ros_msgs/webrtc_ros_msgs/srv/detail
-- Up-to-date: /workspace/towen/install/webrtc_ros_msgs/include/webrtc_ros_msgs/webrtc_ros_msgs/srv/detail/get_ice_servers__rosidl_typesupport_fastrtps_c.h
-- Up-to-date: /workspace/towen/install/webrtc_ros_msgs/include/webrtc_ros_msgs/webrtc_ros_msgs/msg
-- Up-to-date: /workspace/towen/install/webrtc_ros_msgs/include/webrtc_ros_msgs/webrtc_ros_msgs/msg/rosidl_typesupport_fastrtps_c__visibility_control.h
-- Up-to-date: /workspace/towen/install/webrtc_ros_msgs/include/webrtc_ros_msgs/webrtc_ros_msgs/msg/detail
-- Up-to-date: /workspace/towen/install/webrtc_ros_msgs/include/webrtc_ros_msgs/webrtc_ros_msgs/msg/detail/ice_server__rosidl_typesupport_fastrtps_c.h
-- Up-to-date: /workspace/towen/install/webrtc_ros_msgs/lib/libwebrtc_ros_msgs__rosidl_typesupport_fastrtps_c.so
-- Up-to-date: /workspace/towen/install/webrtc_ros_msgs/lib/libwebrtc_ros_msgs__rosidl_typesupport_c.so
-- Up-to-date: /workspace/towen/install/webrtc_ros_msgs/include/webrtc_ros_msgs/webrtc_ros_msgs
-- Up-to-date: /workspace/towen/install/webrtc_ros_msgs/include/webrtc_ros_msgs/webrtc_ros_msgs/srv
-- Up-to-date: /workspace/towen/install/webrtc_ros_msgs/include/webrtc_ros_msgs/webrtc_ros_msgs/srv/get_ice_servers.hpp
-- Up-to-date: /workspace/towen/install/webrtc_ros_msgs/include/webrtc_ros_msgs/webrtc_ros_msgs/srv/detail
-- Up-to-date: /workspace/towen/install/webrtc_ros_msgs/include/webrtc_ros_msgs/webrtc_ros_msgs/srv/detail/get_ice_servers__builder.hpp
-- Up-to-date: /workspace/towen/install/webrtc_ros_msgs/include/webrtc_ros_msgs/webrtc_ros_msgs/srv/detail/get_ice_servers__traits.hpp
-- Up-to-date: /workspace/towen/install/webrtc_ros_msgs/include/webrtc_ros_msgs/webrtc_ros_msgs/srv/detail/get_ice_servers__type_support.hpp
-- Up-to-date: /workspace/towen/install/webrtc_ros_msgs/include/webrtc_ros_msgs/webrtc_ros_msgs/srv/detail/get_ice_servers__struct.hpp
-- Up-to-date: /workspace/towen/install/webrtc_ros_msgs/include/webrtc_ros_msgs/webrtc_ros_msgs/msg
-- Up-to-date: /workspace/towen/install/webrtc_ros_msgs/include/webrtc_ros_msgs/webrtc_ros_msgs/msg/ice_server.hpp
-- Up-to-date: /workspace/towen/install/webrtc_ros_msgs/include/webrtc_ros_msgs/webrtc_ros_msgs/msg/detail
-- Up-to-date: /workspace/towen/install/webrtc_ros_msgs/include/webrtc_ros_msgs/webrtc_ros_msgs/msg/detail/ice_server__traits.hpp
-- Up-to-date: /workspace/towen/install/webrtc_ros_msgs/include/webrtc_ros_msgs/webrtc_ros_msgs/msg/detail/ice_server__builder.hpp
-- Up-to-date: /workspace/towen/install/webrtc_ros_msgs/include/webrtc_ros_msgs/webrtc_ros_msgs/msg/detail/ice_server__type_support.hpp
-- Up-to-date: /workspace/towen/install/webrtc_ros_msgs/include/webrtc_ros_msgs/webrtc_ros_msgs/msg/detail/ice_server__struct.hpp
-- Up-to-date: /workspace/towen/install/webrtc_ros_msgs/include/webrtc_ros_msgs/webrtc_ros_msgs/msg/rosidl_generator_cpp__visibility_control.hpp
-- Up-to-date: /workspace/towen/install/webrtc_ros_msgs/include/webrtc_ros_msgs/webrtc_ros_msgs
-- Up-to-date: /workspace/towen/install/webrtc_ros_msgs/include/webrtc_ros_msgs/webrtc_ros_msgs/srv
-- Up-to-date: /workspace/towen/install/webrtc_ros_msgs/include/webrtc_ros_msgs/webrtc_ros_msgs/srv/detail
-- Up-to-date: /workspace/towen/install/webrtc_ros_msgs/include/webrtc_ros_msgs/webrtc_ros_msgs/srv/detail/get_ice_servers__rosidl_typesupport_introspection_cpp.hpp
-- Up-to-date: /workspace/towen/install/webrtc_ros_msgs/include/webrtc_ros_msgs/webrtc_ros_msgs/srv/detail/get_ice_servers__type_support.cpp
-- Up-to-date: /workspace/towen/install/webrtc_ros_msgs/include/webrtc_ros_msgs/webrtc_ros_msgs/msg
-- Up-to-date: /workspace/towen/install/webrtc_ros_msgs/include/webrtc_ros_msgs/webrtc_ros_msgs/msg/detail
-- Up-to-date: /workspace/towen/install/webrtc_ros_msgs/include/webrtc_ros_msgs/webrtc_ros_msgs/msg/detail/ice_server__rosidl_typesupport_introspection_cpp.hpp
-- Up-to-date: /workspace/towen/install/webrtc_ros_msgs/include/webrtc_ros_msgs/webrtc_ros_msgs/msg/detail/ice_server__type_support.cpp
-- Up-to-date: /workspace/towen/install/webrtc_ros_msgs/lib/libwebrtc_ros_msgs__rosidl_typesupport_introspection_cpp.so
-- Up-to-date: /workspace/towen/install/webrtc_ros_msgs/include/webrtc_ros_msgs/webrtc_ros_msgs
-- Up-to-date: /workspace/towen/install/webrtc_ros_msgs/include/webrtc_ros_msgs/webrtc_ros_msgs/srv
-- Up-to-date: /workspace/towen/install/webrtc_ros_msgs/include/webrtc_ros_msgs/webrtc_ros_msgs/srv/detail
-- Up-to-date: /workspace/towen/install/webrtc_ros_msgs/include/webrtc_ros_msgs/webrtc_ros_msgs/srv/detail/get_ice_servers__rosidl_typesupport_fastrtps_cpp.hpp
-- Up-to-date: /workspace/towen/install/webrtc_ros_msgs/include/webrtc_ros_msgs/webrtc_ros_msgs/srv/detail/dds_fastrtps
-- Up-to-date: /workspace/towen/install/webrtc_ros_msgs/include/webrtc_ros_msgs/webrtc_ros_msgs/msg
-- Up-to-date: /workspace/towen/install/webrtc_ros_msgs/include/webrtc_ros_msgs/webrtc_ros_msgs/msg/rosidl_typesupport_fastrtps_cpp__visibility_control.h
-- Up-to-date: /workspace/towen/install/webrtc_ros_msgs/include/webrtc_ros_msgs/webrtc_ros_msgs/msg/detail
-- Up-to-date: /workspace/towen/install/webrtc_ros_msgs/include/webrtc_ros_msgs/webrtc_ros_msgs/msg/detail/dds_fastrtps
-- Up-to-date: /workspace/towen/install/webrtc_ros_msgs/include/webrtc_ros_msgs/webrtc_ros_msgs/msg/detail/ice_server__rosidl_typesupport_fastrtps_cpp.hpp
-- Up-to-date: /workspace/towen/install/webrtc_ros_msgs/lib/libwebrtc_ros_msgs__rosidl_typesupport_fastrtps_cpp.so
-- Up-to-date: /workspace/towen/install/webrtc_ros_msgs/lib/libwebrtc_ros_msgs__rosidl_typesupport_cpp.so
-- Up-to-date: /workspace/towen/install/webrtc_ros_msgs/share/webrtc_ros_msgs/environment/pythonpath.sh
-- Up-to-date: /workspace/towen/install/webrtc_ros_msgs/share/webrtc_ros_msgs/environment/pythonpath.dsv
-- Up-to-date: /workspace/towen/install/webrtc_ros_msgs/local/lib/python3.10/dist-packages/webrtc_ros_msgs-59.0.4-py3.10.egg-info
-- Installing: /workspace/towen/install/webrtc_ros_msgs/local/lib/python3.10/dist-packages/webrtc_ros_msgs-59.0.4-py3.10.egg-info/PKG-INFO
-- Installing: /workspace/towen/install/webrtc_ros_msgs/local/lib/python3.10/dist-packages/webrtc_ros_msgs-59.0.4-py3.10.egg-info/top_level.txt
-- Installing: /workspace/towen/install/webrtc_ros_msgs/local/lib/python3.10/dist-packages/webrtc_ros_msgs-59.0.4-py3.10.egg-info/SOURCES.txt
-- Installing: /workspace/towen/install/webrtc_ros_msgs/local/lib/python3.10/dist-packages/webrtc_ros_msgs-59.0.4-py3.10.egg-info/dependency_links.txt
-- Up-to-date: /workspace/towen/install/webrtc_ros_msgs/local/lib/python3.10/dist-packages/webrtc_ros_msgs
-- Up-to-date: /workspace/towen/install/webrtc_ros_msgs/local/lib/python3.10/dist-packages/webrtc_ros_msgs/srv
-- Up-to-date: /workspace/towen/install/webrtc_ros_msgs/local/lib/python3.10/dist-packages/webrtc_ros_msgs/srv/_get_ice_servers_s.c
-- Up-to-date: /workspace/towen/install/webrtc_ros_msgs/local/lib/python3.10/dist-packages/webrtc_ros_msgs/srv/__init__.py
-- Up-to-date: /workspace/towen/install/webrtc_ros_msgs/local/lib/python3.10/dist-packages/webrtc_ros_msgs/srv/_get_ice_servers.py
-- Up-to-date: /workspace/towen/install/webrtc_ros_msgs/local/lib/python3.10/dist-packages/webrtc_ros_msgs/webrtc_ros_msgs_s__rosidl_typesupport_introspection_c.cpython-310-aarch64-linux-gnu.so
-- Up-to-date: /workspace/towen/install/webrtc_ros_msgs/local/lib/python3.10/dist-packages/webrtc_ros_msgs/msg
-- Up-to-date: /workspace/towen/install/webrtc_ros_msgs/local/lib/python3.10/dist-packages/webrtc_ros_msgs/msg/_ice_server_s.c
-- Up-to-date: /workspace/towen/install/webrtc_ros_msgs/local/lib/python3.10/dist-packages/webrtc_ros_msgs/msg/__init__.py
-- Up-to-date: /workspace/towen/install/webrtc_ros_msgs/local/lib/python3.10/dist-packages/webrtc_ros_msgs/msg/_ice_server.py
-- Up-to-date: /workspace/towen/install/webrtc_ros_msgs/local/lib/python3.10/dist-packages/webrtc_ros_msgs/__init__.py
-- Up-to-date: /workspace/towen/install/webrtc_ros_msgs/local/lib/python3.10/dist-packages/webrtc_ros_msgs/_webrtc_ros_msgs_s.ep.rosidl_typesupport_c.c
-- Up-to-date: /workspace/towen/install/webrtc_ros_msgs/local/lib/python3.10/dist-packages/webrtc_ros_msgs/libwebrtc_ros_msgs__rosidl_generator_py.so
-- Up-to-date: /workspace/towen/install/webrtc_ros_msgs/local/lib/python3.10/dist-packages/webrtc_ros_msgs/webrtc_ros_msgs_s__rosidl_typesupport_fastrtps_c.cpython-310-aarch64-linux-gnu.so
-- Up-to-date: /workspace/towen/install/webrtc_ros_msgs/local/lib/python3.10/dist-packages/webrtc_ros_msgs/_webrtc_ros_msgs_s.ep.rosidl_typesupport_fastrtps_c.c
-- Up-to-date: /workspace/towen/install/webrtc_ros_msgs/local/lib/python3.10/dist-packages/webrtc_ros_msgs/webrtc_ros_msgs_s__rosidl_typesupport_c.cpython-310-aarch64-linux-gnu.so
-- Up-to-date: /workspace/towen/install/webrtc_ros_msgs/local/lib/python3.10/dist-packages/webrtc_ros_msgs/_webrtc_ros_msgs_s.ep.rosidl_typesupport_introspection_c.c
Listing '/workspace/towen/install/webrtc_ros_msgs/local/lib/python3.10/dist-packages/webrtc_ros_msgs'...
Listing '/workspace/towen/install/webrtc_ros_msgs/local/lib/python3.10/dist-packages/webrtc_ros_msgs/msg'...
Listing '/workspace/towen/install/webrtc_ros_msgs/local/lib/python3.10/dist-packages/webrtc_ros_msgs/srv'...
-- Up-to-date: /workspace/towen/install/webrtc_ros_msgs/local/lib/python3.10/dist-packages/webrtc_ros_msgs/webrtc_ros_msgs_s__rosidl_typesupport_introspection_c.cpython-310-aarch64-linux-gnu.so
-- Up-to-date: /workspace/towen/install/webrtc_ros_msgs/local/lib/python3.10/dist-packages/webrtc_ros_msgs/webrtc_ros_msgs_s__rosidl_typesupport_fastrtps_c.cpython-310-aarch64-linux-gnu.so
-- Up-to-date: /workspace/towen/install/webrtc_ros_msgs/local/lib/python3.10/dist-packages/webrtc_ros_msgs/webrtc_ros_msgs_s__rosidl_typesupport_c.cpython-310-aarch64-linux-gnu.so
-- Up-to-date: /workspace/towen/install/webrtc_ros_msgs/lib/libwebrtc_ros_msgs__rosidl_generator_py.so
-- Up-to-date: /workspace/towen/install/webrtc_ros_msgs/share/webrtc_ros_msgs/msg/IceServer.idl
-- Up-to-date: /workspace/towen/install/webrtc_ros_msgs/share/webrtc_ros_msgs/srv/GetIceServers.idl
-- Up-to-date: /workspace/towen/install/webrtc_ros_msgs/share/webrtc_ros_msgs/msg/IceServer.msg
-- Up-to-date: /workspace/towen/install/webrtc_ros_msgs/share/webrtc_ros_msgs/srv/GetIceServers.srv
-- Up-to-date: /workspace/towen/install/webrtc_ros_msgs/share/webrtc_ros_msgs/srv/GetIceServers_Request.msg
-- Up-to-date: /workspace/towen/install/webrtc_ros_msgs/share/webrtc_ros_msgs/srv/GetIceServers_Response.msg
-- Up-to-date: /workspace/towen/install/webrtc_ros_msgs/share/ament_index/resource_index/package_run_dependencies/webrtc_ros_msgs
-- Up-to-date: /workspace/towen/install/webrtc_ros_msgs/share/ament_index/resource_index/parent_prefix_path/webrtc_ros_msgs
-- Up-to-date: /workspace/towen/install/webrtc_ros_msgs/share/webrtc_ros_msgs/environment/ament_prefix_path.sh
-- Up-to-date: /workspace/towen/install/webrtc_ros_msgs/share/webrtc_ros_msgs/environment/ament_prefix_path.dsv
-- Up-to-date: /workspace/towen/install/webrtc_ros_msgs/share/webrtc_ros_msgs/environment/path.sh
-- Up-to-date: /workspace/towen/install/webrtc_ros_msgs/share/webrtc_ros_msgs/environment/path.dsv
-- Up-to-date: /workspace/towen/install/webrtc_ros_msgs/share/webrtc_ros_msgs/local_setup.bash
-- Up-to-date: /workspace/towen/install/webrtc_ros_msgs/share/webrtc_ros_msgs/local_setup.sh
-- Up-to-date: /workspace/towen/install/webrtc_ros_msgs/share/webrtc_ros_msgs/local_setup.zsh
-- Up-to-date: /workspace/towen/install/webrtc_ros_msgs/share/webrtc_ros_msgs/local_setup.dsv
-- Installing: /workspace/towen/install/webrtc_ros_msgs/share/webrtc_ros_msgs/package.dsv
-- Up-to-date: /workspace/towen/install/webrtc_ros_msgs/share/ament_index/resource_index/packages/webrtc_ros_msgs
-- Up-to-date: /workspace/towen/install/webrtc_ros_msgs/share/webrtc_ros_msgs/cmake/export_webrtc_ros_msgs__rosidl_generator_cExport.cmake
-- Up-to-date: /workspace/towen/install/webrtc_ros_msgs/share/webrtc_ros_msgs/cmake/export_webrtc_ros_msgs__rosidl_generator_cExport-noconfig.cmake
-- Up-to-date: /workspace/towen/install/webrtc_ros_msgs/share/webrtc_ros_msgs/cmake/webrtc_ros_msgs__rosidl_typesupport_introspection_cExport.cmake
-- Up-to-date: /workspace/towen/install/webrtc_ros_msgs/share/webrtc_ros_msgs/cmake/webrtc_ros_msgs__rosidl_typesupport_introspection_cExport-noconfig.cmake
-- Up-to-date: /workspace/towen/install/webrtc_ros_msgs/share/webrtc_ros_msgs/cmake/export_webrtc_ros_msgs__rosidl_typesupport_fastrtps_cExport.cmake
-- Up-to-date: /workspace/towen/install/webrtc_ros_msgs/share/webrtc_ros_msgs/cmake/export_webrtc_ros_msgs__rosidl_typesupport_fastrtps_cExport-noconfig.cmake
-- Up-to-date: /workspace/towen/install/webrtc_ros_msgs/share/webrtc_ros_msgs/cmake/webrtc_ros_msgs__rosidl_typesupport_cExport.cmake
-- Up-to-date: /workspace/towen/install/webrtc_ros_msgs/share/webrtc_ros_msgs/cmake/webrtc_ros_msgs__rosidl_typesupport_cExport-noconfig.cmake
-- Up-to-date: /workspace/towen/install/webrtc_ros_msgs/share/webrtc_ros_msgs/cmake/export_webrtc_ros_msgs__rosidl_generator_cppExport.cmake
-- Up-to-date: /workspace/towen/install/webrtc_ros_msgs/share/webrtc_ros_msgs/cmake/webrtc_ros_msgs__rosidl_typesupport_introspection_cppExport.cmake
-- Up-to-date: /workspace/towen/install/webrtc_ros_msgs/share/webrtc_ros_msgs/cmake/webrtc_ros_msgs__rosidl_typesupport_introspection_cppExport-noconfig.cmake
-- Up-to-date: /workspace/towen/install/webrtc_ros_msgs/share/webrtc_ros_msgs/cmake/export_webrtc_ros_msgs__rosidl_typesupport_fastrtps_cppExport.cmake
-- Up-to-date: /workspace/towen/install/webrtc_ros_msgs/share/webrtc_ros_msgs/cmake/export_webrtc_ros_msgs__rosidl_typesupport_fastrtps_cppExport-noconfig.cmake
-- Up-to-date: /workspace/towen/install/webrtc_ros_msgs/share/webrtc_ros_msgs/cmake/webrtc_ros_msgs__rosidl_typesupport_cppExport.cmake
-- Up-to-date: /workspace/towen/install/webrtc_ros_msgs/share/webrtc_ros_msgs/cmake/webrtc_ros_msgs__rosidl_typesupport_cppExport-noconfig.cmake
-- Up-to-date: /workspace/towen/install/webrtc_ros_msgs/share/webrtc_ros_msgs/cmake/export_webrtc_ros_msgs__rosidl_generator_pyExport.cmake
-- Up-to-date: /workspace/towen/install/webrtc_ros_msgs/share/webrtc_ros_msgs/cmake/export_webrtc_ros_msgs__rosidl_generator_pyExport-noconfig.cmake
-- Up-to-date: /workspace/towen/install/webrtc_ros_msgs/share/webrtc_ros_msgs/cmake/rosidl_cmake-extras.cmake
-- Up-to-date: /workspace/towen/install/webrtc_ros_msgs/share/webrtc_ros_msgs/cmake/ament_cmake_export_dependencies-extras.cmake
-- Up-to-date: /workspace/towen/install/webrtc_ros_msgs/share/webrtc_ros_msgs/cmake/ament_cmake_export_include_directories-extras.cmake
-- Up-to-date: /workspace/towen/install/webrtc_ros_msgs/share/webrtc_ros_msgs/cmake/ament_cmake_export_libraries-extras.cmake
-- Up-to-date: /workspace/towen/install/webrtc_ros_msgs/share/webrtc_ros_msgs/cmake/ament_cmake_export_targets-extras.cmake
-- Up-to-date: /workspace/towen/install/webrtc_ros_msgs/share/webrtc_ros_msgs/cmake/rosidl_cmake_export_typesupport_targets-extras.cmake
-- Up-to-date: /workspace/towen/install/webrtc_ros_msgs/share/webrtc_ros_msgs/cmake/rosidl_cmake_export_typesupport_libraries-extras.cmake
-- Up-to-date: /workspace/towen/install/webrtc_ros_msgs/share/webrtc_ros_msgs/cmake/webrtc_ros_msgsConfig.cmake
-- Up-to-date: /workspace/towen/install/webrtc_ros_msgs/share/webrtc_ros_msgs/cmake/webrtc_ros_msgsConfig-version.cmake
-- Up-to-date: /workspace/towen/install/webrtc_ros_msgs/share/webrtc_ros_msgs/package.xml
