[0.126s] Invoking command in '/workspace/towen/build/webrtc_ros_msgs': BYOBU_DATE=%Y-%m-%d CMAKE_PREFIX_PATH=${CMAKE_PREFIX_PATH}:/workspace/towen/install/rosidl_cli:/workspace/towen/install/opencv_tests:/workspace/towen/install/strategy:/workspace/towen/install/motionpackage:/workspace/towen/install/imageprocess:/opt/ros/humble /usr/local/bin/cmake --build /workspace/towen/build/webrtc_ros_msgs -- -j6 -l6
[0.630s] [ 10%] Built target webrtc_ros_msgs__rosidl_generator_c
[0.637s] [ 12%] Built target webrtc_ros_msgs__cpp
[0.704s] [ 12%] Built target ament_cmake_python_copy_webrtc_ros_msgs
[0.756s] [ 23%] Built target webrtc_ros_msgs__rosidl_typesupport_introspection_c
[0.769s] [ 33%] Built target webrtc_ros_msgs__rosidl_typesupport_fastrtps_c
[0.787s] [ 43%] Built target webrtc_ros_msgs__rosidl_typesupport_c
[0.823s] [ 53%] Built target webrtc_ros_msgs__rosidl_typesupport_introspection_cpp
[0.841s] [ 64%] Built target webrtc_ros_msgs__rosidl_typesupport_cpp
[0.874s] [ 74%] Built target webrtc_ros_msgs__rosidl_typesupport_fastrtps_cpp
[0.964s] [ 74%] Built target webrtc_ros_msgs
[1.027s] [ 76%] Built target webrtc_ros_msgs__py
[1.122s] [ 84%] Built target webrtc_ros_msgs__rosidl_generator_py
[1.203s] [ 89%] Built target webrtc_ros_msgs__rosidl_typesupport_introspection_c__pyext
[1.214s] [ 94%] Built target webrtc_ros_msgs__rosidl_typesupport_fastrtps_c__pyext
[1.228s] [100%] Built target webrtc_ros_msgs__rosidl_typesupport_c__pyext
[1.628s] running egg_info
[1.668s] writing webrtc_ros_msgs.egg-info/PKG-INFO
[1.670s] writing dependency_links to webrtc_ros_msgs.egg-info/dependency_links.txt
[1.671s] writing top-level names to webrtc_ros_msgs.egg-info/top_level.txt
[1.827s] reading manifest file 'webrtc_ros_msgs.egg-info/SOURCES.txt'
[1.830s] writing manifest file 'webrtc_ros_msgs.egg-info/SOURCES.txt'
[1.922s] [100%] Built target ament_cmake_python_build_webrtc_ros_msgs_egg
[2.011s] Invoked command in '/workspace/towen/build/webrtc_ros_msgs' returned '0': BYOBU_DATE=%Y-%m-%d CMAKE_PREFIX_PATH=${CMAKE_PREFIX_PATH}:/workspace/towen/install/rosidl_cli:/workspace/towen/install/opencv_tests:/workspace/towen/install/strategy:/workspace/towen/install/motionpackage:/workspace/towen/install/imageprocess:/opt/ros/humble /usr/local/bin/cmake --build /workspace/towen/build/webrtc_ros_msgs -- -j6 -l6
[3.073s] Invoking command in '/workspace/towen/build/webrtc_ros_msgs': BYOBU_DATE=%Y-%m-%d CMAKE_PREFIX_PATH=${CMAKE_PREFIX_PATH}:/workspace/towen/install/rosidl_cli:/workspace/towen/install/opencv_tests:/workspace/towen/install/strategy:/workspace/towen/install/motionpackage:/workspace/towen/install/imageprocess:/opt/ros/humble /usr/local/bin/cmake --install /workspace/towen/build/webrtc_ros_msgs
[3.422s] -- Install configuration: ""
[3.424s] -- Up-to-date: /workspace/towen/install/webrtc_ros_msgs/share/ament_index/resource_index/rosidl_interfaces/webrtc_ros_msgs
[3.425s] -- Up-to-date: /workspace/towen/install/webrtc_ros_msgs/include/webrtc_ros_msgs/webrtc_ros_msgs
[3.427s] -- Up-to-date: /workspace/towen/install/webrtc_ros_msgs/include/webrtc_ros_msgs/webrtc_ros_msgs/srv
[3.429s] -- Up-to-date: /workspace/towen/install/webrtc_ros_msgs/include/webrtc_ros_msgs/webrtc_ros_msgs/srv/detail
[3.430s] -- Up-to-date: /workspace/towen/install/webrtc_ros_msgs/include/webrtc_ros_msgs/webrtc_ros_msgs/srv/detail/get_ice_servers__functions.c
[3.432s] -- Up-to-date: /workspace/towen/install/webrtc_ros_msgs/include/webrtc_ros_msgs/webrtc_ros_msgs/srv/detail/get_ice_servers__type_support.h
[3.434s] -- Up-to-date: /workspace/towen/install/webrtc_ros_msgs/include/webrtc_ros_msgs/webrtc_ros_msgs/srv/detail/get_ice_servers__functions.h
[3.436s] -- Up-to-date: /workspace/towen/install/webrtc_ros_msgs/include/webrtc_ros_msgs/webrtc_ros_msgs/srv/detail/get_ice_servers__struct.h
[3.440s] -- Up-to-date: /workspace/towen/install/webrtc_ros_msgs/include/webrtc_ros_msgs/webrtc_ros_msgs/srv/get_ice_servers.h
[3.441s] -- Up-to-date: /workspace/towen/install/webrtc_ros_msgs/include/webrtc_ros_msgs/webrtc_ros_msgs/msg
[3.441s] -- Up-to-date: /workspace/towen/install/webrtc_ros_msgs/include/webrtc_ros_msgs/webrtc_ros_msgs/msg/ice_server.h
[3.441s] -- Up-to-date: /workspace/towen/install/webrtc_ros_msgs/include/webrtc_ros_msgs/webrtc_ros_msgs/msg/rosidl_generator_c__visibility_control.h
[3.442s] -- Up-to-date: /workspace/towen/install/webrtc_ros_msgs/include/webrtc_ros_msgs/webrtc_ros_msgs/msg/detail
[3.442s] -- Up-to-date: /workspace/towen/install/webrtc_ros_msgs/include/webrtc_ros_msgs/webrtc_ros_msgs/msg/detail/ice_server__type_support.h
[3.442s] -- Up-to-date: /workspace/towen/install/webrtc_ros_msgs/include/webrtc_ros_msgs/webrtc_ros_msgs/msg/detail/ice_server__functions.h
[3.442s] -- Up-to-date: /workspace/towen/install/webrtc_ros_msgs/include/webrtc_ros_msgs/webrtc_ros_msgs/msg/detail/ice_server__functions.c
[3.442s] -- Up-to-date: /workspace/towen/install/webrtc_ros_msgs/include/webrtc_ros_msgs/webrtc_ros_msgs/msg/detail/ice_server__struct.h
[3.443s] -- Up-to-date: /workspace/towen/install/webrtc_ros_msgs/share/webrtc_ros_msgs/environment/library_path.sh
[3.443s] -- Up-to-date: /workspace/towen/install/webrtc_ros_msgs/share/webrtc_ros_msgs/environment/library_path.dsv
[3.443s] -- Up-to-date: /workspace/towen/install/webrtc_ros_msgs/lib/libwebrtc_ros_msgs__rosidl_generator_c.so
[3.443s] -- Up-to-date: /workspace/towen/install/webrtc_ros_msgs/include/webrtc_ros_msgs/webrtc_ros_msgs
[3.443s] -- Up-to-date: /workspace/towen/install/webrtc_ros_msgs/include/webrtc_ros_msgs/webrtc_ros_msgs/srv
[3.444s] -- Up-to-date: /workspace/towen/install/webrtc_ros_msgs/include/webrtc_ros_msgs/webrtc_ros_msgs/srv/detail
[3.444s] -- Up-to-date: /workspace/towen/install/webrtc_ros_msgs/include/webrtc_ros_msgs/webrtc_ros_msgs/srv/detail/get_ice_servers__rosidl_typesupport_introspection_c.h
[3.444s] -- Up-to-date: /workspace/towen/install/webrtc_ros_msgs/include/webrtc_ros_msgs/webrtc_ros_msgs/srv/detail/get_ice_servers__type_support.c
[3.444s] -- Up-to-date: /workspace/towen/install/webrtc_ros_msgs/include/webrtc_ros_msgs/webrtc_ros_msgs/msg
[3.444s] -- Up-to-date: /workspace/towen/install/webrtc_ros_msgs/include/webrtc_ros_msgs/webrtc_ros_msgs/msg/rosidl_typesupport_introspection_c__visibility_control.h
[3.445s] -- Up-to-date: /workspace/towen/install/webrtc_ros_msgs/include/webrtc_ros_msgs/webrtc_ros_msgs/msg/detail
[3.445s] -- Up-to-date: /workspace/towen/install/webrtc_ros_msgs/include/webrtc_ros_msgs/webrtc_ros_msgs/msg/detail/ice_server__type_support.c
[3.445s] -- Up-to-date: /workspace/towen/install/webrtc_ros_msgs/include/webrtc_ros_msgs/webrtc_ros_msgs/msg/detail/ice_server__rosidl_typesupport_introspection_c.h
[3.445s] -- Up-to-date: /workspace/towen/install/webrtc_ros_msgs/lib/libwebrtc_ros_msgs__rosidl_typesupport_introspection_c.so
[3.445s] -- Up-to-date: /workspace/towen/install/webrtc_ros_msgs/include/webrtc_ros_msgs/webrtc_ros_msgs
[3.445s] -- Up-to-date: /workspace/towen/install/webrtc_ros_msgs/include/webrtc_ros_msgs/webrtc_ros_msgs/srv
[3.446s] -- Up-to-date: /workspace/towen/install/webrtc_ros_msgs/include/webrtc_ros_msgs/webrtc_ros_msgs/srv/detail
[3.446s] -- Up-to-date: /workspace/towen/install/webrtc_ros_msgs/include/webrtc_ros_msgs/webrtc_ros_msgs/srv/detail/get_ice_servers__rosidl_typesupport_fastrtps_c.h
[3.446s] -- Up-to-date: /workspace/towen/install/webrtc_ros_msgs/include/webrtc_ros_msgs/webrtc_ros_msgs/msg
[3.446s] -- Up-to-date: /workspace/towen/install/webrtc_ros_msgs/include/webrtc_ros_msgs/webrtc_ros_msgs/msg/rosidl_typesupport_fastrtps_c__visibility_control.h
[3.446s] -- Up-to-date: /workspace/towen/install/webrtc_ros_msgs/include/webrtc_ros_msgs/webrtc_ros_msgs/msg/detail
[3.446s] -- Up-to-date: /workspace/towen/install/webrtc_ros_msgs/include/webrtc_ros_msgs/webrtc_ros_msgs/msg/detail/ice_server__rosidl_typesupport_fastrtps_c.h
[3.447s] -- Up-to-date: /workspace/towen/install/webrtc_ros_msgs/lib/libwebrtc_ros_msgs__rosidl_typesupport_fastrtps_c.so
[3.447s] -- Up-to-date: /workspace/towen/install/webrtc_ros_msgs/lib/libwebrtc_ros_msgs__rosidl_typesupport_c.so
[3.447s] -- Up-to-date: /workspace/towen/install/webrtc_ros_msgs/include/webrtc_ros_msgs/webrtc_ros_msgs
[3.447s] -- Up-to-date: /workspace/towen/install/webrtc_ros_msgs/include/webrtc_ros_msgs/webrtc_ros_msgs/srv
[3.447s] -- Up-to-date: /workspace/towen/install/webrtc_ros_msgs/include/webrtc_ros_msgs/webrtc_ros_msgs/srv/get_ice_servers.hpp
[3.447s] -- Up-to-date: /workspace/towen/install/webrtc_ros_msgs/include/webrtc_ros_msgs/webrtc_ros_msgs/srv/detail
[3.448s] -- Up-to-date: /workspace/towen/install/webrtc_ros_msgs/include/webrtc_ros_msgs/webrtc_ros_msgs/srv/detail/get_ice_servers__builder.hpp
[3.448s] -- Up-to-date: /workspace/towen/install/webrtc_ros_msgs/include/webrtc_ros_msgs/webrtc_ros_msgs/srv/detail/get_ice_servers__traits.hpp
[3.448s] -- Up-to-date: /workspace/towen/install/webrtc_ros_msgs/include/webrtc_ros_msgs/webrtc_ros_msgs/srv/detail/get_ice_servers__type_support.hpp
[3.448s] -- Up-to-date: /workspace/towen/install/webrtc_ros_msgs/include/webrtc_ros_msgs/webrtc_ros_msgs/srv/detail/get_ice_servers__struct.hpp
[3.448s] -- Up-to-date: /workspace/towen/install/webrtc_ros_msgs/include/webrtc_ros_msgs/webrtc_ros_msgs/msg
[3.448s] -- Up-to-date: /workspace/towen/install/webrtc_ros_msgs/include/webrtc_ros_msgs/webrtc_ros_msgs/msg/ice_server.hpp
[3.449s] -- Up-to-date: /workspace/towen/install/webrtc_ros_msgs/include/webrtc_ros_msgs/webrtc_ros_msgs/msg/detail
[3.449s] -- Up-to-date: /workspace/towen/install/webrtc_ros_msgs/include/webrtc_ros_msgs/webrtc_ros_msgs/msg/detail/ice_server__traits.hpp
[3.449s] -- Up-to-date: /workspace/towen/install/webrtc_ros_msgs/include/webrtc_ros_msgs/webrtc_ros_msgs/msg/detail/ice_server__builder.hpp
[3.449s] -- Up-to-date: /workspace/towen/install/webrtc_ros_msgs/include/webrtc_ros_msgs/webrtc_ros_msgs/msg/detail/ice_server__type_support.hpp
[3.449s] -- Up-to-date: /workspace/towen/install/webrtc_ros_msgs/include/webrtc_ros_msgs/webrtc_ros_msgs/msg/detail/ice_server__struct.hpp
[3.450s] -- Up-to-date: /workspace/towen/install/webrtc_ros_msgs/include/webrtc_ros_msgs/webrtc_ros_msgs/msg/rosidl_generator_cpp__visibility_control.hpp
[3.450s] -- Up-to-date: /workspace/towen/install/webrtc_ros_msgs/include/webrtc_ros_msgs/webrtc_ros_msgs
[3.450s] -- Up-to-date: /workspace/towen/install/webrtc_ros_msgs/include/webrtc_ros_msgs/webrtc_ros_msgs/srv
[3.450s] -- Up-to-date: /workspace/towen/install/webrtc_ros_msgs/include/webrtc_ros_msgs/webrtc_ros_msgs/srv/detail
[3.450s] -- Up-to-date: /workspace/towen/install/webrtc_ros_msgs/include/webrtc_ros_msgs/webrtc_ros_msgs/srv/detail/get_ice_servers__rosidl_typesupport_introspection_cpp.hpp
[3.450s] -- Up-to-date: /workspace/towen/install/webrtc_ros_msgs/include/webrtc_ros_msgs/webrtc_ros_msgs/srv/detail/get_ice_servers__type_support.cpp
[3.450s] -- Up-to-date: /workspace/towen/install/webrtc_ros_msgs/include/webrtc_ros_msgs/webrtc_ros_msgs/msg
[3.451s] -- Up-to-date: /workspace/towen/install/webrtc_ros_msgs/include/webrtc_ros_msgs/webrtc_ros_msgs/msg/detail
[3.451s] -- Up-to-date: /workspace/towen/install/webrtc_ros_msgs/include/webrtc_ros_msgs/webrtc_ros_msgs/msg/detail/ice_server__rosidl_typesupport_introspection_cpp.hpp
[3.451s] -- Up-to-date: /workspace/towen/install/webrtc_ros_msgs/include/webrtc_ros_msgs/webrtc_ros_msgs/msg/detail/ice_server__type_support.cpp
[3.451s] -- Up-to-date: /workspace/towen/install/webrtc_ros_msgs/lib/libwebrtc_ros_msgs__rosidl_typesupport_introspection_cpp.so
[3.451s] -- Up-to-date: /workspace/towen/install/webrtc_ros_msgs/include/webrtc_ros_msgs/webrtc_ros_msgs
[3.451s] -- Up-to-date: /workspace/towen/install/webrtc_ros_msgs/include/webrtc_ros_msgs/webrtc_ros_msgs/srv
[3.452s] -- Up-to-date: /workspace/towen/install/webrtc_ros_msgs/include/webrtc_ros_msgs/webrtc_ros_msgs/srv/detail
[3.452s] -- Up-to-date: /workspace/towen/install/webrtc_ros_msgs/include/webrtc_ros_msgs/webrtc_ros_msgs/srv/detail/get_ice_servers__rosidl_typesupport_fastrtps_cpp.hpp
[3.452s] -- Up-to-date: /workspace/towen/install/webrtc_ros_msgs/include/webrtc_ros_msgs/webrtc_ros_msgs/srv/detail/dds_fastrtps
[3.452s] -- Up-to-date: /workspace/towen/install/webrtc_ros_msgs/include/webrtc_ros_msgs/webrtc_ros_msgs/msg
[3.452s] -- Up-to-date: /workspace/towen/install/webrtc_ros_msgs/include/webrtc_ros_msgs/webrtc_ros_msgs/msg/rosidl_typesupport_fastrtps_cpp__visibility_control.h
[3.453s] -- Up-to-date: /workspace/towen/install/webrtc_ros_msgs/include/webrtc_ros_msgs/webrtc_ros_msgs/msg/detail
[3.453s] -- Up-to-date: /workspace/towen/install/webrtc_ros_msgs/include/webrtc_ros_msgs/webrtc_ros_msgs/msg/detail/dds_fastrtps
[3.453s] -- Up-to-date: /workspace/towen/install/webrtc_ros_msgs/include/webrtc_ros_msgs/webrtc_ros_msgs/msg/detail/ice_server__rosidl_typesupport_fastrtps_cpp.hpp
[3.453s] -- Up-to-date: /workspace/towen/install/webrtc_ros_msgs/lib/libwebrtc_ros_msgs__rosidl_typesupport_fastrtps_cpp.so
[3.453s] -- Up-to-date: /workspace/towen/install/webrtc_ros_msgs/lib/libwebrtc_ros_msgs__rosidl_typesupport_cpp.so
[3.453s] -- Up-to-date: /workspace/towen/install/webrtc_ros_msgs/share/webrtc_ros_msgs/environment/pythonpath.sh
[3.468s] -- Up-to-date: /workspace/towen/install/webrtc_ros_msgs/share/webrtc_ros_msgs/environment/pythonpath.dsv
[3.468s] -- Up-to-date: /workspace/towen/install/webrtc_ros_msgs/local/lib/python3.10/dist-packages/webrtc_ros_msgs-59.0.4-py3.10.egg-info
[3.484s] -- Installing: /workspace/towen/install/webrtc_ros_msgs/local/lib/python3.10/dist-packages/webrtc_ros_msgs-59.0.4-py3.10.egg-info/PKG-INFO
[3.485s] -- Installing: /workspace/towen/install/webrtc_ros_msgs/local/lib/python3.10/dist-packages/webrtc_ros_msgs-59.0.4-py3.10.egg-info/top_level.txt
[3.485s] -- Installing: /workspace/towen/install/webrtc_ros_msgs/local/lib/python3.10/dist-packages/webrtc_ros_msgs-59.0.4-py3.10.egg-info/SOURCES.txt
[3.485s] -- Installing: /workspace/towen/install/webrtc_ros_msgs/local/lib/python3.10/dist-packages/webrtc_ros_msgs-59.0.4-py3.10.egg-info/dependency_links.txt
[3.485s] -- Up-to-date: /workspace/towen/install/webrtc_ros_msgs/local/lib/python3.10/dist-packages/webrtc_ros_msgs
[3.485s] -- Up-to-date: /workspace/towen/install/webrtc_ros_msgs/local/lib/python3.10/dist-packages/webrtc_ros_msgs/srv
[3.486s] -- Up-to-date: /workspace/towen/install/webrtc_ros_msgs/local/lib/python3.10/dist-packages/webrtc_ros_msgs/srv/_get_ice_servers_s.c
[3.486s] -- Up-to-date: /workspace/towen/install/webrtc_ros_msgs/local/lib/python3.10/dist-packages/webrtc_ros_msgs/srv/__init__.py
[3.486s] -- Up-to-date: /workspace/towen/install/webrtc_ros_msgs/local/lib/python3.10/dist-packages/webrtc_ros_msgs/srv/_get_ice_servers.py
[3.486s] -- Up-to-date: /workspace/towen/install/webrtc_ros_msgs/local/lib/python3.10/dist-packages/webrtc_ros_msgs/webrtc_ros_msgs_s__rosidl_typesupport_introspection_c.cpython-310-aarch64-linux-gnu.so
[3.486s] -- Up-to-date: /workspace/towen/install/webrtc_ros_msgs/local/lib/python3.10/dist-packages/webrtc_ros_msgs/msg
[3.486s] -- Up-to-date: /workspace/towen/install/webrtc_ros_msgs/local/lib/python3.10/dist-packages/webrtc_ros_msgs/msg/_ice_server_s.c
[3.487s] -- Up-to-date: /workspace/towen/install/webrtc_ros_msgs/local/lib/python3.10/dist-packages/webrtc_ros_msgs/msg/__init__.py
[3.487s] -- Up-to-date: /workspace/towen/install/webrtc_ros_msgs/local/lib/python3.10/dist-packages/webrtc_ros_msgs/msg/_ice_server.py
[3.487s] -- Up-to-date: /workspace/towen/install/webrtc_ros_msgs/local/lib/python3.10/dist-packages/webrtc_ros_msgs/__init__.py
[3.487s] -- Up-to-date: /workspace/towen/install/webrtc_ros_msgs/local/lib/python3.10/dist-packages/webrtc_ros_msgs/_webrtc_ros_msgs_s.ep.rosidl_typesupport_c.c
[3.487s] -- Up-to-date: /workspace/towen/install/webrtc_ros_msgs/local/lib/python3.10/dist-packages/webrtc_ros_msgs/libwebrtc_ros_msgs__rosidl_generator_py.so
[3.487s] -- Up-to-date: /workspace/towen/install/webrtc_ros_msgs/local/lib/python3.10/dist-packages/webrtc_ros_msgs/webrtc_ros_msgs_s__rosidl_typesupport_fastrtps_c.cpython-310-aarch64-linux-gnu.so
[3.512s] -- Up-to-date: /workspace/towen/install/webrtc_ros_msgs/local/lib/python3.10/dist-packages/webrtc_ros_msgs/_webrtc_ros_msgs_s.ep.rosidl_typesupport_fastrtps_c.c
[3.513s] -- Up-to-date: /workspace/towen/install/webrtc_ros_msgs/local/lib/python3.10/dist-packages/webrtc_ros_msgs/webrtc_ros_msgs_s__rosidl_typesupport_c.cpython-310-aarch64-linux-gnu.so
[3.513s] -- Up-to-date: /workspace/towen/install/webrtc_ros_msgs/local/lib/python3.10/dist-packages/webrtc_ros_msgs/_webrtc_ros_msgs_s.ep.rosidl_typesupport_introspection_c.c
[3.601s] Listing '/workspace/towen/install/webrtc_ros_msgs/local/lib/python3.10/dist-packages/webrtc_ros_msgs'...
[3.601s] Listing '/workspace/towen/install/webrtc_ros_msgs/local/lib/python3.10/dist-packages/webrtc_ros_msgs/msg'...
[3.601s] Listing '/workspace/towen/install/webrtc_ros_msgs/local/lib/python3.10/dist-packages/webrtc_ros_msgs/srv'...
[3.634s] -- Up-to-date: /workspace/towen/install/webrtc_ros_msgs/local/lib/python3.10/dist-packages/webrtc_ros_msgs/webrtc_ros_msgs_s__rosidl_typesupport_introspection_c.cpython-310-aarch64-linux-gnu.so
[3.634s] -- Up-to-date: /workspace/towen/install/webrtc_ros_msgs/local/lib/python3.10/dist-packages/webrtc_ros_msgs/webrtc_ros_msgs_s__rosidl_typesupport_fastrtps_c.cpython-310-aarch64-linux-gnu.so
[3.636s] -- Up-to-date: /workspace/towen/install/webrtc_ros_msgs/local/lib/python3.10/dist-packages/webrtc_ros_msgs/webrtc_ros_msgs_s__rosidl_typesupport_c.cpython-310-aarch64-linux-gnu.so
[3.638s] -- Up-to-date: /workspace/towen/install/webrtc_ros_msgs/lib/libwebrtc_ros_msgs__rosidl_generator_py.so
[3.640s] -- Up-to-date: /workspace/towen/install/webrtc_ros_msgs/share/webrtc_ros_msgs/msg/IceServer.idl
[3.641s] -- Up-to-date: /workspace/towen/install/webrtc_ros_msgs/share/webrtc_ros_msgs/srv/GetIceServers.idl
[3.642s] -- Up-to-date: /workspace/towen/install/webrtc_ros_msgs/share/webrtc_ros_msgs/msg/IceServer.msg
[3.644s] -- Up-to-date: /workspace/towen/install/webrtc_ros_msgs/share/webrtc_ros_msgs/srv/GetIceServers.srv
[3.646s] -- Up-to-date: /workspace/towen/install/webrtc_ros_msgs/share/webrtc_ros_msgs/srv/GetIceServers_Request.msg
[3.647s] -- Up-to-date: /workspace/towen/install/webrtc_ros_msgs/share/webrtc_ros_msgs/srv/GetIceServers_Response.msg
[3.647s] -- Up-to-date: /workspace/towen/install/webrtc_ros_msgs/share/ament_index/resource_index/package_run_dependencies/webrtc_ros_msgs
[3.649s] -- Up-to-date: /workspace/towen/install/webrtc_ros_msgs/share/ament_index/resource_index/parent_prefix_path/webrtc_ros_msgs
[3.650s] -- Up-to-date: /workspace/towen/install/webrtc_ros_msgs/share/webrtc_ros_msgs/environment/ament_prefix_path.sh
[3.651s] -- Up-to-date: /workspace/towen/install/webrtc_ros_msgs/share/webrtc_ros_msgs/environment/ament_prefix_path.dsv
[3.651s] -- Up-to-date: /workspace/towen/install/webrtc_ros_msgs/share/webrtc_ros_msgs/environment/path.sh
[3.652s] -- Up-to-date: /workspace/towen/install/webrtc_ros_msgs/share/webrtc_ros_msgs/environment/path.dsv
[3.652s] -- Up-to-date: /workspace/towen/install/webrtc_ros_msgs/share/webrtc_ros_msgs/local_setup.bash
[3.656s] -- Up-to-date: /workspace/towen/install/webrtc_ros_msgs/share/webrtc_ros_msgs/local_setup.sh
[3.656s] -- Up-to-date: /workspace/towen/install/webrtc_ros_msgs/share/webrtc_ros_msgs/local_setup.zsh
[3.657s] -- Up-to-date: /workspace/towen/install/webrtc_ros_msgs/share/webrtc_ros_msgs/local_setup.dsv
[3.658s] -- Installing: /workspace/towen/install/webrtc_ros_msgs/share/webrtc_ros_msgs/package.dsv
[3.661s] -- Up-to-date: /workspace/towen/install/webrtc_ros_msgs/share/ament_index/resource_index/packages/webrtc_ros_msgs
[3.666s] -- Up-to-date: /workspace/towen/install/webrtc_ros_msgs/share/webrtc_ros_msgs/cmake/export_webrtc_ros_msgs__rosidl_generator_cExport.cmake
[3.667s] -- Up-to-date: /workspace/towen/install/webrtc_ros_msgs/share/webrtc_ros_msgs/cmake/export_webrtc_ros_msgs__rosidl_generator_cExport-noconfig.cmake
[3.668s] -- Up-to-date: /workspace/towen/install/webrtc_ros_msgs/share/webrtc_ros_msgs/cmake/webrtc_ros_msgs__rosidl_typesupport_introspection_cExport.cmake
[3.670s] -- Up-to-date: /workspace/towen/install/webrtc_ros_msgs/share/webrtc_ros_msgs/cmake/webrtc_ros_msgs__rosidl_typesupport_introspection_cExport-noconfig.cmake
[3.675s] -- Up-to-date: /workspace/towen/install/webrtc_ros_msgs/share/webrtc_ros_msgs/cmake/export_webrtc_ros_msgs__rosidl_typesupport_fastrtps_cExport.cmake
[3.675s] -- Up-to-date: /workspace/towen/install/webrtc_ros_msgs/share/webrtc_ros_msgs/cmake/export_webrtc_ros_msgs__rosidl_typesupport_fastrtps_cExport-noconfig.cmake
[3.677s] -- Up-to-date: /workspace/towen/install/webrtc_ros_msgs/share/webrtc_ros_msgs/cmake/webrtc_ros_msgs__rosidl_typesupport_cExport.cmake
[3.677s] -- Up-to-date: /workspace/towen/install/webrtc_ros_msgs/share/webrtc_ros_msgs/cmake/webrtc_ros_msgs__rosidl_typesupport_cExport-noconfig.cmake
[3.683s] -- Up-to-date: /workspace/towen/install/webrtc_ros_msgs/share/webrtc_ros_msgs/cmake/export_webrtc_ros_msgs__rosidl_generator_cppExport.cmake
[3.684s] -- Up-to-date: /workspace/towen/install/webrtc_ros_msgs/share/webrtc_ros_msgs/cmake/webrtc_ros_msgs__rosidl_typesupport_introspection_cppExport.cmake
[3.685s] -- Up-to-date: /workspace/towen/install/webrtc_ros_msgs/share/webrtc_ros_msgs/cmake/webrtc_ros_msgs__rosidl_typesupport_introspection_cppExport-noconfig.cmake
[3.686s] -- Up-to-date: /workspace/towen/install/webrtc_ros_msgs/share/webrtc_ros_msgs/cmake/export_webrtc_ros_msgs__rosidl_typesupport_fastrtps_cppExport.cmake
[3.687s] -- Up-to-date: /workspace/towen/install/webrtc_ros_msgs/share/webrtc_ros_msgs/cmake/export_webrtc_ros_msgs__rosidl_typesupport_fastrtps_cppExport-noconfig.cmake
[3.696s] -- Up-to-date: /workspace/towen/install/webrtc_ros_msgs/share/webrtc_ros_msgs/cmake/webrtc_ros_msgs__rosidl_typesupport_cppExport.cmake
[3.697s] -- Up-to-date: /workspace/towen/install/webrtc_ros_msgs/share/webrtc_ros_msgs/cmake/webrtc_ros_msgs__rosidl_typesupport_cppExport-noconfig.cmake
[3.698s] -- Up-to-date: /workspace/towen/install/webrtc_ros_msgs/share/webrtc_ros_msgs/cmake/export_webrtc_ros_msgs__rosidl_generator_pyExport.cmake
[3.698s] -- Up-to-date: /workspace/towen/install/webrtc_ros_msgs/share/webrtc_ros_msgs/cmake/export_webrtc_ros_msgs__rosidl_generator_pyExport-noconfig.cmake
[3.701s] -- Up-to-date: /workspace/towen/install/webrtc_ros_msgs/share/webrtc_ros_msgs/cmake/rosidl_cmake-extras.cmake
[3.701s] -- Up-to-date: /workspace/towen/install/webrtc_ros_msgs/share/webrtc_ros_msgs/cmake/ament_cmake_export_dependencies-extras.cmake
[3.702s] -- Up-to-date: /workspace/towen/install/webrtc_ros_msgs/share/webrtc_ros_msgs/cmake/ament_cmake_export_include_directories-extras.cmake
[3.702s] -- Up-to-date: /workspace/towen/install/webrtc_ros_msgs/share/webrtc_ros_msgs/cmake/ament_cmake_export_libraries-extras.cmake
[3.703s] -- Up-to-date: /workspace/towen/install/webrtc_ros_msgs/share/webrtc_ros_msgs/cmake/ament_cmake_export_targets-extras.cmake
[3.704s] -- Up-to-date: /workspace/towen/install/webrtc_ros_msgs/share/webrtc_ros_msgs/cmake/rosidl_cmake_export_typesupport_targets-extras.cmake
[3.704s] -- Up-to-date: /workspace/towen/install/webrtc_ros_msgs/share/webrtc_ros_msgs/cmake/rosidl_cmake_export_typesupport_libraries-extras.cmake
[3.708s] -- Up-to-date: /workspace/towen/install/webrtc_ros_msgs/share/webrtc_ros_msgs/cmake/webrtc_ros_msgsConfig.cmake
[3.709s] -- Up-to-date: /workspace/towen/install/webrtc_ros_msgs/share/webrtc_ros_msgs/cmake/webrtc_ros_msgsConfig-version.cmake
[3.710s] -- Up-to-date: /workspace/towen/install/webrtc_ros_msgs/share/webrtc_ros_msgs/package.xml
[3.962s] Invoked command in '/workspace/towen/build/webrtc_ros_msgs' returned '0': BYOBU_DATE=%Y-%m-%d CMAKE_PREFIX_PATH=${CMAKE_PREFIX_PATH}:/workspace/towen/install/rosidl_cli:/workspace/towen/install/opencv_tests:/workspace/towen/install/strategy:/workspace/towen/install/motionpackage:/workspace/towen/install/imageprocess:/opt/ros/humble /usr/local/bin/cmake --install /workspace/towen/build/webrtc_ros_msgs
