[8.160s] Invoking command in '/workspace/towen/src/imageprocess': BYOBU_DATE=%Y-%m-%d PYTHONPATH=/workspace/towen/build/imageprocess/prefix_override:/usr/lib/python3/dist-packages/colcon_core/task/python/colcon_distutils_commands:/workspace/towen/install/imageprocess/lib/python3.10/site-packages:${PYTHONPATH} /usr/bin/python3 -W ignore:setup.py install is deprecated setup.py egg_info --egg-base ../../build/imageprocess build --build-base /workspace/towen/build/imageprocess/build install --record /workspace/towen/build/imageprocess/install.log --single-version-externally-managed install_data
[10.794s] running egg_info
[10.902s] writing ../../build/imageprocess/imageprocess.egg-info/PKG-INFO
[10.923s] writing dependency_links to ../../build/imageprocess/imageprocess.egg-info/dependency_links.txt
[10.934s] writing entry points to ../../build/imageprocess/imageprocess.egg-info/entry_points.txt
[10.936s] writing requirements to ../../build/imageprocess/imageprocess.egg-info/requires.txt
[10.937s] writing top-level names to ../../build/imageprocess/imageprocess.egg-info/top_level.txt
[11.086s] reading manifest file '../../build/imageprocess/imageprocess.egg-info/SOURCES.txt'
[11.091s] adding license file 'LICENSE'
[11.093s] writing manifest file '../../build/imageprocess/imageprocess.egg-info/SOURCES.txt'
[11.095s] running build
[11.112s] running build_py
[11.114s] copying imageprocess/modelparameter.py -> /workspace/towen/build/imageprocess/build/lib/imageprocess
[11.116s] copying imageprocess/image_0417.py -> /workspace/towen/build/imageprocess/build/lib/imageprocess
[11.117s] copying imageprocess/dataunit.py -> /workspace/towen/build/imageprocess/build/lib/imageprocess
[11.119s] copying imageprocess/123123.py -> /workspace/towen/build/imageprocess/build/lib/imageprocess
[11.123s] copying imageprocess/image_test.py -> /workspace/towen/build/imageprocess/build/lib/imageprocess
[11.126s] copying imageprocess/image.py -> /workspace/towen/build/imageprocess/build/lib/imageprocess
[11.127s] copying imageprocess/__init__.py -> /workspace/towen/build/imageprocess/build/lib/imageprocess
[11.129s] copying imageprocess/imageprocess.py -> /workspace/towen/build/imageprocess/build/lib/imageprocess
[11.134s] copying imageprocess/camera_segment_headless.py -> /workspace/towen/build/imageprocess/build/lib/imageprocess
[11.137s] running install
[11.154s] running install_lib
[11.226s] running install_data
[11.228s] copying resource/imageprocess -> /workspace/towen/install/imageprocess/share/ament_index/resource_index/packages
[11.229s] copying package.xml -> /workspace/towen/install/imageprocess/share/imageprocess
[11.231s] running install_egg_info
[11.374s] removing '/workspace/towen/install/imageprocess/lib/python3.10/site-packages/imageprocess-0.0.0-py3.10.egg-info' (and everything under it)
[11.375s] Copying ../../build/imageprocess/imageprocess.egg-info to /workspace/towen/install/imageprocess/lib/python3.10/site-packages/imageprocess-0.0.0-py3.10.egg-info
[11.376s] running install_scripts
[12.023s] Installing image script to /workspace/towen/install/imageprocess/lib/imageprocess
[12.024s] Installing image_test script to /workspace/towen/install/imageprocess/lib/imageprocess
[12.024s] Installing imageprocess script to /workspace/towen/install/imageprocess/lib/imageprocess
[12.024s] writing list of installed files to '/workspace/towen/build/imageprocess/install.log'
[12.251s] Invoked command in '/workspace/towen/src/imageprocess' returned '0': BYOBU_DATE=%Y-%m-%d PYTHONPATH=/workspace/towen/build/imageprocess/prefix_override:/usr/lib/python3/dist-packages/colcon_core/task/python/colcon_distutils_commands:/workspace/towen/install/imageprocess/lib/python3.10/site-packages:${PYTHONPATH} /usr/bin/python3 -W ignore:setup.py install is deprecated setup.py egg_info --egg-base ../../build/imageprocess build --build-base /workspace/towen/build/imageprocess/build install --record /workspace/towen/build/imageprocess/install.log --single-version-externally-managed install_data
