[4.207s] Invoking command in '/workspace/towen/src/strategy': BYOBU_DATE=%Y-%m-%d PYTHONPATH=/workspace/towen/build/strategy/prefix_override:/usr/lib/python3/dist-packages/colcon_core/task/python/colcon_distutils_commands:/workspace/towen/install/strategy/lib/python3.10/site-packages:${PYTHONPATH} /usr/bin/python3 -W ignore:setup.py install is deprecated setup.py egg_info --egg-base ../../build/strategy build --build-base /workspace/towen/build/strategy/build install --record /workspace/towen/build/strategy/install.log --single-version-externally-managed install_data
[6.472s] running egg_info
[6.519s] writing ../../build/strategy/strategy.egg-info/PKG-INFO
[6.522s] writing dependency_links to ../../build/strategy/strategy.egg-info/dependency_links.txt
[6.523s] writing entry points to ../../build/strategy/strategy.egg-info/entry_points.txt
[6.526s] writing requirements to ../../build/strategy/strategy.egg-info/requires.txt
[6.527s] writing top-level names to ../../build/strategy/strategy.egg-info/top_level.txt
[6.623s] reading manifest file '../../build/strategy/strategy.egg-info/SOURCES.txt'
[6.624s] adding license file 'LICENSE'
[6.627s] writing manifest file '../../build/strategy/strategy.egg-info/SOURCES.txt'
[6.627s] running build
[6.627s] running build_py
[6.629s] copying strategy/__init__.py -> /workspace/towen/build/strategy/build/lib/strategy
[6.629s] copying strategy/API.py -> /workspace/towen/build/strategy/build/lib/strategy
[6.634s] copying strategy/mar/__init__.py -> /workspace/towen/build/strategy/build/lib/strategy/mar
[6.634s] copying strategy/mar/mar.py -> /workspace/towen/build/strategy/build/lib/strategy/mar
[6.634s] copying strategy/wl/wl.py -> /workspace/towen/build/strategy/build/lib/strategy/wl
[6.634s] copying strategy/wl/__init__.py -> /workspace/towen/build/strategy/build/lib/strategy/wl
[6.635s] copying strategy/sp/sp.py -> /workspace/towen/build/strategy/build/lib/strategy/sp
[6.635s] copying strategy/sp/__init__.py -> /workspace/towen/build/strategy/build/lib/strategy/sp
[6.635s] copying strategy/obs/__init__.py -> /workspace/towen/build/strategy/build/lib/strategy/obs
[6.635s] copying strategy/obs/obs.py -> /workspace/towen/build/strategy/build/lib/strategy/obs
[6.641s] copying strategy/sr/__init__.py -> /workspace/towen/build/strategy/build/lib/strategy/sr
[6.641s] copying strategy/sr/sr.py -> /workspace/towen/build/strategy/build/lib/strategy/sr
[6.648s] copying strategy/bb/__init__.py -> /workspace/towen/build/strategy/build/lib/strategy/bb
[6.650s] copying strategy/bb/bb.py -> /workspace/towen/build/strategy/build/lib/strategy/bb
[6.651s] copying strategy/ar/__init__.py -> /workspace/towen/build/strategy/build/lib/strategy/ar
[6.652s] copying strategy/ar/ar.py -> /workspace/towen/build/strategy/build/lib/strategy/ar
[6.652s] running install
[6.663s] running install_lib
[6.713s] copying /workspace/towen/build/strategy/build/lib/strategy/sp/sp.py -> /workspace/towen/install/strategy/lib/python3.10/site-packages/strategy/sp
[6.729s] byte-compiling /workspace/towen/install/strategy/lib/python3.10/site-packages/strategy/sp/sp.py to sp.cpython-310.pyc
[6.732s] running install_data
[6.735s] copying resource/strategy -> /workspace/towen/install/strategy/share/ament_index/resource_index/packages
[6.736s] copying package.xml -> /workspace/towen/install/strategy/share/strategy
[6.737s] running install_egg_info
[6.798s] removing '/workspace/towen/install/strategy/lib/python3.10/site-packages/strategy-0.0.0-py3.10.egg-info' (and everything under it)
[6.808s] Copying ../../build/strategy/strategy.egg-info to /workspace/towen/install/strategy/lib/python3.10/site-packages/strategy-0.0.0-py3.10.egg-info
[6.810s] running install_scripts
[7.190s] Installing ar script to /workspace/towen/install/strategy/lib/strategy
[7.191s] Installing bb script to /workspace/towen/install/strategy/lib/strategy
[7.191s] Installing mar script to /workspace/towen/install/strategy/lib/strategy
[7.191s] Installing obs script to /workspace/towen/install/strategy/lib/strategy
[7.191s] Installing sp script to /workspace/towen/install/strategy/lib/strategy
[7.192s] Installing sr script to /workspace/towen/install/strategy/lib/strategy
[7.192s] Installing wl script to /workspace/towen/install/strategy/lib/strategy
[7.192s] writing list of installed files to '/workspace/towen/build/strategy/install.log'
