[3.349s] Invoking command in '/workspace/towen/src/strategy': BYOBU_DATE=%Y-%m-%d PYTHONPATH=/workspace/towen/build/strategy/prefix_override:/usr/lib/python3/dist-packages/colcon_core/task/python/colcon_distutils_commands:/workspace/towen/install/strategy/lib/python3.10/site-packages:${PYTHONPATH} /usr/bin/python3 -W ignore:setup.py install is deprecated setup.py egg_info --egg-base ../../build/strategy build --build-base /workspace/towen/build/strategy/build install --record /workspace/towen/build/strategy/install.log --single-version-externally-managed install_data
[4.152s] running egg_info
[4.199s] writing ../../build/strategy/strategy.egg-info/PKG-INFO
[4.201s] writing dependency_links to ../../build/strategy/strategy.egg-info/dependency_links.txt
[4.202s] writing entry points to ../../build/strategy/strategy.egg-info/entry_points.txt
[4.203s] writing requirements to ../../build/strategy/strategy.egg-info/requires.txt
[4.204s] writing top-level names to ../../build/strategy/strategy.egg-info/top_level.txt
[4.307s] reading manifest file '../../build/strategy/strategy.egg-info/SOURCES.txt'
[4.309s] adding license file 'LICENSE'
[4.312s] writing manifest file '../../build/strategy/strategy.egg-info/SOURCES.txt'
[4.318s] running build
[4.322s] running build_py
[4.323s] copying strategy/__init__.py -> /workspace/towen/build/strategy/build/lib/strategy
[4.325s] copying strategy/API.py -> /workspace/towen/build/strategy/build/lib/strategy
[4.326s] copying strategy/mar/__init__.py -> /workspace/towen/build/strategy/build/lib/strategy/mar
[4.327s] copying strategy/mar/mar.py -> /workspace/towen/build/strategy/build/lib/strategy/mar
[4.328s] copying strategy/wl/wl.py -> /workspace/towen/build/strategy/build/lib/strategy/wl
[4.329s] copying strategy/wl/__init__.py -> /workspace/towen/build/strategy/build/lib/strategy/wl
[4.330s] copying strategy/sp/sp.py -> /workspace/towen/build/strategy/build/lib/strategy/sp
[4.332s] copying strategy/sp/__init__.py -> /workspace/towen/build/strategy/build/lib/strategy/sp
[4.333s] copying strategy/obs/__init__.py -> /workspace/towen/build/strategy/build/lib/strategy/obs
[4.334s] copying strategy/obs/obs.py -> /workspace/towen/build/strategy/build/lib/strategy/obs
[4.335s] copying strategy/sr/__init__.py -> /workspace/towen/build/strategy/build/lib/strategy/sr
[4.336s] copying strategy/sr/sr.py -> /workspace/towen/build/strategy/build/lib/strategy/sr
[4.338s] copying strategy/bb/__init__.py -> /workspace/towen/build/strategy/build/lib/strategy/bb
[4.339s] copying strategy/bb/bb.py -> /workspace/towen/build/strategy/build/lib/strategy/bb
[4.340s] copying strategy/ar/__init__.py -> /workspace/towen/build/strategy/build/lib/strategy/ar
[4.341s] copying strategy/ar/ar.py -> /workspace/towen/build/strategy/build/lib/strategy/ar
[4.343s] running install
[4.345s] running install_lib
[4.408s] running install_data
[4.409s] copying resource/strategy -> /workspace/towen/install/strategy/share/ament_index/resource_index/packages
[4.409s] copying package.xml -> /workspace/towen/install/strategy/share/strategy
[4.411s] running install_egg_info
[4.465s] removing '/workspace/towen/install/strategy/lib/python3.10/site-packages/strategy-0.0.0-py3.10.egg-info' (and everything under it)
[4.465s] Copying ../../build/strategy/strategy.egg-info to /workspace/towen/install/strategy/lib/python3.10/site-packages/strategy-0.0.0-py3.10.egg-info
[4.466s] running install_scripts
[4.963s] Installing ar script to /workspace/towen/install/strategy/lib/strategy
[4.964s] Installing bb script to /workspace/towen/install/strategy/lib/strategy
[4.965s] Installing mar script to /workspace/towen/install/strategy/lib/strategy
[4.966s] Installing obs script to /workspace/towen/install/strategy/lib/strategy
[4.967s] Installing sp script to /workspace/towen/install/strategy/lib/strategy
[4.968s] Installing sr script to /workspace/towen/install/strategy/lib/strategy
[4.968s] Installing wl script to /workspace/towen/install/strategy/lib/strategy
[4.969s] writing list of installed files to '/workspace/towen/build/strategy/install.log'
[5.089s] Invoked command in '/workspace/towen/src/strategy' returned '0': BYOBU_DATE=%Y-%m-%d PYTHONPATH=/workspace/towen/build/strategy/prefix_override:/usr/lib/python3/dist-packages/colcon_core/task/python/colcon_distutils_commands:/workspace/towen/install/strategy/lib/python3.10/site-packages:${PYTHONPATH} /usr/bin/python3 -W ignore:setup.py install is deprecated setup.py egg_info --egg-base ../../build/strategy build --build-base /workspace/towen/build/strategy/build install --record /workspace/towen/build/strategy/install.log --single-version-externally-managed install_data
