[0.272s] DEBUG:colcon:Command line arguments: ['/usr/bin/colcon', 'build', '--packages-select', 'cv_bridge', '--symlink-install']
[0.272s] DEBUG:colcon:Parsed command line arguments: Namespace(log_base=None, log_level=None, verb_name='build', build_base='build', install_base='install', merge_install=False, symlink_install=True, test_result_base=None, continue_on_error=False, executor='parallel', parallel_workers=6, event_handlers=None, ignore_user_meta=False, metas=['./colcon.meta'], base_paths=['.'], packages_ignore=None, packages_ignore_regex=None, paths=None, packages_up_to=None, packages_up_to_regex=None, packages_above=None, packages_above_and_dependencies=None, packages_above_depth=None, packages_select_by_dep=None, packages_skip_by_dep=None, packages_skip_up_to=None, packages_select_build_failed=False, packages_skip_build_finished=False, packages_select_test_failures=False, packages_skip_test_passed=False, packages_select=['cv_bridge'], packages_skip=None, packages_select_regex=None, packages_skip_regex=None, packages_start=None, packages_end=None, cmake_args=None, cmake_target=None, cmake_target_skip_unavailable=False, cmake_clean_cache=False, cmake_clean_first=False, cmake_force_configure=False, ament_cmake_args=None, catkin_cmake_args=None, catkin_skip_building_tests=False, verb_parser=<colcon_defaults.argument_parser.defaults.DefaultArgumentsDecorator object at 0xffff98b649d0>, verb_extension=<colcon_core.verb.build.BuildVerb object at 0xffff98c816c0>, main=<bound method BuildVerb.main of <colcon_core.verb.build.BuildVerb object at 0xffff98c816c0>>)
[0.365s] Level 1:colcon.colcon_core.package_discovery:discover_packages(colcon_meta) check parameters
[0.366s] Level 1:colcon.colcon_core.package_discovery:discover_packages(recursive) check parameters
[0.366s] Level 1:colcon.colcon_core.package_discovery:discover_packages(ignore) check parameters
[0.366s] Level 1:colcon.colcon_core.package_discovery:discover_packages(path) check parameters
[0.366s] Level 1:colcon.colcon_core.package_discovery:discover_packages(colcon_meta) discover
[0.366s] Level 1:colcon.colcon_core.package_discovery:discover_packages(recursive) discover
[0.366s] INFO:colcon.colcon_core.package_discovery:Crawling recursively for packages in '/workspace/towen'
[0.367s] Level 1:colcon.colcon_core.package_identification:_identify(.) by extensions ['ignore', 'ignore_ament_install']
[0.367s] Level 1:colcon.colcon_core.package_identification:_identify(.) by extension 'ignore'
[0.367s] Level 1:colcon.colcon_core.package_identification:_identify(.) by extension 'ignore_ament_install'
[0.367s] Level 1:colcon.colcon_core.package_identification:_identify(.) by extensions ['colcon_pkg']
[0.367s] Level 1:colcon.colcon_core.package_identification:_identify(.) by extension 'colcon_pkg'
[0.367s] Level 1:colcon.colcon_core.package_identification:_identify(.) by extensions ['colcon_meta']
[0.367s] Level 1:colcon.colcon_core.package_identification:_identify(.) by extension 'colcon_meta'
[0.368s] Level 1:colcon.colcon_core.package_identification:_identify(.) by extensions ['ros']
[0.368s] Level 1:colcon.colcon_core.package_identification:_identify(.) by extension 'ros'
[0.401s] Level 1:colcon.colcon_core.package_identification:_identify(.) by extensions ['cmake', 'python']
[0.401s] Level 1:colcon.colcon_core.package_identification:_identify(.) by extension 'cmake'
[0.401s] Level 1:colcon.colcon_core.package_identification:_identify(.) by extension 'python'
[0.402s] Level 1:colcon.colcon_core.package_identification:_identify(.) by extensions ['python_setup_py']
[0.402s] Level 1:colcon.colcon_core.package_identification:_identify(.) by extension 'python_setup_py'
[0.402s] Level 1:colcon.colcon_core.package_identification:_identify(build) by extensions ['ignore', 'ignore_ament_install']
[0.402s] Level 1:colcon.colcon_core.package_identification:_identify(build) by extension 'ignore'
[0.402s] Level 1:colcon.colcon_core.package_identification:_identify(build) ignored
[0.403s] Level 1:colcon.colcon_core.package_identification:_identify(hurocup_interface) by extensions ['ignore', 'ignore_ament_install']
[0.403s] Level 1:colcon.colcon_core.package_identification:_identify(hurocup_interface) by extension 'ignore'
[0.403s] Level 1:colcon.colcon_core.package_identification:_identify(hurocup_interface) by extension 'ignore_ament_install'
[0.403s] Level 1:colcon.colcon_core.package_identification:_identify(hurocup_interface) by extensions ['colcon_pkg']
[0.403s] Level 1:colcon.colcon_core.package_identification:_identify(hurocup_interface) by extension 'colcon_pkg'
[0.403s] Level 1:colcon.colcon_core.package_identification:_identify(hurocup_interface) by extensions ['colcon_meta']
[0.404s] Level 1:colcon.colcon_core.package_identification:_identify(hurocup_interface) by extension 'colcon_meta'
[0.404s] Level 1:colcon.colcon_core.package_identification:_identify(hurocup_interface) by extensions ['ros']
[0.404s] Level 1:colcon.colcon_core.package_identification:_identify(hurocup_interface) by extension 'ros'
[0.404s] Level 1:colcon.colcon_core.package_identification:_identify(hurocup_interface) by extensions ['cmake', 'python']
[0.404s] Level 1:colcon.colcon_core.package_identification:_identify(hurocup_interface) by extension 'cmake'
[0.404s] Level 1:colcon.colcon_core.package_identification:_identify(hurocup_interface) by extension 'python'
[0.404s] Level 1:colcon.colcon_core.package_identification:_identify(hurocup_interface) by extensions ['python_setup_py']
[0.404s] Level 1:colcon.colcon_core.package_identification:_identify(hurocup_interface) by extension 'python_setup_py'
[0.404s] Level 1:colcon.colcon_core.package_identification:_identify(hurocup_interface/css) by extensions ['ignore', 'ignore_ament_install']
[0.405s] Level 1:colcon.colcon_core.package_identification:_identify(hurocup_interface/css) by extension 'ignore'
[0.405s] Level 1:colcon.colcon_core.package_identification:_identify(hurocup_interface/css) by extension 'ignore_ament_install'
[0.405s] Level 1:colcon.colcon_core.package_identification:_identify(hurocup_interface/css) by extensions ['colcon_pkg']
[0.405s] Level 1:colcon.colcon_core.package_identification:_identify(hurocup_interface/css) by extension 'colcon_pkg'
[0.405s] Level 1:colcon.colcon_core.package_identification:_identify(hurocup_interface/css) by extensions ['colcon_meta']
[0.405s] Level 1:colcon.colcon_core.package_identification:_identify(hurocup_interface/css) by extension 'colcon_meta'
[0.405s] Level 1:colcon.colcon_core.package_identification:_identify(hurocup_interface/css) by extensions ['ros']
[0.405s] Level 1:colcon.colcon_core.package_identification:_identify(hurocup_interface/css) by extension 'ros'
[0.405s] Level 1:colcon.colcon_core.package_identification:_identify(hurocup_interface/css) by extensions ['cmake', 'python']
[0.406s] Level 1:colcon.colcon_core.package_identification:_identify(hurocup_interface/css) by extension 'cmake'
[0.406s] Level 1:colcon.colcon_core.package_identification:_identify(hurocup_interface/css) by extension 'python'
[0.406s] Level 1:colcon.colcon_core.package_identification:_identify(hurocup_interface/css) by extensions ['python_setup_py']
[0.406s] Level 1:colcon.colcon_core.package_identification:_identify(hurocup_interface/css) by extension 'python_setup_py'
[0.406s] Level 1:colcon.colcon_core.package_identification:_identify(hurocup_interface/jquery-ui-1.11.4) by extensions ['ignore', 'ignore_ament_install']
[0.406s] Level 1:colcon.colcon_core.package_identification:_identify(hurocup_interface/jquery-ui-1.11.4) by extension 'ignore'
[0.406s] Level 1:colcon.colcon_core.package_identification:_identify(hurocup_interface/jquery-ui-1.11.4) by extension 'ignore_ament_install'
[0.406s] Level 1:colcon.colcon_core.package_identification:_identify(hurocup_interface/jquery-ui-1.11.4) by extensions ['colcon_pkg']
[0.407s] Level 1:colcon.colcon_core.package_identification:_identify(hurocup_interface/jquery-ui-1.11.4) by extension 'colcon_pkg'
[0.407s] Level 1:colcon.colcon_core.package_identification:_identify(hurocup_interface/jquery-ui-1.11.4) by extensions ['colcon_meta']
[0.407s] Level 1:colcon.colcon_core.package_identification:_identify(hurocup_interface/jquery-ui-1.11.4) by extension 'colcon_meta'
[0.407s] Level 1:colcon.colcon_core.package_identification:_identify(hurocup_interface/jquery-ui-1.11.4) by extensions ['ros']
[0.407s] Level 1:colcon.colcon_core.package_identification:_identify(hurocup_interface/jquery-ui-1.11.4) by extension 'ros'
[0.407s] Level 1:colcon.colcon_core.package_identification:_identify(hurocup_interface/jquery-ui-1.11.4) by extensions ['cmake', 'python']
[0.407s] Level 1:colcon.colcon_core.package_identification:_identify(hurocup_interface/jquery-ui-1.11.4) by extension 'cmake'
[0.407s] Level 1:colcon.colcon_core.package_identification:_identify(hurocup_interface/jquery-ui-1.11.4) by extension 'python'
[0.407s] Level 1:colcon.colcon_core.package_identification:_identify(hurocup_interface/jquery-ui-1.11.4) by extensions ['python_setup_py']
[0.407s] Level 1:colcon.colcon_core.package_identification:_identify(hurocup_interface/jquery-ui-1.11.4) by extension 'python_setup_py'
[0.408s] Level 1:colcon.colcon_core.package_identification:_identify(hurocup_interface/jquery-ui-1.11.4/external) by extensions ['ignore', 'ignore_ament_install']
[0.408s] Level 1:colcon.colcon_core.package_identification:_identify(hurocup_interface/jquery-ui-1.11.4/external) by extension 'ignore'
[0.408s] Level 1:colcon.colcon_core.package_identification:_identify(hurocup_interface/jquery-ui-1.11.4/external) by extension 'ignore_ament_install'
[0.408s] Level 1:colcon.colcon_core.package_identification:_identify(hurocup_interface/jquery-ui-1.11.4/external) by extensions ['colcon_pkg']
[0.408s] Level 1:colcon.colcon_core.package_identification:_identify(hurocup_interface/jquery-ui-1.11.4/external) by extension 'colcon_pkg'
[0.408s] Level 1:colcon.colcon_core.package_identification:_identify(hurocup_interface/jquery-ui-1.11.4/external) by extensions ['colcon_meta']
[0.408s] Level 1:colcon.colcon_core.package_identification:_identify(hurocup_interface/jquery-ui-1.11.4/external) by extension 'colcon_meta'
[0.408s] Level 1:colcon.colcon_core.package_identification:_identify(hurocup_interface/jquery-ui-1.11.4/external) by extensions ['ros']
[0.409s] Level 1:colcon.colcon_core.package_identification:_identify(hurocup_interface/jquery-ui-1.11.4/external) by extension 'ros'
[0.409s] Level 1:colcon.colcon_core.package_identification:_identify(hurocup_interface/jquery-ui-1.11.4/external) by extensions ['cmake', 'python']
[0.409s] Level 1:colcon.colcon_core.package_identification:_identify(hurocup_interface/jquery-ui-1.11.4/external) by extension 'cmake'
[0.409s] Level 1:colcon.colcon_core.package_identification:_identify(hurocup_interface/jquery-ui-1.11.4/external) by extension 'python'
[0.409s] Level 1:colcon.colcon_core.package_identification:_identify(hurocup_interface/jquery-ui-1.11.4/external) by extensions ['python_setup_py']
[0.409s] Level 1:colcon.colcon_core.package_identification:_identify(hurocup_interface/jquery-ui-1.11.4/external) by extension 'python_setup_py'
[0.409s] Level 1:colcon.colcon_core.package_identification:_identify(hurocup_interface/jquery-ui-1.11.4/external/jquery) by extensions ['ignore', 'ignore_ament_install']
[0.409s] Level 1:colcon.colcon_core.package_identification:_identify(hurocup_interface/jquery-ui-1.11.4/external/jquery) by extension 'ignore'
[0.410s] Level 1:colcon.colcon_core.package_identification:_identify(hurocup_interface/jquery-ui-1.11.4/external/jquery) by extension 'ignore_ament_install'
[0.410s] Level 1:colcon.colcon_core.package_identification:_identify(hurocup_interface/jquery-ui-1.11.4/external/jquery) by extensions ['colcon_pkg']
[0.410s] Level 1:colcon.colcon_core.package_identification:_identify(hurocup_interface/jquery-ui-1.11.4/external/jquery) by extension 'colcon_pkg'
[0.410s] Level 1:colcon.colcon_core.package_identification:_identify(hurocup_interface/jquery-ui-1.11.4/external/jquery) by extensions ['colcon_meta']
[0.410s] Level 1:colcon.colcon_core.package_identification:_identify(hurocup_interface/jquery-ui-1.11.4/external/jquery) by extension 'colcon_meta'
[0.410s] Level 1:colcon.colcon_core.package_identification:_identify(hurocup_interface/jquery-ui-1.11.4/external/jquery) by extensions ['ros']
[0.410s] Level 1:colcon.colcon_core.package_identification:_identify(hurocup_interface/jquery-ui-1.11.4/external/jquery) by extension 'ros'
[0.410s] Level 1:colcon.colcon_core.package_identification:_identify(hurocup_interface/jquery-ui-1.11.4/external/jquery) by extensions ['cmake', 'python']
[0.410s] Level 1:colcon.colcon_core.package_identification:_identify(hurocup_interface/jquery-ui-1.11.4/external/jquery) by extension 'cmake'
[0.411s] Level 1:colcon.colcon_core.package_identification:_identify(hurocup_interface/jquery-ui-1.11.4/external/jquery) by extension 'python'
[0.411s] Level 1:colcon.colcon_core.package_identification:_identify(hurocup_interface/jquery-ui-1.11.4/external/jquery) by extensions ['python_setup_py']
[0.411s] Level 1:colcon.colcon_core.package_identification:_identify(hurocup_interface/jquery-ui-1.11.4/external/jquery) by extension 'python_setup_py'
[0.411s] Level 1:colcon.colcon_core.package_identification:_identify(hurocup_interface/jquery-ui-1.11.4/images) by extensions ['ignore', 'ignore_ament_install']
[0.411s] Level 1:colcon.colcon_core.package_identification:_identify(hurocup_interface/jquery-ui-1.11.4/images) by extension 'ignore'
[0.411s] Level 1:colcon.colcon_core.package_identification:_identify(hurocup_interface/jquery-ui-1.11.4/images) by extension 'ignore_ament_install'
[0.411s] Level 1:colcon.colcon_core.package_identification:_identify(hurocup_interface/jquery-ui-1.11.4/images) by extensions ['colcon_pkg']
[0.411s] Level 1:colcon.colcon_core.package_identification:_identify(hurocup_interface/jquery-ui-1.11.4/images) by extension 'colcon_pkg'
[0.412s] Level 1:colcon.colcon_core.package_identification:_identify(hurocup_interface/jquery-ui-1.11.4/images) by extensions ['colcon_meta']
[0.412s] Level 1:colcon.colcon_core.package_identification:_identify(hurocup_interface/jquery-ui-1.11.4/images) by extension 'colcon_meta'
[0.412s] Level 1:colcon.colcon_core.package_identification:_identify(hurocup_interface/jquery-ui-1.11.4/images) by extensions ['ros']
[0.412s] Level 1:colcon.colcon_core.package_identification:_identify(hurocup_interface/jquery-ui-1.11.4/images) by extension 'ros'
[0.412s] Level 1:colcon.colcon_core.package_identification:_identify(hurocup_interface/jquery-ui-1.11.4/images) by extensions ['cmake', 'python']
[0.412s] Level 1:colcon.colcon_core.package_identification:_identify(hurocup_interface/jquery-ui-1.11.4/images) by extension 'cmake'
[0.412s] Level 1:colcon.colcon_core.package_identification:_identify(hurocup_interface/jquery-ui-1.11.4/images) by extension 'python'
[0.412s] Level 1:colcon.colcon_core.package_identification:_identify(hurocup_interface/jquery-ui-1.11.4/images) by extensions ['python_setup_py']
[0.412s] Level 1:colcon.colcon_core.package_identification:_identify(hurocup_interface/jquery-ui-1.11.4/images) by extension 'python_setup_py'
[0.412s] Level 1:colcon.colcon_core.package_identification:_identify(hurocup_interface/js) by extensions ['ignore', 'ignore_ament_install']
[0.413s] Level 1:colcon.colcon_core.package_identification:_identify(hurocup_interface/js) by extension 'ignore'
[0.413s] Level 1:colcon.colcon_core.package_identification:_identify(hurocup_interface/js) by extension 'ignore_ament_install'
[0.413s] Level 1:colcon.colcon_core.package_identification:_identify(hurocup_interface/js) by extensions ['colcon_pkg']
[0.413s] Level 1:colcon.colcon_core.package_identification:_identify(hurocup_interface/js) by extension 'colcon_pkg'
[0.413s] Level 1:colcon.colcon_core.package_identification:_identify(hurocup_interface/js) by extensions ['colcon_meta']
[0.413s] Level 1:colcon.colcon_core.package_identification:_identify(hurocup_interface/js) by extension 'colcon_meta'
[0.413s] Level 1:colcon.colcon_core.package_identification:_identify(hurocup_interface/js) by extensions ['ros']
[0.413s] Level 1:colcon.colcon_core.package_identification:_identify(hurocup_interface/js) by extension 'ros'
[0.413s] Level 1:colcon.colcon_core.package_identification:_identify(hurocup_interface/js) by extensions ['cmake', 'python']
[0.414s] Level 1:colcon.colcon_core.package_identification:_identify(hurocup_interface/js) by extension 'cmake'
[0.414s] Level 1:colcon.colcon_core.package_identification:_identify(hurocup_interface/js) by extension 'python'
[0.414s] Level 1:colcon.colcon_core.package_identification:_identify(hurocup_interface/js) by extensions ['python_setup_py']
[0.414s] Level 1:colcon.colcon_core.package_identification:_identify(hurocup_interface/js) by extension 'python_setup_py'
[0.414s] Level 1:colcon.colcon_core.package_identification:_identify(hurocup_interface/js/roslib) by extensions ['ignore', 'ignore_ament_install']
[0.414s] Level 1:colcon.colcon_core.package_identification:_identify(hurocup_interface/js/roslib) by extension 'ignore'
[0.414s] Level 1:colcon.colcon_core.package_identification:_identify(hurocup_interface/js/roslib) by extension 'ignore_ament_install'
[0.414s] Level 1:colcon.colcon_core.package_identification:_identify(hurocup_interface/js/roslib) by extensions ['colcon_pkg']
[0.415s] Level 1:colcon.colcon_core.package_identification:_identify(hurocup_interface/js/roslib) by extension 'colcon_pkg'
[0.415s] Level 1:colcon.colcon_core.package_identification:_identify(hurocup_interface/js/roslib) by extensions ['colcon_meta']
[0.415s] Level 1:colcon.colcon_core.package_identification:_identify(hurocup_interface/js/roslib) by extension 'colcon_meta'
[0.415s] Level 1:colcon.colcon_core.package_identification:_identify(hurocup_interface/js/roslib) by extensions ['ros']
[0.415s] Level 1:colcon.colcon_core.package_identification:_identify(hurocup_interface/js/roslib) by extension 'ros'
[0.415s] Level 1:colcon.colcon_core.package_identification:_identify(hurocup_interface/js/roslib) by extensions ['cmake', 'python']
[0.415s] Level 1:colcon.colcon_core.package_identification:_identify(hurocup_interface/js/roslib) by extension 'cmake'
[0.415s] Level 1:colcon.colcon_core.package_identification:_identify(hurocup_interface/js/roslib) by extension 'python'
[0.415s] Level 1:colcon.colcon_core.package_identification:_identify(hurocup_interface/js/roslib) by extensions ['python_setup_py']
[0.415s] Level 1:colcon.colcon_core.package_identification:_identify(hurocup_interface/js/roslib) by extension 'python_setup_py'
[0.416s] Level 1:colcon.colcon_core.package_identification:_identify(hurocup_interface/picture) by extensions ['ignore', 'ignore_ament_install']
[0.416s] Level 1:colcon.colcon_core.package_identification:_identify(hurocup_interface/picture) by extension 'ignore'
[0.416s] Level 1:colcon.colcon_core.package_identification:_identify(hurocup_interface/picture) by extension 'ignore_ament_install'
[0.416s] Level 1:colcon.colcon_core.package_identification:_identify(hurocup_interface/picture) by extensions ['colcon_pkg']
[0.416s] Level 1:colcon.colcon_core.package_identification:_identify(hurocup_interface/picture) by extension 'colcon_pkg'
[0.416s] Level 1:colcon.colcon_core.package_identification:_identify(hurocup_interface/picture) by extensions ['colcon_meta']
[0.416s] Level 1:colcon.colcon_core.package_identification:_identify(hurocup_interface/picture) by extension 'colcon_meta'
[0.416s] Level 1:colcon.colcon_core.package_identification:_identify(hurocup_interface/picture) by extensions ['ros']
[0.416s] Level 1:colcon.colcon_core.package_identification:_identify(hurocup_interface/picture) by extension 'ros'
[0.417s] Level 1:colcon.colcon_core.package_identification:_identify(hurocup_interface/picture) by extensions ['cmake', 'python']
[0.417s] Level 1:colcon.colcon_core.package_identification:_identify(hurocup_interface/picture) by extension 'cmake'
[0.417s] Level 1:colcon.colcon_core.package_identification:_identify(hurocup_interface/picture) by extension 'python'
[0.417s] Level 1:colcon.colcon_core.package_identification:_identify(hurocup_interface/picture) by extensions ['python_setup_py']
[0.417s] Level 1:colcon.colcon_core.package_identification:_identify(hurocup_interface/picture) by extension 'python_setup_py'
[0.417s] Level 1:colcon.colcon_core.package_identification:_identify(hurocup_interface/resources) by extensions ['ignore', 'ignore_ament_install']
[0.417s] Level 1:colcon.colcon_core.package_identification:_identify(hurocup_interface/resources) by extension 'ignore'
[0.417s] Level 1:colcon.colcon_core.package_identification:_identify(hurocup_interface/resources) by extension 'ignore_ament_install'
[0.417s] Level 1:colcon.colcon_core.package_identification:_identify(hurocup_interface/resources) by extensions ['colcon_pkg']
[0.418s] Level 1:colcon.colcon_core.package_identification:_identify(hurocup_interface/resources) by extension 'colcon_pkg'
[0.418s] Level 1:colcon.colcon_core.package_identification:_identify(hurocup_interface/resources) by extensions ['colcon_meta']
[0.418s] Level 1:colcon.colcon_core.package_identification:_identify(hurocup_interface/resources) by extension 'colcon_meta'
[0.418s] Level 1:colcon.colcon_core.package_identification:_identify(hurocup_interface/resources) by extensions ['ros']
[0.418s] Level 1:colcon.colcon_core.package_identification:_identify(hurocup_interface/resources) by extension 'ros'
[0.418s] Level 1:colcon.colcon_core.package_identification:_identify(hurocup_interface/resources) by extensions ['cmake', 'python']
[0.418s] Level 1:colcon.colcon_core.package_identification:_identify(hurocup_interface/resources) by extension 'cmake'
[0.418s] Level 1:colcon.colcon_core.package_identification:_identify(hurocup_interface/resources) by extension 'python'
[0.418s] Level 1:colcon.colcon_core.package_identification:_identify(hurocup_interface/resources) by extensions ['python_setup_py']
[0.418s] Level 1:colcon.colcon_core.package_identification:_identify(hurocup_interface/resources) by extension 'python_setup_py'
[0.419s] Level 1:colcon.colcon_core.package_identification:_identify(hurocup_interface/resources/TKU_ICLab) by extensions ['ignore', 'ignore_ament_install']
[0.419s] Level 1:colcon.colcon_core.package_identification:_identify(hurocup_interface/resources/TKU_ICLab) by extension 'ignore'
[0.419s] Level 1:colcon.colcon_core.package_identification:_identify(hurocup_interface/resources/TKU_ICLab) by extension 'ignore_ament_install'
[0.419s] Level 1:colcon.colcon_core.package_identification:_identify(hurocup_interface/resources/TKU_ICLab) by extensions ['colcon_pkg']
[0.419s] Level 1:colcon.colcon_core.package_identification:_identify(hurocup_interface/resources/TKU_ICLab) by extension 'colcon_pkg'
[0.419s] Level 1:colcon.colcon_core.package_identification:_identify(hurocup_interface/resources/TKU_ICLab) by extensions ['colcon_meta']
[0.419s] Level 1:colcon.colcon_core.package_identification:_identify(hurocup_interface/resources/TKU_ICLab) by extension 'colcon_meta'
[0.419s] Level 1:colcon.colcon_core.package_identification:_identify(hurocup_interface/resources/TKU_ICLab) by extensions ['ros']
[0.419s] Level 1:colcon.colcon_core.package_identification:_identify(hurocup_interface/resources/TKU_ICLab) by extension 'ros'
[0.420s] Level 1:colcon.colcon_core.package_identification:_identify(hurocup_interface/resources/TKU_ICLab) by extensions ['cmake', 'python']
[0.420s] Level 1:colcon.colcon_core.package_identification:_identify(hurocup_interface/resources/TKU_ICLab) by extension 'cmake'
[0.420s] Level 1:colcon.colcon_core.package_identification:_identify(hurocup_interface/resources/TKU_ICLab) by extension 'python'
[0.420s] Level 1:colcon.colcon_core.package_identification:_identify(hurocup_interface/resources/TKU_ICLab) by extensions ['python_setup_py']
[0.420s] Level 1:colcon.colcon_core.package_identification:_identify(hurocup_interface/resources/TKU_ICLab) by extension 'python_setup_py'
[0.420s] Level 1:colcon.colcon_core.package_identification:_identify(hurocup_interface/roslibjs) by extensions ['ignore', 'ignore_ament_install']
[0.420s] Level 1:colcon.colcon_core.package_identification:_identify(hurocup_interface/roslibjs) by extension 'ignore'
[0.420s] Level 1:colcon.colcon_core.package_identification:_identify(hurocup_interface/roslibjs) by extension 'ignore_ament_install'
[0.421s] Level 1:colcon.colcon_core.package_identification:_identify(hurocup_interface/roslibjs) by extensions ['colcon_pkg']
[0.421s] Level 1:colcon.colcon_core.package_identification:_identify(hurocup_interface/roslibjs) by extension 'colcon_pkg'
[0.421s] Level 1:colcon.colcon_core.package_identification:_identify(hurocup_interface/roslibjs) by extensions ['colcon_meta']
[0.421s] Level 1:colcon.colcon_core.package_identification:_identify(hurocup_interface/roslibjs) by extension 'colcon_meta'
[0.421s] Level 1:colcon.colcon_core.package_identification:_identify(hurocup_interface/roslibjs) by extensions ['ros']
[0.421s] Level 1:colcon.colcon_core.package_identification:_identify(hurocup_interface/roslibjs) by extension 'ros'
[0.421s] Level 1:colcon.colcon_core.package_identification:_identify(hurocup_interface/roslibjs) by extensions ['cmake', 'python']
[0.421s] Level 1:colcon.colcon_core.package_identification:_identify(hurocup_interface/roslibjs) by extension 'cmake'
[0.421s] Level 1:colcon.colcon_core.package_identification:_identify(hurocup_interface/roslibjs) by extension 'python'
[0.421s] Level 1:colcon.colcon_core.package_identification:_identify(hurocup_interface/roslibjs) by extensions ['python_setup_py']
[0.421s] Level 1:colcon.colcon_core.package_identification:_identify(hurocup_interface/roslibjs) by extension 'python_setup_py'
[0.422s] Level 1:colcon.colcon_core.package_identification:_identify(install) by extensions ['ignore', 'ignore_ament_install']
[0.422s] Level 1:colcon.colcon_core.package_identification:_identify(install) by extension 'ignore'
[0.422s] Level 1:colcon.colcon_core.package_identification:_identify(install) ignored
[0.422s] Level 1:colcon.colcon_core.package_identification:_identify(log) by extensions ['ignore', 'ignore_ament_install']
[0.422s] Level 1:colcon.colcon_core.package_identification:_identify(log) by extension 'ignore'
[0.423s] Level 1:colcon.colcon_core.package_identification:_identify(log) ignored
[0.423s] Level 1:colcon.colcon_core.package_identification:_identify(src) by extensions ['ignore', 'ignore_ament_install']
[0.423s] Level 1:colcon.colcon_core.package_identification:_identify(src) by extension 'ignore'
[0.423s] Level 1:colcon.colcon_core.package_identification:_identify(src) by extension 'ignore_ament_install'
[0.423s] Level 1:colcon.colcon_core.package_identification:_identify(src) by extensions ['colcon_pkg']
[0.423s] Level 1:colcon.colcon_core.package_identification:_identify(src) by extension 'colcon_pkg'
[0.423s] Level 1:colcon.colcon_core.package_identification:_identify(src) by extensions ['colcon_meta']
[0.423s] Level 1:colcon.colcon_core.package_identification:_identify(src) by extension 'colcon_meta'
[0.423s] Level 1:colcon.colcon_core.package_identification:_identify(src) by extensions ['ros']
[0.424s] Level 1:colcon.colcon_core.package_identification:_identify(src) by extension 'ros'
[0.424s] Level 1:colcon.colcon_core.package_identification:_identify(src) by extensions ['cmake', 'python']
[0.424s] Level 1:colcon.colcon_core.package_identification:_identify(src) by extension 'cmake'
[0.424s] Level 1:colcon.colcon_core.package_identification:_identify(src) by extension 'python'
[0.424s] Level 1:colcon.colcon_core.package_identification:_identify(src) by extensions ['python_setup_py']
[0.424s] Level 1:colcon.colcon_core.package_identification:_identify(src) by extension 'python_setup_py'
[0.424s] Level 1:colcon.colcon_core.package_identification:_identify(src/imageprocess) by extensions ['ignore', 'ignore_ament_install']
[0.424s] Level 1:colcon.colcon_core.package_identification:_identify(src/imageprocess) by extension 'ignore'
[0.424s] Level 1:colcon.colcon_core.package_identification:_identify(src/imageprocess) by extension 'ignore_ament_install'
[0.425s] Level 1:colcon.colcon_core.package_identification:_identify(src/imageprocess) by extensions ['colcon_pkg']
[0.425s] Level 1:colcon.colcon_core.package_identification:_identify(src/imageprocess) by extension 'colcon_pkg'
[0.425s] Level 1:colcon.colcon_core.package_identification:_identify(src/imageprocess) by extensions ['colcon_meta']
[0.425s] Level 1:colcon.colcon_core.package_identification:_identify(src/imageprocess) by extension 'colcon_meta'
[0.425s] Level 1:colcon.colcon_core.package_identification:_identify(src/imageprocess) by extensions ['ros']
[0.425s] Level 1:colcon.colcon_core.package_identification:_identify(src/imageprocess) by extension 'ros'
[0.430s] DEBUG:colcon.colcon_core.package_identification:Package 'src/imageprocess' with type 'ros.ament_python' and name 'imageprocess'
[0.431s] Level 1:colcon.colcon_core.package_identification:_identify(src/motionpackage) by extensions ['ignore', 'ignore_ament_install']
[0.431s] Level 1:colcon.colcon_core.package_identification:_identify(src/motionpackage) by extension 'ignore'
[0.431s] Level 1:colcon.colcon_core.package_identification:_identify(src/motionpackage) by extension 'ignore_ament_install'
[0.431s] Level 1:colcon.colcon_core.package_identification:_identify(src/motionpackage) by extensions ['colcon_pkg']
[0.431s] Level 1:colcon.colcon_core.package_identification:_identify(src/motionpackage) by extension 'colcon_pkg'
[0.431s] Level 1:colcon.colcon_core.package_identification:_identify(src/motionpackage) by extensions ['colcon_meta']
[0.432s] Level 1:colcon.colcon_core.package_identification:_identify(src/motionpackage) by extension 'colcon_meta'
[0.432s] Level 1:colcon.colcon_core.package_identification:_identify(src/motionpackage) by extensions ['ros']
[0.432s] Level 1:colcon.colcon_core.package_identification:_identify(src/motionpackage) by extension 'ros'
[0.433s] DEBUG:colcon.colcon_core.package_identification:Package 'src/motionpackage' with type 'ros.ament_python' and name 'motionpackage'
[0.433s] Level 1:colcon.colcon_core.package_identification:_identify(src/rosidl) by extensions ['ignore', 'ignore_ament_install']
[0.433s] Level 1:colcon.colcon_core.package_identification:_identify(src/rosidl) by extension 'ignore'
[0.434s] Level 1:colcon.colcon_core.package_identification:_identify(src/rosidl) by extension 'ignore_ament_install'
[0.434s] Level 1:colcon.colcon_core.package_identification:_identify(src/rosidl) by extensions ['colcon_pkg']
[0.434s] Level 1:colcon.colcon_core.package_identification:_identify(src/rosidl) by extension 'colcon_pkg'
[0.434s] Level 1:colcon.colcon_core.package_identification:_identify(src/rosidl) by extensions ['colcon_meta']
[0.434s] Level 1:colcon.colcon_core.package_identification:_identify(src/rosidl) by extension 'colcon_meta'
[0.434s] Level 1:colcon.colcon_core.package_identification:_identify(src/rosidl) by extensions ['ros']
[0.434s] Level 1:colcon.colcon_core.package_identification:_identify(src/rosidl) by extension 'ros'
[0.434s] Level 1:colcon.colcon_core.package_identification:_identify(src/rosidl) by extensions ['cmake', 'python']
[0.435s] Level 1:colcon.colcon_core.package_identification:_identify(src/rosidl) by extension 'cmake'
[0.435s] Level 1:colcon.colcon_core.package_identification:_identify(src/rosidl) by extension 'python'
[0.435s] Level 1:colcon.colcon_core.package_identification:_identify(src/rosidl) by extensions ['python_setup_py']
[0.435s] Level 1:colcon.colcon_core.package_identification:_identify(src/rosidl) by extension 'python_setup_py'
[0.435s] Level 1:colcon.colcon_core.package_identification:_identify(src/rosidl/rosidl_adapter) by extensions ['ignore', 'ignore_ament_install']
[0.435s] Level 1:colcon.colcon_core.package_identification:_identify(src/rosidl/rosidl_adapter) by extension 'ignore'
[0.435s] Level 1:colcon.colcon_core.package_identification:_identify(src/rosidl/rosidl_adapter) by extension 'ignore_ament_install'
[0.435s] Level 1:colcon.colcon_core.package_identification:_identify(src/rosidl/rosidl_adapter) by extensions ['colcon_pkg']
[0.436s] Level 1:colcon.colcon_core.package_identification:_identify(src/rosidl/rosidl_adapter) by extension 'colcon_pkg'
[0.436s] Level 1:colcon.colcon_core.package_identification:_identify(src/rosidl/rosidl_adapter) by extensions ['colcon_meta']
[0.436s] Level 1:colcon.colcon_core.package_identification:_identify(src/rosidl/rosidl_adapter) by extension 'colcon_meta'
[0.436s] Level 1:colcon.colcon_core.package_identification:_identify(src/rosidl/rosidl_adapter) by extensions ['ros']
[0.436s] Level 1:colcon.colcon_core.package_identification:_identify(src/rosidl/rosidl_adapter) by extension 'ros'
[0.437s] DEBUG:colcon.colcon_core.package_identification:Package 'src/rosidl/rosidl_adapter' with type 'ros.ament_cmake' and name 'rosidl_adapter'
[0.438s] Level 1:colcon.colcon_core.package_identification:_identify(src/rosidl/rosidl_cli) by extensions ['ignore', 'ignore_ament_install']
[0.438s] Level 1:colcon.colcon_core.package_identification:_identify(src/rosidl/rosidl_cli) by extension 'ignore'
[0.438s] Level 1:colcon.colcon_core.package_identification:_identify(src/rosidl/rosidl_cli) by extension 'ignore_ament_install'
[0.438s] Level 1:colcon.colcon_core.package_identification:_identify(src/rosidl/rosidl_cli) by extensions ['colcon_pkg']
[0.438s] Level 1:colcon.colcon_core.package_identification:_identify(src/rosidl/rosidl_cli) by extension 'colcon_pkg'
[0.438s] Level 1:colcon.colcon_core.package_identification:_identify(src/rosidl/rosidl_cli) by extensions ['colcon_meta']
[0.438s] Level 1:colcon.colcon_core.package_identification:_identify(src/rosidl/rosidl_cli) by extension 'colcon_meta'
[0.438s] Level 1:colcon.colcon_core.package_identification:_identify(src/rosidl/rosidl_cli) by extensions ['ros']
[0.439s] Level 1:colcon.colcon_core.package_identification:_identify(src/rosidl/rosidl_cli) by extension 'ros'
[0.440s] DEBUG:colcon.colcon_core.package_identification:Package 'src/rosidl/rosidl_cli' with type 'ros.ament_python' and name 'rosidl_cli'
[0.440s] Level 1:colcon.colcon_core.package_identification:_identify(src/rosidl/rosidl_cmake) by extensions ['ignore', 'ignore_ament_install']
[0.440s] Level 1:colcon.colcon_core.package_identification:_identify(src/rosidl/rosidl_cmake) by extension 'ignore'
[0.440s] Level 1:colcon.colcon_core.package_identification:_identify(src/rosidl/rosidl_cmake) by extension 'ignore_ament_install'
[0.440s] Level 1:colcon.colcon_core.package_identification:_identify(src/rosidl/rosidl_cmake) by extensions ['colcon_pkg']
[0.440s] Level 1:colcon.colcon_core.package_identification:_identify(src/rosidl/rosidl_cmake) by extension 'colcon_pkg'
[0.441s] Level 1:colcon.colcon_core.package_identification:_identify(src/rosidl/rosidl_cmake) by extensions ['colcon_meta']
[0.441s] Level 1:colcon.colcon_core.package_identification:_identify(src/rosidl/rosidl_cmake) by extension 'colcon_meta'
[0.441s] Level 1:colcon.colcon_core.package_identification:_identify(src/rosidl/rosidl_cmake) by extensions ['ros']
[0.441s] Level 1:colcon.colcon_core.package_identification:_identify(src/rosidl/rosidl_cmake) by extension 'ros'
[0.442s] DEBUG:colcon.colcon_core.package_identification:Package 'src/rosidl/rosidl_cmake' with type 'ros.ament_cmake' and name 'rosidl_cmake'
[0.442s] Level 1:colcon.colcon_core.package_identification:_identify(src/rosidl/rosidl_generator_c) by extensions ['ignore', 'ignore_ament_install']
[0.443s] Level 1:colcon.colcon_core.package_identification:_identify(src/rosidl/rosidl_generator_c) by extension 'ignore'
[0.443s] Level 1:colcon.colcon_core.package_identification:_identify(src/rosidl/rosidl_generator_c) by extension 'ignore_ament_install'
[0.443s] Level 1:colcon.colcon_core.package_identification:_identify(src/rosidl/rosidl_generator_c) by extensions ['colcon_pkg']
[0.443s] Level 1:colcon.colcon_core.package_identification:_identify(src/rosidl/rosidl_generator_c) by extension 'colcon_pkg'
[0.443s] Level 1:colcon.colcon_core.package_identification:_identify(src/rosidl/rosidl_generator_c) by extensions ['colcon_meta']
[0.443s] Level 1:colcon.colcon_core.package_identification:_identify(src/rosidl/rosidl_generator_c) by extension 'colcon_meta'
[0.443s] Level 1:colcon.colcon_core.package_identification:_identify(src/rosidl/rosidl_generator_c) by extensions ['ros']
[0.443s] Level 1:colcon.colcon_core.package_identification:_identify(src/rosidl/rosidl_generator_c) by extension 'ros'
[0.445s] DEBUG:colcon.colcon_core.package_identification:Package 'src/rosidl/rosidl_generator_c' with type 'ros.ament_cmake' and name 'rosidl_generator_c'
[0.445s] Level 1:colcon.colcon_core.package_identification:_identify(src/rosidl/rosidl_generator_cpp) by extensions ['ignore', 'ignore_ament_install']
[0.445s] Level 1:colcon.colcon_core.package_identification:_identify(src/rosidl/rosidl_generator_cpp) by extension 'ignore'
[0.446s] Level 1:colcon.colcon_core.package_identification:_identify(src/rosidl/rosidl_generator_cpp) by extension 'ignore_ament_install'
[0.446s] Level 1:colcon.colcon_core.package_identification:_identify(src/rosidl/rosidl_generator_cpp) by extensions ['colcon_pkg']
[0.446s] Level 1:colcon.colcon_core.package_identification:_identify(src/rosidl/rosidl_generator_cpp) by extension 'colcon_pkg'
[0.446s] Level 1:colcon.colcon_core.package_identification:_identify(src/rosidl/rosidl_generator_cpp) by extensions ['colcon_meta']
[0.446s] Level 1:colcon.colcon_core.package_identification:_identify(src/rosidl/rosidl_generator_cpp) by extension 'colcon_meta'
[0.446s] Level 1:colcon.colcon_core.package_identification:_identify(src/rosidl/rosidl_generator_cpp) by extensions ['ros']
[0.446s] Level 1:colcon.colcon_core.package_identification:_identify(src/rosidl/rosidl_generator_cpp) by extension 'ros'
[0.448s] DEBUG:colcon.colcon_core.package_identification:Package 'src/rosidl/rosidl_generator_cpp' with type 'ros.ament_cmake' and name 'rosidl_generator_cpp'
[0.448s] Level 1:colcon.colcon_core.package_identification:_identify(src/rosidl/rosidl_parser) by extensions ['ignore', 'ignore_ament_install']
[0.448s] Level 1:colcon.colcon_core.package_identification:_identify(src/rosidl/rosidl_parser) by extension 'ignore'
[0.448s] Level 1:colcon.colcon_core.package_identification:_identify(src/rosidl/rosidl_parser) by extension 'ignore_ament_install'
[0.448s] Level 1:colcon.colcon_core.package_identification:_identify(src/rosidl/rosidl_parser) by extensions ['colcon_pkg']
[0.449s] Level 1:colcon.colcon_core.package_identification:_identify(src/rosidl/rosidl_parser) by extension 'colcon_pkg'
[0.449s] Level 1:colcon.colcon_core.package_identification:_identify(src/rosidl/rosidl_parser) by extensions ['colcon_meta']
[0.449s] Level 1:colcon.colcon_core.package_identification:_identify(src/rosidl/rosidl_parser) by extension 'colcon_meta'
[0.449s] Level 1:colcon.colcon_core.package_identification:_identify(src/rosidl/rosidl_parser) by extensions ['ros']
[0.449s] Level 1:colcon.colcon_core.package_identification:_identify(src/rosidl/rosidl_parser) by extension 'ros'
[0.450s] DEBUG:colcon.colcon_core.package_identification:Package 'src/rosidl/rosidl_parser' with type 'ros.ament_cmake' and name 'rosidl_parser'
[0.450s] Level 1:colcon.colcon_core.package_identification:_identify(src/rosidl/rosidl_runtime_c) by extensions ['ignore', 'ignore_ament_install']
[0.450s] Level 1:colcon.colcon_core.package_identification:_identify(src/rosidl/rosidl_runtime_c) by extension 'ignore'
[0.451s] Level 1:colcon.colcon_core.package_identification:_identify(src/rosidl/rosidl_runtime_c) by extension 'ignore_ament_install'
[0.451s] Level 1:colcon.colcon_core.package_identification:_identify(src/rosidl/rosidl_runtime_c) by extensions ['colcon_pkg']
[0.451s] Level 1:colcon.colcon_core.package_identification:_identify(src/rosidl/rosidl_runtime_c) by extension 'colcon_pkg'
[0.451s] Level 1:colcon.colcon_core.package_identification:_identify(src/rosidl/rosidl_runtime_c) by extensions ['colcon_meta']
[0.451s] Level 1:colcon.colcon_core.package_identification:_identify(src/rosidl/rosidl_runtime_c) by extension 'colcon_meta'
[0.451s] Level 1:colcon.colcon_core.package_identification:_identify(src/rosidl/rosidl_runtime_c) by extensions ['ros']
[0.451s] Level 1:colcon.colcon_core.package_identification:_identify(src/rosidl/rosidl_runtime_c) by extension 'ros'
[0.453s] DEBUG:colcon.colcon_core.package_identification:Package 'src/rosidl/rosidl_runtime_c' with type 'ros.ament_cmake' and name 'rosidl_runtime_c'
[0.453s] Level 1:colcon.colcon_core.package_identification:_identify(src/rosidl/rosidl_runtime_cpp) by extensions ['ignore', 'ignore_ament_install']
[0.453s] Level 1:colcon.colcon_core.package_identification:_identify(src/rosidl/rosidl_runtime_cpp) by extension 'ignore'
[0.453s] Level 1:colcon.colcon_core.package_identification:_identify(src/rosidl/rosidl_runtime_cpp) by extension 'ignore_ament_install'
[0.453s] Level 1:colcon.colcon_core.package_identification:_identify(src/rosidl/rosidl_runtime_cpp) by extensions ['colcon_pkg']
[0.453s] Level 1:colcon.colcon_core.package_identification:_identify(src/rosidl/rosidl_runtime_cpp) by extension 'colcon_pkg'
[0.454s] Level 1:colcon.colcon_core.package_identification:_identify(src/rosidl/rosidl_runtime_cpp) by extensions ['colcon_meta']
[0.454s] Level 1:colcon.colcon_core.package_identification:_identify(src/rosidl/rosidl_runtime_cpp) by extension 'colcon_meta'
[0.454s] Level 1:colcon.colcon_core.package_identification:_identify(src/rosidl/rosidl_runtime_cpp) by extensions ['ros']
[0.454s] Level 1:colcon.colcon_core.package_identification:_identify(src/rosidl/rosidl_runtime_cpp) by extension 'ros'
[0.455s] DEBUG:colcon.colcon_core.package_identification:Package 'src/rosidl/rosidl_runtime_cpp' with type 'ros.ament_cmake' and name 'rosidl_runtime_cpp'
[0.455s] Level 1:colcon.colcon_core.package_identification:_identify(src/rosidl/rosidl_typesupport_interface) by extensions ['ignore', 'ignore_ament_install']
[0.456s] Level 1:colcon.colcon_core.package_identification:_identify(src/rosidl/rosidl_typesupport_interface) by extension 'ignore'
[0.456s] Level 1:colcon.colcon_core.package_identification:_identify(src/rosidl/rosidl_typesupport_interface) by extension 'ignore_ament_install'
[0.456s] Level 1:colcon.colcon_core.package_identification:_identify(src/rosidl/rosidl_typesupport_interface) by extensions ['colcon_pkg']
[0.456s] Level 1:colcon.colcon_core.package_identification:_identify(src/rosidl/rosidl_typesupport_interface) by extension 'colcon_pkg'
[0.456s] Level 1:colcon.colcon_core.package_identification:_identify(src/rosidl/rosidl_typesupport_interface) by extensions ['colcon_meta']
[0.456s] Level 1:colcon.colcon_core.package_identification:_identify(src/rosidl/rosidl_typesupport_interface) by extension 'colcon_meta'
[0.456s] Level 1:colcon.colcon_core.package_identification:_identify(src/rosidl/rosidl_typesupport_interface) by extensions ['ros']
[0.456s] Level 1:colcon.colcon_core.package_identification:_identify(src/rosidl/rosidl_typesupport_interface) by extension 'ros'
[0.457s] DEBUG:colcon.colcon_core.package_identification:Package 'src/rosidl/rosidl_typesupport_interface' with type 'ros.ament_cmake' and name 'rosidl_typesupport_interface'
[0.458s] Level 1:colcon.colcon_core.package_identification:_identify(src/rosidl/rosidl_typesupport_introspection_c) by extensions ['ignore', 'ignore_ament_install']
[0.458s] Level 1:colcon.colcon_core.package_identification:_identify(src/rosidl/rosidl_typesupport_introspection_c) by extension 'ignore'
[0.458s] Level 1:colcon.colcon_core.package_identification:_identify(src/rosidl/rosidl_typesupport_introspection_c) by extension 'ignore_ament_install'
[0.458s] Level 1:colcon.colcon_core.package_identification:_identify(src/rosidl/rosidl_typesupport_introspection_c) by extensions ['colcon_pkg']
[0.458s] Level 1:colcon.colcon_core.package_identification:_identify(src/rosidl/rosidl_typesupport_introspection_c) by extension 'colcon_pkg'
[0.458s] Level 1:colcon.colcon_core.package_identification:_identify(src/rosidl/rosidl_typesupport_introspection_c) by extensions ['colcon_meta']
[0.458s] Level 1:colcon.colcon_core.package_identification:_identify(src/rosidl/rosidl_typesupport_introspection_c) by extension 'colcon_meta'
[0.459s] Level 1:colcon.colcon_core.package_identification:_identify(src/rosidl/rosidl_typesupport_introspection_c) by extensions ['ros']
[0.459s] Level 1:colcon.colcon_core.package_identification:_identify(src/rosidl/rosidl_typesupport_introspection_c) by extension 'ros'
[0.460s] DEBUG:colcon.colcon_core.package_identification:Package 'src/rosidl/rosidl_typesupport_introspection_c' with type 'ros.ament_cmake' and name 'rosidl_typesupport_introspection_c'
[0.460s] Level 1:colcon.colcon_core.package_identification:_identify(src/rosidl/rosidl_typesupport_introspection_cpp) by extensions ['ignore', 'ignore_ament_install']
[0.461s] Level 1:colcon.colcon_core.package_identification:_identify(src/rosidl/rosidl_typesupport_introspection_cpp) by extension 'ignore'
[0.461s] Level 1:colcon.colcon_core.package_identification:_identify(src/rosidl/rosidl_typesupport_introspection_cpp) by extension 'ignore_ament_install'
[0.461s] Level 1:colcon.colcon_core.package_identification:_identify(src/rosidl/rosidl_typesupport_introspection_cpp) by extensions ['colcon_pkg']
[0.461s] Level 1:colcon.colcon_core.package_identification:_identify(src/rosidl/rosidl_typesupport_introspection_cpp) by extension 'colcon_pkg'
[0.461s] Level 1:colcon.colcon_core.package_identification:_identify(src/rosidl/rosidl_typesupport_introspection_cpp) by extensions ['colcon_meta']
[0.461s] Level 1:colcon.colcon_core.package_identification:_identify(src/rosidl/rosidl_typesupport_introspection_cpp) by extension 'colcon_meta'
[0.461s] Level 1:colcon.colcon_core.package_identification:_identify(src/rosidl/rosidl_typesupport_introspection_cpp) by extensions ['ros']
[0.461s] Level 1:colcon.colcon_core.package_identification:_identify(src/rosidl/rosidl_typesupport_introspection_cpp) by extension 'ros'
[0.463s] DEBUG:colcon.colcon_core.package_identification:Package 'src/rosidl/rosidl_typesupport_introspection_cpp' with type 'ros.ament_cmake' and name 'rosidl_typesupport_introspection_cpp'
[0.463s] Level 1:colcon.colcon_core.package_identification:_identify(src/rosidl/rosidl_typesupport_introspection_tests) by extensions ['ignore', 'ignore_ament_install']
[0.463s] Level 1:colcon.colcon_core.package_identification:_identify(src/rosidl/rosidl_typesupport_introspection_tests) by extension 'ignore'
[0.463s] Level 1:colcon.colcon_core.package_identification:_identify(src/rosidl/rosidl_typesupport_introspection_tests) by extension 'ignore_ament_install'
[0.463s] Level 1:colcon.colcon_core.package_identification:_identify(src/rosidl/rosidl_typesupport_introspection_tests) by extensions ['colcon_pkg']
[0.464s] Level 1:colcon.colcon_core.package_identification:_identify(src/rosidl/rosidl_typesupport_introspection_tests) by extension 'colcon_pkg'
[0.464s] Level 1:colcon.colcon_core.package_identification:_identify(src/rosidl/rosidl_typesupport_introspection_tests) by extensions ['colcon_meta']
[0.464s] Level 1:colcon.colcon_core.package_identification:_identify(src/rosidl/rosidl_typesupport_introspection_tests) by extension 'colcon_meta'
[0.464s] Level 1:colcon.colcon_core.package_identification:_identify(src/rosidl/rosidl_typesupport_introspection_tests) by extensions ['ros']
[0.464s] Level 1:colcon.colcon_core.package_identification:_identify(src/rosidl/rosidl_typesupport_introspection_tests) by extension 'ros'
[0.465s] DEBUG:colcon.colcon_core.package_identification:Package 'src/rosidl/rosidl_typesupport_introspection_tests' with type 'ros.ament_cmake' and name 'rosidl_typesupport_introspection_tests'
[0.465s] Level 1:colcon.colcon_core.package_identification:_identify(src/strategy) by extensions ['ignore', 'ignore_ament_install']
[0.466s] Level 1:colcon.colcon_core.package_identification:_identify(src/strategy) by extension 'ignore'
[0.466s] Level 1:colcon.colcon_core.package_identification:_identify(src/strategy) by extension 'ignore_ament_install'
[0.466s] Level 1:colcon.colcon_core.package_identification:_identify(src/strategy) by extensions ['colcon_pkg']
[0.466s] Level 1:colcon.colcon_core.package_identification:_identify(src/strategy) by extension 'colcon_pkg'
[0.466s] Level 1:colcon.colcon_core.package_identification:_identify(src/strategy) by extensions ['colcon_meta']
[0.466s] Level 1:colcon.colcon_core.package_identification:_identify(src/strategy) by extension 'colcon_meta'
[0.466s] Level 1:colcon.colcon_core.package_identification:_identify(src/strategy) by extensions ['ros']
[0.466s] Level 1:colcon.colcon_core.package_identification:_identify(src/strategy) by extension 'ros'
[0.467s] DEBUG:colcon.colcon_core.package_identification:Package 'src/strategy' with type 'ros.ament_python' and name 'strategy'
[0.467s] Level 1:colcon.colcon_core.package_identification:_identify(src/tku_msgs) by extensions ['ignore', 'ignore_ament_install']
[0.468s] Level 1:colcon.colcon_core.package_identification:_identify(src/tku_msgs) by extension 'ignore'
[0.468s] Level 1:colcon.colcon_core.package_identification:_identify(src/tku_msgs) by extension 'ignore_ament_install'
[0.468s] Level 1:colcon.colcon_core.package_identification:_identify(src/tku_msgs) by extensions ['colcon_pkg']
[0.468s] Level 1:colcon.colcon_core.package_identification:_identify(src/tku_msgs) by extension 'colcon_pkg'
[0.468s] Level 1:colcon.colcon_core.package_identification:_identify(src/tku_msgs) by extensions ['colcon_meta']
[0.468s] Level 1:colcon.colcon_core.package_identification:_identify(src/tku_msgs) by extension 'colcon_meta'
[0.468s] Level 1:colcon.colcon_core.package_identification:_identify(src/tku_msgs) by extensions ['ros']
[0.468s] Level 1:colcon.colcon_core.package_identification:_identify(src/tku_msgs) by extension 'ros'
[0.470s] DEBUG:colcon.colcon_core.package_identification:Package 'src/tku_msgs' with type 'ros.ament_cmake' and name 'tku_msgs'
[0.470s] Level 1:colcon.colcon_core.package_identification:_identify(src/usb_cam) by extensions ['ignore', 'ignore_ament_install']
[0.470s] Level 1:colcon.colcon_core.package_identification:_identify(src/usb_cam) by extension 'ignore'
[0.470s] Level 1:colcon.colcon_core.package_identification:_identify(src/usb_cam) by extension 'ignore_ament_install'
[0.470s] Level 1:colcon.colcon_core.package_identification:_identify(src/usb_cam) by extensions ['colcon_pkg']
[0.470s] Level 1:colcon.colcon_core.package_identification:_identify(src/usb_cam) by extension 'colcon_pkg'
[0.470s] Level 1:colcon.colcon_core.package_identification:_identify(src/usb_cam) by extensions ['colcon_meta']
[0.471s] Level 1:colcon.colcon_core.package_identification:_identify(src/usb_cam) by extension 'colcon_meta'
[0.471s] Level 1:colcon.colcon_core.package_identification:_identify(src/usb_cam) by extensions ['ros']
[0.471s] Level 1:colcon.colcon_core.package_identification:_identify(src/usb_cam) by extension 'ros'
[0.474s] DEBUG:colcon.colcon_core.package_identification:Package 'src/usb_cam' with type 'ros.ament_cmake' and name 'usb_cam'
[0.474s] Level 1:colcon.colcon_core.package_identification:_identify(src/vision_opencv) by extensions ['ignore', 'ignore_ament_install']
[0.474s] Level 1:colcon.colcon_core.package_identification:_identify(src/vision_opencv) by extension 'ignore'
[0.474s] Level 1:colcon.colcon_core.package_identification:_identify(src/vision_opencv) by extension 'ignore_ament_install'
[0.475s] Level 1:colcon.colcon_core.package_identification:_identify(src/vision_opencv) by extensions ['colcon_pkg']
[0.475s] Level 1:colcon.colcon_core.package_identification:_identify(src/vision_opencv) by extension 'colcon_pkg'
[0.475s] Level 1:colcon.colcon_core.package_identification:_identify(src/vision_opencv) by extensions ['colcon_meta']
[0.475s] Level 1:colcon.colcon_core.package_identification:_identify(src/vision_opencv) by extension 'colcon_meta'
[0.475s] Level 1:colcon.colcon_core.package_identification:_identify(src/vision_opencv) by extensions ['ros']
[0.475s] Level 1:colcon.colcon_core.package_identification:_identify(src/vision_opencv) by extension 'ros'
[0.475s] Level 1:colcon.colcon_core.package_identification:_identify(src/vision_opencv) by extensions ['cmake', 'python']
[0.475s] Level 1:colcon.colcon_core.package_identification:_identify(src/vision_opencv) by extension 'cmake'
[0.475s] Level 1:colcon.colcon_core.package_identification:_identify(src/vision_opencv) by extension 'python'
[0.476s] Level 1:colcon.colcon_core.package_identification:_identify(src/vision_opencv) by extensions ['python_setup_py']
[0.476s] Level 1:colcon.colcon_core.package_identification:_identify(src/vision_opencv) by extension 'python_setup_py'
[0.476s] Level 1:colcon.colcon_core.package_identification:_identify(src/vision_opencv/cv_bridge) by extensions ['ignore', 'ignore_ament_install']
[0.476s] Level 1:colcon.colcon_core.package_identification:_identify(src/vision_opencv/cv_bridge) by extension 'ignore'
[0.476s] Level 1:colcon.colcon_core.package_identification:_identify(src/vision_opencv/cv_bridge) by extension 'ignore_ament_install'
[0.476s] Level 1:colcon.colcon_core.package_identification:_identify(src/vision_opencv/cv_bridge) by extensions ['colcon_pkg']
[0.476s] Level 1:colcon.colcon_core.package_identification:_identify(src/vision_opencv/cv_bridge) by extension 'colcon_pkg'
[0.476s] Level 1:colcon.colcon_core.package_identification:_identify(src/vision_opencv/cv_bridge) by extensions ['colcon_meta']
[0.477s] Level 1:colcon.colcon_core.package_identification:_identify(src/vision_opencv/cv_bridge) by extension 'colcon_meta'
[0.477s] Level 1:colcon.colcon_core.package_identification:_identify(src/vision_opencv/cv_bridge) by extensions ['ros']
[0.477s] Level 1:colcon.colcon_core.package_identification:_identify(src/vision_opencv/cv_bridge) by extension 'ros'
[0.479s] DEBUG:colcon.colcon_core.package_identification:Package 'src/vision_opencv/cv_bridge' with type 'ros.ament_cmake' and name 'cv_bridge'
[0.479s] Level 1:colcon.colcon_core.package_identification:_identify(src/vision_opencv/image_geometry) by extensions ['ignore', 'ignore_ament_install']
[0.479s] Level 1:colcon.colcon_core.package_identification:_identify(src/vision_opencv/image_geometry) by extension 'ignore'
[0.479s] Level 1:colcon.colcon_core.package_identification:_identify(src/vision_opencv/image_geometry) by extension 'ignore_ament_install'
[0.479s] Level 1:colcon.colcon_core.package_identification:_identify(src/vision_opencv/image_geometry) by extensions ['colcon_pkg']
[0.479s] Level 1:colcon.colcon_core.package_identification:_identify(src/vision_opencv/image_geometry) by extension 'colcon_pkg'
[0.480s] Level 1:colcon.colcon_core.package_identification:_identify(src/vision_opencv/image_geometry) by extensions ['colcon_meta']
[0.480s] Level 1:colcon.colcon_core.package_identification:_identify(src/vision_opencv/image_geometry) by extension 'colcon_meta'
[0.480s] Level 1:colcon.colcon_core.package_identification:_identify(src/vision_opencv/image_geometry) by extensions ['ros']
[0.480s] Level 1:colcon.colcon_core.package_identification:_identify(src/vision_opencv/image_geometry) by extension 'ros'
[0.481s] DEBUG:colcon.colcon_core.package_identification:Package 'src/vision_opencv/image_geometry' with type 'ros.ament_cmake' and name 'image_geometry'
[0.481s] Level 1:colcon.colcon_core.package_identification:_identify(src/vision_opencv/opencv_tests) by extensions ['ignore', 'ignore_ament_install']
[0.482s] Level 1:colcon.colcon_core.package_identification:_identify(src/vision_opencv/opencv_tests) by extension 'ignore'
[0.482s] Level 1:colcon.colcon_core.package_identification:_identify(src/vision_opencv/opencv_tests) by extension 'ignore_ament_install'
[0.482s] Level 1:colcon.colcon_core.package_identification:_identify(src/vision_opencv/opencv_tests) by extensions ['colcon_pkg']
[0.482s] Level 1:colcon.colcon_core.package_identification:_identify(src/vision_opencv/opencv_tests) by extension 'colcon_pkg'
[0.482s] Level 1:colcon.colcon_core.package_identification:_identify(src/vision_opencv/opencv_tests) by extensions ['colcon_meta']
[0.482s] Level 1:colcon.colcon_core.package_identification:_identify(src/vision_opencv/opencv_tests) by extension 'colcon_meta'
[0.482s] Level 1:colcon.colcon_core.package_identification:_identify(src/vision_opencv/opencv_tests) by extensions ['ros']
[0.482s] Level 1:colcon.colcon_core.package_identification:_identify(src/vision_opencv/opencv_tests) by extension 'ros'
[0.483s] DEBUG:colcon.colcon_core.package_identification:Package 'src/vision_opencv/opencv_tests' with type 'ros.ament_python' and name 'opencv_tests'
[0.484s] Level 1:colcon.colcon_core.package_identification:_identify(src/vision_opencv/vision_opencv) by extensions ['ignore', 'ignore_ament_install']
[0.484s] Level 1:colcon.colcon_core.package_identification:_identify(src/vision_opencv/vision_opencv) by extension 'ignore'
[0.484s] Level 1:colcon.colcon_core.package_identification:_identify(src/vision_opencv/vision_opencv) by extension 'ignore_ament_install'
[0.484s] Level 1:colcon.colcon_core.package_identification:_identify(src/vision_opencv/vision_opencv) by extensions ['colcon_pkg']
[0.484s] Level 1:colcon.colcon_core.package_identification:_identify(src/vision_opencv/vision_opencv) by extension 'colcon_pkg'
[0.484s] Level 1:colcon.colcon_core.package_identification:_identify(src/vision_opencv/vision_opencv) by extensions ['colcon_meta']
[0.484s] Level 1:colcon.colcon_core.package_identification:_identify(src/vision_opencv/vision_opencv) by extension 'colcon_meta'
[0.484s] Level 1:colcon.colcon_core.package_identification:_identify(src/vision_opencv/vision_opencv) by extensions ['ros']
[0.485s] Level 1:colcon.colcon_core.package_identification:_identify(src/vision_opencv/vision_opencv) by extension 'ros'
[0.486s] DEBUG:colcon.colcon_core.package_identification:Package 'src/vision_opencv/vision_opencv' with type 'ros.ament_cmake' and name 'vision_opencv'
[0.486s] Level 1:colcon.colcon_core.package_identification:_identify(src/web_video_sever) by extensions ['ignore', 'ignore_ament_install']
[0.486s] Level 1:colcon.colcon_core.package_identification:_identify(src/web_video_sever) by extension 'ignore'
[0.486s] Level 1:colcon.colcon_core.package_identification:_identify(src/web_video_sever) by extension 'ignore_ament_install'
[0.487s] Level 1:colcon.colcon_core.package_identification:_identify(src/web_video_sever) by extensions ['colcon_pkg']
[0.487s] Level 1:colcon.colcon_core.package_identification:_identify(src/web_video_sever) by extension 'colcon_pkg'
[0.487s] Level 1:colcon.colcon_core.package_identification:_identify(src/web_video_sever) by extensions ['colcon_meta']
[0.487s] Level 1:colcon.colcon_core.package_identification:_identify(src/web_video_sever) by extension 'colcon_meta'
[0.487s] Level 1:colcon.colcon_core.package_identification:_identify(src/web_video_sever) by extensions ['ros']
[0.487s] Level 1:colcon.colcon_core.package_identification:_identify(src/web_video_sever) by extension 'ros'
[0.488s] DEBUG:colcon.colcon_core.package_identification:Package 'src/web_video_sever' with type 'ros.ament_cmake' and name 'web_video_server'
[0.489s] Level 1:colcon.colcon_core.package_identification:_identify(src/zed-ros2-wrapper) by extensions ['ignore', 'ignore_ament_install']
[0.489s] Level 1:colcon.colcon_core.package_identification:_identify(src/zed-ros2-wrapper) by extension 'ignore'
[0.489s] Level 1:colcon.colcon_core.package_identification:_identify(src/zed-ros2-wrapper) by extension 'ignore_ament_install'
[0.489s] Level 1:colcon.colcon_core.package_identification:_identify(src/zed-ros2-wrapper) by extensions ['colcon_pkg']
[0.489s] Level 1:colcon.colcon_core.package_identification:_identify(src/zed-ros2-wrapper) by extension 'colcon_pkg'
[0.489s] Level 1:colcon.colcon_core.package_identification:_identify(src/zed-ros2-wrapper) by extensions ['colcon_meta']
[0.489s] Level 1:colcon.colcon_core.package_identification:_identify(src/zed-ros2-wrapper) by extension 'colcon_meta'
[0.489s] Level 1:colcon.colcon_core.package_identification:_identify(src/zed-ros2-wrapper) by extensions ['ros']
[0.490s] Level 1:colcon.colcon_core.package_identification:_identify(src/zed-ros2-wrapper) by extension 'ros'
[0.490s] Level 1:colcon.colcon_core.package_identification:_identify(src/zed-ros2-wrapper) by extensions ['cmake', 'python']
[0.490s] Level 1:colcon.colcon_core.package_identification:_identify(src/zed-ros2-wrapper) by extension 'cmake'
[0.490s] Level 1:colcon.colcon_core.package_identification:_identify(src/zed-ros2-wrapper) by extension 'python'
[0.490s] Level 1:colcon.colcon_core.package_identification:_identify(src/zed-ros2-wrapper) by extensions ['python_setup_py']
[0.490s] Level 1:colcon.colcon_core.package_identification:_identify(src/zed-ros2-wrapper) by extension 'python_setup_py'
[0.490s] Level 1:colcon.colcon_core.package_identification:_identify(src/zed-ros2-wrapper/docker) by extensions ['ignore', 'ignore_ament_install']
[0.490s] Level 1:colcon.colcon_core.package_identification:_identify(src/zed-ros2-wrapper/docker) by extension 'ignore'
[0.491s] Level 1:colcon.colcon_core.package_identification:_identify(src/zed-ros2-wrapper/docker) by extension 'ignore_ament_install'
[0.491s] Level 1:colcon.colcon_core.package_identification:_identify(src/zed-ros2-wrapper/docker) by extensions ['colcon_pkg']
[0.491s] Level 1:colcon.colcon_core.package_identification:_identify(src/zed-ros2-wrapper/docker) by extension 'colcon_pkg'
[0.491s] Level 1:colcon.colcon_core.package_identification:_identify(src/zed-ros2-wrapper/docker) by extensions ['colcon_meta']
[0.491s] Level 1:colcon.colcon_core.package_identification:_identify(src/zed-ros2-wrapper/docker) by extension 'colcon_meta'
[0.491s] Level 1:colcon.colcon_core.package_identification:_identify(src/zed-ros2-wrapper/docker) by extensions ['ros']
[0.491s] Level 1:colcon.colcon_core.package_identification:_identify(src/zed-ros2-wrapper/docker) by extension 'ros'
[0.491s] Level 1:colcon.colcon_core.package_identification:_identify(src/zed-ros2-wrapper/docker) by extensions ['cmake', 'python']
[0.491s] Level 1:colcon.colcon_core.package_identification:_identify(src/zed-ros2-wrapper/docker) by extension 'cmake'
[0.492s] Level 1:colcon.colcon_core.package_identification:_identify(src/zed-ros2-wrapper/docker) by extension 'python'
[0.492s] Level 1:colcon.colcon_core.package_identification:_identify(src/zed-ros2-wrapper/docker) by extensions ['python_setup_py']
[0.492s] Level 1:colcon.colcon_core.package_identification:_identify(src/zed-ros2-wrapper/docker) by extension 'python_setup_py'
[0.492s] Level 1:colcon.colcon_core.package_identification:_identify(src/zed-ros2-wrapper/images) by extensions ['ignore', 'ignore_ament_install']
[0.492s] Level 1:colcon.colcon_core.package_identification:_identify(src/zed-ros2-wrapper/images) by extension 'ignore'
[0.492s] Level 1:colcon.colcon_core.package_identification:_identify(src/zed-ros2-wrapper/images) by extension 'ignore_ament_install'
[0.492s] Level 1:colcon.colcon_core.package_identification:_identify(src/zed-ros2-wrapper/images) by extensions ['colcon_pkg']
[0.492s] Level 1:colcon.colcon_core.package_identification:_identify(src/zed-ros2-wrapper/images) by extension 'colcon_pkg'
[0.492s] Level 1:colcon.colcon_core.package_identification:_identify(src/zed-ros2-wrapper/images) by extensions ['colcon_meta']
[0.493s] Level 1:colcon.colcon_core.package_identification:_identify(src/zed-ros2-wrapper/images) by extension 'colcon_meta'
[0.493s] Level 1:colcon.colcon_core.package_identification:_identify(src/zed-ros2-wrapper/images) by extensions ['ros']
[0.493s] Level 1:colcon.colcon_core.package_identification:_identify(src/zed-ros2-wrapper/images) by extension 'ros'
[0.493s] Level 1:colcon.colcon_core.package_identification:_identify(src/zed-ros2-wrapper/images) by extensions ['cmake', 'python']
[0.493s] Level 1:colcon.colcon_core.package_identification:_identify(src/zed-ros2-wrapper/images) by extension 'cmake'
[0.493s] Level 1:colcon.colcon_core.package_identification:_identify(src/zed-ros2-wrapper/images) by extension 'python'
[0.493s] Level 1:colcon.colcon_core.package_identification:_identify(src/zed-ros2-wrapper/images) by extensions ['python_setup_py']
[0.493s] Level 1:colcon.colcon_core.package_identification:_identify(src/zed-ros2-wrapper/images) by extension 'python_setup_py'
[0.493s] Level 1:colcon.colcon_core.package_identification:_identify(src/zed-ros2-wrapper/zed_components) by extensions ['ignore', 'ignore_ament_install']
[0.494s] Level 1:colcon.colcon_core.package_identification:_identify(src/zed-ros2-wrapper/zed_components) by extension 'ignore'
[0.494s] Level 1:colcon.colcon_core.package_identification:_identify(src/zed-ros2-wrapper/zed_components) by extension 'ignore_ament_install'
[0.494s] Level 1:colcon.colcon_core.package_identification:_identify(src/zed-ros2-wrapper/zed_components) by extensions ['colcon_pkg']
[0.494s] Level 1:colcon.colcon_core.package_identification:_identify(src/zed-ros2-wrapper/zed_components) by extension 'colcon_pkg'
[0.494s] Level 1:colcon.colcon_core.package_identification:_identify(src/zed-ros2-wrapper/zed_components) by extensions ['colcon_meta']
[0.494s] Level 1:colcon.colcon_core.package_identification:_identify(src/zed-ros2-wrapper/zed_components) by extension 'colcon_meta'
[0.494s] Level 1:colcon.colcon_core.package_identification:_identify(src/zed-ros2-wrapper/zed_components) by extensions ['ros']
[0.494s] Level 1:colcon.colcon_core.package_identification:_identify(src/zed-ros2-wrapper/zed_components) by extension 'ros'
[0.497s] DEBUG:colcon.colcon_core.package_identification:Package 'src/zed-ros2-wrapper/zed_components' with type 'ros.ament_cmake' and name 'zed_components'
[0.497s] Level 1:colcon.colcon_core.package_identification:_identify(src/zed-ros2-wrapper/zed_ros2) by extensions ['ignore', 'ignore_ament_install']
[0.497s] Level 1:colcon.colcon_core.package_identification:_identify(src/zed-ros2-wrapper/zed_ros2) by extension 'ignore'
[0.497s] Level 1:colcon.colcon_core.package_identification:_identify(src/zed-ros2-wrapper/zed_ros2) by extension 'ignore_ament_install'
[0.497s] Level 1:colcon.colcon_core.package_identification:_identify(src/zed-ros2-wrapper/zed_ros2) by extensions ['colcon_pkg']
[0.497s] Level 1:colcon.colcon_core.package_identification:_identify(src/zed-ros2-wrapper/zed_ros2) by extension 'colcon_pkg'
[0.498s] Level 1:colcon.colcon_core.package_identification:_identify(src/zed-ros2-wrapper/zed_ros2) by extensions ['colcon_meta']
[0.498s] Level 1:colcon.colcon_core.package_identification:_identify(src/zed-ros2-wrapper/zed_ros2) by extension 'colcon_meta'
[0.498s] Level 1:colcon.colcon_core.package_identification:_identify(src/zed-ros2-wrapper/zed_ros2) by extensions ['ros']
[0.498s] Level 1:colcon.colcon_core.package_identification:_identify(src/zed-ros2-wrapper/zed_ros2) by extension 'ros'
[0.499s] DEBUG:colcon.colcon_core.package_identification:Package 'src/zed-ros2-wrapper/zed_ros2' with type 'ros.ament_cmake' and name 'zed_ros2'
[0.499s] Level 1:colcon.colcon_core.package_identification:_identify(src/zed-ros2-wrapper/zed_wrapper) by extensions ['ignore', 'ignore_ament_install']
[0.500s] Level 1:colcon.colcon_core.package_identification:_identify(src/zed-ros2-wrapper/zed_wrapper) by extension 'ignore'
[0.500s] Level 1:colcon.colcon_core.package_identification:_identify(src/zed-ros2-wrapper/zed_wrapper) by extension 'ignore_ament_install'
[0.500s] Level 1:colcon.colcon_core.package_identification:_identify(src/zed-ros2-wrapper/zed_wrapper) by extensions ['colcon_pkg']
[0.500s] Level 1:colcon.colcon_core.package_identification:_identify(src/zed-ros2-wrapper/zed_wrapper) by extension 'colcon_pkg'
[0.500s] Level 1:colcon.colcon_core.package_identification:_identify(src/zed-ros2-wrapper/zed_wrapper) by extensions ['colcon_meta']
[0.500s] Level 1:colcon.colcon_core.package_identification:_identify(src/zed-ros2-wrapper/zed_wrapper) by extension 'colcon_meta'
[0.500s] Level 1:colcon.colcon_core.package_identification:_identify(src/zed-ros2-wrapper/zed_wrapper) by extensions ['ros']
[0.500s] Level 1:colcon.colcon_core.package_identification:_identify(src/zed-ros2-wrapper/zed_wrapper) by extension 'ros'
[0.502s] DEBUG:colcon.colcon_core.package_identification:Package 'src/zed-ros2-wrapper/zed_wrapper' with type 'ros.ament_cmake' and name 'zed_wrapper'
[0.502s] Level 1:colcon.colcon_core.package_discovery:discover_packages(recursive) using defaults
[0.502s] Level 1:colcon.colcon_core.package_discovery:discover_packages(ignore) discover
[0.502s] Level 1:colcon.colcon_core.package_discovery:discover_packages(ignore) using defaults
[0.502s] Level 1:colcon.colcon_core.package_discovery:discover_packages(path) discover
[0.502s] Level 1:colcon.colcon_core.package_discovery:discover_packages(path) using defaults
[0.564s] INFO:colcon.colcon_core.package_selection:Skipping not selected package 'image_geometry' in 'src/vision_opencv/image_geometry'
[0.565s] INFO:colcon.colcon_core.package_selection:Skipping not selected package 'imageprocess' in 'src/imageprocess'
[0.565s] INFO:colcon.colcon_core.package_selection:Skipping not selected package 'motionpackage' in 'src/motionpackage'
[0.565s] INFO:colcon.colcon_core.package_selection:Skipping not selected package 'rosidl_cli' in 'src/rosidl/rosidl_cli'
[0.565s] INFO:colcon.colcon_core.package_selection:Skipping not selected package 'rosidl_typesupport_interface' in 'src/rosidl/rosidl_typesupport_interface'
[0.565s] INFO:colcon.colcon_core.package_selection:Skipping not selected package 'strategy' in 'src/strategy'
[0.565s] INFO:colcon.colcon_core.package_selection:Skipping not selected package 'tku_msgs' in 'src/tku_msgs'
[0.565s] INFO:colcon.colcon_core.package_selection:Skipping not selected package 'zed_components' in 'src/zed-ros2-wrapper/zed_components'
[0.565s] INFO:colcon.colcon_core.package_selection:Skipping not selected package 'opencv_tests' in 'src/vision_opencv/opencv_tests'
[0.565s] INFO:colcon.colcon_core.package_selection:Skipping not selected package 'rosidl_adapter' in 'src/rosidl/rosidl_adapter'
[0.565s] INFO:colcon.colcon_core.package_selection:Skipping not selected package 'rosidl_runtime_c' in 'src/rosidl/rosidl_runtime_c'
[0.565s] INFO:colcon.colcon_core.package_selection:Skipping not selected package 'usb_cam' in 'src/usb_cam'
[0.565s] INFO:colcon.colcon_core.package_selection:Skipping not selected package 'vision_opencv' in 'src/vision_opencv/vision_opencv'
[0.565s] INFO:colcon.colcon_core.package_selection:Skipping not selected package 'web_video_server' in 'src/web_video_sever'
[0.565s] INFO:colcon.colcon_core.package_selection:Skipping not selected package 'zed_wrapper' in 'src/zed-ros2-wrapper/zed_wrapper'
[0.566s] INFO:colcon.colcon_core.package_selection:Skipping not selected package 'rosidl_parser' in 'src/rosidl/rosidl_parser'
[0.566s] INFO:colcon.colcon_core.package_selection:Skipping not selected package 'rosidl_runtime_cpp' in 'src/rosidl/rosidl_runtime_cpp'
[0.566s] INFO:colcon.colcon_core.package_selection:Skipping not selected package 'zed_ros2' in 'src/zed-ros2-wrapper/zed_ros2'
[0.566s] INFO:colcon.colcon_core.package_selection:Skipping not selected package 'rosidl_cmake' in 'src/rosidl/rosidl_cmake'
[0.566s] INFO:colcon.colcon_core.package_selection:Skipping not selected package 'rosidl_generator_c' in 'src/rosidl/rosidl_generator_c'
[0.566s] INFO:colcon.colcon_core.package_selection:Skipping not selected package 'rosidl_typesupport_introspection_c' in 'src/rosidl/rosidl_typesupport_introspection_c'
[0.566s] INFO:colcon.colcon_core.package_selection:Skipping not selected package 'rosidl_generator_cpp' in 'src/rosidl/rosidl_generator_cpp'
[0.566s] INFO:colcon.colcon_core.package_selection:Skipping not selected package 'rosidl_typesupport_introspection_cpp' in 'src/rosidl/rosidl_typesupport_introspection_cpp'
[0.566s] INFO:colcon.colcon_core.package_selection:Skipping not selected package 'rosidl_typesupport_introspection_tests' in 'src/rosidl/rosidl_typesupport_introspection_tests'
[0.567s] Level 5:colcon.colcon_core.verb:set package 'cv_bridge' build argument 'cmake_args' from command line to 'None'
[0.567s] Level 5:colcon.colcon_core.verb:set package 'cv_bridge' build argument 'cmake_target' from command line to 'None'
[0.567s] Level 5:colcon.colcon_core.verb:set package 'cv_bridge' build argument 'cmake_target_skip_unavailable' from command line to 'False'
[0.567s] Level 5:colcon.colcon_core.verb:set package 'cv_bridge' build argument 'cmake_clean_cache' from command line to 'False'
[0.567s] Level 5:colcon.colcon_core.verb:set package 'cv_bridge' build argument 'cmake_clean_first' from command line to 'False'
[0.567s] Level 5:colcon.colcon_core.verb:set package 'cv_bridge' build argument 'cmake_force_configure' from command line to 'False'
[0.567s] Level 5:colcon.colcon_core.verb:set package 'cv_bridge' build argument 'ament_cmake_args' from command line to 'None'
[0.567s] Level 5:colcon.colcon_core.verb:set package 'cv_bridge' build argument 'catkin_cmake_args' from command line to 'None'
[0.567s] Level 5:colcon.colcon_core.verb:set package 'cv_bridge' build argument 'catkin_skip_building_tests' from command line to 'False'
[0.568s] DEBUG:colcon.colcon_core.verb:Building package 'cv_bridge' with the following arguments: {'ament_cmake_args': None, 'build_base': '/workspace/towen/build/cv_bridge', 'catkin_cmake_args': None, 'catkin_skip_building_tests': False, 'cmake_args': None, 'cmake_clean_cache': False, 'cmake_clean_first': False, 'cmake_force_configure': False, 'cmake_target': None, 'cmake_target_skip_unavailable': False, 'install_base': '/workspace/towen/install/cv_bridge', 'merge_install': False, 'path': '/workspace/towen/src/vision_opencv/cv_bridge', 'symlink_install': True, 'test_result_base': None}
[0.568s] INFO:colcon.colcon_core.executor:Executing jobs using 'parallel' executor
[0.571s] DEBUG:colcon.colcon_parallel_executor.executor.parallel:run_until_complete
[0.571s] INFO:colcon.colcon_ros.task.ament_cmake.build:Building ROS package in '/workspace/towen/src/vision_opencv/cv_bridge' with build type 'ament_cmake'
[0.572s] INFO:colcon.colcon_cmake.task.cmake.build:Building CMake package in '/workspace/towen/src/vision_opencv/cv_bridge'
[0.579s] INFO:colcon.colcon_core.plugin_system:Skipping extension 'colcon_core.shell.bat': Not used on non-Windows systems
[0.579s] INFO:colcon.colcon_core.shell:Skip shell extension 'powershell' for command environment: Not usable outside of PowerShell
[0.580s] DEBUG:colcon.colcon_core.shell:Skip shell extension 'dsv' for command environment
[0.584s] WARNING:colcon.colcon_ros.prefix_path.ament:The path '/workspace/towen/install/cv_bridge' in the environment variable AMENT_PREFIX_PATH doesn't exist
[0.585s] WARNING:colcon.colcon_ros.prefix_path.catkin:The path '/workspace/towen/install/cv_bridge' in the environment variable CMAKE_PREFIX_PATH doesn't exist
[0.618s] DEBUG:colcon.colcon_core.event_handler.log_command:Invoking command in '/workspace/towen/build/cv_bridge': BYOBU_DATE=%Y-%m-%d CMAKE_PREFIX_PATH=${CMAKE_PREFIX_PATH}:/workspace/towen/install/strategy:/workspace/towen/install/rosidl_cli:/workspace/towen/install/opencv_tests:/workspace/towen/install/motionpackage:/workspace/towen/install/imageprocess:/opt/ros/humble /usr/local/bin/cmake /workspace/towen/src/vision_opencv/cv_bridge -DAMENT_CMAKE_SYMLINK_INSTALL=1 -DCMAKE_INSTALL_PREFIX=/workspace/towen/install/cv_bridge
[8.046s] DEBUG:colcon.colcon_core.event_handler.log_command:Invoked command in '/workspace/towen/build/cv_bridge' returned '0': BYOBU_DATE=%Y-%m-%d CMAKE_PREFIX_PATH=${CMAKE_PREFIX_PATH}:/workspace/towen/install/strategy:/workspace/towen/install/rosidl_cli:/workspace/towen/install/opencv_tests:/workspace/towen/install/motionpackage:/workspace/towen/install/imageprocess:/opt/ros/humble /usr/local/bin/cmake /workspace/towen/src/vision_opencv/cv_bridge -DAMENT_CMAKE_SYMLINK_INSTALL=1 -DCMAKE_INSTALL_PREFIX=/workspace/towen/install/cv_bridge
[8.053s] DEBUG:colcon.colcon_core.event_handler.log_command:Invoking command in '/workspace/towen/build/cv_bridge': BYOBU_DATE=%Y-%m-%d CMAKE_PREFIX_PATH=${CMAKE_PREFIX_PATH}:/workspace/towen/install/strategy:/workspace/towen/install/rosidl_cli:/workspace/towen/install/opencv_tests:/workspace/towen/install/motionpackage:/workspace/towen/install/imageprocess:/opt/ros/humble /usr/local/bin/cmake --build /workspace/towen/build/cv_bridge -- -j6 -l6
[28.687s] DEBUG:colcon.colcon_core.event_handler.log_command:Invoked command in '/workspace/towen/build/cv_bridge' returned '0': BYOBU_DATE=%Y-%m-%d CMAKE_PREFIX_PATH=${CMAKE_PREFIX_PATH}:/workspace/towen/install/strategy:/workspace/towen/install/rosidl_cli:/workspace/towen/install/opencv_tests:/workspace/towen/install/motionpackage:/workspace/towen/install/imageprocess:/opt/ros/humble /usr/local/bin/cmake --build /workspace/towen/build/cv_bridge -- -j6 -l6
[29.183s] DEBUG:colcon.colcon_core.event_handler.log_command:Invoking command in '/workspace/towen/build/cv_bridge': BYOBU_DATE=%Y-%m-%d CMAKE_PREFIX_PATH=${CMAKE_PREFIX_PATH}:/workspace/towen/install/strategy:/workspace/towen/install/rosidl_cli:/workspace/towen/install/opencv_tests:/workspace/towen/install/motionpackage:/workspace/towen/install/imageprocess:/opt/ros/humble /usr/local/bin/cmake --install /workspace/towen/build/cv_bridge
[29.779s] Level 1:colcon.colcon_core.environment:create_environment_scripts_only(cv_bridge)
[29.781s] DEBUG:colcon.colcon_core.event_handler.log_command:Invoked command in '/workspace/towen/build/cv_bridge' returned '0': BYOBU_DATE=%Y-%m-%d CMAKE_PREFIX_PATH=${CMAKE_PREFIX_PATH}:/workspace/towen/install/strategy:/workspace/towen/install/rosidl_cli:/workspace/towen/install/opencv_tests:/workspace/towen/install/motionpackage:/workspace/towen/install/imageprocess:/opt/ros/humble /usr/local/bin/cmake --install /workspace/towen/build/cv_bridge
[29.788s] Level 1:colcon.colcon_core.environment:checking '/workspace/towen/install/cv_bridge' for CMake module files
[29.790s] Level 1:colcon.colcon_core.environment:checking '/workspace/towen/install/cv_bridge' for CMake config files
[29.792s] Level 1:colcon.colcon_core.shell:create_environment_hook('cv_bridge', 'cmake_prefix_path')
[29.793s] INFO:colcon.colcon_core.shell:Creating environment hook '/workspace/towen/install/cv_bridge/share/cv_bridge/hook/cmake_prefix_path.ps1'
[29.796s] INFO:colcon.colcon_core.shell:Creating environment descriptor '/workspace/towen/install/cv_bridge/share/cv_bridge/hook/cmake_prefix_path.dsv'
[29.797s] INFO:colcon.colcon_core.shell:Creating environment hook '/workspace/towen/install/cv_bridge/share/cv_bridge/hook/cmake_prefix_path.sh'
[29.801s] Level 1:colcon.colcon_core.environment:checking '/workspace/towen/install/cv_bridge/lib'
[29.802s] Level 1:colcon.colcon_core.shell:create_environment_hook('cv_bridge', 'ld_library_path_lib')
[29.803s] INFO:colcon.colcon_core.shell:Creating environment hook '/workspace/towen/install/cv_bridge/share/cv_bridge/hook/ld_library_path_lib.ps1'
[29.805s] INFO:colcon.colcon_core.shell:Creating environment descriptor '/workspace/towen/install/cv_bridge/share/cv_bridge/hook/ld_library_path_lib.dsv'
[29.806s] INFO:colcon.colcon_core.shell:Creating environment hook '/workspace/towen/install/cv_bridge/share/cv_bridge/hook/ld_library_path_lib.sh'
[29.807s] Level 1:colcon.colcon_core.environment:checking '/workspace/towen/install/cv_bridge/bin'
[29.808s] Level 1:colcon.colcon_core.environment:checking '/workspace/towen/install/cv_bridge/lib/pkgconfig/cv_bridge.pc'
[29.814s] Level 1:colcon.colcon_core.environment:checking '/workspace/towen/install/cv_bridge/lib/python3.10/site-packages'
[29.815s] Level 1:colcon.colcon_core.environment:checking '/workspace/towen/install/cv_bridge/bin'
[29.816s] INFO:colcon.colcon_core.shell:Creating package script '/workspace/towen/install/cv_bridge/share/cv_bridge/package.ps1'
[29.819s] INFO:colcon.colcon_core.shell:Creating package descriptor '/workspace/towen/install/cv_bridge/share/cv_bridge/package.dsv'
[29.821s] INFO:colcon.colcon_core.shell:Creating package script '/workspace/towen/install/cv_bridge/share/cv_bridge/package.sh'
[29.824s] INFO:colcon.colcon_core.shell:Creating package script '/workspace/towen/install/cv_bridge/share/cv_bridge/package.bash'
[29.825s] INFO:colcon.colcon_core.shell:Creating package script '/workspace/towen/install/cv_bridge/share/cv_bridge/package.zsh'
[29.827s] Level 1:colcon.colcon_core.environment:create_file_with_runtime_dependencies(/workspace/towen/install/cv_bridge/share/colcon-core/packages/cv_bridge)
[30.101s] Level 1:colcon.colcon_core.environment:create_environment_scripts_only(cv_bridge)
[30.102s] Level 1:colcon.colcon_core.environment:checking '/workspace/towen/install/cv_bridge' for CMake module files
[30.103s] Level 1:colcon.colcon_core.environment:checking '/workspace/towen/install/cv_bridge' for CMake config files
[30.105s] Level 1:colcon.colcon_core.shell:create_environment_hook('cv_bridge', 'cmake_prefix_path')
[30.105s] INFO:colcon.colcon_core.shell:Creating environment hook '/workspace/towen/install/cv_bridge/share/cv_bridge/hook/cmake_prefix_path.ps1'
[30.107s] INFO:colcon.colcon_core.shell:Creating environment descriptor '/workspace/towen/install/cv_bridge/share/cv_bridge/hook/cmake_prefix_path.dsv'
[30.108s] INFO:colcon.colcon_core.shell:Creating environment hook '/workspace/towen/install/cv_bridge/share/cv_bridge/hook/cmake_prefix_path.sh'
[30.110s] Level 1:colcon.colcon_core.environment:checking '/workspace/towen/install/cv_bridge/lib'
[30.110s] Level 1:colcon.colcon_core.shell:create_environment_hook('cv_bridge', 'ld_library_path_lib')
[30.111s] INFO:colcon.colcon_core.shell:Creating environment hook '/workspace/towen/install/cv_bridge/share/cv_bridge/hook/ld_library_path_lib.ps1'
[30.112s] INFO:colcon.colcon_core.shell:Creating environment descriptor '/workspace/towen/install/cv_bridge/share/cv_bridge/hook/ld_library_path_lib.dsv'
[30.113s] INFO:colcon.colcon_core.shell:Creating environment hook '/workspace/towen/install/cv_bridge/share/cv_bridge/hook/ld_library_path_lib.sh'
[30.114s] Level 1:colcon.colcon_core.environment:checking '/workspace/towen/install/cv_bridge/bin'
[30.114s] Level 1:colcon.colcon_core.environment:checking '/workspace/towen/install/cv_bridge/lib/pkgconfig/cv_bridge.pc'
[30.115s] Level 1:colcon.colcon_core.environment:checking '/workspace/towen/install/cv_bridge/lib/python3.10/site-packages'
[30.116s] Level 1:colcon.colcon_core.environment:checking '/workspace/towen/install/cv_bridge/bin'
[30.117s] INFO:colcon.colcon_core.shell:Creating package script '/workspace/towen/install/cv_bridge/share/cv_bridge/package.ps1'
[30.120s] INFO:colcon.colcon_core.shell:Creating package descriptor '/workspace/towen/install/cv_bridge/share/cv_bridge/package.dsv'
[30.123s] INFO:colcon.colcon_core.shell:Creating package script '/workspace/towen/install/cv_bridge/share/cv_bridge/package.sh'
[30.124s] INFO:colcon.colcon_core.shell:Creating package script '/workspace/towen/install/cv_bridge/share/cv_bridge/package.bash'
[30.126s] INFO:colcon.colcon_core.shell:Creating package script '/workspace/towen/install/cv_bridge/share/cv_bridge/package.zsh'
[30.128s] Level 1:colcon.colcon_core.environment:create_file_with_runtime_dependencies(/workspace/towen/install/cv_bridge/share/colcon-core/packages/cv_bridge)
[30.129s] DEBUG:colcon.colcon_parallel_executor.executor.parallel:closing loop
[30.131s] DEBUG:colcon.colcon_parallel_executor.executor.parallel:loop closed
[30.132s] DEBUG:colcon.colcon_parallel_executor.executor.parallel:run_until_complete finished with '0'
[30.132s] DEBUG:colcon.colcon_core.event_reactor:joining thread
[30.155s] INFO:colcon.colcon_core.plugin_system:Skipping extension 'colcon_notification.desktop_notification.notify_send': Could not find 'notify-send'
[30.156s] INFO:colcon.colcon_core.plugin_system:Skipping extension 'colcon_notification.desktop_notification.terminal_notifier': Not used on non-Darwin systems
[30.156s] INFO:colcon.colcon_core.plugin_system:Skipping extension 'colcon_notification.desktop_notification.win32': Not used on non-Windows systems
[30.156s] INFO:colcon.colcon_notification.desktop_notification:Sending desktop notification using 'notify2'
[30.164s] DEBUG:colcon.colcon_notification.desktop_notification.notify2:Failed to initialize notify2: org.freedesktop.DBus.Error.Spawn.ExecFailed: /usr/bin/dbus-launch terminated abnormally without any error message
[30.165s] DEBUG:colcon.colcon_core.event_reactor:joined thread
[30.167s] INFO:colcon.colcon_core.shell:Creating prefix script '/workspace/towen/install/local_setup.ps1'
[30.171s] INFO:colcon.colcon_core.shell:Creating prefix util module '/workspace/towen/install/_local_setup_util_ps1.py'
[30.175s] INFO:colcon.colcon_core.shell:Creating prefix chain script '/workspace/towen/install/setup.ps1'
[30.182s] INFO:colcon.colcon_core.shell:Creating prefix script '/workspace/towen/install/local_setup.sh'
[30.184s] INFO:colcon.colcon_core.shell:Creating prefix util module '/workspace/towen/install/_local_setup_util_sh.py'
[30.186s] INFO:colcon.colcon_core.shell:Creating prefix chain script '/workspace/towen/install/setup.sh'
[30.192s] INFO:colcon.colcon_core.shell:Creating prefix script '/workspace/towen/install/local_setup.bash'
[30.193s] INFO:colcon.colcon_core.shell:Creating prefix chain script '/workspace/towen/install/setup.bash'
[30.199s] INFO:colcon.colcon_core.shell:Creating prefix script '/workspace/towen/install/local_setup.zsh'
[30.200s] INFO:colcon.colcon_core.shell:Creating prefix chain script '/workspace/towen/install/setup.zsh'
