[3.665s] Invoking command in '/home/iclab/Desktop/humanoid/src/motionpackage': BYOBU_DATE=%Y-%m-%d PYTHONPATH=/home/iclab/Desktop/humanoid/build/motionpackage/prefix_override:/usr/lib/python3/dist-packages/colcon_core/task/python/colcon_distutils_commands:/home/iclab/Desktop/humanoid/install/motionpackage/lib/python3.10/site-packages:${PYTHONPATH} /usr/bin/python3 -W ignore:setup.py install is deprecated -W ignore:easy_install command is deprecated setup.py egg_info --egg-base ../../build/motionpackage build --build-base /home/iclab/Desktop/humanoid/build/motionpackage/build install --record /home/iclab/Desktop/humanoid/build/motionpackage/install.log --single-version-externally-managed install_data
[4.653s] running egg_info
[4.656s] writing ../../build/motionpackage/motionpackage.egg-info/PKG-INFO
[4.656s] writing dependency_links to ../../build/motionpackage/motionpackage.egg-info/dependency_links.txt
[4.657s] writing entry points to ../../build/motionpackage/motionpackage.egg-info/entry_points.txt
[4.657s] writing requirements to ../../build/motionpackage/motionpackage.egg-info/requires.txt
[4.657s] writing top-level names to ../../build/motionpackage/motionpackage.egg-info/top_level.txt
[4.677s] reading manifest file '../../build/motionpackage/motionpackage.egg-info/SOURCES.txt'
[4.687s] writing manifest file '../../build/motionpackage/motionpackage.egg-info/SOURCES.txt'
[4.687s] running build
[4.688s] running build_py
[4.689s] running install
[4.693s] running install_lib
[4.706s] running install_data
[4.707s] running install_egg_info
[4.711s] removing '/home/iclab/Desktop/humanoid/install/motionpackage/lib/python3.10/site-packages/motionpackage-0.0.0-py3.10.egg-info' (and everything under it)
[4.712s] Copying ../../build/motionpackage/motionpackage.egg-info to /home/iclab/Desktop/humanoid/install/motionpackage/lib/python3.10/site-packages/motionpackage-0.0.0-py3.10.egg-info
[4.718s] running install_scripts
[4.772s] Installing motionpackage script to /home/iclab/Desktop/humanoid/install/motionpackage/lib/motionpackage
[4.774s] writing list of installed files to '/home/iclab/Desktop/humanoid/build/motionpackage/install.log'
[4.882s] Invoked command in '/home/iclab/Desktop/humanoid/src/motionpackage' returned '0': BYOBU_DATE=%Y-%m-%d PYTHONPATH=/home/iclab/Desktop/humanoid/build/motionpackage/prefix_override:/usr/lib/python3/dist-packages/colcon_core/task/python/colcon_distutils_commands:/home/iclab/Desktop/humanoid/install/motionpackage/lib/python3.10/site-packages:${PYTHONPATH} /usr/bin/python3 -W ignore:setup.py install is deprecated -W ignore:easy_install command is deprecated setup.py egg_info --egg-base ../../build/motionpackage build --build-base /home/iclab/Desktop/humanoid/build/motionpackage/build install --record /home/iclab/Desktop/humanoid/build/motionpackage/install.log --single-version-externally-managed install_data
