-- The C compiler identification is GNU 11.4.0
-- The CXX compiler identification is GNU 11.4.0
-- Detecting C compiler ABI info
-- Detecting C compiler ABI info - done
-- Check for working C compiler: /usr/bin/cc - skipped
-- Detecting C compile features
-- Detecting C compile features - done
-- Detecting CXX compiler ABI info
-- Detecting CXX compiler ABI info - done
-- Check for working CXX compiler: /usr/bin/c++ - skipped
-- Detecting CXX compile features
-- Detecting CXX compile features - done
-- Found ament_cmake_ros: 0.10.0 (/opt/ros/humble/install/share/ament_cmake_ros/cmake)
-- Found Python3: /usr/local/bin/python3 (found version "3.10.12") found components: Interpreter
-- Found async_web_server_cpp: 2.0.0 (/opt/ros/humble/share/async_web_server_cpp/cmake)
[33mCMake Warning (dev) at /usr/local/lib/python3.10/dist-packages/cmake/data/share/cmake-3.30/Modules/CMakeFindDependencyMacro.cmake:76 (find_package):
  Policy CMP0167 is not set: The FindBoost module is removed.  Run "cmake
  --help-policy CMP0167" for policy details.  Use the cmake_policy command to
  set the policy and suppress this warning.

Call Stack (most recent call first):
  /opt/ros/humble/share/async_web_server_cpp/cmake/find_dependencies.cmake:2 (find_dependency)
  /opt/ros/humble/share/async_web_server_cpp/cmake/async_web_server_cppConfig.cmake:41 (include)
  CMakeLists.txt:6 (find_package)
This warning is for project developers.  Use -Wno-dev to suppress it.
[0m
-- Found Boost: /usr/lib/aarch64-linux-gnu/cmake/Boost-1.74.0/BoostConfig.cmake (found suitable version "1.74.0", minimum required is "1.74.0") found components: filesystem regex thread
-- Found cv_bridge: 3.2.1 (/workspace/towen/install/cv_bridge/share/cv_bridge/cmake)
-- Found rosidl_generator_c: 3.1.5 (/opt/ros/humble/install/share/rosidl_generator_c/cmake)
-- Found rosidl_adapter: 3.1.5 (/opt/ros/humble/install/share/rosidl_adapter/cmake)
-- Found rosidl_generator_cpp: 3.1.5 (/opt/ros/humble/install/share/rosidl_generator_cpp/cmake)
-- Using all available rosidl_typesupport_c: rosidl_typesupport_fastrtps_c;rosidl_typesupport_introspection_c
-- Using all available rosidl_typesupport_cpp: rosidl_typesupport_fastrtps_cpp;rosidl_typesupport_introspection_cpp
-- Found image_transport: 3.1.9 (/opt/ros/humble/install/share/image_transport/cmake)
-- Found rmw_implementation_cmake: 6.1.2 (/opt/ros/humble/install/share/rmw_implementation_cmake/cmake)
-- Found rmw_fastrtps_cpp: 6.2.7 (/opt/ros/humble/install/share/rmw_fastrtps_cpp/cmake)
-- Found OpenSSL: /usr/lib/aarch64-linux-gnu/libcrypto.so (found version "3.0.2")
-- Found FastRTPS: /opt/ros/humble/install/include
-- Using RMW implementation 'rmw_fastrtps_cpp' as default
-- Found Threads: TRUE
-- Found OpenCV: /usr (found version "4.5.4")
[33mCMake Warning (dev) at CMakeLists.txt:13 (find_package):
  Policy CMP0167 is not set: The FindBoost module is removed.  Run "cmake
  --help-policy CMP0167" for policy details.  Use the cmake_policy command to
  set the policy and suppress this warning.

This warning is for project developers.  Use -Wno-dev to suppress it.
[0m
-- Found Boost: /usr/lib/aarch64-linux-gnu/cmake/Boost-1.74.0/BoostConfig.cmake (found version "1.74.0") found components: thread
-- Found PkgConfig: /usr/bin/pkg-config (found version "0.29.2")
-- Checking for module 'libavcodec'
--   Found libavcodec, version 58.134.100
-- Checking for module 'libavformat'
--   Found libavformat, version 58.76.100
-- Checking for module 'libavutil'
--   Found libavutil, version 56.70.100
-- Checking for module 'libswscale'
--   Found libswscale, version 5.9.100
-- Configuring done (4.2s)
[33mCMake Warning at CMakeLists.txt:43 (add_executable):
  Cannot generate a safe runtime search path for target web_video_server
  because there is a cycle in the constraint graph:

    dir 0 is [/opt/ros/humble/lib]
      dir 1 must precede it due to runtime library [libcv_bridge.so]
      dir 2 must precede it due to runtime library [libimage_transport.so]
    dir 1 is [/workspace/towen/install/cv_bridge/lib]
    dir 2 is [/opt/ros/humble/install/lib]
      dir 1 must precede it due to runtime library [libcv_bridge.so]

  Some of these libraries may not be found correctly.

[0m
-- Generating done (0.1s)
-- Build files have been written to: /workspace/towen/build/web_video_server
[  9%] [32mBuilding CXX object CMakeFiles/web_video_server.dir/src/web_video_server.cpp.o[0m
[ 18%] [32mBuilding CXX object CMakeFiles/web_video_server.dir/src/libav_streamer.cpp.o[0m
[ 36%] [32mBuilding CXX object CMakeFiles/web_video_server.dir/src/image_streamer.cpp.o[0m
[ 36%] [32mBuilding CXX object CMakeFiles/web_video_server.dir/src/vp8_streamer.cpp.o[0m
[ 45%] [32mBuilding CXX object CMakeFiles/web_video_server.dir/src/h264_streamer.cpp.o[0m
[ 54%] [32mBuilding CXX object CMakeFiles/web_video_server.dir/src/vp9_streamer.cpp.o[0m
[ 63%] [32mBuilding CXX object CMakeFiles/web_video_server.dir/src/multipart_stream.cpp.o[0m
[ 72%] [32mBuilding CXX object CMakeFiles/web_video_server.dir/src/ros_compressed_streamer.cpp.o[0m
[ 81%] [32mBuilding CXX object CMakeFiles/web_video_server.dir/src/jpeg_streamers.cpp.o[0m
[ 90%] [32mBuilding CXX object CMakeFiles/web_video_server.dir/src/png_streamers.cpp.o[0m
[100%] [32m[1mLinking CXX executable web_video_server[0m
[100%] Built target web_video_server
