[0.068s] Invoking command in '/workspace/towen/build/web_video_server': BYOBU_DATE=%Y-%m-%d CMAKE_PREFIX_PATH=/workspace/towen/install/cv_bridge:/workspace/towen/install/image_geometry:/workspace/towen/install/web_video_server:/opt/ros/humble/install:/workspace/towen/install/strategy:/workspace/towen/install/motionpackage:/workspace/towen/install/imageprocess:/opt/ros/humble LD_LIBRARY_PATH=/workspace/towen/install/cv_bridge/lib:/workspace/towen/install/image_geometry/lib:/opt/ros/humble/opt/rviz_ogre_vendor/lib:/opt/ros/humble/lib/aarch64-linux-gnu:/opt/ros/humble/lib:/opt/ros/humble/install/opt/rviz_ogre_vendor/lib:/opt/ros/humble/install/lib:/usr/local/cuda/compat:/usr/local/cuda/lib64 /usr/local/bin/cmake /workspace/towen/src/web_video_sever -DCMAKE_INSTALL_PREFIX=/workspace/towen/install/web_video_server
[0.513s] -- The C compiler identification is GNU 11.4.0
[0.693s] -- The CXX compiler identification is GNU 11.4.0
[0.731s] -- Detecting C compiler ABI info
[0.953s] -- Detecting C compiler ABI info - done
[0.988s] -- Check for working C compiler: /usr/bin/cc - skipped
[0.989s] -- Detecting C compile features
[0.990s] -- Detecting C compile features - done
[1.001s] -- Detecting CXX compiler ABI info
[1.302s] -- Detecting CXX compiler ABI info - done
[1.390s] -- Check for working CXX compiler: /usr/bin/c++ - skipped
[1.390s] -- Detecting CXX compile features
[1.391s] -- Detecting CXX compile features - done
[1.423s] -- Found ament_cmake_ros: 0.10.0 (/opt/ros/humble/install/share/ament_cmake_ros/cmake)
[1.880s] -- Found Python3: /usr/local/bin/python3 (found version "3.10.12") found components: Interpreter
[2.203s] -- Found async_web_server_cpp: 2.0.0 (/opt/ros/humble/share/async_web_server_cpp/cmake)
[2.204s] [33mCMake Warning (dev) at /usr/local/lib/python3.10/dist-packages/cmake/data/share/cmake-3.30/Modules/CMakeFindDependencyMacro.cmake:76 (find_package):
[2.204s]   Policy CMP0167 is not set: The FindBoost module is removed.  Run "cmake
[2.205s]   --help-policy CMP0167" for policy details.  Use the cmake_policy command to
[2.205s]   set the policy and suppress this warning.
[2.205s] 
[2.205s] Call Stack (most recent call first):
[2.205s]   /opt/ros/humble/share/async_web_server_cpp/cmake/find_dependencies.cmake:2 (find_dependency)
[2.205s]   /opt/ros/humble/share/async_web_server_cpp/cmake/async_web_server_cppConfig.cmake:41 (include)
[2.206s]   CMakeLists.txt:6 (find_package)
[2.206s] This warning is for project developers.  Use -Wno-dev to suppress it.
[2.206s] [0m
[2.451s] -- Found Boost: /usr/lib/aarch64-linux-gnu/cmake/Boost-1.74.0/BoostConfig.cmake (found suitable version "1.74.0", minimum required is "1.74.0") found components: filesystem regex thread
[2.459s] -- Found cv_bridge: 3.2.1 (/workspace/towen/install/cv_bridge/share/cv_bridge/cmake)
[2.608s] -- Found rosidl_generator_c: 3.1.5 (/opt/ros/humble/install/share/rosidl_generator_c/cmake)
[2.622s] -- Found rosidl_adapter: 3.1.5 (/opt/ros/humble/install/share/rosidl_adapter/cmake)
[2.647s] -- Found rosidl_generator_cpp: 3.1.5 (/opt/ros/humble/install/share/rosidl_generator_cpp/cmake)
[2.685s] -- Using all available rosidl_typesupport_c: rosidl_typesupport_fastrtps_c;rosidl_typesupport_introspection_c
[2.735s] -- Using all available rosidl_typesupport_cpp: rosidl_typesupport_fastrtps_cpp;rosidl_typesupport_introspection_cpp
[2.927s] -- Found image_transport: 3.1.9 (/opt/ros/humble/install/share/image_transport/cmake)
[3.058s] -- Found rmw_implementation_cmake: 6.1.2 (/opt/ros/humble/install/share/rmw_implementation_cmake/cmake)
[3.066s] -- Found rmw_fastrtps_cpp: 6.2.7 (/opt/ros/humble/install/share/rmw_fastrtps_cpp/cmake)
[3.314s] -- Found OpenSSL: /usr/lib/aarch64-linux-gnu/libcrypto.so (found version "3.0.2")
[3.410s] -- Found FastRTPS: /opt/ros/humble/install/include
[3.564s] -- Using RMW implementation 'rmw_fastrtps_cpp' as default
[3.593s] -- Found Threads: TRUE
[3.830s] -- Found OpenCV: /usr (found version "4.5.4")
[3.831s] [33mCMake Warning (dev) at CMakeLists.txt:13 (find_package):
[3.831s]   Policy CMP0167 is not set: The FindBoost module is removed.  Run "cmake
[3.831s]   --help-policy CMP0167" for policy details.  Use the cmake_policy command to
[3.832s]   set the policy and suppress this warning.
[3.832s] 
[3.832s] This warning is for project developers.  Use -Wno-dev to suppress it.
[3.832s] [0m
[3.841s] -- Found Boost: /usr/lib/aarch64-linux-gnu/cmake/Boost-1.74.0/BoostConfig.cmake (found version "1.74.0") found components: thread
[3.854s] -- Found PkgConfig: /usr/bin/pkg-config (found version "0.29.2")
[3.857s] -- Checking for module 'libavcodec'
[3.905s] --   Found libavcodec, version 58.134.100
[4.000s] -- Checking for module 'libavformat'
[4.038s] --   Found libavformat, version 58.76.100
[4.123s] -- Checking for module 'libavutil'
[4.156s] --   Found libavutil, version 56.70.100
[4.242s] -- Checking for module 'libswscale'
[4.283s] --   Found libswscale, version 5.9.100
[4.551s] -- Configuring done (4.2s)
[4.611s] [33mCMake Warning at CMakeLists.txt:43 (add_executable):
[4.611s]   Cannot generate a safe runtime search path for target web_video_server
[4.612s]   because there is a cycle in the constraint graph:
[4.612s] 
[4.612s]     dir 0 is [/opt/ros/humble/lib]
[4.612s]       dir 1 must precede it due to runtime library [libcv_bridge.so]
[4.612s]       dir 2 must precede it due to runtime library [libimage_transport.so]
[4.612s]     dir 1 is [/workspace/towen/install/cv_bridge/lib]
[4.612s]     dir 2 is [/opt/ros/humble/install/lib]
[4.613s]       dir 1 must precede it due to runtime library [libcv_bridge.so]
[4.613s] 
[4.613s]   Some of these libraries may not be found correctly.
[4.613s] 
[4.614s] [0m
[4.620s] -- Generating done (0.1s)
[4.622s] -- Build files have been written to: /workspace/towen/build/web_video_server
[4.701s] Invoked command in '/workspace/towen/build/web_video_server' returned '0': BYOBU_DATE=%Y-%m-%d CMAKE_PREFIX_PATH=/workspace/towen/install/cv_bridge:/workspace/towen/install/image_geometry:/workspace/towen/install/web_video_server:/opt/ros/humble/install:/workspace/towen/install/strategy:/workspace/towen/install/motionpackage:/workspace/towen/install/imageprocess:/opt/ros/humble LD_LIBRARY_PATH=/workspace/towen/install/cv_bridge/lib:/workspace/towen/install/image_geometry/lib:/opt/ros/humble/opt/rviz_ogre_vendor/lib:/opt/ros/humble/lib/aarch64-linux-gnu:/opt/ros/humble/lib:/opt/ros/humble/install/opt/rviz_ogre_vendor/lib:/opt/ros/humble/install/lib:/usr/local/cuda/compat:/usr/local/cuda/lib64 /usr/local/bin/cmake /workspace/towen/src/web_video_sever -DCMAKE_INSTALL_PREFIX=/workspace/towen/install/web_video_server
[4.704s] Invoking command in '/workspace/towen/build/web_video_server': BYOBU_DATE=%Y-%m-%d CMAKE_PREFIX_PATH=/workspace/towen/install/cv_bridge:/workspace/towen/install/image_geometry:/workspace/towen/install/web_video_server:/opt/ros/humble/install:/workspace/towen/install/strategy:/workspace/towen/install/motionpackage:/workspace/towen/install/imageprocess:/opt/ros/humble LD_LIBRARY_PATH=/workspace/towen/install/cv_bridge/lib:/workspace/towen/install/image_geometry/lib:/opt/ros/humble/opt/rviz_ogre_vendor/lib:/opt/ros/humble/lib/aarch64-linux-gnu:/opt/ros/humble/lib:/opt/ros/humble/install/opt/rviz_ogre_vendor/lib:/opt/ros/humble/install/lib:/usr/local/cuda/compat:/usr/local/cuda/lib64 /usr/local/bin/cmake --build /workspace/towen/build/web_video_server -- -j6 -l6
[4.950s] [  9%] [32mBuilding CXX object CMakeFiles/web_video_server.dir/src/web_video_server.cpp.o[0m
[4.951s] [ 18%] [32mBuilding CXX object CMakeFiles/web_video_server.dir/src/libav_streamer.cpp.o[0m
[4.958s] [ 36%] [32mBuilding CXX object CMakeFiles/web_video_server.dir/src/image_streamer.cpp.o[0m
[4.959s] [ 36%] [32mBuilding CXX object CMakeFiles/web_video_server.dir/src/vp8_streamer.cpp.o[0m
[4.965s] [ 45%] [32mBuilding CXX object CMakeFiles/web_video_server.dir/src/h264_streamer.cpp.o[0m
[4.974s] [ 54%] [32mBuilding CXX object CMakeFiles/web_video_server.dir/src/vp9_streamer.cpp.o[0m
[32.737s] [ 63%] [32mBuilding CXX object CMakeFiles/web_video_server.dir/src/multipart_stream.cpp.o[0m
[32.740s] [ 72%] [32mBuilding CXX object CMakeFiles/web_video_server.dir/src/ros_compressed_streamer.cpp.o[0m
[32.887s] [ 81%] [32mBuilding CXX object CMakeFiles/web_video_server.dir/src/jpeg_streamers.cpp.o[0m
[33.312s] [ 90%] [32mBuilding CXX object CMakeFiles/web_video_server.dir/src/png_streamers.cpp.o[0m
[64.810s] [100%] [32m[1mLinking CXX executable web_video_server[0m
[67.806s] [100%] Built target web_video_server
