[5.692s] Invoking command in '/workspace/towen/src/imageprocess': BYOBU_DATE=%Y-%m-%d PYTHONPATH=/workspace/towen/build/imageprocess/prefix_override:/usr/lib/python3/dist-packages/colcon_core/task/python/colcon_distutils_commands:/workspace/towen/install/imageprocess/lib/python3.10/site-packages:${PYTHONPATH} /usr/bin/python3 -W ignore:setup.py install is deprecated setup.py egg_info --egg-base ../../build/imageprocess build --build-base /workspace/towen/build/imageprocess/build install --record /workspace/towen/build/imageprocess/install.log --single-version-externally-managed install_data
[7.287s] running egg_info
[7.360s] writing ../../build/imageprocess/imageprocess.egg-info/PKG-INFO
[7.363s] writing dependency_links to ../../build/imageprocess/imageprocess.egg-info/dependency_links.txt
[7.366s] writing entry points to ../../build/imageprocess/imageprocess.egg-info/entry_points.txt
[7.376s] writing requirements to ../../build/imageprocess/imageprocess.egg-info/requires.txt
[7.379s] writing top-level names to ../../build/imageprocess/imageprocess.egg-info/top_level.txt
[7.964s] reading manifest file '../../build/imageprocess/imageprocess.egg-info/SOURCES.txt'
[7.970s] adding license file 'LICENSE'
[7.999s] writing manifest file '../../build/imageprocess/imageprocess.egg-info/SOURCES.txt'
[8.010s] running build
[8.012s] running build_py
[8.028s] copying imageprocess/modelparameter.py -> /workspace/towen/build/imageprocess/build/lib/imageprocess
[8.034s] copying imageprocess/image_0417.py -> /workspace/towen/build/imageprocess/build/lib/imageprocess
[8.045s] copying imageprocess/dataunit.py -> /workspace/towen/build/imageprocess/build/lib/imageprocess
[8.058s] copying imageprocess/123123.py -> /workspace/towen/build/imageprocess/build/lib/imageprocess
[8.061s] copying imageprocess/image_test.py -> /workspace/towen/build/imageprocess/build/lib/imageprocess
[8.063s] copying imageprocess/image.py -> /workspace/towen/build/imageprocess/build/lib/imageprocess
[8.073s] copying imageprocess/__init__.py -> /workspace/towen/build/imageprocess/build/lib/imageprocess
[8.079s] copying imageprocess/imageprocess.py -> /workspace/towen/build/imageprocess/build/lib/imageprocess
[8.095s] copying imageprocess/camera_segment_headless.py -> /workspace/towen/build/imageprocess/build/lib/imageprocess
[8.099s] running install
[8.127s] running install_lib
[8.205s] copying /workspace/towen/build/imageprocess/build/lib/imageprocess/image.py -> /workspace/towen/install/imageprocess/lib/python3.10/site-packages/imageprocess
[8.210s] byte-compiling /workspace/towen/install/imageprocess/lib/python3.10/site-packages/imageprocess/image.py to image.cpython-310.pyc
[8.231s] running install_data
[8.234s] copying resource/imageprocess -> /workspace/towen/install/imageprocess/share/ament_index/resource_index/packages
[8.240s] copying package.xml -> /workspace/towen/install/imageprocess/share/imageprocess
[8.248s] running install_egg_info
[8.331s] removing '/workspace/towen/install/imageprocess/lib/python3.10/site-packages/imageprocess-0.0.0-py3.10.egg-info' (and everything under it)
[8.333s] Copying ../../build/imageprocess/imageprocess.egg-info to /workspace/towen/install/imageprocess/lib/python3.10/site-packages/imageprocess-0.0.0-py3.10.egg-info
[8.335s] running install_scripts
[9.061s] Installing image script to /workspace/towen/install/imageprocess/lib/imageprocess
[9.062s] Installing image_test script to /workspace/towen/install/imageprocess/lib/imageprocess
[9.063s] Installing imageprocess script to /workspace/towen/install/imageprocess/lib/imageprocess
[9.065s] writing list of installed files to '/workspace/towen/build/imageprocess/install.log'
[10.068s] Invoked command in '/workspace/towen/src/imageprocess' returned '0': BYOBU_DATE=%Y-%m-%d PYTHONPATH=/workspace/towen/build/imageprocess/prefix_override:/usr/lib/python3/dist-packages/colcon_core/task/python/colcon_distutils_commands:/workspace/towen/install/imageprocess/lib/python3.10/site-packages:${PYTHONPATH} /usr/bin/python3 -W ignore:setup.py install is deprecated setup.py egg_info --egg-base ../../build/imageprocess build --build-base /workspace/towen/build/imageprocess/build install --record /workspace/towen/build/imageprocess/install.log --single-version-externally-managed install_data
