[0.642s] Invoking command in '/workspace/towen/build/tku_msgs': BYOBU_DATE=%Y-%m-%d CMAKE_PREFIX_PATH=${CMAKE_PREFIX_PATH}:/workspace/towen/install/strategy:/workspace/towen/install/rosidl_cli:/workspace/towen/install/opencv_tests:/workspace/towen/install/motionpackage:/workspace/towen/install/imageprocess:/opt/ros/humble /usr/local/bin/cmake --build /workspace/towen/build/tku_msgs -- -j6 -l6
[1.114s] [  0%] Built target tku_msgs__cpp
[1.183s] [  7%] Built target ament_cmake_python_copy_tku_msgs
[1.195s] [ 12%] Built target tku_msgs__rosidl_generator_c
[1.330s] [ 27%] Built target tku_msgs__rosidl_typesupport_fastrtps_cpp
[1.344s] [ 37%] Built target tku_msgs__rosidl_typesupport_introspection_cpp
[1.368s] [ 49%] Built target tku_msgs__rosidl_typesupport_cpp
[1.376s] [ 62%] Built target tku_msgs__rosidl_typesupport_introspection_c
[1.392s] [ 75%] Built target tku_msgs__rosidl_typesupport_fastrtps_c
[1.413s] [ 87%] Built target tku_msgs__rosidl_typesupport_c
[1.493s] [ 87%] Built target tku_msgs
[1.604s] [ 87%] Built target tku_msgs__py
[1.760s] [ 99%] Built target tku_msgs__rosidl_generator_py
[1.866s] [ 99%] Built target tku_msgs__rosidl_typesupport_fastrtps_c__pyext
[1.899s] [100%] Built target tku_msgs__rosidl_typesupport_c__pyext
[1.921s] [100%] Built target tku_msgs__rosidl_typesupport_introspection_c__pyext
[2.274s] running egg_info
[2.343s] writing tku_msgs.egg-info/PKG-INFO
[2.345s] writing dependency_links to tku_msgs.egg-info/dependency_links.txt
[2.346s] writing top-level names to tku_msgs.egg-info/top_level.txt
[2.601s] reading manifest file 'tku_msgs.egg-info/SOURCES.txt'
[2.606s] writing manifest file 'tku_msgs.egg-info/SOURCES.txt'
[2.723s] [100%] Built target ament_cmake_python_build_tku_msgs_egg
[2.782s] Invoked command in '/workspace/towen/build/tku_msgs' returned '0': BYOBU_DATE=%Y-%m-%d CMAKE_PREFIX_PATH=${CMAKE_PREFIX_PATH}:/workspace/towen/install/strategy:/workspace/towen/install/rosidl_cli:/workspace/towen/install/opencv_tests:/workspace/towen/install/motionpackage:/workspace/towen/install/imageprocess:/opt/ros/humble /usr/local/bin/cmake --build /workspace/towen/build/tku_msgs -- -j6 -l6
