[3.133s] Invoking command in '/workspace/towen/src/imageprocess': BYOBU_DATE=%Y-%m-%d PYTHONPATH=/workspace/towen/build/imageprocess/prefix_override:/usr/lib/python3/dist-packages/colcon_core/task/python/colcon_distutils_commands:/workspace/towen/install/imageprocess/lib/python3.10/site-packages:${PYTHONPATH} /usr/bin/python3 -W ignore:setup.py install is deprecated setup.py egg_info --egg-base ../../build/imageprocess build --build-base /workspace/towen/build/imageprocess/build install --record /workspace/towen/build/imageprocess/install.log --single-version-externally-managed install_data
[3.827s] /home/work/.local/lib/python3.10/site-packages/setuptools/_distutils/dist.py:289: UserWarning: Unknown distribution option: 'tests_require'
[3.828s]   warnings.warn(msg)
[4.220s] running egg_info
[4.301s] writing ../../build/imageprocess/imageprocess.egg-info/PKG-INFO
[4.304s] writing dependency_links to ../../build/imageprocess/imageprocess.egg-info/dependency_links.txt
[4.304s] writing entry points to ../../build/imageprocess/imageprocess.egg-info/entry_points.txt
[4.304s] writing requirements to ../../build/imageprocess/imageprocess.egg-info/requires.txt
[4.304s] writing top-level names to ../../build/imageprocess/imageprocess.egg-info/top_level.txt
[4.439s] reading manifest file '../../build/imageprocess/imageprocess.egg-info/SOURCES.txt'
[4.440s] adding license file 'LICENSE'
[4.441s] writing manifest file '../../build/imageprocess/imageprocess.egg-info/SOURCES.txt'
[4.442s] running build
[4.444s] running build_py
[4.445s] copying imageprocess/modelparameter.py -> /workspace/towen/build/imageprocess/build/lib/imageprocess
[4.446s] copying imageprocess/image_0417.py -> /workspace/towen/build/imageprocess/build/lib/imageprocess
[4.447s] copying imageprocess/dataunit.py -> /workspace/towen/build/imageprocess/build/lib/imageprocess
[4.448s] copying imageprocess/123123.py -> /workspace/towen/build/imageprocess/build/lib/imageprocess
[4.449s] copying imageprocess/image_test.py -> /workspace/towen/build/imageprocess/build/lib/imageprocess
[4.451s] copying imageprocess/image.py -> /workspace/towen/build/imageprocess/build/lib/imageprocess
[4.453s] copying imageprocess/__init__.py -> /workspace/towen/build/imageprocess/build/lib/imageprocess
[4.455s] copying imageprocess/imageprocess.py -> /workspace/towen/build/imageprocess/build/lib/imageprocess
[4.457s] copying imageprocess/camera_segment_headless.py -> /workspace/towen/build/imageprocess/build/lib/imageprocess
[4.459s] running install
[4.473s] running install_lib
[4.537s] running install_data
[4.538s] copying resource/imageprocess -> /workspace/towen/install/imageprocess/share/ament_index/resource_index/packages
[4.539s] copying package.xml -> /workspace/towen/install/imageprocess/share/imageprocess
[4.541s] running install_egg_info
[4.598s] removing '/workspace/towen/install/imageprocess/lib/python3.10/site-packages/imageprocess-0.0.0-py3.10.egg-info' (and everything under it)
[4.602s] Copying ../../build/imageprocess/imageprocess.egg-info to /workspace/towen/install/imageprocess/lib/python3.10/site-packages/imageprocess-0.0.0-py3.10.egg-info
[4.610s] running install_scripts
[4.734s] Installing image script to /workspace/towen/install/imageprocess/lib/imageprocess
[4.736s] Installing image_test script to /workspace/towen/install/imageprocess/lib/imageprocess
[4.744s] Installing imageprocess script to /workspace/towen/install/imageprocess/lib/imageprocess
[4.744s] writing list of installed files to '/workspace/towen/build/imageprocess/install.log'
[4.844s] Invoked command in '/workspace/towen/src/imageprocess' returned '0': BYOBU_DATE=%Y-%m-%d PYTHONPATH=/workspace/towen/build/imageprocess/prefix_override:/usr/lib/python3/dist-packages/colcon_core/task/python/colcon_distutils_commands:/workspace/towen/install/imageprocess/lib/python3.10/site-packages:${PYTHONPATH} /usr/bin/python3 -W ignore:setup.py install is deprecated setup.py egg_info --egg-base ../../build/imageprocess build --build-base /workspace/towen/build/imageprocess/build install --record /workspace/towen/build/imageprocess/install.log --single-version-externally-managed install_data
