-- Found ament_cmake: 1.3.10 (/opt/ros/humble/install/share/ament_cmake/cmake)
-- Found ament_lint_auto: 0.12.11 (/opt/ros/humble/install/share/ament_lint_auto/cmake)
-- Found rosidl_runtime_c: 3.1.7 (/workspace/towen/install/rosidl_runtime_c/share/rosidl_runtime_c/cmake)
-- Found rosidl_runtime_cpp: 3.1.5 (/opt/ros/humble/install/share/rosidl_runtime_cpp/cmake)
-- Found test_interface_files: 0.9.1 (/opt/ros/humble/install/share/test_interface_files/cmake)
-- Found rosidl_adapter: 3.1.7 (/workspace/towen/install/rosidl_adapter/share/rosidl_adapter/cmake)
-- Found gtest sources under '/opt/ros/humble/install/src/gtest_vendor': C++ tests using 'Google Test' will be built
-- Added test 'copyright' to check source files copyright and LICENSE
-- Added test 'cppcheck' to perform static code analysis on C / C++ code
-- Configured cppcheck include dirs: 
-- Configured cppcheck exclude dirs and/or files: 
-- Added test 'cpplint' to check C / C++ code against the Google style
-- Configured cpplint exclude dirs and/or files: 
-- Added test 'flake8' to check Python code syntax and style conventions
-- Added test 'lint_cmake' to check CMake code style
-- Added test 'pep257' to check Python code against some of the docstring style conventions in PEP 257
-- Added test 'uncrustify' to check C / C++ code style
-- Configured uncrustify additional arguments: 
-- Added test 'xmllint' to check XML markup files
-- Configuring done (2.7s)
-- Generating done (0.2s)
-- Build files have been written to: /workspace/towen/build/rosidl_generator_cpp
[  0%] Built target ament_cmake_python_copy_rosidl_generator_cpp
[  5%] Built target rosidl_generator_cpp__cpp
[  5%] Built target ament_cmake_python_copy_rosidl_generator_cpp_setup
[  5%] Built target rosidl_generator_cpp
[ 15%] Built target gtest
[ 26%] Built target gtest_main
[ 36%] Built target test_msg_builder
[ 47%] Built target test_msg_initialization
[ 57%] Built target test_interfaces_cpp
[ 68%] Built target test_srv_initialization
[ 89%] Built target test_name
[ 89%] Built target test_msg_datatype
[100%] Built target test_traits
running egg_info
writing rosidl_generator_cpp.egg-info/PKG-INFO
writing dependency_links to rosidl_generator_cpp.egg-info/dependency_links.txt
writing entry points to rosidl_generator_cpp.egg-info/entry_points.txt
writing top-level names to rosidl_generator_cpp.egg-info/top_level.txt
reading manifest file 'rosidl_generator_cpp.egg-info/SOURCES.txt'
writing manifest file 'rosidl_generator_cpp.egg-info/SOURCES.txt'
[100%] Built target ament_cmake_python_build_rosidl_generator_cpp_egg
-- Install configuration: ""
-- Up-to-date: /workspace/towen/install/rosidl_generator_cpp/share/ament_index/resource_index/rosidl_generator_packages/rosidl_generator_cpp
-- Up-to-date: /workspace/towen/install/rosidl_generator_cpp/share/rosidl_generator_cpp/environment/pythonpath.sh
-- Installing: /workspace/towen/install/rosidl_generator_cpp/share/rosidl_generator_cpp/environment/pythonpath.dsv
-- Up-to-date: /workspace/towen/install/rosidl_generator_cpp/local/lib/python3.10/dist-packages/rosidl_generator_cpp-3.1.7-py3.10.egg-info
-- Installing: /workspace/towen/install/rosidl_generator_cpp/local/lib/python3.10/dist-packages/rosidl_generator_cpp-3.1.7-py3.10.egg-info/PKG-INFO
-- Installing: /workspace/towen/install/rosidl_generator_cpp/local/lib/python3.10/dist-packages/rosidl_generator_cpp-3.1.7-py3.10.egg-info/entry_points.txt
-- Installing: /workspace/towen/install/rosidl_generator_cpp/local/lib/python3.10/dist-packages/rosidl_generator_cpp-3.1.7-py3.10.egg-info/top_level.txt
-- Installing: /workspace/towen/install/rosidl_generator_cpp/local/lib/python3.10/dist-packages/rosidl_generator_cpp-3.1.7-py3.10.egg-info/SOURCES.txt
-- Installing: /workspace/towen/install/rosidl_generator_cpp/local/lib/python3.10/dist-packages/rosidl_generator_cpp-3.1.7-py3.10.egg-info/dependency_links.txt
-- Up-to-date: /workspace/towen/install/rosidl_generator_cpp/local/lib/python3.10/dist-packages/rosidl_generator_cpp
-- Up-to-date: /workspace/towen/install/rosidl_generator_cpp/local/lib/python3.10/dist-packages/rosidl_generator_cpp/__init__.py
-- Up-to-date: /workspace/towen/install/rosidl_generator_cpp/local/lib/python3.10/dist-packages/rosidl_generator_cpp/cli.py
Listing '/workspace/towen/install/rosidl_generator_cpp/local/lib/python3.10/dist-packages/rosidl_generator_cpp'...
-- Up-to-date: /workspace/towen/install/rosidl_generator_cpp/share/ament_index/resource_index/package_run_dependencies/rosidl_generator_cpp
-- Installing: /workspace/towen/install/rosidl_generator_cpp/share/ament_index/resource_index/parent_prefix_path/rosidl_generator_cpp
-- Up-to-date: /workspace/towen/install/rosidl_generator_cpp/share/rosidl_generator_cpp/environment/ament_prefix_path.sh
-- Installing: /workspace/towen/install/rosidl_generator_cpp/share/rosidl_generator_cpp/environment/ament_prefix_path.dsv
-- Up-to-date: /workspace/towen/install/rosidl_generator_cpp/share/rosidl_generator_cpp/environment/path.sh
-- Installing: /workspace/towen/install/rosidl_generator_cpp/share/rosidl_generator_cpp/environment/path.dsv
-- Up-to-date: /workspace/towen/install/rosidl_generator_cpp/share/rosidl_generator_cpp/local_setup.bash
-- Up-to-date: /workspace/towen/install/rosidl_generator_cpp/share/rosidl_generator_cpp/local_setup.sh
-- Up-to-date: /workspace/towen/install/rosidl_generator_cpp/share/rosidl_generator_cpp/local_setup.zsh
-- Installing: /workspace/towen/install/rosidl_generator_cpp/share/rosidl_generator_cpp/local_setup.dsv
-- Installing: /workspace/towen/install/rosidl_generator_cpp/share/rosidl_generator_cpp/package.dsv
-- Up-to-date: /workspace/towen/install/rosidl_generator_cpp/share/ament_index/resource_index/packages/rosidl_generator_cpp
-- Up-to-date: /workspace/towen/install/rosidl_generator_cpp/share/rosidl_generator_cpp/cmake/rosidl_generator_cpp-extras.cmake
-- Up-to-date: /workspace/towen/install/rosidl_generator_cpp/share/rosidl_generator_cpp/cmake/ament_cmake_export_dependencies-extras.cmake
-- Up-to-date: /workspace/towen/install/rosidl_generator_cpp/share/rosidl_generator_cpp/cmake/rosidl_cmake-extras.cmake
-- Up-to-date: /workspace/towen/install/rosidl_generator_cpp/share/rosidl_generator_cpp/cmake/rosidl_generator_cppConfig.cmake
-- Up-to-date: /workspace/towen/install/rosidl_generator_cpp/share/rosidl_generator_cpp/cmake/rosidl_generator_cppConfig-version.cmake
-- Up-to-date: /workspace/towen/install/rosidl_generator_cpp/share/rosidl_generator_cpp/package.xml
-- Up-to-date: /workspace/towen/install/rosidl_generator_cpp/lib/rosidl_generator_cpp/rosidl_generator_cpp
-- Up-to-date: /workspace/towen/install/rosidl_generator_cpp/share/rosidl_generator_cpp/cmake
-- Up-to-date: /workspace/towen/install/rosidl_generator_cpp/share/rosidl_generator_cpp/cmake/rosidl_generator_cpp_generate_interfaces.cmake
-- Up-to-date: /workspace/towen/install/rosidl_generator_cpp/share/rosidl_generator_cpp/cmake/register_cpp.cmake
-- Up-to-date: /workspace/towen/install/rosidl_generator_cpp/share/rosidl_generator_cpp/resource
-- Up-to-date: /workspace/towen/install/rosidl_generator_cpp/share/rosidl_generator_cpp/resource/idl.hpp.em
-- Up-to-date: /workspace/towen/install/rosidl_generator_cpp/share/rosidl_generator_cpp/resource/msg__type_support.hpp.em
-- Up-to-date: /workspace/towen/install/rosidl_generator_cpp/share/rosidl_generator_cpp/resource/action__struct.hpp.em
-- Up-to-date: /workspace/towen/install/rosidl_generator_cpp/share/rosidl_generator_cpp/resource/action__traits.hpp.em
-- Up-to-date: /workspace/towen/install/rosidl_generator_cpp/share/rosidl_generator_cpp/resource/idl__struct.hpp.em
-- Up-to-date: /workspace/towen/install/rosidl_generator_cpp/share/rosidl_generator_cpp/resource/rosidl_generator_cpp__visibility_control.hpp.in
-- Up-to-date: /workspace/towen/install/rosidl_generator_cpp/share/rosidl_generator_cpp/resource/msg__builder.hpp.em
-- Up-to-date: /workspace/towen/install/rosidl_generator_cpp/share/rosidl_generator_cpp/resource/action__builder.hpp.em
-- Up-to-date: /workspace/towen/install/rosidl_generator_cpp/share/rosidl_generator_cpp/resource/idl__traits.hpp.em
-- Up-to-date: /workspace/towen/install/rosidl_generator_cpp/share/rosidl_generator_cpp/resource/action__type_support.hpp.em
-- Up-to-date: /workspace/towen/install/rosidl_generator_cpp/share/rosidl_generator_cpp/resource/srv__type_support.hpp.em
-- Up-to-date: /workspace/towen/install/rosidl_generator_cpp/share/rosidl_generator_cpp/resource/idl__type_support.hpp.em
-- Up-to-date: /workspace/towen/install/rosidl_generator_cpp/share/rosidl_generator_cpp/resource/msg__traits.hpp.em
-- Up-to-date: /workspace/towen/install/rosidl_generator_cpp/share/rosidl_generator_cpp/resource/srv__struct.hpp.em
-- Up-to-date: /workspace/towen/install/rosidl_generator_cpp/share/rosidl_generator_cpp/resource/idl__builder.hpp.em
-- Up-to-date: /workspace/towen/install/rosidl_generator_cpp/share/rosidl_generator_cpp/resource/srv__builder.hpp.em
-- Up-to-date: /workspace/towen/install/rosidl_generator_cpp/share/rosidl_generator_cpp/resource/msg__struct.hpp.em
-- Up-to-date: /workspace/towen/install/rosidl_generator_cpp/share/rosidl_generator_cpp/resource/srv__traits.hpp.em
