[0.112s] Invoking command in '/workspace/towen/build/rosidl_generator_cpp': AMENT_PREFIX_PATH=/workspace/towen/install/rosidl_cli:/workspace/towen/install/zed_ros2:/workspace/towen/install/zed_wrapper:/workspace/towen/install/zed_components:/workspace/towen/install/webrtc_ros_msgs:/workspace/towen/install/web_video_server:/workspace/towen/install/vision_opencv:/workspace/towen/install/usb_cam:/workspace/towen/install/tku_msgs:/workspace/towen/install/strategy:/workspace/towen/install/rosidl_typesupport_introspection_tests:/workspace/towen/install/rosidl_typesupport_introspection_cpp:/workspace/towen/install/rosidl_typesupport_introspection_c:/workspace/towen/install/rosidl_generator_cpp:/workspace/towen/install/rosidl_runtime_cpp:/workspace/towen/install/rosidl_runtime_c:/workspace/towen/install/rosidl_generator_c:/workspace/towen/install/rosidl_typesupport_interface:/workspace/towen/install/rosidl_cmake:/workspace/towen/install/rosidl_parser:/workspace/towen/install/rosidl_adapter:/workspace/towen/install/opencv_tests:/workspace/towen/install/motionpackage:/workspace/towen/install/imageprocess:/workspace/towen/install/image_geometry:/workspace/towen/install/cv_bridge:/opt/ros/humble:/opt/ros/humble/install:/opt/ros/humble/install BYOBU_DATE=%Y-%m-%d CMAKE_PREFIX_PATH=/workspace/towen/install/rosidl_generator_c:/workspace/towen/install/rosidl_cmake:/workspace/towen/install/rosidl_runtime_cpp:/workspace/towen/install/rosidl_parser:/workspace/towen/install/rosidl_runtime_c:/workspace/towen/install/rosidl_adapter:/workspace/towen/install/rosidl_typesupport_interface:/workspace/towen/install/zed_ros2:/workspace/towen/install/zed_wrapper:/workspace/towen/install/zed_components:/workspace/towen/install/webrtc_ros_msgs:/workspace/towen/install/web_video_server:/workspace/towen/install/vision_opencv:/workspace/towen/install/usb_cam:/workspace/towen/install/tku_msgs:/workspace/towen/install/rosidl_typesupport_introspection_tests:/workspace/towen/install/rosidl_typesupport_introspection_cpp:/workspace/towen/install/rosidl_typesupport_introspection_c:/workspace/towen/install/rosidl_generator_cpp:/workspace/towen/install/image_geometry:/workspace/towen/install/cv_bridge:/opt/ros/humble/install:/workspace/towen/install/strategy:/workspace/towen/install/rosidl_cli:/workspace/towen/install/opencv_tests:/workspace/towen/install/motionpackage:/workspace/towen/install/imageprocess:/opt/ros/humble LD_LIBRARY_PATH=/workspace/towen/install/rosidl_runtime_c/lib:/workspace/towen/install/zed_components/lib:/workspace/towen/install/webrtc_ros_msgs/lib:/workspace/towen/install/usb_cam/lib:/workspace/towen/install/tku_msgs/lib:/workspace/towen/install/rosidl_typesupport_introspection_cpp/lib:/workspace/towen/install/rosidl_typesupport_introspection_c/lib:/workspace/towen/install/image_geometry/lib:/workspace/towen/install/cv_bridge/lib:/opt/ros/humble/opt/rviz_ogre_vendor/lib:/opt/ros/humble/lib/aarch64-linux-gnu:/opt/ros/humble/lib:/opt/ros/humble/install/opt/rviz_ogre_vendor/lib:/opt/ros/humble/install/lib:/usr/local/cuda/compat:/usr/local/cuda/lib64 PYTHONPATH=/workspace/towen/install/rosidl_cli/lib/python3.10/site-packages:/workspace/towen/build/rosidl_cli:/workspace/towen/install/webrtc_ros_msgs/local/lib/python3.10/dist-packages:/workspace/towen/install/tku_msgs/local/lib/python3.10/dist-packages:/workspace/towen/install/strategy/lib/python3.10/site-packages:/workspace/towen/install/rosidl_typesupport_introspection_cpp/local/lib/python3.10/dist-packages:/workspace/towen/install/rosidl_typesupport_introspection_c/local/lib/python3.10/dist-packages:/workspace/towen/install/rosidl_generator_cpp/local/lib/python3.10/dist-packages:/workspace/towen/install/rosidl_generator_c/local/lib/python3.10/dist-packages:/workspace/towen/install/rosidl_cmake/local/lib/python3.10/dist-packages:/workspace/towen/install/rosidl_parser/local/lib/python3.10/dist-packages:/workspace/towen/install/rosidl_adapter/local/lib/python3.10/dist-packages:/workspace/towen/install/opencv_tests/lib/python3.10/site-packages:/workspace/towen/install/motionpackage/lib/python3.10/site-packages:/workspace/towen/install/imageprocess/lib/python3.10/site-packages:/workspace/towen/install/image_geometry/local/lib/python3.10/dist-packages:/workspace/towen/install/cv_bridge/local/lib/python3.10/dist-packages:/opt/ros/humble/lib/python3.10/site-packages:/opt/ros/humble/local/lib/python3.10/dist-packages:/opt/ros/humble/install/local/lib/python3.10/dist-packages:/opt/ros/humble/install/lib/python3.10/site-packages /usr/local/bin/cmake --build /workspace/towen/build/rosidl_generator_cpp -- -j6 -l6
[0.557s] -- Found ament_cmake: 1.3.10 (/opt/ros/humble/install/share/ament_cmake/cmake)
[1.444s] -- Found ament_lint_auto: 0.12.11 (/opt/ros/humble/install/share/ament_lint_auto/cmake)
[1.447s] -- Found rosidl_runtime_c: 3.1.7 (/workspace/towen/install/rosidl_runtime_c/share/rosidl_runtime_c/cmake)
[1.484s] -- Found rosidl_runtime_cpp: 3.1.5 (/opt/ros/humble/install/share/rosidl_runtime_cpp/cmake)
[1.502s] -- Found test_interface_files: 0.9.1 (/opt/ros/humble/install/share/test_interface_files/cmake)
[1.721s] -- Found rosidl_adapter: 3.1.7 (/workspace/towen/install/rosidl_adapter/share/rosidl_adapter/cmake)
[3.082s] -- Found gtest sources under '/opt/ros/humble/install/src/gtest_vendor': C++ tests using 'Google Test' will be built
[3.201s] -- Added test 'copyright' to check source files copyright and LICENSE
[3.209s] -- Added test 'cppcheck' to perform static code analysis on C / C++ code
[3.210s] -- Configured cppcheck include dirs: 
[3.210s] -- Configured cppcheck exclude dirs and/or files: 
[3.214s] -- Added test 'cpplint' to check C / C++ code against the Google style
[3.214s] -- Configured cpplint exclude dirs and/or files: 
[3.228s] -- Added test 'flake8' to check Python code syntax and style conventions
[3.228s] -- Added test 'lint_cmake' to check CMake code style
[3.228s] -- Added test 'pep257' to check Python code against some of the docstring style conventions in PEP 257
[3.233s] -- Added test 'uncrustify' to check C / C++ code style
[3.233s] -- Configured uncrustify additional arguments: 
[3.233s] -- Added test 'xmllint' to check XML markup files
[3.278s] -- Configuring done (2.7s)
[3.437s] -- Generating done (0.2s)
[3.437s] -- Build files have been written to: /workspace/towen/build/rosidl_generator_cpp
[3.547s] [  0%] Built target ament_cmake_python_copy_rosidl_generator_cpp
[3.561s] [  5%] Built target rosidl_generator_cpp__cpp
[3.593s] [  5%] Built target ament_cmake_python_copy_rosidl_generator_cpp_setup
[3.669s] [  5%] Built target rosidl_generator_cpp
[3.675s] [ 15%] Built target gtest
[3.686s] [ 26%] Built target gtest_main
[3.817s] [ 36%] Built target test_msg_builder
[3.821s] [ 47%] Built target test_msg_initialization
[3.876s] [ 57%] Built target test_interfaces_cpp
[3.876s] [ 68%] Built target test_srv_initialization
[3.927s] [ 89%] Built target test_name
[3.934s] [ 89%] Built target test_msg_datatype
[3.970s] [100%] Built target test_traits
[4.412s] running egg_info
[4.458s] writing rosidl_generator_cpp.egg-info/PKG-INFO
[4.459s] writing dependency_links to rosidl_generator_cpp.egg-info/dependency_links.txt
[4.461s] writing entry points to rosidl_generator_cpp.egg-info/entry_points.txt
[4.462s] writing top-level names to rosidl_generator_cpp.egg-info/top_level.txt
[4.643s] reading manifest file 'rosidl_generator_cpp.egg-info/SOURCES.txt'
[4.647s] writing manifest file 'rosidl_generator_cpp.egg-info/SOURCES.txt'
[4.729s] [100%] Built target ament_cmake_python_build_rosidl_generator_cpp_egg
[4.799s] Invoked command in '/workspace/towen/build/rosidl_generator_cpp' returned '0': AMENT_PREFIX_PATH=/workspace/towen/install/rosidl_cli:/workspace/towen/install/zed_ros2:/workspace/towen/install/zed_wrapper:/workspace/towen/install/zed_components:/workspace/towen/install/webrtc_ros_msgs:/workspace/towen/install/web_video_server:/workspace/towen/install/vision_opencv:/workspace/towen/install/usb_cam:/workspace/towen/install/tku_msgs:/workspace/towen/install/strategy:/workspace/towen/install/rosidl_typesupport_introspection_tests:/workspace/towen/install/rosidl_typesupport_introspection_cpp:/workspace/towen/install/rosidl_typesupport_introspection_c:/workspace/towen/install/rosidl_generator_cpp:/workspace/towen/install/rosidl_runtime_cpp:/workspace/towen/install/rosidl_runtime_c:/workspace/towen/install/rosidl_generator_c:/workspace/towen/install/rosidl_typesupport_interface:/workspace/towen/install/rosidl_cmake:/workspace/towen/install/rosidl_parser:/workspace/towen/install/rosidl_adapter:/workspace/towen/install/opencv_tests:/workspace/towen/install/motionpackage:/workspace/towen/install/imageprocess:/workspace/towen/install/image_geometry:/workspace/towen/install/cv_bridge:/opt/ros/humble:/opt/ros/humble/install:/opt/ros/humble/install BYOBU_DATE=%Y-%m-%d CMAKE_PREFIX_PATH=/workspace/towen/install/rosidl_generator_c:/workspace/towen/install/rosidl_cmake:/workspace/towen/install/rosidl_runtime_cpp:/workspace/towen/install/rosidl_parser:/workspace/towen/install/rosidl_runtime_c:/workspace/towen/install/rosidl_adapter:/workspace/towen/install/rosidl_typesupport_interface:/workspace/towen/install/zed_ros2:/workspace/towen/install/zed_wrapper:/workspace/towen/install/zed_components:/workspace/towen/install/webrtc_ros_msgs:/workspace/towen/install/web_video_server:/workspace/towen/install/vision_opencv:/workspace/towen/install/usb_cam:/workspace/towen/install/tku_msgs:/workspace/towen/install/rosidl_typesupport_introspection_tests:/workspace/towen/install/rosidl_typesupport_introspection_cpp:/workspace/towen/install/rosidl_typesupport_introspection_c:/workspace/towen/install/rosidl_generator_cpp:/workspace/towen/install/image_geometry:/workspace/towen/install/cv_bridge:/opt/ros/humble/install:/workspace/towen/install/strategy:/workspace/towen/install/rosidl_cli:/workspace/towen/install/opencv_tests:/workspace/towen/install/motionpackage:/workspace/towen/install/imageprocess:/opt/ros/humble LD_LIBRARY_PATH=/workspace/towen/install/rosidl_runtime_c/lib:/workspace/towen/install/zed_components/lib:/workspace/towen/install/webrtc_ros_msgs/lib:/workspace/towen/install/usb_cam/lib:/workspace/towen/install/tku_msgs/lib:/workspace/towen/install/rosidl_typesupport_introspection_cpp/lib:/workspace/towen/install/rosidl_typesupport_introspection_c/lib:/workspace/towen/install/image_geometry/lib:/workspace/towen/install/cv_bridge/lib:/opt/ros/humble/opt/rviz_ogre_vendor/lib:/opt/ros/humble/lib/aarch64-linux-gnu:/opt/ros/humble/lib:/opt/ros/humble/install/opt/rviz_ogre_vendor/lib:/opt/ros/humble/install/lib:/usr/local/cuda/compat:/usr/local/cuda/lib64 PYTHONPATH=/workspace/towen/install/rosidl_cli/lib/python3.10/site-packages:/workspace/towen/build/rosidl_cli:/workspace/towen/install/webrtc_ros_msgs/local/lib/python3.10/dist-packages:/workspace/towen/install/tku_msgs/local/lib/python3.10/dist-packages:/workspace/towen/install/strategy/lib/python3.10/site-packages:/workspace/towen/install/rosidl_typesupport_introspection_cpp/local/lib/python3.10/dist-packages:/workspace/towen/install/rosidl_typesupport_introspection_c/local/lib/python3.10/dist-packages:/workspace/towen/install/rosidl_generator_cpp/local/lib/python3.10/dist-packages:/workspace/towen/install/rosidl_generator_c/local/lib/python3.10/dist-packages:/workspace/towen/install/rosidl_cmake/local/lib/python3.10/dist-packages:/workspace/towen/install/rosidl_parser/local/lib/python3.10/dist-packages:/workspace/towen/install/rosidl_adapter/local/lib/python3.10/dist-packages:/workspace/towen/install/opencv_tests/lib/python3.10/site-packages:/workspace/towen/install/motionpackage/lib/python3.10/site-packages:/workspace/towen/install/imageprocess/lib/python3.10/site-packages:/workspace/towen/install/image_geometry/local/lib/python3.10/dist-packages:/workspace/towen/install/cv_bridge/local/lib/python3.10/dist-packages:/opt/ros/humble/lib/python3.10/site-packages:/opt/ros/humble/local/lib/python3.10/dist-packages:/opt/ros/humble/install/local/lib/python3.10/dist-packages:/opt/ros/humble/install/lib/python3.10/site-packages /usr/local/bin/cmake --build /workspace/towen/build/rosidl_generator_cpp -- -j6 -l6
[5.401s] Invoking command in '/workspace/towen/build/rosidl_generator_cpp': AMENT_PREFIX_PATH=/workspace/towen/install/rosidl_cli:/workspace/towen/install/zed_ros2:/workspace/towen/install/zed_wrapper:/workspace/towen/install/zed_components:/workspace/towen/install/webrtc_ros_msgs:/workspace/towen/install/web_video_server:/workspace/towen/install/vision_opencv:/workspace/towen/install/usb_cam:/workspace/towen/install/tku_msgs:/workspace/towen/install/strategy:/workspace/towen/install/rosidl_typesupport_introspection_tests:/workspace/towen/install/rosidl_typesupport_introspection_cpp:/workspace/towen/install/rosidl_typesupport_introspection_c:/workspace/towen/install/rosidl_generator_cpp:/workspace/towen/install/rosidl_runtime_cpp:/workspace/towen/install/rosidl_runtime_c:/workspace/towen/install/rosidl_generator_c:/workspace/towen/install/rosidl_typesupport_interface:/workspace/towen/install/rosidl_cmake:/workspace/towen/install/rosidl_parser:/workspace/towen/install/rosidl_adapter:/workspace/towen/install/opencv_tests:/workspace/towen/install/motionpackage:/workspace/towen/install/imageprocess:/workspace/towen/install/image_geometry:/workspace/towen/install/cv_bridge:/opt/ros/humble:/opt/ros/humble/install:/opt/ros/humble/install BYOBU_DATE=%Y-%m-%d CMAKE_PREFIX_PATH=/workspace/towen/install/rosidl_generator_c:/workspace/towen/install/rosidl_cmake:/workspace/towen/install/rosidl_runtime_cpp:/workspace/towen/install/rosidl_parser:/workspace/towen/install/rosidl_runtime_c:/workspace/towen/install/rosidl_adapter:/workspace/towen/install/rosidl_typesupport_interface:/workspace/towen/install/zed_ros2:/workspace/towen/install/zed_wrapper:/workspace/towen/install/zed_components:/workspace/towen/install/webrtc_ros_msgs:/workspace/towen/install/web_video_server:/workspace/towen/install/vision_opencv:/workspace/towen/install/usb_cam:/workspace/towen/install/tku_msgs:/workspace/towen/install/rosidl_typesupport_introspection_tests:/workspace/towen/install/rosidl_typesupport_introspection_cpp:/workspace/towen/install/rosidl_typesupport_introspection_c:/workspace/towen/install/rosidl_generator_cpp:/workspace/towen/install/image_geometry:/workspace/towen/install/cv_bridge:/opt/ros/humble/install:/workspace/towen/install/strategy:/workspace/towen/install/rosidl_cli:/workspace/towen/install/opencv_tests:/workspace/towen/install/motionpackage:/workspace/towen/install/imageprocess:/opt/ros/humble LD_LIBRARY_PATH=/workspace/towen/install/rosidl_runtime_c/lib:/workspace/towen/install/zed_components/lib:/workspace/towen/install/webrtc_ros_msgs/lib:/workspace/towen/install/usb_cam/lib:/workspace/towen/install/tku_msgs/lib:/workspace/towen/install/rosidl_typesupport_introspection_cpp/lib:/workspace/towen/install/rosidl_typesupport_introspection_c/lib:/workspace/towen/install/image_geometry/lib:/workspace/towen/install/cv_bridge/lib:/opt/ros/humble/opt/rviz_ogre_vendor/lib:/opt/ros/humble/lib/aarch64-linux-gnu:/opt/ros/humble/lib:/opt/ros/humble/install/opt/rviz_ogre_vendor/lib:/opt/ros/humble/install/lib:/usr/local/cuda/compat:/usr/local/cuda/lib64 PYTHONPATH=/workspace/towen/install/rosidl_cli/lib/python3.10/site-packages:/workspace/towen/build/rosidl_cli:/workspace/towen/install/webrtc_ros_msgs/local/lib/python3.10/dist-packages:/workspace/towen/install/tku_msgs/local/lib/python3.10/dist-packages:/workspace/towen/install/strategy/lib/python3.10/site-packages:/workspace/towen/install/rosidl_typesupport_introspection_cpp/local/lib/python3.10/dist-packages:/workspace/towen/install/rosidl_typesupport_introspection_c/local/lib/python3.10/dist-packages:/workspace/towen/install/rosidl_generator_cpp/local/lib/python3.10/dist-packages:/workspace/towen/install/rosidl_generator_c/local/lib/python3.10/dist-packages:/workspace/towen/install/rosidl_cmake/local/lib/python3.10/dist-packages:/workspace/towen/install/rosidl_parser/local/lib/python3.10/dist-packages:/workspace/towen/install/rosidl_adapter/local/lib/python3.10/dist-packages:/workspace/towen/install/opencv_tests/lib/python3.10/site-packages:/workspace/towen/install/motionpackage/lib/python3.10/site-packages:/workspace/towen/install/imageprocess/lib/python3.10/site-packages:/workspace/towen/install/image_geometry/local/lib/python3.10/dist-packages:/workspace/towen/install/cv_bridge/local/lib/python3.10/dist-packages:/opt/ros/humble/lib/python3.10/site-packages:/opt/ros/humble/local/lib/python3.10/dist-packages:/opt/ros/humble/install/local/lib/python3.10/dist-packages:/opt/ros/humble/install/lib/python3.10/site-packages /usr/local/bin/cmake --install /workspace/towen/build/rosidl_generator_cpp
[5.632s] -- Install configuration: ""
[5.633s] -- Up-to-date: /workspace/towen/install/rosidl_generator_cpp/share/ament_index/resource_index/rosidl_generator_packages/rosidl_generator_cpp
[5.633s] -- Up-to-date: /workspace/towen/install/rosidl_generator_cpp/share/rosidl_generator_cpp/environment/pythonpath.sh
[5.633s] -- Installing: /workspace/towen/install/rosidl_generator_cpp/share/rosidl_generator_cpp/environment/pythonpath.dsv
[5.633s] -- Up-to-date: /workspace/towen/install/rosidl_generator_cpp/local/lib/python3.10/dist-packages/rosidl_generator_cpp-3.1.7-py3.10.egg-info
[5.633s] -- Installing: /workspace/towen/install/rosidl_generator_cpp/local/lib/python3.10/dist-packages/rosidl_generator_cpp-3.1.7-py3.10.egg-info/PKG-INFO
[5.634s] -- Installing: /workspace/towen/install/rosidl_generator_cpp/local/lib/python3.10/dist-packages/rosidl_generator_cpp-3.1.7-py3.10.egg-info/entry_points.txt
[5.634s] -- Installing: /workspace/towen/install/rosidl_generator_cpp/local/lib/python3.10/dist-packages/rosidl_generator_cpp-3.1.7-py3.10.egg-info/top_level.txt
[5.634s] -- Installing: /workspace/towen/install/rosidl_generator_cpp/local/lib/python3.10/dist-packages/rosidl_generator_cpp-3.1.7-py3.10.egg-info/SOURCES.txt
[5.634s] -- Installing: /workspace/towen/install/rosidl_generator_cpp/local/lib/python3.10/dist-packages/rosidl_generator_cpp-3.1.7-py3.10.egg-info/dependency_links.txt
[5.634s] -- Up-to-date: /workspace/towen/install/rosidl_generator_cpp/local/lib/python3.10/dist-packages/rosidl_generator_cpp
[5.634s] -- Up-to-date: /workspace/towen/install/rosidl_generator_cpp/local/lib/python3.10/dist-packages/rosidl_generator_cpp/__init__.py
[5.634s] -- Up-to-date: /workspace/towen/install/rosidl_generator_cpp/local/lib/python3.10/dist-packages/rosidl_generator_cpp/cli.py
[5.756s] Listing '/workspace/towen/install/rosidl_generator_cpp/local/lib/python3.10/dist-packages/rosidl_generator_cpp'...
[5.781s] -- Up-to-date: /workspace/towen/install/rosidl_generator_cpp/share/ament_index/resource_index/package_run_dependencies/rosidl_generator_cpp
[5.781s] -- Installing: /workspace/towen/install/rosidl_generator_cpp/share/ament_index/resource_index/parent_prefix_path/rosidl_generator_cpp
[5.781s] -- Up-to-date: /workspace/towen/install/rosidl_generator_cpp/share/rosidl_generator_cpp/environment/ament_prefix_path.sh
[5.782s] -- Installing: /workspace/towen/install/rosidl_generator_cpp/share/rosidl_generator_cpp/environment/ament_prefix_path.dsv
[5.782s] -- Up-to-date: /workspace/towen/install/rosidl_generator_cpp/share/rosidl_generator_cpp/environment/path.sh
[5.782s] -- Installing: /workspace/towen/install/rosidl_generator_cpp/share/rosidl_generator_cpp/environment/path.dsv
[5.782s] -- Up-to-date: /workspace/towen/install/rosidl_generator_cpp/share/rosidl_generator_cpp/local_setup.bash
[5.782s] -- Up-to-date: /workspace/towen/install/rosidl_generator_cpp/share/rosidl_generator_cpp/local_setup.sh
[5.782s] -- Up-to-date: /workspace/towen/install/rosidl_generator_cpp/share/rosidl_generator_cpp/local_setup.zsh
[5.782s] -- Installing: /workspace/towen/install/rosidl_generator_cpp/share/rosidl_generator_cpp/local_setup.dsv
[5.783s] -- Installing: /workspace/towen/install/rosidl_generator_cpp/share/rosidl_generator_cpp/package.dsv
[5.783s] -- Up-to-date: /workspace/towen/install/rosidl_generator_cpp/share/ament_index/resource_index/packages/rosidl_generator_cpp
[5.783s] -- Up-to-date: /workspace/towen/install/rosidl_generator_cpp/share/rosidl_generator_cpp/cmake/rosidl_generator_cpp-extras.cmake
[5.783s] -- Up-to-date: /workspace/towen/install/rosidl_generator_cpp/share/rosidl_generator_cpp/cmake/ament_cmake_export_dependencies-extras.cmake
[5.791s] -- Up-to-date: /workspace/towen/install/rosidl_generator_cpp/share/rosidl_generator_cpp/cmake/rosidl_cmake-extras.cmake
[5.791s] -- Up-to-date: /workspace/towen/install/rosidl_generator_cpp/share/rosidl_generator_cpp/cmake/rosidl_generator_cppConfig.cmake
[5.791s] -- Up-to-date: /workspace/towen/install/rosidl_generator_cpp/share/rosidl_generator_cpp/cmake/rosidl_generator_cppConfig-version.cmake
[5.791s] -- Up-to-date: /workspace/towen/install/rosidl_generator_cpp/share/rosidl_generator_cpp/package.xml
[5.791s] -- Up-to-date: /workspace/towen/install/rosidl_generator_cpp/lib/rosidl_generator_cpp/rosidl_generator_cpp
[5.792s] -- Up-to-date: /workspace/towen/install/rosidl_generator_cpp/share/rosidl_generator_cpp/cmake
[5.792s] -- Up-to-date: /workspace/towen/install/rosidl_generator_cpp/share/rosidl_generator_cpp/cmake/rosidl_generator_cpp_generate_interfaces.cmake
[5.792s] -- Up-to-date: /workspace/towen/install/rosidl_generator_cpp/share/rosidl_generator_cpp/cmake/register_cpp.cmake
[5.792s] -- Up-to-date: /workspace/towen/install/rosidl_generator_cpp/share/rosidl_generator_cpp/resource
[5.792s] -- Up-to-date: /workspace/towen/install/rosidl_generator_cpp/share/rosidl_generator_cpp/resource/idl.hpp.em
[5.792s] -- Up-to-date: /workspace/towen/install/rosidl_generator_cpp/share/rosidl_generator_cpp/resource/msg__type_support.hpp.em
[5.792s] -- Up-to-date: /workspace/towen/install/rosidl_generator_cpp/share/rosidl_generator_cpp/resource/action__struct.hpp.em
[5.793s] -- Up-to-date: /workspace/towen/install/rosidl_generator_cpp/share/rosidl_generator_cpp/resource/action__traits.hpp.em
[5.793s] -- Up-to-date: /workspace/towen/install/rosidl_generator_cpp/share/rosidl_generator_cpp/resource/idl__struct.hpp.em
[5.793s] -- Up-to-date: /workspace/towen/install/rosidl_generator_cpp/share/rosidl_generator_cpp/resource/rosidl_generator_cpp__visibility_control.hpp.in
[5.793s] -- Up-to-date: /workspace/towen/install/rosidl_generator_cpp/share/rosidl_generator_cpp/resource/msg__builder.hpp.em
[5.793s] -- Up-to-date: /workspace/towen/install/rosidl_generator_cpp/share/rosidl_generator_cpp/resource/action__builder.hpp.em
[5.797s] -- Up-to-date: /workspace/towen/install/rosidl_generator_cpp/share/rosidl_generator_cpp/resource/idl__traits.hpp.em
[5.797s] -- Up-to-date: /workspace/towen/install/rosidl_generator_cpp/share/rosidl_generator_cpp/resource/action__type_support.hpp.em
[5.797s] -- Up-to-date: /workspace/towen/install/rosidl_generator_cpp/share/rosidl_generator_cpp/resource/srv__type_support.hpp.em
[5.797s] -- Up-to-date: /workspace/towen/install/rosidl_generator_cpp/share/rosidl_generator_cpp/resource/idl__type_support.hpp.em
[5.798s] -- Up-to-date: /workspace/towen/install/rosidl_generator_cpp/share/rosidl_generator_cpp/resource/msg__traits.hpp.em
[5.798s] -- Up-to-date: /workspace/towen/install/rosidl_generator_cpp/share/rosidl_generator_cpp/resource/srv__struct.hpp.em
[5.798s] -- Up-to-date: /workspace/towen/install/rosidl_generator_cpp/share/rosidl_generator_cpp/resource/idl__builder.hpp.em
[5.798s] -- Up-to-date: /workspace/towen/install/rosidl_generator_cpp/share/rosidl_generator_cpp/resource/srv__builder.hpp.em
[5.798s] -- Up-to-date: /workspace/towen/install/rosidl_generator_cpp/share/rosidl_generator_cpp/resource/msg__struct.hpp.em
[5.798s] -- Up-to-date: /workspace/towen/install/rosidl_generator_cpp/share/rosidl_generator_cpp/resource/srv__traits.hpp.em
[5.851s] Invoked command in '/workspace/towen/build/rosidl_generator_cpp' returned '0': AMENT_PREFIX_PATH=/workspace/towen/install/rosidl_cli:/workspace/towen/install/zed_ros2:/workspace/towen/install/zed_wrapper:/workspace/towen/install/zed_components:/workspace/towen/install/webrtc_ros_msgs:/workspace/towen/install/web_video_server:/workspace/towen/install/vision_opencv:/workspace/towen/install/usb_cam:/workspace/towen/install/tku_msgs:/workspace/towen/install/strategy:/workspace/towen/install/rosidl_typesupport_introspection_tests:/workspace/towen/install/rosidl_typesupport_introspection_cpp:/workspace/towen/install/rosidl_typesupport_introspection_c:/workspace/towen/install/rosidl_generator_cpp:/workspace/towen/install/rosidl_runtime_cpp:/workspace/towen/install/rosidl_runtime_c:/workspace/towen/install/rosidl_generator_c:/workspace/towen/install/rosidl_typesupport_interface:/workspace/towen/install/rosidl_cmake:/workspace/towen/install/rosidl_parser:/workspace/towen/install/rosidl_adapter:/workspace/towen/install/opencv_tests:/workspace/towen/install/motionpackage:/workspace/towen/install/imageprocess:/workspace/towen/install/image_geometry:/workspace/towen/install/cv_bridge:/opt/ros/humble:/opt/ros/humble/install:/opt/ros/humble/install BYOBU_DATE=%Y-%m-%d CMAKE_PREFIX_PATH=/workspace/towen/install/rosidl_generator_c:/workspace/towen/install/rosidl_cmake:/workspace/towen/install/rosidl_runtime_cpp:/workspace/towen/install/rosidl_parser:/workspace/towen/install/rosidl_runtime_c:/workspace/towen/install/rosidl_adapter:/workspace/towen/install/rosidl_typesupport_interface:/workspace/towen/install/zed_ros2:/workspace/towen/install/zed_wrapper:/workspace/towen/install/zed_components:/workspace/towen/install/webrtc_ros_msgs:/workspace/towen/install/web_video_server:/workspace/towen/install/vision_opencv:/workspace/towen/install/usb_cam:/workspace/towen/install/tku_msgs:/workspace/towen/install/rosidl_typesupport_introspection_tests:/workspace/towen/install/rosidl_typesupport_introspection_cpp:/workspace/towen/install/rosidl_typesupport_introspection_c:/workspace/towen/install/rosidl_generator_cpp:/workspace/towen/install/image_geometry:/workspace/towen/install/cv_bridge:/opt/ros/humble/install:/workspace/towen/install/strategy:/workspace/towen/install/rosidl_cli:/workspace/towen/install/opencv_tests:/workspace/towen/install/motionpackage:/workspace/towen/install/imageprocess:/opt/ros/humble LD_LIBRARY_PATH=/workspace/towen/install/rosidl_runtime_c/lib:/workspace/towen/install/zed_components/lib:/workspace/towen/install/webrtc_ros_msgs/lib:/workspace/towen/install/usb_cam/lib:/workspace/towen/install/tku_msgs/lib:/workspace/towen/install/rosidl_typesupport_introspection_cpp/lib:/workspace/towen/install/rosidl_typesupport_introspection_c/lib:/workspace/towen/install/image_geometry/lib:/workspace/towen/install/cv_bridge/lib:/opt/ros/humble/opt/rviz_ogre_vendor/lib:/opt/ros/humble/lib/aarch64-linux-gnu:/opt/ros/humble/lib:/opt/ros/humble/install/opt/rviz_ogre_vendor/lib:/opt/ros/humble/install/lib:/usr/local/cuda/compat:/usr/local/cuda/lib64 PYTHONPATH=/workspace/towen/install/rosidl_cli/lib/python3.10/site-packages:/workspace/towen/build/rosidl_cli:/workspace/towen/install/webrtc_ros_msgs/local/lib/python3.10/dist-packages:/workspace/towen/install/tku_msgs/local/lib/python3.10/dist-packages:/workspace/towen/install/strategy/lib/python3.10/site-packages:/workspace/towen/install/rosidl_typesupport_introspection_cpp/local/lib/python3.10/dist-packages:/workspace/towen/install/rosidl_typesupport_introspection_c/local/lib/python3.10/dist-packages:/workspace/towen/install/rosidl_generator_cpp/local/lib/python3.10/dist-packages:/workspace/towen/install/rosidl_generator_c/local/lib/python3.10/dist-packages:/workspace/towen/install/rosidl_cmake/local/lib/python3.10/dist-packages:/workspace/towen/install/rosidl_parser/local/lib/python3.10/dist-packages:/workspace/towen/install/rosidl_adapter/local/lib/python3.10/dist-packages:/workspace/towen/install/opencv_tests/lib/python3.10/site-packages:/workspace/towen/install/motionpackage/lib/python3.10/site-packages:/workspace/towen/install/imageprocess/lib/python3.10/site-packages:/workspace/towen/install/image_geometry/local/lib/python3.10/dist-packages:/workspace/towen/install/cv_bridge/local/lib/python3.10/dist-packages:/opt/ros/humble/lib/python3.10/site-packages:/opt/ros/humble/local/lib/python3.10/dist-packages:/opt/ros/humble/install/local/lib/python3.10/dist-packages:/opt/ros/humble/install/lib/python3.10/site-packages /usr/local/bin/cmake --install /workspace/towen/build/rosidl_generator_cpp
