-- Found ament_cmake_ros: 0.10.0 (/opt/ros/humble/install/share/ament_cmake_ros/cmake)
-- Found async_web_server_cpp: 2.0.0 (/opt/ros/humble/share/async_web_server_cpp/cmake)
[33mCMake Warning (dev) at /usr/local/lib/python3.10/dist-packages/cmake/data/share/cmake-3.30/Modules/CMakeFindDependencyMacro.cmake:76 (find_package):
  Policy CMP0167 is not set: The FindBoost module is removed.  Run "cmake
  --help-policy CMP0167" for policy details.  Use the cmake_policy command to
  set the policy and suppress this warning.

Call Stack (most recent call first):
  /opt/ros/humble/share/async_web_server_cpp/cmake/find_dependencies.cmake:2 (find_dependency)
  /opt/ros/humble/share/async_web_server_cpp/cmake/async_web_server_cppConfig.cmake:41 (include)
  CMakeLists.txt:6 (find_package)
This warning is for project developers.  Use -Wno-dev to suppress it.
[0m
-- Found Boost: /usr/lib/aarch64-linux-gnu/cmake/Boost-1.74.0/BoostConfig.cmake (found suitable version "1.74.0", minimum required is "1.74.0") found components: filesystem regex thread
-- Found cv_bridge: 3.2.1 (/workspace/towen/install/cv_bridge/share/cv_bridge/cmake)
-- Found rosidl_generator_c: 3.1.5 (/opt/ros/humble/install/share/rosidl_generator_c/cmake)
-- Found rosidl_adapter: 3.1.5 (/opt/ros/humble/install/share/rosidl_adapter/cmake)
-- Found rosidl_generator_cpp: 3.1.5 (/opt/ros/humble/install/share/rosidl_generator_cpp/cmake)
-- Using all available rosidl_typesupport_c: rosidl_typesupport_introspection_c;rosidl_typesupport_fastrtps_c
-- Using all available rosidl_typesupport_cpp: rosidl_typesupport_introspection_cpp;rosidl_typesupport_fastrtps_cpp
-- Found image_transport: 3.1.9 (/opt/ros/humble/install/share/image_transport/cmake)
-- Found rmw_implementation_cmake: 6.1.2 (/opt/ros/humble/install/share/rmw_implementation_cmake/cmake)
-- Found rmw_fastrtps_cpp: 6.2.7 (/opt/ros/humble/install/share/rmw_fastrtps_cpp/cmake)
-- Using RMW implementation 'rmw_fastrtps_cpp' as default
[33mCMake Warning (dev) at CMakeLists.txt:13 (find_package):
  Policy CMP0167 is not set: The FindBoost module is removed.  Run "cmake
  --help-policy CMP0167" for policy details.  Use the cmake_policy command to
  set the policy and suppress this warning.

This warning is for project developers.  Use -Wno-dev to suppress it.
[0m
-- Found Boost: /usr/lib/aarch64-linux-gnu/cmake/Boost-1.74.0/BoostConfig.cmake (found version "1.74.0") found components: thread
-- Configuring done (2.0s)
[33mCMake Warning at CMakeLists.txt:43 (add_executable):
  Cannot generate a safe runtime search path for target web_video_server
  because there is a cycle in the constraint graph:

    dir 0 is [/opt/ros/humble/lib]
      dir 1 must precede it due to runtime library [libcv_bridge.so]
      dir 2 must precede it due to runtime library [libimage_transport.so]
    dir 1 is [/workspace/towen/install/cv_bridge/lib]
    dir 2 is [/opt/ros/humble/install/lib]
      dir 1 must precede it due to runtime library [libcv_bridge.so]

  Some of these libraries may not be found correctly.

[0m
-- Generating done (0.1s)
-- Build files have been written to: /workspace/towen/build/web_video_server
[  9%] [32mBuilding CXX object CMakeFiles/web_video_server.dir/src/web_video_server.cpp.o[0m
[ 18%] [32mBuilding CXX object CMakeFiles/web_video_server.dir/src/image_streamer.cpp.o[0m
[ 27%] [32m[1mLinking CXX executable web_video_server[0m
[100%] Built target web_video_server
-- Install configuration: ""
-- Installing: /workspace/towen/install/web_video_server/lib/web_video_server/web_video_server
-- Set non-toolchain portion of runtime path of "/workspace/towen/install/web_video_server/lib/web_video_server/web_video_server" to ""
-- Up-to-date: /workspace/towen/install/web_video_server/include/web_video_server
-- Up-to-date: /workspace/towen/install/web_video_server/include/web_video_server/vp8_streamer.h
-- Up-to-date: /workspace/towen/install/web_video_server/include/web_video_server/vp9_streamer.h
-- Up-to-date: /workspace/towen/install/web_video_server/include/web_video_server/h264_streamer.h
-- Up-to-date: /workspace/towen/install/web_video_server/include/web_video_server/png_streamers.h
-- Up-to-date: /workspace/towen/install/web_video_server/include/web_video_server/libav_streamer.h
-- Up-to-date: /workspace/towen/install/web_video_server/include/web_video_server/jpeg_streamers.h
-- Up-to-date: /workspace/towen/install/web_video_server/include/web_video_server/web_video_server.h
-- Up-to-date: /workspace/towen/install/web_video_server/include/web_video_server/image_streamer.h
-- Up-to-date: /workspace/towen/install/web_video_server/include/web_video_server/ros_compressed_streamer.h
-- Up-to-date: /workspace/towen/install/web_video_server/include/web_video_server/multipart_stream.h
-- Up-to-date: /workspace/towen/install/web_video_server/share/ament_index/resource_index/package_run_dependencies/web_video_server
-- Installing: /workspace/towen/install/web_video_server/share/ament_index/resource_index/parent_prefix_path/web_video_server
-- Up-to-date: /workspace/towen/install/web_video_server/share/web_video_server/environment/ament_prefix_path.sh
-- Installing: /workspace/towen/install/web_video_server/share/web_video_server/environment/ament_prefix_path.dsv
-- Up-to-date: /workspace/towen/install/web_video_server/share/web_video_server/environment/path.sh
-- Installing: /workspace/towen/install/web_video_server/share/web_video_server/environment/path.dsv
-- Up-to-date: /workspace/towen/install/web_video_server/share/web_video_server/local_setup.bash
-- Up-to-date: /workspace/towen/install/web_video_server/share/web_video_server/local_setup.sh
-- Up-to-date: /workspace/towen/install/web_video_server/share/web_video_server/local_setup.zsh
-- Installing: /workspace/towen/install/web_video_server/share/web_video_server/local_setup.dsv
-- Installing: /workspace/towen/install/web_video_server/share/web_video_server/package.dsv
-- Up-to-date: /workspace/towen/install/web_video_server/share/ament_index/resource_index/packages/web_video_server
-- Up-to-date: /workspace/towen/install/web_video_server/share/web_video_server/cmake/web_video_serverConfig.cmake
-- Up-to-date: /workspace/towen/install/web_video_server/share/web_video_server/cmake/web_video_serverConfig-version.cmake
-- Up-to-date: /workspace/towen/install/web_video_server/share/web_video_server/package.xml
