[0.090s] Invoking command in '/workspace/towen/build/web_video_server': BYOBU_DATE=%Y-%m-%d CMAKE_PREFIX_PATH=/workspace/towen/install/cv_bridge:/workspace/towen/install/zed_ros2:/workspace/towen/install/zed_wrapper:/workspace/towen/install/zed_components:/workspace/towen/install/webrtc_ros_msgs:/workspace/towen/install/web_video_server:/workspace/towen/install/vision_opencv:/workspace/towen/install/usb_cam:/workspace/towen/install/tku_msgs:/workspace/towen/install/rosidl_typesupport_introspection_tests:/workspace/towen/install/rosidl_typesupport_introspection_cpp:/workspace/towen/install/rosidl_typesupport_introspection_c:/workspace/towen/install/rosidl_generator_cpp:/workspace/towen/install/rosidl_runtime_cpp:/workspace/towen/install/rosidl_runtime_c:/workspace/towen/install/rosidl_generator_c:/workspace/towen/install/rosidl_typesupport_interface:/workspace/towen/install/rosidl_cmake:/workspace/towen/install/rosidl_parser:/workspace/towen/install/rosidl_adapter:/workspace/towen/install/image_geometry:/opt/ros/humble/install:/workspace/towen/install/strategy:/workspace/towen/install/rosidl_cli:/workspace/towen/install/opencv_tests:/workspace/towen/install/motionpackage:/workspace/towen/install/imageprocess:/opt/ros/humble LD_LIBRARY_PATH=/workspace/towen/install/cv_bridge/lib:/workspace/towen/install/zed_components/lib:/workspace/towen/install/webrtc_ros_msgs/lib:/workspace/towen/install/usb_cam/lib:/workspace/towen/install/tku_msgs/lib:/workspace/towen/install/rosidl_typesupport_introspection_cpp/lib:/workspace/towen/install/rosidl_typesupport_introspection_c/lib:/workspace/towen/install/rosidl_runtime_c/lib:/workspace/towen/install/image_geometry/lib:/opt/ros/humble/opt/rviz_ogre_vendor/lib:/opt/ros/humble/lib/aarch64-linux-gnu:/opt/ros/humble/lib:/opt/ros/humble/install/opt/rviz_ogre_vendor/lib:/opt/ros/humble/install/lib:/usr/local/cuda/compat:/usr/local/cuda/lib64 /usr/local/bin/cmake --build /workspace/towen/build/web_video_server -- -j6 -l6
[0.483s] -- Found ament_cmake_ros: 0.10.0 (/opt/ros/humble/install/share/ament_cmake_ros/cmake)
[1.098s] -- Found async_web_server_cpp: 2.0.0 (/opt/ros/humble/share/async_web_server_cpp/cmake)
[1.102s] [33mCMake Warning (dev) at /usr/local/lib/python3.10/dist-packages/cmake/data/share/cmake-3.30/Modules/CMakeFindDependencyMacro.cmake:76 (find_package):
[1.105s]   Policy CMP0167 is not set: The FindBoost module is removed.  Run "cmake
[1.107s]   --help-policy CMP0167" for policy details.  Use the cmake_policy command to
[1.108s]   set the policy and suppress this warning.
[1.109s] 
[1.109s] Call Stack (most recent call first):
[1.110s]   /opt/ros/humble/share/async_web_server_cpp/cmake/find_dependencies.cmake:2 (find_dependency)
[1.110s]   /opt/ros/humble/share/async_web_server_cpp/cmake/async_web_server_cppConfig.cmake:41 (include)
[1.110s]   CMakeLists.txt:6 (find_package)
[1.110s] This warning is for project developers.  Use -Wno-dev to suppress it.
[1.110s] [0m
[1.141s] -- Found Boost: /usr/lib/aarch64-linux-gnu/cmake/Boost-1.74.0/BoostConfig.cmake (found suitable version "1.74.0", minimum required is "1.74.0") found components: filesystem regex thread
[1.147s] -- Found cv_bridge: 3.2.1 (/workspace/towen/install/cv_bridge/share/cv_bridge/cmake)
[1.253s] -- Found rosidl_generator_c: 3.1.5 (/opt/ros/humble/install/share/rosidl_generator_c/cmake)
[1.261s] -- Found rosidl_adapter: 3.1.5 (/opt/ros/humble/install/share/rosidl_adapter/cmake)
[1.279s] -- Found rosidl_generator_cpp: 3.1.5 (/opt/ros/humble/install/share/rosidl_generator_cpp/cmake)
[1.320s] -- Using all available rosidl_typesupport_c: rosidl_typesupport_introspection_c;rosidl_typesupport_fastrtps_c
[1.393s] -- Using all available rosidl_typesupport_cpp: rosidl_typesupport_introspection_cpp;rosidl_typesupport_fastrtps_cpp
[1.552s] -- Found image_transport: 3.1.9 (/opt/ros/humble/install/share/image_transport/cmake)
[1.647s] -- Found rmw_implementation_cmake: 6.1.2 (/opt/ros/humble/install/share/rmw_implementation_cmake/cmake)
[1.653s] -- Found rmw_fastrtps_cpp: 6.2.7 (/opt/ros/humble/install/share/rmw_fastrtps_cpp/cmake)
[1.993s] -- Using RMW implementation 'rmw_fastrtps_cpp' as default
[2.175s] [33mCMake Warning (dev) at CMakeLists.txt:13 (find_package):
[2.176s]   Policy CMP0167 is not set: The FindBoost module is removed.  Run "cmake
[2.176s]   --help-policy CMP0167" for policy details.  Use the cmake_policy command to
[2.176s]   set the policy and suppress this warning.
[2.176s] 
[2.176s] This warning is for project developers.  Use -Wno-dev to suppress it.
[2.177s] [0m
[2.184s] -- Found Boost: /usr/lib/aarch64-linux-gnu/cmake/Boost-1.74.0/BoostConfig.cmake (found version "1.74.0") found components: thread
[2.417s] -- Configuring done (2.0s)
[2.471s] [33mCMake Warning at CMakeLists.txt:43 (add_executable):
[2.472s]   Cannot generate a safe runtime search path for target web_video_server
[2.472s]   because there is a cycle in the constraint graph:
[2.472s] 
[2.472s]     dir 0 is [/opt/ros/humble/lib]
[2.472s]       dir 1 must precede it due to runtime library [libcv_bridge.so]
[2.472s]       dir 2 must precede it due to runtime library [libimage_transport.so]
[2.473s]     dir 1 is [/workspace/towen/install/cv_bridge/lib]
[2.473s]     dir 2 is [/opt/ros/humble/install/lib]
[2.473s]       dir 1 must precede it due to runtime library [libcv_bridge.so]
[2.473s] 
[2.474s]   Some of these libraries may not be found correctly.
[2.474s] 
[2.474s] [0m
[2.482s] -- Generating done (0.1s)
[2.483s] -- Build files have been written to: /workspace/towen/build/web_video_server
[2.861s] [  9%] [32mBuilding CXX object CMakeFiles/web_video_server.dir/src/web_video_server.cpp.o[0m
[2.863s] [ 18%] [32mBuilding CXX object CMakeFiles/web_video_server.dir/src/image_streamer.cpp.o[0m
[29.489s] [ 27%] [32m[1mLinking CXX executable web_video_server[0m
[32.518s] [100%] Built target web_video_server
[32.575s] Invoked command in '/workspace/towen/build/web_video_server' returned '0': BYOBU_DATE=%Y-%m-%d CMAKE_PREFIX_PATH=/workspace/towen/install/cv_bridge:/workspace/towen/install/zed_ros2:/workspace/towen/install/zed_wrapper:/workspace/towen/install/zed_components:/workspace/towen/install/webrtc_ros_msgs:/workspace/towen/install/web_video_server:/workspace/towen/install/vision_opencv:/workspace/towen/install/usb_cam:/workspace/towen/install/tku_msgs:/workspace/towen/install/rosidl_typesupport_introspection_tests:/workspace/towen/install/rosidl_typesupport_introspection_cpp:/workspace/towen/install/rosidl_typesupport_introspection_c:/workspace/towen/install/rosidl_generator_cpp:/workspace/towen/install/rosidl_runtime_cpp:/workspace/towen/install/rosidl_runtime_c:/workspace/towen/install/rosidl_generator_c:/workspace/towen/install/rosidl_typesupport_interface:/workspace/towen/install/rosidl_cmake:/workspace/towen/install/rosidl_parser:/workspace/towen/install/rosidl_adapter:/workspace/towen/install/image_geometry:/opt/ros/humble/install:/workspace/towen/install/strategy:/workspace/towen/install/rosidl_cli:/workspace/towen/install/opencv_tests:/workspace/towen/install/motionpackage:/workspace/towen/install/imageprocess:/opt/ros/humble LD_LIBRARY_PATH=/workspace/towen/install/cv_bridge/lib:/workspace/towen/install/zed_components/lib:/workspace/towen/install/webrtc_ros_msgs/lib:/workspace/towen/install/usb_cam/lib:/workspace/towen/install/tku_msgs/lib:/workspace/towen/install/rosidl_typesupport_introspection_cpp/lib:/workspace/towen/install/rosidl_typesupport_introspection_c/lib:/workspace/towen/install/rosidl_runtime_c/lib:/workspace/towen/install/image_geometry/lib:/opt/ros/humble/opt/rviz_ogre_vendor/lib:/opt/ros/humble/lib/aarch64-linux-gnu:/opt/ros/humble/lib:/opt/ros/humble/install/opt/rviz_ogre_vendor/lib:/opt/ros/humble/install/lib:/usr/local/cuda/compat:/usr/local/cuda/lib64 /usr/local/bin/cmake --build /workspace/towen/build/web_video_server -- -j6 -l6
[32.911s] Invoking command in '/workspace/towen/build/web_video_server': BYOBU_DATE=%Y-%m-%d CMAKE_PREFIX_PATH=/workspace/towen/install/cv_bridge:/workspace/towen/install/zed_ros2:/workspace/towen/install/zed_wrapper:/workspace/towen/install/zed_components:/workspace/towen/install/webrtc_ros_msgs:/workspace/towen/install/web_video_server:/workspace/towen/install/vision_opencv:/workspace/towen/install/usb_cam:/workspace/towen/install/tku_msgs:/workspace/towen/install/rosidl_typesupport_introspection_tests:/workspace/towen/install/rosidl_typesupport_introspection_cpp:/workspace/towen/install/rosidl_typesupport_introspection_c:/workspace/towen/install/rosidl_generator_cpp:/workspace/towen/install/rosidl_runtime_cpp:/workspace/towen/install/rosidl_runtime_c:/workspace/towen/install/rosidl_generator_c:/workspace/towen/install/rosidl_typesupport_interface:/workspace/towen/install/rosidl_cmake:/workspace/towen/install/rosidl_parser:/workspace/towen/install/rosidl_adapter:/workspace/towen/install/image_geometry:/opt/ros/humble/install:/workspace/towen/install/strategy:/workspace/towen/install/rosidl_cli:/workspace/towen/install/opencv_tests:/workspace/towen/install/motionpackage:/workspace/towen/install/imageprocess:/opt/ros/humble LD_LIBRARY_PATH=/workspace/towen/install/cv_bridge/lib:/workspace/towen/install/zed_components/lib:/workspace/towen/install/webrtc_ros_msgs/lib:/workspace/towen/install/usb_cam/lib:/workspace/towen/install/tku_msgs/lib:/workspace/towen/install/rosidl_typesupport_introspection_cpp/lib:/workspace/towen/install/rosidl_typesupport_introspection_c/lib:/workspace/towen/install/rosidl_runtime_c/lib:/workspace/towen/install/image_geometry/lib:/opt/ros/humble/opt/rviz_ogre_vendor/lib:/opt/ros/humble/lib/aarch64-linux-gnu:/opt/ros/humble/lib:/opt/ros/humble/install/opt/rviz_ogre_vendor/lib:/opt/ros/humble/install/lib:/usr/local/cuda/compat:/usr/local/cuda/lib64 /usr/local/bin/cmake --install /workspace/towen/build/web_video_server
[33.096s] -- Install configuration: ""
[33.097s] -- Installing: /workspace/towen/install/web_video_server/lib/web_video_server/web_video_server
[33.110s] -- Set non-toolchain portion of runtime path of "/workspace/towen/install/web_video_server/lib/web_video_server/web_video_server" to ""
[33.110s] -- Up-to-date: /workspace/towen/install/web_video_server/include/web_video_server
[33.111s] -- Up-to-date: /workspace/towen/install/web_video_server/include/web_video_server/vp8_streamer.h
[33.111s] -- Up-to-date: /workspace/towen/install/web_video_server/include/web_video_server/vp9_streamer.h
[33.112s] -- Up-to-date: /workspace/towen/install/web_video_server/include/web_video_server/h264_streamer.h
[33.112s] -- Up-to-date: /workspace/towen/install/web_video_server/include/web_video_server/png_streamers.h
[33.112s] -- Up-to-date: /workspace/towen/install/web_video_server/include/web_video_server/libav_streamer.h
[33.113s] -- Up-to-date: /workspace/towen/install/web_video_server/include/web_video_server/jpeg_streamers.h
[33.113s] -- Up-to-date: /workspace/towen/install/web_video_server/include/web_video_server/web_video_server.h
[33.114s] -- Up-to-date: /workspace/towen/install/web_video_server/include/web_video_server/image_streamer.h
[33.114s] -- Up-to-date: /workspace/towen/install/web_video_server/include/web_video_server/ros_compressed_streamer.h
[33.114s] -- Up-to-date: /workspace/towen/install/web_video_server/include/web_video_server/multipart_stream.h
[33.115s] -- Up-to-date: /workspace/towen/install/web_video_server/share/ament_index/resource_index/package_run_dependencies/web_video_server
[33.115s] -- Installing: /workspace/towen/install/web_video_server/share/ament_index/resource_index/parent_prefix_path/web_video_server
[33.116s] -- Up-to-date: /workspace/towen/install/web_video_server/share/web_video_server/environment/ament_prefix_path.sh
[33.117s] -- Installing: /workspace/towen/install/web_video_server/share/web_video_server/environment/ament_prefix_path.dsv
[33.118s] -- Up-to-date: /workspace/towen/install/web_video_server/share/web_video_server/environment/path.sh
[33.118s] -- Installing: /workspace/towen/install/web_video_server/share/web_video_server/environment/path.dsv
[33.119s] -- Up-to-date: /workspace/towen/install/web_video_server/share/web_video_server/local_setup.bash
[33.119s] -- Up-to-date: /workspace/towen/install/web_video_server/share/web_video_server/local_setup.sh
[33.120s] -- Up-to-date: /workspace/towen/install/web_video_server/share/web_video_server/local_setup.zsh
[33.120s] -- Installing: /workspace/towen/install/web_video_server/share/web_video_server/local_setup.dsv
[33.121s] -- Installing: /workspace/towen/install/web_video_server/share/web_video_server/package.dsv
[33.122s] -- Up-to-date: /workspace/towen/install/web_video_server/share/ament_index/resource_index/packages/web_video_server
[33.122s] -- Up-to-date: /workspace/towen/install/web_video_server/share/web_video_server/cmake/web_video_serverConfig.cmake
[33.123s] -- Up-to-date: /workspace/towen/install/web_video_server/share/web_video_server/cmake/web_video_serverConfig-version.cmake
[33.123s] -- Up-to-date: /workspace/towen/install/web_video_server/share/web_video_server/package.xml
[33.165s] Invoked command in '/workspace/towen/build/web_video_server' returned '0': BYOBU_DATE=%Y-%m-%d CMAKE_PREFIX_PATH=/workspace/towen/install/cv_bridge:/workspace/towen/install/zed_ros2:/workspace/towen/install/zed_wrapper:/workspace/towen/install/zed_components:/workspace/towen/install/webrtc_ros_msgs:/workspace/towen/install/web_video_server:/workspace/towen/install/vision_opencv:/workspace/towen/install/usb_cam:/workspace/towen/install/tku_msgs:/workspace/towen/install/rosidl_typesupport_introspection_tests:/workspace/towen/install/rosidl_typesupport_introspection_cpp:/workspace/towen/install/rosidl_typesupport_introspection_c:/workspace/towen/install/rosidl_generator_cpp:/workspace/towen/install/rosidl_runtime_cpp:/workspace/towen/install/rosidl_runtime_c:/workspace/towen/install/rosidl_generator_c:/workspace/towen/install/rosidl_typesupport_interface:/workspace/towen/install/rosidl_cmake:/workspace/towen/install/rosidl_parser:/workspace/towen/install/rosidl_adapter:/workspace/towen/install/image_geometry:/opt/ros/humble/install:/workspace/towen/install/strategy:/workspace/towen/install/rosidl_cli:/workspace/towen/install/opencv_tests:/workspace/towen/install/motionpackage:/workspace/towen/install/imageprocess:/opt/ros/humble LD_LIBRARY_PATH=/workspace/towen/install/cv_bridge/lib:/workspace/towen/install/zed_components/lib:/workspace/towen/install/webrtc_ros_msgs/lib:/workspace/towen/install/usb_cam/lib:/workspace/towen/install/tku_msgs/lib:/workspace/towen/install/rosidl_typesupport_introspection_cpp/lib:/workspace/towen/install/rosidl_typesupport_introspection_c/lib:/workspace/towen/install/rosidl_runtime_c/lib:/workspace/towen/install/image_geometry/lib:/opt/ros/humble/opt/rviz_ogre_vendor/lib:/opt/ros/humble/lib/aarch64-linux-gnu:/opt/ros/humble/lib:/opt/ros/humble/install/opt/rviz_ogre_vendor/lib:/opt/ros/humble/install/lib:/usr/local/cuda/compat:/usr/local/cuda/lib64 /usr/local/bin/cmake --install /workspace/towen/build/web_video_server
