[0.674s] Invoking command in '/workspace/towen/build/zed_components': BYOBU_DATE=%Y-%m-%d CMAKE_PREFIX_PATH=${CMAKE_PREFIX_PATH}:/workspace/towen/install/strategy:/workspace/towen/install/rosidl_cli:/workspace/towen/install/opencv_tests:/workspace/towen/install/motionpackage:/workspace/towen/install/imageprocess:/opt/ros/humble /usr/local/bin/cmake /workspace/towen/src/zed-ros2-wrapper/zed_components -DCMAKE_BUILD_TYPE=Release -DAMENT_CMAKE_SYMLINK_INSTALL=1 -DCMAKE_INSTALL_PREFIX=/workspace/towen/install/zed_components
[1.092s] [33mCMake Warning (dev) at /usr/local/zed/zed-config.cmake:73 (find_package):
[1.092s]   Policy CMP0146 is not set: The FindCUDA module is removed.  Run "cmake
[1.093s]   --help-policy CMP0146" for policy details.  Use the cmake_policy command to
[1.093s]   set the policy and suppress this warning.
[1.093s] 
[1.093s] Call Stack (most recent call first):
[1.093s]   CMakeLists.txt:84 (find_package)
[1.093s] This warning is for project developers.  Use -Wno-dev to suppress it.
[1.093s] [0m
[1.115s] -- Found CUDA: /usr/local/cuda (found suitable version "12.6", minimum required is "12.6")
[1.117s] [33mCMake Warning (dev) at /usr/local/zed/zed-config.cmake:78 (exec_program):
[1.117s]   Policy CMP0153 is not set: The exec_program command should not be called.
[1.117s]   Run "cmake --help-policy CMP0153" for policy details.  Use the cmake_policy
[1.118s]   command to set the policy and suppress this warning.
[1.118s] 
[1.118s]   Use execute_process() instead.
[1.118s] Call Stack (most recent call first):
[1.118s]   CMakeLists.txt:84 (find_package)
[1.118s] This warning is for project developers.  Use -Wno-dev to suppress it.
[1.118s] [0m
[1.126s] [33mCMake Warning (dev) at /usr/local/zed/zed-config.cmake:79 (exec_program):
[1.126s]   Policy CMP0153 is not set: The exec_program command should not be called.
[1.127s]   Run "cmake --help-policy CMP0153" for policy details.  Use the cmake_policy
[1.127s]   command to set the policy and suppress this warning.
[1.127s] 
[1.127s]   Use execute_process() instead.
[1.127s] Call Stack (most recent call first):
[1.127s]   CMakeLists.txt:84 (find_package)
[1.127s] This warning is for project developers.  Use -Wno-dev to suppress it.
[1.127s] [0m
[1.135s] [33mCMake Warning (dev) at /usr/local/zed/zed-config.cmake:95 (exec_program):
[1.135s]   Policy CMP0153 is not set: The exec_program command should not be called.
[1.135s]   Run "cmake --help-policy CMP0153" for policy details.  Use the cmake_policy
[1.135s]   command to set the policy and suppress this warning.
[1.135s] 
[1.136s]   Use execute_process() instead.
[1.136s] Call Stack (most recent call first):
[1.136s]   CMakeLists.txt:84 (find_package)
[1.136s] This warning is for project developers.  Use -Wno-dev to suppress it.
[1.136s] [0m
[1.141s] [33mCMake Warning (dev) at /usr/local/zed/zed-config.cmake:123 (exec_program):
[1.141s]   Policy CMP0153 is not set: The exec_program command should not be called.
[1.141s]   Run "cmake --help-policy CMP0153" for policy details.  Use the cmake_policy
[1.141s]   command to set the policy and suppress this warning.
[1.141s] 
[1.142s]   Use execute_process() instead.
[1.142s] Call Stack (most recent call first):
[1.142s]   CMakeLists.txt:84 (find_package)
[1.142s] This warning is for project developers.  Use -Wno-dev to suppress it.
[1.142s] [0m
[1.158s] [33mCMake Warning (dev) at CMakeLists.txt:86 (exec_program):
[1.158s]   Policy CMP0153 is not set: The exec_program command should not be called.
[1.158s]   Run "cmake --help-policy CMP0153" for policy details.  Use the cmake_policy
[1.159s]   command to set the policy and suppress this warning.
[1.159s] 
[1.159s]   Use execute_process() instead.
[1.159s] This warning is for project developers.  Use -Wno-dev to suppress it.
[1.159s] [0m
[1.165s] [33mCMake Warning (dev) at CMakeLists.txt:91 (find_package):
[1.165s]   Policy CMP0146 is not set: The FindCUDA module is removed.  Run "cmake
[1.165s]   --help-policy CMP0146" for policy details.  Use the cmake_policy command to
[1.165s]   set the policy and suppress this warning.
[1.166s] 
[1.166s] This warning is for project developers.  Use -Wno-dev to suppress it.
[1.166s] [0m
[1.183s] -- Found CUDA: /usr/local/cuda (found version "12.6")
[1.186s] -- Found ament_cmake_auto: 1.3.10 (/opt/ros/humble/install/share/ament_cmake_auto/cmake)
[1.808s] -- Override CMake install command with custom implementation using symlinks instead of copying resources
[2.225s] -- Found rosidl_generator_c: 3.1.5 (/opt/ros/humble/install/share/rosidl_generator_c/cmake)
[2.232s] -- Found rosidl_adapter: 3.1.5 (/opt/ros/humble/install/share/rosidl_adapter/cmake)
[2.250s] -- Found rosidl_generator_cpp: 3.1.5 (/opt/ros/humble/install/share/rosidl_generator_cpp/cmake)
[2.298s] -- Using all available rosidl_typesupport_c: rosidl_typesupport_introspection_c;rosidl_typesupport_fastrtps_c
[2.347s] -- Using all available rosidl_typesupport_cpp: rosidl_typesupport_introspection_cpp;rosidl_typesupport_fastrtps_cpp
[2.894s] -- Found rmw_implementation_cmake: 6.1.2 (/opt/ros/humble/install/share/rmw_implementation_cmake/cmake)
[2.898s] -- Found rmw_fastrtps_cpp: 6.2.7 (/opt/ros/humble/install/share/rmw_fastrtps_cpp/cmake)
[3.643s] -- Using RMW implementation 'rmw_fastrtps_cpp' as default
[5.364s] -- Found eigen3_cmake_module: 0.1.1 (/opt/ros/humble/install/share/eigen3_cmake_module/cmake)
[5.376s] -- Ensuring Eigen3 include directory is part of orocos-kdl CMake target
[6.502s] -- Found ament_lint_auto: 0.12.11 (/opt/ros/humble/install/share/ament_lint_auto/cmake)
[6.963s] -- Added test 'copyright' to check source files copyright and LICENSE
[6.967s] -- Added test 'cppcheck' to perform static code analysis on C / C++ code
[6.969s] -- Configured cppcheck include dirs: /workspace/towen/src/zed-ros2-wrapper/zed_components/src/include;/workspace/towen/src/zed-ros2-wrapper/zed_components/src/zed_camera/include;/workspace/towen/src/zed-ros2-wrapper/zed_components/src/tools/include
[6.972s] -- Configured cppcheck exclude dirs and/or files: 
[6.975s] -- Added test 'lint_cmake' to check CMake code style
[6.984s] -- Added test 'uncrustify' to check C / C++ code style
[6.988s] -- Configured uncrustify additional arguments: 
[6.990s] -- Added test 'xmllint' to check XML markup files
[7.025s] -- Configuring done (6.1s)
[7.320s] -- Generating done (0.3s)
[7.323s] -- Build files have been written to: /workspace/towen/build/zed_components
[7.525s] Invoked command in '/workspace/towen/build/zed_components' returned '0': BYOBU_DATE=%Y-%m-%d CMAKE_PREFIX_PATH=${CMAKE_PREFIX_PATH}:/workspace/towen/install/strategy:/workspace/towen/install/rosidl_cli:/workspace/towen/install/opencv_tests:/workspace/towen/install/motionpackage:/workspace/towen/install/imageprocess:/opt/ros/humble /usr/local/bin/cmake /workspace/towen/src/zed-ros2-wrapper/zed_components -DCMAKE_BUILD_TYPE=Release -DAMENT_CMAKE_SYMLINK_INSTALL=1 -DCMAKE_INSTALL_PREFIX=/workspace/towen/install/zed_components
[7.526s] Invoking command in '/workspace/towen/build/zed_components': BYOBU_DATE=%Y-%m-%d CMAKE_PREFIX_PATH=${CMAKE_PREFIX_PATH}:/workspace/towen/install/strategy:/workspace/towen/install/rosidl_cli:/workspace/towen/install/opencv_tests:/workspace/towen/install/motionpackage:/workspace/towen/install/imageprocess:/opt/ros/humble /usr/local/bin/cmake --build /workspace/towen/build/zed_components -- -j6 -l6
[8.559s] [ 10%] [32m[1mLinking CXX shared library libzed_camera_one_component.so[0m
[8.559s] [ 20%] [32m[1mLinking CXX shared library libzed_camera_component.so[0m
[13.572s] [ 60%] Built target zed_camera_one_component
[14.037s] [100%] Built target zed_camera_component
[14.212s] Invoked command in '/workspace/towen/build/zed_components' returned '0': BYOBU_DATE=%Y-%m-%d CMAKE_PREFIX_PATH=${CMAKE_PREFIX_PATH}:/workspace/towen/install/strategy:/workspace/towen/install/rosidl_cli:/workspace/towen/install/opencv_tests:/workspace/towen/install/motionpackage:/workspace/towen/install/imageprocess:/opt/ros/humble /usr/local/bin/cmake --build /workspace/towen/build/zed_components -- -j6 -l6
[17.027s] Invoking command in '/workspace/towen/build/zed_components': BYOBU_DATE=%Y-%m-%d CMAKE_PREFIX_PATH=${CMAKE_PREFIX_PATH}:/workspace/towen/install/strategy:/workspace/towen/install/rosidl_cli:/workspace/towen/install/opencv_tests:/workspace/towen/install/motionpackage:/workspace/towen/install/imageprocess:/opt/ros/humble /usr/local/bin/cmake --install /workspace/towen/build/zed_components
[18.165s] -- Install configuration: "Release"
[18.170s] -- Execute custom install script
[18.179s] -- Symlinking: /workspace/towen/install/zed_components/lib/libzed_camera_component.so
[18.222s] -- Symlinking: /workspace/towen/install/zed_components/lib/libzed_camera_one_component.so
[18.257s] -- Symlinking: /workspace/towen/install/zed_components/include/zed_components//cost_traversability.hpp
[18.286s] -- Symlinking: /workspace/towen/install/zed_components/include/zed_components//sl_types.hpp
[18.325s] -- Symlinking: /workspace/towen/install/zed_components/include/zed_components//zed_camera_component.hpp
[18.381s] -- Symlinking: /workspace/towen/install/zed_components/include/zed_components//zed_camera_one_component.hpp
[18.447s] -- Symlinking: /workspace/towen/install/zed_components/include/zed_components//gnss_replay.hpp
[18.457s] -- Symlinking: /workspace/towen/install/zed_components/include/zed_components//json.hpp
[18.482s] -- Symlinking: /workspace/towen/install/zed_components/include/zed_components//sl_logging.hpp
[18.514s] -- Symlinking: /workspace/towen/install/zed_components/include/zed_components//sl_tools.hpp
[18.545s] -- Symlinking: /workspace/towen/install/zed_components/include/zed_components//sl_win_avg.hpp
[18.570s] -- Symlinking: /workspace/towen/install/zed_components/include/zed_components//visibility_control.hpp
[18.583s] -- Symlinking: /workspace/towen/install/zed_components/share/zed_components/environment/library_path.sh
[18.619s] -- Symlinking: /workspace/towen/install/zed_components/share/zed_components/environment/library_path.dsv
[18.652s] -- Symlinking: /workspace/towen/install/zed_components/share/ament_index/resource_index/package_run_dependencies/zed_components
[18.683s] -- Symlinking: /workspace/towen/install/zed_components/share/ament_index/resource_index/parent_prefix_path/zed_components
[18.734s] -- Symlinking: /workspace/towen/install/zed_components/share/zed_components/environment/ament_prefix_path.sh
[18.764s] -- Symlinking: /workspace/towen/install/zed_components/share/zed_components/environment/ament_prefix_path.dsv
[18.796s] -- Symlinking: /workspace/towen/install/zed_components/share/zed_components/environment/path.sh
[18.833s] -- Symlinking: /workspace/towen/install/zed_components/share/zed_components/environment/path.dsv
[18.847s] -- Symlinking: /workspace/towen/install/zed_components/share/zed_components/local_setup.bash
[18.884s] -- Symlinking: /workspace/towen/install/zed_components/share/zed_components/local_setup.sh
[18.912s] -- Symlinking: /workspace/towen/install/zed_components/share/zed_components/local_setup.zsh
[18.946s] -- Symlinking: /workspace/towen/install/zed_components/share/zed_components/local_setup.dsv
[18.957s] -- Symlinking: /workspace/towen/install/zed_components/share/zed_components/package.dsv
[18.969s] -- Symlinking: /workspace/towen/install/zed_components/share/ament_index/resource_index/packages/zed_components
[18.991s] -- Symlinking: /workspace/towen/install/zed_components/share/ament_index/resource_index/rclcpp_components/zed_components
[19.005s] -- Symlinking: /workspace/towen/install/zed_components/share/zed_components/cmake/ament_cmake_export_include_directories-extras.cmake
[19.037s] -- Symlinking: /workspace/towen/install/zed_components/share/zed_components/cmake/ament_cmake_export_libraries-extras.cmake
[19.080s] -- Symlinking: /workspace/towen/install/zed_components/share/zed_components/cmake/ament_cmake_export_dependencies-extras.cmake
[19.102s] -- Symlinking: /workspace/towen/install/zed_components/share/zed_components/cmake/zed_componentsConfig.cmake
[19.132s] -- Symlinking: /workspace/towen/install/zed_components/share/zed_components/cmake/zed_componentsConfig-version.cmake
[19.158s] -- Symlinking: /workspace/towen/install/zed_components/share/zed_components/package.xml
