[ 12%] Built target gtest_main
[ 25%] Built target gtest
[ 25%] Built target ament_cmake_python_copy_cv_bridge
[ 43%] Built target cv_bridge
[ 62%] Built target cv_bridge_boost
[100%] Built target cv_bridge-utest
running egg_info
writing cv_bridge.egg-info/PKG-INFO
writing dependency_links to cv_bridge.egg-info/dependency_links.txt
writing top-level names to cv_bridge.egg-info/top_level.txt
reading manifest file 'cv_bridge.egg-info/SOURCES.txt'
writing manifest file 'cv_bridge.egg-info/SOURCES.txt'
[100%] Built target ament_cmake_python_build_cv_bridge_egg
-- Install configuration: ""
-- Installing: /workspace/towen/install/cv_bridge/share/cv_bridge/environment/pythonpath.sh
-- Installing: /workspace/towen/install/cv_bridge/share/cv_bridge/environment/pythonpath.dsv
-- Installing: /workspace/towen/install/cv_bridge/local/lib/python3.10/dist-packages/cv_bridge-3.2.1-py3.10.egg-info
-- Installing: /workspace/towen/install/cv_bridge/local/lib/python3.10/dist-packages/cv_bridge-3.2.1-py3.10.egg-info/PKG-INFO
-- Installing: /workspace/towen/install/cv_bridge/local/lib/python3.10/dist-packages/cv_bridge-3.2.1-py3.10.egg-info/top_level.txt
-- Installing: /workspace/towen/install/cv_bridge/local/lib/python3.10/dist-packages/cv_bridge-3.2.1-py3.10.egg-info/SOURCES.txt
-- Installing: /workspace/towen/install/cv_bridge/local/lib/python3.10/dist-packages/cv_bridge-3.2.1-py3.10.egg-info/dependency_links.txt
-- Installing: /workspace/towen/install/cv_bridge/local/lib/python3.10/dist-packages/cv_bridge
-- Installing: /workspace/towen/install/cv_bridge/local/lib/python3.10/dist-packages/cv_bridge/core.py
-- Installing: /workspace/towen/install/cv_bridge/local/lib/python3.10/dist-packages/cv_bridge/__init__.py
Listing '/workspace/towen/install/cv_bridge/local/lib/python3.10/dist-packages/cv_bridge'...
Compiling '/workspace/towen/install/cv_bridge/local/lib/python3.10/dist-packages/cv_bridge/__init__.py'...
Compiling '/workspace/towen/install/cv_bridge/local/lib/python3.10/dist-packages/cv_bridge/core.py'...
-- Installing: /workspace/towen/install/cv_bridge/lib/libcv_bridge.so
-- Set non-toolchain portion of runtime path of "/workspace/towen/install/cv_bridge/lib/libcv_bridge.so" to ""
-- Installing: /workspace/towen/install/cv_bridge/include/cv_bridge/cv_bridge/cv_bridge_export.h
-- Installing: /workspace/towen/install/cv_bridge/local/lib/python3.10/dist-packages/cv_bridge/boost/cv_bridge_boost.so
-- Set non-toolchain portion of runtime path of "/workspace/towen/install/cv_bridge/local/lib/python3.10/dist-packages/cv_bridge/boost/cv_bridge_boost.so" to ""
-- Up-to-date: /workspace/towen/install/cv_bridge/include/cv_bridge
-- Up-to-date: /workspace/towen/install/cv_bridge/include/cv_bridge/cv_bridge
-- Installing: /workspace/towen/install/cv_bridge/include/cv_bridge/cv_bridge/rgb_colors.h
-- Installing: /workspace/towen/install/cv_bridge/include/cv_bridge/cv_bridge/cv_bridge.h
-- Up-to-date: /workspace/towen/install/cv_bridge/lib/libcv_bridge.so
-- Installing: /workspace/towen/install/cv_bridge/share/ament_index/resource_index/package_run_dependencies/cv_bridge
-- Installing: /workspace/towen/install/cv_bridge/share/ament_index/resource_index/parent_prefix_path/cv_bridge
-- Installing: /workspace/towen/install/cv_bridge/share/cv_bridge/environment/ament_prefix_path.sh
-- Installing: /workspace/towen/install/cv_bridge/share/cv_bridge/environment/ament_prefix_path.dsv
-- Installing: /workspace/towen/install/cv_bridge/share/cv_bridge/environment/path.sh
-- Installing: /workspace/towen/install/cv_bridge/share/cv_bridge/environment/path.dsv
-- Installing: /workspace/towen/install/cv_bridge/share/cv_bridge/local_setup.bash
-- Installing: /workspace/towen/install/cv_bridge/share/cv_bridge/local_setup.sh
-- Installing: /workspace/towen/install/cv_bridge/share/cv_bridge/local_setup.zsh
-- Installing: /workspace/towen/install/cv_bridge/share/cv_bridge/local_setup.dsv
-- Installing: /workspace/towen/install/cv_bridge/share/cv_bridge/package.dsv
-- Installing: /workspace/towen/install/cv_bridge/share/ament_index/resource_index/packages/cv_bridge
-- Installing: /workspace/towen/install/cv_bridge/share/cv_bridge/cmake/export_cv_bridgeExport.cmake
-- Installing: /workspace/towen/install/cv_bridge/share/cv_bridge/cmake/export_cv_bridgeExport-noconfig.cmake
-- Installing: /workspace/towen/install/cv_bridge/share/cv_bridge/cmake/cv_bridge-extras.cmake
-- Installing: /workspace/towen/install/cv_bridge/share/cv_bridge/cmake/ament_cmake_export_dependencies-extras.cmake
-- Installing: /workspace/towen/install/cv_bridge/share/cv_bridge/cmake/ament_cmake_export_targets-extras.cmake
-- Installing: /workspace/towen/install/cv_bridge/share/cv_bridge/cmake/cv_bridgeConfig.cmake
-- Installing: /workspace/towen/install/cv_bridge/share/cv_bridge/cmake/cv_bridgeConfig-version.cmake
-- Installing: /workspace/towen/install/cv_bridge/share/cv_bridge/package.xml
