[0.170s] Invoking command in '/workspace/towen/build/cv_bridge': BYOBU_DATE=%Y-%m-%d CMAKE_PREFIX_PATH=${CMAKE_PREFIX_PATH}:/workspace/towen/install/strategy:/workspace/towen/install/motionpackage:/workspace/towen/install/imageprocess:/opt/ros/humble /usr/local/bin/cmake --build /workspace/towen/build/cv_bridge -- -j6 -l6
[0.993s] [ 12%] Built target gtest_main
[0.994s] [ 25%] Built target gtest
[0.994s] [ 25%] Built target ament_cmake_python_copy_cv_bridge
[0.994s] [ 43%] Built target cv_bridge
[0.994s] [ 62%] Built target cv_bridge_boost
[0.994s] [100%] Built target cv_bridge-utest
[1.242s] running egg_info
[1.295s] writing cv_bridge.egg-info/PKG-INFO
[1.296s] writing dependency_links to cv_bridge.egg-info/dependency_links.txt
[1.297s] writing top-level names to cv_bridge.egg-info/top_level.txt
[1.459s] reading manifest file 'cv_bridge.egg-info/SOURCES.txt'
[1.462s] writing manifest file 'cv_bridge.egg-info/SOURCES.txt'
[1.557s] [100%] Built target ament_cmake_python_build_cv_bridge_egg
[1.677s] Invoked command in '/workspace/towen/build/cv_bridge' returned '0': BYOBU_DATE=%Y-%m-%d CMAKE_PREFIX_PATH=${CMAKE_PREFIX_PATH}:/workspace/towen/install/strategy:/workspace/towen/install/motionpackage:/workspace/towen/install/imageprocess:/opt/ros/humble /usr/local/bin/cmake --build /workspace/towen/build/cv_bridge -- -j6 -l6
[2.332s] Invoking command in '/workspace/towen/build/cv_bridge': BYOBU_DATE=%Y-%m-%d CMAKE_PREFIX_PATH=${CMAKE_PREFIX_PATH}:/workspace/towen/install/strategy:/workspace/towen/install/motionpackage:/workspace/towen/install/imageprocess:/opt/ros/humble /usr/local/bin/cmake --install /workspace/towen/build/cv_bridge
[2.535s] -- Install configuration: ""
[2.536s] -- Installing: /workspace/towen/install/cv_bridge/share/cv_bridge/environment/pythonpath.sh
[2.536s] -- Installing: /workspace/towen/install/cv_bridge/share/cv_bridge/environment/pythonpath.dsv
[2.536s] -- Installing: /workspace/towen/install/cv_bridge/local/lib/python3.10/dist-packages/cv_bridge-3.2.1-py3.10.egg-info
[2.537s] -- Installing: /workspace/towen/install/cv_bridge/local/lib/python3.10/dist-packages/cv_bridge-3.2.1-py3.10.egg-info/PKG-INFO
[2.537s] -- Installing: /workspace/towen/install/cv_bridge/local/lib/python3.10/dist-packages/cv_bridge-3.2.1-py3.10.egg-info/top_level.txt
[2.537s] -- Installing: /workspace/towen/install/cv_bridge/local/lib/python3.10/dist-packages/cv_bridge-3.2.1-py3.10.egg-info/SOURCES.txt
[2.537s] -- Installing: /workspace/towen/install/cv_bridge/local/lib/python3.10/dist-packages/cv_bridge-3.2.1-py3.10.egg-info/dependency_links.txt
[2.538s] -- Installing: /workspace/towen/install/cv_bridge/local/lib/python3.10/dist-packages/cv_bridge
[2.538s] -- Installing: /workspace/towen/install/cv_bridge/local/lib/python3.10/dist-packages/cv_bridge/core.py
[2.538s] -- Installing: /workspace/towen/install/cv_bridge/local/lib/python3.10/dist-packages/cv_bridge/__init__.py
[2.638s] Listing '/workspace/towen/install/cv_bridge/local/lib/python3.10/dist-packages/cv_bridge'...
[2.639s] Compiling '/workspace/towen/install/cv_bridge/local/lib/python3.10/dist-packages/cv_bridge/__init__.py'...
[2.641s] Compiling '/workspace/towen/install/cv_bridge/local/lib/python3.10/dist-packages/cv_bridge/core.py'...
[2.660s] -- Installing: /workspace/towen/install/cv_bridge/lib/libcv_bridge.so
[2.666s] -- Set non-toolchain portion of runtime path of "/workspace/towen/install/cv_bridge/lib/libcv_bridge.so" to ""
[2.667s] -- Installing: /workspace/towen/install/cv_bridge/include/cv_bridge/cv_bridge/cv_bridge_export.h
[2.667s] -- Installing: /workspace/towen/install/cv_bridge/local/lib/python3.10/dist-packages/cv_bridge/boost/cv_bridge_boost.so
[2.669s] -- Set non-toolchain portion of runtime path of "/workspace/towen/install/cv_bridge/local/lib/python3.10/dist-packages/cv_bridge/boost/cv_bridge_boost.so" to ""
[2.670s] -- Up-to-date: /workspace/towen/install/cv_bridge/include/cv_bridge
[2.670s] -- Up-to-date: /workspace/towen/install/cv_bridge/include/cv_bridge/cv_bridge
[2.670s] -- Installing: /workspace/towen/install/cv_bridge/include/cv_bridge/cv_bridge/rgb_colors.h
[2.670s] -- Installing: /workspace/towen/install/cv_bridge/include/cv_bridge/cv_bridge/cv_bridge.h
[2.671s] -- Up-to-date: /workspace/towen/install/cv_bridge/lib/libcv_bridge.so
[2.671s] -- Installing: /workspace/towen/install/cv_bridge/share/ament_index/resource_index/package_run_dependencies/cv_bridge
[2.672s] -- Installing: /workspace/towen/install/cv_bridge/share/ament_index/resource_index/parent_prefix_path/cv_bridge
[2.672s] -- Installing: /workspace/towen/install/cv_bridge/share/cv_bridge/environment/ament_prefix_path.sh
[2.672s] -- Installing: /workspace/towen/install/cv_bridge/share/cv_bridge/environment/ament_prefix_path.dsv
[2.673s] -- Installing: /workspace/towen/install/cv_bridge/share/cv_bridge/environment/path.sh
[2.673s] -- Installing: /workspace/towen/install/cv_bridge/share/cv_bridge/environment/path.dsv
[2.673s] -- Installing: /workspace/towen/install/cv_bridge/share/cv_bridge/local_setup.bash
[2.674s] -- Installing: /workspace/towen/install/cv_bridge/share/cv_bridge/local_setup.sh
[2.674s] -- Installing: /workspace/towen/install/cv_bridge/share/cv_bridge/local_setup.zsh
[2.674s] -- Installing: /workspace/towen/install/cv_bridge/share/cv_bridge/local_setup.dsv
[2.675s] -- Installing: /workspace/towen/install/cv_bridge/share/cv_bridge/package.dsv
[2.675s] -- Installing: /workspace/towen/install/cv_bridge/share/ament_index/resource_index/packages/cv_bridge
[2.675s] -- Installing: /workspace/towen/install/cv_bridge/share/cv_bridge/cmake/export_cv_bridgeExport.cmake
[2.676s] -- Installing: /workspace/towen/install/cv_bridge/share/cv_bridge/cmake/export_cv_bridgeExport-noconfig.cmake
[2.676s] -- Installing: /workspace/towen/install/cv_bridge/share/cv_bridge/cmake/cv_bridge-extras.cmake
[2.676s] -- Installing: /workspace/towen/install/cv_bridge/share/cv_bridge/cmake/ament_cmake_export_dependencies-extras.cmake
[2.676s] -- Installing: /workspace/towen/install/cv_bridge/share/cv_bridge/cmake/ament_cmake_export_targets-extras.cmake
[2.677s] -- Installing: /workspace/towen/install/cv_bridge/share/cv_bridge/cmake/cv_bridgeConfig.cmake
[2.677s] -- Installing: /workspace/towen/install/cv_bridge/share/cv_bridge/cmake/cv_bridgeConfig-version.cmake
[2.677s] -- Installing: /workspace/towen/install/cv_bridge/share/cv_bridge/package.xml
[2.722s] Invoked command in '/workspace/towen/build/cv_bridge' returned '0': BYOBU_DATE=%Y-%m-%d CMAKE_PREFIX_PATH=${CMAKE_PREFIX_PATH}:/workspace/towen/install/strategy:/workspace/towen/install/motionpackage:/workspace/towen/install/imageprocess:/opt/ros/humble /usr/local/bin/cmake --install /workspace/towen/build/cv_bridge
