[0.802s] Invoking command in '/workspace/towen/build/cv_bridge': BYOBU_DATE=%Y-%m-%d CMAKE_PREFIX_PATH=${CMAKE_PREFIX_PATH}:/workspace/towen/install/strategy:/workspace/towen/install/rosidl_cli:/workspace/towen/install/opencv_tests:/workspace/towen/install/motionpackage:/workspace/towen/install/imageprocess:/opt/ros/humble /usr/local/bin/cmake --build /workspace/towen/build/cv_bridge -- -j6 -l6
[1.250s] [  0%] Built target ament_cmake_python_copy_cv_bridge
[1.278s] [ 12%] Built target gtest_main
[1.279s] [ 31%] Built target cv_bridge
[1.296s] [ 43%] Built target gtest
[1.466s] [ 62%] Built target cv_bridge_boost
[1.505s] [100%] Built target cv_bridge-utest
[2.365s] running egg_info
[2.417s] writing cv_bridge.egg-info/PKG-INFO
[2.418s] writing dependency_links to cv_bridge.egg-info/dependency_links.txt
[2.419s] writing top-level names to cv_bridge.egg-info/top_level.txt
[2.573s] reading manifest file 'cv_bridge.egg-info/SOURCES.txt'
[2.575s] writing manifest file 'cv_bridge.egg-info/SOURCES.txt'
[2.777s] [100%] Built target ament_cmake_python_build_cv_bridge_egg
[2.845s] Invoked command in '/workspace/towen/build/cv_bridge' returned '0': BYOBU_DATE=%Y-%m-%d CMAKE_PREFIX_PATH=${CMAKE_PREFIX_PATH}:/workspace/towen/install/strategy:/workspace/towen/install/rosidl_cli:/workspace/towen/install/opencv_tests:/workspace/towen/install/motionpackage:/workspace/towen/install/imageprocess:/opt/ros/humble /usr/local/bin/cmake --build /workspace/towen/build/cv_bridge -- -j6 -l6
[3.245s] Invoking command in '/workspace/towen/build/cv_bridge': BYOBU_DATE=%Y-%m-%d CMAKE_PREFIX_PATH=${CMAKE_PREFIX_PATH}:/workspace/towen/install/strategy:/workspace/towen/install/rosidl_cli:/workspace/towen/install/opencv_tests:/workspace/towen/install/motionpackage:/workspace/towen/install/imageprocess:/opt/ros/humble /usr/local/bin/cmake --install /workspace/towen/build/cv_bridge
[3.481s] -- Install configuration: ""
[3.483s] -- Up-to-date: /workspace/towen/install/cv_bridge/share/cv_bridge/environment/pythonpath.sh
[3.484s] -- Up-to-date: /workspace/towen/install/cv_bridge/share/cv_bridge/environment/pythonpath.dsv
[3.485s] -- Up-to-date: /workspace/towen/install/cv_bridge/local/lib/python3.10/dist-packages/cv_bridge-3.2.1-py3.10.egg-info
[3.486s] -- Installing: /workspace/towen/install/cv_bridge/local/lib/python3.10/dist-packages/cv_bridge-3.2.1-py3.10.egg-info/PKG-INFO
[3.487s] -- Installing: /workspace/towen/install/cv_bridge/local/lib/python3.10/dist-packages/cv_bridge-3.2.1-py3.10.egg-info/top_level.txt
[3.488s] -- Installing: /workspace/towen/install/cv_bridge/local/lib/python3.10/dist-packages/cv_bridge-3.2.1-py3.10.egg-info/SOURCES.txt
[3.489s] -- Installing: /workspace/towen/install/cv_bridge/local/lib/python3.10/dist-packages/cv_bridge-3.2.1-py3.10.egg-info/dependency_links.txt
[3.490s] -- Up-to-date: /workspace/towen/install/cv_bridge/local/lib/python3.10/dist-packages/cv_bridge
[3.492s] -- Up-to-date: /workspace/towen/install/cv_bridge/local/lib/python3.10/dist-packages/cv_bridge/core.py
[3.493s] -- Up-to-date: /workspace/towen/install/cv_bridge/local/lib/python3.10/dist-packages/cv_bridge/__init__.py
[3.590s] Listing '/workspace/towen/install/cv_bridge/local/lib/python3.10/dist-packages/cv_bridge'...
[3.592s] Listing '/workspace/towen/install/cv_bridge/local/lib/python3.10/dist-packages/cv_bridge/boost'...
[3.606s] -- Up-to-date: /workspace/towen/install/cv_bridge/lib/libcv_bridge.so
[3.609s] -- Up-to-date: /workspace/towen/install/cv_bridge/include/cv_bridge/cv_bridge/cv_bridge_export.h
[3.610s] -- Up-to-date: /workspace/towen/install/cv_bridge/local/lib/python3.10/dist-packages/cv_bridge/boost/cv_bridge_boost.so
[3.611s] -- Up-to-date: /workspace/towen/install/cv_bridge/include/cv_bridge
[3.612s] -- Up-to-date: /workspace/towen/install/cv_bridge/include/cv_bridge/cv_bridge
[3.613s] -- Up-to-date: /workspace/towen/install/cv_bridge/include/cv_bridge/cv_bridge/rgb_colors.h
[3.615s] -- Up-to-date: /workspace/towen/install/cv_bridge/include/cv_bridge/cv_bridge/cv_bridge.h
[3.616s] -- Up-to-date: /workspace/towen/install/cv_bridge/lib/libcv_bridge.so
[3.617s] -- Up-to-date: /workspace/towen/install/cv_bridge/share/ament_index/resource_index/package_run_dependencies/cv_bridge
[3.618s] -- Up-to-date: /workspace/towen/install/cv_bridge/share/ament_index/resource_index/parent_prefix_path/cv_bridge
[3.619s] -- Up-to-date: /workspace/towen/install/cv_bridge/share/cv_bridge/environment/ament_prefix_path.sh
[3.620s] -- Up-to-date: /workspace/towen/install/cv_bridge/share/cv_bridge/environment/ament_prefix_path.dsv
[3.622s] -- Up-to-date: /workspace/towen/install/cv_bridge/share/cv_bridge/environment/path.sh
[3.623s] -- Up-to-date: /workspace/towen/install/cv_bridge/share/cv_bridge/environment/path.dsv
[3.624s] -- Up-to-date: /workspace/towen/install/cv_bridge/share/cv_bridge/local_setup.bash
[3.625s] -- Up-to-date: /workspace/towen/install/cv_bridge/share/cv_bridge/local_setup.sh
[3.627s] -- Up-to-date: /workspace/towen/install/cv_bridge/share/cv_bridge/local_setup.zsh
[3.628s] -- Up-to-date: /workspace/towen/install/cv_bridge/share/cv_bridge/local_setup.dsv
[3.629s] -- Installing: /workspace/towen/install/cv_bridge/share/cv_bridge/package.dsv
[3.630s] -- Up-to-date: /workspace/towen/install/cv_bridge/share/ament_index/resource_index/packages/cv_bridge
[3.631s] -- Up-to-date: /workspace/towen/install/cv_bridge/share/cv_bridge/cmake/export_cv_bridgeExport.cmake
[3.633s] -- Up-to-date: /workspace/towen/install/cv_bridge/share/cv_bridge/cmake/export_cv_bridgeExport-noconfig.cmake
[3.634s] -- Up-to-date: /workspace/towen/install/cv_bridge/share/cv_bridge/cmake/cv_bridge-extras.cmake
[3.635s] -- Up-to-date: /workspace/towen/install/cv_bridge/share/cv_bridge/cmake/ament_cmake_export_dependencies-extras.cmake
[3.636s] -- Up-to-date: /workspace/towen/install/cv_bridge/share/cv_bridge/cmake/ament_cmake_export_targets-extras.cmake
[3.637s] -- Up-to-date: /workspace/towen/install/cv_bridge/share/cv_bridge/cmake/cv_bridgeConfig.cmake
[3.639s] -- Up-to-date: /workspace/towen/install/cv_bridge/share/cv_bridge/cmake/cv_bridgeConfig-version.cmake
[3.640s] -- Up-to-date: /workspace/towen/install/cv_bridge/share/cv_bridge/package.xml
[3.667s] Invoked command in '/workspace/towen/build/cv_bridge' returned '0': BYOBU_DATE=%Y-%m-%d CMAKE_PREFIX_PATH=${CMAKE_PREFIX_PATH}:/workspace/towen/install/strategy:/workspace/towen/install/rosidl_cli:/workspace/towen/install/opencv_tests:/workspace/towen/install/motionpackage:/workspace/towen/install/imageprocess:/opt/ros/humble /usr/local/bin/cmake --install /workspace/towen/build/cv_bridge
