[0.043s] Invoking command in '/workspace/towen/build/zed_wrapper': AMENT_PREFIX_PATH=/workspace/towen/install/zed_components:${AMENT_PREFIX_PATH} BYOBU_DATE=%Y-%m-%d CMAKE_PREFIX_PATH=/workspace/towen/install/zed_components:/opt/ros/humble LD_LIBRARY_PATH=/workspace/towen/install/zed_components/lib:/opt/ros/humble/opt/rviz_ogre_vendor/lib:/opt/ros/humble/lib/aarch64-linux-gnu:/opt/ros/humble/lib:/usr/local/cuda/compat:/usr/local/cuda/lib64 /usr/local/bin/cmake --build /workspace/towen/build/zed_wrapper -- -j6 -l6
[0.410s] Invoked command in '/workspace/towen/build/zed_wrapper' returned '0': AMENT_PREFIX_PATH=/workspace/towen/install/zed_components:${AMENT_PREFIX_PATH} BYOBU_DATE=%Y-%m-%d CMAKE_PREFIX_PATH=/workspace/towen/install/zed_components:/opt/ros/humble LD_LIBRARY_PATH=/workspace/towen/install/zed_components/lib:/opt/ros/humble/opt/rviz_ogre_vendor/lib:/opt/ros/humble/lib/aarch64-linux-gnu:/opt/ros/humble/lib:/usr/local/cuda/compat:/usr/local/cuda/lib64 /usr/local/bin/cmake --build /workspace/towen/build/zed_wrapper -- -j6 -l6
[0.708s] Invoking command in '/workspace/towen/build/zed_wrapper': AMENT_PREFIX_PATH=/workspace/towen/install/zed_components:${AMENT_PREFIX_PATH} BYOBU_DATE=%Y-%m-%d CMAKE_PREFIX_PATH=/workspace/towen/install/zed_components:/opt/ros/humble LD_LIBRARY_PATH=/workspace/towen/install/zed_components/lib:/opt/ros/humble/opt/rviz_ogre_vendor/lib:/opt/ros/humble/lib/aarch64-linux-gnu:/opt/ros/humble/lib:/usr/local/cuda/compat:/usr/local/cuda/lib64 /usr/local/bin/cmake --install /workspace/towen/build/zed_wrapper
[0.876s] -- Install configuration: ""
[0.876s] -- Execute custom install script
[0.877s] -- Up-to-date symlink: /workspace/towen/install/zed_wrapper/share/zed_wrapper/config/common_mono.yaml
[0.878s] -- Up-to-date symlink: /workspace/towen/install/zed_wrapper/share/zed_wrapper/config/common_stereo.yaml
[0.878s] -- Up-to-date symlink: /workspace/towen/install/zed_wrapper/share/zed_wrapper/config/ffmpeg.yaml
[0.880s] -- Up-to-date symlink: /workspace/towen/install/zed_wrapper/share/zed_wrapper/config/virtual.yaml
[0.880s] -- Up-to-date symlink: /workspace/towen/install/zed_wrapper/share/zed_wrapper/config/zed.yaml
[0.880s] -- Up-to-date symlink: /workspace/towen/install/zed_wrapper/share/zed_wrapper/config/zed2.yaml
[0.881s] -- Up-to-date symlink: /workspace/towen/install/zed_wrapper/share/zed_wrapper/config/zed2i.yaml
[0.881s] -- Up-to-date symlink: /workspace/towen/install/zed_wrapper/share/zed_wrapper/config/zedm.yaml
[0.881s] -- Up-to-date symlink: /workspace/towen/install/zed_wrapper/share/zed_wrapper/config/zedx.yaml
[0.881s] -- Up-to-date symlink: /workspace/towen/install/zed_wrapper/share/zed_wrapper/config/zedxm.yaml
[0.881s] -- Up-to-date symlink: /workspace/towen/install/zed_wrapper/share/zed_wrapper/config/zedxone4k.yaml
[0.881s] -- Up-to-date symlink: /workspace/towen/install/zed_wrapper/share/zed_wrapper/config/zedxonegs.yaml
[0.882s] -- Up-to-date symlink: /workspace/towen/install/zed_wrapper/share/zed_wrapper/urdf/include/materials.urdf.xacro
[0.883s] -- Up-to-date symlink: /workspace/towen/install/zed_wrapper/share/zed_wrapper/urdf/zed_descr.urdf.xacro
[0.883s] -- Up-to-date symlink: /workspace/towen/install/zed_wrapper/share/zed_wrapper/urdf/zed_macro.urdf.xacro
[0.883s] -- Up-to-date symlink: /workspace/towen/install/zed_wrapper/share/zed_wrapper/launch/zed_camera.launch.py
[0.883s] -- Up-to-date symlink: /workspace/towen/install/zed_wrapper/share/ament_index/resource_index/package_run_dependencies/zed_wrapper
[0.883s] -- Up-to-date symlink: /workspace/towen/install/zed_wrapper/share/ament_index/resource_index/parent_prefix_path/zed_wrapper
[0.884s] -- Up-to-date symlink: /workspace/towen/install/zed_wrapper/share/zed_wrapper/environment/ament_prefix_path.sh
[0.884s] -- Up-to-date symlink: /workspace/towen/install/zed_wrapper/share/zed_wrapper/environment/ament_prefix_path.dsv
[0.884s] -- Up-to-date symlink: /workspace/towen/install/zed_wrapper/share/zed_wrapper/environment/path.sh
[0.884s] -- Up-to-date symlink: /workspace/towen/install/zed_wrapper/share/zed_wrapper/environment/path.dsv
[0.884s] -- Up-to-date symlink: /workspace/towen/install/zed_wrapper/share/zed_wrapper/local_setup.bash
[0.885s] -- Up-to-date symlink: /workspace/towen/install/zed_wrapper/share/zed_wrapper/local_setup.sh
[0.885s] -- Up-to-date symlink: /workspace/towen/install/zed_wrapper/share/zed_wrapper/local_setup.zsh
[0.886s] -- Up-to-date symlink: /workspace/towen/install/zed_wrapper/share/zed_wrapper/local_setup.dsv
[0.887s] -- Symlinking: /workspace/towen/install/zed_wrapper/share/zed_wrapper/package.dsv
[0.896s] -- Up-to-date symlink: /workspace/towen/install/zed_wrapper/share/ament_index/resource_index/packages/zed_wrapper
[0.897s] -- Up-to-date symlink: /workspace/towen/install/zed_wrapper/share/zed_wrapper/cmake/zed_wrapperConfig.cmake
[0.898s] -- Up-to-date symlink: /workspace/towen/install/zed_wrapper/share/zed_wrapper/cmake/zed_wrapperConfig-version.cmake
[0.899s] -- Up-to-date symlink: /workspace/towen/install/zed_wrapper/share/zed_wrapper/package.xml
[1.263s] Invoked command in '/workspace/towen/build/zed_wrapper' returned '0': AMENT_PREFIX_PATH=/workspace/towen/install/zed_components:${AMENT_PREFIX_PATH} BYOBU_DATE=%Y-%m-%d CMAKE_PREFIX_PATH=/workspace/towen/install/zed_components:/opt/ros/humble LD_LIBRARY_PATH=/workspace/towen/install/zed_components/lib:/opt/ros/humble/opt/rviz_ogre_vendor/lib:/opt/ros/humble/lib/aarch64-linux-gnu:/opt/ros/humble/lib:/usr/local/cuda/compat:/usr/local/cuda/lib64 /usr/local/bin/cmake --install /workspace/towen/build/zed_wrapper
