[0.701s] Invoking command in '/workspace/towen/build/cv_bridge': CMAKE_PREFIX_PATH=${CMAKE_PREFIX_PATH}:/workspace/towen/install/strategy:/workspace/towen/install/rosidl_cli:/workspace/towen/install/opencv_tests:/workspace/towen/install/motionpackage:/workspace/towen/install/imageprocess:/opt/ros/humble /usr/local/bin/cmake --build /workspace/towen/build/cv_bridge -- -j6 -l6
[1.018s] [  0%] Built target ament_cmake_python_symlink_cv_bridge
[1.041s] [ 12%] Built target gtest_main
[1.050s] [ 31%] Built target cv_bridge
[1.087s] [ 43%] Built target gtest
[1.258s] [ 62%] Built target cv_bridge_boost
[1.272s] [100%] Built target cv_bridge-utest
[1.925s] running egg_info
[1.971s] writing cv_bridge.egg-info/PKG-INFO
[1.972s] writing dependency_links to cv_bridge.egg-info/dependency_links.txt
[1.973s] writing top-level names to cv_bridge.egg-info/top_level.txt
[2.115s] reading manifest file 'cv_bridge.egg-info/SOURCES.txt'
[2.118s] writing manifest file 'cv_bridge.egg-info/SOURCES.txt'
[2.222s] [100%] Built target ament_cmake_python_build_cv_bridge_egg
[2.283s] Invoked command in '/workspace/towen/build/cv_bridge' returned '0': CMAKE_PREFIX_PATH=${CMAKE_PREFIX_PATH}:/workspace/towen/install/strategy:/workspace/towen/install/rosidl_cli:/workspace/towen/install/opencv_tests:/workspace/towen/install/motionpackage:/workspace/towen/install/imageprocess:/opt/ros/humble /usr/local/bin/cmake --build /workspace/towen/build/cv_bridge -- -j6 -l6
[2.667s] Invoking command in '/workspace/towen/build/cv_bridge': CMAKE_PREFIX_PATH=${CMAKE_PREFIX_PATH}:/workspace/towen/install/strategy:/workspace/towen/install/rosidl_cli:/workspace/towen/install/opencv_tests:/workspace/towen/install/motionpackage:/workspace/towen/install/imageprocess:/opt/ros/humble /usr/local/bin/cmake --install /workspace/towen/build/cv_bridge
[2.924s] -- Install configuration: ""
[2.926s] -- Execute custom install script
[2.927s] -- Up-to-date symlink: /workspace/towen/install/cv_bridge/share/cv_bridge/environment/pythonpath.sh
[2.929s] -- Up-to-date symlink: /workspace/towen/install/cv_bridge/share/cv_bridge/environment/pythonpath.dsv
[2.931s] -- Up-to-date symlink: /workspace/towen/install/cv_bridge/local/lib/python3.10/dist-packages/cv_bridge-3.2.1-py3.10.egg-info/PKG-INFO
[2.932s] -- Up-to-date symlink: /workspace/towen/install/cv_bridge/local/lib/python3.10/dist-packages/cv_bridge-3.2.1-py3.10.egg-info/SOURCES.txt
[2.933s] -- Up-to-date symlink: /workspace/towen/install/cv_bridge/local/lib/python3.10/dist-packages/cv_bridge-3.2.1-py3.10.egg-info/dependency_links.txt
[2.934s] -- Up-to-date symlink: /workspace/towen/install/cv_bridge/local/lib/python3.10/dist-packages/cv_bridge-3.2.1-py3.10.egg-info/top_level.txt
[2.936s] -- Up-to-date symlink: /workspace/towen/install/cv_bridge/local/lib/python3.10/dist-packages/cv_bridge/__init__.py
[2.938s] -- Up-to-date symlink: /workspace/towen/install/cv_bridge/local/lib/python3.10/dist-packages/cv_bridge/core.py
[2.939s] -- Up-to-date symlink: /workspace/towen/install/cv_bridge/include/cv_bridge/cv_bridge/cv_bridge_export.h
[2.940s] -- Up-to-date symlink: /workspace/towen/install/cv_bridge/local/lib/python3.10/dist-packages/cv_bridge/boost//cv_bridge_boost.so
[2.942s] -- Up-to-date symlink: /workspace/towen/install/cv_bridge/include/cv_bridge/cv_bridge/cv_bridge.h
[2.943s] -- Up-to-date symlink: /workspace/towen/install/cv_bridge/include/cv_bridge/cv_bridge/rgb_colors.h
[2.945s] -- Up-to-date symlink: /workspace/towen/install/cv_bridge/lib/libcv_bridge.so
[2.947s] -- Up-to-date symlink: /workspace/towen/install/cv_bridge/share/ament_index/resource_index/package_run_dependencies/cv_bridge
[2.948s] -- Up-to-date symlink: /workspace/towen/install/cv_bridge/share/ament_index/resource_index/parent_prefix_path/cv_bridge
[2.949s] -- Up-to-date symlink: /workspace/towen/install/cv_bridge/share/cv_bridge/environment/ament_prefix_path.sh
[2.950s] -- Up-to-date symlink: /workspace/towen/install/cv_bridge/share/cv_bridge/environment/ament_prefix_path.dsv
[2.952s] -- Up-to-date symlink: /workspace/towen/install/cv_bridge/share/cv_bridge/environment/path.sh
[2.953s] -- Up-to-date symlink: /workspace/towen/install/cv_bridge/share/cv_bridge/environment/path.dsv
[2.955s] -- Up-to-date symlink: /workspace/towen/install/cv_bridge/share/cv_bridge/local_setup.bash
[2.956s] -- Up-to-date symlink: /workspace/towen/install/cv_bridge/share/cv_bridge/local_setup.sh
[2.957s] -- Up-to-date symlink: /workspace/towen/install/cv_bridge/share/cv_bridge/local_setup.zsh
[2.959s] -- Up-to-date symlink: /workspace/towen/install/cv_bridge/share/cv_bridge/local_setup.dsv
[2.959s] -- Symlinking: /workspace/towen/install/cv_bridge/share/cv_bridge/package.dsv
[2.970s] -- Up-to-date symlink: /workspace/towen/install/cv_bridge/share/ament_index/resource_index/packages/cv_bridge
[2.972s] -- Up-to-date symlink: /workspace/towen/install/cv_bridge/share/cv_bridge/cmake/cv_bridge-extras.cmake
[2.973s] -- Up-to-date symlink: /workspace/towen/install/cv_bridge/share/cv_bridge/cmake/ament_cmake_export_dependencies-extras.cmake
[2.975s] -- Up-to-date symlink: /workspace/towen/install/cv_bridge/share/cv_bridge/cmake/ament_cmake_export_targets-extras.cmake
[2.976s] -- Up-to-date symlink: /workspace/towen/install/cv_bridge/share/cv_bridge/cmake/cv_bridgeConfig.cmake
[2.977s] -- Up-to-date symlink: /workspace/towen/install/cv_bridge/share/cv_bridge/cmake/cv_bridgeConfig-version.cmake
[2.978s] -- Up-to-date symlink: /workspace/towen/install/cv_bridge/share/cv_bridge/package.xml
[3.102s] Listing '/workspace/towen/install/cv_bridge/local/lib/python3.10/dist-packages/cv_bridge'...
[3.102s] Listing '/workspace/towen/install/cv_bridge/local/lib/python3.10/dist-packages/cv_bridge/boost'...
[3.119s] -- Up-to-date: /workspace/towen/install/cv_bridge/share/cv_bridge/cmake/export_cv_bridgeExport.cmake
[3.120s] -- Up-to-date: /workspace/towen/install/cv_bridge/share/cv_bridge/cmake/export_cv_bridgeExport-noconfig.cmake
[3.171s] Invoked command in '/workspace/towen/build/cv_bridge' returned '0': CMAKE_PREFIX_PATH=${CMAKE_PREFIX_PATH}:/workspace/towen/install/strategy:/workspace/towen/install/rosidl_cli:/workspace/towen/install/opencv_tests:/workspace/towen/install/motionpackage:/workspace/towen/install/imageprocess:/opt/ros/humble /usr/local/bin/cmake --install /workspace/towen/build/cv_bridge
