[1.247s] Invoking command in '/home/iclab/Desktop/humanoid/build/web_video_server': BYOBU_DATE=%Y-%m-%d CMAKE_PREFIX_PATH=${CMAKE_PREFIX_PATH}:/home/iclab/Desktop/humanoid/install/wula:/home/iclab/Desktop/humanoid/install/motionpackage:/home/iclab/Desktop/humanoid/install/imageprocess:/opt/ros/humble /usr/bin/cmake --build /home/iclab/Desktop/humanoid/build/web_video_server -- -j6 -l6
[1.301s] -- Found ament_cmake_ros: 0.10.0 (/opt/ros/humble/share/ament_cmake_ros/cmake)
[1.604s] -- Found async_web_server_cpp: 2.0.0 (/opt/ros/humble/share/async_web_server_cpp/cmake)
[1.641s] -- Found Boost: /usr/lib/aarch64-linux-gnu/cmake/Boost-1.74.0/BoostConfig.cmake (found suitable version "1.74.0", minimum required is "1.74.0") found components: filesystem regex thread 
[1.646s] -- Found cv_bridge: 3.2.1 (/opt/ros/humble/share/cv_bridge/cmake)
[1.710s] -- Found rosidl_generator_c: 3.1.6 (/opt/ros/humble/share/rosidl_generator_c/cmake)
[1.714s] -- Found rosidl_adapter: 3.1.6 (/opt/ros/humble/share/rosidl_adapter/cmake)
[1.725s] -- Found rosidl_generator_cpp: 3.1.6 (/opt/ros/humble/share/rosidl_generator_cpp/cmake)
[1.743s] -- Using all available rosidl_typesupport_c: rosidl_typesupport_fastrtps_c;rosidl_typesupport_introspection_c
[1.766s] -- Using all available rosidl_typesupport_cpp: rosidl_typesupport_fastrtps_cpp;rosidl_typesupport_introspection_cpp
[1.870s] -- Found image_transport: 3.1.10 (/opt/ros/humble/share/image_transport/cmake)
[1.925s] -- Found rmw_implementation_cmake: 6.1.2 (/opt/ros/humble/share/rmw_implementation_cmake/cmake)
[1.928s] -- Found rmw_fastrtps_cpp: 6.2.7 (/opt/ros/humble/share/rmw_fastrtps_cpp/cmake)
[2.153s] -- Using RMW implementation 'rmw_fastrtps_cpp' as default
[2.273s] -- Found Boost: /usr/lib/aarch64-linux-gnu/cmake/Boost-1.74.0/BoostConfig.cmake (found version "1.74.0") found components: thread 
[2.432s] -- Configuring done
[2.461s] -- Generating done
[2.471s] -- Build files have been written to: /home/iclab/Desktop/humanoid/build/web_video_server
[2.582s] [35m[1mConsolidate compiler generated dependencies of target web_video_server[0m
[2.784s] [  9%] [32mBuilding CXX object CMakeFiles/web_video_server.dir/src/web_video_server.cpp.o[0m
[2.806s] [ 18%] [32mBuilding CXX object CMakeFiles/web_video_server.dir/src/image_streamer.cpp.o[0m
[2.821s] [ 27%] [32mBuilding CXX object CMakeFiles/web_video_server.dir/src/libav_streamer.cpp.o[0m
[2.871s] [ 36%] [32mBuilding CXX object CMakeFiles/web_video_server.dir/src/vp8_streamer.cpp.o[0m
[2.906s] [ 45%] [32mBuilding CXX object CMakeFiles/web_video_server.dir/src/h264_streamer.cpp.o[0m
[2.937s] [ 54%] [32mBuilding CXX object CMakeFiles/web_video_server.dir/src/vp9_streamer.cpp.o[0m
[36.457s] [ 63%] [32mBuilding CXX object CMakeFiles/web_video_server.dir/src/png_streamers.cpp.o[0m
[53.553s] [ 72%] [32mBuilding CXX object CMakeFiles/web_video_server.dir/src/jpeg_streamers.cpp.o[0m
[69.091s] [ 81%] [32mBuilding CXX object CMakeFiles/web_video_server.dir/src/ros_compressed_streamer.cpp.o[0m
[96.753s] [ 90%] [32mBuilding CXX object CMakeFiles/web_video_server.dir/src/multipart_stream.cpp.o[0m
[108.597s] [100%] [32m[1mLinking CXX executable web_video_server[0m
[109.257s] /usr/bin/ld: warning: libopencv_imgcodecs.so.4.5d, needed by /opt/ros/humble/lib/libcv_bridge.so, may conflict with libopencv_imgcodecs.so.408
[109.258s] /usr/bin/ld: warning: libopencv_imgproc.so.4.5d, needed by /opt/ros/humble/lib/libcv_bridge.so, may conflict with libopencv_imgproc.so.408
[109.259s] /usr/bin/ld: warning: libopencv_core.so.4.5d, needed by /opt/ros/humble/lib/libcv_bridge.so, may conflict with libopencv_core.so.408
[110.720s] [100%] Built target web_video_server
[110.747s] Invoked command in '/home/iclab/Desktop/humanoid/build/web_video_server' returned '0': BYOBU_DATE=%Y-%m-%d CMAKE_PREFIX_PATH=${CMAKE_PREFIX_PATH}:/home/iclab/Desktop/humanoid/install/wula:/home/iclab/Desktop/humanoid/install/motionpackage:/home/iclab/Desktop/humanoid/install/imageprocess:/opt/ros/humble /usr/bin/cmake --build /home/iclab/Desktop/humanoid/build/web_video_server -- -j6 -l6
[110.752s] Invoking command in '/home/iclab/Desktop/humanoid/build/web_video_server': BYOBU_DATE=%Y-%m-%d CMAKE_PREFIX_PATH=${CMAKE_PREFIX_PATH}:/home/iclab/Desktop/humanoid/install/wula:/home/iclab/Desktop/humanoid/install/motionpackage:/home/iclab/Desktop/humanoid/install/imageprocess:/opt/ros/humble /usr/bin/cmake --install /home/iclab/Desktop/humanoid/build/web_video_server
[110.770s] -- Install configuration: ""
[110.770s] -- Installing: /home/iclab/Desktop/humanoid/install/web_video_server/lib/web_video_server/web_video_server
[110.784s] -- Set runtime path of "/home/iclab/Desktop/humanoid/install/web_video_server/lib/web_video_server/web_video_server" to ""
[110.784s] -- Up-to-date: /home/iclab/Desktop/humanoid/install/web_video_server/include/web_video_server
[110.785s] -- Up-to-date: /home/iclab/Desktop/humanoid/install/web_video_server/include/web_video_server/multipart_stream.h
[110.785s] -- Up-to-date: /home/iclab/Desktop/humanoid/install/web_video_server/include/web_video_server/h264_streamer.h
[110.785s] -- Up-to-date: /home/iclab/Desktop/humanoid/install/web_video_server/include/web_video_server/libav_streamer.h
[110.785s] -- Up-to-date: /home/iclab/Desktop/humanoid/install/web_video_server/include/web_video_server/web_video_server.h
[110.785s] -- Up-to-date: /home/iclab/Desktop/humanoid/install/web_video_server/include/web_video_server/ros_compressed_streamer.h
[110.785s] -- Up-to-date: /home/iclab/Desktop/humanoid/install/web_video_server/include/web_video_server/png_streamers.h
[110.786s] -- Up-to-date: /home/iclab/Desktop/humanoid/install/web_video_server/include/web_video_server/vp8_streamer.h
[110.786s] -- Up-to-date: /home/iclab/Desktop/humanoid/install/web_video_server/include/web_video_server/vp9_streamer.h
[110.786s] -- Up-to-date: /home/iclab/Desktop/humanoid/install/web_video_server/include/web_video_server/jpeg_streamers.h
[110.786s] -- Up-to-date: /home/iclab/Desktop/humanoid/install/web_video_server/include/web_video_server/image_streamer.h
[110.786s] -- Up-to-date: /home/iclab/Desktop/humanoid/install/web_video_server/share/ament_index/resource_index/package_run_dependencies/web_video_server
[110.787s] -- Up-to-date: /home/iclab/Desktop/humanoid/install/web_video_server/share/ament_index/resource_index/parent_prefix_path/web_video_server
[110.787s] -- Up-to-date: /home/iclab/Desktop/humanoid/install/web_video_server/share/web_video_server/environment/ament_prefix_path.sh
[110.787s] -- Installing: /home/iclab/Desktop/humanoid/install/web_video_server/share/web_video_server/environment/ament_prefix_path.dsv
[110.787s] -- Up-to-date: /home/iclab/Desktop/humanoid/install/web_video_server/share/web_video_server/environment/path.sh
[110.787s] -- Installing: /home/iclab/Desktop/humanoid/install/web_video_server/share/web_video_server/environment/path.dsv
[110.787s] -- Up-to-date: /home/iclab/Desktop/humanoid/install/web_video_server/share/web_video_server/local_setup.bash
[110.788s] -- Up-to-date: /home/iclab/Desktop/humanoid/install/web_video_server/share/web_video_server/local_setup.sh
[110.788s] -- Up-to-date: /home/iclab/Desktop/humanoid/install/web_video_server/share/web_video_server/local_setup.zsh
[110.788s] -- Installing: /home/iclab/Desktop/humanoid/install/web_video_server/share/web_video_server/local_setup.dsv
[110.788s] -- Installing: /home/iclab/Desktop/humanoid/install/web_video_server/share/web_video_server/package.dsv
[110.788s] -- Up-to-date: /home/iclab/Desktop/humanoid/install/web_video_server/share/ament_index/resource_index/packages/web_video_server
[110.788s] -- Up-to-date: /home/iclab/Desktop/humanoid/install/web_video_server/share/web_video_server/cmake/web_video_serverConfig.cmake
[110.788s] -- Up-to-date: /home/iclab/Desktop/humanoid/install/web_video_server/share/web_video_server/cmake/web_video_serverConfig-version.cmake
[110.788s] -- Up-to-date: /home/iclab/Desktop/humanoid/install/web_video_server/share/web_video_server/package.xml
[110.793s] Invoked command in '/home/iclab/Desktop/humanoid/build/web_video_server' returned '0': BYOBU_DATE=%Y-%m-%d CMAKE_PREFIX_PATH=${CMAKE_PREFIX_PATH}:/home/iclab/Desktop/humanoid/install/wula:/home/iclab/Desktop/humanoid/install/motionpackage:/home/iclab/Desktop/humanoid/install/imageprocess:/opt/ros/humble /usr/bin/cmake --install /home/iclab/Desktop/humanoid/build/web_video_server
