[2.943s] Invoking command in '/workspace/towen/build/rosidl_cli': BYOBU_DATE=%Y-%m-%d PYTHONPATH=/workspace/towen/build/rosidl_cli/prefix_override:/usr/lib/python3/dist-packages/colcon_core/task/python/colcon_distutils_commands:/workspace/towen/install/rosidl_cli/lib/python3.10/site-packages:${PYTHONPATH} /usr/bin/python3 -W ignore:setup.py install is deprecated setup.py develop --editable --build-directory /workspace/towen/build/rosidl_cli/build --no-deps symlink_data --force
[7.573s] running develop
[7.573s] running egg_info
[7.574s] writing rosidl_cli.egg-info/PKG-INFO
[7.574s] writing dependency_links to rosidl_cli.egg-info/dependency_links.txt
[7.574s] writing entry points to rosidl_cli.egg-info/entry_points.txt
[7.574s] writing requirements to rosidl_cli.egg-info/requires.txt
[7.574s] writing top-level names to rosidl_cli.egg-info/top_level.txt
[7.574s] reading manifest file 'rosidl_cli.egg-info/SOURCES.txt'
[7.574s] writing manifest file 'rosidl_cli.egg-info/SOURCES.txt'
[7.575s] running build_ext
[7.575s] Creating /workspace/towen/install/rosidl_cli/lib/python3.10/site-packages/rosidl-cli.egg-link (link to .)
[7.575s] Installing rosidl script to /workspace/towen/install/rosidl_cli/bin
[7.575s] 
[7.575s] Installed /workspace/towen/build/rosidl_cli
[7.575s] running symlink_data
[7.575s] symbolically linking /workspace/towen/build/rosidl_cli/resource/rosidl_cli -> /workspace/towen/install/rosidl_cli/share/ament_index/resource_index/packages
[7.575s] symbolically linking /workspace/towen/build/rosidl_cli/package.xml -> /workspace/towen/install/rosidl_cli/share/rosidl_cli
[7.576s] symbolically linking /workspace/towen/build/rosidl_cli/resource/package.dsv -> /workspace/towen/install/rosidl_cli/share/rosidl_cli
[7.576s] symbolically linking /workspace/towen/build/rosidl_cli/completion/rosidl-argcomplete.bash -> /workspace/towen/install/rosidl_cli/share/rosidl_cli/environment
[7.576s] symbolically linking /workspace/towen/build/rosidl_cli/completion/rosidl-argcomplete.zsh -> /workspace/towen/install/rosidl_cli/share/rosidl_cli/environment
[7.612s] /usr/local/lib/python3.10/dist-packages/setuptools/command/develop.py:41: EasyInstallDeprecationWarning: easy_install command is deprecated.
[7.612s] !!
[7.612s] 
[7.612s]         ********************************************************************************
[7.613s]         Please avoid running ``setup.py`` and ``easy_install``.
[7.613s]         Instead, use pypa/build, pypa/installer or other
[7.613s]         standards-based tools.
[7.613s] 
[7.613s]         See https://github.com/pypa/setuptools/issues/917 for details.
[7.613s]         ********************************************************************************
[7.613s] 
[7.614s] !!
[7.614s]   easy_install.initialize_options(self)
[7.984s] Invoked command in '/workspace/towen/build/rosidl_cli' returned '0': BYOBU_DATE=%Y-%m-%d PYTHONPATH=/workspace/towen/build/rosidl_cli/prefix_override:/usr/lib/python3/dist-packages/colcon_core/task/python/colcon_distutils_commands:/workspace/towen/install/rosidl_cli/lib/python3.10/site-packages:${PYTHONPATH} /usr/bin/python3 -W ignore:setup.py install is deprecated setup.py develop --editable --build-directory /workspace/towen/build/rosidl_cli/build --no-deps symlink_data --force
