[1.990s] Invoking command in '/workspace/towen/src/imageprocess': BYOBU_DATE=%Y-%m-%d PYTHONPATH=/workspace/towen/build/imageprocess/prefix_override:/usr/lib/python3/dist-packages/colcon_core/task/python/colcon_distutils_commands:/workspace/towen/install/imageprocess/lib/python3.10/site-packages:${PYTHONPATH} /usr/bin/python3 -W ignore:setup.py install is deprecated setup.py egg_info --egg-base ../../build/imageprocess build --build-base /workspace/towen/build/imageprocess/build install --record /workspace/towen/build/imageprocess/install.log --single-version-externally-managed install_data
[2.608s] running egg_info
[2.642s] writing ../../build/imageprocess/imageprocess.egg-info/PKG-INFO
[2.643s] writing dependency_links to ../../build/imageprocess/imageprocess.egg-info/dependency_links.txt
[2.644s] writing entry points to ../../build/imageprocess/imageprocess.egg-info/entry_points.txt
[2.644s] writing requirements to ../../build/imageprocess/imageprocess.egg-info/requires.txt
[2.645s] writing top-level names to ../../build/imageprocess/imageprocess.egg-info/top_level.txt
[2.718s] reading manifest file '../../build/imageprocess/imageprocess.egg-info/SOURCES.txt'
[2.719s] adding license file 'LICENSE'
[2.721s] writing manifest file '../../build/imageprocess/imageprocess.egg-info/SOURCES.txt'
[2.722s] running build
[2.722s] running build_py
[2.723s] copying imageprocess/modelparameter.py -> /workspace/towen/build/imageprocess/build/lib/imageprocess
[2.723s] copying imageprocess/image_0417.py -> /workspace/towen/build/imageprocess/build/lib/imageprocess
[2.724s] copying imageprocess/dataunit.py -> /workspace/towen/build/imageprocess/build/lib/imageprocess
[2.724s] copying imageprocess/123123.py -> /workspace/towen/build/imageprocess/build/lib/imageprocess
[2.725s] copying imageprocess/image_test.py -> /workspace/towen/build/imageprocess/build/lib/imageprocess
[2.725s] copying imageprocess/image.py -> /workspace/towen/build/imageprocess/build/lib/imageprocess
[2.726s] copying imageprocess/__init__.py -> /workspace/towen/build/imageprocess/build/lib/imageprocess
[2.726s] copying imageprocess/imageprocess.py -> /workspace/towen/build/imageprocess/build/lib/imageprocess
[2.727s] copying imageprocess/camera_segment_headless.py -> /workspace/towen/build/imageprocess/build/lib/imageprocess
[2.728s] running install
[2.739s] running install_lib
[2.776s] running install_data
[2.777s] copying resource/imageprocess -> /workspace/towen/install/imageprocess/share/ament_index/resource_index/packages
[2.778s] copying package.xml -> /workspace/towen/install/imageprocess/share/imageprocess
[2.778s] running install_egg_info
[2.816s] removing '/workspace/towen/install/imageprocess/lib/python3.10/site-packages/imageprocess-0.0.0-py3.10.egg-info' (and everything under it)
[2.817s] Copying ../../build/imageprocess/imageprocess.egg-info to /workspace/towen/install/imageprocess/lib/python3.10/site-packages/imageprocess-0.0.0-py3.10.egg-info
[2.825s] running install_scripts
[3.179s] Installing image script to /workspace/towen/install/imageprocess/lib/imageprocess
[3.182s] Installing image_test script to /workspace/towen/install/imageprocess/lib/imageprocess
[3.183s] Installing imageprocess script to /workspace/towen/install/imageprocess/lib/imageprocess
[3.184s] writing list of installed files to '/workspace/towen/build/imageprocess/install.log'
[3.293s] Invoked command in '/workspace/towen/src/imageprocess' returned '0': BYOBU_DATE=%Y-%m-%d PYTHONPATH=/workspace/towen/build/imageprocess/prefix_override:/usr/lib/python3/dist-packages/colcon_core/task/python/colcon_distutils_commands:/workspace/towen/install/imageprocess/lib/python3.10/site-packages:${PYTHONPATH} /usr/bin/python3 -W ignore:setup.py install is deprecated setup.py egg_info --egg-base ../../build/imageprocess build --build-base /workspace/towen/build/imageprocess/build install --record /workspace/towen/build/imageprocess/install.log --single-version-externally-managed install_data
