[2.730s] Invoking command in '/workspace/towen/src/motionpackage': BYOBU_DATE=%Y-%m-%d PYTHONPATH=/workspace/towen/build/motionpackage/prefix_override:/usr/lib/python3/dist-packages/colcon_core/task/python/colcon_distutils_commands:/workspace/towen/install/motionpackage/lib/python3.10/site-packages:${PYTHONPATH} /usr/bin/python3 -W ignore:setup.py install is deprecated setup.py egg_info --egg-base ../../build/motionpackage build --build-base /workspace/towen/build/motionpackage/build install --record /workspace/towen/build/motionpackage/install.log --single-version-externally-managed install_data
[3.516s] running egg_info
[3.569s] writing ../../build/motionpackage/motionpackage.egg-info/PKG-INFO
[3.574s] writing dependency_links to ../../build/motionpackage/motionpackage.egg-info/dependency_links.txt
[3.577s] writing entry points to ../../build/motionpackage/motionpackage.egg-info/entry_points.txt
[3.580s] writing requirements to ../../build/motionpackage/motionpackage.egg-info/requires.txt
[3.581s] writing top-level names to ../../build/motionpackage/motionpackage.egg-info/top_level.txt
[3.690s] reading manifest file '../../build/motionpackage/motionpackage.egg-info/SOURCES.txt'
[3.691s] adding license file 'LICENSE'
[3.694s] writing manifest file '../../build/motionpackage/motionpackage.egg-info/SOURCES.txt'
[3.694s] running build
[3.694s] running build_py
[3.696s] copying motionpackage/opencr_imu.py -> /workspace/towen/build/motionpackage/build/lib/motionpackage
[3.696s] copying motionpackage/test.py -> /workspace/towen/build/motionpackage/build/lib/motionpackage
[3.697s] copying motionpackage/__init__.py -> /workspace/towen/build/motionpackage/build/lib/motionpackage
[3.698s] copying motionpackage/motion_0725.py -> /workspace/towen/build/motionpackage/build/lib/motionpackage
[3.700s] copying motionpackage/import struct.py -> /workspace/towen/build/motionpackage/build/lib/motionpackage
[3.700s] copying motionpackage/walking.py -> /workspace/towen/build/motionpackage/build/lib/motionpackage
[3.700s] copying motionpackage/motionpackage.py -> /workspace/towen/build/motionpackage/build/lib/motionpackage
[3.702s] running install
[3.716s] running install_lib
[3.767s] copying /workspace/towen/build/motionpackage/build/lib/motionpackage/motion_0725.py -> /workspace/towen/install/motionpackage/lib/python3.10/site-packages/motionpackage
[3.770s] byte-compiling /workspace/towen/install/motionpackage/lib/python3.10/site-packages/motionpackage/motion_0725.py to motion_0725.cpython-310.pyc
[3.790s] running install_data
[3.792s] copying resource/motionpackage -> /workspace/towen/install/motionpackage/share/ament_index/resource_index/packages
[3.792s] copying package.xml -> /workspace/towen/install/motionpackage/share/motionpackage
[3.792s] running install_egg_info
[3.842s] removing '/workspace/towen/install/motionpackage/lib/python3.10/site-packages/motionpackage-0.0.0-py3.10.egg-info' (and everything under it)
[3.844s] Copying ../../build/motionpackage/motionpackage.egg-info to /workspace/towen/install/motionpackage/lib/python3.10/site-packages/motionpackage-0.0.0-py3.10.egg-info
[3.847s] running install_scripts
[4.264s] Installing motionpackage script to /workspace/towen/install/motionpackage/lib/motionpackage
[4.264s] writing list of installed files to '/workspace/towen/build/motionpackage/install.log'
[4.468s] Invoked command in '/workspace/towen/src/motionpackage' returned '0': BYOBU_DATE=%Y-%m-%d PYTHONPATH=/workspace/towen/build/motionpackage/prefix_override:/usr/lib/python3/dist-packages/colcon_core/task/python/colcon_distutils_commands:/workspace/towen/install/motionpackage/lib/python3.10/site-packages:${PYTHONPATH} /usr/bin/python3 -W ignore:setup.py install is deprecated setup.py egg_info --egg-base ../../build/motionpackage build --build-base /workspace/towen/build/motionpackage/build install --record /workspace/towen/build/motionpackage/install.log --single-version-externally-managed install_data
