[4.972s] Invoking command in '/home/iclab/Desktop/humanoid/src/wula': BYOBU_DATE=%Y-%m-%d PYTHONPATH=/home/iclab/Desktop/humanoid/build/wula/prefix_override:/usr/lib/python3/dist-packages/colcon_core/task/python/colcon_distutils_commands:/home/iclab/Desktop/humanoid/install/wula/lib/python3.10/site-packages:${PYTHONPATH} /usr/bin/python3 -W ignore:setup.py install is deprecated -W ignore:easy_install command is deprecated setup.py egg_info --egg-base ../../build/wula build --build-base /home/iclab/Desktop/humanoid/build/wula/build install --record /home/iclab/Desktop/humanoid/build/wula/install.log --single-version-externally-managed install_data
[6.950s] running egg_info
[6.952s] writing ../../build/wula/wula.egg-info/PKG-INFO
[6.954s] writing dependency_links to ../../build/wula/wula.egg-info/dependency_links.txt
[6.955s] writing entry points to ../../build/wula/wula.egg-info/entry_points.txt
[6.956s] writing requirements to ../../build/wula/wula.egg-info/requires.txt
[6.957s] writing top-level names to ../../build/wula/wula.egg-info/top_level.txt
[6.967s] reading manifest file '../../build/wula/wula.egg-info/SOURCES.txt'
[6.969s] writing manifest file '../../build/wula/wula.egg-info/SOURCES.txt'
[6.969s] running build
[6.971s] running build_py
[6.973s] running install
[6.974s] running install_lib
[6.990s] running install_data
[6.991s] running install_egg_info
[7.001s] removing '/home/iclab/Desktop/humanoid/install/wula/lib/python3.10/site-packages/wula-0.1.0-py3.10.egg-info' (and everything under it)
[7.001s] Copying ../../build/wula/wula.egg-info to /home/iclab/Desktop/humanoid/install/wula/lib/python3.10/site-packages/wula-0.1.0-py3.10.egg-info
[7.007s] running install_scripts
[7.140s] Installing sp_boson script to /home/iclab/Desktop/humanoid/install/wula/lib/wula
[7.143s] writing list of installed files to '/home/iclab/Desktop/humanoid/build/wula/install.log'
[7.351s] Invoked command in '/home/iclab/Desktop/humanoid/src/wula' returned '0': BYOBU_DATE=%Y-%m-%d PYTHONPATH=/home/iclab/Desktop/humanoid/build/wula/prefix_override:/usr/lib/python3/dist-packages/colcon_core/task/python/colcon_distutils_commands:/home/iclab/Desktop/humanoid/install/wula/lib/python3.10/site-packages:${PYTHONPATH} /usr/bin/python3 -W ignore:setup.py install is deprecated -W ignore:easy_install command is deprecated setup.py egg_info --egg-base ../../build/wula build --build-base /home/iclab/Desktop/humanoid/build/wula/build install --record /home/iclab/Desktop/humanoid/build/wula/install.log --single-version-externally-managed install_data
