[3.328s] Invoking command in '/workspace/towen/src/motionpackage': PYTHONPATH=/workspace/towen/build/motionpackage/prefix_override:/usr/lib/python3/dist-packages/colcon_core/task/python/colcon_distutils_commands:/workspace/towen/install/motionpackage/lib/python3.10/site-packages:${PYTHONPATH} /usr/bin/python3 -W ignore:setup.py install is deprecated setup.py egg_info --egg-base ../../build/motionpackage build --build-base /workspace/towen/build/motionpackage/build install --record /workspace/towen/build/motionpackage/install.log --single-version-externally-managed install_data
[4.126s] running egg_info
[4.172s] writing ../../build/motionpackage/motionpackage.egg-info/PKG-INFO
[4.174s] writing dependency_links to ../../build/motionpackage/motionpackage.egg-info/dependency_links.txt
[4.174s] writing entry points to ../../build/motionpackage/motionpackage.egg-info/entry_points.txt
[4.176s] writing requirements to ../../build/motionpackage/motionpackage.egg-info/requires.txt
[4.176s] writing top-level names to ../../build/motionpackage/motionpackage.egg-info/top_level.txt
[4.274s] reading manifest file '../../build/motionpackage/motionpackage.egg-info/SOURCES.txt'
[4.275s] adding license file 'LICENSE'
[4.276s] writing manifest file '../../build/motionpackage/motionpackage.egg-info/SOURCES.txt'
[4.276s] running build
[4.276s] running build_py
[4.276s] copying motionpackage/opencr_imu.py -> /workspace/towen/build/motionpackage/build/lib/motionpackage
[4.277s] copying motionpackage/test.py -> /workspace/towen/build/motionpackage/build/lib/motionpackage
[4.277s] copying motionpackage/__init__.py -> /workspace/towen/build/motionpackage/build/lib/motionpackage
[4.278s] copying motionpackage/import struct.py -> /workspace/towen/build/motionpackage/build/lib/motionpackage
[4.278s] copying motionpackage/walking.py -> /workspace/towen/build/motionpackage/build/lib/motionpackage
[4.279s] copying motionpackage/motionpackage.py -> /workspace/towen/build/motionpackage/build/lib/motionpackage
[4.280s] running install
[4.291s] running install_lib
[4.339s] copying /workspace/towen/build/motionpackage/build/lib/motionpackage/motionpackage.py -> /workspace/towen/install/motionpackage/lib/python3.10/site-packages/motionpackage
[4.341s] byte-compiling /workspace/towen/install/motionpackage/lib/python3.10/site-packages/motionpackage/motionpackage.py to motionpackage.cpython-310.pyc
[4.358s] running install_data
[4.360s] copying resource/motionpackage -> /workspace/towen/install/motionpackage/share/ament_index/resource_index/packages
[4.362s] copying package.xml -> /workspace/towen/install/motionpackage/share/motionpackage
[4.366s] running install_egg_info
[4.412s] removing '/workspace/towen/install/motionpackage/lib/python3.10/site-packages/motionpackage-0.0.0-py3.10.egg-info' (and everything under it)
[4.412s] Copying ../../build/motionpackage/motionpackage.egg-info to /workspace/towen/install/motionpackage/lib/python3.10/site-packages/motionpackage-0.0.0-py3.10.egg-info
[4.414s] running install_scripts
[4.847s] Installing motionpackage script to /workspace/towen/install/motionpackage/lib/motionpackage
[4.850s] writing list of installed files to '/workspace/towen/build/motionpackage/install.log'
[4.947s] Invoked command in '/workspace/towen/src/motionpackage' returned '0': PYTHONPATH=/workspace/towen/build/motionpackage/prefix_override:/usr/lib/python3/dist-packages/colcon_core/task/python/colcon_distutils_commands:/workspace/towen/install/motionpackage/lib/python3.10/site-packages:${PYTHONPATH} /usr/bin/python3 -W ignore:setup.py install is deprecated setup.py egg_info --egg-base ../../build/motionpackage build --build-base /workspace/towen/build/motionpackage/build install --record /workspace/towen/build/motionpackage/install.log --single-version-externally-managed install_data
