[0.049s] Invoking command in '/workspace/towen/build/zed_ros2': AMENT_PREFIX_PATH=/workspace/towen/install/zed_wrapper:/workspace/towen/install/zed_components:${AMENT_PREFIX_PATH} BYOBU_DATE=%Y-%m-%d CMAKE_PREFIX_PATH=/workspace/towen/install/zed_wrapper:/workspace/towen/install/zed_components:/workspace/towen/install/image_geometry:/workspace/towen/install/web_video_server:/workspace/towen/install/cv_bridge:/opt/ros/humble/install:/workspace/towen/install/strategy:/workspace/towen/install/motionpackage:/workspace/towen/install/imageprocess:/opt/ros/humble LD_LIBRARY_PATH=/workspace/towen/install/zed_components/lib:/workspace/towen/install/image_geometry/lib:/workspace/towen/install/cv_bridge/lib:/opt/ros/humble/opt/rviz_ogre_vendor/lib:/opt/ros/humble/lib/aarch64-linux-gnu:/opt/ros/humble/lib:/opt/ros/humble/install/opt/rviz_ogre_vendor/lib:/opt/ros/humble/install/lib:/usr/local/cuda/compat:/usr/local/cuda/lib64 /usr/local/bin/cmake /workspace/towen/src/zed-ros2-wrapper/zed_ros2 -DCMAKE_INSTALL_PREFIX=/workspace/towen/install/zed_ros2
[0.267s] -- Found ament_cmake_auto: 1.3.10 (/opt/ros/humble/install/share/ament_cmake_auto/cmake)
[0.623s] -- Found Python3: /usr/local/bin/python3 (found version "3.10.12") found components: Interpreter
[1.353s] -- Found ament_lint_auto: 0.12.11 (/opt/ros/humble/install/share/ament_lint_auto/cmake)
[1.448s] -- Added test 'copyright' to check source files copyright and LICENSE
[1.458s] -- Added test 'lint_cmake' to check CMake code style
[1.467s] -- Added test 'xmllint' to check XML markup files
[1.480s] -- Configuring done (1.2s)
[1.511s] -- Generating done (0.0s)
[1.512s] -- Build files have been written to: /workspace/towen/build/zed_ros2
[1.570s] Invoked command in '/workspace/towen/build/zed_ros2' returned '0': AMENT_PREFIX_PATH=/workspace/towen/install/zed_wrapper:/workspace/towen/install/zed_components:${AMENT_PREFIX_PATH} BYOBU_DATE=%Y-%m-%d CMAKE_PREFIX_PATH=/workspace/towen/install/zed_wrapper:/workspace/towen/install/zed_components:/workspace/towen/install/image_geometry:/workspace/towen/install/web_video_server:/workspace/towen/install/cv_bridge:/opt/ros/humble/install:/workspace/towen/install/strategy:/workspace/towen/install/motionpackage:/workspace/towen/install/imageprocess:/opt/ros/humble LD_LIBRARY_PATH=/workspace/towen/install/zed_components/lib:/workspace/towen/install/image_geometry/lib:/workspace/towen/install/cv_bridge/lib:/opt/ros/humble/opt/rviz_ogre_vendor/lib:/opt/ros/humble/lib/aarch64-linux-gnu:/opt/ros/humble/lib:/opt/ros/humble/install/opt/rviz_ogre_vendor/lib:/opt/ros/humble/install/lib:/usr/local/cuda/compat:/usr/local/cuda/lib64 /usr/local/bin/cmake /workspace/towen/src/zed-ros2-wrapper/zed_ros2 -DCMAKE_INSTALL_PREFIX=/workspace/towen/install/zed_ros2
[1.582s] Invoking command in '/workspace/towen/build/zed_ros2': AMENT_PREFIX_PATH=/workspace/towen/install/zed_wrapper:/workspace/towen/install/zed_components:${AMENT_PREFIX_PATH} BYOBU_DATE=%Y-%m-%d CMAKE_PREFIX_PATH=/workspace/towen/install/zed_wrapper:/workspace/towen/install/zed_components:/workspace/towen/install/image_geometry:/workspace/towen/install/web_video_server:/workspace/towen/install/cv_bridge:/opt/ros/humble/install:/workspace/towen/install/strategy:/workspace/towen/install/motionpackage:/workspace/towen/install/imageprocess:/opt/ros/humble LD_LIBRARY_PATH=/workspace/towen/install/zed_components/lib:/workspace/towen/install/image_geometry/lib:/workspace/towen/install/cv_bridge/lib:/opt/ros/humble/opt/rviz_ogre_vendor/lib:/opt/ros/humble/lib/aarch64-linux-gnu:/opt/ros/humble/lib:/opt/ros/humble/install/opt/rviz_ogre_vendor/lib:/opt/ros/humble/install/lib:/usr/local/cuda/compat:/usr/local/cuda/lib64 /usr/local/bin/cmake --build /workspace/towen/build/zed_ros2 -- -j6 -l6
[2.207s] Invoked command in '/workspace/towen/build/zed_ros2' returned '0': AMENT_PREFIX_PATH=/workspace/towen/install/zed_wrapper:/workspace/towen/install/zed_components:${AMENT_PREFIX_PATH} BYOBU_DATE=%Y-%m-%d CMAKE_PREFIX_PATH=/workspace/towen/install/zed_wrapper:/workspace/towen/install/zed_components:/workspace/towen/install/image_geometry:/workspace/towen/install/web_video_server:/workspace/towen/install/cv_bridge:/opt/ros/humble/install:/workspace/towen/install/strategy:/workspace/towen/install/motionpackage:/workspace/towen/install/imageprocess:/opt/ros/humble LD_LIBRARY_PATH=/workspace/towen/install/zed_components/lib:/workspace/towen/install/image_geometry/lib:/workspace/towen/install/cv_bridge/lib:/opt/ros/humble/opt/rviz_ogre_vendor/lib:/opt/ros/humble/lib/aarch64-linux-gnu:/opt/ros/humble/lib:/opt/ros/humble/install/opt/rviz_ogre_vendor/lib:/opt/ros/humble/install/lib:/usr/local/cuda/compat:/usr/local/cuda/lib64 /usr/local/bin/cmake --build /workspace/towen/build/zed_ros2 -- -j6 -l6
[2.936s] Invoking command in '/workspace/towen/build/zed_ros2': AMENT_PREFIX_PATH=/workspace/towen/install/zed_wrapper:/workspace/towen/install/zed_components:${AMENT_PREFIX_PATH} BYOBU_DATE=%Y-%m-%d CMAKE_PREFIX_PATH=/workspace/towen/install/zed_wrapper:/workspace/towen/install/zed_components:/workspace/towen/install/image_geometry:/workspace/towen/install/web_video_server:/workspace/towen/install/cv_bridge:/opt/ros/humble/install:/workspace/towen/install/strategy:/workspace/towen/install/motionpackage:/workspace/towen/install/imageprocess:/opt/ros/humble LD_LIBRARY_PATH=/workspace/towen/install/zed_components/lib:/workspace/towen/install/image_geometry/lib:/workspace/towen/install/cv_bridge/lib:/opt/ros/humble/opt/rviz_ogre_vendor/lib:/opt/ros/humble/lib/aarch64-linux-gnu:/opt/ros/humble/lib:/opt/ros/humble/install/opt/rviz_ogre_vendor/lib:/opt/ros/humble/install/lib:/usr/local/cuda/compat:/usr/local/cuda/lib64 /usr/local/bin/cmake --install /workspace/towen/build/zed_ros2
[3.254s] -- Install configuration: ""
[3.254s] -- Installing: /workspace/towen/install/zed_ros2/share/ament_index/resource_index/package_run_dependencies/zed_ros2
[3.255s] -- Installing: /workspace/towen/install/zed_ros2/share/ament_index/resource_index/parent_prefix_path/zed_ros2
[3.255s] -- Installing: /workspace/towen/install/zed_ros2/share/zed_ros2/environment/ament_prefix_path.sh
[3.256s] -- Installing: /workspace/towen/install/zed_ros2/share/zed_ros2/environment/ament_prefix_path.dsv
[3.256s] -- Installing: /workspace/towen/install/zed_ros2/share/zed_ros2/environment/path.sh
[3.256s] -- Installing: /workspace/towen/install/zed_ros2/share/zed_ros2/environment/path.dsv
[3.257s] -- Installing: /workspace/towen/install/zed_ros2/share/zed_ros2/local_setup.bash
[3.257s] -- Installing: /workspace/towen/install/zed_ros2/share/zed_ros2/local_setup.sh
[3.257s] -- Installing: /workspace/towen/install/zed_ros2/share/zed_ros2/local_setup.zsh
[3.258s] -- Installing: /workspace/towen/install/zed_ros2/share/zed_ros2/local_setup.dsv
[3.258s] -- Installing: /workspace/towen/install/zed_ros2/share/zed_ros2/package.dsv
[3.260s] -- Installing: /workspace/towen/install/zed_ros2/share/ament_index/resource_index/packages/zed_ros2
[3.260s] -- Installing: /workspace/towen/install/zed_ros2/share/zed_ros2/cmake/zed_ros2Config.cmake
[3.261s] -- Installing: /workspace/towen/install/zed_ros2/share/zed_ros2/cmake/zed_ros2Config-version.cmake
[3.261s] -- Installing: /workspace/towen/install/zed_ros2/share/zed_ros2/package.xml
[3.300s] Invoked command in '/workspace/towen/build/zed_ros2' returned '0': AMENT_PREFIX_PATH=/workspace/towen/install/zed_wrapper:/workspace/towen/install/zed_components:${AMENT_PREFIX_PATH} BYOBU_DATE=%Y-%m-%d CMAKE_PREFIX_PATH=/workspace/towen/install/zed_wrapper:/workspace/towen/install/zed_components:/workspace/towen/install/image_geometry:/workspace/towen/install/web_video_server:/workspace/towen/install/cv_bridge:/opt/ros/humble/install:/workspace/towen/install/strategy:/workspace/towen/install/motionpackage:/workspace/towen/install/imageprocess:/opt/ros/humble LD_LIBRARY_PATH=/workspace/towen/install/zed_components/lib:/workspace/towen/install/image_geometry/lib:/workspace/towen/install/cv_bridge/lib:/opt/ros/humble/opt/rviz_ogre_vendor/lib:/opt/ros/humble/lib/aarch64-linux-gnu:/opt/ros/humble/lib:/opt/ros/humble/install/opt/rviz_ogre_vendor/lib:/opt/ros/humble/install/lib:/usr/local/cuda/compat:/usr/local/cuda/lib64 /usr/local/bin/cmake --install /workspace/towen/build/zed_ros2
