[  0%] [34m[1mGenerating C++ code for ROS interfaces[0m
[  0%] Built target ament_cmake_python_copy_tku_msgs
[ 12%] Built target tku_msgs__rosidl_generator_c
[ 13%] [34m[1mGenerating C type support for eProsima Fast-RTPS[0m
[ 14%] [34m[1mGenerating C type support dispatch for ROS interfaces[0m
[ 15%] [34m[1mGenerating C introspection for ROS interfaces[0m
Traceback (most recent call last):
  File "/opt/ros/humble/install/share/rosidl_generator_cpp/cmake/../../../lib/rosidl_generator_cpp/rosidl_generator_cpp", line 38, in <module>
    sys.exit(main())
  File "/opt/ros/humble/install/share/rosidl_generator_cpp/cmake/../../../lib/rosidl_generator_cpp/rosidl_generator_cpp", line 34, in main
    generate_cpp(args.generator_arguments_file)
  File "/opt/ros/humble/local/lib/python3.10/dist-packages/rosidl_generator_cpp/__init__.py", line 39, in generate_cpp
    return generate_files(
  File "/opt/ros/humble/local/lib/python3.10/dist-packages/rosidl_cmake/__init__.py", line 59, in generate_files
    assert (template_basepath / template_filename).exists(), \
AssertionError: Could not find template: idl__type_support.hpp.em
gmake[2]: *** [CMakeFiles/tku_msgs__cpp.dir/build.make:288: rosidl_generator_cpp/tku_msgs/msg/button_color_form.hpp] Error 1
gmake[1]: *** [CMakeFiles/Makefile2:317: CMakeFiles/tku_msgs__cpp.dir/all] Error 2
gmake[1]: *** Waiting for unfinished jobs....
running egg_info
writing tku_msgs.egg-info/PKG-INFO
writing dependency_links to tku_msgs.egg-info/dependency_links.txt
writing top-level names to tku_msgs.egg-info/top_level.txt
reading manifest file 'tku_msgs.egg-info/SOURCES.txt'
writing manifest file 'tku_msgs.egg-info/SOURCES.txt'
[ 15%] Built target ament_cmake_python_build_tku_msgs_egg
[ 15%] [32mBuilding CXX object CMakeFiles/tku_msgs__rosidl_typesupport_c.dir/rosidl_typesupport_c/tku_msgs/msg/button_color_form__type_support.cpp.o[0m
[ 15%] [32mBuilding CXX object CMakeFiles/tku_msgs__rosidl_typesupport_c.dir/rosidl_typesupport_c/tku_msgs/msg/color_array__type_support.cpp.o[0m
[ 16%] [32mBuilding CXX object CMakeFiles/tku_msgs__rosidl_typesupport_c.dir/rosidl_typesupport_c/tku_msgs/msg/color_data__type_support.cpp.o[0m
[ 16%] [32mBuilding CXX object CMakeFiles/tku_msgs__rosidl_typesupport_c.dir/rosidl_typesupport_c/tku_msgs/msg/draw_image__type_support.cpp.o[0m
[ 17%] [32mBuilding CXX object CMakeFiles/tku_msgs__rosidl_typesupport_c.dir/rosidl_typesupport_c/tku_msgs/msg/label_model_object_list__type_support.cpp.o[0m
[ 17%] [32mBuilding CXX object CMakeFiles/tku_msgs__rosidl_typesupport_c.dir/rosidl_typesupport_c/tku_msgs/msg/hsv_value__type_support.cpp.o[0m
[ 17%] [32mBuilding CXX object CMakeFiles/tku_msgs__rosidl_typesupport_c.dir/rosidl_typesupport_c/tku_msgs/msg/object_list__type_support.cpp.o[0m
[ 17%] [32mBuilding CXX object CMakeFiles/tku_msgs__rosidl_typesupport_c.dir/rosidl_typesupport_c/tku_msgs/msg/camera__type_support.cpp.o[0m
[ 18%] [32mBuilding CXX object CMakeFiles/tku_msgs__rosidl_typesupport_c.dir/rosidl_typesupport_c/tku_msgs/msg/camera_save__type_support.cpp.o[0m
[ 18%] [32mBuilding CXX object CMakeFiles/tku_msgs__rosidl_typesupport_c.dir/rosidl_typesupport_c/tku_msgs/msg/location__type_support.cpp.o[0m
[ 18%] [32mBuilding CXX object CMakeFiles/tku_msgs__rosidl_typesupport_c.dir/rosidl_typesupport_c/tku_msgs/msg/dio__type_support.cpp.o[0m
[ 19%] [32mBuilding CXX object CMakeFiles/tku_msgs__rosidl_typesupport_c.dir/rosidl_typesupport_c/tku_msgs/msg/parameter__type_support.cpp.o[0m
[ 19%] [32mBuilding CXX object CMakeFiles/tku_msgs__rosidl_typesupport_c.dir/rosidl_typesupport_c/tku_msgs/msg/interface__type_support.cpp.o[0m
[ 19%] [32mBuilding CXX object CMakeFiles/tku_msgs__rosidl_typesupport_c.dir/rosidl_typesupport_c/tku_msgs/msg/parametermessage__type_support.cpp.o[0m
[ 20%] [32mBuilding CXX object CMakeFiles/tku_msgs__rosidl_typesupport_c.dir/rosidl_typesupport_c/tku_msgs/msg/callback__type_support.cpp.o[0m
[ 20%] [32mBuilding CXX object CMakeFiles/tku_msgs__rosidl_typesupport_c.dir/rosidl_typesupport_c/tku_msgs/msg/head_package__type_support.cpp.o[0m
[ 20%] [32mBuilding CXX object CMakeFiles/tku_msgs__rosidl_typesupport_c.dir/rosidl_typesupport_c/tku_msgs/msg/interface_send2_sector__type_support.cpp.o[0m
[ 21%] [32mBuilding CXX object CMakeFiles/tku_msgs__rosidl_typesupport_c.dir/rosidl_typesupport_c/tku_msgs/msg/pi_dpackage__type_support.cpp.o[0m
[ 21%] [32mBuilding CXX object CMakeFiles/tku_msgs__rosidl_typesupport_c.dir/rosidl_typesupport_c/tku_msgs/msg/sand_hand_speed__type_support.cpp.o[0m
[ 21%] [32mBuilding CXX object CMakeFiles/tku_msgs__rosidl_typesupport_c.dir/rosidl_typesupport_c/tku_msgs/msg/save_motion__type_support.cpp.o[0m
[ 22%] [32mBuilding CXX object CMakeFiles/tku_msgs__rosidl_typesupport_c.dir/rosidl_typesupport_c/tku_msgs/msg/save_motion_vector__type_support.cpp.o[0m
[ 22%] [32mBuilding CXX object CMakeFiles/tku_msgs__rosidl_typesupport_c.dir/rosidl_typesupport_c/tku_msgs/msg/sensor_package__type_support.cpp.o[0m
[ 22%] [32mBuilding CXX object CMakeFiles/tku_msgs__rosidl_typesupport_c.dir/rosidl_typesupport_c/tku_msgs/msg/sensor_set__type_support.cpp.o[0m
[ 23%] [32mBuilding CXX object CMakeFiles/tku_msgs__rosidl_typesupport_c.dir/rosidl_typesupport_c/tku_msgs/msg/single_motor_data__type_support.cpp.o[0m
[ 23%] [32mBuilding CXX object CMakeFiles/tku_msgs__rosidl_typesupport_c.dir/rosidl_typesupport_c/tku_msgs/msg/walkingmessage__type_support.cpp.o[0m
[ 23%] [32mBuilding CXX object CMakeFiles/tku_msgs__rosidl_typesupport_c.dir/rosidl_typesupport_c/tku_msgs/srv/build_model__type_support.cpp.o[0m
[ 24%] [32mBuilding CXX object CMakeFiles/tku_msgs__rosidl_typesupport_c.dir/rosidl_typesupport_c/tku_msgs/srv/hsv_info__type_support.cpp.o[0m
[ 24%] [32mBuilding CXX object CMakeFiles/tku_msgs__rosidl_typesupport_c.dir/rosidl_typesupport_c/tku_msgs/srv/save_hsv__type_support.cpp.o[0m
[ 24%] [32mBuilding CXX object CMakeFiles/tku_msgs__rosidl_typesupport_c.dir/rosidl_typesupport_c/tku_msgs/srv/add__type_support.cpp.o[0m
[ 25%] [32mBuilding CXX object CMakeFiles/tku_msgs__rosidl_typesupport_c.dir/rosidl_typesupport_c/tku_msgs/srv/camera_info__type_support.cpp.o[0m
[ 25%] [32mBuilding CXX object CMakeFiles/tku_msgs__rosidl_typesupport_c.dir/rosidl_typesupport_c/tku_msgs/srv/read_motion__type_support.cpp.o[0m
[ 25%] [32mBuilding CXX object CMakeFiles/tku_msgs__rosidl_typesupport_c.dir/rosidl_typesupport_c/tku_msgs/srv/check_sector__type_support.cpp.o[0m
[ 26%] [32mBuilding CXX object CMakeFiles/tku_msgs__rosidl_typesupport_c.dir/rosidl_typesupport_c/tku_msgs/srv/send_hand_speed__type_support.cpp.o[0m
[ 26%] [32mBuilding CXX object CMakeFiles/tku_msgs__rosidl_typesupport_c.dir/rosidl_typesupport_c/tku_msgs/srv/walking_gait_parameter__type_support.cpp.o[0m
[ 26%] [32m[1mLinking CXX shared library libtku_msgs__rosidl_typesupport_c.so[0m
[ 26%] Built target tku_msgs__rosidl_typesupport_c
[ 26%] [32mBuilding C object CMakeFiles/tku_msgs__rosidl_typesupport_introspection_c.dir/rosidl_typesupport_introspection_c/tku_msgs/msg/detail/color_array__type_support.c.o[0m
[ 26%] [32mBuilding C object CMakeFiles/tku_msgs__rosidl_typesupport_introspection_c.dir/rosidl_typesupport_introspection_c/tku_msgs/msg/detail/button_color_form__type_support.c.o[0m
[ 27%] [32mBuilding C object CMakeFiles/tku_msgs__rosidl_typesupport_introspection_c.dir/rosidl_typesupport_introspection_c/tku_msgs/msg/detail/color_data__type_support.c.o[0m
[ 27%] [32mBuilding C object CMakeFiles/tku_msgs__rosidl_typesupport_introspection_c.dir/rosidl_typesupport_introspection_c/tku_msgs/msg/detail/draw_image__type_support.c.o[0m
[ 27%] [32mBuilding C object CMakeFiles/tku_msgs__rosidl_typesupport_introspection_c.dir/rosidl_typesupport_introspection_c/tku_msgs/msg/detail/hsv_value__type_support.c.o[0m
[ 28%] [32mBuilding C object CMakeFiles/tku_msgs__rosidl_typesupport_introspection_c.dir/rosidl_typesupport_introspection_c/tku_msgs/msg/detail/label_model_object_list__type_support.c.o[0m
[ 28%] [32mBuilding C object CMakeFiles/tku_msgs__rosidl_typesupport_introspection_c.dir/rosidl_typesupport_introspection_c/tku_msgs/msg/detail/object_list__type_support.c.o[0m
[ 28%] [32mBuilding C object CMakeFiles/tku_msgs__rosidl_typesupport_introspection_c.dir/rosidl_typesupport_introspection_c/tku_msgs/msg/detail/camera__type_support.c.o[0m
[ 29%] [32mBuilding C object CMakeFiles/tku_msgs__rosidl_typesupport_introspection_c.dir/rosidl_typesupport_introspection_c/tku_msgs/msg/detail/location__type_support.c.o[0m
[ 29%] [32mBuilding C object CMakeFiles/tku_msgs__rosidl_typesupport_introspection_c.dir/rosidl_typesupport_introspection_c/tku_msgs/msg/detail/camera_save__type_support.c.o[0m
[ 29%] [32mBuilding C object CMakeFiles/tku_msgs__rosidl_typesupport_introspection_c.dir/rosidl_typesupport_introspection_c/tku_msgs/msg/detail/dio__type_support.c.o[0m
[ 29%] [32mBuilding C object CMakeFiles/tku_msgs__rosidl_typesupport_introspection_c.dir/rosidl_typesupport_introspection_c/tku_msgs/msg/detail/interface__type_support.c.o[0m
[ 30%] [32mBuilding C object CMakeFiles/tku_msgs__rosidl_typesupport_introspection_c.dir/rosidl_typesupport_introspection_c/tku_msgs/msg/detail/parameter__type_support.c.o[0m
[ 31%] [32mBuilding C object CMakeFiles/tku_msgs__rosidl_typesupport_introspection_c.dir/rosidl_typesupport_introspection_c/tku_msgs/msg/detail/parametermessage__type_support.c.o[0m
[ 31%] [32mBuilding C object CMakeFiles/tku_msgs__rosidl_typesupport_introspection_c.dir/rosidl_typesupport_introspection_c/tku_msgs/msg/detail/callback__type_support.c.o[0m
[ 32%] [32mBuilding C object CMakeFiles/tku_msgs__rosidl_typesupport_introspection_c.dir/rosidl_typesupport_introspection_c/tku_msgs/msg/detail/interface_send2_sector__type_support.c.o[0m
[ 32%] [32mBuilding C object CMakeFiles/tku_msgs__rosidl_typesupport_introspection_c.dir/rosidl_typesupport_introspection_c/tku_msgs/msg/detail/head_package__type_support.c.o[0m
[ 32%] [32mBuilding C object CMakeFiles/tku_msgs__rosidl_typesupport_introspection_c.dir/rosidl_typesupport_introspection_c/tku_msgs/msg/detail/pi_dpackage__type_support.c.o[0m
[ 32%] [32mBuilding C object CMakeFiles/tku_msgs__rosidl_typesupport_introspection_c.dir/rosidl_typesupport_introspection_c/tku_msgs/msg/detail/sand_hand_speed__type_support.c.o[0m
[ 33%] [32mBuilding C object CMakeFiles/tku_msgs__rosidl_typesupport_introspection_c.dir/rosidl_typesupport_introspection_c/tku_msgs/msg/detail/save_motion__type_support.c.o[0m
[ 33%] [32mBuilding C object CMakeFiles/tku_msgs__rosidl_typesupport_introspection_c.dir/rosidl_typesupport_introspection_c/tku_msgs/msg/detail/save_motion_vector__type_support.c.o[0m
[ 33%] [32mBuilding C object CMakeFiles/tku_msgs__rosidl_typesupport_introspection_c.dir/rosidl_typesupport_introspection_c/tku_msgs/msg/detail/sensor_package__type_support.c.o[0m
[ 34%] [32mBuilding C object CMakeFiles/tku_msgs__rosidl_typesupport_introspection_c.dir/rosidl_typesupport_introspection_c/tku_msgs/msg/detail/sensor_set__type_support.c.o[0m
[ 34%] [32mBuilding C object CMakeFiles/tku_msgs__rosidl_typesupport_introspection_c.dir/rosidl_typesupport_introspection_c/tku_msgs/msg/detail/single_motor_data__type_support.c.o[0m
[ 34%] [32mBuilding C object CMakeFiles/tku_msgs__rosidl_typesupport_introspection_c.dir/rosidl_typesupport_introspection_c/tku_msgs/msg/detail/walkingmessage__type_support.c.o[0m
[ 35%] [32mBuilding C object CMakeFiles/tku_msgs__rosidl_typesupport_introspection_c.dir/rosidl_typesupport_introspection_c/tku_msgs/srv/detail/build_model__type_support.c.o[0m
[ 35%] [32mBuilding C object CMakeFiles/tku_msgs__rosidl_typesupport_introspection_c.dir/rosidl_typesupport_introspection_c/tku_msgs/srv/detail/hsv_info__type_support.c.o[0m
[ 35%] [32mBuilding C object CMakeFiles/tku_msgs__rosidl_typesupport_introspection_c.dir/rosidl_typesupport_introspection_c/tku_msgs/srv/detail/save_hsv__type_support.c.o[0m
[ 35%] [32mBuilding C object CMakeFiles/tku_msgs__rosidl_typesupport_introspection_c.dir/rosidl_typesupport_introspection_c/tku_msgs/srv/detail/camera_info__type_support.c.o[0m
[ 36%] [32mBuilding C object CMakeFiles/tku_msgs__rosidl_typesupport_introspection_c.dir/rosidl_typesupport_introspection_c/tku_msgs/srv/detail/add__type_support.c.o[0m
[ 36%] [32mBuilding CXX object CMakeFiles/tku_msgs__rosidl_typesupport_fastrtps_c.dir/rosidl_typesupport_fastrtps_c/tku_msgs/msg/detail/button_color_form__type_support_c.cpp.o[0m
[ 37%] [32mBuilding C object CMakeFiles/tku_msgs__rosidl_typesupport_introspection_c.dir/rosidl_typesupport_introspection_c/tku_msgs/srv/detail/check_sector__type_support.c.o[0m
[ 37%] [32mBuilding C object CMakeFiles/tku_msgs__rosidl_typesupport_introspection_c.dir/rosidl_typesupport_introspection_c/tku_msgs/srv/detail/read_motion__type_support.c.o[0m
[ 37%] [32mBuilding C object CMakeFiles/tku_msgs__rosidl_typesupport_introspection_c.dir/rosidl_typesupport_introspection_c/tku_msgs/srv/detail/send_hand_speed__type_support.c.o[0m
[ 37%] [32mBuilding C object CMakeFiles/tku_msgs__rosidl_typesupport_introspection_c.dir/rosidl_typesupport_introspection_c/tku_msgs/srv/detail/walking_gait_parameter__type_support.c.o[0m
[ 37%] [32mBuilding CXX object CMakeFiles/tku_msgs__rosidl_typesupport_fastrtps_c.dir/rosidl_typesupport_fastrtps_c/tku_msgs/msg/detail/color_array__type_support_c.cpp.o[0m
[ 38%] [32mBuilding CXX object CMakeFiles/tku_msgs__rosidl_typesupport_fastrtps_c.dir/rosidl_typesupport_fastrtps_c/tku_msgs/msg/detail/color_data__type_support_c.cpp.o[0m
[ 38%] [32mBuilding CXX object CMakeFiles/tku_msgs__rosidl_typesupport_fastrtps_c.dir/rosidl_typesupport_fastrtps_c/tku_msgs/msg/detail/draw_image__type_support_c.cpp.o[0m
[ 39%] [32m[1mLinking C shared library libtku_msgs__rosidl_typesupport_introspection_c.so[0m
[ 39%] [32mBuilding CXX object CMakeFiles/tku_msgs__rosidl_typesupport_fastrtps_c.dir/rosidl_typesupport_fastrtps_c/tku_msgs/msg/detail/hsv_value__type_support_c.cpp.o[0m
[ 39%] Built target tku_msgs__rosidl_typesupport_introspection_c
[ 40%] [32mBuilding CXX object CMakeFiles/tku_msgs__rosidl_typesupport_fastrtps_c.dir/rosidl_typesupport_fastrtps_c/tku_msgs/msg/detail/label_model_object_list__type_support_c.cpp.o[0m
[ 40%] [32mBuilding CXX object CMakeFiles/tku_msgs__rosidl_typesupport_fastrtps_c.dir/rosidl_typesupport_fastrtps_c/tku_msgs/msg/detail/object_list__type_support_c.cpp.o[0m
[ 40%] [32mBuilding CXX object CMakeFiles/tku_msgs__rosidl_typesupport_fastrtps_c.dir/rosidl_typesupport_fastrtps_c/tku_msgs/msg/detail/camera__type_support_c.cpp.o[0m
[ 41%] [32mBuilding CXX object CMakeFiles/tku_msgs__rosidl_typesupport_fastrtps_c.dir/rosidl_typesupport_fastrtps_c/tku_msgs/msg/detail/camera_save__type_support_c.cpp.o[0m
[ 41%] [32mBuilding CXX object CMakeFiles/tku_msgs__rosidl_typesupport_fastrtps_c.dir/rosidl_typesupport_fastrtps_c/tku_msgs/msg/detail/location__type_support_c.cpp.o[0m
[ 41%] [32mBuilding CXX object CMakeFiles/tku_msgs__rosidl_typesupport_fastrtps_c.dir/rosidl_typesupport_fastrtps_c/tku_msgs/msg/detail/dio__type_support_c.cpp.o[0m
[ 42%] [32mBuilding CXX object CMakeFiles/tku_msgs__rosidl_typesupport_fastrtps_c.dir/rosidl_typesupport_fastrtps_c/tku_msgs/msg/detail/parameter__type_support_c.cpp.o[0m
[ 42%] [32mBuilding CXX object CMakeFiles/tku_msgs__rosidl_typesupport_fastrtps_c.dir/rosidl_typesupport_fastrtps_c/tku_msgs/msg/detail/interface__type_support_c.cpp.o[0m
[ 42%] [32mBuilding CXX object CMakeFiles/tku_msgs__rosidl_typesupport_fastrtps_c.dir/rosidl_typesupport_fastrtps_c/tku_msgs/msg/detail/parametermessage__type_support_c.cpp.o[0m
[ 43%] [32mBuilding CXX object CMakeFiles/tku_msgs__rosidl_typesupport_fastrtps_c.dir/rosidl_typesupport_fastrtps_c/tku_msgs/msg/detail/callback__type_support_c.cpp.o[0m
[ 43%] [32mBuilding CXX object CMakeFiles/tku_msgs__rosidl_typesupport_fastrtps_c.dir/rosidl_typesupport_fastrtps_c/tku_msgs/msg/detail/head_package__type_support_c.cpp.o[0m
[ 43%] [32mBuilding CXX object CMakeFiles/tku_msgs__rosidl_typesupport_fastrtps_c.dir/rosidl_typesupport_fastrtps_c/tku_msgs/msg/detail/interface_send2_sector__type_support_c.cpp.o[0m
[ 44%] [32mBuilding CXX object CMakeFiles/tku_msgs__rosidl_typesupport_fastrtps_c.dir/rosidl_typesupport_fastrtps_c/tku_msgs/msg/detail/pi_dpackage__type_support_c.cpp.o[0m
[ 44%] [32mBuilding CXX object CMakeFiles/tku_msgs__rosidl_typesupport_fastrtps_c.dir/rosidl_typesupport_fastrtps_c/tku_msgs/msg/detail/sand_hand_speed__type_support_c.cpp.o[0m
[ 44%] [32mBuilding CXX object CMakeFiles/tku_msgs__rosidl_typesupport_fastrtps_c.dir/rosidl_typesupport_fastrtps_c/tku_msgs/msg/detail/save_motion__type_support_c.cpp.o[0m
[ 45%] [32mBuilding CXX object CMakeFiles/tku_msgs__rosidl_typesupport_fastrtps_c.dir/rosidl_typesupport_fastrtps_c/tku_msgs/msg/detail/save_motion_vector__type_support_c.cpp.o[0m
[ 45%] [32mBuilding CXX object CMakeFiles/tku_msgs__rosidl_typesupport_fastrtps_c.dir/rosidl_typesupport_fastrtps_c/tku_msgs/msg/detail/sensor_package__type_support_c.cpp.o[0m
[ 45%] [32mBuilding CXX object CMakeFiles/tku_msgs__rosidl_typesupport_fastrtps_c.dir/rosidl_typesupport_fastrtps_c/tku_msgs/msg/detail/sensor_set__type_support_c.cpp.o[0m
[ 46%] [32mBuilding CXX object CMakeFiles/tku_msgs__rosidl_typesupport_fastrtps_c.dir/rosidl_typesupport_fastrtps_c/tku_msgs/msg/detail/single_motor_data__type_support_c.cpp.o[0m
[ 46%] [32mBuilding CXX object CMakeFiles/tku_msgs__rosidl_typesupport_fastrtps_c.dir/rosidl_typesupport_fastrtps_c/tku_msgs/msg/detail/walkingmessage__type_support_c.cpp.o[0m
[ 46%] [32mBuilding CXX object CMakeFiles/tku_msgs__rosidl_typesupport_fastrtps_c.dir/rosidl_typesupport_fastrtps_c/tku_msgs/srv/detail/build_model__type_support_c.cpp.o[0m
[ 47%] [32mBuilding CXX object CMakeFiles/tku_msgs__rosidl_typesupport_fastrtps_c.dir/rosidl_typesupport_fastrtps_c/tku_msgs/srv/detail/hsv_info__type_support_c.cpp.o[0m
[ 47%] [32mBuilding CXX object CMakeFiles/tku_msgs__rosidl_typesupport_fastrtps_c.dir/rosidl_typesupport_fastrtps_c/tku_msgs/srv/detail/save_hsv__type_support_c.cpp.o[0m
[ 48%] [32mBuilding CXX object CMakeFiles/tku_msgs__rosidl_typesupport_fastrtps_c.dir/rosidl_typesupport_fastrtps_c/tku_msgs/srv/detail/add__type_support_c.cpp.o[0m
[ 48%] [32mBuilding CXX object CMakeFiles/tku_msgs__rosidl_typesupport_fastrtps_c.dir/rosidl_typesupport_fastrtps_c/tku_msgs/srv/detail/camera_info__type_support_c.cpp.o[0m
[ 48%] [32mBuilding CXX object CMakeFiles/tku_msgs__rosidl_typesupport_fastrtps_c.dir/rosidl_typesupport_fastrtps_c/tku_msgs/srv/detail/read_motion__type_support_c.cpp.o[0m
[ 49%] [32mBuilding CXX object CMakeFiles/tku_msgs__rosidl_typesupport_fastrtps_c.dir/rosidl_typesupport_fastrtps_c/tku_msgs/srv/detail/check_sector__type_support_c.cpp.o[0m
[ 49%] [32mBuilding CXX object CMakeFiles/tku_msgs__rosidl_typesupport_fastrtps_c.dir/rosidl_typesupport_fastrtps_c/tku_msgs/srv/detail/send_hand_speed__type_support_c.cpp.o[0m
[ 49%] [32mBuilding CXX object CMakeFiles/tku_msgs__rosidl_typesupport_fastrtps_c.dir/rosidl_typesupport_fastrtps_c/tku_msgs/srv/detail/walking_gait_parameter__type_support_c.cpp.o[0m
[ 50%] [32m[1mLinking CXX shared library libtku_msgs__rosidl_typesupport_fastrtps_c.so[0m
[ 50%] Built target tku_msgs__rosidl_typesupport_fastrtps_c
gmake: *** [Makefile:146: all] Error 2
