[0.668s] Invoking command in '/workspace/towen/build/tku_msgs': BYOBU_DATE=%Y-%m-%d CMAKE_PREFIX_PATH=${CMAKE_PREFIX_PATH}:/workspace/towen/install/strategy:/workspace/towen/install/motionpackage:/workspace/towen/install/imageprocess:/opt/ros/humble /usr/local/bin/cmake --build /workspace/towen/build/tku_msgs -- -j6 -l6
[1.113s] [  0%] [34m[1mGenerating C++ code for ROS interfaces[0m
[1.189s] [  0%] Built target ament_cmake_python_copy_tku_msgs
[1.230s] [ 12%] Built target tku_msgs__rosidl_generator_c
[1.250s] [ 13%] [34m[1mGenerating C type support for eProsima Fast-RTPS[0m
[1.251s] [ 14%] [34m[1mGenerating C type support dispatch for ROS interfaces[0m
[1.259s] [ 15%] [34m[1mGenerating C introspection for ROS interfaces[0m
[1.599s] Traceback (most recent call last):
[1.599s]   File "/opt/ros/humble/install/share/rosidl_generator_cpp/cmake/../../../lib/rosidl_generator_cpp/rosidl_generator_cpp", line 38, in <module>
[1.599s]     sys.exit(main())
[1.599s]   File "/opt/ros/humble/install/share/rosidl_generator_cpp/cmake/../../../lib/rosidl_generator_cpp/rosidl_generator_cpp", line 34, in main
[1.600s]     generate_cpp(args.generator_arguments_file)
[1.600s]   File "/opt/ros/humble/local/lib/python3.10/dist-packages/rosidl_generator_cpp/__init__.py", line 39, in generate_cpp
[1.600s]     return generate_files(
[1.600s]   File "/opt/ros/humble/local/lib/python3.10/dist-packages/rosidl_cmake/__init__.py", line 59, in generate_files
[1.600s]     assert (template_basepath / template_filename).exists(), \
[1.600s] AssertionError: Could not find template: idl__type_support.hpp.em
[1.648s] gmake[2]: *** [CMakeFiles/tku_msgs__cpp.dir/build.make:288: rosidl_generator_cpp/tku_msgs/msg/button_color_form.hpp] Error 1
[1.649s] gmake[1]: *** [CMakeFiles/Makefile2:317: CMakeFiles/tku_msgs__cpp.dir/all] Error 2
[1.649s] gmake[1]: *** Waiting for unfinished jobs....
[2.162s] running egg_info
[2.219s] writing tku_msgs.egg-info/PKG-INFO
[2.220s] writing dependency_links to tku_msgs.egg-info/dependency_links.txt
[2.221s] writing top-level names to tku_msgs.egg-info/top_level.txt
[2.371s] reading manifest file 'tku_msgs.egg-info/SOURCES.txt'
[2.373s] writing manifest file 'tku_msgs.egg-info/SOURCES.txt'
[2.484s] [ 15%] Built target ament_cmake_python_build_tku_msgs_egg
[4.929s] [ 15%] [32mBuilding CXX object CMakeFiles/tku_msgs__rosidl_typesupport_c.dir/rosidl_typesupport_c/tku_msgs/msg/button_color_form__type_support.cpp.o[0m
[4.951s] [ 15%] [32mBuilding CXX object CMakeFiles/tku_msgs__rosidl_typesupport_c.dir/rosidl_typesupport_c/tku_msgs/msg/color_array__type_support.cpp.o[0m
[4.971s] [ 16%] [32mBuilding CXX object CMakeFiles/tku_msgs__rosidl_typesupport_c.dir/rosidl_typesupport_c/tku_msgs/msg/color_data__type_support.cpp.o[0m
[4.998s] [ 16%] [32mBuilding CXX object CMakeFiles/tku_msgs__rosidl_typesupport_c.dir/rosidl_typesupport_c/tku_msgs/msg/draw_image__type_support.cpp.o[0m
[5.154s] [ 17%] [32mBuilding CXX object CMakeFiles/tku_msgs__rosidl_typesupport_c.dir/rosidl_typesupport_c/tku_msgs/msg/label_model_object_list__type_support.cpp.o[0m
[5.169s] [ 17%] [32mBuilding CXX object CMakeFiles/tku_msgs__rosidl_typesupport_c.dir/rosidl_typesupport_c/tku_msgs/msg/hsv_value__type_support.cpp.o[0m
[5.216s] [ 17%] [32mBuilding CXX object CMakeFiles/tku_msgs__rosidl_typesupport_c.dir/rosidl_typesupport_c/tku_msgs/msg/object_list__type_support.cpp.o[0m
[5.250s] [ 17%] [32mBuilding CXX object CMakeFiles/tku_msgs__rosidl_typesupport_c.dir/rosidl_typesupport_c/tku_msgs/msg/camera__type_support.cpp.o[0m
[5.351s] [ 18%] [32mBuilding CXX object CMakeFiles/tku_msgs__rosidl_typesupport_c.dir/rosidl_typesupport_c/tku_msgs/msg/camera_save__type_support.cpp.o[0m
[5.367s] [ 18%] [32mBuilding CXX object CMakeFiles/tku_msgs__rosidl_typesupport_c.dir/rosidl_typesupport_c/tku_msgs/msg/location__type_support.cpp.o[0m
[5.393s] [ 18%] [32mBuilding CXX object CMakeFiles/tku_msgs__rosidl_typesupport_c.dir/rosidl_typesupport_c/tku_msgs/msg/dio__type_support.cpp.o[0m
[5.422s] [ 19%] [32mBuilding CXX object CMakeFiles/tku_msgs__rosidl_typesupport_c.dir/rosidl_typesupport_c/tku_msgs/msg/parameter__type_support.cpp.o[0m
[5.526s] [ 19%] [32mBuilding CXX object CMakeFiles/tku_msgs__rosidl_typesupport_c.dir/rosidl_typesupport_c/tku_msgs/msg/interface__type_support.cpp.o[0m
[5.551s] [ 19%] [32mBuilding CXX object CMakeFiles/tku_msgs__rosidl_typesupport_c.dir/rosidl_typesupport_c/tku_msgs/msg/parametermessage__type_support.cpp.o[0m
[5.596s] [ 20%] [32mBuilding CXX object CMakeFiles/tku_msgs__rosidl_typesupport_c.dir/rosidl_typesupport_c/tku_msgs/msg/callback__type_support.cpp.o[0m
[5.616s] [ 20%] [32mBuilding CXX object CMakeFiles/tku_msgs__rosidl_typesupport_c.dir/rosidl_typesupport_c/tku_msgs/msg/head_package__type_support.cpp.o[0m
[5.725s] [ 20%] [32mBuilding CXX object CMakeFiles/tku_msgs__rosidl_typesupport_c.dir/rosidl_typesupport_c/tku_msgs/msg/interface_send2_sector__type_support.cpp.o[0m
[5.755s] [ 21%] [32mBuilding CXX object CMakeFiles/tku_msgs__rosidl_typesupport_c.dir/rosidl_typesupport_c/tku_msgs/msg/pi_dpackage__type_support.cpp.o[0m
[5.806s] [ 21%] [32mBuilding CXX object CMakeFiles/tku_msgs__rosidl_typesupport_c.dir/rosidl_typesupport_c/tku_msgs/msg/sand_hand_speed__type_support.cpp.o[0m
[5.823s] [ 21%] [32mBuilding CXX object CMakeFiles/tku_msgs__rosidl_typesupport_c.dir/rosidl_typesupport_c/tku_msgs/msg/save_motion__type_support.cpp.o[0m
[5.894s] [ 22%] [32mBuilding CXX object CMakeFiles/tku_msgs__rosidl_typesupport_c.dir/rosidl_typesupport_c/tku_msgs/msg/save_motion_vector__type_support.cpp.o[0m
[5.988s] [ 22%] [32mBuilding CXX object CMakeFiles/tku_msgs__rosidl_typesupport_c.dir/rosidl_typesupport_c/tku_msgs/msg/sensor_package__type_support.cpp.o[0m
[5.999s] [ 22%] [32mBuilding CXX object CMakeFiles/tku_msgs__rosidl_typesupport_c.dir/rosidl_typesupport_c/tku_msgs/msg/sensor_set__type_support.cpp.o[0m
[6.018s] [ 23%] [32mBuilding CXX object CMakeFiles/tku_msgs__rosidl_typesupport_c.dir/rosidl_typesupport_c/tku_msgs/msg/single_motor_data__type_support.cpp.o[0m
[6.058s] [ 23%] [32mBuilding CXX object CMakeFiles/tku_msgs__rosidl_typesupport_c.dir/rosidl_typesupport_c/tku_msgs/msg/walkingmessage__type_support.cpp.o[0m
[6.159s] [ 23%] [32mBuilding CXX object CMakeFiles/tku_msgs__rosidl_typesupport_c.dir/rosidl_typesupport_c/tku_msgs/srv/build_model__type_support.cpp.o[0m
[6.206s] [ 24%] [32mBuilding CXX object CMakeFiles/tku_msgs__rosidl_typesupport_c.dir/rosidl_typesupport_c/tku_msgs/srv/hsv_info__type_support.cpp.o[0m
[6.233s] [ 24%] [32mBuilding CXX object CMakeFiles/tku_msgs__rosidl_typesupport_c.dir/rosidl_typesupport_c/tku_msgs/srv/save_hsv__type_support.cpp.o[0m
[6.235s] [ 24%] [32mBuilding CXX object CMakeFiles/tku_msgs__rosidl_typesupport_c.dir/rosidl_typesupport_c/tku_msgs/srv/add__type_support.cpp.o[0m
[6.303s] [ 25%] [32mBuilding CXX object CMakeFiles/tku_msgs__rosidl_typesupport_c.dir/rosidl_typesupport_c/tku_msgs/srv/camera_info__type_support.cpp.o[0m
[6.419s] [ 25%] [32mBuilding CXX object CMakeFiles/tku_msgs__rosidl_typesupport_c.dir/rosidl_typesupport_c/tku_msgs/srv/read_motion__type_support.cpp.o[0m
[6.465s] [ 25%] [32mBuilding CXX object CMakeFiles/tku_msgs__rosidl_typesupport_c.dir/rosidl_typesupport_c/tku_msgs/srv/check_sector__type_support.cpp.o[0m
[6.472s] [ 26%] [32mBuilding CXX object CMakeFiles/tku_msgs__rosidl_typesupport_c.dir/rosidl_typesupport_c/tku_msgs/srv/send_hand_speed__type_support.cpp.o[0m
[6.476s] [ 26%] [32mBuilding CXX object CMakeFiles/tku_msgs__rosidl_typesupport_c.dir/rosidl_typesupport_c/tku_msgs/srv/walking_gait_parameter__type_support.cpp.o[0m
[6.626s] [ 26%] [32m[1mLinking CXX shared library libtku_msgs__rosidl_typesupport_c.so[0m
[6.828s] [ 26%] Built target tku_msgs__rosidl_typesupport_c
[7.386s] [ 26%] [32mBuilding C object CMakeFiles/tku_msgs__rosidl_typesupport_introspection_c.dir/rosidl_typesupport_introspection_c/tku_msgs/msg/detail/color_array__type_support.c.o[0m
[7.387s] [ 26%] [32mBuilding C object CMakeFiles/tku_msgs__rosidl_typesupport_introspection_c.dir/rosidl_typesupport_introspection_c/tku_msgs/msg/detail/button_color_form__type_support.c.o[0m
[7.403s] [ 27%] [32mBuilding C object CMakeFiles/tku_msgs__rosidl_typesupport_introspection_c.dir/rosidl_typesupport_introspection_c/tku_msgs/msg/detail/color_data__type_support.c.o[0m
[7.424s] [ 27%] [32mBuilding C object CMakeFiles/tku_msgs__rosidl_typesupport_introspection_c.dir/rosidl_typesupport_introspection_c/tku_msgs/msg/detail/draw_image__type_support.c.o[0m
[7.481s] [ 27%] [32mBuilding C object CMakeFiles/tku_msgs__rosidl_typesupport_introspection_c.dir/rosidl_typesupport_introspection_c/tku_msgs/msg/detail/hsv_value__type_support.c.o[0m
[7.618s] [ 28%] [32mBuilding C object CMakeFiles/tku_msgs__rosidl_typesupport_introspection_c.dir/rosidl_typesupport_introspection_c/tku_msgs/msg/detail/label_model_object_list__type_support.c.o[0m
[7.628s] [ 28%] [32mBuilding C object CMakeFiles/tku_msgs__rosidl_typesupport_introspection_c.dir/rosidl_typesupport_introspection_c/tku_msgs/msg/detail/object_list__type_support.c.o[0m
[7.679s] [ 28%] [32mBuilding C object CMakeFiles/tku_msgs__rosidl_typesupport_introspection_c.dir/rosidl_typesupport_introspection_c/tku_msgs/msg/detail/camera__type_support.c.o[0m
[7.697s] [ 29%] [32mBuilding C object CMakeFiles/tku_msgs__rosidl_typesupport_introspection_c.dir/rosidl_typesupport_introspection_c/tku_msgs/msg/detail/location__type_support.c.o[0m
[7.699s] [ 29%] [32mBuilding C object CMakeFiles/tku_msgs__rosidl_typesupport_introspection_c.dir/rosidl_typesupport_introspection_c/tku_msgs/msg/detail/camera_save__type_support.c.o[0m
[7.870s] [ 29%] [32mBuilding C object CMakeFiles/tku_msgs__rosidl_typesupport_introspection_c.dir/rosidl_typesupport_introspection_c/tku_msgs/msg/detail/dio__type_support.c.o[0m
[7.932s] [ 29%] [32mBuilding C object CMakeFiles/tku_msgs__rosidl_typesupport_introspection_c.dir/rosidl_typesupport_introspection_c/tku_msgs/msg/detail/interface__type_support.c.o[0m
[7.940s] [ 30%] [32mBuilding C object CMakeFiles/tku_msgs__rosidl_typesupport_introspection_c.dir/rosidl_typesupport_introspection_c/tku_msgs/msg/detail/parameter__type_support.c.o[0m
[7.969s] [ 31%] [32mBuilding C object CMakeFiles/tku_msgs__rosidl_typesupport_introspection_c.dir/rosidl_typesupport_introspection_c/tku_msgs/msg/detail/parametermessage__type_support.c.o[0m
[8.089s] [ 31%] [32mBuilding C object CMakeFiles/tku_msgs__rosidl_typesupport_introspection_c.dir/rosidl_typesupport_introspection_c/tku_msgs/msg/detail/callback__type_support.c.o[0m
[8.169s] [ 32%] [32mBuilding C object CMakeFiles/tku_msgs__rosidl_typesupport_introspection_c.dir/rosidl_typesupport_introspection_c/tku_msgs/msg/detail/interface_send2_sector__type_support.c.o[0m
[8.191s] [ 32%] [32mBuilding C object CMakeFiles/tku_msgs__rosidl_typesupport_introspection_c.dir/rosidl_typesupport_introspection_c/tku_msgs/msg/detail/head_package__type_support.c.o[0m
[8.237s] [ 32%] [32mBuilding C object CMakeFiles/tku_msgs__rosidl_typesupport_introspection_c.dir/rosidl_typesupport_introspection_c/tku_msgs/msg/detail/pi_dpackage__type_support.c.o[0m
[8.355s] [ 32%] [32mBuilding C object CMakeFiles/tku_msgs__rosidl_typesupport_introspection_c.dir/rosidl_typesupport_introspection_c/tku_msgs/msg/detail/sand_hand_speed__type_support.c.o[0m
[8.386s] [ 33%] [32mBuilding C object CMakeFiles/tku_msgs__rosidl_typesupport_introspection_c.dir/rosidl_typesupport_introspection_c/tku_msgs/msg/detail/save_motion__type_support.c.o[0m
[8.435s] [ 33%] [32mBuilding C object CMakeFiles/tku_msgs__rosidl_typesupport_introspection_c.dir/rosidl_typesupport_introspection_c/tku_msgs/msg/detail/save_motion_vector__type_support.c.o[0m
[8.466s] [ 33%] [32mBuilding C object CMakeFiles/tku_msgs__rosidl_typesupport_introspection_c.dir/rosidl_typesupport_introspection_c/tku_msgs/msg/detail/sensor_package__type_support.c.o[0m
[8.618s] [ 34%] [32mBuilding C object CMakeFiles/tku_msgs__rosidl_typesupport_introspection_c.dir/rosidl_typesupport_introspection_c/tku_msgs/msg/detail/sensor_set__type_support.c.o[0m
[8.631s] [ 34%] [32mBuilding C object CMakeFiles/tku_msgs__rosidl_typesupport_introspection_c.dir/rosidl_typesupport_introspection_c/tku_msgs/msg/detail/single_motor_data__type_support.c.o[0m
[8.674s] [ 34%] [32mBuilding C object CMakeFiles/tku_msgs__rosidl_typesupport_introspection_c.dir/rosidl_typesupport_introspection_c/tku_msgs/msg/detail/walkingmessage__type_support.c.o[0m
[8.688s] [ 35%] [32mBuilding C object CMakeFiles/tku_msgs__rosidl_typesupport_introspection_c.dir/rosidl_typesupport_introspection_c/tku_msgs/srv/detail/build_model__type_support.c.o[0m
[8.784s] [ 35%] [32mBuilding C object CMakeFiles/tku_msgs__rosidl_typesupport_introspection_c.dir/rosidl_typesupport_introspection_c/tku_msgs/srv/detail/hsv_info__type_support.c.o[0m
[8.832s] [ 35%] [32mBuilding C object CMakeFiles/tku_msgs__rosidl_typesupport_introspection_c.dir/rosidl_typesupport_introspection_c/tku_msgs/srv/detail/save_hsv__type_support.c.o[0m
[8.882s] [ 35%] [32mBuilding C object CMakeFiles/tku_msgs__rosidl_typesupport_introspection_c.dir/rosidl_typesupport_introspection_c/tku_msgs/srv/detail/camera_info__type_support.c.o[0m
[8.885s] [ 36%] [32mBuilding C object CMakeFiles/tku_msgs__rosidl_typesupport_introspection_c.dir/rosidl_typesupport_introspection_c/tku_msgs/srv/detail/add__type_support.c.o[0m
[8.919s] [ 36%] [32mBuilding CXX object CMakeFiles/tku_msgs__rosidl_typesupport_fastrtps_c.dir/rosidl_typesupport_fastrtps_c/tku_msgs/msg/detail/button_color_form__type_support_c.cpp.o[0m
[8.988s] [ 37%] [32mBuilding C object CMakeFiles/tku_msgs__rosidl_typesupport_introspection_c.dir/rosidl_typesupport_introspection_c/tku_msgs/srv/detail/check_sector__type_support.c.o[0m
[8.991s] [ 37%] [32mBuilding C object CMakeFiles/tku_msgs__rosidl_typesupport_introspection_c.dir/rosidl_typesupport_introspection_c/tku_msgs/srv/detail/read_motion__type_support.c.o[0m
[9.074s] [ 37%] [32mBuilding C object CMakeFiles/tku_msgs__rosidl_typesupport_introspection_c.dir/rosidl_typesupport_introspection_c/tku_msgs/srv/detail/send_hand_speed__type_support.c.o[0m
[9.085s] [ 37%] [32mBuilding C object CMakeFiles/tku_msgs__rosidl_typesupport_introspection_c.dir/rosidl_typesupport_introspection_c/tku_msgs/srv/detail/walking_gait_parameter__type_support.c.o[0m
[9.117s] [ 37%] [32mBuilding CXX object CMakeFiles/tku_msgs__rosidl_typesupport_fastrtps_c.dir/rosidl_typesupport_fastrtps_c/tku_msgs/msg/detail/color_array__type_support_c.cpp.o[0m
[9.250s] [ 38%] [32mBuilding CXX object CMakeFiles/tku_msgs__rosidl_typesupport_fastrtps_c.dir/rosidl_typesupport_fastrtps_c/tku_msgs/msg/detail/color_data__type_support_c.cpp.o[0m
[9.294s] [ 38%] [32mBuilding CXX object CMakeFiles/tku_msgs__rosidl_typesupport_fastrtps_c.dir/rosidl_typesupport_fastrtps_c/tku_msgs/msg/detail/draw_image__type_support_c.cpp.o[0m
[9.305s] [ 39%] [32m[1mLinking C shared library libtku_msgs__rosidl_typesupport_introspection_c.so[0m
[9.333s] [ 39%] [32mBuilding CXX object CMakeFiles/tku_msgs__rosidl_typesupport_fastrtps_c.dir/rosidl_typesupport_fastrtps_c/tku_msgs/msg/detail/hsv_value__type_support_c.cpp.o[0m
[9.536s] [ 39%] Built target tku_msgs__rosidl_typesupport_introspection_c
[9.576s] [ 40%] [32mBuilding CXX object CMakeFiles/tku_msgs__rosidl_typesupport_fastrtps_c.dir/rosidl_typesupport_fastrtps_c/tku_msgs/msg/detail/label_model_object_list__type_support_c.cpp.o[0m
[10.670s] [ 40%] [32mBuilding CXX object CMakeFiles/tku_msgs__rosidl_typesupport_fastrtps_c.dir/rosidl_typesupport_fastrtps_c/tku_msgs/msg/detail/object_list__type_support_c.cpp.o[0m
[10.967s] [ 40%] [32mBuilding CXX object CMakeFiles/tku_msgs__rosidl_typesupport_fastrtps_c.dir/rosidl_typesupport_fastrtps_c/tku_msgs/msg/detail/camera__type_support_c.cpp.o[0m
[11.038s] [ 41%] [32mBuilding CXX object CMakeFiles/tku_msgs__rosidl_typesupport_fastrtps_c.dir/rosidl_typesupport_fastrtps_c/tku_msgs/msg/detail/camera_save__type_support_c.cpp.o[0m
[11.117s] [ 41%] [32mBuilding CXX object CMakeFiles/tku_msgs__rosidl_typesupport_fastrtps_c.dir/rosidl_typesupport_fastrtps_c/tku_msgs/msg/detail/location__type_support_c.cpp.o[0m
[11.197s] [ 41%] [32mBuilding CXX object CMakeFiles/tku_msgs__rosidl_typesupport_fastrtps_c.dir/rosidl_typesupport_fastrtps_c/tku_msgs/msg/detail/dio__type_support_c.cpp.o[0m
[11.417s] [ 42%] [32mBuilding CXX object CMakeFiles/tku_msgs__rosidl_typesupport_fastrtps_c.dir/rosidl_typesupport_fastrtps_c/tku_msgs/msg/detail/parameter__type_support_c.cpp.o[0m
[12.304s] [ 42%] [32mBuilding CXX object CMakeFiles/tku_msgs__rosidl_typesupport_fastrtps_c.dir/rosidl_typesupport_fastrtps_c/tku_msgs/msg/detail/interface__type_support_c.cpp.o[0m
[12.632s] [ 42%] [32mBuilding CXX object CMakeFiles/tku_msgs__rosidl_typesupport_fastrtps_c.dir/rosidl_typesupport_fastrtps_c/tku_msgs/msg/detail/parametermessage__type_support_c.cpp.o[0m
[12.813s] [ 43%] [32mBuilding CXX object CMakeFiles/tku_msgs__rosidl_typesupport_fastrtps_c.dir/rosidl_typesupport_fastrtps_c/tku_msgs/msg/detail/callback__type_support_c.cpp.o[0m
[13.070s] [ 43%] [32mBuilding CXX object CMakeFiles/tku_msgs__rosidl_typesupport_fastrtps_c.dir/rosidl_typesupport_fastrtps_c/tku_msgs/msg/detail/head_package__type_support_c.cpp.o[0m
[13.148s] [ 43%] [32mBuilding CXX object CMakeFiles/tku_msgs__rosidl_typesupport_fastrtps_c.dir/rosidl_typesupport_fastrtps_c/tku_msgs/msg/detail/interface_send2_sector__type_support_c.cpp.o[0m
[13.446s] [ 44%] [32mBuilding CXX object CMakeFiles/tku_msgs__rosidl_typesupport_fastrtps_c.dir/rosidl_typesupport_fastrtps_c/tku_msgs/msg/detail/pi_dpackage__type_support_c.cpp.o[0m
[14.206s] [ 44%] [32mBuilding CXX object CMakeFiles/tku_msgs__rosidl_typesupport_fastrtps_c.dir/rosidl_typesupport_fastrtps_c/tku_msgs/msg/detail/sand_hand_speed__type_support_c.cpp.o[0m
[14.374s] [ 44%] [32mBuilding CXX object CMakeFiles/tku_msgs__rosidl_typesupport_fastrtps_c.dir/rosidl_typesupport_fastrtps_c/tku_msgs/msg/detail/save_motion__type_support_c.cpp.o[0m
[14.554s] [ 45%] [32mBuilding CXX object CMakeFiles/tku_msgs__rosidl_typesupport_fastrtps_c.dir/rosidl_typesupport_fastrtps_c/tku_msgs/msg/detail/save_motion_vector__type_support_c.cpp.o[0m
[14.561s] [ 45%] [32mBuilding CXX object CMakeFiles/tku_msgs__rosidl_typesupport_fastrtps_c.dir/rosidl_typesupport_fastrtps_c/tku_msgs/msg/detail/sensor_package__type_support_c.cpp.o[0m
[15.018s] [ 45%] [32mBuilding CXX object CMakeFiles/tku_msgs__rosidl_typesupport_fastrtps_c.dir/rosidl_typesupport_fastrtps_c/tku_msgs/msg/detail/sensor_set__type_support_c.cpp.o[0m
[15.512s] [ 46%] [32mBuilding CXX object CMakeFiles/tku_msgs__rosidl_typesupport_fastrtps_c.dir/rosidl_typesupport_fastrtps_c/tku_msgs/msg/detail/single_motor_data__type_support_c.cpp.o[0m
[16.005s] [ 46%] [32mBuilding CXX object CMakeFiles/tku_msgs__rosidl_typesupport_fastrtps_c.dir/rosidl_typesupport_fastrtps_c/tku_msgs/msg/detail/walkingmessage__type_support_c.cpp.o[0m
[16.117s] [ 46%] [32mBuilding CXX object CMakeFiles/tku_msgs__rosidl_typesupport_fastrtps_c.dir/rosidl_typesupport_fastrtps_c/tku_msgs/srv/detail/build_model__type_support_c.cpp.o[0m
[16.242s] [ 47%] [32mBuilding CXX object CMakeFiles/tku_msgs__rosidl_typesupport_fastrtps_c.dir/rosidl_typesupport_fastrtps_c/tku_msgs/srv/detail/hsv_info__type_support_c.cpp.o[0m
[16.688s] [ 47%] [32mBuilding CXX object CMakeFiles/tku_msgs__rosidl_typesupport_fastrtps_c.dir/rosidl_typesupport_fastrtps_c/tku_msgs/srv/detail/save_hsv__type_support_c.cpp.o[0m
[16.983s] [ 48%] [32mBuilding CXX object CMakeFiles/tku_msgs__rosidl_typesupport_fastrtps_c.dir/rosidl_typesupport_fastrtps_c/tku_msgs/srv/detail/add__type_support_c.cpp.o[0m
[17.401s] [ 48%] [32mBuilding CXX object CMakeFiles/tku_msgs__rosidl_typesupport_fastrtps_c.dir/rosidl_typesupport_fastrtps_c/tku_msgs/srv/detail/camera_info__type_support_c.cpp.o[0m
[17.838s] [ 48%] [32mBuilding CXX object CMakeFiles/tku_msgs__rosidl_typesupport_fastrtps_c.dir/rosidl_typesupport_fastrtps_c/tku_msgs/srv/detail/read_motion__type_support_c.cpp.o[0m
[17.862s] [ 49%] [32mBuilding CXX object CMakeFiles/tku_msgs__rosidl_typesupport_fastrtps_c.dir/rosidl_typesupport_fastrtps_c/tku_msgs/srv/detail/check_sector__type_support_c.cpp.o[0m
[18.262s] [ 49%] [32mBuilding CXX object CMakeFiles/tku_msgs__rosidl_typesupport_fastrtps_c.dir/rosidl_typesupport_fastrtps_c/tku_msgs/srv/detail/send_hand_speed__type_support_c.cpp.o[0m
[18.710s] [ 49%] [32mBuilding CXX object CMakeFiles/tku_msgs__rosidl_typesupport_fastrtps_c.dir/rosidl_typesupport_fastrtps_c/tku_msgs/srv/detail/walking_gait_parameter__type_support_c.cpp.o[0m
[20.194s] [ 50%] [32m[1mLinking CXX shared library libtku_msgs__rosidl_typesupport_fastrtps_c.so[0m
[20.488s] [ 50%] Built target tku_msgs__rosidl_typesupport_fastrtps_c
[20.489s] gmake: *** [Makefile:146: all] Error 2
[20.564s] Invoked command in '/workspace/towen/build/tku_msgs' returned '2': BYOBU_DATE=%Y-%m-%d CMAKE_PREFIX_PATH=${CMAKE_PREFIX_PATH}:/workspace/towen/install/strategy:/workspace/towen/install/motionpackage:/workspace/towen/install/imageprocess:/opt/ros/humble /usr/local/bin/cmake --build /workspace/towen/build/tku_msgs -- -j6 -l6
