[0.702s] Invoking command in '/workspace/towen/build/zed_components': BYOBU_DATE=%Y-%m-%d CMAKE_PREFIX_PATH=${CMAKE_PREFIX_PATH}:/workspace/towen/install/strategy:/workspace/towen/install/rosidl_cli:/workspace/towen/install/opencv_tests:/workspace/towen/install/motionpackage:/workspace/towen/install/imageprocess:/opt/ros/humble /usr/local/bin/cmake /workspace/towen/src/zed-ros2-wrapper/zed_components -DAMENT_CMAKE_SYMLINK_INSTALL=1 -DCMAKE_INSTALL_PREFIX=/workspace/towen/install/zed_components
[1.116s] [33mCMake Warning (dev) at /usr/local/zed/zed-config.cmake:73 (find_package):
[1.116s]   Policy CMP0146 is not set: The FindCUDA module is removed.  Run "cmake
[1.116s]   --help-policy CMP0146" for policy details.  Use the cmake_policy command to
[1.116s]   set the policy and suppress this warning.
[1.117s] 
[1.117s] Call Stack (most recent call first):
[1.117s]   CMakeLists.txt:84 (find_package)
[1.117s] This warning is for project developers.  Use -Wno-dev to suppress it.
[1.117s] [0m
[1.137s] -- Found CUDA: /usr/local/cuda (found suitable version "12.6", minimum required is "12.6")
[1.139s] [33mCMake Warning (dev) at /usr/local/zed/zed-config.cmake:78 (exec_program):
[1.139s]   Policy CMP0153 is not set: The exec_program command should not be called.
[1.139s]   Run "cmake --help-policy CMP0153" for policy details.  Use the cmake_policy
[1.140s]   command to set the policy and suppress this warning.
[1.140s] 
[1.140s]   Use execute_process() instead.
[1.140s] Call Stack (most recent call first):
[1.140s]   CMakeLists.txt:84 (find_package)
[1.140s] This warning is for project developers.  Use -Wno-dev to suppress it.
[1.141s] [0m
[1.170s] [33mCMake Warning (dev) at /usr/local/zed/zed-config.cmake:79 (exec_program):
[1.170s]   Policy CMP0153 is not set: The exec_program command should not be called.
[1.170s]   Run "cmake --help-policy CMP0153" for policy details.  Use the cmake_policy
[1.170s]   command to set the policy and suppress this warning.
[1.171s] 
[1.171s]   Use execute_process() instead.
[1.171s] Call Stack (most recent call first):
[1.171s]   CMakeLists.txt:84 (find_package)
[1.171s] This warning is for project developers.  Use -Wno-dev to suppress it.
[1.171s] [0m
[1.187s] [33mCMake Warning (dev) at /usr/local/zed/zed-config.cmake:95 (exec_program):
[1.188s]   Policy CMP0153 is not set: The exec_program command should not be called.
[1.188s]   Run "cmake --help-policy CMP0153" for policy details.  Use the cmake_policy
[1.188s]   command to set the policy and suppress this warning.
[1.188s] 
[1.188s]   Use execute_process() instead.
[1.188s] Call Stack (most recent call first):
[1.189s]   CMakeLists.txt:84 (find_package)
[1.189s] This warning is for project developers.  Use -Wno-dev to suppress it.
[1.189s] [0m
[1.200s] [33mCMake Warning (dev) at /usr/local/zed/zed-config.cmake:123 (exec_program):
[1.200s]   Policy CMP0153 is not set: The exec_program command should not be called.
[1.201s]   Run "cmake --help-policy CMP0153" for policy details.  Use the cmake_policy
[1.201s]   command to set the policy and suppress this warning.
[1.201s] 
[1.201s]   Use execute_process() instead.
[1.201s] Call Stack (most recent call first):
[1.201s]   CMakeLists.txt:84 (find_package)
[1.201s] This warning is for project developers.  Use -Wno-dev to suppress it.
[1.202s] [0m
[1.218s] [33mCMake Warning (dev) at CMakeLists.txt:86 (exec_program):
[1.219s]   Policy CMP0153 is not set: The exec_program command should not be called.
[1.219s]   Run "cmake --help-policy CMP0153" for policy details.  Use the cmake_policy
[1.219s]   command to set the policy and suppress this warning.
[1.219s] 
[1.219s]   Use execute_process() instead.
[1.219s] This warning is for project developers.  Use -Wno-dev to suppress it.
[1.219s] [0m
[1.249s] [33mCMake Warning (dev) at CMakeLists.txt:91 (find_package):
[1.249s]   Policy CMP0146 is not set: The FindCUDA module is removed.  Run "cmake
[1.249s]   --help-policy CMP0146" for policy details.  Use the cmake_policy command to
[1.249s]   set the policy and suppress this warning.
[1.249s] 
[1.253s] This warning is for project developers.  Use -Wno-dev to suppress it.
[1.253s] [0m
[1.269s] -- Found CUDA: /usr/local/cuda (found version "12.6")
[1.271s] -- Found ament_cmake_auto: 1.3.10 (/opt/ros/humble/install/share/ament_cmake_auto/cmake)
[1.923s] -- Override CMake install command with custom implementation using symlinks instead of copying resources
[2.201s] -- Found rosidl_generator_c: 3.1.5 (/opt/ros/humble/install/share/rosidl_generator_c/cmake)
[2.207s] -- Found rosidl_adapter: 3.1.5 (/opt/ros/humble/install/share/rosidl_adapter/cmake)
[2.230s] -- Found rosidl_generator_cpp: 3.1.5 (/opt/ros/humble/install/share/rosidl_generator_cpp/cmake)
[2.272s] -- Using all available rosidl_typesupport_c: rosidl_typesupport_introspection_c;rosidl_typesupport_fastrtps_c
[2.339s] -- Using all available rosidl_typesupport_cpp: rosidl_typesupport_introspection_cpp;rosidl_typesupport_fastrtps_cpp
[2.630s] -- Found rmw_implementation_cmake: 6.1.2 (/opt/ros/humble/install/share/rmw_implementation_cmake/cmake)
[2.638s] -- Found rmw_fastrtps_cpp: 6.2.7 (/opt/ros/humble/install/share/rmw_fastrtps_cpp/cmake)
[2.992s] -- Using RMW implementation 'rmw_fastrtps_cpp' as default
[3.642s] -- Found eigen3_cmake_module: 0.1.1 (/opt/ros/humble/install/share/eigen3_cmake_module/cmake)
[3.643s] -- Ensuring Eigen3 include directory is part of orocos-kdl CMake target
[3.991s] -- Found ament_lint_auto: 0.12.11 (/opt/ros/humble/install/share/ament_lint_auto/cmake)
[4.188s] -- Added test 'copyright' to check source files copyright and LICENSE
[4.203s] -- Added test 'cppcheck' to perform static code analysis on C / C++ code
[4.204s] -- Configured cppcheck include dirs: /workspace/towen/src/zed-ros2-wrapper/zed_components/src/include;/workspace/towen/src/zed-ros2-wrapper/zed_components/src/zed_camera/include;/workspace/towen/src/zed-ros2-wrapper/zed_components/src/tools/include
[4.204s] -- Configured cppcheck exclude dirs and/or files: 
[4.204s] -- Added test 'lint_cmake' to check CMake code style
[4.210s] -- Added test 'uncrustify' to check C / C++ code style
[4.211s] -- Configured uncrustify additional arguments: 
[4.212s] -- Added test 'xmllint' to check XML markup files
[4.231s] -- Configuring done (3.3s)
[4.378s] -- Generating done (0.1s)
[4.380s] -- Build files have been written to: /workspace/towen/build/zed_components
[4.695s] Invoked command in '/workspace/towen/build/zed_components' returned '0': BYOBU_DATE=%Y-%m-%d CMAKE_PREFIX_PATH=${CMAKE_PREFIX_PATH}:/workspace/towen/install/strategy:/workspace/towen/install/rosidl_cli:/workspace/towen/install/opencv_tests:/workspace/towen/install/motionpackage:/workspace/towen/install/imageprocess:/opt/ros/humble /usr/local/bin/cmake /workspace/towen/src/zed-ros2-wrapper/zed_components -DAMENT_CMAKE_SYMLINK_INSTALL=1 -DCMAKE_INSTALL_PREFIX=/workspace/towen/install/zed_components
[4.696s] Invoking command in '/workspace/towen/build/zed_components': BYOBU_DATE=%Y-%m-%d CMAKE_PREFIX_PATH=${CMAKE_PREFIX_PATH}:/workspace/towen/install/strategy:/workspace/towen/install/rosidl_cli:/workspace/towen/install/opencv_tests:/workspace/towen/install/motionpackage:/workspace/towen/install/imageprocess:/opt/ros/humble /usr/local/bin/cmake --build /workspace/towen/build/zed_components -- -j6 -l6
[5.149s] [ 50%] Built target zed_camera_one_component
[5.173s] [100%] Built target zed_camera_component
[5.287s] Invoked command in '/workspace/towen/build/zed_components' returned '0': BYOBU_DATE=%Y-%m-%d CMAKE_PREFIX_PATH=${CMAKE_PREFIX_PATH}:/workspace/towen/install/strategy:/workspace/towen/install/rosidl_cli:/workspace/towen/install/opencv_tests:/workspace/towen/install/motionpackage:/workspace/towen/install/imageprocess:/opt/ros/humble /usr/local/bin/cmake --build /workspace/towen/build/zed_components -- -j6 -l6
[5.919s] Invoking command in '/workspace/towen/build/zed_components': BYOBU_DATE=%Y-%m-%d CMAKE_PREFIX_PATH=${CMAKE_PREFIX_PATH}:/workspace/towen/install/strategy:/workspace/towen/install/rosidl_cli:/workspace/towen/install/opencv_tests:/workspace/towen/install/motionpackage:/workspace/towen/install/imageprocess:/opt/ros/humble /usr/local/bin/cmake --install /workspace/towen/build/zed_components
[6.114s] -- Install configuration: "Release"
[6.114s] -- Execute custom install script
[6.115s] -- Up-to-date symlink: /workspace/towen/install/zed_components/lib/libzed_camera_component.so
[6.115s] -- Up-to-date symlink: /workspace/towen/install/zed_components/lib/libzed_camera_one_component.so
[6.117s] -- Up-to-date symlink: /workspace/towen/install/zed_components/include/zed_components//cost_traversability.hpp
[6.117s] -- Up-to-date symlink: /workspace/towen/install/zed_components/include/zed_components//sl_types.hpp
[6.117s] -- Up-to-date symlink: /workspace/towen/install/zed_components/include/zed_components//zed_camera_component.hpp
[6.117s] -- Up-to-date symlink: /workspace/towen/install/zed_components/include/zed_components//zed_camera_one_component.hpp
[6.118s] -- Up-to-date symlink: /workspace/towen/install/zed_components/include/zed_components//gnss_replay.hpp
[6.118s] -- Up-to-date symlink: /workspace/towen/install/zed_components/include/zed_components//json.hpp
[6.119s] -- Up-to-date symlink: /workspace/towen/install/zed_components/include/zed_components//sl_logging.hpp
[6.119s] -- Up-to-date symlink: /workspace/towen/install/zed_components/include/zed_components//sl_tools.hpp
[6.119s] -- Up-to-date symlink: /workspace/towen/install/zed_components/include/zed_components//sl_win_avg.hpp
[6.119s] -- Up-to-date symlink: /workspace/towen/install/zed_components/include/zed_components//visibility_control.hpp
[6.120s] -- Up-to-date symlink: /workspace/towen/install/zed_components/share/zed_components/environment/library_path.sh
[6.120s] -- Up-to-date symlink: /workspace/towen/install/zed_components/share/zed_components/environment/library_path.dsv
[6.120s] -- Up-to-date symlink: /workspace/towen/install/zed_components/share/ament_index/resource_index/package_run_dependencies/zed_components
[6.121s] -- Up-to-date symlink: /workspace/towen/install/zed_components/share/ament_index/resource_index/parent_prefix_path/zed_components
[6.121s] -- Up-to-date symlink: /workspace/towen/install/zed_components/share/zed_components/environment/ament_prefix_path.sh
[6.122s] -- Up-to-date symlink: /workspace/towen/install/zed_components/share/zed_components/environment/ament_prefix_path.dsv
[6.122s] -- Up-to-date symlink: /workspace/towen/install/zed_components/share/zed_components/environment/path.sh
[6.122s] -- Up-to-date symlink: /workspace/towen/install/zed_components/share/zed_components/environment/path.dsv
[6.123s] -- Up-to-date symlink: /workspace/towen/install/zed_components/share/zed_components/local_setup.bash
[6.123s] -- Up-to-date symlink: /workspace/towen/install/zed_components/share/zed_components/local_setup.sh
[6.123s] -- Up-to-date symlink: /workspace/towen/install/zed_components/share/zed_components/local_setup.zsh
[6.124s] -- Up-to-date symlink: /workspace/towen/install/zed_components/share/zed_components/local_setup.dsv
[6.124s] -- Up-to-date symlink: /workspace/towen/install/zed_components/share/zed_components/package.dsv
[6.124s] -- Up-to-date symlink: /workspace/towen/install/zed_components/share/ament_index/resource_index/packages/zed_components
[6.125s] -- Up-to-date symlink: /workspace/towen/install/zed_components/share/ament_index/resource_index/rclcpp_components/zed_components
[6.125s] -- Up-to-date symlink: /workspace/towen/install/zed_components/share/zed_components/cmake/ament_cmake_export_include_directories-extras.cmake
[6.125s] -- Up-to-date symlink: /workspace/towen/install/zed_components/share/zed_components/cmake/ament_cmake_export_libraries-extras.cmake
[6.126s] -- Up-to-date symlink: /workspace/towen/install/zed_components/share/zed_components/cmake/ament_cmake_export_dependencies-extras.cmake
[6.126s] -- Up-to-date symlink: /workspace/towen/install/zed_components/share/zed_components/cmake/zed_componentsConfig.cmake
[6.126s] -- Up-to-date symlink: /workspace/towen/install/zed_components/share/zed_components/cmake/zed_componentsConfig-version.cmake
[6.126s] -- Up-to-date symlink: /workspace/towen/install/zed_components/share/zed_components/package.xml
[6.170s] Invoked command in '/workspace/towen/build/zed_components' returned '0': BYOBU_DATE=%Y-%m-%d CMAKE_PREFIX_PATH=${CMAKE_PREFIX_PATH}:/workspace/towen/install/strategy:/workspace/towen/install/rosidl_cli:/workspace/towen/install/opencv_tests:/workspace/towen/install/motionpackage:/workspace/towen/install/imageprocess:/opt/ros/humble /usr/local/bin/cmake --install /workspace/towen/build/zed_components
