[2.974s] Invoking command in '/home/iclab/Desktop/humanoid/src/imageprocess': BYOBU_DATE=%Y-%m-%d PYTHONPATH=/home/iclab/Desktop/humanoid/build/imageprocess/prefix_override:/usr/lib/python3/dist-packages/colcon_core/task/python/colcon_distutils_commands:/home/iclab/Desktop/humanoid/install/imageprocess/lib/python3.10/site-packages:${PYTHONPATH} /usr/bin/python3 -W ignore:setup.py install is deprecated -W ignore:easy_install command is deprecated setup.py egg_info --egg-base ../../build/imageprocess build --build-base /home/iclab/Desktop/humanoid/build/imageprocess/build install --record /home/iclab/Desktop/humanoid/build/imageprocess/install.log --single-version-externally-managed install_data
[3.532s] running egg_info
[3.533s] writing ../../build/imageprocess/imageprocess.egg-info/PKG-INFO
[3.533s] writing dependency_links to ../../build/imageprocess/imageprocess.egg-info/dependency_links.txt
[3.534s] writing entry points to ../../build/imageprocess/imageprocess.egg-info/entry_points.txt
[3.534s] writing requirements to ../../build/imageprocess/imageprocess.egg-info/requires.txt
[3.534s] writing top-level names to ../../build/imageprocess/imageprocess.egg-info/top_level.txt
[3.538s] reading manifest file '../../build/imageprocess/imageprocess.egg-info/SOURCES.txt'
[3.539s] adding license file 'LICENSE'
[3.540s] writing manifest file '../../build/imageprocess/imageprocess.egg-info/SOURCES.txt'
[3.541s] running build
[3.541s] running build_py
[3.542s] running install
[3.543s] running install_lib
[3.546s] running install_data
[3.546s] running install_egg_info
[3.550s] removing '/home/iclab/Desktop/humanoid/install/imageprocess/lib/python3.10/site-packages/imageprocess-0.0.0-py3.10.egg-info' (and everything under it)
[3.551s] Copying ../../build/imageprocess/imageprocess.egg-info to /home/iclab/Desktop/humanoid/install/imageprocess/lib/python3.10/site-packages/imageprocess-0.0.0-py3.10.egg-info
[3.553s] running install_scripts
[3.597s] Installing image script to /home/iclab/Desktop/humanoid/install/imageprocess/lib/imageprocess
[3.598s] Installing image_test script to /home/iclab/Desktop/humanoid/install/imageprocess/lib/imageprocess
[3.598s] Installing imageprocess script to /home/iclab/Desktop/humanoid/install/imageprocess/lib/imageprocess
[3.599s] writing list of installed files to '/home/iclab/Desktop/humanoid/build/imageprocess/install.log'
[3.678s] Invoked command in '/home/iclab/Desktop/humanoid/src/imageprocess' returned '0': BYOBU_DATE=%Y-%m-%d PYTHONPATH=/home/iclab/Desktop/humanoid/build/imageprocess/prefix_override:/usr/lib/python3/dist-packages/colcon_core/task/python/colcon_distutils_commands:/home/iclab/Desktop/humanoid/install/imageprocess/lib/python3.10/site-packages:${PYTHONPATH} /usr/bin/python3 -W ignore:setup.py install is deprecated -W ignore:easy_install command is deprecated setup.py egg_info --egg-base ../../build/imageprocess build --build-base /home/iclab/Desktop/humanoid/build/imageprocess/build install --record /home/iclab/Desktop/humanoid/build/imageprocess/install.log --single-version-externally-managed install_data
