[0.075s] Invoking command in '/workspace/towen/build/rosidl_adapter': AMENT_PREFIX_PATH=/workspace/towen/install/rosidl_cli:${AMENT_PREFIX_PATH} BYOBU_DATE=%Y-%m-%d CMAKE_PREFIX_PATH=/opt/ros/humble PATH=/workspace/towen/install/rosidl_cli/bin:${PATH} PYTHONPATH=/workspace/towen/install/rosidl_cli/lib/python3.10/site-packages:${PYTHONPATH} /usr/local/bin/cmake --build /workspace/towen/build/rosidl_adapter -- -j6 -l6
[0.641s] Built target ament_cmake_python_symlink_rosidl_adapter_setup
[0.747s] Built target ament_cmake_python_symlink_rosidl_adapter
[1.555s] running egg_info
[1.614s] writing rosidl_adapter.egg-info/PKG-INFO
[1.621s] writing dependency_links to rosidl_adapter.egg-info/dependency_links.txt
[1.622s] writing entry points to rosidl_adapter.egg-info/entry_points.txt
[1.628s] writing top-level names to rosidl_adapter.egg-info/top_level.txt
[1.937s] reading manifest file 'rosidl_adapter.egg-info/SOURCES.txt'
[1.947s] writing manifest file 'rosidl_adapter.egg-info/SOURCES.txt'
[2.131s] Built target ament_cmake_python_build_rosidl_adapter_egg
[2.249s] Invoked command in '/workspace/towen/build/rosidl_adapter' returned '0': AMENT_PREFIX_PATH=/workspace/towen/install/rosidl_cli:${AMENT_PREFIX_PATH} BYOBU_DATE=%Y-%m-%d CMAKE_PREFIX_PATH=/opt/ros/humble PATH=/workspace/towen/install/rosidl_cli/bin:${PATH} PYTHONPATH=/workspace/towen/install/rosidl_cli/lib/python3.10/site-packages:${PYTHONPATH} /usr/local/bin/cmake --build /workspace/towen/build/rosidl_adapter -- -j6 -l6
[2.671s] Invoking command in '/workspace/towen/build/rosidl_adapter': AMENT_PREFIX_PATH=/workspace/towen/install/rosidl_cli:${AMENT_PREFIX_PATH} BYOBU_DATE=%Y-%m-%d CMAKE_PREFIX_PATH=/opt/ros/humble PATH=/workspace/towen/install/rosidl_cli/bin:${PATH} PYTHONPATH=/workspace/towen/install/rosidl_cli/lib/python3.10/site-packages:${PYTHONPATH} /usr/local/bin/cmake --install /workspace/towen/build/rosidl_adapter
[2.984s] -- Install configuration: ""
[2.985s] -- Execute custom install script
[2.986s] -- Up-to-date symlink: /workspace/towen/install/rosidl_adapter/share/rosidl_adapter/environment/pythonpath.sh
[2.986s] -- Up-to-date symlink: /workspace/towen/install/rosidl_adapter/share/rosidl_adapter/environment/pythonpath.dsv
[2.988s] -- Up-to-date symlink: /workspace/towen/install/rosidl_adapter/local/lib/python3.10/dist-packages/rosidl_adapter-3.1.7-py3.10.egg-info/PKG-INFO
[2.989s] -- Up-to-date symlink: /workspace/towen/install/rosidl_adapter/local/lib/python3.10/dist-packages/rosidl_adapter-3.1.7-py3.10.egg-info/SOURCES.txt
[2.989s] -- Up-to-date symlink: /workspace/towen/install/rosidl_adapter/local/lib/python3.10/dist-packages/rosidl_adapter-3.1.7-py3.10.egg-info/dependency_links.txt
[2.989s] -- Up-to-date symlink: /workspace/towen/install/rosidl_adapter/local/lib/python3.10/dist-packages/rosidl_adapter-3.1.7-py3.10.egg-info/entry_points.txt
[2.990s] -- Up-to-date symlink: /workspace/towen/install/rosidl_adapter/local/lib/python3.10/dist-packages/rosidl_adapter-3.1.7-py3.10.egg-info/top_level.txt
[2.991s] -- Up-to-date symlink: /workspace/towen/install/rosidl_adapter/local/lib/python3.10/dist-packages/rosidl_adapter/__init__.py
[2.992s] -- Up-to-date symlink: /workspace/towen/install/rosidl_adapter/local/lib/python3.10/dist-packages/rosidl_adapter/__main__.py
[2.999s] -- Up-to-date symlink: /workspace/towen/install/rosidl_adapter/local/lib/python3.10/dist-packages/rosidl_adapter/action/__init__.py
[2.999s] -- Up-to-date symlink: /workspace/towen/install/rosidl_adapter/local/lib/python3.10/dist-packages/rosidl_adapter/cli.py
[3.001s] -- Up-to-date symlink: /workspace/towen/install/rosidl_adapter/local/lib/python3.10/dist-packages/rosidl_adapter/main.py
[3.002s] -- Up-to-date symlink: /workspace/towen/install/rosidl_adapter/local/lib/python3.10/dist-packages/rosidl_adapter/msg/__init__.py
[3.002s] -- Up-to-date symlink: /workspace/towen/install/rosidl_adapter/local/lib/python3.10/dist-packages/rosidl_adapter/parser.py
[3.003s] -- Up-to-date symlink: /workspace/towen/install/rosidl_adapter/local/lib/python3.10/dist-packages/rosidl_adapter/resource/__init__.py
[3.009s] -- Up-to-date symlink: /workspace/towen/install/rosidl_adapter/local/lib/python3.10/dist-packages/rosidl_adapter/resource/action.idl.em
[3.010s] -- Up-to-date symlink: /workspace/towen/install/rosidl_adapter/local/lib/python3.10/dist-packages/rosidl_adapter/resource/msg.idl.em
[3.010s] -- Up-to-date symlink: /workspace/towen/install/rosidl_adapter/local/lib/python3.10/dist-packages/rosidl_adapter/resource/srv.idl.em
[3.011s] -- Up-to-date symlink: /workspace/towen/install/rosidl_adapter/local/lib/python3.10/dist-packages/rosidl_adapter/resource/struct.idl.em
[3.011s] -- Up-to-date symlink: /workspace/towen/install/rosidl_adapter/local/lib/python3.10/dist-packages/rosidl_adapter/srv/__init__.py
[3.011s] -- Up-to-date symlink: /workspace/towen/install/rosidl_adapter/share/ament_index/resource_index/package_run_dependencies/rosidl_adapter
[3.014s] -- Up-to-date symlink: /workspace/towen/install/rosidl_adapter/share/ament_index/resource_index/parent_prefix_path/rosidl_adapter
[3.015s] -- Up-to-date symlink: /workspace/towen/install/rosidl_adapter/share/rosidl_adapter/environment/ament_prefix_path.sh
[3.019s] -- Up-to-date symlink: /workspace/towen/install/rosidl_adapter/share/rosidl_adapter/environment/ament_prefix_path.dsv
[3.019s] -- Up-to-date symlink: /workspace/towen/install/rosidl_adapter/share/rosidl_adapter/environment/path.sh
[3.019s] -- Up-to-date symlink: /workspace/towen/install/rosidl_adapter/share/rosidl_adapter/environment/path.dsv
[3.021s] -- Up-to-date symlink: /workspace/towen/install/rosidl_adapter/share/rosidl_adapter/local_setup.bash
[3.021s] -- Up-to-date symlink: /workspace/towen/install/rosidl_adapter/share/rosidl_adapter/local_setup.sh
[3.023s] -- Up-to-date symlink: /workspace/towen/install/rosidl_adapter/share/rosidl_adapter/local_setup.zsh
[3.023s] -- Up-to-date symlink: /workspace/towen/install/rosidl_adapter/share/rosidl_adapter/local_setup.dsv
[3.024s] -- Symlinking: /workspace/towen/install/rosidl_adapter/share/rosidl_adapter/package.dsv
[3.061s] -- Up-to-date symlink: /workspace/towen/install/rosidl_adapter/share/ament_index/resource_index/packages/rosidl_adapter
[3.062s] -- Up-to-date symlink: /workspace/towen/install/rosidl_adapter/share/rosidl_adapter/cmake/rosidl_adapter-extras.cmake
[3.062s] -- Up-to-date symlink: /workspace/towen/install/rosidl_adapter/share/rosidl_adapter/cmake/rosidl_adapterConfig.cmake
[3.062s] -- Up-to-date symlink: /workspace/towen/install/rosidl_adapter/share/rosidl_adapter/cmake/rosidl_adapterConfig-version.cmake
[3.062s] -- Up-to-date symlink: /workspace/towen/install/rosidl_adapter/share/rosidl_adapter/package.xml
[3.069s] -- Up-to-date symlink: /workspace/towen/install/rosidl_adapter/share/rosidl_adapter/cmake/rosidl_adapt_interfaces.cmake
[3.070s] -- Up-to-date symlink: /workspace/towen/install/rosidl_adapter/lib/rosidl_adapter/msg2idl.py
[3.071s] -- Up-to-date symlink: /workspace/towen/install/rosidl_adapter/lib/rosidl_adapter/srv2idl.py
[3.249s] Listing '/workspace/towen/install/rosidl_adapter/local/lib/python3.10/dist-packages/rosidl_adapter'...
[3.262s] Listing '/workspace/towen/install/rosidl_adapter/local/lib/python3.10/dist-packages/rosidl_adapter/action'...
[3.265s] Listing '/workspace/towen/install/rosidl_adapter/local/lib/python3.10/dist-packages/rosidl_adapter/msg'...
[3.269s] Listing '/workspace/towen/install/rosidl_adapter/local/lib/python3.10/dist-packages/rosidl_adapter/resource'...
[3.274s] Listing '/workspace/towen/install/rosidl_adapter/local/lib/python3.10/dist-packages/rosidl_adapter/srv'...
[3.468s] Invoked command in '/workspace/towen/build/rosidl_adapter' returned '0': AMENT_PREFIX_PATH=/workspace/towen/install/rosidl_cli:${AMENT_PREFIX_PATH} BYOBU_DATE=%Y-%m-%d CMAKE_PREFIX_PATH=/opt/ros/humble PATH=/workspace/towen/install/rosidl_cli/bin:${PATH} PYTHONPATH=/workspace/towen/install/rosidl_cli/lib/python3.10/site-packages:${PYTHONPATH} /usr/local/bin/cmake --install /workspace/towen/build/rosidl_adapter
