[0.840s] Invoking command in '/workspace/towen/build/cv_bridge': BYOBU_DATE=%Y-%m-%d CMAKE_PREFIX_PATH=${CMAKE_PREFIX_PATH}:/workspace/towen/install/strategy:/workspace/towen/install/rosidl_cli:/workspace/towen/install/opencv_tests:/workspace/towen/install/motionpackage:/workspace/towen/install/imageprocess:/opt/ros/humble /usr/local/bin/cmake /workspace/towen/src/vision_opencv/cv_bridge -DCMAKE_BUILD_TYPE=Release -DAMENT_CMAKE_SYMLINK_INSTALL=1 -DCMAKE_INSTALL_PREFIX=/workspace/towen/install/cv_bridge
[1.277s] -- Found ament_cmake_ros: 0.10.0 (/opt/ros/humble/install/share/ament_cmake_ros/cmake)
[1.493s] -- Found Python3: /usr/local/bin/python3 (found version "3.10.12") found components: Interpreter
[1.745s] -- Override CMake install command with custom implementation using symlinks instead of copying resources
[3.588s] -- Found Python3: /usr/include/python3.10 (found version "3.10.12") found components: Development NumPy Interpreter Development.Module Development.Embed
[3.592s] [33mCMake Warning (dev) at CMakeLists.txt:20 (find_package):
[3.593s]   Policy CMP0167 is not set: The FindBoost module is removed.  Run "cmake
[3.594s]   --help-policy CMP0167" for policy details.  Use the cmake_policy command to
[3.594s]   set the policy and suppress this warning.
[3.595s] 
[3.596s] This warning is for project developers.  Use -Wno-dev to suppress it.
[3.597s] [0m
[3.617s] [33mCMake Warning (dev) at CMakeLists.txt:31 (find_package):
[3.618s]   Policy CMP0167 is not set: The FindBoost module is removed.  Run "cmake
[3.618s]   --help-policy CMP0167" for policy details.  Use the cmake_policy command to
[3.619s]   set the policy and suppress this warning.
[3.620s] 
[3.621s] This warning is for project developers.  Use -Wno-dev to suppress it.
[3.622s] [0m
[3.650s] -- Found rcpputils: 2.4.3 (/opt/ros/humble/install/share/rcpputils/cmake)
[3.705s] -- Found sensor_msgs: 4.2.4 (/opt/ros/humble/install/share/sensor_msgs/cmake)
[3.772s] -- Found rosidl_generator_c: 3.1.7 (/workspace/towen/install/rosidl_generator_c/share/rosidl_generator_c/cmake)
[3.780s] -- Found rosidl_adapter: 3.1.7 (/workspace/towen/install/rosidl_adapter/share/rosidl_adapter/cmake)
[3.809s] -- Found rosidl_generator_cpp: 3.1.7 (/workspace/towen/install/rosidl_generator_cpp/share/rosidl_generator_cpp/cmake)
[3.862s] -- Using all available rosidl_typesupport_c: rosidl_typesupport_introspection_c;rosidl_typesupport_fastrtps_c
[3.950s] -- Using all available rosidl_typesupport_cpp: rosidl_typesupport_introspection_cpp;rosidl_typesupport_fastrtps_cpp
[4.678s] -- Found ament_lint_auto: 0.12.11 (/opt/ros/humble/install/share/ament_lint_auto/cmake)
[5.244s] -- Found gtest sources under '/opt/ros/humble/install/src/gtest_vendor': C++ tests using 'Google Test' will be built
[16.045s] -- Configuring done (14.9s)
[16.328s] -- Generating done (0.3s)
[16.332s] -- Build files have been written to: /workspace/towen/build/cv_bridge
[16.395s] Invoked command in '/workspace/towen/build/cv_bridge' returned '0': BYOBU_DATE=%Y-%m-%d CMAKE_PREFIX_PATH=${CMAKE_PREFIX_PATH}:/workspace/towen/install/strategy:/workspace/towen/install/rosidl_cli:/workspace/towen/install/opencv_tests:/workspace/towen/install/motionpackage:/workspace/towen/install/imageprocess:/opt/ros/humble /usr/local/bin/cmake /workspace/towen/src/vision_opencv/cv_bridge -DCMAKE_BUILD_TYPE=Release -DAMENT_CMAKE_SYMLINK_INSTALL=1 -DCMAKE_INSTALL_PREFIX=/workspace/towen/install/cv_bridge
[16.401s] Invoking command in '/workspace/towen/build/cv_bridge': BYOBU_DATE=%Y-%m-%d CMAKE_PREFIX_PATH=${CMAKE_PREFIX_PATH}:/workspace/towen/install/strategy:/workspace/towen/install/rosidl_cli:/workspace/towen/install/opencv_tests:/workspace/towen/install/motionpackage:/workspace/towen/install/imageprocess:/opt/ros/humble /usr/local/bin/cmake --build /workspace/towen/build/cv_bridge -- -j6 -l6
[16.775s] [  0%] Built target ament_cmake_python_symlink_cv_bridge
[16.909s] [  6%] [32mBuilding CXX object gtest/CMakeFiles/gtest.dir/src/gtest-all.cc.o[0m
[50.894s] [ 12%] [32m[1mLinking CXX static library libgtest.a[0m
[51.123s] [ 12%] Built target gtest
[51.884s] running egg_info
[51.950s] writing cv_bridge.egg-info/PKG-INFO
[51.957s] writing dependency_links to cv_bridge.egg-info/dependency_links.txt
[51.958s] writing top-level names to cv_bridge.egg-info/top_level.txt
[52.116s] reading manifest file 'cv_bridge.egg-info/SOURCES.txt'
[52.123s] writing manifest file 'cv_bridge.egg-info/SOURCES.txt'
[52.226s] [ 12%] Built target ament_cmake_python_build_cv_bridge_egg
[52.332s] [ 18%] [32mBuilding CXX object gtest/CMakeFiles/gtest_main.dir/src/gtest_main.cc.o[0m
[54.598s] [ 25%] [32m[1mLinking CXX static library libgtest_main.a[0m
[54.678s] [ 25%] Built target gtest_main
[54.765s] [ 31%] [32mBuilding CXX object src/CMakeFiles/cv_bridge.dir/cv_bridge.cpp.o[0m
[81.826s] [ 37%] [32mBuilding CXX object src/CMakeFiles/cv_bridge.dir/rgb_colors.cpp.o[0m
[89.904s] [ 43%] [32m[1mLinking CXX shared library libcv_bridge.so[0m
[90.392s] [ 43%] Built target cv_bridge
[90.529s] [ 50%] [32mBuilding CXX object src/CMakeFiles/cv_bridge_boost.dir/module.cpp.o[0m
[106.261s] [ 56%] [32mBuilding CXX object src/CMakeFiles/cv_bridge_boost.dir/module_opencv3.cpp.o[0m
[120.377s] [ 62%] [32m[1mLinking CXX shared module boost/cv_bridge_boost.so[0m
[120.956s] [ 62%] Built target cv_bridge_boost
[121.263s] [ 68%] [32mBuilding CXX object test/CMakeFiles/cv_bridge-utest.dir/test_endian.cpp.o[0m
[128.018s] [ 75%] [32mBuilding CXX object test/CMakeFiles/cv_bridge-utest.dir/test_rgb_colors.cpp.o[0m
[135.841s] [ 81%] [32mBuilding CXX object test/CMakeFiles/cv_bridge-utest.dir/utest2.cpp.o[0m
[142.870s] [ 87%] [32mBuilding CXX object test/CMakeFiles/cv_bridge-utest.dir/utest.cpp.o[0m
[149.958s] [ 93%] [32mBuilding CXX object test/CMakeFiles/cv_bridge-utest.dir/test_compression.cpp.o[0m
[155.069s] [100%] [32m[1mLinking CXX executable cv_bridge-utest[0m
[156.993s] [100%] Built target cv_bridge-utest
