[0.323s] Invoking command in '/workspace/towen/build/rosidl_runtime_cpp': BYOBU_DATE=%Y-%m-%d CMAKE_PREFIX_PATH=/workspace/towen/install/rosidl_runtime_c:/workspace/towen/install/rosidl_typesupport_interface:/workspace/towen/install/zed_ros2:/workspace/towen/install/zed_wrapper:/workspace/towen/install/zed_components:/workspace/towen/install/web_video_server:/workspace/towen/install/vision_opencv:/workspace/towen/install/usb_cam:/workspace/towen/install/tku_msgs:/workspace/towen/install/rosidl_typesupport_introspection_tests:/workspace/towen/install/rosidl_typesupport_introspection_cpp:/workspace/towen/install/rosidl_typesupport_introspection_c:/workspace/towen/install/rosidl_generator_cpp:/workspace/towen/install/rosidl_runtime_cpp:/workspace/towen/install/rosidl_generator_c:/workspace/towen/install/rosidl_cmake:/workspace/towen/install/rosidl_parser:/workspace/towen/install/rosidl_adapter:/workspace/towen/install/image_geometry:/workspace/towen/install/cv_bridge:/opt/ros/humble/install:/workspace/towen/install/strategy:/workspace/towen/install/rosidl_cli:/workspace/towen/install/opencv_tests:/workspace/towen/install/motionpackage:/workspace/towen/install/imageprocess:/opt/ros/humble LD_LIBRARY_PATH=/workspace/towen/install/rosidl_runtime_c/lib:/workspace/towen/install/zed_components/lib:/workspace/towen/install/usb_cam/lib:/workspace/towen/install/tku_msgs/lib:/workspace/towen/install/rosidl_typesupport_introspection_cpp/lib:/workspace/towen/install/rosidl_typesupport_introspection_c/lib:/workspace/towen/install/image_geometry/lib:/workspace/towen/install/cv_bridge/lib:/opt/ros/humble/opt/rviz_ogre_vendor/lib:/opt/ros/humble/lib/aarch64-linux-gnu:/opt/ros/humble/lib:/opt/ros/humble/install/opt/rviz_ogre_vendor/lib:/opt/ros/humble/install/lib:/usr/local/cuda/compat:/usr/local/cuda/lib64 /usr/local/bin/cmake --build /workspace/towen/build/rosidl_runtime_cpp -- -j6 -l6
[0.892s] [ 25%] Built target gtest_main
[1.012s] [ 50%] Built target benchmark_bounded_vector
[1.198s] [ 75%] Built target gtest
[1.294s] [100%] Built target test_bounded_vector
[1.376s] Invoked command in '/workspace/towen/build/rosidl_runtime_cpp' returned '0': BYOBU_DATE=%Y-%m-%d CMAKE_PREFIX_PATH=/workspace/towen/install/rosidl_runtime_c:/workspace/towen/install/rosidl_typesupport_interface:/workspace/towen/install/zed_ros2:/workspace/towen/install/zed_wrapper:/workspace/towen/install/zed_components:/workspace/towen/install/web_video_server:/workspace/towen/install/vision_opencv:/workspace/towen/install/usb_cam:/workspace/towen/install/tku_msgs:/workspace/towen/install/rosidl_typesupport_introspection_tests:/workspace/towen/install/rosidl_typesupport_introspection_cpp:/workspace/towen/install/rosidl_typesupport_introspection_c:/workspace/towen/install/rosidl_generator_cpp:/workspace/towen/install/rosidl_runtime_cpp:/workspace/towen/install/rosidl_generator_c:/workspace/towen/install/rosidl_cmake:/workspace/towen/install/rosidl_parser:/workspace/towen/install/rosidl_adapter:/workspace/towen/install/image_geometry:/workspace/towen/install/cv_bridge:/opt/ros/humble/install:/workspace/towen/install/strategy:/workspace/towen/install/rosidl_cli:/workspace/towen/install/opencv_tests:/workspace/towen/install/motionpackage:/workspace/towen/install/imageprocess:/opt/ros/humble LD_LIBRARY_PATH=/workspace/towen/install/rosidl_runtime_c/lib:/workspace/towen/install/zed_components/lib:/workspace/towen/install/usb_cam/lib:/workspace/towen/install/tku_msgs/lib:/workspace/towen/install/rosidl_typesupport_introspection_cpp/lib:/workspace/towen/install/rosidl_typesupport_introspection_c/lib:/workspace/towen/install/image_geometry/lib:/workspace/towen/install/cv_bridge/lib:/opt/ros/humble/opt/rviz_ogre_vendor/lib:/opt/ros/humble/lib/aarch64-linux-gnu:/opt/ros/humble/lib:/opt/ros/humble/install/opt/rviz_ogre_vendor/lib:/opt/ros/humble/install/lib:/usr/local/cuda/compat:/usr/local/cuda/lib64 /usr/local/bin/cmake --build /workspace/towen/build/rosidl_runtime_cpp -- -j6 -l6
[2.513s] Invoking command in '/workspace/towen/build/rosidl_runtime_cpp': BYOBU_DATE=%Y-%m-%d CMAKE_PREFIX_PATH=/workspace/towen/install/rosidl_runtime_c:/workspace/towen/install/rosidl_typesupport_interface:/workspace/towen/install/zed_ros2:/workspace/towen/install/zed_wrapper:/workspace/towen/install/zed_components:/workspace/towen/install/web_video_server:/workspace/towen/install/vision_opencv:/workspace/towen/install/usb_cam:/workspace/towen/install/tku_msgs:/workspace/towen/install/rosidl_typesupport_introspection_tests:/workspace/towen/install/rosidl_typesupport_introspection_cpp:/workspace/towen/install/rosidl_typesupport_introspection_c:/workspace/towen/install/rosidl_generator_cpp:/workspace/towen/install/rosidl_runtime_cpp:/workspace/towen/install/rosidl_generator_c:/workspace/towen/install/rosidl_cmake:/workspace/towen/install/rosidl_parser:/workspace/towen/install/rosidl_adapter:/workspace/towen/install/image_geometry:/workspace/towen/install/cv_bridge:/opt/ros/humble/install:/workspace/towen/install/strategy:/workspace/towen/install/rosidl_cli:/workspace/towen/install/opencv_tests:/workspace/towen/install/motionpackage:/workspace/towen/install/imageprocess:/opt/ros/humble LD_LIBRARY_PATH=/workspace/towen/install/rosidl_runtime_c/lib:/workspace/towen/install/zed_components/lib:/workspace/towen/install/usb_cam/lib:/workspace/towen/install/tku_msgs/lib:/workspace/towen/install/rosidl_typesupport_introspection_cpp/lib:/workspace/towen/install/rosidl_typesupport_introspection_c/lib:/workspace/towen/install/image_geometry/lib:/workspace/towen/install/cv_bridge/lib:/opt/ros/humble/opt/rviz_ogre_vendor/lib:/opt/ros/humble/lib/aarch64-linux-gnu:/opt/ros/humble/lib:/opt/ros/humble/install/opt/rviz_ogre_vendor/lib:/opt/ros/humble/install/lib:/usr/local/cuda/compat:/usr/local/cuda/lib64 /usr/local/bin/cmake --install /workspace/towen/build/rosidl_runtime_cpp
[2.801s] -- Install configuration: ""
[2.801s] -- Up-to-date: /workspace/towen/install/rosidl_runtime_cpp/share/ament_index/resource_index/rosidl_runtime_packages/rosidl_runtime_cpp
[2.802s] -- Up-to-date: /workspace/towen/install/rosidl_runtime_cpp/include/rosidl_runtime_cpp
[2.802s] -- Up-to-date: /workspace/towen/install/rosidl_runtime_cpp/include/rosidl_runtime_cpp/rosidl_typesupport_cpp
[2.802s] -- Up-to-date: /workspace/towen/install/rosidl_runtime_cpp/include/rosidl_runtime_cpp/rosidl_typesupport_cpp/message_type_support.hpp
[2.803s] -- Up-to-date: /workspace/towen/install/rosidl_runtime_cpp/include/rosidl_runtime_cpp/rosidl_typesupport_cpp/action_type_support.hpp
[2.803s] -- Up-to-date: /workspace/towen/install/rosidl_runtime_cpp/include/rosidl_runtime_cpp/rosidl_typesupport_cpp/service_type_support.hpp
[2.803s] -- Up-to-date: /workspace/towen/install/rosidl_runtime_cpp/include/rosidl_runtime_cpp/rosidl_runtime_cpp
[2.803s] -- Up-to-date: /workspace/towen/install/rosidl_runtime_cpp/include/rosidl_runtime_cpp/rosidl_runtime_cpp/traits.hpp
[2.803s] -- Up-to-date: /workspace/towen/install/rosidl_runtime_cpp/include/rosidl_runtime_cpp/rosidl_runtime_cpp/message_initialization.hpp
[2.803s] -- Up-to-date: /workspace/towen/install/rosidl_runtime_cpp/include/rosidl_runtime_cpp/rosidl_runtime_cpp/service_type_support_decl.hpp
[2.804s] -- Up-to-date: /workspace/towen/install/rosidl_runtime_cpp/include/rosidl_runtime_cpp/rosidl_runtime_cpp/action_type_support_decl.hpp
[2.804s] -- Up-to-date: /workspace/towen/install/rosidl_runtime_cpp/include/rosidl_runtime_cpp/rosidl_runtime_cpp/message_type_support_decl.hpp
[2.804s] -- Up-to-date: /workspace/towen/install/rosidl_runtime_cpp/include/rosidl_runtime_cpp/rosidl_runtime_cpp/bounded_vector.hpp
[2.804s] -- Up-to-date: /workspace/towen/install/rosidl_runtime_cpp/share/ament_index/resource_index/package_run_dependencies/rosidl_runtime_cpp
[2.805s] -- Up-to-date: /workspace/towen/install/rosidl_runtime_cpp/share/ament_index/resource_index/parent_prefix_path/rosidl_runtime_cpp
[2.806s] -- Up-to-date: /workspace/towen/install/rosidl_runtime_cpp/share/rosidl_runtime_cpp/environment/ament_prefix_path.sh
[2.806s] -- Up-to-date: /workspace/towen/install/rosidl_runtime_cpp/share/rosidl_runtime_cpp/environment/ament_prefix_path.dsv
[2.806s] -- Up-to-date: /workspace/towen/install/rosidl_runtime_cpp/share/rosidl_runtime_cpp/environment/path.sh
[2.806s] -- Up-to-date: /workspace/towen/install/rosidl_runtime_cpp/share/rosidl_runtime_cpp/environment/path.dsv
[2.806s] -- Up-to-date: /workspace/towen/install/rosidl_runtime_cpp/share/rosidl_runtime_cpp/local_setup.bash
[2.809s] -- Up-to-date: /workspace/towen/install/rosidl_runtime_cpp/share/rosidl_runtime_cpp/local_setup.sh
[2.812s] -- Up-to-date: /workspace/towen/install/rosidl_runtime_cpp/share/rosidl_runtime_cpp/local_setup.zsh
[2.812s] -- Up-to-date: /workspace/towen/install/rosidl_runtime_cpp/share/rosidl_runtime_cpp/local_setup.dsv
[2.812s] -- Installing: /workspace/towen/install/rosidl_runtime_cpp/share/rosidl_runtime_cpp/package.dsv
[2.838s] -- Up-to-date: /workspace/towen/install/rosidl_runtime_cpp/share/ament_index/resource_index/packages/rosidl_runtime_cpp
[2.838s] -- Up-to-date: /workspace/towen/install/rosidl_runtime_cpp/share/rosidl_runtime_cpp/cmake/rosidl_runtime_cppExport.cmake
[2.839s] -- Up-to-date: /workspace/towen/install/rosidl_runtime_cpp/share/rosidl_runtime_cpp/cmake/ament_cmake_export_include_directories-extras.cmake
[2.839s] -- Up-to-date: /workspace/towen/install/rosidl_runtime_cpp/share/rosidl_runtime_cpp/cmake/ament_cmake_export_targets-extras.cmake
[2.839s] -- Up-to-date: /workspace/towen/install/rosidl_runtime_cpp/share/rosidl_runtime_cpp/cmake/ament_cmake_export_dependencies-extras.cmake
[2.839s] -- Up-to-date: /workspace/towen/install/rosidl_runtime_cpp/share/rosidl_runtime_cpp/cmake/rosidl_runtime_cppConfig.cmake
[2.839s] -- Up-to-date: /workspace/towen/install/rosidl_runtime_cpp/share/rosidl_runtime_cpp/cmake/rosidl_runtime_cppConfig-version.cmake
[2.839s] -- Up-to-date: /workspace/towen/install/rosidl_runtime_cpp/share/rosidl_runtime_cpp/package.xml
[3.060s] Invoked command in '/workspace/towen/build/rosidl_runtime_cpp' returned '0': BYOBU_DATE=%Y-%m-%d CMAKE_PREFIX_PATH=/workspace/towen/install/rosidl_runtime_c:/workspace/towen/install/rosidl_typesupport_interface:/workspace/towen/install/zed_ros2:/workspace/towen/install/zed_wrapper:/workspace/towen/install/zed_components:/workspace/towen/install/web_video_server:/workspace/towen/install/vision_opencv:/workspace/towen/install/usb_cam:/workspace/towen/install/tku_msgs:/workspace/towen/install/rosidl_typesupport_introspection_tests:/workspace/towen/install/rosidl_typesupport_introspection_cpp:/workspace/towen/install/rosidl_typesupport_introspection_c:/workspace/towen/install/rosidl_generator_cpp:/workspace/towen/install/rosidl_runtime_cpp:/workspace/towen/install/rosidl_generator_c:/workspace/towen/install/rosidl_cmake:/workspace/towen/install/rosidl_parser:/workspace/towen/install/rosidl_adapter:/workspace/towen/install/image_geometry:/workspace/towen/install/cv_bridge:/opt/ros/humble/install:/workspace/towen/install/strategy:/workspace/towen/install/rosidl_cli:/workspace/towen/install/opencv_tests:/workspace/towen/install/motionpackage:/workspace/towen/install/imageprocess:/opt/ros/humble LD_LIBRARY_PATH=/workspace/towen/install/rosidl_runtime_c/lib:/workspace/towen/install/zed_components/lib:/workspace/towen/install/usb_cam/lib:/workspace/towen/install/tku_msgs/lib:/workspace/towen/install/rosidl_typesupport_introspection_cpp/lib:/workspace/towen/install/rosidl_typesupport_introspection_c/lib:/workspace/towen/install/image_geometry/lib:/workspace/towen/install/cv_bridge/lib:/opt/ros/humble/opt/rviz_ogre_vendor/lib:/opt/ros/humble/lib/aarch64-linux-gnu:/opt/ros/humble/lib:/opt/ros/humble/install/opt/rviz_ogre_vendor/lib:/opt/ros/humble/install/lib:/usr/local/cuda/compat:/usr/local/cuda/lib64 /usr/local/bin/cmake --install /workspace/towen/build/rosidl_runtime_cpp
