[3.014s] Invoking command in '/workspace/towen/build/imageprocess': BYOBU_DATE=%Y-%m-%d PYTHONPATH=/workspace/towen/build/imageprocess/prefix_override:/usr/lib/python3/dist-packages/colcon_core/task/python/colcon_distutils_commands:/workspace/towen/install/imageprocess/lib/python3.10/site-packages:${PYTHONPATH} /usr/bin/python3 -W ignore:setup.py install is deprecated setup.py develop --editable --build-directory /workspace/towen/build/imageprocess/build --no-deps symlink_data --force
[4.338s] running develop
[4.338s] /usr/local/lib/python3.10/dist-packages/setuptools/command/develop.py:41: EasyInstallDeprecationWarning: easy_install command is deprecated.
[4.338s] !!
[4.339s] 
[4.339s]         ********************************************************************************
[4.339s]         Please avoid running ``setup.py`` and ``easy_install``.
[4.339s]         Instead, use pypa/build, pypa/installer or other
[4.339s]         standards-based tools.
[4.339s] 
[4.339s]         See https://github.com/pypa/setuptools/issues/917 for details.
[4.340s]         ********************************************************************************
[4.340s] 
[4.340s] !!
[4.340s]   easy_install.initialize_options(self)
[5.075s] running egg_info
[5.117s] writing imageprocess.egg-info/PKG-INFO
[5.121s] writing dependency_links to imageprocess.egg-info/dependency_links.txt
[5.121s] writing entry points to imageprocess.egg-info/entry_points.txt
[5.121s] writing requirements to imageprocess.egg-info/requires.txt
[5.125s] writing top-level names to imageprocess.egg-info/top_level.txt
[5.211s] reading manifest file 'imageprocess.egg-info/SOURCES.txt'
[5.214s] writing manifest file 'imageprocess.egg-info/SOURCES.txt'
[5.373s] running build_ext
[5.374s] Creating /workspace/towen/install/imageprocess/lib/python3.10/site-packages/imageprocess.egg-link (link to .)
[5.384s] Installing image script to /workspace/towen/install/imageprocess/lib/imageprocess
[5.384s] Installing image_test script to /workspace/towen/install/imageprocess/lib/imageprocess
[5.384s] Installing imageprocess script to /workspace/towen/install/imageprocess/lib/imageprocess
[5.384s] 
[5.385s] Installed /workspace/towen/build/imageprocess
[5.385s] running symlink_data
[5.385s] symbolically linking /workspace/towen/build/imageprocess/resource/imageprocess -> /workspace/towen/install/imageprocess/share/ament_index/resource_index/packages
[5.385s] symbolically linking /workspace/towen/build/imageprocess/package.xml -> /workspace/towen/install/imageprocess/share/imageprocess
