[2.357s] Invoking command in '/workspace/towen/src/motionpackage': BYOBU_DATE=%Y-%m-%d PYTHONPATH=/workspace/towen/build/motionpackage/prefix_override:/usr/lib/python3/dist-packages/colcon_core/task/python/colcon_distutils_commands:/workspace/towen/install/motionpackage/lib/python3.10/site-packages:${PYTHONPATH} /usr/bin/python3 -W ignore:setup.py install is deprecated setup.py egg_info --egg-base ../../build/motionpackage build --build-base /workspace/towen/build/motionpackage/build install --record /workspace/towen/build/motionpackage/install.log --single-version-externally-managed install_data
[3.012s] running egg_info
[3.047s] writing ../../build/motionpackage/motionpackage.egg-info/PKG-INFO
[3.049s] writing dependency_links to ../../build/motionpackage/motionpackage.egg-info/dependency_links.txt
[3.049s] writing entry points to ../../build/motionpackage/motionpackage.egg-info/entry_points.txt
[3.049s] writing requirements to ../../build/motionpackage/motionpackage.egg-info/requires.txt
[3.050s] writing top-level names to ../../build/motionpackage/motionpackage.egg-info/top_level.txt
[3.120s] reading manifest file '../../build/motionpackage/motionpackage.egg-info/SOURCES.txt'
[3.121s] adding license file 'LICENSE'
[3.124s] writing manifest file '../../build/motionpackage/motionpackage.egg-info/SOURCES.txt'
[3.124s] running build
[3.124s] running build_py
[3.125s] copying motionpackage/opencr_imu.py -> /workspace/towen/build/motionpackage/build/lib/motionpackage
[3.126s] copying motionpackage/test.py -> /workspace/towen/build/motionpackage/build/lib/motionpackage
[3.126s] copying motionpackage/__init__.py -> /workspace/towen/build/motionpackage/build/lib/motionpackage
[3.126s] copying motionpackage/import struct.py -> /workspace/towen/build/motionpackage/build/lib/motionpackage
[3.127s] copying motionpackage/walking.py -> /workspace/towen/build/motionpackage/build/lib/motionpackage
[3.127s] copying motionpackage/motionpackage.py -> /workspace/towen/build/motionpackage/build/lib/motionpackage
[3.129s] running install
[3.140s] running install_lib
[3.181s] running install_data
[3.182s] copying resource/motionpackage -> /workspace/towen/install/motionpackage/share/ament_index/resource_index/packages
[3.182s] copying package.xml -> /workspace/towen/install/motionpackage/share/motionpackage
[3.182s] running install_egg_info
[3.220s] removing '/workspace/towen/install/motionpackage/lib/python3.10/site-packages/motionpackage-0.0.0-py3.10.egg-info' (and everything under it)
[3.221s] Copying ../../build/motionpackage/motionpackage.egg-info to /workspace/towen/install/motionpackage/lib/python3.10/site-packages/motionpackage-0.0.0-py3.10.egg-info
[3.223s] running install_scripts
[3.536s] Installing motionpackage script to /workspace/towen/install/motionpackage/lib/motionpackage
[3.537s] writing list of installed files to '/workspace/towen/build/motionpackage/install.log'
[3.651s] Invoked command in '/workspace/towen/src/motionpackage' returned '0': BYOBU_DATE=%Y-%m-%d PYTHONPATH=/workspace/towen/build/motionpackage/prefix_override:/usr/lib/python3/dist-packages/colcon_core/task/python/colcon_distutils_commands:/workspace/towen/install/motionpackage/lib/python3.10/site-packages:${PYTHONPATH} /usr/bin/python3 -W ignore:setup.py install is deprecated setup.py egg_info --egg-base ../../build/motionpackage build --build-base /workspace/towen/build/motionpackage/build install --record /workspace/towen/build/motionpackage/install.log --single-version-externally-managed install_data
