-- The C compiler identification is GNU 11.4.0
-- The CXX compiler identification is GNU 11.4.0
-- Detecting C compiler ABI info
-- Detecting C compiler ABI info - done
-- Check for working C compiler: /usr/bin/cc - skipped
-- Detecting C compile features
-- Detecting C compile features - done
-- Detecting CXX compiler ABI info
-- Detecting CXX compiler ABI info - done
-- Check for working CXX compiler: /usr/bin/c++ - skipped
-- Detecting CXX compile features
-- Detecting CXX compile features - done
-- Found ament_cmake: 1.3.10 (/opt/ros/humble/install/share/ament_cmake/cmake)
-- Found Python3: /usr/local/bin/python3 (found version "3.10.12") found components: Interpreter
-- Found rosidl_default_generators: 1.2.0 (/opt/ros/humble/install/share/rosidl_default_generators/cmake)
-- Using all available rosidl_typesupport_c: rosidl_typesupport_fastrtps_c;rosidl_typesupport_introspection_c
-- Found rosidl_adapter: 3.1.5 (/opt/ros/humble/install/share/rosidl_adapter/cmake)
-- Using all available rosidl_typesupport_cpp: rosidl_typesupport_fastrtps_cpp;rosidl_typesupport_introspection_cpp
-- Found std_msgs: 4.2.4 (/opt/ros/humble/install/share/std_msgs/cmake)
-- Found ament_cmake_ros: 0.10.0 (/opt/ros/humble/install/share/ament_cmake_ros/cmake)
-- Using all available rosidl_typesupport_c: rosidl_typesupport_fastrtps_c;rosidl_typesupport_introspection_c
-- Using all available rosidl_typesupport_cpp: rosidl_typesupport_fastrtps_cpp;rosidl_typesupport_introspection_cpp
-- Found PythonInterp: /usr/local/bin/python3 (found suitable version "3.10.12", minimum required is "3.6")
-- Found python_cmake_module: 0.10.0 (/opt/ros/humble/install/share/python_cmake_module/cmake)
-- Found PythonLibs: /usr/lib/aarch64-linux-gnu/libpython3.10.so (found suitable version "3.10.12", minimum required is "3.5")
-- Using PYTHON_EXECUTABLE: /usr/local/bin/python3
-- Using PYTHON_INCLUDE_DIRS: /usr/include/python3.10
-- Using PYTHON_LIBRARIES: /usr/lib/aarch64-linux-gnu/libpython3.10.so
-- Found PythonExtra: .so
-- Found ament_lint_auto: 0.12.11 (/opt/ros/humble/install/share/ament_lint_auto/cmake)
-- Added test 'lint_cmake' to check CMake code style
-- Added test 'xmllint' to check XML markup files
-- Configuring done (7.4s)
-- Generating done (0.4s)
-- Build files have been written to: /workspace/towen/build/tku_msgs
[  1%] [34m[1mGenerating C code for ROS interfaces[0m
[  1%] [34m[1mGenerating C++ code for ROS interfaces[0m
[  1%] Built target ament_cmake_python_copy_tku_msgs
running egg_info
creating tku_msgs.egg-info
writing tku_msgs.egg-info/PKG-INFO
writing dependency_links to tku_msgs.egg-info/dependency_links.txt
writing top-level names to tku_msgs.egg-info/top_level.txt
writing manifest file 'tku_msgs.egg-info/SOURCES.txt'
reading manifest file 'tku_msgs.egg-info/SOURCES.txt'
writing manifest file 'tku_msgs.egg-info/SOURCES.txt'
[  1%] Built target ament_cmake_python_build_tku_msgs_egg
[  1%] [32mBuilding C object CMakeFiles/tku_msgs__rosidl_generator_c.dir/rosidl_generator_c/tku_msgs/msg/detail/button_color_form__functions.c.o[0m
[  1%] [32mBuilding C object CMakeFiles/tku_msgs__rosidl_generator_c.dir/rosidl_generator_c/tku_msgs/msg/detail/color_array__functions.c.o[0m
[  2%] [32mBuilding C object CMakeFiles/tku_msgs__rosidl_generator_c.dir/rosidl_generator_c/tku_msgs/msg/detail/color_data__functions.c.o[0m
[  2%] [32mBuilding C object CMakeFiles/tku_msgs__rosidl_generator_c.dir/rosidl_generator_c/tku_msgs/msg/detail/draw_image__functions.c.o[0m
[  2%] [32mBuilding C object CMakeFiles/tku_msgs__rosidl_generator_c.dir/rosidl_generator_c/tku_msgs/msg/detail/hsv_value__functions.c.o[0m
[  3%] [32mBuilding C object CMakeFiles/tku_msgs__rosidl_generator_c.dir/rosidl_generator_c/tku_msgs/msg/detail/label_model_object_list__functions.c.o[0m
[  3%] [32mBuilding C object CMakeFiles/tku_msgs__rosidl_generator_c.dir/rosidl_generator_c/tku_msgs/msg/detail/object_list__functions.c.o[0m
[  3%] [32mBuilding C object CMakeFiles/tku_msgs__rosidl_generator_c.dir/rosidl_generator_c/tku_msgs/msg/detail/camera__functions.c.o[0m
[  4%] [32mBuilding C object CMakeFiles/tku_msgs__rosidl_generator_c.dir/rosidl_generator_c/tku_msgs/msg/detail/camera_save__functions.c.o[0m
[  4%] [32mBuilding C object CMakeFiles/tku_msgs__rosidl_generator_c.dir/rosidl_generator_c/tku_msgs/msg/detail/location__functions.c.o[0m
[  4%] [32mBuilding C object CMakeFiles/tku_msgs__rosidl_generator_c.dir/rosidl_generator_c/tku_msgs/msg/detail/dio__functions.c.o[0m
[  5%] [32mBuilding C object CMakeFiles/tku_msgs__rosidl_generator_c.dir/rosidl_generator_c/tku_msgs/msg/detail/parameter__functions.c.o[0m
[  5%] [32mBuilding C object CMakeFiles/tku_msgs__rosidl_generator_c.dir/rosidl_generator_c/tku_msgs/msg/detail/interface__functions.c.o[0m
[  5%] [32mBuilding C object CMakeFiles/tku_msgs__rosidl_generator_c.dir/rosidl_generator_c/tku_msgs/msg/detail/parametermessage__functions.c.o[0m
[  6%] [32mBuilding C object CMakeFiles/tku_msgs__rosidl_generator_c.dir/rosidl_generator_c/tku_msgs/msg/detail/callback__functions.c.o[0m
[  6%] [32mBuilding C object CMakeFiles/tku_msgs__rosidl_generator_c.dir/rosidl_generator_c/tku_msgs/msg/detail/head_package__functions.c.o[0m
[  6%] [32mBuilding C object CMakeFiles/tku_msgs__rosidl_generator_c.dir/rosidl_generator_c/tku_msgs/msg/detail/interface_send2_sector__functions.c.o[0m
[  7%] [32mBuilding C object CMakeFiles/tku_msgs__rosidl_generator_c.dir/rosidl_generator_c/tku_msgs/msg/detail/pi_dpackage__functions.c.o[0m
[  7%] [32mBuilding C object CMakeFiles/tku_msgs__rosidl_generator_c.dir/rosidl_generator_c/tku_msgs/msg/detail/sand_hand_speed__functions.c.o[0m
[  8%] [32mBuilding C object CMakeFiles/tku_msgs__rosidl_generator_c.dir/rosidl_generator_c/tku_msgs/msg/detail/save_motion_vector__functions.c.o[0m
[  8%] [32mBuilding C object CMakeFiles/tku_msgs__rosidl_generator_c.dir/rosidl_generator_c/tku_msgs/msg/detail/save_motion__functions.c.o[0m
[  8%] [32mBuilding C object CMakeFiles/tku_msgs__rosidl_generator_c.dir/rosidl_generator_c/tku_msgs/msg/detail/sensor_package__functions.c.o[0m
[  8%] [32mBuilding C object CMakeFiles/tku_msgs__rosidl_generator_c.dir/rosidl_generator_c/tku_msgs/msg/detail/sensor_set__functions.c.o[0m
[  9%] [32mBuilding C object CMakeFiles/tku_msgs__rosidl_generator_c.dir/rosidl_generator_c/tku_msgs/msg/detail/single_motor_data__functions.c.o[0m
[  9%] [32mBuilding C object CMakeFiles/tku_msgs__rosidl_generator_c.dir/rosidl_generator_c/tku_msgs/msg/detail/walkingmessage__functions.c.o[0m
[  9%] [32mBuilding C object CMakeFiles/tku_msgs__rosidl_generator_c.dir/rosidl_generator_c/tku_msgs/srv/detail/build_model__functions.c.o[0m
[ 10%] [32mBuilding C object CMakeFiles/tku_msgs__rosidl_generator_c.dir/rosidl_generator_c/tku_msgs/srv/detail/hsv_info__functions.c.o[0m
[ 10%] [32mBuilding C object CMakeFiles/tku_msgs__rosidl_generator_c.dir/rosidl_generator_c/tku_msgs/srv/detail/save_hsv__functions.c.o[0m
[ 10%] [32mBuilding C object CMakeFiles/tku_msgs__rosidl_generator_c.dir/rosidl_generator_c/tku_msgs/srv/detail/add__functions.c.o[0m
[ 11%] [32mBuilding C object CMakeFiles/tku_msgs__rosidl_generator_c.dir/rosidl_generator_c/tku_msgs/srv/detail/camera_info__functions.c.o[0m
[ 11%] [32mBuilding C object CMakeFiles/tku_msgs__rosidl_generator_c.dir/rosidl_generator_c/tku_msgs/srv/detail/read_motion__functions.c.o[0m
[ 12%] [32mBuilding C object CMakeFiles/tku_msgs__rosidl_generator_c.dir/rosidl_generator_c/tku_msgs/srv/detail/send_hand_speed__functions.c.o[0m
[ 12%] [32mBuilding C object CMakeFiles/tku_msgs__rosidl_generator_c.dir/rosidl_generator_c/tku_msgs/srv/detail/check_sector__functions.c.o[0m
[ 12%] [32mBuilding C object CMakeFiles/tku_msgs__rosidl_generator_c.dir/rosidl_generator_c/tku_msgs/srv/detail/walking_gait_parameter__functions.c.o[0m
[ 12%] [32m[1mLinking C shared library libtku_msgs__rosidl_generator_c.so[0m
[ 12%] Built target tku_msgs__rosidl_generator_c
