[3.887s] Invoking command in '/workspace/towen/src/motionpackage': BYOBU_DATE=%Y-%m-%d PYTHONPATH=/workspace/towen/build/motionpackage/prefix_override:/usr/lib/python3/dist-packages/colcon_core/task/python/colcon_distutils_commands:/workspace/towen/install/motionpackage/lib/python3.10/site-packages:${PYTHONPATH} /usr/bin/python3 -W ignore:setup.py install is deprecated setup.py egg_info --egg-base ../../build/motionpackage build --build-base /workspace/towen/build/motionpackage/build install --record /workspace/towen/build/motionpackage/install.log --single-version-externally-managed install_data
[5.020s] running egg_info
[5.084s] writing ../../build/motionpackage/motionpackage.egg-info/PKG-INFO
[5.085s] writing dependency_links to ../../build/motionpackage/motionpackage.egg-info/dependency_links.txt
[5.086s] writing entry points to ../../build/motionpackage/motionpackage.egg-info/entry_points.txt
[5.087s] writing requirements to ../../build/motionpackage/motionpackage.egg-info/requires.txt
[5.089s] writing top-level names to ../../build/motionpackage/motionpackage.egg-info/top_level.txt
[5.263s] reading manifest file '../../build/motionpackage/motionpackage.egg-info/SOURCES.txt'
[5.271s] adding license file 'LICENSE'
[5.273s] writing manifest file '../../build/motionpackage/motionpackage.egg-info/SOURCES.txt'
[5.273s] running build
[5.273s] running build_py
[5.274s] copying motionpackage/opencr_imu.py -> /workspace/towen/build/motionpackage/build/lib/motionpackage
[5.289s] copying motionpackage/test.py -> /workspace/towen/build/motionpackage/build/lib/motionpackage
[5.290s] copying motionpackage/__init__.py -> /workspace/towen/build/motionpackage/build/lib/motionpackage
[5.291s] copying motionpackage/import struct.py -> /workspace/towen/build/motionpackage/build/lib/motionpackage
[5.291s] copying motionpackage/walking.py -> /workspace/towen/build/motionpackage/build/lib/motionpackage
[5.292s] copying motionpackage/motionpackage.py -> /workspace/towen/build/motionpackage/build/lib/motionpackage
[5.295s] running install
[5.309s] running install_lib
[5.369s] running install_data
[5.371s] copying resource/motionpackage -> /workspace/towen/install/motionpackage/share/ament_index/resource_index/packages
[5.372s] copying package.xml -> /workspace/towen/install/motionpackage/share/motionpackage
[5.374s] running install_egg_info
[5.430s] removing '/workspace/towen/install/motionpackage/lib/python3.10/site-packages/motionpackage-0.0.0-py3.10.egg-info' (and everything under it)
[5.432s] Copying ../../build/motionpackage/motionpackage.egg-info to /workspace/towen/install/motionpackage/lib/python3.10/site-packages/motionpackage-0.0.0-py3.10.egg-info
[5.433s] running install_scripts
[5.982s] Installing motionpackage script to /workspace/towen/install/motionpackage/lib/motionpackage
[5.983s] writing list of installed files to '/workspace/towen/build/motionpackage/install.log'
[6.804s] Invoked command in '/workspace/towen/src/motionpackage' returned '0': BYOBU_DATE=%Y-%m-%d PYTHONPATH=/workspace/towen/build/motionpackage/prefix_override:/usr/lib/python3/dist-packages/colcon_core/task/python/colcon_distutils_commands:/workspace/towen/install/motionpackage/lib/python3.10/site-packages:${PYTHONPATH} /usr/bin/python3 -W ignore:setup.py install is deprecated setup.py egg_info --egg-base ../../build/motionpackage build --build-base /workspace/towen/build/motionpackage/build install --record /workspace/towen/build/motionpackage/install.log --single-version-externally-managed install_data
