[0.064s] Invoking command in '/workspace/towen/build/rosidl_adapter': AMENT_PREFIX_PATH=/workspace/towen/install/rosidl_cli:/workspace/towen/install/zed_ros2:/workspace/towen/install/zed_wrapper:/workspace/towen/install/zed_components:/workspace/towen/install/webrtc_ros_msgs:/workspace/towen/install/web_video_server:/workspace/towen/install/vision_opencv:/workspace/towen/install/usb_cam:/workspace/towen/install/tku_msgs:/workspace/towen/install/strategy:/workspace/towen/install/rosidl_typesupport_introspection_tests:/workspace/towen/install/rosidl_typesupport_introspection_cpp:/workspace/towen/install/rosidl_typesupport_introspection_c:/workspace/towen/install/rosidl_generator_cpp:/workspace/towen/install/rosidl_runtime_cpp:/workspace/towen/install/rosidl_runtime_c:/workspace/towen/install/rosidl_generator_c:/workspace/towen/install/rosidl_typesupport_interface:/workspace/towen/install/rosidl_cmake:/workspace/towen/install/rosidl_parser:/workspace/towen/install/rosidl_adapter:/workspace/towen/install/opencv_tests:/workspace/towen/install/motionpackage:/workspace/towen/install/imageprocess:/workspace/towen/install/image_geometry:/workspace/towen/install/cv_bridge:/opt/ros/humble BYOBU_DATE=%Y-%m-%d CMAKE_PREFIX_PATH=${CMAKE_PREFIX_PATH}:/workspace/towen/install/strategy:/workspace/towen/install/rosidl_cli:/workspace/towen/install/opencv_tests:/workspace/towen/install/motionpackage:/workspace/towen/install/imageprocess:/opt/ros/humble PYTHONPATH=/workspace/towen/install/rosidl_cli/lib/python3.10/site-packages:/workspace/towen/install/webrtc_ros_msgs/local/lib/python3.10/dist-packages:/workspace/towen/install/tku_msgs/local/lib/python3.10/dist-packages:/workspace/towen/install/strategy/lib/python3.10/site-packages:/workspace/towen/install/rosidl_typesupport_introspection_cpp/local/lib/python3.10/dist-packages:/workspace/towen/install/rosidl_typesupport_introspection_c/local/lib/python3.10/dist-packages:/workspace/towen/install/rosidl_generator_cpp/local/lib/python3.10/dist-packages:/workspace/towen/install/rosidl_generator_c/local/lib/python3.10/dist-packages:/workspace/towen/install/rosidl_cmake/local/lib/python3.10/dist-packages:/workspace/towen/install/rosidl_parser/local/lib/python3.10/dist-packages:/workspace/towen/install/rosidl_adapter/local/lib/python3.10/dist-packages:/workspace/towen/install/opencv_tests/lib/python3.10/site-packages:/workspace/towen/install/motionpackage/lib/python3.10/site-packages:/workspace/towen/install/imageprocess/lib/python3.10/site-packages:/workspace/towen/install/image_geometry/local/lib/python3.10/dist-packages:/workspace/towen/install/cv_bridge/local/lib/python3.10/dist-packages:/opt/ros/humble/lib/python3.10/site-packages:/opt/ros/humble/local/lib/python3.10/dist-packages /usr/local/bin/cmake --build /workspace/towen/build/rosidl_adapter -- -j6 -l6
[0.359s] Built target ament_cmake_python_symlink_rosidl_adapter
[0.360s] Built target ament_cmake_python_symlink_rosidl_adapter_setup
[0.994s] running egg_info
[1.032s] writing rosidl_adapter.egg-info/PKG-INFO
[1.033s] writing dependency_links to rosidl_adapter.egg-info/dependency_links.txt
[1.035s] writing entry points to rosidl_adapter.egg-info/entry_points.txt
[1.035s] writing top-level names to rosidl_adapter.egg-info/top_level.txt
[1.147s] reading manifest file 'rosidl_adapter.egg-info/SOURCES.txt'
[1.152s] writing manifest file 'rosidl_adapter.egg-info/SOURCES.txt'
[1.246s] Built target ament_cmake_python_build_rosidl_adapter_egg
[1.297s] Invoked command in '/workspace/towen/build/rosidl_adapter' returned '0': AMENT_PREFIX_PATH=/workspace/towen/install/rosidl_cli:/workspace/towen/install/zed_ros2:/workspace/towen/install/zed_wrapper:/workspace/towen/install/zed_components:/workspace/towen/install/webrtc_ros_msgs:/workspace/towen/install/web_video_server:/workspace/towen/install/vision_opencv:/workspace/towen/install/usb_cam:/workspace/towen/install/tku_msgs:/workspace/towen/install/strategy:/workspace/towen/install/rosidl_typesupport_introspection_tests:/workspace/towen/install/rosidl_typesupport_introspection_cpp:/workspace/towen/install/rosidl_typesupport_introspection_c:/workspace/towen/install/rosidl_generator_cpp:/workspace/towen/install/rosidl_runtime_cpp:/workspace/towen/install/rosidl_runtime_c:/workspace/towen/install/rosidl_generator_c:/workspace/towen/install/rosidl_typesupport_interface:/workspace/towen/install/rosidl_cmake:/workspace/towen/install/rosidl_parser:/workspace/towen/install/rosidl_adapter:/workspace/towen/install/opencv_tests:/workspace/towen/install/motionpackage:/workspace/towen/install/imageprocess:/workspace/towen/install/image_geometry:/workspace/towen/install/cv_bridge:/opt/ros/humble BYOBU_DATE=%Y-%m-%d CMAKE_PREFIX_PATH=${CMAKE_PREFIX_PATH}:/workspace/towen/install/strategy:/workspace/towen/install/rosidl_cli:/workspace/towen/install/opencv_tests:/workspace/towen/install/motionpackage:/workspace/towen/install/imageprocess:/opt/ros/humble PYTHONPATH=/workspace/towen/install/rosidl_cli/lib/python3.10/site-packages:/workspace/towen/install/webrtc_ros_msgs/local/lib/python3.10/dist-packages:/workspace/towen/install/tku_msgs/local/lib/python3.10/dist-packages:/workspace/towen/install/strategy/lib/python3.10/site-packages:/workspace/towen/install/rosidl_typesupport_introspection_cpp/local/lib/python3.10/dist-packages:/workspace/towen/install/rosidl_typesupport_introspection_c/local/lib/python3.10/dist-packages:/workspace/towen/install/rosidl_generator_cpp/local/lib/python3.10/dist-packages:/workspace/towen/install/rosidl_generator_c/local/lib/python3.10/dist-packages:/workspace/towen/install/rosidl_cmake/local/lib/python3.10/dist-packages:/workspace/towen/install/rosidl_parser/local/lib/python3.10/dist-packages:/workspace/towen/install/rosidl_adapter/local/lib/python3.10/dist-packages:/workspace/towen/install/opencv_tests/lib/python3.10/site-packages:/workspace/towen/install/motionpackage/lib/python3.10/site-packages:/workspace/towen/install/imageprocess/lib/python3.10/site-packages:/workspace/towen/install/image_geometry/local/lib/python3.10/dist-packages:/workspace/towen/install/cv_bridge/local/lib/python3.10/dist-packages:/opt/ros/humble/lib/python3.10/site-packages:/opt/ros/humble/local/lib/python3.10/dist-packages /usr/local/bin/cmake --build /workspace/towen/build/rosidl_adapter -- -j6 -l6
[1.635s] Invoking command in '/workspace/towen/build/rosidl_adapter': AMENT_PREFIX_PATH=/workspace/towen/install/rosidl_cli:/workspace/towen/install/zed_ros2:/workspace/towen/install/zed_wrapper:/workspace/towen/install/zed_components:/workspace/towen/install/webrtc_ros_msgs:/workspace/towen/install/web_video_server:/workspace/towen/install/vision_opencv:/workspace/towen/install/usb_cam:/workspace/towen/install/tku_msgs:/workspace/towen/install/strategy:/workspace/towen/install/rosidl_typesupport_introspection_tests:/workspace/towen/install/rosidl_typesupport_introspection_cpp:/workspace/towen/install/rosidl_typesupport_introspection_c:/workspace/towen/install/rosidl_generator_cpp:/workspace/towen/install/rosidl_runtime_cpp:/workspace/towen/install/rosidl_runtime_c:/workspace/towen/install/rosidl_generator_c:/workspace/towen/install/rosidl_typesupport_interface:/workspace/towen/install/rosidl_cmake:/workspace/towen/install/rosidl_parser:/workspace/towen/install/rosidl_adapter:/workspace/towen/install/opencv_tests:/workspace/towen/install/motionpackage:/workspace/towen/install/imageprocess:/workspace/towen/install/image_geometry:/workspace/towen/install/cv_bridge:/opt/ros/humble BYOBU_DATE=%Y-%m-%d CMAKE_PREFIX_PATH=${CMAKE_PREFIX_PATH}:/workspace/towen/install/strategy:/workspace/towen/install/rosidl_cli:/workspace/towen/install/opencv_tests:/workspace/towen/install/motionpackage:/workspace/towen/install/imageprocess:/opt/ros/humble PYTHONPATH=/workspace/towen/install/rosidl_cli/lib/python3.10/site-packages:/workspace/towen/install/webrtc_ros_msgs/local/lib/python3.10/dist-packages:/workspace/towen/install/tku_msgs/local/lib/python3.10/dist-packages:/workspace/towen/install/strategy/lib/python3.10/site-packages:/workspace/towen/install/rosidl_typesupport_introspection_cpp/local/lib/python3.10/dist-packages:/workspace/towen/install/rosidl_typesupport_introspection_c/local/lib/python3.10/dist-packages:/workspace/towen/install/rosidl_generator_cpp/local/lib/python3.10/dist-packages:/workspace/towen/install/rosidl_generator_c/local/lib/python3.10/dist-packages:/workspace/towen/install/rosidl_cmake/local/lib/python3.10/dist-packages:/workspace/towen/install/rosidl_parser/local/lib/python3.10/dist-packages:/workspace/towen/install/rosidl_adapter/local/lib/python3.10/dist-packages:/workspace/towen/install/opencv_tests/lib/python3.10/site-packages:/workspace/towen/install/motionpackage/lib/python3.10/site-packages:/workspace/towen/install/imageprocess/lib/python3.10/site-packages:/workspace/towen/install/image_geometry/local/lib/python3.10/dist-packages:/workspace/towen/install/cv_bridge/local/lib/python3.10/dist-packages:/opt/ros/humble/lib/python3.10/site-packages:/opt/ros/humble/local/lib/python3.10/dist-packages /usr/local/bin/cmake --install /workspace/towen/build/rosidl_adapter
[1.898s] -- Install configuration: "Release"
[1.899s] -- Execute custom install script
[1.901s] -- Up-to-date symlink: /workspace/towen/install/rosidl_adapter/share/rosidl_adapter/environment/pythonpath.sh
[1.905s] -- Up-to-date symlink: /workspace/towen/install/rosidl_adapter/share/rosidl_adapter/environment/pythonpath.dsv
[1.907s] -- Up-to-date symlink: /workspace/towen/install/rosidl_adapter/local/lib/python3.10/dist-packages/rosidl_adapter-3.1.7-py3.10.egg-info/PKG-INFO
[1.907s] -- Up-to-date symlink: /workspace/towen/install/rosidl_adapter/local/lib/python3.10/dist-packages/rosidl_adapter-3.1.7-py3.10.egg-info/SOURCES.txt
[1.907s] -- Up-to-date symlink: /workspace/towen/install/rosidl_adapter/local/lib/python3.10/dist-packages/rosidl_adapter-3.1.7-py3.10.egg-info/dependency_links.txt
[1.907s] -- Up-to-date symlink: /workspace/towen/install/rosidl_adapter/local/lib/python3.10/dist-packages/rosidl_adapter-3.1.7-py3.10.egg-info/entry_points.txt
[1.907s] -- Up-to-date symlink: /workspace/towen/install/rosidl_adapter/local/lib/python3.10/dist-packages/rosidl_adapter-3.1.7-py3.10.egg-info/top_level.txt
[1.908s] -- Up-to-date symlink: /workspace/towen/install/rosidl_adapter/local/lib/python3.10/dist-packages/rosidl_adapter/__init__.py
[1.908s] -- Up-to-date symlink: /workspace/towen/install/rosidl_adapter/local/lib/python3.10/dist-packages/rosidl_adapter/__main__.py
[1.908s] -- Up-to-date symlink: /workspace/towen/install/rosidl_adapter/local/lib/python3.10/dist-packages/rosidl_adapter/action/__init__.py
[1.908s] -- Up-to-date symlink: /workspace/towen/install/rosidl_adapter/local/lib/python3.10/dist-packages/rosidl_adapter/cli.py
[1.908s] -- Up-to-date symlink: /workspace/towen/install/rosidl_adapter/local/lib/python3.10/dist-packages/rosidl_adapter/main.py
[1.908s] -- Up-to-date symlink: /workspace/towen/install/rosidl_adapter/local/lib/python3.10/dist-packages/rosidl_adapter/msg/__init__.py
[1.908s] -- Up-to-date symlink: /workspace/towen/install/rosidl_adapter/local/lib/python3.10/dist-packages/rosidl_adapter/parser.py
[1.909s] -- Up-to-date symlink: /workspace/towen/install/rosidl_adapter/local/lib/python3.10/dist-packages/rosidl_adapter/resource/__init__.py
[1.909s] -- Up-to-date symlink: /workspace/towen/install/rosidl_adapter/local/lib/python3.10/dist-packages/rosidl_adapter/resource/action.idl.em
[1.909s] -- Up-to-date symlink: /workspace/towen/install/rosidl_adapter/local/lib/python3.10/dist-packages/rosidl_adapter/resource/msg.idl.em
[1.909s] -- Up-to-date symlink: /workspace/towen/install/rosidl_adapter/local/lib/python3.10/dist-packages/rosidl_adapter/resource/srv.idl.em
[1.909s] -- Up-to-date symlink: /workspace/towen/install/rosidl_adapter/local/lib/python3.10/dist-packages/rosidl_adapter/resource/struct.idl.em
[1.910s] -- Up-to-date symlink: /workspace/towen/install/rosidl_adapter/local/lib/python3.10/dist-packages/rosidl_adapter/srv/__init__.py
[1.910s] -- Up-to-date symlink: /workspace/towen/install/rosidl_adapter/share/ament_index/resource_index/package_run_dependencies/rosidl_adapter
[1.910s] -- Up-to-date symlink: /workspace/towen/install/rosidl_adapter/share/ament_index/resource_index/parent_prefix_path/rosidl_adapter
[1.911s] -- Up-to-date symlink: /workspace/towen/install/rosidl_adapter/share/rosidl_adapter/environment/ament_prefix_path.sh
[1.911s] -- Up-to-date symlink: /workspace/towen/install/rosidl_adapter/share/rosidl_adapter/environment/ament_prefix_path.dsv
[1.911s] -- Up-to-date symlink: /workspace/towen/install/rosidl_adapter/share/rosidl_adapter/environment/path.sh
[1.911s] -- Up-to-date symlink: /workspace/towen/install/rosidl_adapter/share/rosidl_adapter/environment/path.dsv
[1.911s] -- Up-to-date symlink: /workspace/towen/install/rosidl_adapter/share/rosidl_adapter/local_setup.bash
[1.911s] -- Up-to-date symlink: /workspace/towen/install/rosidl_adapter/share/rosidl_adapter/local_setup.sh
[1.911s] -- Up-to-date symlink: /workspace/towen/install/rosidl_adapter/share/rosidl_adapter/local_setup.zsh
[1.912s] -- Up-to-date symlink: /workspace/towen/install/rosidl_adapter/share/rosidl_adapter/local_setup.dsv
[1.912s] -- Symlinking: /workspace/towen/install/rosidl_adapter/share/rosidl_adapter/package.dsv
[1.917s] -- Up-to-date symlink: /workspace/towen/install/rosidl_adapter/share/ament_index/resource_index/packages/rosidl_adapter
[1.917s] -- Up-to-date symlink: /workspace/towen/install/rosidl_adapter/share/rosidl_adapter/cmake/rosidl_adapter-extras.cmake
[1.917s] -- Up-to-date symlink: /workspace/towen/install/rosidl_adapter/share/rosidl_adapter/cmake/rosidl_adapterConfig.cmake
[1.917s] -- Up-to-date symlink: /workspace/towen/install/rosidl_adapter/share/rosidl_adapter/cmake/rosidl_adapterConfig-version.cmake
[1.918s] -- Up-to-date symlink: /workspace/towen/install/rosidl_adapter/share/rosidl_adapter/package.xml
[1.918s] -- Up-to-date symlink: /workspace/towen/install/rosidl_adapter/share/rosidl_adapter/cmake/rosidl_adapt_interfaces.cmake
[1.930s] -- Up-to-date symlink: /workspace/towen/install/rosidl_adapter/lib/rosidl_adapter/msg2idl.py
[1.930s] -- Up-to-date symlink: /workspace/towen/install/rosidl_adapter/lib/rosidl_adapter/srv2idl.py
[2.040s] Listing '/workspace/towen/install/rosidl_adapter/local/lib/python3.10/dist-packages/rosidl_adapter'...
[2.040s] Listing '/workspace/towen/install/rosidl_adapter/local/lib/python3.10/dist-packages/rosidl_adapter/action'...
[2.040s] Listing '/workspace/towen/install/rosidl_adapter/local/lib/python3.10/dist-packages/rosidl_adapter/msg'...
[2.040s] Listing '/workspace/towen/install/rosidl_adapter/local/lib/python3.10/dist-packages/rosidl_adapter/resource'...
[2.041s] Listing '/workspace/towen/install/rosidl_adapter/local/lib/python3.10/dist-packages/rosidl_adapter/srv'...
[2.088s] Invoked command in '/workspace/towen/build/rosidl_adapter' returned '0': AMENT_PREFIX_PATH=/workspace/towen/install/rosidl_cli:/workspace/towen/install/zed_ros2:/workspace/towen/install/zed_wrapper:/workspace/towen/install/zed_components:/workspace/towen/install/webrtc_ros_msgs:/workspace/towen/install/web_video_server:/workspace/towen/install/vision_opencv:/workspace/towen/install/usb_cam:/workspace/towen/install/tku_msgs:/workspace/towen/install/strategy:/workspace/towen/install/rosidl_typesupport_introspection_tests:/workspace/towen/install/rosidl_typesupport_introspection_cpp:/workspace/towen/install/rosidl_typesupport_introspection_c:/workspace/towen/install/rosidl_generator_cpp:/workspace/towen/install/rosidl_runtime_cpp:/workspace/towen/install/rosidl_runtime_c:/workspace/towen/install/rosidl_generator_c:/workspace/towen/install/rosidl_typesupport_interface:/workspace/towen/install/rosidl_cmake:/workspace/towen/install/rosidl_parser:/workspace/towen/install/rosidl_adapter:/workspace/towen/install/opencv_tests:/workspace/towen/install/motionpackage:/workspace/towen/install/imageprocess:/workspace/towen/install/image_geometry:/workspace/towen/install/cv_bridge:/opt/ros/humble BYOBU_DATE=%Y-%m-%d CMAKE_PREFIX_PATH=${CMAKE_PREFIX_PATH}:/workspace/towen/install/strategy:/workspace/towen/install/rosidl_cli:/workspace/towen/install/opencv_tests:/workspace/towen/install/motionpackage:/workspace/towen/install/imageprocess:/opt/ros/humble PYTHONPATH=/workspace/towen/install/rosidl_cli/lib/python3.10/site-packages:/workspace/towen/install/webrtc_ros_msgs/local/lib/python3.10/dist-packages:/workspace/towen/install/tku_msgs/local/lib/python3.10/dist-packages:/workspace/towen/install/strategy/lib/python3.10/site-packages:/workspace/towen/install/rosidl_typesupport_introspection_cpp/local/lib/python3.10/dist-packages:/workspace/towen/install/rosidl_typesupport_introspection_c/local/lib/python3.10/dist-packages:/workspace/towen/install/rosidl_generator_cpp/local/lib/python3.10/dist-packages:/workspace/towen/install/rosidl_generator_c/local/lib/python3.10/dist-packages:/workspace/towen/install/rosidl_cmake/local/lib/python3.10/dist-packages:/workspace/towen/install/rosidl_parser/local/lib/python3.10/dist-packages:/workspace/towen/install/rosidl_adapter/local/lib/python3.10/dist-packages:/workspace/towen/install/opencv_tests/lib/python3.10/site-packages:/workspace/towen/install/motionpackage/lib/python3.10/site-packages:/workspace/towen/install/imageprocess/lib/python3.10/site-packages:/workspace/towen/install/image_geometry/local/lib/python3.10/dist-packages:/workspace/towen/install/cv_bridge/local/lib/python3.10/dist-packages:/opt/ros/humble/lib/python3.10/site-packages:/opt/ros/humble/local/lib/python3.10/dist-packages /usr/local/bin/cmake --install /workspace/towen/build/rosidl_adapter
